[2021-04-27 20:49:33.111] [jointLog] [info] setting maxHashResizeThreads to 6
[2021-04-27 20:49:33.111] [jointLog] [info] Fragment incompatibility prior below threshold.  Incompatible fragments will be ignored.
[2021-04-27 20:49:33.113] [jointLog] [info] numQuantThreads = 3
[2021-04-27 20:49:35.741] [jointLog] [info] replaced 4 non-ACGT nucleotides with random nucleotides
[2021-04-27 20:49:35.986] [fileLog] [info] quantification processed 0 fragments so far

[2021-04-27 20:49:39.526] [fileLog] [info] quantification processed 1000000 fragments so far

[2021-04-27 20:49:42.473] [fileLog] [info] quantification processed 2000000 fragments so far

[2021-04-27 20:49:43.552] [jointLog] [info] 

The alignment group queue pool has been exhausted.  2845923 extra fragments were allocated on the heap to saturate the pool.  No new fragments will be allocated


[2021-04-27 20:49:55.719] [fileLog] [info] quantification processed 3000000 fragments so far

[2021-04-27 20:50:14.822] [fileLog] [info] quantification processed 4000000 fragments so far

[2021-04-27 20:50:34.124] [fileLog] [info] quantification processed 5000000 fragments so far

[2021-04-27 20:50:53.305] [fileLog] [info] quantification processed 6000000 fragments so far

[2021-04-27 20:51:12.570] [fileLog] [info] quantification processed 7000000 fragments so far

[2021-04-27 20:51:15.742] [fileLog] [info] quantification processed 8000000 fragments so far

[2021-04-27 20:51:19.070] [fileLog] [info] quantification processed 9000000 fragments so far

[2021-04-27 20:51:22.548] [fileLog] [info] quantification processed 10000000 fragments so far

[2021-04-27 20:51:25.873] [fileLog] [info] quantification processed 11000000 fragments so far

[2021-04-27 20:51:29.065] [fileLog] [info] quantification processed 12000000 fragments so far

[2021-04-27 20:51:32.436] [fileLog] [info] quantification processed 13000000 fragments so far

[2021-04-27 20:51:35.662] [fileLog] [info] quantification processed 14000000 fragments so far

[2021-04-27 20:51:38.970] [fileLog] [info] quantification processed 15000000 fragments so far

[2021-04-27 20:51:42.213] [fileLog] [info] quantification processed 16000000 fragments so far

[2021-04-27 20:51:45.521] [fileLog] [info] quantification processed 17000000 fragments so far

[2021-04-27 20:51:48.793] [fileLog] [info] quantification processed 18000000 fragments so far

[2021-04-27 20:51:52.018] [fileLog] [info] quantification processed 19000000 fragments so far

[2021-04-27 20:51:55.172] [fileLog] [info] quantification processed 20000000 fragments so far

[2021-04-27 20:51:58.158] [fileLog] [info] quantification processed 21000000 fragments so far

[2021-04-27 20:52:01.172] [fileLog] [info] quantification processed 22000000 fragments so far

[2021-04-27 20:52:04.364] [fileLog] [info] quantification processed 23000000 fragments so far

[2021-04-27 20:52:07.667] [fileLog] [info] quantification processed 24000000 fragments so far

[2021-04-27 20:52:10.969] [fileLog] [info] quantification processed 25000000 fragments so far

[2021-04-27 20:52:14.215] [fileLog] [info] quantification processed 26000000 fragments so far

[2021-04-27 20:52:17.469] [fileLog] [info] quantification processed 27000000 fragments so far

[2021-04-27 20:52:20.526] [fileLog] [info] quantification processed 28000000 fragments so far

[2021-04-27 20:52:23.503] [fileLog] [info] quantification processed 29000000 fragments so far

[2021-04-27 20:52:27.239] [fileLog] [info] quantification processed 30000000 fragments so far

[2021-04-27 20:52:31.211] [fileLog] [info] quantification processed 31000000 fragments so far

[2021-04-27 20:52:34.500] [fileLog] [info] quantification processed 32000000 fragments so far

[2021-04-27 20:52:37.806] [fileLog] [info] quantification processed 33000000 fragments so far

[2021-04-27 20:52:40.969] [fileLog] [info] quantification processed 34000000 fragments so far

[2021-04-27 20:52:43.953] [fileLog] [info] quantification processed 35000000 fragments so far

[2021-04-27 20:52:46.848] [fileLog] [info] quantification processed 36000000 fragments so far

[2021-04-27 20:52:50.021] [fileLog] [info] quantification processed 37000000 fragments so far

[2021-04-27 20:52:53.303] [fileLog] [info] quantification processed 38000000 fragments so far

[2021-04-27 20:52:56.641] [fileLog] [info] quantification processed 39000000 fragments so far

[2021-04-27 20:52:59.692] [fileLog] [info] quantification processed 40000000 fragments so far

[2021-04-27 20:53:02.861] [fileLog] [info] quantification processed 41000000 fragments so far

[2021-04-27 20:53:04.883] [fileLog] [info] quantification processed 41624952 fragments so far

[2021-04-27 20:53:11.190] [jointLog] [info] Thread saw mini-batch with a maximum of 1.60% zero probability fragments
[2021-04-27 20:53:11.190] [jointLog] [info] Thread saw mini-batch with a maximum of 1.30% zero probability fragments
[2021-04-27 20:53:11.191] [jointLog] [info] Thread saw mini-batch with a maximum of 1.50% zero probability fragments
[2021-04-27 20:53:11.192] [jointLog] [info] 


Completed first pass through the alignment file.
Total # of mapped reads : 41624952
# of uniquely mapped reads : 16679438
# ambiguously mapped reads : 24945514



[2021-04-27 20:53:11.349] [jointLog] [info] Computed 252187 rich equivalence classes for further processing
[2021-04-27 20:53:11.349] [jointLog] [info] Counted 41465071 total reads in the equivalence classes 
[2021-04-27 20:53:11.351] [jointLog] [info] starting optimizer
[2021-04-27 20:53:11.460] [jointLog] [info] Marked 0 weighted equivalence classes as degenerate
[2021-04-27 20:53:11.481] [jointLog] [info] iteration = 0 | max rel diff. = 4889.04
[2021-04-27 20:53:13.162] [jointLog] [info] iteration = 100 | max rel diff. = 19.4931
[2021-04-27 20:53:14.787] [jointLog] [info] iteration = 200 | max rel diff. = 5.17372
[2021-04-27 20:53:16.467] [jointLog] [info] iteration = 300 | max rel diff. = 5.9385
[2021-04-27 20:53:18.098] [jointLog] [info] iteration = 400 | max rel diff. = 1.6248
[2021-04-27 20:53:19.798] [jointLog] [info] iteration = 500 | max rel diff. = 1.11426
[2021-04-27 20:53:21.501] [jointLog] [info] iteration = 600 | max rel diff. = 4.04275
[2021-04-27 20:53:23.190] [jointLog] [info] iteration = 700 | max rel diff. = 0.0430001
[2021-04-27 20:53:24.883] [jointLog] [info] iteration = 800 | max rel diff. = 0.119146
[2021-04-27 20:53:26.541] [jointLog] [info] iteration = 900 | max rel diff. = 1.38593
[2021-04-27 20:53:28.191] [jointLog] [info] iteration = 1000 | max rel diff. = 0.0765308
[2021-04-27 20:53:29.941] [jointLog] [info] iteration = 1100 | max rel diff. = 0.0343163
[2021-04-27 20:53:31.756] [jointLog] [info] iteration = 1200 | max rel diff. = 0.080685
[2021-04-27 20:53:33.568] [jointLog] [info] iteration = 1300 | max rel diff. = 0.106312
[2021-04-27 20:53:35.457] [jointLog] [info] iteration = 1400 | max rel diff. = 0.0429243
[2021-04-27 20:53:37.155] [jointLog] [info] iteration = 1500 | max rel diff. = 0.0195662
[2021-04-27 20:53:38.801] [jointLog] [info] iteration = 1600 | max rel diff. = 0.0131097
[2021-04-27 20:53:40.464] [jointLog] [info] iteration = 1700 | max rel diff. = 0.0167499
[2021-04-27 20:53:42.118] [jointLog] [info] iteration = 1800 | max rel diff. = 0.0206963
[2021-04-27 20:53:43.755] [jointLog] [info] iteration = 1900 | max rel diff. = 0.0724905
[2021-04-27 20:53:45.579] [jointLog] [info] iteration = 2000 | max rel diff. = 0.0903309
[2021-04-27 20:53:45.794] [jointLog] [info] iteration = 2013 | max rel diff. = 0.00521202
[2021-04-27 20:53:45.833] [jointLog] [info] finished optimizer
[2021-04-27 20:53:45.833] [jointLog] [info] writing output
[2021-04-27 20:53:47.857] [jointLog] [info] Computing gene-level abundance estimates
[2021-04-27 20:54:14.142] [jointLog] [warning] Feature has no GFF ID
[2021-04-27 20:54:14.142] [jointLog] [warning] Feature has no GFF ID
[2021-04-27 20:54:14.142] [jointLog] [warning] Feature has no GFF ID
[2021-04-27 20:54:14.142] [jointLog] [warning] Feature has no GFF ID
[2021-04-27 20:54:14.142] [jointLog] [warning] Feature has no GFF ID
[2021-04-27 20:54:14.142] [jointLog] [warning] Feature has no GFF ID
[2021-04-27 20:54:14.142] [jointLog] [warning] Feature has no GFF ID
[2021-04-27 20:54:14.142] [jointLog] [warning] Feature has no GFF ID
[2021-04-27 20:54:14.142] [jointLog] [warning] Feature has no GFF ID
[2021-04-27 20:54:14.142] [jointLog] [warning] Feature has no GFF ID
[2021-04-27 20:54:14.142] [jointLog] [warning] Feature has no GFF ID
[2021-04-27 20:54:14.142] [jointLog] [warning] Feature has no GFF ID
[2021-04-27 20:54:14.142] [jointLog] [warning] Feature has no GFF ID
[2021-04-27 20:54:14.142] [jointLog] [warning] Feature has no GFF ID
[2021-04-27 20:54:14.142] [jointLog] [warning] Feature has no GFF ID
[2021-04-27 20:54:14.142] [jointLog] [warning] Feature has no GFF ID
[2021-04-27 20:54:14.142] [jointLog] [warning] Feature has no GFF ID
[2021-04-27 20:54:14.142] [jointLog] [warning] Feature has no GFF ID
[2021-04-27 20:54:14.142] [jointLog] [warning] Feature has no GFF ID
[2021-04-27 20:54:14.142] [jointLog] [warning] Feature has no GFF ID
[2021-04-27 20:54:14.142] [jointLog] [warning] Feature has no GFF ID
[2021-04-27 20:54:14.142] [jointLog] [warning] Feature has no GFF ID
[2021-04-27 20:54:14.142] [jointLog] [warning] Feature has no GFF ID
[2021-04-27 20:54:14.142] [jointLog] [warning] Feature has no GFF ID
[2021-04-27 20:54:14.142] [jointLog] [warning] Feature has no GFF ID
[2021-04-27 20:54:14.142] [jointLog] [warning] Feature has no GFF ID
[2021-04-27 20:54:14.142] [jointLog] [warning] Feature has no GFF ID
[2021-04-27 20:54:14.142] [jointLog] [warning] Feature has no GFF ID
[2021-04-27 20:54:14.142] [jointLog] [warning] Feature has no GFF ID
[2021-04-27 20:54:14.142] [jointLog] [warning] Feature has no GFF ID
[2021-04-27 20:54:14.142] [jointLog] [warning] Feature has no GFF ID
[2021-04-27 20:54:14.142] [jointLog] [warning] Feature has no GFF ID
[2021-04-27 20:54:14.142] [jointLog] [warning] Feature has no GFF ID
[2021-04-27 20:54:14.142] [jointLog] [warning] Feature has no GFF ID
[2021-04-27 20:54:14.142] [jointLog] [warning] Feature has no GFF ID
[2021-04-27 20:54:14.142] [jointLog] [warning] Feature has no GFF ID
[2021-04-27 20:54:14.142] [jointLog] [warning] Feature has no GFF ID
[2021-04-27 20:54:14.142] [jointLog] [warning] Feature has no GFF ID
[2021-04-27 20:54:14.142] [jointLog] [warning] Feature has no GFF ID
[2021-04-27 20:54:14.142] [jointLog] [warning] Feature has no GFF ID
[2021-04-27 20:54:14.142] [jointLog] [warning] Feature has no GFF ID
[2021-04-27 20:54:14.142] [jointLog] [warning] Feature has no GFF ID
[2021-04-27 20:54:14.142] [jointLog] [warning] Feature has no GFF ID
[2021-04-27 20:54:14.142] [jointLog] [warning] Feature has no GFF ID
[2021-04-27 20:54:14.142] [jointLog] [warning] Feature has no GFF ID
[2021-04-27 20:54:14.142] [jointLog] [warning] Feature has no GFF ID
[2021-04-27 20:54:14.142] [jointLog] [warning] Feature has no GFF ID
[2021-04-27 20:54:14.142] [jointLog] [warning] Feature has no GFF ID
[2021-04-27 20:54:14.142] [jointLog] [warning] Feature has no GFF ID
[2021-04-27 20:54:14.142] [jointLog] [warning] Feature has no GFF ID
[2021-04-27 20:54:14.142] [jointLog] [warning] Feature has no GFF ID
[2021-04-27 20:54:14.142] [jointLog] [warning] Feature has no GFF ID
[2021-04-27 20:54:14.142] [jointLog] [warning] Feature has no GFF ID
[2021-04-27 20:54:14.142] [jointLog] [warning] Feature has no GFF ID
[2021-04-27 20:54:14.142] [jointLog] [warning] Feature has no GFF ID
[2021-04-27 20:54:14.142] [jointLog] [warning] Feature has no GFF ID
[2021-04-27 20:54:14.142] [jointLog] [warning] Feature has no GFF ID
[2021-04-27 20:54:14.142] [jointLog] [warning] Feature has no GFF ID
[2021-04-27 20:54:14.142] [jointLog] [warning] Feature has no GFF ID
[2021-04-27 20:54:14.142] [jointLog] [warning] Feature has no GFF ID
[2021-04-27 20:54:14.142] [jointLog] [warning] Feature has no GFF ID
[2021-04-27 20:54:14.142] [jointLog] [warning] Feature has no GFF ID
[2021-04-27 20:54:14.142] [jointLog] [warning] Feature has no GFF ID
[2021-04-27 20:54:14.142] [jointLog] [warning] Feature has no GFF ID
[2021-04-27 20:54:14.142] [jointLog] [warning] Feature has no GFF ID
[2021-04-27 20:54:14.142] [jointLog] [warning] Feature has no GFF ID
[2021-04-27 20:54:14.142] [jointLog] [warning] Feature has no GFF ID
[2021-04-27 20:54:14.142] [jointLog] [warning] Feature has no GFF ID
[2021-04-27 20:54:14.142] [jointLog] [warning] Feature has no GFF ID
[2021-04-27 20:54:14.142] [jointLog] [warning] Feature has no GFF ID
[2021-04-27 20:54:14.142] [jointLog] [warning] Feature has no GFF ID
[2021-04-27 20:54:14.142] [jointLog] [warning] Feature has no GFF ID
[2021-04-27 20:54:14.142] [jointLog] [warning] Feature has no GFF ID
[2021-04-27 20:54:14.142] [jointLog] [warning] Feature has no GFF ID
[2021-04-27 20:54:14.142] [jointLog] [warning] Feature has no GFF ID
[2021-04-27 20:54:14.142] [jointLog] [warning] Feature has no GFF ID
[2021-04-27 20:54:14.142] [jointLog] [warning] Feature has no GFF ID
[2021-04-27 20:54:14.142] [jointLog] [warning] Feature has no GFF ID
[2021-04-27 20:54:14.142] [jointLog] [warning] Feature has no GFF ID
[2021-04-27 20:54:14.142] [jointLog] [warning] Feature has no GFF ID
[2021-04-27 20:54:14.142] [jointLog] [warning] Feature has no GFF ID
[2021-04-27 20:54:14.142] [jointLog] [warning] Feature has no GFF ID
[2021-04-27 20:54:14.142] [jointLog] [warning] Feature has no GFF ID
[2021-04-27 20:54:14.142] [jointLog] [warning] Feature has no GFF ID
[2021-04-27 20:54:14.142] [jointLog] [warning] Feature has no GFF ID
[2021-04-27 20:54:14.142] [jointLog] [warning] Feature has no GFF ID
[2021-04-27 20:54:14.142] [jointLog] [warning] Feature has no GFF ID
[2021-04-27 20:54:14.142] [jointLog] [warning] Feature has no GFF ID
[2021-04-27 20:54:14.142] [jointLog] [warning] Feature has no GFF ID
[2021-04-27 20:54:14.142] [jointLog] [warning] Feature has no GFF ID
[2021-04-27 20:54:14.142] [jointLog] [warning] Feature has no GFF ID
[2021-04-27 20:54:14.142] [jointLog] [warning] Feature has no GFF ID
[2021-04-27 20:54:14.430] [jointLog] [info] There were 142604 transcripts mapping to 55401 genes
[2021-04-27 20:54:14.431] [jointLog] [info] NOTE: We recommend using tximport (https://bioconductor.org/packages/release/bioc/html/tximport.html) for aggregating transcript-level salmon abundance estimates to the gene level.  It is more versatile, exposes more features, and allows considering multi-sample information during aggregation.
[2021-04-27 20:54:14.672] [jointLog] [warning] couldn't find transcript named [DQ459430] in transcript <-> gene map; returning transcript as it's own gene
[2021-04-27 20:54:14.672] [jointLog] [warning] couldn't find transcript named [DQ516784] in transcript <-> gene map; returning transcript as it's own gene
[2021-04-27 20:54:14.672] [jointLog] [warning] couldn't find transcript named [DQ516752] in transcript <-> gene map; returning transcript as it's own gene
[2021-04-27 20:54:14.672] [jointLog] [warning] couldn't find transcript named [DQ668364] in transcript <-> gene map; returning transcript as it's own gene
[2021-04-27 20:54:14.672] [jointLog] [warning] couldn't find transcript named [DQ883670] in transcript <-> gene map; returning transcript as it's own gene
[2021-04-27 20:54:14.672] [jointLog] [warning] couldn't find transcript named [EF011062] in transcript <-> gene map; returning transcript as it's own gene
[2021-04-27 20:54:14.672] [jointLog] [warning] couldn't find transcript named [DQ875385] in transcript <-> gene map; returning transcript as it's own gene
[2021-04-27 20:54:14.672] [jointLog] [warning] couldn't find transcript named [DQ883664] in transcript <-> gene map; returning transcript as it's own gene
[2021-04-27 20:54:14.672] [jointLog] [warning] couldn't find transcript named [DQ459420] in transcript <-> gene map; returning transcript as it's own gene
[2021-04-27 20:54:14.672] [jointLog] [warning] couldn't find transcript named [DQ883651] in transcript <-> gene map; returning transcript as it's own gene
[2021-04-27 20:54:14.672] [jointLog] [warning] couldn't find transcript named [DQ855004] in transcript <-> gene map; returning transcript as it's own gene
[2021-04-27 20:54:14.672] [jointLog] [warning] couldn't find transcript named [DQ854993] in transcript <-> gene map; returning transcript as it's own gene
[2021-04-27 20:54:14.672] [jointLog] [warning] couldn't find transcript named [DQ883689] in transcript <-> gene map; returning transcript as it's own gene
[2021-04-27 20:54:14.672] [jointLog] [warning] couldn't find transcript named [DQ459419] in transcript <-> gene map; returning transcript as it's own gene
[2021-04-27 20:54:14.672] [jointLog] [warning] couldn't find transcript named [DQ459431] in transcript <-> gene map; returning transcript as it's own gene
[2021-04-27 20:54:14.672] [jointLog] [warning] couldn't find transcript named [DQ516796] in transcript <-> gene map; returning transcript as it's own gene
[2021-04-27 20:54:14.672] [jointLog] [warning] couldn't find transcript named [DQ855001] in transcript <-> gene map; returning transcript as it's own gene
[2021-04-27 20:54:14.672] [jointLog] [warning] couldn't find transcript named [DQ459413] in transcript <-> gene map; returning transcript as it's own gene
[2021-04-27 20:54:14.672] [jointLog] [warning] couldn't find transcript named [DQ883656] in transcript <-> gene map; returning transcript as it's own gene
[2021-04-27 20:54:14.672] [jointLog] [warning] couldn't find transcript named [DQ883661] in transcript <-> gene map; returning transcript as it's own gene
[2021-04-27 20:54:14.672] [jointLog] [warning] couldn't find transcript named [EF011069] in transcript <-> gene map; returning transcript as it's own gene
[2021-04-27 20:54:14.672] [jointLog] [warning] couldn't find transcript named [DQ516783] in transcript <-> gene map; returning transcript as it's own gene
[2021-04-27 20:54:14.672] [jointLog] [warning] couldn't find transcript named [DQ516787] in transcript <-> gene map; returning transcript as it's own gene
[2021-04-27 20:54:14.672] [jointLog] [warning] couldn't find transcript named [DQ459424] in transcript <-> gene map; returning transcript as it's own gene
[2021-04-27 20:54:14.672] [jointLog] [warning] couldn't find transcript named [DQ516748] in transcript <-> gene map; returning transcript as it's own gene
[2021-04-27 20:54:14.672] [jointLog] [warning] couldn't find transcript named [DQ883671] in transcript <-> gene map; returning transcript as it's own gene
[2021-04-27 20:54:14.672] [jointLog] [warning] couldn't find transcript named [DQ516740] in transcript <-> gene map; returning transcript as it's own gene
[2021-04-27 20:54:14.672] [jointLog] [warning] couldn't find transcript named [DQ516785] in transcript <-> gene map; returning transcript as it's own gene
[2021-04-27 20:54:14.672] [jointLog] [warning] couldn't find transcript named [DQ516731] in transcript <-> gene map; returning transcript as it's own gene
[2021-04-27 20:54:14.672] [jointLog] [warning] couldn't find transcript named [DQ668366] in transcript <-> gene map; returning transcript as it's own gene
[2021-04-27 20:54:14.672] [jointLog] [warning] couldn't find transcript named [DQ459418] in transcript <-> gene map; returning transcript as it's own gene
[2021-04-27 20:54:14.672] [jointLog] [warning] couldn't find transcript named [DQ668356] in transcript <-> gene map; returning transcript as it's own gene
[2021-04-27 20:54:14.672] [jointLog] [warning] couldn't find transcript named [DQ516763] in transcript <-> gene map; returning transcript as it's own gene
[2021-04-27 20:54:14.672] [jointLog] [warning] couldn't find transcript named [DQ459426] in transcript <-> gene map; returning transcript as it's own gene
[2021-04-27 20:54:14.672] [jointLog] [warning] couldn't find transcript named [DQ516786] in transcript <-> gene map; returning transcript as it's own gene
[2021-04-27 20:54:14.672] [jointLog] [warning] couldn't find transcript named [DQ883653] in transcript <-> gene map; returning transcript as it's own gene
[2021-04-27 20:54:14.672] [jointLog] [warning] couldn't find transcript named [DQ459421] in transcript <-> gene map; returning transcript as it's own gene
[2021-04-27 20:54:14.672] [jointLog] [warning] couldn't find transcript named [DQ883654] in transcript <-> gene map; returning transcript as it's own gene
[2021-04-27 20:54:14.672] [jointLog] [warning] couldn't find transcript named [DQ668358] in transcript <-> gene map; returning transcript as it's own gene
[2021-04-27 20:54:14.672] [jointLog] [warning] couldn't find transcript named [DQ516754] in transcript <-> gene map; returning transcript as it's own gene
[2021-04-27 20:54:14.672] [jointLog] [warning] couldn't find transcript named [DQ516778] in transcript <-> gene map; returning transcript as it's own gene
[2021-04-27 20:54:14.672] [jointLog] [warning] couldn't find transcript named [DQ883650] in transcript <-> gene map; returning transcript as it's own gene
[2021-04-27 20:54:14.672] [jointLog] [warning] couldn't find transcript named [DQ516742] in transcript <-> gene map; returning transcript as it's own gene
[2021-04-27 20:54:14.672] [jointLog] [warning] couldn't find transcript named [DQ883673] in transcript <-> gene map; returning transcript as it's own gene
[2021-04-27 20:54:14.672] [jointLog] [warning] couldn't find transcript named [DQ883652] in transcript <-> gene map; returning transcript as it's own gene
[2021-04-27 20:54:14.672] [jointLog] [warning] couldn't find transcript named [DQ854991] in transcript <-> gene map; returning transcript as it's own gene
[2021-04-27 20:54:14.672] [jointLog] [warning] couldn't find transcript named [DQ516780] in transcript <-> gene map; returning transcript as it's own gene
[2021-04-27 20:54:14.672] [jointLog] [warning] couldn't find transcript named [DQ883682] in transcript <-> gene map; returning transcript as it's own gene
[2021-04-27 20:54:14.672] [jointLog] [warning] couldn't find transcript named [DQ883669] in transcript <-> gene map; returning transcript as it's own gene
[2021-04-27 20:54:14.672] [jointLog] [warning] couldn't find transcript named [DQ516791] in transcript <-> gene map; returning transcript as it's own gene
[2021-04-27 20:54:14.672] [jointLog] [warning] couldn't find transcript named [DQ459425] in transcript <-> gene map; returning transcript as it's own gene
[2021-04-27 20:54:14.673] [jointLog] [warning] couldn't find transcript named [DQ516759] in transcript <-> gene map; returning transcript as it's own gene
[2021-04-27 20:54:14.673] [jointLog] [warning] couldn't find transcript named [DQ459429] in transcript <-> gene map; returning transcript as it's own gene
[2021-04-27 20:54:14.673] [jointLog] [warning] couldn't find transcript named [DQ516758] in transcript <-> gene map; returning transcript as it's own gene
[2021-04-27 20:54:14.673] [jointLog] [warning] couldn't find transcript named [DQ459415] in transcript <-> gene map; returning transcript as it's own gene
[2021-04-27 20:54:14.673] [jointLog] [warning] couldn't find transcript named [DQ875387] in transcript <-> gene map; returning transcript as it's own gene
[2021-04-27 20:54:14.673] [jointLog] [warning] couldn't find transcript named [DQ516815] in transcript <-> gene map; returning transcript as it's own gene
[2021-04-27 20:54:14.673] [jointLog] [warning] couldn't find transcript named [DQ668365] in transcript <-> gene map; returning transcript as it's own gene
[2021-04-27 20:54:14.673] [jointLog] [warning] couldn't find transcript named [DQ854998] in transcript <-> gene map; returning transcript as it's own gene
[2021-04-27 20:54:14.673] [jointLog] [warning] couldn't find transcript named [DQ883685] in transcript <-> gene map; returning transcript as it's own gene
[2021-04-27 20:54:14.673] [jointLog] [warning] couldn't find transcript named [DQ459422] in transcript <-> gene map; returning transcript as it's own gene
[2021-04-27 20:54:14.673] [jointLog] [warning] couldn't find transcript named [DQ883663] in transcript <-> gene map; returning transcript as it's own gene
[2021-04-27 20:54:14.673] [jointLog] [warning] couldn't find transcript named [DQ668367] in transcript <-> gene map; returning transcript as it's own gene
[2021-04-27 20:54:14.673] [jointLog] [warning] couldn't find transcript named [DQ459412] in transcript <-> gene map; returning transcript as it's own gene
[2021-04-27 20:54:14.673] [jointLog] [warning] couldn't find transcript named [DQ854992] in transcript <-> gene map; returning transcript as it's own gene
[2021-04-27 20:54:14.673] [jointLog] [warning] couldn't find transcript named [DQ516782] in transcript <-> gene map; returning transcript as it's own gene
[2021-04-27 20:54:14.673] [jointLog] [warning] couldn't find transcript named [DQ459427] in transcript <-> gene map; returning transcript as it's own gene
[2021-04-27 20:54:14.673] [jointLog] [warning] couldn't find transcript named [EF011072] in transcript <-> gene map; returning transcript as it's own gene
[2021-04-27 20:54:14.673] [jointLog] [warning] couldn't find transcript named [DQ855003] in transcript <-> gene map; returning transcript as it's own gene
[2021-04-27 20:54:14.673] [jointLog] [warning] couldn't find transcript named [DQ516739] in transcript <-> gene map; returning transcript as it's own gene
[2021-04-27 20:54:14.673] [jointLog] [warning] couldn't find transcript named [EF011063] in transcript <-> gene map; returning transcript as it's own gene
[2021-04-27 20:54:14.673] [jointLog] [warning] couldn't find transcript named [DQ855000] in transcript <-> gene map; returning transcript as it's own gene
[2021-04-27 20:54:14.673] [jointLog] [warning] couldn't find transcript named [DQ516777] in transcript <-> gene map; returning transcript as it's own gene
[2021-04-27 20:54:14.673] [jointLog] [warning] couldn't find transcript named [DQ883646] in transcript <-> gene map; returning transcript as it's own gene
[2021-04-27 20:54:14.673] [jointLog] [warning] couldn't find transcript named [DQ668362] in transcript <-> gene map; returning transcript as it's own gene
[2021-04-27 20:54:14.673] [jointLog] [warning] couldn't find transcript named [DQ854995] in transcript <-> gene map; returning transcript as it's own gene
[2021-04-27 20:54:14.673] [jointLog] [warning] couldn't find transcript named [DQ875386] in transcript <-> gene map; returning transcript as it's own gene
[2021-04-27 20:54:14.673] [jointLog] [warning] couldn't find transcript named [DQ516790] in transcript <-> gene map; returning transcript as it's own gene
[2021-04-27 20:54:14.673] [jointLog] [warning] couldn't find transcript named [DQ883642] in transcript <-> gene map; returning transcript as it's own gene
[2021-04-27 20:54:14.673] [jointLog] [warning] couldn't find transcript named [DQ883659] in transcript <-> gene map; returning transcript as it's own gene
[2021-04-27 20:54:14.673] [jointLog] [warning] couldn't find transcript named [DQ854997] in transcript <-> gene map; returning transcript as it's own gene
[2021-04-27 20:54:14.673] [jointLog] [warning] couldn't find transcript named [DQ883643] in transcript <-> gene map; returning transcript as it's own gene
[2021-04-27 20:54:14.673] [jointLog] [warning] couldn't find transcript named [DQ839618] in transcript <-> gene map; returning transcript as it's own gene
[2021-04-27 20:54:14.673] [jointLog] [warning] couldn't find transcript named [DQ516795] in transcript <-> gene map; returning transcript as it's own gene
[2021-04-27 20:54:14.673] [jointLog] [warning] couldn't find transcript named [DQ883658] in transcript <-> gene map; returning transcript as it's own gene
[2021-04-27 20:54:14.673] [jointLog] [warning] couldn't find transcript named [DQ516750] in transcript <-> gene map; returning transcript as it's own gene
[2021-04-27 20:54:14.673] [jointLog] [warning] couldn't find transcript named [DQ668359] in transcript <-> gene map; returning transcript as it's own gene
[2021-04-27 20:54:14.673] [jointLog] [warning] couldn't find transcript named [DQ516779] in transcript <-> gene map; returning transcript as it's own gene
[2021-04-27 20:54:14.673] [jointLog] [warning] couldn't find transcript named [DQ668363] in transcript <-> gene map; returning transcript as it's own gene
[2021-04-27 20:54:14.673] [jointLog] [warning] couldn't find transcript named [DQ516776] in transcript <-> gene map; returning transcript as it's own gene
[2021-04-27 20:54:14.673] [jointLog] [warning] couldn't find transcript named [DQ516773] in transcript <-> gene map; returning transcript as it's own gene
[2021-04-27 20:54:14.673] [jointLog] [warning] couldn't find transcript named [DQ854994] in transcript <-> gene map; returning transcript as it's own gene
[2021-04-27 20:54:14.673] [jointLog] [info] Aggregating expressions to gene level
[2021-04-27 20:54:14.840] [jointLog] [info] done
