[2021-04-27 20:49:33.092] [jointLog] [info] setting maxHashResizeThreads to 6
[2021-04-27 20:49:33.092] [jointLog] [info] Fragment incompatibility prior below threshold.  Incompatible fragments will be ignored.
[2021-04-27 20:49:33.093] [jointLog] [info] numQuantThreads = 3
[2021-04-27 20:49:36.195] [jointLog] [info] replaced 4 non-ACGT nucleotides with random nucleotides
[2021-04-27 20:49:36.448] [fileLog] [info] quantification processed 0 fragments so far

[2021-04-27 20:49:39.528] [fileLog] [info] quantification processed 1000000 fragments so far

[2021-04-27 20:49:42.379] [fileLog] [info] quantification processed 2000000 fragments so far

[2021-04-27 20:49:43.909] [jointLog] [info] 

The alignment group queue pool has been exhausted.  3024621 extra fragments were allocated on the heap to saturate the pool.  No new fragments will be allocated


[2021-04-27 20:49:50.148] [fileLog] [info] quantification processed 3000000 fragments so far

[2021-04-27 20:50:03.360] [fileLog] [info] quantification processed 4000000 fragments so far

[2021-04-27 20:50:16.856] [fileLog] [info] quantification processed 5000000 fragments so far

[2021-04-27 20:50:29.879] [fileLog] [info] quantification processed 6000000 fragments so far

[2021-04-27 20:50:43.308] [fileLog] [info] quantification processed 7000000 fragments so far

[2021-04-27 20:50:46.252] [fileLog] [info] quantification processed 8000000 fragments so far

[2021-04-27 20:50:49.094] [fileLog] [info] quantification processed 9000000 fragments so far

[2021-04-27 20:50:51.865] [fileLog] [info] quantification processed 10000000 fragments so far

[2021-04-27 20:50:54.656] [fileLog] [info] quantification processed 11000000 fragments so far

[2021-04-27 20:50:57.468] [fileLog] [info] quantification processed 12000000 fragments so far

[2021-04-27 20:51:00.285] [fileLog] [info] quantification processed 13000000 fragments so far

[2021-04-27 20:51:03.021] [fileLog] [info] quantification processed 14000000 fragments so far

[2021-04-27 20:51:05.778] [fileLog] [info] quantification processed 15000000 fragments so far

[2021-04-27 20:51:08.658] [fileLog] [info] quantification processed 16000000 fragments so far

[2021-04-27 20:51:11.458] [fileLog] [info] quantification processed 17000000 fragments so far

[2021-04-27 20:51:14.284] [fileLog] [info] quantification processed 18000000 fragments so far

[2021-04-27 20:51:17.203] [fileLog] [info] quantification processed 19000000 fragments so far

[2021-04-27 20:51:20.016] [fileLog] [info] quantification processed 20000000 fragments so far

[2021-04-27 20:51:22.797] [fileLog] [info] quantification processed 21000000 fragments so far

[2021-04-27 20:51:25.585] [fileLog] [info] quantification processed 22000000 fragments so far

[2021-04-27 20:51:28.392] [fileLog] [info] quantification processed 23000000 fragments so far

[2021-04-27 20:51:31.157] [fileLog] [info] quantification processed 24000000 fragments so far

[2021-04-27 20:51:34.000] [fileLog] [info] quantification processed 25000000 fragments so far

[2021-04-27 20:51:36.768] [fileLog] [info] quantification processed 26000000 fragments so far

[2021-04-27 20:51:39.573] [fileLog] [info] quantification processed 27000000 fragments so far

[2021-04-27 20:51:42.377] [fileLog] [info] quantification processed 28000000 fragments so far

[2021-04-27 20:51:45.196] [fileLog] [info] quantification processed 29000000 fragments so far

[2021-04-27 20:51:48.022] [fileLog] [info] quantification processed 30000000 fragments so far

[2021-04-27 20:51:50.803] [fileLog] [info] quantification processed 31000000 fragments so far

[2021-04-27 20:51:53.585] [fileLog] [info] quantification processed 32000000 fragments so far

[2021-04-27 20:51:56.389] [fileLog] [info] quantification processed 33000000 fragments so far

[2021-04-27 20:51:59.197] [fileLog] [info] quantification processed 34000000 fragments so far

[2021-04-27 20:52:01.985] [fileLog] [info] quantification processed 35000000 fragments so far

[2021-04-27 20:52:04.778] [fileLog] [info] quantification processed 36000000 fragments so far

[2021-04-27 20:52:07.956] [fileLog] [info] quantification processed 36731069 fragments so far

[2021-04-27 20:52:12.730] [jointLog] [info] Thread saw mini-batch with a maximum of 2.40% zero probability fragments
[2021-04-27 20:52:12.732] [jointLog] [info] Thread saw mini-batch with a maximum of 2.80% zero probability fragments
[2021-04-27 20:52:12.737] [jointLog] [info] Thread saw mini-batch with a maximum of 2.20% zero probability fragments
[2021-04-27 20:52:12.737] [jointLog] [info] 


Completed first pass through the alignment file.
Total # of mapped reads : 36731069
# of uniquely mapped reads : 14160393
# ambiguously mapped reads : 22570676



[2021-04-27 20:52:12.878] [jointLog] [info] Computed 250360 rich equivalence classes for further processing
[2021-04-27 20:52:12.878] [jointLog] [info] Counted 36420556 total reads in the equivalence classes 
[2021-04-27 20:52:12.880] [jointLog] [info] starting optimizer
[2021-04-27 20:52:12.975] [jointLog] [info] Marked 0 weighted equivalence classes as degenerate
[2021-04-27 20:52:12.994] [jointLog] [info] iteration = 0 | max rel diff. = 6745
[2021-04-27 20:52:14.492] [jointLog] [info] iteration = 100 | max rel diff. = 17.913
[2021-04-27 20:52:15.923] [jointLog] [info] iteration = 200 | max rel diff. = 5.95963
[2021-04-27 20:52:17.324] [jointLog] [info] iteration = 300 | max rel diff. = 4.31084
[2021-04-27 20:52:18.726] [jointLog] [info] iteration = 400 | max rel diff. = 0.481306
[2021-04-27 20:52:20.115] [jointLog] [info] iteration = 500 | max rel diff. = 0.791727
[2021-04-27 20:52:21.486] [jointLog] [info] iteration = 600 | max rel diff. = 0.178334
[2021-04-27 20:52:22.856] [jointLog] [info] iteration = 700 | max rel diff. = 0.0612999
[2021-04-27 20:52:24.248] [jointLog] [info] iteration = 800 | max rel diff. = 0.43218
[2021-04-27 20:52:25.629] [jointLog] [info] iteration = 900 | max rel diff. = 0.171694
[2021-04-27 20:52:27.029] [jointLog] [info] iteration = 1000 | max rel diff. = 0.174193
[2021-04-27 20:52:28.460] [jointLog] [info] iteration = 1100 | max rel diff. = 0.252414
[2021-04-27 20:52:29.855] [jointLog] [info] iteration = 1200 | max rel diff. = 0.0201348
[2021-04-27 20:52:31.231] [jointLog] [info] iteration = 1300 | max rel diff. = 0.21433
[2021-04-27 20:52:32.608] [jointLog] [info] iteration = 1400 | max rel diff. = 0.0243314
[2021-04-27 20:52:33.987] [jointLog] [info] iteration = 1500 | max rel diff. = 0.232513
[2021-04-27 20:52:35.364] [jointLog] [info] iteration = 1600 | max rel diff. = 1.11983
[2021-04-27 20:52:36.750] [jointLog] [info] iteration = 1700 | max rel diff. = 0.122786
[2021-04-27 20:52:38.121] [jointLog] [info] iteration = 1800 | max rel diff. = 0.0896734
[2021-04-27 20:52:39.510] [jointLog] [info] iteration = 1900 | max rel diff. = 0.0246148
[2021-04-27 20:52:40.880] [jointLog] [info] iteration = 2000 | max rel diff. = 0.0516461
[2021-04-27 20:52:42.258] [jointLog] [info] iteration = 2100 | max rel diff. = 0.0177227
[2021-04-27 20:52:43.080] [jointLog] [info] iteration = 2160 | max rel diff. = 0.00586211
[2021-04-27 20:52:43.109] [jointLog] [info] finished optimizer
[2021-04-27 20:52:43.109] [jointLog] [info] writing output
[2021-04-27 20:52:44.710] [jointLog] [info] Computing gene-level abundance estimates
[2021-04-27 20:53:10.993] [jointLog] [warning] Feature has no GFF ID
[2021-04-27 20:53:10.993] [jointLog] [warning] Feature has no GFF ID
[2021-04-27 20:53:10.993] [jointLog] [warning] Feature has no GFF ID
[2021-04-27 20:53:10.993] [jointLog] [warning] Feature has no GFF ID
[2021-04-27 20:53:10.993] [jointLog] [warning] Feature has no GFF ID
[2021-04-27 20:53:10.993] [jointLog] [warning] Feature has no GFF ID
[2021-04-27 20:53:10.993] [jointLog] [warning] Feature has no GFF ID
[2021-04-27 20:53:10.993] [jointLog] [warning] Feature has no GFF ID
[2021-04-27 20:53:10.993] [jointLog] [warning] Feature has no GFF ID
[2021-04-27 20:53:10.993] [jointLog] [warning] Feature has no GFF ID
[2021-04-27 20:53:10.993] [jointLog] [warning] Feature has no GFF ID
[2021-04-27 20:53:10.993] [jointLog] [warning] Feature has no GFF ID
[2021-04-27 20:53:10.993] [jointLog] [warning] Feature has no GFF ID
[2021-04-27 20:53:10.993] [jointLog] [warning] Feature has no GFF ID
[2021-04-27 20:53:10.993] [jointLog] [warning] Feature has no GFF ID
[2021-04-27 20:53:10.993] [jointLog] [warning] Feature has no GFF ID
[2021-04-27 20:53:10.993] [jointLog] [warning] Feature has no GFF ID
[2021-04-27 20:53:10.993] [jointLog] [warning] Feature has no GFF ID
[2021-04-27 20:53:10.993] [jointLog] [warning] Feature has no GFF ID
[2021-04-27 20:53:10.993] [jointLog] [warning] Feature has no GFF ID
[2021-04-27 20:53:10.993] [jointLog] [warning] Feature has no GFF ID
[2021-04-27 20:53:10.993] [jointLog] [warning] Feature has no GFF ID
[2021-04-27 20:53:10.993] [jointLog] [warning] Feature has no GFF ID
[2021-04-27 20:53:10.993] [jointLog] [warning] Feature has no GFF ID
[2021-04-27 20:53:10.993] [jointLog] [warning] Feature has no GFF ID
[2021-04-27 20:53:10.993] [jointLog] [warning] Feature has no GFF ID
[2021-04-27 20:53:10.993] [jointLog] [warning] Feature has no GFF ID
[2021-04-27 20:53:10.993] [jointLog] [warning] Feature has no GFF ID
[2021-04-27 20:53:10.993] [jointLog] [warning] Feature has no GFF ID
[2021-04-27 20:53:10.993] [jointLog] [warning] Feature has no GFF ID
[2021-04-27 20:53:10.993] [jointLog] [warning] Feature has no GFF ID
[2021-04-27 20:53:10.993] [jointLog] [warning] Feature has no GFF ID
[2021-04-27 20:53:10.993] [jointLog] [warning] Feature has no GFF ID
[2021-04-27 20:53:10.993] [jointLog] [warning] Feature has no GFF ID
[2021-04-27 20:53:10.993] [jointLog] [warning] Feature has no GFF ID
[2021-04-27 20:53:10.993] [jointLog] [warning] Feature has no GFF ID
[2021-04-27 20:53:10.993] [jointLog] [warning] Feature has no GFF ID
[2021-04-27 20:53:10.993] [jointLog] [warning] Feature has no GFF ID
[2021-04-27 20:53:10.993] [jointLog] [warning] Feature has no GFF ID
[2021-04-27 20:53:10.993] [jointLog] [warning] Feature has no GFF ID
[2021-04-27 20:53:10.993] [jointLog] [warning] Feature has no GFF ID
[2021-04-27 20:53:10.993] [jointLog] [warning] Feature has no GFF ID
[2021-04-27 20:53:10.993] [jointLog] [warning] Feature has no GFF ID
[2021-04-27 20:53:10.993] [jointLog] [warning] Feature has no GFF ID
[2021-04-27 20:53:10.993] [jointLog] [warning] Feature has no GFF ID
[2021-04-27 20:53:10.993] [jointLog] [warning] Feature has no GFF ID
[2021-04-27 20:53:10.993] [jointLog] [warning] Feature has no GFF ID
[2021-04-27 20:53:10.993] [jointLog] [warning] Feature has no GFF ID
[2021-04-27 20:53:10.993] [jointLog] [warning] Feature has no GFF ID
[2021-04-27 20:53:10.993] [jointLog] [warning] Feature has no GFF ID
[2021-04-27 20:53:10.993] [jointLog] [warning] Feature has no GFF ID
[2021-04-27 20:53:10.993] [jointLog] [warning] Feature has no GFF ID
[2021-04-27 20:53:10.993] [jointLog] [warning] Feature has no GFF ID
[2021-04-27 20:53:10.993] [jointLog] [warning] Feature has no GFF ID
[2021-04-27 20:53:10.993] [jointLog] [warning] Feature has no GFF ID
[2021-04-27 20:53:10.993] [jointLog] [warning] Feature has no GFF ID
[2021-04-27 20:53:10.993] [jointLog] [warning] Feature has no GFF ID
[2021-04-27 20:53:10.993] [jointLog] [warning] Feature has no GFF ID
[2021-04-27 20:53:10.993] [jointLog] [warning] Feature has no GFF ID
[2021-04-27 20:53:10.993] [jointLog] [warning] Feature has no GFF ID
[2021-04-27 20:53:10.993] [jointLog] [warning] Feature has no GFF ID
[2021-04-27 20:53:10.993] [jointLog] [warning] Feature has no GFF ID
[2021-04-27 20:53:10.993] [jointLog] [warning] Feature has no GFF ID
[2021-04-27 20:53:10.993] [jointLog] [warning] Feature has no GFF ID
[2021-04-27 20:53:10.993] [jointLog] [warning] Feature has no GFF ID
[2021-04-27 20:53:10.993] [jointLog] [warning] Feature has no GFF ID
[2021-04-27 20:53:10.993] [jointLog] [warning] Feature has no GFF ID
[2021-04-27 20:53:10.993] [jointLog] [warning] Feature has no GFF ID
[2021-04-27 20:53:10.993] [jointLog] [warning] Feature has no GFF ID
[2021-04-27 20:53:10.993] [jointLog] [warning] Feature has no GFF ID
[2021-04-27 20:53:10.993] [jointLog] [warning] Feature has no GFF ID
[2021-04-27 20:53:10.993] [jointLog] [warning] Feature has no GFF ID
[2021-04-27 20:53:10.993] [jointLog] [warning] Feature has no GFF ID
[2021-04-27 20:53:10.993] [jointLog] [warning] Feature has no GFF ID
[2021-04-27 20:53:10.993] [jointLog] [warning] Feature has no GFF ID
[2021-04-27 20:53:10.993] [jointLog] [warning] Feature has no GFF ID
[2021-04-27 20:53:10.993] [jointLog] [warning] Feature has no GFF ID
[2021-04-27 20:53:10.993] [jointLog] [warning] Feature has no GFF ID
[2021-04-27 20:53:10.993] [jointLog] [warning] Feature has no GFF ID
[2021-04-27 20:53:10.993] [jointLog] [warning] Feature has no GFF ID
[2021-04-27 20:53:10.993] [jointLog] [warning] Feature has no GFF ID
[2021-04-27 20:53:10.993] [jointLog] [warning] Feature has no GFF ID
[2021-04-27 20:53:10.993] [jointLog] [warning] Feature has no GFF ID
[2021-04-27 20:53:10.993] [jointLog] [warning] Feature has no GFF ID
[2021-04-27 20:53:10.993] [jointLog] [warning] Feature has no GFF ID
[2021-04-27 20:53:10.993] [jointLog] [warning] Feature has no GFF ID
[2021-04-27 20:53:10.993] [jointLog] [warning] Feature has no GFF ID
[2021-04-27 20:53:10.993] [jointLog] [warning] Feature has no GFF ID
[2021-04-27 20:53:10.993] [jointLog] [warning] Feature has no GFF ID
[2021-04-27 20:53:10.993] [jointLog] [warning] Feature has no GFF ID
[2021-04-27 20:53:10.993] [jointLog] [warning] Feature has no GFF ID
[2021-04-27 20:53:10.993] [jointLog] [warning] Feature has no GFF ID
[2021-04-27 20:53:11.290] [jointLog] [info] There were 142604 transcripts mapping to 55401 genes
[2021-04-27 20:53:11.290] [jointLog] [info] NOTE: We recommend using tximport (https://bioconductor.org/packages/release/bioc/html/tximport.html) for aggregating transcript-level salmon abundance estimates to the gene level.  It is more versatile, exposes more features, and allows considering multi-sample information during aggregation.
[2021-04-27 20:53:11.570] [jointLog] [warning] couldn't find transcript named [DQ459430] in transcript <-> gene map; returning transcript as it's own gene
[2021-04-27 20:53:11.570] [jointLog] [warning] couldn't find transcript named [DQ516784] in transcript <-> gene map; returning transcript as it's own gene
[2021-04-27 20:53:11.570] [jointLog] [warning] couldn't find transcript named [DQ516752] in transcript <-> gene map; returning transcript as it's own gene
[2021-04-27 20:53:11.570] [jointLog] [warning] couldn't find transcript named [DQ668364] in transcript <-> gene map; returning transcript as it's own gene
[2021-04-27 20:53:11.570] [jointLog] [warning] couldn't find transcript named [DQ883670] in transcript <-> gene map; returning transcript as it's own gene
[2021-04-27 20:53:11.570] [jointLog] [warning] couldn't find transcript named [EF011062] in transcript <-> gene map; returning transcript as it's own gene
[2021-04-27 20:53:11.570] [jointLog] [warning] couldn't find transcript named [DQ875385] in transcript <-> gene map; returning transcript as it's own gene
[2021-04-27 20:53:11.570] [jointLog] [warning] couldn't find transcript named [DQ883664] in transcript <-> gene map; returning transcript as it's own gene
[2021-04-27 20:53:11.570] [jointLog] [warning] couldn't find transcript named [DQ459420] in transcript <-> gene map; returning transcript as it's own gene
[2021-04-27 20:53:11.570] [jointLog] [warning] couldn't find transcript named [DQ883651] in transcript <-> gene map; returning transcript as it's own gene
[2021-04-27 20:53:11.570] [jointLog] [warning] couldn't find transcript named [DQ855004] in transcript <-> gene map; returning transcript as it's own gene
[2021-04-27 20:53:11.570] [jointLog] [warning] couldn't find transcript named [DQ854993] in transcript <-> gene map; returning transcript as it's own gene
[2021-04-27 20:53:11.570] [jointLog] [warning] couldn't find transcript named [DQ883689] in transcript <-> gene map; returning transcript as it's own gene
[2021-04-27 20:53:11.570] [jointLog] [warning] couldn't find transcript named [DQ459419] in transcript <-> gene map; returning transcript as it's own gene
[2021-04-27 20:53:11.570] [jointLog] [warning] couldn't find transcript named [DQ459431] in transcript <-> gene map; returning transcript as it's own gene
[2021-04-27 20:53:11.570] [jointLog] [warning] couldn't find transcript named [DQ516796] in transcript <-> gene map; returning transcript as it's own gene
[2021-04-27 20:53:11.570] [jointLog] [warning] couldn't find transcript named [DQ855001] in transcript <-> gene map; returning transcript as it's own gene
[2021-04-27 20:53:11.570] [jointLog] [warning] couldn't find transcript named [DQ459413] in transcript <-> gene map; returning transcript as it's own gene
[2021-04-27 20:53:11.570] [jointLog] [warning] couldn't find transcript named [DQ883656] in transcript <-> gene map; returning transcript as it's own gene
[2021-04-27 20:53:11.570] [jointLog] [warning] couldn't find transcript named [DQ883661] in transcript <-> gene map; returning transcript as it's own gene
[2021-04-27 20:53:11.570] [jointLog] [warning] couldn't find transcript named [EF011069] in transcript <-> gene map; returning transcript as it's own gene
[2021-04-27 20:53:11.570] [jointLog] [warning] couldn't find transcript named [DQ516783] in transcript <-> gene map; returning transcript as it's own gene
[2021-04-27 20:53:11.570] [jointLog] [warning] couldn't find transcript named [DQ516787] in transcript <-> gene map; returning transcript as it's own gene
[2021-04-27 20:53:11.570] [jointLog] [warning] couldn't find transcript named [DQ459424] in transcript <-> gene map; returning transcript as it's own gene
[2021-04-27 20:53:11.570] [jointLog] [warning] couldn't find transcript named [DQ516748] in transcript <-> gene map; returning transcript as it's own gene
[2021-04-27 20:53:11.570] [jointLog] [warning] couldn't find transcript named [DQ883671] in transcript <-> gene map; returning transcript as it's own gene
[2021-04-27 20:53:11.570] [jointLog] [warning] couldn't find transcript named [DQ516740] in transcript <-> gene map; returning transcript as it's own gene
[2021-04-27 20:53:11.570] [jointLog] [warning] couldn't find transcript named [DQ516785] in transcript <-> gene map; returning transcript as it's own gene
[2021-04-27 20:53:11.570] [jointLog] [warning] couldn't find transcript named [DQ516731] in transcript <-> gene map; returning transcript as it's own gene
[2021-04-27 20:53:11.570] [jointLog] [warning] couldn't find transcript named [DQ668366] in transcript <-> gene map; returning transcript as it's own gene
[2021-04-27 20:53:11.570] [jointLog] [warning] couldn't find transcript named [DQ459418] in transcript <-> gene map; returning transcript as it's own gene
[2021-04-27 20:53:11.570] [jointLog] [warning] couldn't find transcript named [DQ668356] in transcript <-> gene map; returning transcript as it's own gene
[2021-04-27 20:53:11.570] [jointLog] [warning] couldn't find transcript named [DQ516763] in transcript <-> gene map; returning transcript as it's own gene
[2021-04-27 20:53:11.570] [jointLog] [warning] couldn't find transcript named [DQ459426] in transcript <-> gene map; returning transcript as it's own gene
[2021-04-27 20:53:11.570] [jointLog] [warning] couldn't find transcript named [DQ516786] in transcript <-> gene map; returning transcript as it's own gene
[2021-04-27 20:53:11.570] [jointLog] [warning] couldn't find transcript named [DQ883653] in transcript <-> gene map; returning transcript as it's own gene
[2021-04-27 20:53:11.570] [jointLog] [warning] couldn't find transcript named [DQ459421] in transcript <-> gene map; returning transcript as it's own gene
[2021-04-27 20:53:11.570] [jointLog] [warning] couldn't find transcript named [DQ883654] in transcript <-> gene map; returning transcript as it's own gene
[2021-04-27 20:53:11.570] [jointLog] [warning] couldn't find transcript named [DQ668358] in transcript <-> gene map; returning transcript as it's own gene
[2021-04-27 20:53:11.570] [jointLog] [warning] couldn't find transcript named [DQ516754] in transcript <-> gene map; returning transcript as it's own gene
[2021-04-27 20:53:11.570] [jointLog] [warning] couldn't find transcript named [DQ516778] in transcript <-> gene map; returning transcript as it's own gene
[2021-04-27 20:53:11.570] [jointLog] [warning] couldn't find transcript named [DQ883650] in transcript <-> gene map; returning transcript as it's own gene
[2021-04-27 20:53:11.570] [jointLog] [warning] couldn't find transcript named [DQ516742] in transcript <-> gene map; returning transcript as it's own gene
[2021-04-27 20:53:11.570] [jointLog] [warning] couldn't find transcript named [DQ883673] in transcript <-> gene map; returning transcript as it's own gene
[2021-04-27 20:53:11.570] [jointLog] [warning] couldn't find transcript named [DQ883652] in transcript <-> gene map; returning transcript as it's own gene
[2021-04-27 20:53:11.570] [jointLog] [warning] couldn't find transcript named [DQ854991] in transcript <-> gene map; returning transcript as it's own gene
[2021-04-27 20:53:11.570] [jointLog] [warning] couldn't find transcript named [DQ516780] in transcript <-> gene map; returning transcript as it's own gene
[2021-04-27 20:53:11.570] [jointLog] [warning] couldn't find transcript named [DQ883682] in transcript <-> gene map; returning transcript as it's own gene
[2021-04-27 20:53:11.570] [jointLog] [warning] couldn't find transcript named [DQ883669] in transcript <-> gene map; returning transcript as it's own gene
[2021-04-27 20:53:11.570] [jointLog] [warning] couldn't find transcript named [DQ516791] in transcript <-> gene map; returning transcript as it's own gene
[2021-04-27 20:53:11.570] [jointLog] [warning] couldn't find transcript named [DQ459425] in transcript <-> gene map; returning transcript as it's own gene
[2021-04-27 20:53:11.570] [jointLog] [warning] couldn't find transcript named [DQ516759] in transcript <-> gene map; returning transcript as it's own gene
[2021-04-27 20:53:11.570] [jointLog] [warning] couldn't find transcript named [DQ459429] in transcript <-> gene map; returning transcript as it's own gene
[2021-04-27 20:53:11.570] [jointLog] [warning] couldn't find transcript named [DQ516758] in transcript <-> gene map; returning transcript as it's own gene
[2021-04-27 20:53:11.570] [jointLog] [warning] couldn't find transcript named [DQ459415] in transcript <-> gene map; returning transcript as it's own gene
[2021-04-27 20:53:11.570] [jointLog] [warning] couldn't find transcript named [DQ875387] in transcript <-> gene map; returning transcript as it's own gene
[2021-04-27 20:53:11.570] [jointLog] [warning] couldn't find transcript named [DQ516815] in transcript <-> gene map; returning transcript as it's own gene
[2021-04-27 20:53:11.570] [jointLog] [warning] couldn't find transcript named [DQ668365] in transcript <-> gene map; returning transcript as it's own gene
[2021-04-27 20:53:11.570] [jointLog] [warning] couldn't find transcript named [DQ854998] in transcript <-> gene map; returning transcript as it's own gene
[2021-04-27 20:53:11.570] [jointLog] [warning] couldn't find transcript named [DQ883685] in transcript <-> gene map; returning transcript as it's own gene
[2021-04-27 20:53:11.570] [jointLog] [warning] couldn't find transcript named [DQ459422] in transcript <-> gene map; returning transcript as it's own gene
[2021-04-27 20:53:11.570] [jointLog] [warning] couldn't find transcript named [DQ883663] in transcript <-> gene map; returning transcript as it's own gene
[2021-04-27 20:53:11.570] [jointLog] [warning] couldn't find transcript named [DQ668367] in transcript <-> gene map; returning transcript as it's own gene
[2021-04-27 20:53:11.570] [jointLog] [warning] couldn't find transcript named [DQ459412] in transcript <-> gene map; returning transcript as it's own gene
[2021-04-27 20:53:11.570] [jointLog] [warning] couldn't find transcript named [DQ854992] in transcript <-> gene map; returning transcript as it's own gene
[2021-04-27 20:53:11.570] [jointLog] [warning] couldn't find transcript named [DQ516782] in transcript <-> gene map; returning transcript as it's own gene
[2021-04-27 20:53:11.570] [jointLog] [warning] couldn't find transcript named [DQ459427] in transcript <-> gene map; returning transcript as it's own gene
[2021-04-27 20:53:11.570] [jointLog] [warning] couldn't find transcript named [EF011072] in transcript <-> gene map; returning transcript as it's own gene
[2021-04-27 20:53:11.570] [jointLog] [warning] couldn't find transcript named [DQ855003] in transcript <-> gene map; returning transcript as it's own gene
[2021-04-27 20:53:11.570] [jointLog] [warning] couldn't find transcript named [DQ516739] in transcript <-> gene map; returning transcript as it's own gene
[2021-04-27 20:53:11.570] [jointLog] [warning] couldn't find transcript named [EF011063] in transcript <-> gene map; returning transcript as it's own gene
[2021-04-27 20:53:11.570] [jointLog] [warning] couldn't find transcript named [DQ855000] in transcript <-> gene map; returning transcript as it's own gene
[2021-04-27 20:53:11.570] [jointLog] [warning] couldn't find transcript named [DQ516777] in transcript <-> gene map; returning transcript as it's own gene
[2021-04-27 20:53:11.570] [jointLog] [warning] couldn't find transcript named [DQ883646] in transcript <-> gene map; returning transcript as it's own gene
[2021-04-27 20:53:11.570] [jointLog] [warning] couldn't find transcript named [DQ668362] in transcript <-> gene map; returning transcript as it's own gene
[2021-04-27 20:53:11.570] [jointLog] [warning] couldn't find transcript named [DQ854995] in transcript <-> gene map; returning transcript as it's own gene
[2021-04-27 20:53:11.570] [jointLog] [warning] couldn't find transcript named [DQ875386] in transcript <-> gene map; returning transcript as it's own gene
[2021-04-27 20:53:11.570] [jointLog] [warning] couldn't find transcript named [DQ516790] in transcript <-> gene map; returning transcript as it's own gene
[2021-04-27 20:53:11.570] [jointLog] [warning] couldn't find transcript named [DQ883642] in transcript <-> gene map; returning transcript as it's own gene
[2021-04-27 20:53:11.570] [jointLog] [warning] couldn't find transcript named [DQ883659] in transcript <-> gene map; returning transcript as it's own gene
[2021-04-27 20:53:11.570] [jointLog] [warning] couldn't find transcript named [DQ854997] in transcript <-> gene map; returning transcript as it's own gene
[2021-04-27 20:53:11.570] [jointLog] [warning] couldn't find transcript named [DQ883643] in transcript <-> gene map; returning transcript as it's own gene
[2021-04-27 20:53:11.570] [jointLog] [warning] couldn't find transcript named [DQ839618] in transcript <-> gene map; returning transcript as it's own gene
[2021-04-27 20:53:11.570] [jointLog] [warning] couldn't find transcript named [DQ516795] in transcript <-> gene map; returning transcript as it's own gene
[2021-04-27 20:53:11.570] [jointLog] [warning] couldn't find transcript named [DQ883658] in transcript <-> gene map; returning transcript as it's own gene
[2021-04-27 20:53:11.570] [jointLog] [warning] couldn't find transcript named [DQ516750] in transcript <-> gene map; returning transcript as it's own gene
[2021-04-27 20:53:11.570] [jointLog] [warning] couldn't find transcript named [DQ668359] in transcript <-> gene map; returning transcript as it's own gene
[2021-04-27 20:53:11.570] [jointLog] [warning] couldn't find transcript named [DQ516779] in transcript <-> gene map; returning transcript as it's own gene
[2021-04-27 20:53:11.570] [jointLog] [warning] couldn't find transcript named [DQ668363] in transcript <-> gene map; returning transcript as it's own gene
[2021-04-27 20:53:11.570] [jointLog] [warning] couldn't find transcript named [DQ516776] in transcript <-> gene map; returning transcript as it's own gene
[2021-04-27 20:53:11.570] [jointLog] [warning] couldn't find transcript named [DQ516773] in transcript <-> gene map; returning transcript as it's own gene
[2021-04-27 20:53:11.570] [jointLog] [warning] couldn't find transcript named [DQ854994] in transcript <-> gene map; returning transcript as it's own gene
[2021-04-27 20:53:11.570] [jointLog] [info] Aggregating expressions to gene level
[2021-04-27 20:53:11.718] [jointLog] [info] done
