[2021-04-27 20:53:42.573] [jointLog] [info] setting maxHashResizeThreads to 6
[2021-04-27 20:53:42.573] [jointLog] [info] Fragment incompatibility prior below threshold.  Incompatible fragments will be ignored.
[2021-04-27 20:53:42.574] [jointLog] [info] numQuantThreads = 3
[2021-04-27 20:53:45.256] [jointLog] [info] replaced 4 non-ACGT nucleotides with random nucleotides
[2021-04-27 20:53:45.510] [fileLog] [info] quantification processed 0 fragments so far

[2021-04-27 20:53:48.725] [fileLog] [info] quantification processed 1000000 fragments so far

[2021-04-27 20:53:51.878] [fileLog] [info] quantification processed 2000000 fragments so far

[2021-04-27 20:53:53.645] [jointLog] [info] 

The alignment group queue pool has been exhausted.  3481969 extra fragments were allocated on the heap to saturate the pool.  No new fragments will be allocated


[2021-04-27 20:54:00.164] [fileLog] [info] quantification processed 3000000 fragments so far

[2021-04-27 20:54:14.439] [fileLog] [info] quantification processed 4000000 fragments so far

[2021-04-27 20:54:28.808] [fileLog] [info] quantification processed 5000000 fragments so far

[2021-04-27 20:54:43.131] [fileLog] [info] quantification processed 6000000 fragments so far

[2021-04-27 20:54:57.369] [fileLog] [info] quantification processed 7000000 fragments so far

[2021-04-27 20:55:00.683] [fileLog] [info] quantification processed 8000000 fragments so far

[2021-04-27 20:55:03.925] [fileLog] [info] quantification processed 9000000 fragments so far

[2021-04-27 20:55:07.107] [fileLog] [info] quantification processed 10000000 fragments so far

[2021-04-27 20:55:10.281] [fileLog] [info] quantification processed 11000000 fragments so far

[2021-04-27 20:55:13.594] [fileLog] [info] quantification processed 12000000 fragments so far

[2021-04-27 20:55:16.800] [fileLog] [info] quantification processed 13000000 fragments so far

[2021-04-27 20:55:19.990] [fileLog] [info] quantification processed 14000000 fragments so far

[2021-04-27 20:55:23.216] [fileLog] [info] quantification processed 15000000 fragments so far

[2021-04-27 20:55:26.420] [fileLog] [info] quantification processed 16000000 fragments so far

[2021-04-27 20:55:29.682] [fileLog] [info] quantification processed 17000000 fragments so far

[2021-04-27 20:55:32.959] [fileLog] [info] quantification processed 18000000 fragments so far

[2021-04-27 20:55:36.290] [fileLog] [info] quantification processed 19000000 fragments so far

[2021-04-27 20:55:39.532] [fileLog] [info] quantification processed 20000000 fragments so far

[2021-04-27 20:55:42.837] [fileLog] [info] quantification processed 21000000 fragments so far

[2021-04-27 20:55:46.129] [fileLog] [info] quantification processed 22000000 fragments so far

[2021-04-27 20:55:49.420] [fileLog] [info] quantification processed 23000000 fragments so far

[2021-04-27 20:55:52.747] [fileLog] [info] quantification processed 24000000 fragments so far

[2021-04-27 20:55:56.065] [fileLog] [info] quantification processed 25000000 fragments so far

[2021-04-27 20:55:59.323] [fileLog] [info] quantification processed 26000000 fragments so far

[2021-04-27 20:56:02.555] [fileLog] [info] quantification processed 27000000 fragments so far

[2021-04-27 20:56:05.862] [fileLog] [info] quantification processed 28000000 fragments so far

[2021-04-27 20:56:09.058] [fileLog] [info] quantification processed 29000000 fragments so far

[2021-04-27 20:56:12.332] [fileLog] [info] quantification processed 30000000 fragments so far

[2021-04-27 20:56:15.541] [fileLog] [info] quantification processed 31000000 fragments so far

[2021-04-27 20:56:18.902] [fileLog] [info] quantification processed 32000000 fragments so far

[2021-04-27 20:56:22.127] [fileLog] [info] quantification processed 33000000 fragments so far

[2021-04-27 20:56:25.364] [fileLog] [info] quantification processed 34000000 fragments so far

[2021-04-27 20:56:28.621] [fileLog] [info] quantification processed 35000000 fragments so far

[2021-04-27 20:56:31.920] [fileLog] [info] quantification processed 36000000 fragments so far

[2021-04-27 20:56:35.137] [fileLog] [info] quantification processed 37000000 fragments so far

[2021-04-27 20:56:38.440] [fileLog] [info] quantification processed 38000000 fragments so far

[2021-04-27 20:56:41.713] [fileLog] [info] quantification processed 39000000 fragments so far

[2021-04-27 20:56:44.995] [fileLog] [info] quantification processed 40000000 fragments so far

[2021-04-27 20:56:48.237] [fileLog] [info] quantification processed 41000000 fragments so far

[2021-04-27 20:56:51.527] [fileLog] [info] quantification processed 42000000 fragments so far

[2021-04-27 20:56:54.893] [fileLog] [info] quantification processed 43000000 fragments so far

[2021-04-27 20:56:58.105] [fileLog] [info] quantification processed 44000000 fragments so far

[2021-04-27 20:57:01.444] [fileLog] [info] quantification processed 45000000 fragments so far

[2021-04-27 20:57:04.666] [fileLog] [info] quantification processed 46000000 fragments so far

[2021-04-27 20:57:07.927] [fileLog] [info] quantification processed 47000000 fragments so far

[2021-04-27 20:57:11.248] [fileLog] [info] quantification processed 48000000 fragments so far

[2021-04-27 20:57:14.520] [fileLog] [info] quantification processed 49000000 fragments so far

[2021-04-27 20:57:17.743] [fileLog] [info] quantification processed 50000000 fragments so far

[2021-04-27 20:57:18.818] [fileLog] [info] quantification processed 50328895 fragments so far

[2021-04-27 20:57:25.091] [jointLog] [info] Thread saw mini-batch with a maximum of 13.60% zero probability fragments
[2021-04-27 20:57:25.097] [jointLog] [info] Thread saw mini-batch with a maximum of 13.10% zero probability fragments
[2021-04-27 20:57:25.099] [jointLog] [info] Thread saw mini-batch with a maximum of 14.50% zero probability fragments
[2021-04-27 20:57:25.100] [jointLog] [info] 


Completed first pass through the alignment file.
Total # of mapped reads : 50328895
# of uniquely mapped reads : 17483863
# ambiguously mapped reads : 32845032



[2021-04-27 20:57:25.238] [jointLog] [info] Computed 210031 rich equivalence classes for further processing
[2021-04-27 20:57:25.238] [jointLog] [info] Counted 50100141 total reads in the equivalence classes 
[2021-04-27 20:57:25.240] [jointLog] [info] starting optimizer
[2021-04-27 20:57:25.342] [jointLog] [info] Marked 0 weighted equivalence classes as degenerate
[2021-04-27 20:57:25.361] [jointLog] [info] iteration = 0 | max rel diff. = 73.0117
[2021-04-27 20:57:26.840] [jointLog] [info] iteration = 100 | max rel diff. = 18.2971
[2021-04-27 20:57:28.287] [jointLog] [info] iteration = 200 | max rel diff. = 4.49714
[2021-04-27 20:57:29.738] [jointLog] [info] iteration = 300 | max rel diff. = 0.592066
[2021-04-27 20:57:31.188] [jointLog] [info] iteration = 400 | max rel diff. = 1.95322
[2021-04-27 20:57:32.642] [jointLog] [info] iteration = 500 | max rel diff. = 4.99001
[2021-04-27 20:57:34.094] [jointLog] [info] iteration = 600 | max rel diff. = 0.224826
[2021-04-27 20:57:35.542] [jointLog] [info] iteration = 700 | max rel diff. = 2.23623
[2021-04-27 20:57:37.013] [jointLog] [info] iteration = 800 | max rel diff. = 0.877656
[2021-04-27 20:57:38.457] [jointLog] [info] iteration = 900 | max rel diff. = 2.16677
[2021-04-27 20:57:39.864] [jointLog] [info] iteration = 1000 | max rel diff. = 0.0741645
[2021-04-27 20:57:41.285] [jointLog] [info] iteration = 1100 | max rel diff. = 0.560024
[2021-04-27 20:57:42.739] [jointLog] [info] iteration = 1200 | max rel diff. = 0.0376849
[2021-04-27 20:57:44.167] [jointLog] [info] iteration = 1300 | max rel diff. = 1.18988
[2021-04-27 20:57:45.586] [jointLog] [info] iteration = 1400 | max rel diff. = 0.222213
[2021-04-27 20:57:47.021] [jointLog] [info] iteration = 1500 | max rel diff. = 0.101589
[2021-04-27 20:57:48.438] [jointLog] [info] iteration = 1600 | max rel diff. = 0.13511
[2021-04-27 20:57:49.889] [jointLog] [info] iteration = 1700 | max rel diff. = 0.0924313
[2021-04-27 20:57:51.330] [jointLog] [info] iteration = 1800 | max rel diff. = 0.102945
[2021-04-27 20:57:52.776] [jointLog] [info] iteration = 1900 | max rel diff. = 0.0243715
[2021-04-27 20:57:53.682] [jointLog] [info] iteration = 1964 | max rel diff. = 0.00707489
[2021-04-27 20:57:53.714] [jointLog] [info] finished optimizer
[2021-04-27 20:57:53.714] [jointLog] [info] writing output
[2021-04-27 20:57:55.487] [jointLog] [info] Computing gene-level abundance estimates
[2021-04-27 20:58:22.306] [jointLog] [warning] Feature has no GFF ID
[2021-04-27 20:58:22.306] [jointLog] [warning] Feature has no GFF ID
[2021-04-27 20:58:22.306] [jointLog] [warning] Feature has no GFF ID
[2021-04-27 20:58:22.306] [jointLog] [warning] Feature has no GFF ID
[2021-04-27 20:58:22.306] [jointLog] [warning] Feature has no GFF ID
[2021-04-27 20:58:22.306] [jointLog] [warning] Feature has no GFF ID
[2021-04-27 20:58:22.306] [jointLog] [warning] Feature has no GFF ID
[2021-04-27 20:58:22.306] [jointLog] [warning] Feature has no GFF ID
[2021-04-27 20:58:22.306] [jointLog] [warning] Feature has no GFF ID
[2021-04-27 20:58:22.306] [jointLog] [warning] Feature has no GFF ID
[2021-04-27 20:58:22.306] [jointLog] [warning] Feature has no GFF ID
[2021-04-27 20:58:22.306] [jointLog] [warning] Feature has no GFF ID
[2021-04-27 20:58:22.306] [jointLog] [warning] Feature has no GFF ID
[2021-04-27 20:58:22.306] [jointLog] [warning] Feature has no GFF ID
[2021-04-27 20:58:22.306] [jointLog] [warning] Feature has no GFF ID
[2021-04-27 20:58:22.306] [jointLog] [warning] Feature has no GFF ID
[2021-04-27 20:58:22.306] [jointLog] [warning] Feature has no GFF ID
[2021-04-27 20:58:22.306] [jointLog] [warning] Feature has no GFF ID
[2021-04-27 20:58:22.306] [jointLog] [warning] Feature has no GFF ID
[2021-04-27 20:58:22.306] [jointLog] [warning] Feature has no GFF ID
[2021-04-27 20:58:22.306] [jointLog] [warning] Feature has no GFF ID
[2021-04-27 20:58:22.306] [jointLog] [warning] Feature has no GFF ID
[2021-04-27 20:58:22.306] [jointLog] [warning] Feature has no GFF ID
[2021-04-27 20:58:22.306] [jointLog] [warning] Feature has no GFF ID
[2021-04-27 20:58:22.306] [jointLog] [warning] Feature has no GFF ID
[2021-04-27 20:58:22.306] [jointLog] [warning] Feature has no GFF ID
[2021-04-27 20:58:22.306] [jointLog] [warning] Feature has no GFF ID
[2021-04-27 20:58:22.306] [jointLog] [warning] Feature has no GFF ID
[2021-04-27 20:58:22.306] [jointLog] [warning] Feature has no GFF ID
[2021-04-27 20:58:22.306] [jointLog] [warning] Feature has no GFF ID
[2021-04-27 20:58:22.306] [jointLog] [warning] Feature has no GFF ID
[2021-04-27 20:58:22.306] [jointLog] [warning] Feature has no GFF ID
[2021-04-27 20:58:22.306] [jointLog] [warning] Feature has no GFF ID
[2021-04-27 20:58:22.306] [jointLog] [warning] Feature has no GFF ID
[2021-04-27 20:58:22.306] [jointLog] [warning] Feature has no GFF ID
[2021-04-27 20:58:22.306] [jointLog] [warning] Feature has no GFF ID
[2021-04-27 20:58:22.306] [jointLog] [warning] Feature has no GFF ID
[2021-04-27 20:58:22.306] [jointLog] [warning] Feature has no GFF ID
[2021-04-27 20:58:22.306] [jointLog] [warning] Feature has no GFF ID
[2021-04-27 20:58:22.306] [jointLog] [warning] Feature has no GFF ID
[2021-04-27 20:58:22.306] [jointLog] [warning] Feature has no GFF ID
[2021-04-27 20:58:22.306] [jointLog] [warning] Feature has no GFF ID
[2021-04-27 20:58:22.306] [jointLog] [warning] Feature has no GFF ID
[2021-04-27 20:58:22.306] [jointLog] [warning] Feature has no GFF ID
[2021-04-27 20:58:22.306] [jointLog] [warning] Feature has no GFF ID
[2021-04-27 20:58:22.306] [jointLog] [warning] Feature has no GFF ID
[2021-04-27 20:58:22.306] [jointLog] [warning] Feature has no GFF ID
[2021-04-27 20:58:22.306] [jointLog] [warning] Feature has no GFF ID
[2021-04-27 20:58:22.306] [jointLog] [warning] Feature has no GFF ID
[2021-04-27 20:58:22.306] [jointLog] [warning] Feature has no GFF ID
[2021-04-27 20:58:22.306] [jointLog] [warning] Feature has no GFF ID
[2021-04-27 20:58:22.306] [jointLog] [warning] Feature has no GFF ID
[2021-04-27 20:58:22.306] [jointLog] [warning] Feature has no GFF ID
[2021-04-27 20:58:22.306] [jointLog] [warning] Feature has no GFF ID
[2021-04-27 20:58:22.306] [jointLog] [warning] Feature has no GFF ID
[2021-04-27 20:58:22.306] [jointLog] [warning] Feature has no GFF ID
[2021-04-27 20:58:22.306] [jointLog] [warning] Feature has no GFF ID
[2021-04-27 20:58:22.306] [jointLog] [warning] Feature has no GFF ID
[2021-04-27 20:58:22.306] [jointLog] [warning] Feature has no GFF ID
[2021-04-27 20:58:22.306] [jointLog] [warning] Feature has no GFF ID
[2021-04-27 20:58:22.306] [jointLog] [warning] Feature has no GFF ID
[2021-04-27 20:58:22.306] [jointLog] [warning] Feature has no GFF ID
[2021-04-27 20:58:22.306] [jointLog] [warning] Feature has no GFF ID
[2021-04-27 20:58:22.306] [jointLog] [warning] Feature has no GFF ID
[2021-04-27 20:58:22.306] [jointLog] [warning] Feature has no GFF ID
[2021-04-27 20:58:22.306] [jointLog] [warning] Feature has no GFF ID
[2021-04-27 20:58:22.306] [jointLog] [warning] Feature has no GFF ID
[2021-04-27 20:58:22.306] [jointLog] [warning] Feature has no GFF ID
[2021-04-27 20:58:22.306] [jointLog] [warning] Feature has no GFF ID
[2021-04-27 20:58:22.306] [jointLog] [warning] Feature has no GFF ID
[2021-04-27 20:58:22.306] [jointLog] [warning] Feature has no GFF ID
[2021-04-27 20:58:22.306] [jointLog] [warning] Feature has no GFF ID
[2021-04-27 20:58:22.306] [jointLog] [warning] Feature has no GFF ID
[2021-04-27 20:58:22.306] [jointLog] [warning] Feature has no GFF ID
[2021-04-27 20:58:22.306] [jointLog] [warning] Feature has no GFF ID
[2021-04-27 20:58:22.306] [jointLog] [warning] Feature has no GFF ID
[2021-04-27 20:58:22.306] [jointLog] [warning] Feature has no GFF ID
[2021-04-27 20:58:22.306] [jointLog] [warning] Feature has no GFF ID
[2021-04-27 20:58:22.306] [jointLog] [warning] Feature has no GFF ID
[2021-04-27 20:58:22.306] [jointLog] [warning] Feature has no GFF ID
[2021-04-27 20:58:22.306] [jointLog] [warning] Feature has no GFF ID
[2021-04-27 20:58:22.306] [jointLog] [warning] Feature has no GFF ID
[2021-04-27 20:58:22.306] [jointLog] [warning] Feature has no GFF ID
[2021-04-27 20:58:22.306] [jointLog] [warning] Feature has no GFF ID
[2021-04-27 20:58:22.306] [jointLog] [warning] Feature has no GFF ID
[2021-04-27 20:58:22.306] [jointLog] [warning] Feature has no GFF ID
[2021-04-27 20:58:22.306] [jointLog] [warning] Feature has no GFF ID
[2021-04-27 20:58:22.306] [jointLog] [warning] Feature has no GFF ID
[2021-04-27 20:58:22.306] [jointLog] [warning] Feature has no GFF ID
[2021-04-27 20:58:22.306] [jointLog] [warning] Feature has no GFF ID
[2021-04-27 20:58:22.306] [jointLog] [warning] Feature has no GFF ID
[2021-04-27 20:58:22.306] [jointLog] [warning] Feature has no GFF ID
[2021-04-27 20:58:22.578] [jointLog] [info] There were 142604 transcripts mapping to 55401 genes
[2021-04-27 20:58:22.578] [jointLog] [info] NOTE: We recommend using tximport (https://bioconductor.org/packages/release/bioc/html/tximport.html) for aggregating transcript-level salmon abundance estimates to the gene level.  It is more versatile, exposes more features, and allows considering multi-sample information during aggregation.
[2021-04-27 20:58:22.808] [jointLog] [warning] couldn't find transcript named [DQ459430] in transcript <-> gene map; returning transcript as it's own gene
[2021-04-27 20:58:22.808] [jointLog] [warning] couldn't find transcript named [DQ516784] in transcript <-> gene map; returning transcript as it's own gene
[2021-04-27 20:58:22.808] [jointLog] [warning] couldn't find transcript named [DQ516752] in transcript <-> gene map; returning transcript as it's own gene
[2021-04-27 20:58:22.808] [jointLog] [warning] couldn't find transcript named [DQ668364] in transcript <-> gene map; returning transcript as it's own gene
[2021-04-27 20:58:22.808] [jointLog] [warning] couldn't find transcript named [DQ883670] in transcript <-> gene map; returning transcript as it's own gene
[2021-04-27 20:58:22.808] [jointLog] [warning] couldn't find transcript named [EF011062] in transcript <-> gene map; returning transcript as it's own gene
[2021-04-27 20:58:22.808] [jointLog] [warning] couldn't find transcript named [DQ875385] in transcript <-> gene map; returning transcript as it's own gene
[2021-04-27 20:58:22.808] [jointLog] [warning] couldn't find transcript named [DQ883664] in transcript <-> gene map; returning transcript as it's own gene
[2021-04-27 20:58:22.808] [jointLog] [warning] couldn't find transcript named [DQ459420] in transcript <-> gene map; returning transcript as it's own gene
[2021-04-27 20:58:22.808] [jointLog] [warning] couldn't find transcript named [DQ883651] in transcript <-> gene map; returning transcript as it's own gene
[2021-04-27 20:58:22.808] [jointLog] [warning] couldn't find transcript named [DQ855004] in transcript <-> gene map; returning transcript as it's own gene
[2021-04-27 20:58:22.808] [jointLog] [warning] couldn't find transcript named [DQ854993] in transcript <-> gene map; returning transcript as it's own gene
[2021-04-27 20:58:22.808] [jointLog] [warning] couldn't find transcript named [DQ883689] in transcript <-> gene map; returning transcript as it's own gene
[2021-04-27 20:58:22.808] [jointLog] [warning] couldn't find transcript named [DQ459419] in transcript <-> gene map; returning transcript as it's own gene
[2021-04-27 20:58:22.808] [jointLog] [warning] couldn't find transcript named [DQ459431] in transcript <-> gene map; returning transcript as it's own gene
[2021-04-27 20:58:22.808] [jointLog] [warning] couldn't find transcript named [DQ516796] in transcript <-> gene map; returning transcript as it's own gene
[2021-04-27 20:58:22.808] [jointLog] [warning] couldn't find transcript named [DQ855001] in transcript <-> gene map; returning transcript as it's own gene
[2021-04-27 20:58:22.808] [jointLog] [warning] couldn't find transcript named [DQ459413] in transcript <-> gene map; returning transcript as it's own gene
[2021-04-27 20:58:22.808] [jointLog] [warning] couldn't find transcript named [DQ883656] in transcript <-> gene map; returning transcript as it's own gene
[2021-04-27 20:58:22.808] [jointLog] [warning] couldn't find transcript named [DQ883661] in transcript <-> gene map; returning transcript as it's own gene
[2021-04-27 20:58:22.808] [jointLog] [warning] couldn't find transcript named [EF011069] in transcript <-> gene map; returning transcript as it's own gene
[2021-04-27 20:58:22.808] [jointLog] [warning] couldn't find transcript named [DQ516783] in transcript <-> gene map; returning transcript as it's own gene
[2021-04-27 20:58:22.808] [jointLog] [warning] couldn't find transcript named [DQ516787] in transcript <-> gene map; returning transcript as it's own gene
[2021-04-27 20:58:22.808] [jointLog] [warning] couldn't find transcript named [DQ459424] in transcript <-> gene map; returning transcript as it's own gene
[2021-04-27 20:58:22.808] [jointLog] [warning] couldn't find transcript named [DQ516748] in transcript <-> gene map; returning transcript as it's own gene
[2021-04-27 20:58:22.808] [jointLog] [warning] couldn't find transcript named [DQ883671] in transcript <-> gene map; returning transcript as it's own gene
[2021-04-27 20:58:22.808] [jointLog] [warning] couldn't find transcript named [DQ516740] in transcript <-> gene map; returning transcript as it's own gene
[2021-04-27 20:58:22.808] [jointLog] [warning] couldn't find transcript named [DQ516785] in transcript <-> gene map; returning transcript as it's own gene
[2021-04-27 20:58:22.808] [jointLog] [warning] couldn't find transcript named [DQ516731] in transcript <-> gene map; returning transcript as it's own gene
[2021-04-27 20:58:22.808] [jointLog] [warning] couldn't find transcript named [DQ668366] in transcript <-> gene map; returning transcript as it's own gene
[2021-04-27 20:58:22.808] [jointLog] [warning] couldn't find transcript named [DQ459418] in transcript <-> gene map; returning transcript as it's own gene
[2021-04-27 20:58:22.808] [jointLog] [warning] couldn't find transcript named [DQ668356] in transcript <-> gene map; returning transcript as it's own gene
[2021-04-27 20:58:22.808] [jointLog] [warning] couldn't find transcript named [DQ516763] in transcript <-> gene map; returning transcript as it's own gene
[2021-04-27 20:58:22.808] [jointLog] [warning] couldn't find transcript named [DQ459426] in transcript <-> gene map; returning transcript as it's own gene
[2021-04-27 20:58:22.808] [jointLog] [warning] couldn't find transcript named [DQ516786] in transcript <-> gene map; returning transcript as it's own gene
[2021-04-27 20:58:22.808] [jointLog] [warning] couldn't find transcript named [DQ883653] in transcript <-> gene map; returning transcript as it's own gene
[2021-04-27 20:58:22.808] [jointLog] [warning] couldn't find transcript named [DQ459421] in transcript <-> gene map; returning transcript as it's own gene
[2021-04-27 20:58:22.808] [jointLog] [warning] couldn't find transcript named [DQ883654] in transcript <-> gene map; returning transcript as it's own gene
[2021-04-27 20:58:22.808] [jointLog] [warning] couldn't find transcript named [DQ668358] in transcript <-> gene map; returning transcript as it's own gene
[2021-04-27 20:58:22.808] [jointLog] [warning] couldn't find transcript named [DQ516754] in transcript <-> gene map; returning transcript as it's own gene
[2021-04-27 20:58:22.808] [jointLog] [warning] couldn't find transcript named [DQ516778] in transcript <-> gene map; returning transcript as it's own gene
[2021-04-27 20:58:22.808] [jointLog] [warning] couldn't find transcript named [DQ883650] in transcript <-> gene map; returning transcript as it's own gene
[2021-04-27 20:58:22.808] [jointLog] [warning] couldn't find transcript named [DQ516742] in transcript <-> gene map; returning transcript as it's own gene
[2021-04-27 20:58:22.808] [jointLog] [warning] couldn't find transcript named [DQ883673] in transcript <-> gene map; returning transcript as it's own gene
[2021-04-27 20:58:22.808] [jointLog] [warning] couldn't find transcript named [DQ883652] in transcript <-> gene map; returning transcript as it's own gene
[2021-04-27 20:58:22.808] [jointLog] [warning] couldn't find transcript named [DQ854991] in transcript <-> gene map; returning transcript as it's own gene
[2021-04-27 20:58:22.808] [jointLog] [warning] couldn't find transcript named [DQ516780] in transcript <-> gene map; returning transcript as it's own gene
[2021-04-27 20:58:22.808] [jointLog] [warning] couldn't find transcript named [DQ883682] in transcript <-> gene map; returning transcript as it's own gene
[2021-04-27 20:58:22.808] [jointLog] [warning] couldn't find transcript named [DQ883669] in transcript <-> gene map; returning transcript as it's own gene
[2021-04-27 20:58:22.808] [jointLog] [warning] couldn't find transcript named [DQ516791] in transcript <-> gene map; returning transcript as it's own gene
[2021-04-27 20:58:22.808] [jointLog] [warning] couldn't find transcript named [DQ459425] in transcript <-> gene map; returning transcript as it's own gene
[2021-04-27 20:58:22.808] [jointLog] [warning] couldn't find transcript named [DQ516759] in transcript <-> gene map; returning transcript as it's own gene
[2021-04-27 20:58:22.808] [jointLog] [warning] couldn't find transcript named [DQ459429] in transcript <-> gene map; returning transcript as it's own gene
[2021-04-27 20:58:22.808] [jointLog] [warning] couldn't find transcript named [DQ516758] in transcript <-> gene map; returning transcript as it's own gene
[2021-04-27 20:58:22.808] [jointLog] [warning] couldn't find transcript named [DQ459415] in transcript <-> gene map; returning transcript as it's own gene
[2021-04-27 20:58:22.808] [jointLog] [warning] couldn't find transcript named [DQ875387] in transcript <-> gene map; returning transcript as it's own gene
[2021-04-27 20:58:22.808] [jointLog] [warning] couldn't find transcript named [DQ516815] in transcript <-> gene map; returning transcript as it's own gene
[2021-04-27 20:58:22.808] [jointLog] [warning] couldn't find transcript named [DQ668365] in transcript <-> gene map; returning transcript as it's own gene
[2021-04-27 20:58:22.808] [jointLog] [warning] couldn't find transcript named [DQ854998] in transcript <-> gene map; returning transcript as it's own gene
[2021-04-27 20:58:22.808] [jointLog] [warning] couldn't find transcript named [DQ883685] in transcript <-> gene map; returning transcript as it's own gene
[2021-04-27 20:58:22.808] [jointLog] [warning] couldn't find transcript named [DQ459422] in transcript <-> gene map; returning transcript as it's own gene
[2021-04-27 20:58:22.808] [jointLog] [warning] couldn't find transcript named [DQ883663] in transcript <-> gene map; returning transcript as it's own gene
[2021-04-27 20:58:22.808] [jointLog] [warning] couldn't find transcript named [DQ668367] in transcript <-> gene map; returning transcript as it's own gene
[2021-04-27 20:58:22.808] [jointLog] [warning] couldn't find transcript named [DQ459412] in transcript <-> gene map; returning transcript as it's own gene
[2021-04-27 20:58:22.808] [jointLog] [warning] couldn't find transcript named [DQ854992] in transcript <-> gene map; returning transcript as it's own gene
[2021-04-27 20:58:22.808] [jointLog] [warning] couldn't find transcript named [DQ516782] in transcript <-> gene map; returning transcript as it's own gene
[2021-04-27 20:58:22.808] [jointLog] [warning] couldn't find transcript named [DQ459427] in transcript <-> gene map; returning transcript as it's own gene
[2021-04-27 20:58:22.808] [jointLog] [warning] couldn't find transcript named [EF011072] in transcript <-> gene map; returning transcript as it's own gene
[2021-04-27 20:58:22.808] [jointLog] [warning] couldn't find transcript named [DQ855003] in transcript <-> gene map; returning transcript as it's own gene
[2021-04-27 20:58:22.808] [jointLog] [warning] couldn't find transcript named [DQ516739] in transcript <-> gene map; returning transcript as it's own gene
[2021-04-27 20:58:22.808] [jointLog] [warning] couldn't find transcript named [EF011063] in transcript <-> gene map; returning transcript as it's own gene
[2021-04-27 20:58:22.808] [jointLog] [warning] couldn't find transcript named [DQ855000] in transcript <-> gene map; returning transcript as it's own gene
[2021-04-27 20:58:22.808] [jointLog] [warning] couldn't find transcript named [DQ516777] in transcript <-> gene map; returning transcript as it's own gene
[2021-04-27 20:58:22.808] [jointLog] [warning] couldn't find transcript named [DQ883646] in transcript <-> gene map; returning transcript as it's own gene
[2021-04-27 20:58:22.808] [jointLog] [warning] couldn't find transcript named [DQ668362] in transcript <-> gene map; returning transcript as it's own gene
[2021-04-27 20:58:22.808] [jointLog] [warning] couldn't find transcript named [DQ854995] in transcript <-> gene map; returning transcript as it's own gene
[2021-04-27 20:58:22.808] [jointLog] [warning] couldn't find transcript named [DQ875386] in transcript <-> gene map; returning transcript as it's own gene
[2021-04-27 20:58:22.808] [jointLog] [warning] couldn't find transcript named [DQ516790] in transcript <-> gene map; returning transcript as it's own gene
[2021-04-27 20:58:22.808] [jointLog] [warning] couldn't find transcript named [DQ883642] in transcript <-> gene map; returning transcript as it's own gene
[2021-04-27 20:58:22.808] [jointLog] [warning] couldn't find transcript named [DQ883659] in transcript <-> gene map; returning transcript as it's own gene
[2021-04-27 20:58:22.808] [jointLog] [warning] couldn't find transcript named [DQ854997] in transcript <-> gene map; returning transcript as it's own gene
[2021-04-27 20:58:22.808] [jointLog] [warning] couldn't find transcript named [DQ883643] in transcript <-> gene map; returning transcript as it's own gene
[2021-04-27 20:58:22.808] [jointLog] [warning] couldn't find transcript named [DQ839618] in transcript <-> gene map; returning transcript as it's own gene
[2021-04-27 20:58:22.808] [jointLog] [warning] couldn't find transcript named [DQ516795] in transcript <-> gene map; returning transcript as it's own gene
[2021-04-27 20:58:22.808] [jointLog] [warning] couldn't find transcript named [DQ883658] in transcript <-> gene map; returning transcript as it's own gene
[2021-04-27 20:58:22.808] [jointLog] [warning] couldn't find transcript named [DQ516750] in transcript <-> gene map; returning transcript as it's own gene
[2021-04-27 20:58:22.808] [jointLog] [warning] couldn't find transcript named [DQ668359] in transcript <-> gene map; returning transcript as it's own gene
[2021-04-27 20:58:22.808] [jointLog] [warning] couldn't find transcript named [DQ516779] in transcript <-> gene map; returning transcript as it's own gene
[2021-04-27 20:58:22.808] [jointLog] [warning] couldn't find transcript named [DQ668363] in transcript <-> gene map; returning transcript as it's own gene
[2021-04-27 20:58:22.808] [jointLog] [warning] couldn't find transcript named [DQ516776] in transcript <-> gene map; returning transcript as it's own gene
[2021-04-27 20:58:22.808] [jointLog] [warning] couldn't find transcript named [DQ516773] in transcript <-> gene map; returning transcript as it's own gene
[2021-04-27 20:58:22.808] [jointLog] [warning] couldn't find transcript named [DQ854994] in transcript <-> gene map; returning transcript as it's own gene
[2021-04-27 20:58:22.808] [jointLog] [info] Aggregating expressions to gene level
[2021-04-27 20:58:22.961] [jointLog] [info] done
