[2021-04-27 20:45:19.402] [jointLog] [info] setting maxHashResizeThreads to 6
[2021-04-27 20:45:19.402] [jointLog] [info] Fragment incompatibility prior below threshold.  Incompatible fragments will be ignored.
[2021-04-27 20:45:19.403] [jointLog] [info] numQuantThreads = 3
[2021-04-27 20:45:22.370] [jointLog] [info] replaced 4 non-ACGT nucleotides with random nucleotides
[2021-04-27 20:45:22.667] [fileLog] [info] quantification processed 0 fragments so far

[2021-04-27 20:45:26.159] [fileLog] [info] quantification processed 1000000 fragments so far

[2021-04-27 20:45:30.213] [fileLog] [info] quantification processed 2000000 fragments so far

[2021-04-27 20:45:31.611] [jointLog] [info] 

The alignment group queue pool has been exhausted.  3152950 extra fragments were allocated on the heap to saturate the pool.  No new fragments will be allocated


[2021-04-27 20:45:42.318] [fileLog] [info] quantification processed 3000000 fragments so far

[2021-04-27 20:46:01.154] [fileLog] [info] quantification processed 4000000 fragments so far

[2021-04-27 20:46:19.935] [fileLog] [info] quantification processed 5000000 fragments so far

[2021-04-27 20:46:38.265] [fileLog] [info] quantification processed 6000000 fragments so far

[2021-04-27 20:46:56.529] [fileLog] [info] quantification processed 7000000 fragments so far

[2021-04-27 20:47:00.357] [fileLog] [info] quantification processed 8000000 fragments so far

[2021-04-27 20:47:03.491] [fileLog] [info] quantification processed 9000000 fragments so far

[2021-04-27 20:47:06.638] [fileLog] [info] quantification processed 10000000 fragments so far

[2021-04-27 20:47:09.602] [fileLog] [info] quantification processed 11000000 fragments so far

[2021-04-27 20:47:12.547] [fileLog] [info] quantification processed 12000000 fragments so far

[2021-04-27 20:47:15.699] [fileLog] [info] quantification processed 13000000 fragments so far

[2021-04-27 20:47:18.850] [fileLog] [info] quantification processed 14000000 fragments so far

[2021-04-27 20:47:21.854] [fileLog] [info] quantification processed 15000000 fragments so far

[2021-04-27 20:47:24.926] [fileLog] [info] quantification processed 16000000 fragments so far

[2021-04-27 20:47:27.912] [fileLog] [info] quantification processed 17000000 fragments so far

[2021-04-27 20:47:30.758] [fileLog] [info] quantification processed 18000000 fragments so far

[2021-04-27 20:47:33.699] [fileLog] [info] quantification processed 19000000 fragments so far

[2021-04-27 20:47:36.600] [fileLog] [info] quantification processed 20000000 fragments so far

[2021-04-27 20:47:39.390] [fileLog] [info] quantification processed 21000000 fragments so far

[2021-04-27 20:47:42.284] [fileLog] [info] quantification processed 22000000 fragments so far

[2021-04-27 20:47:45.192] [fileLog] [info] quantification processed 23000000 fragments so far

[2021-04-27 20:47:48.060] [fileLog] [info] quantification processed 24000000 fragments so far

[2021-04-27 20:47:50.916] [fileLog] [info] quantification processed 25000000 fragments so far

[2021-04-27 20:47:53.749] [fileLog] [info] quantification processed 26000000 fragments so far

[2021-04-27 20:47:56.685] [fileLog] [info] quantification processed 27000000 fragments so far

[2021-04-27 20:47:59.527] [fileLog] [info] quantification processed 28000000 fragments so far

[2021-04-27 20:48:02.355] [fileLog] [info] quantification processed 29000000 fragments so far

[2021-04-27 20:48:05.341] [fileLog] [info] quantification processed 30000000 fragments so far

[2021-04-27 20:48:08.301] [fileLog] [info] quantification processed 31000000 fragments so far

[2021-04-27 20:48:11.153] [fileLog] [info] quantification processed 32000000 fragments so far

[2021-04-27 20:48:14.044] [fileLog] [info] quantification processed 33000000 fragments so far

[2021-04-27 20:48:16.886] [fileLog] [info] quantification processed 34000000 fragments so far

[2021-04-27 20:48:19.814] [fileLog] [info] quantification processed 35000000 fragments so far

[2021-04-27 20:48:22.694] [fileLog] [info] quantification processed 36000000 fragments so far

[2021-04-27 20:48:25.590] [fileLog] [info] quantification processed 37000000 fragments so far

[2021-04-27 20:48:28.426] [fileLog] [info] quantification processed 38000000 fragments so far

[2021-04-27 20:48:31.330] [fileLog] [info] quantification processed 39000000 fragments so far

[2021-04-27 20:48:33.313] [fileLog] [info] quantification processed 39657686 fragments so far

[2021-04-27 20:48:38.909] [jointLog] [info] Thread saw mini-batch with a maximum of 3.10% zero probability fragments
[2021-04-27 20:48:38.913] [jointLog] [info] Thread saw mini-batch with a maximum of 3.00% zero probability fragments
[2021-04-27 20:48:38.915] [jointLog] [info] Thread saw mini-batch with a maximum of 2.40% zero probability fragments
[2021-04-27 20:48:38.915] [jointLog] [info] 


Completed first pass through the alignment file.
Total # of mapped reads : 39657686
# of uniquely mapped reads : 15021260
# ambiguously mapped reads : 24636426



[2021-04-27 20:48:39.086] [jointLog] [info] Computed 245867 rich equivalence classes for further processing
[2021-04-27 20:48:39.086] [jointLog] [info] Counted 39324691 total reads in the equivalence classes 
[2021-04-27 20:48:39.089] [jointLog] [info] starting optimizer
[2021-04-27 20:48:39.206] [jointLog] [info] Marked 0 weighted equivalence classes as degenerate
[2021-04-27 20:48:39.228] [jointLog] [info] iteration = 0 | max rel diff. = 5820.34
[2021-04-27 20:48:41.023] [jointLog] [info] iteration = 100 | max rel diff. = 6.21459
[2021-04-27 20:48:42.788] [jointLog] [info] iteration = 200 | max rel diff. = 1.80135
[2021-04-27 20:48:44.549] [jointLog] [info] iteration = 300 | max rel diff. = 3.56143
[2021-04-27 20:48:46.322] [jointLog] [info] iteration = 400 | max rel diff. = 0.276895
[2021-04-27 20:48:48.091] [jointLog] [info] iteration = 500 | max rel diff. = 2.73008
[2021-04-27 20:48:49.866] [jointLog] [info] iteration = 600 | max rel diff. = 3.68471
[2021-04-27 20:48:51.624] [jointLog] [info] iteration = 700 | max rel diff. = 0.22267
[2021-04-27 20:48:53.389] [jointLog] [info] iteration = 800 | max rel diff. = 0.0594677
[2021-04-27 20:48:55.135] [jointLog] [info] iteration = 900 | max rel diff. = 0.0263478
[2021-04-27 20:48:56.910] [jointLog] [info] iteration = 1000 | max rel diff. = 0.795569
[2021-04-27 20:48:58.657] [jointLog] [info] iteration = 1100 | max rel diff. = 0.0548134
[2021-04-27 20:49:00.405] [jointLog] [info] iteration = 1200 | max rel diff. = 0.035442
[2021-04-27 20:49:02.052] [jointLog] [info] iteration = 1300 | max rel diff. = 0.0286171
[2021-04-27 20:49:03.637] [jointLog] [info] iteration = 1400 | max rel diff. = 0.099935
[2021-04-27 20:49:05.215] [jointLog] [info] iteration = 1500 | max rel diff. = 0.103586
[2021-04-27 20:49:06.801] [jointLog] [info] iteration = 1600 | max rel diff. = 0.0943132
[2021-04-27 20:49:08.377] [jointLog] [info] iteration = 1700 | max rel diff. = 0.07028
[2021-04-27 20:49:10.024] [jointLog] [info] iteration = 1800 | max rel diff. = 3.60514
[2021-04-27 20:49:11.910] [jointLog] [info] iteration = 1900 | max rel diff. = 0.0332284
[2021-04-27 20:49:13.902] [jointLog] [info] iteration = 2000 | max rel diff. = 0.0450645
[2021-04-27 20:49:15.903] [jointLog] [info] iteration = 2100 | max rel diff. = 0.0139552
[2021-04-27 20:49:17.911] [jointLog] [info] iteration = 2200 | max rel diff. = 0.0478752
[2021-04-27 20:49:18.359] [jointLog] [info] iteration = 2223 | max rel diff. = 0.00313322
[2021-04-27 20:49:18.397] [jointLog] [info] finished optimizer
[2021-04-27 20:49:18.397] [jointLog] [info] writing output
[2021-04-27 20:49:20.465] [jointLog] [info] Computing gene-level abundance estimates
[2021-04-27 20:49:47.436] [jointLog] [warning] Feature has no GFF ID
[2021-04-27 20:49:47.436] [jointLog] [warning] Feature has no GFF ID
[2021-04-27 20:49:47.436] [jointLog] [warning] Feature has no GFF ID
[2021-04-27 20:49:47.436] [jointLog] [warning] Feature has no GFF ID
[2021-04-27 20:49:47.436] [jointLog] [warning] Feature has no GFF ID
[2021-04-27 20:49:47.436] [jointLog] [warning] Feature has no GFF ID
[2021-04-27 20:49:47.436] [jointLog] [warning] Feature has no GFF ID
[2021-04-27 20:49:47.436] [jointLog] [warning] Feature has no GFF ID
[2021-04-27 20:49:47.436] [jointLog] [warning] Feature has no GFF ID
[2021-04-27 20:49:47.436] [jointLog] [warning] Feature has no GFF ID
[2021-04-27 20:49:47.436] [jointLog] [warning] Feature has no GFF ID
[2021-04-27 20:49:47.436] [jointLog] [warning] Feature has no GFF ID
[2021-04-27 20:49:47.436] [jointLog] [warning] Feature has no GFF ID
[2021-04-27 20:49:47.436] [jointLog] [warning] Feature has no GFF ID
[2021-04-27 20:49:47.436] [jointLog] [warning] Feature has no GFF ID
[2021-04-27 20:49:47.436] [jointLog] [warning] Feature has no GFF ID
[2021-04-27 20:49:47.436] [jointLog] [warning] Feature has no GFF ID
[2021-04-27 20:49:47.436] [jointLog] [warning] Feature has no GFF ID
[2021-04-27 20:49:47.436] [jointLog] [warning] Feature has no GFF ID
[2021-04-27 20:49:47.436] [jointLog] [warning] Feature has no GFF ID
[2021-04-27 20:49:47.436] [jointLog] [warning] Feature has no GFF ID
[2021-04-27 20:49:47.436] [jointLog] [warning] Feature has no GFF ID
[2021-04-27 20:49:47.436] [jointLog] [warning] Feature has no GFF ID
[2021-04-27 20:49:47.436] [jointLog] [warning] Feature has no GFF ID
[2021-04-27 20:49:47.436] [jointLog] [warning] Feature has no GFF ID
[2021-04-27 20:49:47.436] [jointLog] [warning] Feature has no GFF ID
[2021-04-27 20:49:47.436] [jointLog] [warning] Feature has no GFF ID
[2021-04-27 20:49:47.436] [jointLog] [warning] Feature has no GFF ID
[2021-04-27 20:49:47.436] [jointLog] [warning] Feature has no GFF ID
[2021-04-27 20:49:47.436] [jointLog] [warning] Feature has no GFF ID
[2021-04-27 20:49:47.436] [jointLog] [warning] Feature has no GFF ID
[2021-04-27 20:49:47.436] [jointLog] [warning] Feature has no GFF ID
[2021-04-27 20:49:47.436] [jointLog] [warning] Feature has no GFF ID
[2021-04-27 20:49:47.436] [jointLog] [warning] Feature has no GFF ID
[2021-04-27 20:49:47.436] [jointLog] [warning] Feature has no GFF ID
[2021-04-27 20:49:47.436] [jointLog] [warning] Feature has no GFF ID
[2021-04-27 20:49:47.436] [jointLog] [warning] Feature has no GFF ID
[2021-04-27 20:49:47.436] [jointLog] [warning] Feature has no GFF ID
[2021-04-27 20:49:47.436] [jointLog] [warning] Feature has no GFF ID
[2021-04-27 20:49:47.436] [jointLog] [warning] Feature has no GFF ID
[2021-04-27 20:49:47.436] [jointLog] [warning] Feature has no GFF ID
[2021-04-27 20:49:47.436] [jointLog] [warning] Feature has no GFF ID
[2021-04-27 20:49:47.436] [jointLog] [warning] Feature has no GFF ID
[2021-04-27 20:49:47.436] [jointLog] [warning] Feature has no GFF ID
[2021-04-27 20:49:47.436] [jointLog] [warning] Feature has no GFF ID
[2021-04-27 20:49:47.436] [jointLog] [warning] Feature has no GFF ID
[2021-04-27 20:49:47.436] [jointLog] [warning] Feature has no GFF ID
[2021-04-27 20:49:47.436] [jointLog] [warning] Feature has no GFF ID
[2021-04-27 20:49:47.436] [jointLog] [warning] Feature has no GFF ID
[2021-04-27 20:49:47.436] [jointLog] [warning] Feature has no GFF ID
[2021-04-27 20:49:47.436] [jointLog] [warning] Feature has no GFF ID
[2021-04-27 20:49:47.436] [jointLog] [warning] Feature has no GFF ID
[2021-04-27 20:49:47.436] [jointLog] [warning] Feature has no GFF ID
[2021-04-27 20:49:47.436] [jointLog] [warning] Feature has no GFF ID
[2021-04-27 20:49:47.436] [jointLog] [warning] Feature has no GFF ID
[2021-04-27 20:49:47.436] [jointLog] [warning] Feature has no GFF ID
[2021-04-27 20:49:47.436] [jointLog] [warning] Feature has no GFF ID
[2021-04-27 20:49:47.436] [jointLog] [warning] Feature has no GFF ID
[2021-04-27 20:49:47.436] [jointLog] [warning] Feature has no GFF ID
[2021-04-27 20:49:47.436] [jointLog] [warning] Feature has no GFF ID
[2021-04-27 20:49:47.436] [jointLog] [warning] Feature has no GFF ID
[2021-04-27 20:49:47.436] [jointLog] [warning] Feature has no GFF ID
[2021-04-27 20:49:47.436] [jointLog] [warning] Feature has no GFF ID
[2021-04-27 20:49:47.436] [jointLog] [warning] Feature has no GFF ID
[2021-04-27 20:49:47.436] [jointLog] [warning] Feature has no GFF ID
[2021-04-27 20:49:47.436] [jointLog] [warning] Feature has no GFF ID
[2021-04-27 20:49:47.436] [jointLog] [warning] Feature has no GFF ID
[2021-04-27 20:49:47.436] [jointLog] [warning] Feature has no GFF ID
[2021-04-27 20:49:47.436] [jointLog] [warning] Feature has no GFF ID
[2021-04-27 20:49:47.436] [jointLog] [warning] Feature has no GFF ID
[2021-04-27 20:49:47.436] [jointLog] [warning] Feature has no GFF ID
[2021-04-27 20:49:47.436] [jointLog] [warning] Feature has no GFF ID
[2021-04-27 20:49:47.436] [jointLog] [warning] Feature has no GFF ID
[2021-04-27 20:49:47.436] [jointLog] [warning] Feature has no GFF ID
[2021-04-27 20:49:47.436] [jointLog] [warning] Feature has no GFF ID
[2021-04-27 20:49:47.436] [jointLog] [warning] Feature has no GFF ID
[2021-04-27 20:49:47.436] [jointLog] [warning] Feature has no GFF ID
[2021-04-27 20:49:47.436] [jointLog] [warning] Feature has no GFF ID
[2021-04-27 20:49:47.436] [jointLog] [warning] Feature has no GFF ID
[2021-04-27 20:49:47.436] [jointLog] [warning] Feature has no GFF ID
[2021-04-27 20:49:47.436] [jointLog] [warning] Feature has no GFF ID
[2021-04-27 20:49:47.436] [jointLog] [warning] Feature has no GFF ID
[2021-04-27 20:49:47.436] [jointLog] [warning] Feature has no GFF ID
[2021-04-27 20:49:47.436] [jointLog] [warning] Feature has no GFF ID
[2021-04-27 20:49:47.436] [jointLog] [warning] Feature has no GFF ID
[2021-04-27 20:49:47.436] [jointLog] [warning] Feature has no GFF ID
[2021-04-27 20:49:47.436] [jointLog] [warning] Feature has no GFF ID
[2021-04-27 20:49:47.436] [jointLog] [warning] Feature has no GFF ID
[2021-04-27 20:49:47.436] [jointLog] [warning] Feature has no GFF ID
[2021-04-27 20:49:47.436] [jointLog] [warning] Feature has no GFF ID
[2021-04-27 20:49:47.436] [jointLog] [warning] Feature has no GFF ID
[2021-04-27 20:49:47.436] [jointLog] [warning] Feature has no GFF ID
[2021-04-27 20:49:47.752] [jointLog] [info] There were 142604 transcripts mapping to 55401 genes
[2021-04-27 20:49:47.752] [jointLog] [info] NOTE: We recommend using tximport (https://bioconductor.org/packages/release/bioc/html/tximport.html) for aggregating transcript-level salmon abundance estimates to the gene level.  It is more versatile, exposes more features, and allows considering multi-sample information during aggregation.
[2021-04-27 20:49:48.013] [jointLog] [warning] couldn't find transcript named [DQ459430] in transcript <-> gene map; returning transcript as it's own gene
[2021-04-27 20:49:48.013] [jointLog] [warning] couldn't find transcript named [DQ516784] in transcript <-> gene map; returning transcript as it's own gene
[2021-04-27 20:49:48.013] [jointLog] [warning] couldn't find transcript named [DQ516752] in transcript <-> gene map; returning transcript as it's own gene
[2021-04-27 20:49:48.013] [jointLog] [warning] couldn't find transcript named [DQ668364] in transcript <-> gene map; returning transcript as it's own gene
[2021-04-27 20:49:48.013] [jointLog] [warning] couldn't find transcript named [DQ883670] in transcript <-> gene map; returning transcript as it's own gene
[2021-04-27 20:49:48.013] [jointLog] [warning] couldn't find transcript named [EF011062] in transcript <-> gene map; returning transcript as it's own gene
[2021-04-27 20:49:48.013] [jointLog] [warning] couldn't find transcript named [DQ875385] in transcript <-> gene map; returning transcript as it's own gene
[2021-04-27 20:49:48.013] [jointLog] [warning] couldn't find transcript named [DQ883664] in transcript <-> gene map; returning transcript as it's own gene
[2021-04-27 20:49:48.013] [jointLog] [warning] couldn't find transcript named [DQ459420] in transcript <-> gene map; returning transcript as it's own gene
[2021-04-27 20:49:48.013] [jointLog] [warning] couldn't find transcript named [DQ883651] in transcript <-> gene map; returning transcript as it's own gene
[2021-04-27 20:49:48.013] [jointLog] [warning] couldn't find transcript named [DQ855004] in transcript <-> gene map; returning transcript as it's own gene
[2021-04-27 20:49:48.013] [jointLog] [warning] couldn't find transcript named [DQ854993] in transcript <-> gene map; returning transcript as it's own gene
[2021-04-27 20:49:48.013] [jointLog] [warning] couldn't find transcript named [DQ883689] in transcript <-> gene map; returning transcript as it's own gene
[2021-04-27 20:49:48.013] [jointLog] [warning] couldn't find transcript named [DQ459419] in transcript <-> gene map; returning transcript as it's own gene
[2021-04-27 20:49:48.013] [jointLog] [warning] couldn't find transcript named [DQ459431] in transcript <-> gene map; returning transcript as it's own gene
[2021-04-27 20:49:48.013] [jointLog] [warning] couldn't find transcript named [DQ516796] in transcript <-> gene map; returning transcript as it's own gene
[2021-04-27 20:49:48.013] [jointLog] [warning] couldn't find transcript named [DQ855001] in transcript <-> gene map; returning transcript as it's own gene
[2021-04-27 20:49:48.013] [jointLog] [warning] couldn't find transcript named [DQ459413] in transcript <-> gene map; returning transcript as it's own gene
[2021-04-27 20:49:48.013] [jointLog] [warning] couldn't find transcript named [DQ883656] in transcript <-> gene map; returning transcript as it's own gene
[2021-04-27 20:49:48.013] [jointLog] [warning] couldn't find transcript named [DQ883661] in transcript <-> gene map; returning transcript as it's own gene
[2021-04-27 20:49:48.013] [jointLog] [warning] couldn't find transcript named [EF011069] in transcript <-> gene map; returning transcript as it's own gene
[2021-04-27 20:49:48.013] [jointLog] [warning] couldn't find transcript named [DQ516783] in transcript <-> gene map; returning transcript as it's own gene
[2021-04-27 20:49:48.013] [jointLog] [warning] couldn't find transcript named [DQ516787] in transcript <-> gene map; returning transcript as it's own gene
[2021-04-27 20:49:48.013] [jointLog] [warning] couldn't find transcript named [DQ459424] in transcript <-> gene map; returning transcript as it's own gene
[2021-04-27 20:49:48.013] [jointLog] [warning] couldn't find transcript named [DQ516748] in transcript <-> gene map; returning transcript as it's own gene
[2021-04-27 20:49:48.013] [jointLog] [warning] couldn't find transcript named [DQ883671] in transcript <-> gene map; returning transcript as it's own gene
[2021-04-27 20:49:48.013] [jointLog] [warning] couldn't find transcript named [DQ516740] in transcript <-> gene map; returning transcript as it's own gene
[2021-04-27 20:49:48.013] [jointLog] [warning] couldn't find transcript named [DQ516785] in transcript <-> gene map; returning transcript as it's own gene
[2021-04-27 20:49:48.013] [jointLog] [warning] couldn't find transcript named [DQ516731] in transcript <-> gene map; returning transcript as it's own gene
[2021-04-27 20:49:48.013] [jointLog] [warning] couldn't find transcript named [DQ668366] in transcript <-> gene map; returning transcript as it's own gene
[2021-04-27 20:49:48.013] [jointLog] [warning] couldn't find transcript named [DQ459418] in transcript <-> gene map; returning transcript as it's own gene
[2021-04-27 20:49:48.013] [jointLog] [warning] couldn't find transcript named [DQ668356] in transcript <-> gene map; returning transcript as it's own gene
[2021-04-27 20:49:48.013] [jointLog] [warning] couldn't find transcript named [DQ516763] in transcript <-> gene map; returning transcript as it's own gene
[2021-04-27 20:49:48.013] [jointLog] [warning] couldn't find transcript named [DQ459426] in transcript <-> gene map; returning transcript as it's own gene
[2021-04-27 20:49:48.013] [jointLog] [warning] couldn't find transcript named [DQ516786] in transcript <-> gene map; returning transcript as it's own gene
[2021-04-27 20:49:48.013] [jointLog] [warning] couldn't find transcript named [DQ883653] in transcript <-> gene map; returning transcript as it's own gene
[2021-04-27 20:49:48.013] [jointLog] [warning] couldn't find transcript named [DQ459421] in transcript <-> gene map; returning transcript as it's own gene
[2021-04-27 20:49:48.013] [jointLog] [warning] couldn't find transcript named [DQ883654] in transcript <-> gene map; returning transcript as it's own gene
[2021-04-27 20:49:48.013] [jointLog] [warning] couldn't find transcript named [DQ668358] in transcript <-> gene map; returning transcript as it's own gene
[2021-04-27 20:49:48.013] [jointLog] [warning] couldn't find transcript named [DQ516754] in transcript <-> gene map; returning transcript as it's own gene
[2021-04-27 20:49:48.013] [jointLog] [warning] couldn't find transcript named [DQ516778] in transcript <-> gene map; returning transcript as it's own gene
[2021-04-27 20:49:48.013] [jointLog] [warning] couldn't find transcript named [DQ883650] in transcript <-> gene map; returning transcript as it's own gene
[2021-04-27 20:49:48.013] [jointLog] [warning] couldn't find transcript named [DQ516742] in transcript <-> gene map; returning transcript as it's own gene
[2021-04-27 20:49:48.013] [jointLog] [warning] couldn't find transcript named [DQ883673] in transcript <-> gene map; returning transcript as it's own gene
[2021-04-27 20:49:48.013] [jointLog] [warning] couldn't find transcript named [DQ883652] in transcript <-> gene map; returning transcript as it's own gene
[2021-04-27 20:49:48.013] [jointLog] [warning] couldn't find transcript named [DQ854991] in transcript <-> gene map; returning transcript as it's own gene
[2021-04-27 20:49:48.013] [jointLog] [warning] couldn't find transcript named [DQ516780] in transcript <-> gene map; returning transcript as it's own gene
[2021-04-27 20:49:48.013] [jointLog] [warning] couldn't find transcript named [DQ883682] in transcript <-> gene map; returning transcript as it's own gene
[2021-04-27 20:49:48.013] [jointLog] [warning] couldn't find transcript named [DQ883669] in transcript <-> gene map; returning transcript as it's own gene
[2021-04-27 20:49:48.013] [jointLog] [warning] couldn't find transcript named [DQ516791] in transcript <-> gene map; returning transcript as it's own gene
[2021-04-27 20:49:48.013] [jointLog] [warning] couldn't find transcript named [DQ459425] in transcript <-> gene map; returning transcript as it's own gene
[2021-04-27 20:49:48.013] [jointLog] [warning] couldn't find transcript named [DQ516759] in transcript <-> gene map; returning transcript as it's own gene
[2021-04-27 20:49:48.013] [jointLog] [warning] couldn't find transcript named [DQ459429] in transcript <-> gene map; returning transcript as it's own gene
[2021-04-27 20:49:48.013] [jointLog] [warning] couldn't find transcript named [DQ516758] in transcript <-> gene map; returning transcript as it's own gene
[2021-04-27 20:49:48.013] [jointLog] [warning] couldn't find transcript named [DQ459415] in transcript <-> gene map; returning transcript as it's own gene
[2021-04-27 20:49:48.014] [jointLog] [warning] couldn't find transcript named [DQ875387] in transcript <-> gene map; returning transcript as it's own gene
[2021-04-27 20:49:48.014] [jointLog] [warning] couldn't find transcript named [DQ516815] in transcript <-> gene map; returning transcript as it's own gene
[2021-04-27 20:49:48.014] [jointLog] [warning] couldn't find transcript named [DQ668365] in transcript <-> gene map; returning transcript as it's own gene
[2021-04-27 20:49:48.014] [jointLog] [warning] couldn't find transcript named [DQ854998] in transcript <-> gene map; returning transcript as it's own gene
[2021-04-27 20:49:48.014] [jointLog] [warning] couldn't find transcript named [DQ883685] in transcript <-> gene map; returning transcript as it's own gene
[2021-04-27 20:49:48.014] [jointLog] [warning] couldn't find transcript named [DQ459422] in transcript <-> gene map; returning transcript as it's own gene
[2021-04-27 20:49:48.014] [jointLog] [warning] couldn't find transcript named [DQ883663] in transcript <-> gene map; returning transcript as it's own gene
[2021-04-27 20:49:48.014] [jointLog] [warning] couldn't find transcript named [DQ668367] in transcript <-> gene map; returning transcript as it's own gene
[2021-04-27 20:49:48.014] [jointLog] [warning] couldn't find transcript named [DQ459412] in transcript <-> gene map; returning transcript as it's own gene
[2021-04-27 20:49:48.014] [jointLog] [warning] couldn't find transcript named [DQ854992] in transcript <-> gene map; returning transcript as it's own gene
[2021-04-27 20:49:48.014] [jointLog] [warning] couldn't find transcript named [DQ516782] in transcript <-> gene map; returning transcript as it's own gene
[2021-04-27 20:49:48.014] [jointLog] [warning] couldn't find transcript named [DQ459427] in transcript <-> gene map; returning transcript as it's own gene
[2021-04-27 20:49:48.014] [jointLog] [warning] couldn't find transcript named [EF011072] in transcript <-> gene map; returning transcript as it's own gene
[2021-04-27 20:49:48.014] [jointLog] [warning] couldn't find transcript named [DQ855003] in transcript <-> gene map; returning transcript as it's own gene
[2021-04-27 20:49:48.014] [jointLog] [warning] couldn't find transcript named [DQ516739] in transcript <-> gene map; returning transcript as it's own gene
[2021-04-27 20:49:48.014] [jointLog] [warning] couldn't find transcript named [EF011063] in transcript <-> gene map; returning transcript as it's own gene
[2021-04-27 20:49:48.014] [jointLog] [warning] couldn't find transcript named [DQ855000] in transcript <-> gene map; returning transcript as it's own gene
[2021-04-27 20:49:48.014] [jointLog] [warning] couldn't find transcript named [DQ516777] in transcript <-> gene map; returning transcript as it's own gene
[2021-04-27 20:49:48.014] [jointLog] [warning] couldn't find transcript named [DQ883646] in transcript <-> gene map; returning transcript as it's own gene
[2021-04-27 20:49:48.014] [jointLog] [warning] couldn't find transcript named [DQ668362] in transcript <-> gene map; returning transcript as it's own gene
[2021-04-27 20:49:48.014] [jointLog] [warning] couldn't find transcript named [DQ854995] in transcript <-> gene map; returning transcript as it's own gene
[2021-04-27 20:49:48.014] [jointLog] [warning] couldn't find transcript named [DQ875386] in transcript <-> gene map; returning transcript as it's own gene
[2021-04-27 20:49:48.014] [jointLog] [warning] couldn't find transcript named [DQ516790] in transcript <-> gene map; returning transcript as it's own gene
[2021-04-27 20:49:48.014] [jointLog] [warning] couldn't find transcript named [DQ883642] in transcript <-> gene map; returning transcript as it's own gene
[2021-04-27 20:49:48.014] [jointLog] [warning] couldn't find transcript named [DQ883659] in transcript <-> gene map; returning transcript as it's own gene
[2021-04-27 20:49:48.014] [jointLog] [warning] couldn't find transcript named [DQ854997] in transcript <-> gene map; returning transcript as it's own gene
[2021-04-27 20:49:48.014] [jointLog] [warning] couldn't find transcript named [DQ883643] in transcript <-> gene map; returning transcript as it's own gene
[2021-04-27 20:49:48.014] [jointLog] [warning] couldn't find transcript named [DQ839618] in transcript <-> gene map; returning transcript as it's own gene
[2021-04-27 20:49:48.014] [jointLog] [warning] couldn't find transcript named [DQ516795] in transcript <-> gene map; returning transcript as it's own gene
[2021-04-27 20:49:48.014] [jointLog] [warning] couldn't find transcript named [DQ883658] in transcript <-> gene map; returning transcript as it's own gene
[2021-04-27 20:49:48.014] [jointLog] [warning] couldn't find transcript named [DQ516750] in transcript <-> gene map; returning transcript as it's own gene
[2021-04-27 20:49:48.014] [jointLog] [warning] couldn't find transcript named [DQ668359] in transcript <-> gene map; returning transcript as it's own gene
[2021-04-27 20:49:48.014] [jointLog] [warning] couldn't find transcript named [DQ516779] in transcript <-> gene map; returning transcript as it's own gene
[2021-04-27 20:49:48.014] [jointLog] [warning] couldn't find transcript named [DQ668363] in transcript <-> gene map; returning transcript as it's own gene
[2021-04-27 20:49:48.014] [jointLog] [warning] couldn't find transcript named [DQ516776] in transcript <-> gene map; returning transcript as it's own gene
[2021-04-27 20:49:48.014] [jointLog] [warning] couldn't find transcript named [DQ516773] in transcript <-> gene map; returning transcript as it's own gene
[2021-04-27 20:49:48.014] [jointLog] [warning] couldn't find transcript named [DQ854994] in transcript <-> gene map; returning transcript as it's own gene
[2021-04-27 20:49:48.014] [jointLog] [info] Aggregating expressions to gene level
[2021-04-27 20:49:48.169] [jointLog] [info] done
