[2021-04-27 20:20:13.747] [jointLog] [info] setting maxHashResizeThreads to 6
[2021-04-27 20:20:13.747] [jointLog] [info] Fragment incompatibility prior below threshold.  Incompatible fragments will be ignored.
[2021-04-27 20:20:13.748] [jointLog] [info] numQuantThreads = 3
[2021-04-27 20:20:17.794] [jointLog] [info] replaced 4 non-ACGT nucleotides with random nucleotides
[2021-04-27 20:20:18.068] [fileLog] [info] quantification processed 0 fragments so far

[2021-04-27 20:20:21.067] [fileLog] [info] quantification processed 1000000 fragments so far

[2021-04-27 20:20:24.113] [fileLog] [info] quantification processed 2000000 fragments so far

[2021-04-27 20:20:25.674] [jointLog] [info] 

The alignment group queue pool has been exhausted.  3152269 extra fragments were allocated on the heap to saturate the pool.  No new fragments will be allocated


[2021-04-27 20:20:32.528] [fileLog] [info] quantification processed 3000000 fragments so far

[2021-04-27 20:20:46.702] [fileLog] [info] quantification processed 4000000 fragments so far

[2021-04-27 20:21:00.846] [fileLog] [info] quantification processed 5000000 fragments so far

[2021-04-27 20:21:14.956] [fileLog] [info] quantification processed 6000000 fragments so far

[2021-04-27 20:21:29.027] [fileLog] [info] quantification processed 7000000 fragments so far

[2021-04-27 20:21:32.240] [fileLog] [info] quantification processed 8000000 fragments so far

[2021-04-27 20:21:35.289] [fileLog] [info] quantification processed 9000000 fragments so far

[2021-04-27 20:21:38.329] [fileLog] [info] quantification processed 10000000 fragments so far

[2021-04-27 20:21:41.365] [fileLog] [info] quantification processed 11000000 fragments so far

[2021-04-27 20:21:44.344] [fileLog] [info] quantification processed 12000000 fragments so far

[2021-04-27 20:21:47.362] [fileLog] [info] quantification processed 13000000 fragments so far

[2021-04-27 20:21:50.408] [fileLog] [info] quantification processed 14000000 fragments so far

[2021-04-27 20:21:53.448] [fileLog] [info] quantification processed 15000000 fragments so far

[2021-04-27 20:21:56.467] [fileLog] [info] quantification processed 16000000 fragments so far

[2021-04-27 20:21:59.502] [fileLog] [info] quantification processed 17000000 fragments so far

[2021-04-27 20:22:02.504] [fileLog] [info] quantification processed 18000000 fragments so far

[2021-04-27 20:22:05.541] [fileLog] [info] quantification processed 19000000 fragments so far

[2021-04-27 20:22:08.549] [fileLog] [info] quantification processed 20000000 fragments so far

[2021-04-27 20:22:11.583] [fileLog] [info] quantification processed 21000000 fragments so far

[2021-04-27 20:22:14.596] [fileLog] [info] quantification processed 22000000 fragments so far

[2021-04-27 20:22:17.649] [fileLog] [info] quantification processed 23000000 fragments so far

[2021-04-27 20:22:20.649] [fileLog] [info] quantification processed 24000000 fragments so far

[2021-04-27 20:22:23.637] [fileLog] [info] quantification processed 25000000 fragments so far

[2021-04-27 20:22:26.687] [fileLog] [info] quantification processed 26000000 fragments so far

[2021-04-27 20:22:29.760] [fileLog] [info] quantification processed 27000000 fragments so far

[2021-04-27 20:22:32.855] [fileLog] [info] quantification processed 28000000 fragments so far

[2021-04-27 20:22:35.893] [fileLog] [info] quantification processed 29000000 fragments so far

[2021-04-27 20:22:36.989] [fileLog] [info] quantification processed 29363510 fragments so far

[2021-04-27 20:22:42.723] [jointLog] [info] Thread saw mini-batch with a maximum of 4.10% zero probability fragments
[2021-04-27 20:22:42.726] [jointLog] [info] Thread saw mini-batch with a maximum of 5.20% zero probability fragments
[2021-04-27 20:22:42.728] [jointLog] [info] Thread saw mini-batch with a maximum of 4.40% zero probability fragments
[2021-04-27 20:22:42.729] [jointLog] [info] 


Completed first pass through the alignment file.
Total # of mapped reads : 29363510
# of uniquely mapped reads : 11232995
# ambiguously mapped reads : 18130515



[2021-04-27 20:22:42.860] [jointLog] [info] Computed 199670 rich equivalence classes for further processing
[2021-04-27 20:22:42.860] [jointLog] [info] Counted 29240147 total reads in the equivalence classes 
[2021-04-27 20:22:42.862] [jointLog] [info] starting optimizer
[2021-04-27 20:22:42.957] [jointLog] [info] Marked 0 weighted equivalence classes as degenerate
[2021-04-27 20:22:42.975] [jointLog] [info] iteration = 0 | max rel diff. = 8318.32
[2021-04-27 20:22:44.408] [jointLog] [info] iteration = 100 | max rel diff. = 19.3336
[2021-04-27 20:22:45.840] [jointLog] [info] iteration = 200 | max rel diff. = 7.44096
[2021-04-27 20:22:47.268] [jointLog] [info] iteration = 300 | max rel diff. = 19.166
[2021-04-27 20:22:48.687] [jointLog] [info] iteration = 400 | max rel diff. = 17.0604
[2021-04-27 20:22:50.113] [jointLog] [info] iteration = 500 | max rel diff. = 0.625171
[2021-04-27 20:22:51.524] [jointLog] [info] iteration = 600 | max rel diff. = 0.124982
[2021-04-27 20:22:52.942] [jointLog] [info] iteration = 700 | max rel diff. = 0.205243
[2021-04-27 20:22:54.365] [jointLog] [info] iteration = 800 | max rel diff. = 12.4181
[2021-04-27 20:22:55.760] [jointLog] [info] iteration = 900 | max rel diff. = 0.240199
[2021-04-27 20:22:57.151] [jointLog] [info] iteration = 1000 | max rel diff. = 0.0150738
[2021-04-27 20:22:58.563] [jointLog] [info] iteration = 1100 | max rel diff. = 0.0486926
[2021-04-27 20:22:59.965] [jointLog] [info] iteration = 1200 | max rel diff. = 0.164871
[2021-04-27 20:23:01.371] [jointLog] [info] iteration = 1300 | max rel diff. = 0.0379923
[2021-04-27 20:23:02.772] [jointLog] [info] iteration = 1400 | max rel diff. = 0.115182
[2021-04-27 20:23:04.170] [jointLog] [info] iteration = 1500 | max rel diff. = 0.174944
[2021-04-27 20:23:05.599] [jointLog] [info] iteration = 1600 | max rel diff. = 0.0584305
[2021-04-27 20:23:07.023] [jointLog] [info] iteration = 1700 | max rel diff. = 0.116887
[2021-04-27 20:23:08.409] [jointLog] [info] iteration = 1798 | max rel diff. = 0.00959684
[2021-04-27 20:23:08.440] [jointLog] [info] finished optimizer
[2021-04-27 20:23:08.440] [jointLog] [info] writing output
[2021-04-27 20:23:10.082] [jointLog] [info] Computing gene-level abundance estimates
[2021-04-27 20:23:38.572] [jointLog] [warning] Feature has no GFF ID
[2021-04-27 20:23:38.572] [jointLog] [warning] Feature has no GFF ID
[2021-04-27 20:23:38.572] [jointLog] [warning] Feature has no GFF ID
[2021-04-27 20:23:38.572] [jointLog] [warning] Feature has no GFF ID
[2021-04-27 20:23:38.572] [jointLog] [warning] Feature has no GFF ID
[2021-04-27 20:23:38.572] [jointLog] [warning] Feature has no GFF ID
[2021-04-27 20:23:38.572] [jointLog] [warning] Feature has no GFF ID
[2021-04-27 20:23:38.572] [jointLog] [warning] Feature has no GFF ID
[2021-04-27 20:23:38.572] [jointLog] [warning] Feature has no GFF ID
[2021-04-27 20:23:38.572] [jointLog] [warning] Feature has no GFF ID
[2021-04-27 20:23:38.572] [jointLog] [warning] Feature has no GFF ID
[2021-04-27 20:23:38.572] [jointLog] [warning] Feature has no GFF ID
[2021-04-27 20:23:38.572] [jointLog] [warning] Feature has no GFF ID
[2021-04-27 20:23:38.572] [jointLog] [warning] Feature has no GFF ID
[2021-04-27 20:23:38.572] [jointLog] [warning] Feature has no GFF ID
[2021-04-27 20:23:38.572] [jointLog] [warning] Feature has no GFF ID
[2021-04-27 20:23:38.572] [jointLog] [warning] Feature has no GFF ID
[2021-04-27 20:23:38.572] [jointLog] [warning] Feature has no GFF ID
[2021-04-27 20:23:38.572] [jointLog] [warning] Feature has no GFF ID
[2021-04-27 20:23:38.572] [jointLog] [warning] Feature has no GFF ID
[2021-04-27 20:23:38.572] [jointLog] [warning] Feature has no GFF ID
[2021-04-27 20:23:38.572] [jointLog] [warning] Feature has no GFF ID
[2021-04-27 20:23:38.572] [jointLog] [warning] Feature has no GFF ID
[2021-04-27 20:23:38.572] [jointLog] [warning] Feature has no GFF ID
[2021-04-27 20:23:38.572] [jointLog] [warning] Feature has no GFF ID
[2021-04-27 20:23:38.572] [jointLog] [warning] Feature has no GFF ID
[2021-04-27 20:23:38.572] [jointLog] [warning] Feature has no GFF ID
[2021-04-27 20:23:38.572] [jointLog] [warning] Feature has no GFF ID
[2021-04-27 20:23:38.572] [jointLog] [warning] Feature has no GFF ID
[2021-04-27 20:23:38.572] [jointLog] [warning] Feature has no GFF ID
[2021-04-27 20:23:38.572] [jointLog] [warning] Feature has no GFF ID
[2021-04-27 20:23:38.572] [jointLog] [warning] Feature has no GFF ID
[2021-04-27 20:23:38.572] [jointLog] [warning] Feature has no GFF ID
[2021-04-27 20:23:38.572] [jointLog] [warning] Feature has no GFF ID
[2021-04-27 20:23:38.572] [jointLog] [warning] Feature has no GFF ID
[2021-04-27 20:23:38.572] [jointLog] [warning] Feature has no GFF ID
[2021-04-27 20:23:38.572] [jointLog] [warning] Feature has no GFF ID
[2021-04-27 20:23:38.572] [jointLog] [warning] Feature has no GFF ID
[2021-04-27 20:23:38.572] [jointLog] [warning] Feature has no GFF ID
[2021-04-27 20:23:38.572] [jointLog] [warning] Feature has no GFF ID
[2021-04-27 20:23:38.572] [jointLog] [warning] Feature has no GFF ID
[2021-04-27 20:23:38.572] [jointLog] [warning] Feature has no GFF ID
[2021-04-27 20:23:38.572] [jointLog] [warning] Feature has no GFF ID
[2021-04-27 20:23:38.572] [jointLog] [warning] Feature has no GFF ID
[2021-04-27 20:23:38.572] [jointLog] [warning] Feature has no GFF ID
[2021-04-27 20:23:38.572] [jointLog] [warning] Feature has no GFF ID
[2021-04-27 20:23:38.572] [jointLog] [warning] Feature has no GFF ID
[2021-04-27 20:23:38.572] [jointLog] [warning] Feature has no GFF ID
[2021-04-27 20:23:38.572] [jointLog] [warning] Feature has no GFF ID
[2021-04-27 20:23:38.572] [jointLog] [warning] Feature has no GFF ID
[2021-04-27 20:23:38.572] [jointLog] [warning] Feature has no GFF ID
[2021-04-27 20:23:38.572] [jointLog] [warning] Feature has no GFF ID
[2021-04-27 20:23:38.572] [jointLog] [warning] Feature has no GFF ID
[2021-04-27 20:23:38.572] [jointLog] [warning] Feature has no GFF ID
[2021-04-27 20:23:38.572] [jointLog] [warning] Feature has no GFF ID
[2021-04-27 20:23:38.572] [jointLog] [warning] Feature has no GFF ID
[2021-04-27 20:23:38.572] [jointLog] [warning] Feature has no GFF ID
[2021-04-27 20:23:38.572] [jointLog] [warning] Feature has no GFF ID
[2021-04-27 20:23:38.572] [jointLog] [warning] Feature has no GFF ID
[2021-04-27 20:23:38.572] [jointLog] [warning] Feature has no GFF ID
[2021-04-27 20:23:38.572] [jointLog] [warning] Feature has no GFF ID
[2021-04-27 20:23:38.572] [jointLog] [warning] Feature has no GFF ID
[2021-04-27 20:23:38.572] [jointLog] [warning] Feature has no GFF ID
[2021-04-27 20:23:38.572] [jointLog] [warning] Feature has no GFF ID
[2021-04-27 20:23:38.572] [jointLog] [warning] Feature has no GFF ID
[2021-04-27 20:23:38.572] [jointLog] [warning] Feature has no GFF ID
[2021-04-27 20:23:38.572] [jointLog] [warning] Feature has no GFF ID
[2021-04-27 20:23:38.572] [jointLog] [warning] Feature has no GFF ID
[2021-04-27 20:23:38.572] [jointLog] [warning] Feature has no GFF ID
[2021-04-27 20:23:38.572] [jointLog] [warning] Feature has no GFF ID
[2021-04-27 20:23:38.572] [jointLog] [warning] Feature has no GFF ID
[2021-04-27 20:23:38.572] [jointLog] [warning] Feature has no GFF ID
[2021-04-27 20:23:38.572] [jointLog] [warning] Feature has no GFF ID
[2021-04-27 20:23:38.572] [jointLog] [warning] Feature has no GFF ID
[2021-04-27 20:23:38.572] [jointLog] [warning] Feature has no GFF ID
[2021-04-27 20:23:38.572] [jointLog] [warning] Feature has no GFF ID
[2021-04-27 20:23:38.572] [jointLog] [warning] Feature has no GFF ID
[2021-04-27 20:23:38.572] [jointLog] [warning] Feature has no GFF ID
[2021-04-27 20:23:38.572] [jointLog] [warning] Feature has no GFF ID
[2021-04-27 20:23:38.572] [jointLog] [warning] Feature has no GFF ID
[2021-04-27 20:23:38.572] [jointLog] [warning] Feature has no GFF ID
[2021-04-27 20:23:38.572] [jointLog] [warning] Feature has no GFF ID
[2021-04-27 20:23:38.572] [jointLog] [warning] Feature has no GFF ID
[2021-04-27 20:23:38.572] [jointLog] [warning] Feature has no GFF ID
[2021-04-27 20:23:38.572] [jointLog] [warning] Feature has no GFF ID
[2021-04-27 20:23:38.572] [jointLog] [warning] Feature has no GFF ID
[2021-04-27 20:23:38.572] [jointLog] [warning] Feature has no GFF ID
[2021-04-27 20:23:38.572] [jointLog] [warning] Feature has no GFF ID
[2021-04-27 20:23:38.572] [jointLog] [warning] Feature has no GFF ID
[2021-04-27 20:23:38.572] [jointLog] [warning] Feature has no GFF ID
[2021-04-27 20:23:38.572] [jointLog] [warning] Feature has no GFF ID
[2021-04-27 20:23:38.572] [jointLog] [warning] Feature has no GFF ID
[2021-04-27 20:23:38.871] [jointLog] [info] There were 142604 transcripts mapping to 55401 genes
[2021-04-27 20:23:38.872] [jointLog] [info] NOTE: We recommend using tximport (https://bioconductor.org/packages/release/bioc/html/tximport.html) for aggregating transcript-level salmon abundance estimates to the gene level.  It is more versatile, exposes more features, and allows considering multi-sample information during aggregation.
[2021-04-27 20:23:39.130] [jointLog] [warning] couldn't find transcript named [DQ459430] in transcript <-> gene map; returning transcript as it's own gene
[2021-04-27 20:23:39.130] [jointLog] [warning] couldn't find transcript named [DQ516784] in transcript <-> gene map; returning transcript as it's own gene
[2021-04-27 20:23:39.130] [jointLog] [warning] couldn't find transcript named [DQ516752] in transcript <-> gene map; returning transcript as it's own gene
[2021-04-27 20:23:39.130] [jointLog] [warning] couldn't find transcript named [DQ668364] in transcript <-> gene map; returning transcript as it's own gene
[2021-04-27 20:23:39.130] [jointLog] [warning] couldn't find transcript named [DQ883670] in transcript <-> gene map; returning transcript as it's own gene
[2021-04-27 20:23:39.130] [jointLog] [warning] couldn't find transcript named [EF011062] in transcript <-> gene map; returning transcript as it's own gene
[2021-04-27 20:23:39.130] [jointLog] [warning] couldn't find transcript named [DQ875385] in transcript <-> gene map; returning transcript as it's own gene
[2021-04-27 20:23:39.130] [jointLog] [warning] couldn't find transcript named [DQ883664] in transcript <-> gene map; returning transcript as it's own gene
[2021-04-27 20:23:39.130] [jointLog] [warning] couldn't find transcript named [DQ459420] in transcript <-> gene map; returning transcript as it's own gene
[2021-04-27 20:23:39.130] [jointLog] [warning] couldn't find transcript named [DQ883651] in transcript <-> gene map; returning transcript as it's own gene
[2021-04-27 20:23:39.130] [jointLog] [warning] couldn't find transcript named [DQ855004] in transcript <-> gene map; returning transcript as it's own gene
[2021-04-27 20:23:39.130] [jointLog] [warning] couldn't find transcript named [DQ854993] in transcript <-> gene map; returning transcript as it's own gene
[2021-04-27 20:23:39.130] [jointLog] [warning] couldn't find transcript named [DQ883689] in transcript <-> gene map; returning transcript as it's own gene
[2021-04-27 20:23:39.130] [jointLog] [warning] couldn't find transcript named [DQ459419] in transcript <-> gene map; returning transcript as it's own gene
[2021-04-27 20:23:39.130] [jointLog] [warning] couldn't find transcript named [DQ459431] in transcript <-> gene map; returning transcript as it's own gene
[2021-04-27 20:23:39.130] [jointLog] [warning] couldn't find transcript named [DQ516796] in transcript <-> gene map; returning transcript as it's own gene
[2021-04-27 20:23:39.130] [jointLog] [warning] couldn't find transcript named [DQ855001] in transcript <-> gene map; returning transcript as it's own gene
[2021-04-27 20:23:39.130] [jointLog] [warning] couldn't find transcript named [DQ459413] in transcript <-> gene map; returning transcript as it's own gene
[2021-04-27 20:23:39.130] [jointLog] [warning] couldn't find transcript named [DQ883656] in transcript <-> gene map; returning transcript as it's own gene
[2021-04-27 20:23:39.130] [jointLog] [warning] couldn't find transcript named [DQ883661] in transcript <-> gene map; returning transcript as it's own gene
[2021-04-27 20:23:39.130] [jointLog] [warning] couldn't find transcript named [EF011069] in transcript <-> gene map; returning transcript as it's own gene
[2021-04-27 20:23:39.130] [jointLog] [warning] couldn't find transcript named [DQ516783] in transcript <-> gene map; returning transcript as it's own gene
[2021-04-27 20:23:39.130] [jointLog] [warning] couldn't find transcript named [DQ516787] in transcript <-> gene map; returning transcript as it's own gene
[2021-04-27 20:23:39.130] [jointLog] [warning] couldn't find transcript named [DQ459424] in transcript <-> gene map; returning transcript as it's own gene
[2021-04-27 20:23:39.130] [jointLog] [warning] couldn't find transcript named [DQ516748] in transcript <-> gene map; returning transcript as it's own gene
[2021-04-27 20:23:39.130] [jointLog] [warning] couldn't find transcript named [DQ883671] in transcript <-> gene map; returning transcript as it's own gene
[2021-04-27 20:23:39.130] [jointLog] [warning] couldn't find transcript named [DQ516740] in transcript <-> gene map; returning transcript as it's own gene
[2021-04-27 20:23:39.130] [jointLog] [warning] couldn't find transcript named [DQ516785] in transcript <-> gene map; returning transcript as it's own gene
[2021-04-27 20:23:39.130] [jointLog] [warning] couldn't find transcript named [DQ516731] in transcript <-> gene map; returning transcript as it's own gene
[2021-04-27 20:23:39.130] [jointLog] [warning] couldn't find transcript named [DQ668366] in transcript <-> gene map; returning transcript as it's own gene
[2021-04-27 20:23:39.130] [jointLog] [warning] couldn't find transcript named [DQ459418] in transcript <-> gene map; returning transcript as it's own gene
[2021-04-27 20:23:39.130] [jointLog] [warning] couldn't find transcript named [DQ668356] in transcript <-> gene map; returning transcript as it's own gene
[2021-04-27 20:23:39.130] [jointLog] [warning] couldn't find transcript named [DQ516763] in transcript <-> gene map; returning transcript as it's own gene
[2021-04-27 20:23:39.130] [jointLog] [warning] couldn't find transcript named [DQ459426] in transcript <-> gene map; returning transcript as it's own gene
[2021-04-27 20:23:39.130] [jointLog] [warning] couldn't find transcript named [DQ516786] in transcript <-> gene map; returning transcript as it's own gene
[2021-04-27 20:23:39.130] [jointLog] [warning] couldn't find transcript named [DQ883653] in transcript <-> gene map; returning transcript as it's own gene
[2021-04-27 20:23:39.130] [jointLog] [warning] couldn't find transcript named [DQ459421] in transcript <-> gene map; returning transcript as it's own gene
[2021-04-27 20:23:39.130] [jointLog] [warning] couldn't find transcript named [DQ883654] in transcript <-> gene map; returning transcript as it's own gene
[2021-04-27 20:23:39.130] [jointLog] [warning] couldn't find transcript named [DQ668358] in transcript <-> gene map; returning transcript as it's own gene
[2021-04-27 20:23:39.130] [jointLog] [warning] couldn't find transcript named [DQ516754] in transcript <-> gene map; returning transcript as it's own gene
[2021-04-27 20:23:39.130] [jointLog] [warning] couldn't find transcript named [DQ516778] in transcript <-> gene map; returning transcript as it's own gene
[2021-04-27 20:23:39.130] [jointLog] [warning] couldn't find transcript named [DQ883650] in transcript <-> gene map; returning transcript as it's own gene
[2021-04-27 20:23:39.130] [jointLog] [warning] couldn't find transcript named [DQ516742] in transcript <-> gene map; returning transcript as it's own gene
[2021-04-27 20:23:39.130] [jointLog] [warning] couldn't find transcript named [DQ883673] in transcript <-> gene map; returning transcript as it's own gene
[2021-04-27 20:23:39.130] [jointLog] [warning] couldn't find transcript named [DQ883652] in transcript <-> gene map; returning transcript as it's own gene
[2021-04-27 20:23:39.130] [jointLog] [warning] couldn't find transcript named [DQ854991] in transcript <-> gene map; returning transcript as it's own gene
[2021-04-27 20:23:39.130] [jointLog] [warning] couldn't find transcript named [DQ516780] in transcript <-> gene map; returning transcript as it's own gene
[2021-04-27 20:23:39.130] [jointLog] [warning] couldn't find transcript named [DQ883682] in transcript <-> gene map; returning transcript as it's own gene
[2021-04-27 20:23:39.130] [jointLog] [warning] couldn't find transcript named [DQ883669] in transcript <-> gene map; returning transcript as it's own gene
[2021-04-27 20:23:39.130] [jointLog] [warning] couldn't find transcript named [DQ516791] in transcript <-> gene map; returning transcript as it's own gene
[2021-04-27 20:23:39.130] [jointLog] [warning] couldn't find transcript named [DQ459425] in transcript <-> gene map; returning transcript as it's own gene
[2021-04-27 20:23:39.130] [jointLog] [warning] couldn't find transcript named [DQ516759] in transcript <-> gene map; returning transcript as it's own gene
[2021-04-27 20:23:39.130] [jointLog] [warning] couldn't find transcript named [DQ459429] in transcript <-> gene map; returning transcript as it's own gene
[2021-04-27 20:23:39.130] [jointLog] [warning] couldn't find transcript named [DQ516758] in transcript <-> gene map; returning transcript as it's own gene
[2021-04-27 20:23:39.130] [jointLog] [warning] couldn't find transcript named [DQ459415] in transcript <-> gene map; returning transcript as it's own gene
[2021-04-27 20:23:39.130] [jointLog] [warning] couldn't find transcript named [DQ875387] in transcript <-> gene map; returning transcript as it's own gene
[2021-04-27 20:23:39.130] [jointLog] [warning] couldn't find transcript named [DQ516815] in transcript <-> gene map; returning transcript as it's own gene
[2021-04-27 20:23:39.130] [jointLog] [warning] couldn't find transcript named [DQ668365] in transcript <-> gene map; returning transcript as it's own gene
[2021-04-27 20:23:39.130] [jointLog] [warning] couldn't find transcript named [DQ854998] in transcript <-> gene map; returning transcript as it's own gene
[2021-04-27 20:23:39.130] [jointLog] [warning] couldn't find transcript named [DQ883685] in transcript <-> gene map; returning transcript as it's own gene
[2021-04-27 20:23:39.130] [jointLog] [warning] couldn't find transcript named [DQ459422] in transcript <-> gene map; returning transcript as it's own gene
[2021-04-27 20:23:39.130] [jointLog] [warning] couldn't find transcript named [DQ883663] in transcript <-> gene map; returning transcript as it's own gene
[2021-04-27 20:23:39.130] [jointLog] [warning] couldn't find transcript named [DQ668367] in transcript <-> gene map; returning transcript as it's own gene
[2021-04-27 20:23:39.130] [jointLog] [warning] couldn't find transcript named [DQ459412] in transcript <-> gene map; returning transcript as it's own gene
[2021-04-27 20:23:39.130] [jointLog] [warning] couldn't find transcript named [DQ854992] in transcript <-> gene map; returning transcript as it's own gene
[2021-04-27 20:23:39.130] [jointLog] [warning] couldn't find transcript named [DQ516782] in transcript <-> gene map; returning transcript as it's own gene
[2021-04-27 20:23:39.130] [jointLog] [warning] couldn't find transcript named [DQ459427] in transcript <-> gene map; returning transcript as it's own gene
[2021-04-27 20:23:39.130] [jointLog] [warning] couldn't find transcript named [EF011072] in transcript <-> gene map; returning transcript as it's own gene
[2021-04-27 20:23:39.130] [jointLog] [warning] couldn't find transcript named [DQ855003] in transcript <-> gene map; returning transcript as it's own gene
[2021-04-27 20:23:39.130] [jointLog] [warning] couldn't find transcript named [DQ516739] in transcript <-> gene map; returning transcript as it's own gene
[2021-04-27 20:23:39.130] [jointLog] [warning] couldn't find transcript named [EF011063] in transcript <-> gene map; returning transcript as it's own gene
[2021-04-27 20:23:39.130] [jointLog] [warning] couldn't find transcript named [DQ855000] in transcript <-> gene map; returning transcript as it's own gene
[2021-04-27 20:23:39.130] [jointLog] [warning] couldn't find transcript named [DQ516777] in transcript <-> gene map; returning transcript as it's own gene
[2021-04-27 20:23:39.130] [jointLog] [warning] couldn't find transcript named [DQ883646] in transcript <-> gene map; returning transcript as it's own gene
[2021-04-27 20:23:39.130] [jointLog] [warning] couldn't find transcript named [DQ668362] in transcript <-> gene map; returning transcript as it's own gene
[2021-04-27 20:23:39.130] [jointLog] [warning] couldn't find transcript named [DQ854995] in transcript <-> gene map; returning transcript as it's own gene
[2021-04-27 20:23:39.130] [jointLog] [warning] couldn't find transcript named [DQ875386] in transcript <-> gene map; returning transcript as it's own gene
[2021-04-27 20:23:39.130] [jointLog] [warning] couldn't find transcript named [DQ516790] in transcript <-> gene map; returning transcript as it's own gene
[2021-04-27 20:23:39.130] [jointLog] [warning] couldn't find transcript named [DQ883642] in transcript <-> gene map; returning transcript as it's own gene
[2021-04-27 20:23:39.130] [jointLog] [warning] couldn't find transcript named [DQ883659] in transcript <-> gene map; returning transcript as it's own gene
[2021-04-27 20:23:39.130] [jointLog] [warning] couldn't find transcript named [DQ854997] in transcript <-> gene map; returning transcript as it's own gene
[2021-04-27 20:23:39.130] [jointLog] [warning] couldn't find transcript named [DQ883643] in transcript <-> gene map; returning transcript as it's own gene
[2021-04-27 20:23:39.130] [jointLog] [warning] couldn't find transcript named [DQ839618] in transcript <-> gene map; returning transcript as it's own gene
[2021-04-27 20:23:39.130] [jointLog] [warning] couldn't find transcript named [DQ516795] in transcript <-> gene map; returning transcript as it's own gene
[2021-04-27 20:23:39.130] [jointLog] [warning] couldn't find transcript named [DQ883658] in transcript <-> gene map; returning transcript as it's own gene
[2021-04-27 20:23:39.130] [jointLog] [warning] couldn't find transcript named [DQ516750] in transcript <-> gene map; returning transcript as it's own gene
[2021-04-27 20:23:39.130] [jointLog] [warning] couldn't find transcript named [DQ668359] in transcript <-> gene map; returning transcript as it's own gene
[2021-04-27 20:23:39.130] [jointLog] [warning] couldn't find transcript named [DQ516779] in transcript <-> gene map; returning transcript as it's own gene
[2021-04-27 20:23:39.130] [jointLog] [warning] couldn't find transcript named [DQ668363] in transcript <-> gene map; returning transcript as it's own gene
[2021-04-27 20:23:39.130] [jointLog] [warning] couldn't find transcript named [DQ516776] in transcript <-> gene map; returning transcript as it's own gene
[2021-04-27 20:23:39.130] [jointLog] [warning] couldn't find transcript named [DQ516773] in transcript <-> gene map; returning transcript as it's own gene
[2021-04-27 20:23:39.130] [jointLog] [warning] couldn't find transcript named [DQ854994] in transcript <-> gene map; returning transcript as it's own gene
[2021-04-27 20:23:39.131] [jointLog] [info] Aggregating expressions to gene level
[2021-04-27 20:23:39.297] [jointLog] [info] done
