[2021-04-27 20:24:26.829] [jointLog] [info] setting maxHashResizeThreads to 6
[2021-04-27 20:24:26.829] [jointLog] [info] Fragment incompatibility prior below threshold.  Incompatible fragments will be ignored.
[2021-04-27 20:24:26.831] [jointLog] [info] numQuantThreads = 3
[2021-04-27 20:24:30.805] [jointLog] [info] replaced 4 non-ACGT nucleotides with random nucleotides
[2021-04-27 20:24:31.073] [fileLog] [info] quantification processed 0 fragments so far

[2021-04-27 20:24:34.149] [fileLog] [info] quantification processed 1000000 fragments so far

[2021-04-27 20:24:36.931] [fileLog] [info] quantification processed 2000000 fragments so far

[2021-04-27 20:24:37.953] [jointLog] [info] 

The alignment group queue pool has been exhausted.  2506437 extra fragments were allocated on the heap to saturate the pool.  No new fragments will be allocated


[2021-04-27 20:24:46.167] [fileLog] [info] quantification processed 3000000 fragments so far

[2021-04-27 20:24:59.834] [fileLog] [info] quantification processed 4000000 fragments so far

[2021-04-27 20:25:14.258] [fileLog] [info] quantification processed 5000000 fragments so far

[2021-04-27 20:25:27.954] [fileLog] [info] quantification processed 6000000 fragments so far

[2021-04-27 20:25:42.039] [fileLog] [info] quantification processed 7000000 fragments so far

[2021-04-27 20:25:44.902] [fileLog] [info] quantification processed 8000000 fragments so far

[2021-04-27 20:25:47.821] [fileLog] [info] quantification processed 9000000 fragments so far

[2021-04-27 20:25:50.626] [fileLog] [info] quantification processed 10000000 fragments so far

[2021-04-27 20:25:53.419] [fileLog] [info] quantification processed 11000000 fragments so far

[2021-04-27 20:25:56.213] [fileLog] [info] quantification processed 12000000 fragments so far

[2021-04-27 20:25:58.961] [fileLog] [info] quantification processed 13000000 fragments so far

[2021-04-27 20:26:01.744] [fileLog] [info] quantification processed 14000000 fragments so far

[2021-04-27 20:26:04.544] [fileLog] [info] quantification processed 15000000 fragments so far

[2021-04-27 20:26:07.424] [fileLog] [info] quantification processed 16000000 fragments so far

[2021-04-27 20:26:10.171] [fileLog] [info] quantification processed 17000000 fragments so far

[2021-04-27 20:26:12.835] [fileLog] [info] quantification processed 18000000 fragments so far

[2021-04-27 20:26:15.698] [fileLog] [info] quantification processed 19000000 fragments so far

[2021-04-27 20:26:18.416] [fileLog] [info] quantification processed 20000000 fragments so far

[2021-04-27 20:26:21.188] [fileLog] [info] quantification processed 21000000 fragments so far

[2021-04-27 20:26:23.952] [fileLog] [info] quantification processed 22000000 fragments so far

[2021-04-27 20:26:26.734] [fileLog] [info] quantification processed 23000000 fragments so far

[2021-04-27 20:26:29.573] [fileLog] [info] quantification processed 24000000 fragments so far

[2021-04-27 20:26:32.472] [fileLog] [info] quantification processed 25000000 fragments so far

[2021-04-27 20:26:35.245] [fileLog] [info] quantification processed 26000000 fragments so far

[2021-04-27 20:26:38.036] [fileLog] [info] quantification processed 27000000 fragments so far

[2021-04-27 20:26:40.801] [fileLog] [info] quantification processed 28000000 fragments so far

[2021-04-27 20:26:43.552] [fileLog] [info] quantification processed 29000000 fragments so far

[2021-04-27 20:26:46.323] [fileLog] [info] quantification processed 30000000 fragments so far

[2021-04-27 20:26:48.660] [fileLog] [info] quantification processed 30883586 fragments so far

[2021-04-27 20:26:53.773] [jointLog] [info] Thread saw mini-batch with a maximum of 7.30% zero probability fragments
[2021-04-27 20:26:53.774] [jointLog] [info] Thread saw mini-batch with a maximum of 8.60% zero probability fragments
[2021-04-27 20:26:53.774] [jointLog] [info] Thread saw mini-batch with a maximum of 9.50% zero probability fragments
[2021-04-27 20:26:53.775] [jointLog] [info] 


Completed first pass through the alignment file.
Total # of mapped reads : 30883586
# of uniquely mapped reads : 14350680
# ambiguously mapped reads : 16532906



[2021-04-27 20:26:53.860] [jointLog] [info] Computed 125122 rich equivalence classes for further processing
[2021-04-27 20:26:53.860] [jointLog] [info] Counted 30658437 total reads in the equivalence classes 
[2021-04-27 20:26:53.862] [jointLog] [info] starting optimizer
[2021-04-27 20:26:53.952] [jointLog] [info] Marked 0 weighted equivalence classes as degenerate
[2021-04-27 20:26:53.970] [jointLog] [info] iteration = 0 | max rel diff. = 7341.88
[2021-04-27 20:26:55.321] [jointLog] [info] iteration = 100 | max rel diff. = 14.039
[2021-04-27 20:26:56.656] [jointLog] [info] iteration = 200 | max rel diff. = 4.93086
[2021-04-27 20:26:57.983] [jointLog] [info] iteration = 300 | max rel diff. = 2.16354
[2021-04-27 20:26:59.308] [jointLog] [info] iteration = 400 | max rel diff. = 5.86738
[2021-04-27 20:27:00.647] [jointLog] [info] iteration = 500 | max rel diff. = 19.8492
[2021-04-27 20:27:01.969] [jointLog] [info] iteration = 600 | max rel diff. = 0.916187
[2021-04-27 20:27:03.303] [jointLog] [info] iteration = 700 | max rel diff. = 0.358191
[2021-04-27 20:27:04.640] [jointLog] [info] iteration = 800 | max rel diff. = 0.848474
[2021-04-27 20:27:05.989] [jointLog] [info] iteration = 900 | max rel diff. = 0.569018
[2021-04-27 20:27:07.311] [jointLog] [info] iteration = 1000 | max rel diff. = 0.395141
[2021-04-27 20:27:08.637] [jointLog] [info] iteration = 1100 | max rel diff. = 0.399206
[2021-04-27 20:27:09.955] [jointLog] [info] iteration = 1200 | max rel diff. = 0.0230565
[2021-04-27 20:27:11.293] [jointLog] [info] iteration = 1300 | max rel diff. = 6.51836
[2021-04-27 20:27:12.619] [jointLog] [info] iteration = 1400 | max rel diff. = 0.0903821
[2021-04-27 20:27:13.936] [jointLog] [info] iteration = 1500 | max rel diff. = 10.3482
[2021-04-27 20:27:15.259] [jointLog] [info] iteration = 1600 | max rel diff. = 0.356292
[2021-04-27 20:27:16.583] [jointLog] [info] iteration = 1700 | max rel diff. = 0.139403
[2021-04-27 20:27:17.899] [jointLog] [info] iteration = 1800 | max rel diff. = 0.166482
[2021-04-27 20:27:19.220] [jointLog] [info] iteration = 1900 | max rel diff. = 0.288761
[2021-04-27 20:27:20.542] [jointLog] [info] iteration = 2000 | max rel diff. = 0.0314642
[2021-04-27 20:27:21.868] [jointLog] [info] iteration = 2100 | max rel diff. = 0.169317
[2021-04-27 20:27:23.185] [jointLog] [info] iteration = 2200 | max rel diff. = 0.0254224
[2021-04-27 20:27:24.505] [jointLog] [info] iteration = 2300 | max rel diff. = 0.460896
[2021-04-27 20:27:25.840] [jointLog] [info] iteration = 2400 | max rel diff. = 0.0960408
[2021-04-27 20:27:27.168] [jointLog] [info] iteration = 2500 | max rel diff. = 0.0247607
[2021-04-27 20:27:28.486] [jointLog] [info] iteration = 2600 | max rel diff. = 0.0698059
[2021-04-27 20:27:29.822] [jointLog] [info] iteration = 2700 | max rel diff. = 0.014007
[2021-04-27 20:27:31.154] [jointLog] [info] iteration = 2800 | max rel diff. = 4.13742
[2021-04-27 20:27:31.167] [jointLog] [info] iteration = 2802 | max rel diff. = 0.00570848
[2021-04-27 20:27:31.198] [jointLog] [info] finished optimizer
[2021-04-27 20:27:31.198] [jointLog] [info] writing output
[2021-04-27 20:27:32.919] [jointLog] [info] Computing gene-level abundance estimates
[2021-04-27 20:28:02.684] [jointLog] [warning] Feature has no GFF ID
[2021-04-27 20:28:02.684] [jointLog] [warning] Feature has no GFF ID
[2021-04-27 20:28:02.684] [jointLog] [warning] Feature has no GFF ID
[2021-04-27 20:28:02.684] [jointLog] [warning] Feature has no GFF ID
[2021-04-27 20:28:02.684] [jointLog] [warning] Feature has no GFF ID
[2021-04-27 20:28:02.684] [jointLog] [warning] Feature has no GFF ID
[2021-04-27 20:28:02.684] [jointLog] [warning] Feature has no GFF ID
[2021-04-27 20:28:02.684] [jointLog] [warning] Feature has no GFF ID
[2021-04-27 20:28:02.684] [jointLog] [warning] Feature has no GFF ID
[2021-04-27 20:28:02.684] [jointLog] [warning] Feature has no GFF ID
[2021-04-27 20:28:02.684] [jointLog] [warning] Feature has no GFF ID
[2021-04-27 20:28:02.684] [jointLog] [warning] Feature has no GFF ID
[2021-04-27 20:28:02.684] [jointLog] [warning] Feature has no GFF ID
[2021-04-27 20:28:02.684] [jointLog] [warning] Feature has no GFF ID
[2021-04-27 20:28:02.684] [jointLog] [warning] Feature has no GFF ID
[2021-04-27 20:28:02.684] [jointLog] [warning] Feature has no GFF ID
[2021-04-27 20:28:02.684] [jointLog] [warning] Feature has no GFF ID
[2021-04-27 20:28:02.684] [jointLog] [warning] Feature has no GFF ID
[2021-04-27 20:28:02.684] [jointLog] [warning] Feature has no GFF ID
[2021-04-27 20:28:02.684] [jointLog] [warning] Feature has no GFF ID
[2021-04-27 20:28:02.684] [jointLog] [warning] Feature has no GFF ID
[2021-04-27 20:28:02.684] [jointLog] [warning] Feature has no GFF ID
[2021-04-27 20:28:02.684] [jointLog] [warning] Feature has no GFF ID
[2021-04-27 20:28:02.684] [jointLog] [warning] Feature has no GFF ID
[2021-04-27 20:28:02.684] [jointLog] [warning] Feature has no GFF ID
[2021-04-27 20:28:02.684] [jointLog] [warning] Feature has no GFF ID
[2021-04-27 20:28:02.684] [jointLog] [warning] Feature has no GFF ID
[2021-04-27 20:28:02.684] [jointLog] [warning] Feature has no GFF ID
[2021-04-27 20:28:02.684] [jointLog] [warning] Feature has no GFF ID
[2021-04-27 20:28:02.684] [jointLog] [warning] Feature has no GFF ID
[2021-04-27 20:28:02.684] [jointLog] [warning] Feature has no GFF ID
[2021-04-27 20:28:02.684] [jointLog] [warning] Feature has no GFF ID
[2021-04-27 20:28:02.684] [jointLog] [warning] Feature has no GFF ID
[2021-04-27 20:28:02.684] [jointLog] [warning] Feature has no GFF ID
[2021-04-27 20:28:02.684] [jointLog] [warning] Feature has no GFF ID
[2021-04-27 20:28:02.684] [jointLog] [warning] Feature has no GFF ID
[2021-04-27 20:28:02.684] [jointLog] [warning] Feature has no GFF ID
[2021-04-27 20:28:02.684] [jointLog] [warning] Feature has no GFF ID
[2021-04-27 20:28:02.684] [jointLog] [warning] Feature has no GFF ID
[2021-04-27 20:28:02.684] [jointLog] [warning] Feature has no GFF ID
[2021-04-27 20:28:02.684] [jointLog] [warning] Feature has no GFF ID
[2021-04-27 20:28:02.684] [jointLog] [warning] Feature has no GFF ID
[2021-04-27 20:28:02.684] [jointLog] [warning] Feature has no GFF ID
[2021-04-27 20:28:02.684] [jointLog] [warning] Feature has no GFF ID
[2021-04-27 20:28:02.684] [jointLog] [warning] Feature has no GFF ID
[2021-04-27 20:28:02.684] [jointLog] [warning] Feature has no GFF ID
[2021-04-27 20:28:02.684] [jointLog] [warning] Feature has no GFF ID
[2021-04-27 20:28:02.684] [jointLog] [warning] Feature has no GFF ID
[2021-04-27 20:28:02.684] [jointLog] [warning] Feature has no GFF ID
[2021-04-27 20:28:02.684] [jointLog] [warning] Feature has no GFF ID
[2021-04-27 20:28:02.684] [jointLog] [warning] Feature has no GFF ID
[2021-04-27 20:28:02.684] [jointLog] [warning] Feature has no GFF ID
[2021-04-27 20:28:02.684] [jointLog] [warning] Feature has no GFF ID
[2021-04-27 20:28:02.684] [jointLog] [warning] Feature has no GFF ID
[2021-04-27 20:28:02.684] [jointLog] [warning] Feature has no GFF ID
[2021-04-27 20:28:02.684] [jointLog] [warning] Feature has no GFF ID
[2021-04-27 20:28:02.684] [jointLog] [warning] Feature has no GFF ID
[2021-04-27 20:28:02.684] [jointLog] [warning] Feature has no GFF ID
[2021-04-27 20:28:02.684] [jointLog] [warning] Feature has no GFF ID
[2021-04-27 20:28:02.684] [jointLog] [warning] Feature has no GFF ID
[2021-04-27 20:28:02.684] [jointLog] [warning] Feature has no GFF ID
[2021-04-27 20:28:02.684] [jointLog] [warning] Feature has no GFF ID
[2021-04-27 20:28:02.684] [jointLog] [warning] Feature has no GFF ID
[2021-04-27 20:28:02.684] [jointLog] [warning] Feature has no GFF ID
[2021-04-27 20:28:02.684] [jointLog] [warning] Feature has no GFF ID
[2021-04-27 20:28:02.684] [jointLog] [warning] Feature has no GFF ID
[2021-04-27 20:28:02.684] [jointLog] [warning] Feature has no GFF ID
[2021-04-27 20:28:02.684] [jointLog] [warning] Feature has no GFF ID
[2021-04-27 20:28:02.684] [jointLog] [warning] Feature has no GFF ID
[2021-04-27 20:28:02.684] [jointLog] [warning] Feature has no GFF ID
[2021-04-27 20:28:02.684] [jointLog] [warning] Feature has no GFF ID
[2021-04-27 20:28:02.684] [jointLog] [warning] Feature has no GFF ID
[2021-04-27 20:28:02.684] [jointLog] [warning] Feature has no GFF ID
[2021-04-27 20:28:02.684] [jointLog] [warning] Feature has no GFF ID
[2021-04-27 20:28:02.684] [jointLog] [warning] Feature has no GFF ID
[2021-04-27 20:28:02.684] [jointLog] [warning] Feature has no GFF ID
[2021-04-27 20:28:02.684] [jointLog] [warning] Feature has no GFF ID
[2021-04-27 20:28:02.684] [jointLog] [warning] Feature has no GFF ID
[2021-04-27 20:28:02.684] [jointLog] [warning] Feature has no GFF ID
[2021-04-27 20:28:02.684] [jointLog] [warning] Feature has no GFF ID
[2021-04-27 20:28:02.684] [jointLog] [warning] Feature has no GFF ID
[2021-04-27 20:28:02.684] [jointLog] [warning] Feature has no GFF ID
[2021-04-27 20:28:02.684] [jointLog] [warning] Feature has no GFF ID
[2021-04-27 20:28:02.684] [jointLog] [warning] Feature has no GFF ID
[2021-04-27 20:28:02.684] [jointLog] [warning] Feature has no GFF ID
[2021-04-27 20:28:02.684] [jointLog] [warning] Feature has no GFF ID
[2021-04-27 20:28:02.684] [jointLog] [warning] Feature has no GFF ID
[2021-04-27 20:28:02.684] [jointLog] [warning] Feature has no GFF ID
[2021-04-27 20:28:02.684] [jointLog] [warning] Feature has no GFF ID
[2021-04-27 20:28:02.684] [jointLog] [warning] Feature has no GFF ID
[2021-04-27 20:28:02.684] [jointLog] [warning] Feature has no GFF ID
[2021-04-27 20:28:02.684] [jointLog] [warning] Feature has no GFF ID
[2021-04-27 20:28:02.994] [jointLog] [info] There were 142604 transcripts mapping to 55401 genes
[2021-04-27 20:28:02.994] [jointLog] [info] NOTE: We recommend using tximport (https://bioconductor.org/packages/release/bioc/html/tximport.html) for aggregating transcript-level salmon abundance estimates to the gene level.  It is more versatile, exposes more features, and allows considering multi-sample information during aggregation.
[2021-04-27 20:28:03.276] [jointLog] [warning] couldn't find transcript named [DQ459430] in transcript <-> gene map; returning transcript as it's own gene
[2021-04-27 20:28:03.276] [jointLog] [warning] couldn't find transcript named [DQ516784] in transcript <-> gene map; returning transcript as it's own gene
[2021-04-27 20:28:03.276] [jointLog] [warning] couldn't find transcript named [DQ516752] in transcript <-> gene map; returning transcript as it's own gene
[2021-04-27 20:28:03.276] [jointLog] [warning] couldn't find transcript named [DQ668364] in transcript <-> gene map; returning transcript as it's own gene
[2021-04-27 20:28:03.276] [jointLog] [warning] couldn't find transcript named [DQ883670] in transcript <-> gene map; returning transcript as it's own gene
[2021-04-27 20:28:03.276] [jointLog] [warning] couldn't find transcript named [EF011062] in transcript <-> gene map; returning transcript as it's own gene
[2021-04-27 20:28:03.276] [jointLog] [warning] couldn't find transcript named [DQ875385] in transcript <-> gene map; returning transcript as it's own gene
[2021-04-27 20:28:03.276] [jointLog] [warning] couldn't find transcript named [DQ883664] in transcript <-> gene map; returning transcript as it's own gene
[2021-04-27 20:28:03.276] [jointLog] [warning] couldn't find transcript named [DQ459420] in transcript <-> gene map; returning transcript as it's own gene
[2021-04-27 20:28:03.276] [jointLog] [warning] couldn't find transcript named [DQ883651] in transcript <-> gene map; returning transcript as it's own gene
[2021-04-27 20:28:03.276] [jointLog] [warning] couldn't find transcript named [DQ855004] in transcript <-> gene map; returning transcript as it's own gene
[2021-04-27 20:28:03.276] [jointLog] [warning] couldn't find transcript named [DQ854993] in transcript <-> gene map; returning transcript as it's own gene
[2021-04-27 20:28:03.276] [jointLog] [warning] couldn't find transcript named [DQ883689] in transcript <-> gene map; returning transcript as it's own gene
[2021-04-27 20:28:03.276] [jointLog] [warning] couldn't find transcript named [DQ459419] in transcript <-> gene map; returning transcript as it's own gene
[2021-04-27 20:28:03.276] [jointLog] [warning] couldn't find transcript named [DQ459431] in transcript <-> gene map; returning transcript as it's own gene
[2021-04-27 20:28:03.276] [jointLog] [warning] couldn't find transcript named [DQ516796] in transcript <-> gene map; returning transcript as it's own gene
[2021-04-27 20:28:03.276] [jointLog] [warning] couldn't find transcript named [DQ855001] in transcript <-> gene map; returning transcript as it's own gene
[2021-04-27 20:28:03.276] [jointLog] [warning] couldn't find transcript named [DQ459413] in transcript <-> gene map; returning transcript as it's own gene
[2021-04-27 20:28:03.276] [jointLog] [warning] couldn't find transcript named [DQ883656] in transcript <-> gene map; returning transcript as it's own gene
[2021-04-27 20:28:03.276] [jointLog] [warning] couldn't find transcript named [DQ883661] in transcript <-> gene map; returning transcript as it's own gene
[2021-04-27 20:28:03.276] [jointLog] [warning] couldn't find transcript named [EF011069] in transcript <-> gene map; returning transcript as it's own gene
[2021-04-27 20:28:03.276] [jointLog] [warning] couldn't find transcript named [DQ516783] in transcript <-> gene map; returning transcript as it's own gene
[2021-04-27 20:28:03.276] [jointLog] [warning] couldn't find transcript named [DQ516787] in transcript <-> gene map; returning transcript as it's own gene
[2021-04-27 20:28:03.276] [jointLog] [warning] couldn't find transcript named [DQ459424] in transcript <-> gene map; returning transcript as it's own gene
[2021-04-27 20:28:03.276] [jointLog] [warning] couldn't find transcript named [DQ516748] in transcript <-> gene map; returning transcript as it's own gene
[2021-04-27 20:28:03.276] [jointLog] [warning] couldn't find transcript named [DQ883671] in transcript <-> gene map; returning transcript as it's own gene
[2021-04-27 20:28:03.276] [jointLog] [warning] couldn't find transcript named [DQ516740] in transcript <-> gene map; returning transcript as it's own gene
[2021-04-27 20:28:03.276] [jointLog] [warning] couldn't find transcript named [DQ516785] in transcript <-> gene map; returning transcript as it's own gene
[2021-04-27 20:28:03.276] [jointLog] [warning] couldn't find transcript named [DQ516731] in transcript <-> gene map; returning transcript as it's own gene
[2021-04-27 20:28:03.276] [jointLog] [warning] couldn't find transcript named [DQ668366] in transcript <-> gene map; returning transcript as it's own gene
[2021-04-27 20:28:03.276] [jointLog] [warning] couldn't find transcript named [DQ459418] in transcript <-> gene map; returning transcript as it's own gene
[2021-04-27 20:28:03.276] [jointLog] [warning] couldn't find transcript named [DQ668356] in transcript <-> gene map; returning transcript as it's own gene
[2021-04-27 20:28:03.276] [jointLog] [warning] couldn't find transcript named [DQ516763] in transcript <-> gene map; returning transcript as it's own gene
[2021-04-27 20:28:03.276] [jointLog] [warning] couldn't find transcript named [DQ459426] in transcript <-> gene map; returning transcript as it's own gene
[2021-04-27 20:28:03.276] [jointLog] [warning] couldn't find transcript named [DQ516786] in transcript <-> gene map; returning transcript as it's own gene
[2021-04-27 20:28:03.276] [jointLog] [warning] couldn't find transcript named [DQ883653] in transcript <-> gene map; returning transcript as it's own gene
[2021-04-27 20:28:03.276] [jointLog] [warning] couldn't find transcript named [DQ459421] in transcript <-> gene map; returning transcript as it's own gene
[2021-04-27 20:28:03.276] [jointLog] [warning] couldn't find transcript named [DQ883654] in transcript <-> gene map; returning transcript as it's own gene
[2021-04-27 20:28:03.276] [jointLog] [warning] couldn't find transcript named [DQ668358] in transcript <-> gene map; returning transcript as it's own gene
[2021-04-27 20:28:03.276] [jointLog] [warning] couldn't find transcript named [DQ516754] in transcript <-> gene map; returning transcript as it's own gene
[2021-04-27 20:28:03.276] [jointLog] [warning] couldn't find transcript named [DQ516778] in transcript <-> gene map; returning transcript as it's own gene
[2021-04-27 20:28:03.276] [jointLog] [warning] couldn't find transcript named [DQ883650] in transcript <-> gene map; returning transcript as it's own gene
[2021-04-27 20:28:03.276] [jointLog] [warning] couldn't find transcript named [DQ516742] in transcript <-> gene map; returning transcript as it's own gene
[2021-04-27 20:28:03.276] [jointLog] [warning] couldn't find transcript named [DQ883673] in transcript <-> gene map; returning transcript as it's own gene
[2021-04-27 20:28:03.276] [jointLog] [warning] couldn't find transcript named [DQ883652] in transcript <-> gene map; returning transcript as it's own gene
[2021-04-27 20:28:03.276] [jointLog] [warning] couldn't find transcript named [DQ854991] in transcript <-> gene map; returning transcript as it's own gene
[2021-04-27 20:28:03.276] [jointLog] [warning] couldn't find transcript named [DQ516780] in transcript <-> gene map; returning transcript as it's own gene
[2021-04-27 20:28:03.276] [jointLog] [warning] couldn't find transcript named [DQ883682] in transcript <-> gene map; returning transcript as it's own gene
[2021-04-27 20:28:03.276] [jointLog] [warning] couldn't find transcript named [DQ883669] in transcript <-> gene map; returning transcript as it's own gene
[2021-04-27 20:28:03.276] [jointLog] [warning] couldn't find transcript named [DQ516791] in transcript <-> gene map; returning transcript as it's own gene
[2021-04-27 20:28:03.276] [jointLog] [warning] couldn't find transcript named [DQ459425] in transcript <-> gene map; returning transcript as it's own gene
[2021-04-27 20:28:03.276] [jointLog] [warning] couldn't find transcript named [DQ516759] in transcript <-> gene map; returning transcript as it's own gene
[2021-04-27 20:28:03.276] [jointLog] [warning] couldn't find transcript named [DQ459429] in transcript <-> gene map; returning transcript as it's own gene
[2021-04-27 20:28:03.276] [jointLog] [warning] couldn't find transcript named [DQ516758] in transcript <-> gene map; returning transcript as it's own gene
[2021-04-27 20:28:03.276] [jointLog] [warning] couldn't find transcript named [DQ459415] in transcript <-> gene map; returning transcript as it's own gene
[2021-04-27 20:28:03.276] [jointLog] [warning] couldn't find transcript named [DQ875387] in transcript <-> gene map; returning transcript as it's own gene
[2021-04-27 20:28:03.276] [jointLog] [warning] couldn't find transcript named [DQ516815] in transcript <-> gene map; returning transcript as it's own gene
[2021-04-27 20:28:03.276] [jointLog] [warning] couldn't find transcript named [DQ668365] in transcript <-> gene map; returning transcript as it's own gene
[2021-04-27 20:28:03.276] [jointLog] [warning] couldn't find transcript named [DQ854998] in transcript <-> gene map; returning transcript as it's own gene
[2021-04-27 20:28:03.276] [jointLog] [warning] couldn't find transcript named [DQ883685] in transcript <-> gene map; returning transcript as it's own gene
[2021-04-27 20:28:03.276] [jointLog] [warning] couldn't find transcript named [DQ459422] in transcript <-> gene map; returning transcript as it's own gene
[2021-04-27 20:28:03.276] [jointLog] [warning] couldn't find transcript named [DQ883663] in transcript <-> gene map; returning transcript as it's own gene
[2021-04-27 20:28:03.276] [jointLog] [warning] couldn't find transcript named [DQ668367] in transcript <-> gene map; returning transcript as it's own gene
[2021-04-27 20:28:03.276] [jointLog] [warning] couldn't find transcript named [DQ459412] in transcript <-> gene map; returning transcript as it's own gene
[2021-04-27 20:28:03.276] [jointLog] [warning] couldn't find transcript named [DQ854992] in transcript <-> gene map; returning transcript as it's own gene
[2021-04-27 20:28:03.276] [jointLog] [warning] couldn't find transcript named [DQ516782] in transcript <-> gene map; returning transcript as it's own gene
[2021-04-27 20:28:03.276] [jointLog] [warning] couldn't find transcript named [DQ459427] in transcript <-> gene map; returning transcript as it's own gene
[2021-04-27 20:28:03.276] [jointLog] [warning] couldn't find transcript named [EF011072] in transcript <-> gene map; returning transcript as it's own gene
[2021-04-27 20:28:03.276] [jointLog] [warning] couldn't find transcript named [DQ855003] in transcript <-> gene map; returning transcript as it's own gene
[2021-04-27 20:28:03.276] [jointLog] [warning] couldn't find transcript named [DQ516739] in transcript <-> gene map; returning transcript as it's own gene
[2021-04-27 20:28:03.276] [jointLog] [warning] couldn't find transcript named [EF011063] in transcript <-> gene map; returning transcript as it's own gene
[2021-04-27 20:28:03.276] [jointLog] [warning] couldn't find transcript named [DQ855000] in transcript <-> gene map; returning transcript as it's own gene
[2021-04-27 20:28:03.276] [jointLog] [warning] couldn't find transcript named [DQ516777] in transcript <-> gene map; returning transcript as it's own gene
[2021-04-27 20:28:03.276] [jointLog] [warning] couldn't find transcript named [DQ883646] in transcript <-> gene map; returning transcript as it's own gene
[2021-04-27 20:28:03.276] [jointLog] [warning] couldn't find transcript named [DQ668362] in transcript <-> gene map; returning transcript as it's own gene
[2021-04-27 20:28:03.276] [jointLog] [warning] couldn't find transcript named [DQ854995] in transcript <-> gene map; returning transcript as it's own gene
[2021-04-27 20:28:03.276] [jointLog] [warning] couldn't find transcript named [DQ875386] in transcript <-> gene map; returning transcript as it's own gene
[2021-04-27 20:28:03.276] [jointLog] [warning] couldn't find transcript named [DQ516790] in transcript <-> gene map; returning transcript as it's own gene
[2021-04-27 20:28:03.276] [jointLog] [warning] couldn't find transcript named [DQ883642] in transcript <-> gene map; returning transcript as it's own gene
[2021-04-27 20:28:03.276] [jointLog] [warning] couldn't find transcript named [DQ883659] in transcript <-> gene map; returning transcript as it's own gene
[2021-04-27 20:28:03.276] [jointLog] [warning] couldn't find transcript named [DQ854997] in transcript <-> gene map; returning transcript as it's own gene
[2021-04-27 20:28:03.276] [jointLog] [warning] couldn't find transcript named [DQ883643] in transcript <-> gene map; returning transcript as it's own gene
[2021-04-27 20:28:03.276] [jointLog] [warning] couldn't find transcript named [DQ839618] in transcript <-> gene map; returning transcript as it's own gene
[2021-04-27 20:28:03.276] [jointLog] [warning] couldn't find transcript named [DQ516795] in transcript <-> gene map; returning transcript as it's own gene
[2021-04-27 20:28:03.276] [jointLog] [warning] couldn't find transcript named [DQ883658] in transcript <-> gene map; returning transcript as it's own gene
[2021-04-27 20:28:03.276] [jointLog] [warning] couldn't find transcript named [DQ516750] in transcript <-> gene map; returning transcript as it's own gene
[2021-04-27 20:28:03.276] [jointLog] [warning] couldn't find transcript named [DQ668359] in transcript <-> gene map; returning transcript as it's own gene
[2021-04-27 20:28:03.276] [jointLog] [warning] couldn't find transcript named [DQ516779] in transcript <-> gene map; returning transcript as it's own gene
[2021-04-27 20:28:03.276] [jointLog] [warning] couldn't find transcript named [DQ668363] in transcript <-> gene map; returning transcript as it's own gene
[2021-04-27 20:28:03.276] [jointLog] [warning] couldn't find transcript named [DQ516776] in transcript <-> gene map; returning transcript as it's own gene
[2021-04-27 20:28:03.276] [jointLog] [warning] couldn't find transcript named [DQ516773] in transcript <-> gene map; returning transcript as it's own gene
[2021-04-27 20:28:03.276] [jointLog] [warning] couldn't find transcript named [DQ854994] in transcript <-> gene map; returning transcript as it's own gene
[2021-04-27 20:28:03.276] [jointLog] [info] Aggregating expressions to gene level
[2021-04-27 20:28:03.457] [jointLog] [info] done
