[2021-05-20 19:13:52.289] [jointLog] [info] setting maxHashResizeThreads to 6
[2021-05-20 19:13:52.289] [jointLog] [info] Fragment incompatibility prior below threshold.  Incompatible fragments will be ignored.
[2021-05-20 19:13:52.292] [jointLog] [info] numQuantThreads = 3
[2021-05-20 19:13:55.418] [fileLog] [info] quantification processed 0 fragments so far

[2021-05-20 19:13:55.097] [jointLog] [info] replaced 4 non-ACGT nucleotides with random nucleotides
[2021-05-20 19:13:58.562] [fileLog] [info] quantification processed 1000000 fragments so far

[2021-05-20 19:14:01.833] [fileLog] [info] quantification processed 2000000 fragments so far

[2021-05-20 19:14:03.358] [jointLog] [info] 

The alignment group queue pool has been exhausted.  3039705 extra fragments were allocated on the heap to saturate the pool.  No new fragments will be allocated


[2021-05-20 19:14:12.210] [fileLog] [info] quantification processed 3000000 fragments so far

[2021-05-20 19:14:28.803] [fileLog] [info] quantification processed 4000000 fragments so far

[2021-05-20 19:14:45.412] [fileLog] [info] quantification processed 5000000 fragments so far

[2021-05-20 19:15:01.878] [fileLog] [info] quantification processed 6000000 fragments so far

[2021-05-20 19:15:18.254] [fileLog] [info] quantification processed 7000000 fragments so far

[2021-05-20 19:15:22.029] [fileLog] [info] quantification processed 8000000 fragments so far

[2021-05-20 19:15:25.670] [fileLog] [info] quantification processed 9000000 fragments so far

[2021-05-20 19:15:29.369] [fileLog] [info] quantification processed 10000000 fragments so far

[2021-05-20 19:15:33.078] [fileLog] [info] quantification processed 11000000 fragments so far

[2021-05-20 19:15:36.711] [fileLog] [info] quantification processed 12000000 fragments so far

[2021-05-20 19:15:40.372] [fileLog] [info] quantification processed 13000000 fragments so far

[2021-05-20 19:15:44.047] [fileLog] [info] quantification processed 14000000 fragments so far

[2021-05-20 19:15:47.731] [fileLog] [info] quantification processed 15000000 fragments so far

[2021-05-20 19:15:51.426] [fileLog] [info] quantification processed 16000000 fragments so far

[2021-05-20 19:15:55.102] [fileLog] [info] quantification processed 17000000 fragments so far

[2021-05-20 19:15:58.729] [fileLog] [info] quantification processed 18000000 fragments so far

[2021-05-20 19:16:02.371] [fileLog] [info] quantification processed 19000000 fragments so far

[2021-05-20 19:16:05.988] [fileLog] [info] quantification processed 20000000 fragments so far

[2021-05-20 19:16:09.660] [fileLog] [info] quantification processed 21000000 fragments so far

[2021-05-20 19:16:13.261] [fileLog] [info] quantification processed 22000000 fragments so far

[2021-05-20 19:16:16.919] [fileLog] [info] quantification processed 23000000 fragments so far

[2021-05-20 19:16:20.579] [fileLog] [info] quantification processed 24000000 fragments so far

[2021-05-20 19:16:24.198] [fileLog] [info] quantification processed 25000000 fragments so far

[2021-05-20 19:16:27.880] [fileLog] [info] quantification processed 26000000 fragments so far

[2021-05-20 19:16:31.519] [fileLog] [info] quantification processed 27000000 fragments so far

[2021-05-20 19:16:35.176] [fileLog] [info] quantification processed 28000000 fragments so far

[2021-05-20 19:16:38.939] [fileLog] [info] quantification processed 29000000 fragments so far

[2021-05-20 19:16:42.475] [fileLog] [info] quantification processed 30000000 fragments so far

[2021-05-20 19:16:45.605] [fileLog] [info] quantification processed 30879116 fragments so far

[2021-05-20 19:16:52.269] [jointLog] [info] Thread saw mini-batch with a maximum of 2.30% zero probability fragments
[2021-05-20 19:16:52.272] [jointLog] [info] Thread saw mini-batch with a maximum of 2.50% zero probability fragments
[2021-05-20 19:16:52.278] [jointLog] [info] Thread saw mini-batch with a maximum of 2.80% zero probability fragments
[2021-05-20 19:16:52.278] [jointLog] [info] 


Completed first pass through the alignment file.
Total # of mapped reads : 30879116
# of uniquely mapped reads : 12211396
# ambiguously mapped reads : 18667720



[2021-05-20 19:16:52.444] [jointLog] [info] Computed 247356 rich equivalence classes for further processing
[2021-05-20 19:16:52.444] [jointLog] [info] Counted 30604103 total reads in the equivalence classes 
[2021-05-20 19:16:52.446] [jointLog] [info] starting optimizer
[2021-05-20 19:16:52.540] [jointLog] [info] Marked 0 weighted equivalence classes as degenerate
[2021-05-20 19:16:52.556] [jointLog] [info] iteration = 0 | max rel diff. = 7565.57
[2021-05-20 19:16:54.017] [jointLog] [info] iteration = 100 | max rel diff. = 10.0771
[2021-05-20 19:16:55.471] [jointLog] [info] iteration = 200 | max rel diff. = 10.3427
[2021-05-20 19:16:56.920] [jointLog] [info] iteration = 300 | max rel diff. = 10.9026
[2021-05-20 19:16:58.376] [jointLog] [info] iteration = 400 | max rel diff. = 12.407
[2021-05-20 19:16:59.840] [jointLog] [info] iteration = 500 | max rel diff. = 0.212733
[2021-05-20 19:17:01.301] [jointLog] [info] iteration = 600 | max rel diff. = 8.91408
[2021-05-20 19:17:02.747] [jointLog] [info] iteration = 700 | max rel diff. = 0.215267
[2021-05-20 19:17:04.195] [jointLog] [info] iteration = 800 | max rel diff. = 2.65195
[2021-05-20 19:17:05.637] [jointLog] [info] iteration = 900 | max rel diff. = 0.169774
[2021-05-20 19:17:07.079] [jointLog] [info] iteration = 1000 | max rel diff. = 0.442816
[2021-05-20 19:17:08.520] [jointLog] [info] iteration = 1100 | max rel diff. = 0.0807674
[2021-05-20 19:17:09.967] [jointLog] [info] iteration = 1200 | max rel diff. = 0.085125
[2021-05-20 19:17:11.407] [jointLog] [info] iteration = 1300 | max rel diff. = 0.0337627
[2021-05-20 19:17:12.849] [jointLog] [info] iteration = 1400 | max rel diff. = 0.0441923
[2021-05-20 19:17:14.315] [jointLog] [info] iteration = 1500 | max rel diff. = 0.136378
[2021-05-20 19:17:15.755] [jointLog] [info] iteration = 1600 | max rel diff. = 0.137792
[2021-05-20 19:17:16.939] [jointLog] [info] iteration = 1683 | max rel diff. = 0.00849029
[2021-05-20 19:17:16.970] [jointLog] [info] finished optimizer
[2021-05-20 19:17:16.970] [jointLog] [info] writing output
[2021-05-20 19:17:18.748] [jointLog] [info] Computing gene-level abundance estimates
[2021-05-20 19:17:48.949] [jointLog] [warning] Feature has no GFF ID
[2021-05-20 19:17:48.949] [jointLog] [warning] Feature has no GFF ID
[2021-05-20 19:17:48.949] [jointLog] [warning] Feature has no GFF ID
[2021-05-20 19:17:48.949] [jointLog] [warning] Feature has no GFF ID
[2021-05-20 19:17:48.949] [jointLog] [warning] Feature has no GFF ID
[2021-05-20 19:17:48.949] [jointLog] [warning] Feature has no GFF ID
[2021-05-20 19:17:48.949] [jointLog] [warning] Feature has no GFF ID
[2021-05-20 19:17:48.949] [jointLog] [warning] Feature has no GFF ID
[2021-05-20 19:17:48.949] [jointLog] [warning] Feature has no GFF ID
[2021-05-20 19:17:48.949] [jointLog] [warning] Feature has no GFF ID
[2021-05-20 19:17:48.949] [jointLog] [warning] Feature has no GFF ID
[2021-05-20 19:17:48.949] [jointLog] [warning] Feature has no GFF ID
[2021-05-20 19:17:48.949] [jointLog] [warning] Feature has no GFF ID
[2021-05-20 19:17:48.949] [jointLog] [warning] Feature has no GFF ID
[2021-05-20 19:17:48.949] [jointLog] [warning] Feature has no GFF ID
[2021-05-20 19:17:48.949] [jointLog] [warning] Feature has no GFF ID
[2021-05-20 19:17:48.949] [jointLog] [warning] Feature has no GFF ID
[2021-05-20 19:17:48.949] [jointLog] [warning] Feature has no GFF ID
[2021-05-20 19:17:48.949] [jointLog] [warning] Feature has no GFF ID
[2021-05-20 19:17:48.949] [jointLog] [warning] Feature has no GFF ID
[2021-05-20 19:17:48.949] [jointLog] [warning] Feature has no GFF ID
[2021-05-20 19:17:48.949] [jointLog] [warning] Feature has no GFF ID
[2021-05-20 19:17:48.949] [jointLog] [warning] Feature has no GFF ID
[2021-05-20 19:17:48.949] [jointLog] [warning] Feature has no GFF ID
[2021-05-20 19:17:48.949] [jointLog] [warning] Feature has no GFF ID
[2021-05-20 19:17:48.949] [jointLog] [warning] Feature has no GFF ID
[2021-05-20 19:17:48.949] [jointLog] [warning] Feature has no GFF ID
[2021-05-20 19:17:48.949] [jointLog] [warning] Feature has no GFF ID
[2021-05-20 19:17:48.949] [jointLog] [warning] Feature has no GFF ID
[2021-05-20 19:17:48.949] [jointLog] [warning] Feature has no GFF ID
[2021-05-20 19:17:48.949] [jointLog] [warning] Feature has no GFF ID
[2021-05-20 19:17:48.949] [jointLog] [warning] Feature has no GFF ID
[2021-05-20 19:17:48.949] [jointLog] [warning] Feature has no GFF ID
[2021-05-20 19:17:48.949] [jointLog] [warning] Feature has no GFF ID
[2021-05-20 19:17:48.949] [jointLog] [warning] Feature has no GFF ID
[2021-05-20 19:17:48.949] [jointLog] [warning] Feature has no GFF ID
[2021-05-20 19:17:48.949] [jointLog] [warning] Feature has no GFF ID
[2021-05-20 19:17:48.949] [jointLog] [warning] Feature has no GFF ID
[2021-05-20 19:17:48.949] [jointLog] [warning] Feature has no GFF ID
[2021-05-20 19:17:48.949] [jointLog] [warning] Feature has no GFF ID
[2021-05-20 19:17:48.949] [jointLog] [warning] Feature has no GFF ID
[2021-05-20 19:17:48.949] [jointLog] [warning] Feature has no GFF ID
[2021-05-20 19:17:48.949] [jointLog] [warning] Feature has no GFF ID
[2021-05-20 19:17:48.949] [jointLog] [warning] Feature has no GFF ID
[2021-05-20 19:17:48.949] [jointLog] [warning] Feature has no GFF ID
[2021-05-20 19:17:48.949] [jointLog] [warning] Feature has no GFF ID
[2021-05-20 19:17:48.949] [jointLog] [warning] Feature has no GFF ID
[2021-05-20 19:17:48.949] [jointLog] [warning] Feature has no GFF ID
[2021-05-20 19:17:48.949] [jointLog] [warning] Feature has no GFF ID
[2021-05-20 19:17:48.949] [jointLog] [warning] Feature has no GFF ID
[2021-05-20 19:17:48.949] [jointLog] [warning] Feature has no GFF ID
[2021-05-20 19:17:48.949] [jointLog] [warning] Feature has no GFF ID
[2021-05-20 19:17:48.949] [jointLog] [warning] Feature has no GFF ID
[2021-05-20 19:17:48.949] [jointLog] [warning] Feature has no GFF ID
[2021-05-20 19:17:48.949] [jointLog] [warning] Feature has no GFF ID
[2021-05-20 19:17:48.949] [jointLog] [warning] Feature has no GFF ID
[2021-05-20 19:17:48.949] [jointLog] [warning] Feature has no GFF ID
[2021-05-20 19:17:48.949] [jointLog] [warning] Feature has no GFF ID
[2021-05-20 19:17:48.949] [jointLog] [warning] Feature has no GFF ID
[2021-05-20 19:17:48.949] [jointLog] [warning] Feature has no GFF ID
[2021-05-20 19:17:48.949] [jointLog] [warning] Feature has no GFF ID
[2021-05-20 19:17:48.949] [jointLog] [warning] Feature has no GFF ID
[2021-05-20 19:17:48.949] [jointLog] [warning] Feature has no GFF ID
[2021-05-20 19:17:48.949] [jointLog] [warning] Feature has no GFF ID
[2021-05-20 19:17:48.949] [jointLog] [warning] Feature has no GFF ID
[2021-05-20 19:17:48.949] [jointLog] [warning] Feature has no GFF ID
[2021-05-20 19:17:48.949] [jointLog] [warning] Feature has no GFF ID
[2021-05-20 19:17:48.949] [jointLog] [warning] Feature has no GFF ID
[2021-05-20 19:17:48.949] [jointLog] [warning] Feature has no GFF ID
[2021-05-20 19:17:48.949] [jointLog] [warning] Feature has no GFF ID
[2021-05-20 19:17:48.949] [jointLog] [warning] Feature has no GFF ID
[2021-05-20 19:17:48.949] [jointLog] [warning] Feature has no GFF ID
[2021-05-20 19:17:48.949] [jointLog] [warning] Feature has no GFF ID
[2021-05-20 19:17:48.949] [jointLog] [warning] Feature has no GFF ID
[2021-05-20 19:17:48.949] [jointLog] [warning] Feature has no GFF ID
[2021-05-20 19:17:48.949] [jointLog] [warning] Feature has no GFF ID
[2021-05-20 19:17:48.949] [jointLog] [warning] Feature has no GFF ID
[2021-05-20 19:17:48.949] [jointLog] [warning] Feature has no GFF ID
[2021-05-20 19:17:48.949] [jointLog] [warning] Feature has no GFF ID
[2021-05-20 19:17:48.949] [jointLog] [warning] Feature has no GFF ID
[2021-05-20 19:17:48.949] [jointLog] [warning] Feature has no GFF ID
[2021-05-20 19:17:48.949] [jointLog] [warning] Feature has no GFF ID
[2021-05-20 19:17:48.949] [jointLog] [warning] Feature has no GFF ID
[2021-05-20 19:17:48.949] [jointLog] [warning] Feature has no GFF ID
[2021-05-20 19:17:48.949] [jointLog] [warning] Feature has no GFF ID
[2021-05-20 19:17:48.949] [jointLog] [warning] Feature has no GFF ID
[2021-05-20 19:17:48.949] [jointLog] [warning] Feature has no GFF ID
[2021-05-20 19:17:48.949] [jointLog] [warning] Feature has no GFF ID
[2021-05-20 19:17:48.949] [jointLog] [warning] Feature has no GFF ID
[2021-05-20 19:17:48.949] [jointLog] [warning] Feature has no GFF ID
[2021-05-20 19:17:48.949] [jointLog] [warning] Feature has no GFF ID
[2021-05-20 19:17:48.949] [jointLog] [warning] Feature has no GFF ID
[2021-05-20 19:17:49.284] [jointLog] [info] There were 142604 transcripts mapping to 55401 genes
[2021-05-20 19:17:49.284] [jointLog] [info] NOTE: We recommend using tximport (https://bioconductor.org/packages/release/bioc/html/tximport.html) for aggregating transcript-level salmon abundance estimates to the gene level.  It is more versatile, exposes more features, and allows considering multi-sample information during aggregation.
[2021-05-20 19:17:49.604] [jointLog] [warning] couldn't find transcript named [DQ459430] in transcript <-> gene map; returning transcript as it's own gene
[2021-05-20 19:17:49.604] [jointLog] [warning] couldn't find transcript named [DQ516784] in transcript <-> gene map; returning transcript as it's own gene
[2021-05-20 19:17:49.604] [jointLog] [warning] couldn't find transcript named [DQ516752] in transcript <-> gene map; returning transcript as it's own gene
[2021-05-20 19:17:49.604] [jointLog] [warning] couldn't find transcript named [DQ668364] in transcript <-> gene map; returning transcript as it's own gene
[2021-05-20 19:17:49.604] [jointLog] [warning] couldn't find transcript named [DQ883670] in transcript <-> gene map; returning transcript as it's own gene
[2021-05-20 19:17:49.604] [jointLog] [warning] couldn't find transcript named [EF011062] in transcript <-> gene map; returning transcript as it's own gene
[2021-05-20 19:17:49.604] [jointLog] [warning] couldn't find transcript named [DQ875385] in transcript <-> gene map; returning transcript as it's own gene
[2021-05-20 19:17:49.604] [jointLog] [warning] couldn't find transcript named [DQ883664] in transcript <-> gene map; returning transcript as it's own gene
[2021-05-20 19:17:49.604] [jointLog] [warning] couldn't find transcript named [DQ459420] in transcript <-> gene map; returning transcript as it's own gene
[2021-05-20 19:17:49.604] [jointLog] [warning] couldn't find transcript named [DQ883651] in transcript <-> gene map; returning transcript as it's own gene
[2021-05-20 19:17:49.604] [jointLog] [warning] couldn't find transcript named [DQ855004] in transcript <-> gene map; returning transcript as it's own gene
[2021-05-20 19:17:49.604] [jointLog] [warning] couldn't find transcript named [DQ854993] in transcript <-> gene map; returning transcript as it's own gene
[2021-05-20 19:17:49.604] [jointLog] [warning] couldn't find transcript named [DQ883689] in transcript <-> gene map; returning transcript as it's own gene
[2021-05-20 19:17:49.604] [jointLog] [warning] couldn't find transcript named [DQ459419] in transcript <-> gene map; returning transcript as it's own gene
[2021-05-20 19:17:49.604] [jointLog] [warning] couldn't find transcript named [DQ459431] in transcript <-> gene map; returning transcript as it's own gene
[2021-05-20 19:17:49.604] [jointLog] [warning] couldn't find transcript named [DQ516796] in transcript <-> gene map; returning transcript as it's own gene
[2021-05-20 19:17:49.604] [jointLog] [warning] couldn't find transcript named [DQ855001] in transcript <-> gene map; returning transcript as it's own gene
[2021-05-20 19:17:49.604] [jointLog] [warning] couldn't find transcript named [DQ459413] in transcript <-> gene map; returning transcript as it's own gene
[2021-05-20 19:17:49.604] [jointLog] [warning] couldn't find transcript named [DQ883656] in transcript <-> gene map; returning transcript as it's own gene
[2021-05-20 19:17:49.604] [jointLog] [warning] couldn't find transcript named [DQ883661] in transcript <-> gene map; returning transcript as it's own gene
[2021-05-20 19:17:49.604] [jointLog] [warning] couldn't find transcript named [EF011069] in transcript <-> gene map; returning transcript as it's own gene
[2021-05-20 19:17:49.604] [jointLog] [warning] couldn't find transcript named [DQ516783] in transcript <-> gene map; returning transcript as it's own gene
[2021-05-20 19:17:49.604] [jointLog] [warning] couldn't find transcript named [DQ516787] in transcript <-> gene map; returning transcript as it's own gene
[2021-05-20 19:17:49.604] [jointLog] [warning] couldn't find transcript named [DQ459424] in transcript <-> gene map; returning transcript as it's own gene
[2021-05-20 19:17:49.604] [jointLog] [warning] couldn't find transcript named [DQ516748] in transcript <-> gene map; returning transcript as it's own gene
[2021-05-20 19:17:49.604] [jointLog] [warning] couldn't find transcript named [DQ883671] in transcript <-> gene map; returning transcript as it's own gene
[2021-05-20 19:17:49.604] [jointLog] [warning] couldn't find transcript named [DQ516740] in transcript <-> gene map; returning transcript as it's own gene
[2021-05-20 19:17:49.605] [jointLog] [warning] couldn't find transcript named [DQ516785] in transcript <-> gene map; returning transcript as it's own gene
[2021-05-20 19:17:49.605] [jointLog] [warning] couldn't find transcript named [DQ516731] in transcript <-> gene map; returning transcript as it's own gene
[2021-05-20 19:17:49.605] [jointLog] [warning] couldn't find transcript named [DQ668366] in transcript <-> gene map; returning transcript as it's own gene
[2021-05-20 19:17:49.605] [jointLog] [warning] couldn't find transcript named [DQ459418] in transcript <-> gene map; returning transcript as it's own gene
[2021-05-20 19:17:49.605] [jointLog] [warning] couldn't find transcript named [DQ668356] in transcript <-> gene map; returning transcript as it's own gene
[2021-05-20 19:17:49.605] [jointLog] [warning] couldn't find transcript named [DQ516763] in transcript <-> gene map; returning transcript as it's own gene
[2021-05-20 19:17:49.605] [jointLog] [warning] couldn't find transcript named [DQ459426] in transcript <-> gene map; returning transcript as it's own gene
[2021-05-20 19:17:49.605] [jointLog] [warning] couldn't find transcript named [DQ516786] in transcript <-> gene map; returning transcript as it's own gene
[2021-05-20 19:17:49.605] [jointLog] [warning] couldn't find transcript named [DQ883653] in transcript <-> gene map; returning transcript as it's own gene
[2021-05-20 19:17:49.605] [jointLog] [warning] couldn't find transcript named [DQ459421] in transcript <-> gene map; returning transcript as it's own gene
[2021-05-20 19:17:49.605] [jointLog] [warning] couldn't find transcript named [DQ883654] in transcript <-> gene map; returning transcript as it's own gene
[2021-05-20 19:17:49.605] [jointLog] [warning] couldn't find transcript named [DQ668358] in transcript <-> gene map; returning transcript as it's own gene
[2021-05-20 19:17:49.605] [jointLog] [warning] couldn't find transcript named [DQ516754] in transcript <-> gene map; returning transcript as it's own gene
[2021-05-20 19:17:49.605] [jointLog] [warning] couldn't find transcript named [DQ516778] in transcript <-> gene map; returning transcript as it's own gene
[2021-05-20 19:17:49.605] [jointLog] [warning] couldn't find transcript named [DQ883650] in transcript <-> gene map; returning transcript as it's own gene
[2021-05-20 19:17:49.605] [jointLog] [warning] couldn't find transcript named [DQ516742] in transcript <-> gene map; returning transcript as it's own gene
[2021-05-20 19:17:49.605] [jointLog] [warning] couldn't find transcript named [DQ883673] in transcript <-> gene map; returning transcript as it's own gene
[2021-05-20 19:17:49.605] [jointLog] [warning] couldn't find transcript named [DQ883652] in transcript <-> gene map; returning transcript as it's own gene
[2021-05-20 19:17:49.605] [jointLog] [warning] couldn't find transcript named [DQ854991] in transcript <-> gene map; returning transcript as it's own gene
[2021-05-20 19:17:49.605] [jointLog] [warning] couldn't find transcript named [DQ516780] in transcript <-> gene map; returning transcript as it's own gene
[2021-05-20 19:17:49.605] [jointLog] [warning] couldn't find transcript named [DQ883682] in transcript <-> gene map; returning transcript as it's own gene
[2021-05-20 19:17:49.605] [jointLog] [warning] couldn't find transcript named [DQ883669] in transcript <-> gene map; returning transcript as it's own gene
[2021-05-20 19:17:49.605] [jointLog] [warning] couldn't find transcript named [DQ516791] in transcript <-> gene map; returning transcript as it's own gene
[2021-05-20 19:17:49.605] [jointLog] [warning] couldn't find transcript named [DQ459425] in transcript <-> gene map; returning transcript as it's own gene
[2021-05-20 19:17:49.605] [jointLog] [warning] couldn't find transcript named [DQ516759] in transcript <-> gene map; returning transcript as it's own gene
[2021-05-20 19:17:49.605] [jointLog] [warning] couldn't find transcript named [DQ459429] in transcript <-> gene map; returning transcript as it's own gene
[2021-05-20 19:17:49.605] [jointLog] [warning] couldn't find transcript named [DQ516758] in transcript <-> gene map; returning transcript as it's own gene
[2021-05-20 19:17:49.605] [jointLog] [warning] couldn't find transcript named [DQ459415] in transcript <-> gene map; returning transcript as it's own gene
[2021-05-20 19:17:49.605] [jointLog] [warning] couldn't find transcript named [DQ875387] in transcript <-> gene map; returning transcript as it's own gene
[2021-05-20 19:17:49.605] [jointLog] [warning] couldn't find transcript named [DQ516815] in transcript <-> gene map; returning transcript as it's own gene
[2021-05-20 19:17:49.605] [jointLog] [warning] couldn't find transcript named [DQ668365] in transcript <-> gene map; returning transcript as it's own gene
[2021-05-20 19:17:49.605] [jointLog] [warning] couldn't find transcript named [DQ854998] in transcript <-> gene map; returning transcript as it's own gene
[2021-05-20 19:17:49.605] [jointLog] [warning] couldn't find transcript named [DQ883685] in transcript <-> gene map; returning transcript as it's own gene
[2021-05-20 19:17:49.605] [jointLog] [warning] couldn't find transcript named [DQ459422] in transcript <-> gene map; returning transcript as it's own gene
[2021-05-20 19:17:49.605] [jointLog] [warning] couldn't find transcript named [DQ883663] in transcript <-> gene map; returning transcript as it's own gene
[2021-05-20 19:17:49.605] [jointLog] [warning] couldn't find transcript named [DQ668367] in transcript <-> gene map; returning transcript as it's own gene
[2021-05-20 19:17:49.605] [jointLog] [warning] couldn't find transcript named [DQ459412] in transcript <-> gene map; returning transcript as it's own gene
[2021-05-20 19:17:49.605] [jointLog] [warning] couldn't find transcript named [DQ854992] in transcript <-> gene map; returning transcript as it's own gene
[2021-05-20 19:17:49.605] [jointLog] [warning] couldn't find transcript named [DQ516782] in transcript <-> gene map; returning transcript as it's own gene
[2021-05-20 19:17:49.605] [jointLog] [warning] couldn't find transcript named [DQ459427] in transcript <-> gene map; returning transcript as it's own gene
[2021-05-20 19:17:49.605] [jointLog] [warning] couldn't find transcript named [EF011072] in transcript <-> gene map; returning transcript as it's own gene
[2021-05-20 19:17:49.605] [jointLog] [warning] couldn't find transcript named [DQ855003] in transcript <-> gene map; returning transcript as it's own gene
[2021-05-20 19:17:49.605] [jointLog] [warning] couldn't find transcript named [DQ516739] in transcript <-> gene map; returning transcript as it's own gene
[2021-05-20 19:17:49.605] [jointLog] [warning] couldn't find transcript named [EF011063] in transcript <-> gene map; returning transcript as it's own gene
[2021-05-20 19:17:49.605] [jointLog] [warning] couldn't find transcript named [DQ855000] in transcript <-> gene map; returning transcript as it's own gene
[2021-05-20 19:17:49.605] [jointLog] [warning] couldn't find transcript named [DQ516777] in transcript <-> gene map; returning transcript as it's own gene
[2021-05-20 19:17:49.605] [jointLog] [warning] couldn't find transcript named [DQ883646] in transcript <-> gene map; returning transcript as it's own gene
[2021-05-20 19:17:49.605] [jointLog] [warning] couldn't find transcript named [DQ668362] in transcript <-> gene map; returning transcript as it's own gene
[2021-05-20 19:17:49.605] [jointLog] [warning] couldn't find transcript named [DQ854995] in transcript <-> gene map; returning transcript as it's own gene
[2021-05-20 19:17:49.605] [jointLog] [warning] couldn't find transcript named [DQ875386] in transcript <-> gene map; returning transcript as it's own gene
[2021-05-20 19:17:49.605] [jointLog] [warning] couldn't find transcript named [DQ516790] in transcript <-> gene map; returning transcript as it's own gene
[2021-05-20 19:17:49.605] [jointLog] [warning] couldn't find transcript named [DQ883642] in transcript <-> gene map; returning transcript as it's own gene
[2021-05-20 19:17:49.605] [jointLog] [warning] couldn't find transcript named [DQ883659] in transcript <-> gene map; returning transcript as it's own gene
[2021-05-20 19:17:49.605] [jointLog] [warning] couldn't find transcript named [DQ854997] in transcript <-> gene map; returning transcript as it's own gene
[2021-05-20 19:17:49.605] [jointLog] [warning] couldn't find transcript named [DQ883643] in transcript <-> gene map; returning transcript as it's own gene
[2021-05-20 19:17:49.605] [jointLog] [warning] couldn't find transcript named [DQ839618] in transcript <-> gene map; returning transcript as it's own gene
[2021-05-20 19:17:49.605] [jointLog] [warning] couldn't find transcript named [DQ516795] in transcript <-> gene map; returning transcript as it's own gene
[2021-05-20 19:17:49.605] [jointLog] [warning] couldn't find transcript named [DQ883658] in transcript <-> gene map; returning transcript as it's own gene
[2021-05-20 19:17:49.605] [jointLog] [warning] couldn't find transcript named [DQ516750] in transcript <-> gene map; returning transcript as it's own gene
[2021-05-20 19:17:49.605] [jointLog] [warning] couldn't find transcript named [DQ668359] in transcript <-> gene map; returning transcript as it's own gene
[2021-05-20 19:17:49.605] [jointLog] [warning] couldn't find transcript named [DQ516779] in transcript <-> gene map; returning transcript as it's own gene
[2021-05-20 19:17:49.605] [jointLog] [warning] couldn't find transcript named [DQ668363] in transcript <-> gene map; returning transcript as it's own gene
[2021-05-20 19:17:49.605] [jointLog] [warning] couldn't find transcript named [DQ516776] in transcript <-> gene map; returning transcript as it's own gene
[2021-05-20 19:17:49.605] [jointLog] [warning] couldn't find transcript named [DQ516773] in transcript <-> gene map; returning transcript as it's own gene
[2021-05-20 19:17:49.605] [jointLog] [warning] couldn't find transcript named [DQ854994] in transcript <-> gene map; returning transcript as it's own gene
[2021-05-20 19:17:49.605] [jointLog] [info] Aggregating expressions to gene level
[2021-05-20 19:17:49.776] [jointLog] [info] done
