[2021-05-21 18:46:08.700] [jointLog] [info] setting maxHashResizeThreads to 6
[2021-05-21 18:46:08.700] [jointLog] [info] Fragment incompatibility prior below threshold.  Incompatible fragments will be ignored.
[2021-05-21 18:46:08.702] [jointLog] [info] numQuantThreads = 3
[2021-05-21 18:46:14.288] [jointLog] [info] replaced 4 non-ACGT nucleotides with random nucleotides
[2021-05-21 18:46:14.556] [fileLog] [info] quantification processed 0 fragments so far

[2021-05-21 18:46:16.898] [fileLog] [info] quantification processed 1000000 fragments so far

[2021-05-21 18:46:19.775] [fileLog] [info] quantification processed 2000000 fragments so far

[2021-05-21 18:46:20.478] [jointLog] [info] 

The alignment group queue pool has been exhausted.  2621283 extra fragments were allocated on the heap to saturate the pool.  No new fragments will be allocated


[2021-05-21 18:46:30.830] [fileLog] [info] quantification processed 3000000 fragments so far

[2021-05-21 18:46:46.441] [fileLog] [info] quantification processed 4000000 fragments so far

[2021-05-21 18:47:02.309] [fileLog] [info] quantification processed 5000000 fragments so far

[2021-05-21 18:47:18.054] [fileLog] [info] quantification processed 6000000 fragments so far

[2021-05-21 18:47:33.641] [fileLog] [info] quantification processed 7000000 fragments so far

[2021-05-21 18:47:36.791] [fileLog] [info] quantification processed 8000000 fragments so far

[2021-05-21 18:47:39.795] [fileLog] [info] quantification processed 9000000 fragments so far

[2021-05-21 18:47:42.841] [fileLog] [info] quantification processed 10000000 fragments so far

[2021-05-21 18:47:45.724] [fileLog] [info] quantification processed 11000000 fragments so far

[2021-05-21 18:47:49.276] [fileLog] [info] quantification processed 12000000 fragments so far

[2021-05-21 18:47:52.446] [fileLog] [info] quantification processed 13000000 fragments so far

[2021-05-21 18:47:55.118] [fileLog] [info] quantification processed 14000000 fragments so far

[2021-05-21 18:47:58.623] [fileLog] [info] quantification processed 15000000 fragments so far

[2021-05-21 18:48:02.212] [fileLog] [info] quantification processed 16000000 fragments so far

[2021-05-21 18:48:06.250] [fileLog] [info] quantification processed 17000000 fragments so far

[2021-05-21 18:48:09.990] [fileLog] [info] quantification processed 18000000 fragments so far

[2021-05-21 18:48:14.090] [fileLog] [info] quantification processed 19000000 fragments so far

[2021-05-21 18:48:17.198] [fileLog] [info] quantification processed 20000000 fragments so far

[2021-05-21 18:48:20.381] [fileLog] [info] quantification processed 21000000 fragments so far

[2021-05-21 18:48:23.395] [fileLog] [info] quantification processed 22000000 fragments so far

[2021-05-21 18:48:25.827] [fileLog] [info] quantification processed 23000000 fragments so far

[2021-05-21 18:48:29.117] [fileLog] [info] quantification processed 24000000 fragments so far

[2021-05-21 18:48:33.357] [fileLog] [info] quantification processed 25000000 fragments so far

[2021-05-21 18:48:36.715] [fileLog] [info] quantification processed 26000000 fragments so far

[2021-05-21 18:48:40.169] [fileLog] [info] quantification processed 27000000 fragments so far

[2021-05-21 18:48:42.816] [fileLog] [info] quantification processed 28000000 fragments so far

[2021-05-21 18:48:45.609] [fileLog] [info] quantification processed 29000000 fragments so far

[2021-05-21 18:48:48.474] [fileLog] [info] quantification processed 30000000 fragments so far

[2021-05-21 18:48:52.091] [fileLog] [info] quantification processed 31000000 fragments so far

[2021-05-21 18:48:55.208] [fileLog] [info] quantification processed 32000000 fragments so far

[2021-05-21 18:48:58.008] [fileLog] [info] quantification processed 33000000 fragments so far

[2021-05-21 18:49:00.890] [fileLog] [info] quantification processed 34000000 fragments so far

[2021-05-21 18:49:03.945] [fileLog] [info] quantification processed 35000000 fragments so far

[2021-05-21 18:49:06.780] [fileLog] [info] quantification processed 36000000 fragments so far

[2021-05-21 18:49:09.621] [fileLog] [info] quantification processed 37000000 fragments so far

[2021-05-21 18:49:12.233] [fileLog] [info] quantification processed 38000000 fragments so far

[2021-05-21 18:49:15.104] [fileLog] [info] quantification processed 39000000 fragments so far

[2021-05-21 18:49:18.061] [fileLog] [info] quantification processed 40000000 fragments so far

[2021-05-21 18:49:21.028] [fileLog] [info] quantification processed 41000000 fragments so far

[2021-05-21 18:49:23.667] [fileLog] [info] quantification processed 42000000 fragments so far

[2021-05-21 18:49:26.484] [fileLog] [info] quantification processed 43000000 fragments so far

[2021-05-21 18:49:29.263] [fileLog] [info] quantification processed 44000000 fragments so far

[2021-05-21 18:49:32.249] [fileLog] [info] quantification processed 45000000 fragments so far

[2021-05-21 18:49:35.081] [fileLog] [info] quantification processed 46000000 fragments so far

[2021-05-21 18:49:37.911] [fileLog] [info] quantification processed 47000000 fragments so far

[2021-05-21 18:49:38.724] [jointLog] [info] Thread saw mini-batch with a maximum of 1.50% zero probability fragments
[2021-05-21 18:49:38.726] [jointLog] [info] Thread saw mini-batch with a maximum of 1.40% zero probability fragments
[2021-05-21 18:49:38.728] [jointLog] [info] Thread saw mini-batch with a maximum of 1.60% zero probability fragments
[2021-05-21 18:49:38.729] [jointLog] [info] 


Completed first pass through the alignment file.
Total # of mapped reads : 47266099
# of uniquely mapped reads : 19992068
# ambiguously mapped reads : 27274031



[2021-05-21 18:49:38.884] [jointLog] [info] Computed 248020 rich equivalence classes for further processing
[2021-05-21 18:49:38.884] [jointLog] [info] Counted 47069019 total reads in the equivalence classes 
[2021-05-21 18:49:38.886] [jointLog] [info] starting optimizer
[2021-05-21 18:49:38.985] [jointLog] [info] Marked 0 weighted equivalence classes as degenerate
[2021-05-21 18:49:39.005] [jointLog] [info] iteration = 0 | max rel diff. = 1927.63
[2021-05-21 18:49:38.724] [fileLog] [info] quantification processed 47266099 fragments so far

[2021-05-21 18:49:40.540] [jointLog] [info] iteration = 100 | max rel diff. = 2.65614
[2021-05-21 18:49:42.049] [jointLog] [info] iteration = 200 | max rel diff. = 2.84977
[2021-05-21 18:49:43.570] [jointLog] [info] iteration = 300 | max rel diff. = 2.14219
[2021-05-21 18:49:45.072] [jointLog] [info] iteration = 400 | max rel diff. = 2.12424
[2021-05-21 18:49:46.563] [jointLog] [info] iteration = 500 | max rel diff. = 1.45933
[2021-05-21 18:49:48.074] [jointLog] [info] iteration = 600 | max rel diff. = 2.27296
[2021-05-21 18:49:49.569] [jointLog] [info] iteration = 700 | max rel diff. = 0.101431
[2021-05-21 18:49:51.054] [jointLog] [info] iteration = 800 | max rel diff. = 0.294901
[2021-05-21 18:49:52.554] [jointLog] [info] iteration = 900 | max rel diff. = 1.05114
[2021-05-21 18:49:54.037] [jointLog] [info] iteration = 1000 | max rel diff. = 0.0591491
[2021-05-21 18:49:55.528] [jointLog] [info] iteration = 1100 | max rel diff. = 0.0357951
[2021-05-21 18:49:57.077] [jointLog] [info] iteration = 1200 | max rel diff. = 0.0786239
[2021-05-21 18:49:58.695] [jointLog] [info] iteration = 1300 | max rel diff. = 0.0395479
[2021-05-21 18:50:00.302] [jointLog] [info] iteration = 1400 | max rel diff. = 0.0611652
[2021-05-21 18:50:01.888] [jointLog] [info] iteration = 1500 | max rel diff. = 0.0291273
[2021-05-21 18:50:03.373] [jointLog] [info] iteration = 1600 | max rel diff. = 0.0770202
[2021-05-21 18:50:04.853] [jointLog] [info] iteration = 1700 | max rel diff. = 0.0855556
[2021-05-21 18:50:06.340] [jointLog] [info] iteration = 1800 | max rel diff. = 1.3755
[2021-05-21 18:50:06.769] [jointLog] [info] iteration = 1830 | max rel diff. = 0.00731244
[2021-05-21 18:50:06.800] [jointLog] [info] finished optimizer
[2021-05-21 18:50:06.800] [jointLog] [info] writing output
[2021-05-21 18:50:08.405] [jointLog] [info] Computing gene-level abundance estimates
[2021-05-21 18:50:34.057] [jointLog] [warning] Feature has no GFF ID
[2021-05-21 18:50:34.057] [jointLog] [warning] Feature has no GFF ID
[2021-05-21 18:50:34.057] [jointLog] [warning] Feature has no GFF ID
[2021-05-21 18:50:34.057] [jointLog] [warning] Feature has no GFF ID
[2021-05-21 18:50:34.057] [jointLog] [warning] Feature has no GFF ID
[2021-05-21 18:50:34.057] [jointLog] [warning] Feature has no GFF ID
[2021-05-21 18:50:34.057] [jointLog] [warning] Feature has no GFF ID
[2021-05-21 18:50:34.057] [jointLog] [warning] Feature has no GFF ID
[2021-05-21 18:50:34.057] [jointLog] [warning] Feature has no GFF ID
[2021-05-21 18:50:34.057] [jointLog] [warning] Feature has no GFF ID
[2021-05-21 18:50:34.057] [jointLog] [warning] Feature has no GFF ID
[2021-05-21 18:50:34.057] [jointLog] [warning] Feature has no GFF ID
[2021-05-21 18:50:34.057] [jointLog] [warning] Feature has no GFF ID
[2021-05-21 18:50:34.057] [jointLog] [warning] Feature has no GFF ID
[2021-05-21 18:50:34.057] [jointLog] [warning] Feature has no GFF ID
[2021-05-21 18:50:34.057] [jointLog] [warning] Feature has no GFF ID
[2021-05-21 18:50:34.057] [jointLog] [warning] Feature has no GFF ID
[2021-05-21 18:50:34.057] [jointLog] [warning] Feature has no GFF ID
[2021-05-21 18:50:34.057] [jointLog] [warning] Feature has no GFF ID
[2021-05-21 18:50:34.057] [jointLog] [warning] Feature has no GFF ID
[2021-05-21 18:50:34.057] [jointLog] [warning] Feature has no GFF ID
[2021-05-21 18:50:34.057] [jointLog] [warning] Feature has no GFF ID
[2021-05-21 18:50:34.057] [jointLog] [warning] Feature has no GFF ID
[2021-05-21 18:50:34.057] [jointLog] [warning] Feature has no GFF ID
[2021-05-21 18:50:34.057] [jointLog] [warning] Feature has no GFF ID
[2021-05-21 18:50:34.057] [jointLog] [warning] Feature has no GFF ID
[2021-05-21 18:50:34.057] [jointLog] [warning] Feature has no GFF ID
[2021-05-21 18:50:34.057] [jointLog] [warning] Feature has no GFF ID
[2021-05-21 18:50:34.057] [jointLog] [warning] Feature has no GFF ID
[2021-05-21 18:50:34.057] [jointLog] [warning] Feature has no GFF ID
[2021-05-21 18:50:34.057] [jointLog] [warning] Feature has no GFF ID
[2021-05-21 18:50:34.057] [jointLog] [warning] Feature has no GFF ID
[2021-05-21 18:50:34.057] [jointLog] [warning] Feature has no GFF ID
[2021-05-21 18:50:34.057] [jointLog] [warning] Feature has no GFF ID
[2021-05-21 18:50:34.057] [jointLog] [warning] Feature has no GFF ID
[2021-05-21 18:50:34.057] [jointLog] [warning] Feature has no GFF ID
[2021-05-21 18:50:34.057] [jointLog] [warning] Feature has no GFF ID
[2021-05-21 18:50:34.057] [jointLog] [warning] Feature has no GFF ID
[2021-05-21 18:50:34.057] [jointLog] [warning] Feature has no GFF ID
[2021-05-21 18:50:34.057] [jointLog] [warning] Feature has no GFF ID
[2021-05-21 18:50:34.057] [jointLog] [warning] Feature has no GFF ID
[2021-05-21 18:50:34.057] [jointLog] [warning] Feature has no GFF ID
[2021-05-21 18:50:34.057] [jointLog] [warning] Feature has no GFF ID
[2021-05-21 18:50:34.057] [jointLog] [warning] Feature has no GFF ID
[2021-05-21 18:50:34.057] [jointLog] [warning] Feature has no GFF ID
[2021-05-21 18:50:34.057] [jointLog] [warning] Feature has no GFF ID
[2021-05-21 18:50:34.057] [jointLog] [warning] Feature has no GFF ID
[2021-05-21 18:50:34.057] [jointLog] [warning] Feature has no GFF ID
[2021-05-21 18:50:34.057] [jointLog] [warning] Feature has no GFF ID
[2021-05-21 18:50:34.057] [jointLog] [warning] Feature has no GFF ID
[2021-05-21 18:50:34.057] [jointLog] [warning] Feature has no GFF ID
[2021-05-21 18:50:34.057] [jointLog] [warning] Feature has no GFF ID
[2021-05-21 18:50:34.057] [jointLog] [warning] Feature has no GFF ID
[2021-05-21 18:50:34.057] [jointLog] [warning] Feature has no GFF ID
[2021-05-21 18:50:34.057] [jointLog] [warning] Feature has no GFF ID
[2021-05-21 18:50:34.057] [jointLog] [warning] Feature has no GFF ID
[2021-05-21 18:50:34.057] [jointLog] [warning] Feature has no GFF ID
[2021-05-21 18:50:34.057] [jointLog] [warning] Feature has no GFF ID
[2021-05-21 18:50:34.057] [jointLog] [warning] Feature has no GFF ID
[2021-05-21 18:50:34.057] [jointLog] [warning] Feature has no GFF ID
[2021-05-21 18:50:34.057] [jointLog] [warning] Feature has no GFF ID
[2021-05-21 18:50:34.057] [jointLog] [warning] Feature has no GFF ID
[2021-05-21 18:50:34.057] [jointLog] [warning] Feature has no GFF ID
[2021-05-21 18:50:34.057] [jointLog] [warning] Feature has no GFF ID
[2021-05-21 18:50:34.057] [jointLog] [warning] Feature has no GFF ID
[2021-05-21 18:50:34.057] [jointLog] [warning] Feature has no GFF ID
[2021-05-21 18:50:34.057] [jointLog] [warning] Feature has no GFF ID
[2021-05-21 18:50:34.057] [jointLog] [warning] Feature has no GFF ID
[2021-05-21 18:50:34.057] [jointLog] [warning] Feature has no GFF ID
[2021-05-21 18:50:34.057] [jointLog] [warning] Feature has no GFF ID
[2021-05-21 18:50:34.057] [jointLog] [warning] Feature has no GFF ID
[2021-05-21 18:50:34.057] [jointLog] [warning] Feature has no GFF ID
[2021-05-21 18:50:34.057] [jointLog] [warning] Feature has no GFF ID
[2021-05-21 18:50:34.057] [jointLog] [warning] Feature has no GFF ID
[2021-05-21 18:50:34.057] [jointLog] [warning] Feature has no GFF ID
[2021-05-21 18:50:34.057] [jointLog] [warning] Feature has no GFF ID
[2021-05-21 18:50:34.057] [jointLog] [warning] Feature has no GFF ID
[2021-05-21 18:50:34.057] [jointLog] [warning] Feature has no GFF ID
[2021-05-21 18:50:34.057] [jointLog] [warning] Feature has no GFF ID
[2021-05-21 18:50:34.057] [jointLog] [warning] Feature has no GFF ID
[2021-05-21 18:50:34.057] [jointLog] [warning] Feature has no GFF ID
[2021-05-21 18:50:34.057] [jointLog] [warning] Feature has no GFF ID
[2021-05-21 18:50:34.057] [jointLog] [warning] Feature has no GFF ID
[2021-05-21 18:50:34.057] [jointLog] [warning] Feature has no GFF ID
[2021-05-21 18:50:34.057] [jointLog] [warning] Feature has no GFF ID
[2021-05-21 18:50:34.057] [jointLog] [warning] Feature has no GFF ID
[2021-05-21 18:50:34.057] [jointLog] [warning] Feature has no GFF ID
[2021-05-21 18:50:34.057] [jointLog] [warning] Feature has no GFF ID
[2021-05-21 18:50:34.057] [jointLog] [warning] Feature has no GFF ID
[2021-05-21 18:50:34.057] [jointLog] [warning] Feature has no GFF ID
[2021-05-21 18:50:34.057] [jointLog] [warning] Feature has no GFF ID
[2021-05-21 18:50:34.057] [jointLog] [warning] Feature has no GFF ID
[2021-05-21 18:50:34.327] [jointLog] [info] There were 142604 transcripts mapping to 55401 genes
[2021-05-21 18:50:34.327] [jointLog] [info] NOTE: We recommend using tximport (https://bioconductor.org/packages/release/bioc/html/tximport.html) for aggregating transcript-level salmon abundance estimates to the gene level.  It is more versatile, exposes more features, and allows considering multi-sample information during aggregation.
[2021-05-21 18:50:34.557] [jointLog] [warning] couldn't find transcript named [DQ459430] in transcript <-> gene map; returning transcript as it's own gene
[2021-05-21 18:50:34.557] [jointLog] [warning] couldn't find transcript named [DQ516784] in transcript <-> gene map; returning transcript as it's own gene
[2021-05-21 18:50:34.557] [jointLog] [warning] couldn't find transcript named [DQ516752] in transcript <-> gene map; returning transcript as it's own gene
[2021-05-21 18:50:34.557] [jointLog] [warning] couldn't find transcript named [DQ668364] in transcript <-> gene map; returning transcript as it's own gene
[2021-05-21 18:50:34.557] [jointLog] [warning] couldn't find transcript named [DQ883670] in transcript <-> gene map; returning transcript as it's own gene
[2021-05-21 18:50:34.557] [jointLog] [warning] couldn't find transcript named [EF011062] in transcript <-> gene map; returning transcript as it's own gene
[2021-05-21 18:50:34.557] [jointLog] [warning] couldn't find transcript named [DQ875385] in transcript <-> gene map; returning transcript as it's own gene
[2021-05-21 18:50:34.557] [jointLog] [warning] couldn't find transcript named [DQ883664] in transcript <-> gene map; returning transcript as it's own gene
[2021-05-21 18:50:34.557] [jointLog] [warning] couldn't find transcript named [DQ459420] in transcript <-> gene map; returning transcript as it's own gene
[2021-05-21 18:50:34.557] [jointLog] [warning] couldn't find transcript named [DQ883651] in transcript <-> gene map; returning transcript as it's own gene
[2021-05-21 18:50:34.557] [jointLog] [warning] couldn't find transcript named [DQ855004] in transcript <-> gene map; returning transcript as it's own gene
[2021-05-21 18:50:34.557] [jointLog] [warning] couldn't find transcript named [DQ854993] in transcript <-> gene map; returning transcript as it's own gene
[2021-05-21 18:50:34.557] [jointLog] [warning] couldn't find transcript named [DQ883689] in transcript <-> gene map; returning transcript as it's own gene
[2021-05-21 18:50:34.557] [jointLog] [warning] couldn't find transcript named [DQ459419] in transcript <-> gene map; returning transcript as it's own gene
[2021-05-21 18:50:34.557] [jointLog] [warning] couldn't find transcript named [DQ459431] in transcript <-> gene map; returning transcript as it's own gene
[2021-05-21 18:50:34.557] [jointLog] [warning] couldn't find transcript named [DQ516796] in transcript <-> gene map; returning transcript as it's own gene
[2021-05-21 18:50:34.557] [jointLog] [warning] couldn't find transcript named [DQ855001] in transcript <-> gene map; returning transcript as it's own gene
[2021-05-21 18:50:34.557] [jointLog] [warning] couldn't find transcript named [DQ459413] in transcript <-> gene map; returning transcript as it's own gene
[2021-05-21 18:50:34.557] [jointLog] [warning] couldn't find transcript named [DQ883656] in transcript <-> gene map; returning transcript as it's own gene
[2021-05-21 18:50:34.557] [jointLog] [warning] couldn't find transcript named [DQ883661] in transcript <-> gene map; returning transcript as it's own gene
[2021-05-21 18:50:34.557] [jointLog] [warning] couldn't find transcript named [EF011069] in transcript <-> gene map; returning transcript as it's own gene
[2021-05-21 18:50:34.557] [jointLog] [warning] couldn't find transcript named [DQ516783] in transcript <-> gene map; returning transcript as it's own gene
[2021-05-21 18:50:34.557] [jointLog] [warning] couldn't find transcript named [DQ516787] in transcript <-> gene map; returning transcript as it's own gene
[2021-05-21 18:50:34.557] [jointLog] [warning] couldn't find transcript named [DQ459424] in transcript <-> gene map; returning transcript as it's own gene
[2021-05-21 18:50:34.557] [jointLog] [warning] couldn't find transcript named [DQ516748] in transcript <-> gene map; returning transcript as it's own gene
[2021-05-21 18:50:34.557] [jointLog] [warning] couldn't find transcript named [DQ883671] in transcript <-> gene map; returning transcript as it's own gene
[2021-05-21 18:50:34.557] [jointLog] [warning] couldn't find transcript named [DQ516740] in transcript <-> gene map; returning transcript as it's own gene
[2021-05-21 18:50:34.557] [jointLog] [warning] couldn't find transcript named [DQ516785] in transcript <-> gene map; returning transcript as it's own gene
[2021-05-21 18:50:34.557] [jointLog] [warning] couldn't find transcript named [DQ516731] in transcript <-> gene map; returning transcript as it's own gene
[2021-05-21 18:50:34.557] [jointLog] [warning] couldn't find transcript named [DQ668366] in transcript <-> gene map; returning transcript as it's own gene
[2021-05-21 18:50:34.557] [jointLog] [warning] couldn't find transcript named [DQ459418] in transcript <-> gene map; returning transcript as it's own gene
[2021-05-21 18:50:34.557] [jointLog] [warning] couldn't find transcript named [DQ668356] in transcript <-> gene map; returning transcript as it's own gene
[2021-05-21 18:50:34.557] [jointLog] [warning] couldn't find transcript named [DQ516763] in transcript <-> gene map; returning transcript as it's own gene
[2021-05-21 18:50:34.557] [jointLog] [warning] couldn't find transcript named [DQ459426] in transcript <-> gene map; returning transcript as it's own gene
[2021-05-21 18:50:34.557] [jointLog] [warning] couldn't find transcript named [DQ516786] in transcript <-> gene map; returning transcript as it's own gene
[2021-05-21 18:50:34.557] [jointLog] [warning] couldn't find transcript named [DQ883653] in transcript <-> gene map; returning transcript as it's own gene
[2021-05-21 18:50:34.557] [jointLog] [warning] couldn't find transcript named [DQ459421] in transcript <-> gene map; returning transcript as it's own gene
[2021-05-21 18:50:34.557] [jointLog] [warning] couldn't find transcript named [DQ883654] in transcript <-> gene map; returning transcript as it's own gene
[2021-05-21 18:50:34.557] [jointLog] [warning] couldn't find transcript named [DQ668358] in transcript <-> gene map; returning transcript as it's own gene
[2021-05-21 18:50:34.557] [jointLog] [warning] couldn't find transcript named [DQ516754] in transcript <-> gene map; returning transcript as it's own gene
[2021-05-21 18:50:34.557] [jointLog] [warning] couldn't find transcript named [DQ516778] in transcript <-> gene map; returning transcript as it's own gene
[2021-05-21 18:50:34.557] [jointLog] [warning] couldn't find transcript named [DQ883650] in transcript <-> gene map; returning transcript as it's own gene
[2021-05-21 18:50:34.557] [jointLog] [warning] couldn't find transcript named [DQ516742] in transcript <-> gene map; returning transcript as it's own gene
[2021-05-21 18:50:34.557] [jointLog] [warning] couldn't find transcript named [DQ883673] in transcript <-> gene map; returning transcript as it's own gene
[2021-05-21 18:50:34.557] [jointLog] [warning] couldn't find transcript named [DQ883652] in transcript <-> gene map; returning transcript as it's own gene
[2021-05-21 18:50:34.557] [jointLog] [warning] couldn't find transcript named [DQ854991] in transcript <-> gene map; returning transcript as it's own gene
[2021-05-21 18:50:34.557] [jointLog] [warning] couldn't find transcript named [DQ516780] in transcript <-> gene map; returning transcript as it's own gene
[2021-05-21 18:50:34.557] [jointLog] [warning] couldn't find transcript named [DQ883682] in transcript <-> gene map; returning transcript as it's own gene
[2021-05-21 18:50:34.557] [jointLog] [warning] couldn't find transcript named [DQ883669] in transcript <-> gene map; returning transcript as it's own gene
[2021-05-21 18:50:34.557] [jointLog] [warning] couldn't find transcript named [DQ516791] in transcript <-> gene map; returning transcript as it's own gene
[2021-05-21 18:50:34.557] [jointLog] [warning] couldn't find transcript named [DQ459425] in transcript <-> gene map; returning transcript as it's own gene
[2021-05-21 18:50:34.557] [jointLog] [warning] couldn't find transcript named [DQ516759] in transcript <-> gene map; returning transcript as it's own gene
[2021-05-21 18:50:34.557] [jointLog] [warning] couldn't find transcript named [DQ459429] in transcript <-> gene map; returning transcript as it's own gene
[2021-05-21 18:50:34.557] [jointLog] [warning] couldn't find transcript named [DQ516758] in transcript <-> gene map; returning transcript as it's own gene
[2021-05-21 18:50:34.557] [jointLog] [warning] couldn't find transcript named [DQ459415] in transcript <-> gene map; returning transcript as it's own gene
[2021-05-21 18:50:34.557] [jointLog] [warning] couldn't find transcript named [DQ875387] in transcript <-> gene map; returning transcript as it's own gene
[2021-05-21 18:50:34.557] [jointLog] [warning] couldn't find transcript named [DQ516815] in transcript <-> gene map; returning transcript as it's own gene
[2021-05-21 18:50:34.557] [jointLog] [warning] couldn't find transcript named [DQ668365] in transcript <-> gene map; returning transcript as it's own gene
[2021-05-21 18:50:34.557] [jointLog] [warning] couldn't find transcript named [DQ854998] in transcript <-> gene map; returning transcript as it's own gene
[2021-05-21 18:50:34.557] [jointLog] [warning] couldn't find transcript named [DQ883685] in transcript <-> gene map; returning transcript as it's own gene
[2021-05-21 18:50:34.557] [jointLog] [warning] couldn't find transcript named [DQ459422] in transcript <-> gene map; returning transcript as it's own gene
[2021-05-21 18:50:34.557] [jointLog] [warning] couldn't find transcript named [DQ883663] in transcript <-> gene map; returning transcript as it's own gene
[2021-05-21 18:50:34.557] [jointLog] [warning] couldn't find transcript named [DQ668367] in transcript <-> gene map; returning transcript as it's own gene
[2021-05-21 18:50:34.557] [jointLog] [warning] couldn't find transcript named [DQ459412] in transcript <-> gene map; returning transcript as it's own gene
[2021-05-21 18:50:34.557] [jointLog] [warning] couldn't find transcript named [DQ854992] in transcript <-> gene map; returning transcript as it's own gene
[2021-05-21 18:50:34.557] [jointLog] [warning] couldn't find transcript named [DQ516782] in transcript <-> gene map; returning transcript as it's own gene
[2021-05-21 18:50:34.557] [jointLog] [warning] couldn't find transcript named [DQ459427] in transcript <-> gene map; returning transcript as it's own gene
[2021-05-21 18:50:34.557] [jointLog] [warning] couldn't find transcript named [EF011072] in transcript <-> gene map; returning transcript as it's own gene
[2021-05-21 18:50:34.557] [jointLog] [warning] couldn't find transcript named [DQ855003] in transcript <-> gene map; returning transcript as it's own gene
[2021-05-21 18:50:34.557] [jointLog] [warning] couldn't find transcript named [DQ516739] in transcript <-> gene map; returning transcript as it's own gene
[2021-05-21 18:50:34.557] [jointLog] [warning] couldn't find transcript named [EF011063] in transcript <-> gene map; returning transcript as it's own gene
[2021-05-21 18:50:34.557] [jointLog] [warning] couldn't find transcript named [DQ855000] in transcript <-> gene map; returning transcript as it's own gene
[2021-05-21 18:50:34.557] [jointLog] [warning] couldn't find transcript named [DQ516777] in transcript <-> gene map; returning transcript as it's own gene
[2021-05-21 18:50:34.557] [jointLog] [warning] couldn't find transcript named [DQ883646] in transcript <-> gene map; returning transcript as it's own gene
[2021-05-21 18:50:34.557] [jointLog] [warning] couldn't find transcript named [DQ668362] in transcript <-> gene map; returning transcript as it's own gene
[2021-05-21 18:50:34.557] [jointLog] [warning] couldn't find transcript named [DQ854995] in transcript <-> gene map; returning transcript as it's own gene
[2021-05-21 18:50:34.557] [jointLog] [warning] couldn't find transcript named [DQ875386] in transcript <-> gene map; returning transcript as it's own gene
[2021-05-21 18:50:34.557] [jointLog] [warning] couldn't find transcript named [DQ516790] in transcript <-> gene map; returning transcript as it's own gene
[2021-05-21 18:50:34.557] [jointLog] [warning] couldn't find transcript named [DQ883642] in transcript <-> gene map; returning transcript as it's own gene
[2021-05-21 18:50:34.557] [jointLog] [warning] couldn't find transcript named [DQ883659] in transcript <-> gene map; returning transcript as it's own gene
[2021-05-21 18:50:34.557] [jointLog] [warning] couldn't find transcript named [DQ854997] in transcript <-> gene map; returning transcript as it's own gene
[2021-05-21 18:50:34.557] [jointLog] [warning] couldn't find transcript named [DQ883643] in transcript <-> gene map; returning transcript as it's own gene
[2021-05-21 18:50:34.557] [jointLog] [warning] couldn't find transcript named [DQ839618] in transcript <-> gene map; returning transcript as it's own gene
[2021-05-21 18:50:34.557] [jointLog] [warning] couldn't find transcript named [DQ516795] in transcript <-> gene map; returning transcript as it's own gene
[2021-05-21 18:50:34.557] [jointLog] [warning] couldn't find transcript named [DQ883658] in transcript <-> gene map; returning transcript as it's own gene
[2021-05-21 18:50:34.557] [jointLog] [warning] couldn't find transcript named [DQ516750] in transcript <-> gene map; returning transcript as it's own gene
[2021-05-21 18:50:34.557] [jointLog] [warning] couldn't find transcript named [DQ668359] in transcript <-> gene map; returning transcript as it's own gene
[2021-05-21 18:50:34.557] [jointLog] [warning] couldn't find transcript named [DQ516779] in transcript <-> gene map; returning transcript as it's own gene
[2021-05-21 18:50:34.557] [jointLog] [warning] couldn't find transcript named [DQ668363] in transcript <-> gene map; returning transcript as it's own gene
[2021-05-21 18:50:34.557] [jointLog] [warning] couldn't find transcript named [DQ516776] in transcript <-> gene map; returning transcript as it's own gene
[2021-05-21 18:50:34.557] [jointLog] [warning] couldn't find transcript named [DQ516773] in transcript <-> gene map; returning transcript as it's own gene
[2021-05-21 18:50:34.557] [jointLog] [warning] couldn't find transcript named [DQ854994] in transcript <-> gene map; returning transcript as it's own gene
[2021-05-21 18:50:34.558] [jointLog] [info] Aggregating expressions to gene level
[2021-05-21 18:50:34.698] [jointLog] [info] done
