[2021-04-27 20:45:19.418] [jointLog] [info] setting maxHashResizeThreads to 6
[2021-04-27 20:45:19.418] [jointLog] [info] Fragment incompatibility prior below threshold.  Incompatible fragments will be ignored.
[2021-04-27 20:45:19.420] [jointLog] [info] numQuantThreads = 3
[2021-04-27 20:45:23.910] [jointLog] [info] replaced 4 non-ACGT nucleotides with random nucleotides
[2021-04-27 20:45:24.224] [fileLog] [info] quantification processed 0 fragments so far

[2021-04-27 20:45:28.088] [fileLog] [info] quantification processed 1000000 fragments so far

[2021-04-27 20:45:32.409] [fileLog] [info] quantification processed 2000000 fragments so far

[2021-04-27 20:45:34.452] [jointLog] [info] 

The alignment group queue pool has been exhausted.  3006449 extra fragments were allocated on the heap to saturate the pool.  No new fragments will be allocated


[2021-04-27 20:45:44.851] [fileLog] [info] quantification processed 3000000 fragments so far

[2021-04-27 20:46:05.489] [fileLog] [info] quantification processed 4000000 fragments so far

[2021-04-27 20:46:25.223] [fileLog] [info] quantification processed 5000000 fragments so far

[2021-04-27 20:46:45.642] [fileLog] [info] quantification processed 6000000 fragments so far

[2021-04-27 20:47:02.831] [fileLog] [info] quantification processed 7000000 fragments so far

[2021-04-27 20:47:06.810] [fileLog] [info] quantification processed 8000000 fragments so far

[2021-04-27 20:47:10.666] [fileLog] [info] quantification processed 9000000 fragments so far

[2021-04-27 20:47:14.594] [fileLog] [info] quantification processed 10000000 fragments so far

[2021-04-27 20:47:18.656] [fileLog] [info] quantification processed 11000000 fragments so far

[2021-04-27 20:47:22.393] [fileLog] [info] quantification processed 12000000 fragments so far

[2021-04-27 20:47:26.112] [fileLog] [info] quantification processed 13000000 fragments so far

[2021-04-27 20:47:29.901] [fileLog] [info] quantification processed 14000000 fragments so far

[2021-04-27 20:47:33.783] [fileLog] [info] quantification processed 15000000 fragments so far

[2021-04-27 20:47:38.005] [fileLog] [info] quantification processed 16000000 fragments so far

[2021-04-27 20:47:41.217] [fileLog] [info] quantification processed 17000000 fragments so far

[2021-04-27 20:47:44.316] [fileLog] [info] quantification processed 18000000 fragments so far

[2021-04-27 20:47:48.370] [fileLog] [info] quantification processed 19000000 fragments so far

[2021-04-27 20:47:51.927] [fileLog] [info] quantification processed 20000000 fragments so far

[2021-04-27 20:47:55.724] [fileLog] [info] quantification processed 21000000 fragments so far

[2021-04-27 20:47:59.329] [fileLog] [info] quantification processed 22000000 fragments so far

[2021-04-27 20:48:03.548] [fileLog] [info] quantification processed 23000000 fragments so far

[2021-04-27 20:48:07.292] [fileLog] [info] quantification processed 24000000 fragments so far

[2021-04-27 20:48:11.453] [fileLog] [info] quantification processed 25000000 fragments so far

[2021-04-27 20:48:15.359] [fileLog] [info] quantification processed 26000000 fragments so far

[2021-04-27 20:48:19.220] [fileLog] [info] quantification processed 27000000 fragments so far

[2021-04-27 20:48:23.153] [fileLog] [info] quantification processed 28000000 fragments so far

[2021-04-27 20:48:26.087] [fileLog] [info] quantification processed 29000000 fragments so far

[2021-04-27 20:48:29.345] [fileLog] [info] quantification processed 30000000 fragments so far

[2021-04-27 20:48:33.037] [fileLog] [info] quantification processed 31000000 fragments so far

[2021-04-27 20:48:36.635] [fileLog] [info] quantification processed 32000000 fragments so far

[2021-04-27 20:48:40.526] [fileLog] [info] quantification processed 33000000 fragments so far

[2021-04-27 20:48:44.764] [fileLog] [info] quantification processed 34000000 fragments so far

[2021-04-27 20:48:49.498] [fileLog] [info] quantification processed 35000000 fragments so far

[2021-04-27 20:48:53.853] [fileLog] [info] quantification processed 36000000 fragments so far

[2021-04-27 20:48:58.909] [fileLog] [info] quantification processed 37000000 fragments so far

[2021-04-27 20:49:01.870] [fileLog] [info] quantification processed 38000000 fragments so far

[2021-04-27 20:49:02.356] [fileLog] [info] quantification processed 38141807 fragments so far

[2021-04-27 20:49:06.750] [jointLog] [info] Thread saw mini-batch with a maximum of 2.10% zero probability fragments
[2021-04-27 20:49:06.753] [jointLog] [info] Thread saw mini-batch with a maximum of 2.50% zero probability fragments
[2021-04-27 20:49:06.756] [jointLog] [info] Thread saw mini-batch with a maximum of 2.20% zero probability fragments
[2021-04-27 20:49:06.758] [jointLog] [info] 


Completed first pass through the alignment file.
Total # of mapped reads : 38141807
# of uniquely mapped reads : 15129660
# ambiguously mapped reads : 23012147



[2021-04-27 20:49:07.003] [jointLog] [info] Computed 262400 rich equivalence classes for further processing
[2021-04-27 20:49:07.003] [jointLog] [info] Counted 37952690 total reads in the equivalence classes 
[2021-04-27 20:49:07.005] [jointLog] [info] starting optimizer
[2021-04-27 20:49:07.129] [jointLog] [info] Marked 0 weighted equivalence classes as degenerate
[2021-04-27 20:49:07.156] [jointLog] [info] iteration = 0 | max rel diff. = 6187.7
[2021-04-27 20:49:09.285] [jointLog] [info] iteration = 100 | max rel diff. = 10.0825
[2021-04-27 20:49:11.194] [jointLog] [info] iteration = 200 | max rel diff. = 8.1261
[2021-04-27 20:49:13.199] [jointLog] [info] iteration = 300 | max rel diff. = 0.536601
[2021-04-27 20:49:15.384] [jointLog] [info] iteration = 400 | max rel diff. = 0.94522
[2021-04-27 20:49:17.330] [jointLog] [info] iteration = 500 | max rel diff. = 1.01862
[2021-04-27 20:49:19.545] [jointLog] [info] iteration = 600 | max rel diff. = 3.81329
[2021-04-27 20:49:21.662] [jointLog] [info] iteration = 700 | max rel diff. = 0.107575
[2021-04-27 20:49:23.867] [jointLog] [info] iteration = 800 | max rel diff. = 0.378479
[2021-04-27 20:49:26.013] [jointLog] [info] iteration = 900 | max rel diff. = 0.680696
[2021-04-27 20:49:28.053] [jointLog] [info] iteration = 1000 | max rel diff. = 1.56364
[2021-04-27 20:49:30.183] [jointLog] [info] iteration = 1100 | max rel diff. = 0.13589
[2021-04-27 20:49:32.248] [jointLog] [info] iteration = 1200 | max rel diff. = 0.319169
[2021-04-27 20:49:34.215] [jointLog] [info] iteration = 1300 | max rel diff. = 0.0832292
[2021-04-27 20:49:36.058] [jointLog] [info] iteration = 1400 | max rel diff. = 0.233882
[2021-04-27 20:49:38.133] [jointLog] [info] iteration = 1500 | max rel diff. = 0.0264667
[2021-04-27 20:49:40.124] [jointLog] [info] iteration = 1598 | max rel diff. = 0.00749011
[2021-04-27 20:49:40.162] [jointLog] [info] finished optimizer
[2021-04-27 20:49:40.162] [jointLog] [info] writing output
[2021-04-27 20:49:42.181] [jointLog] [info] Computing gene-level abundance estimates
[2021-04-27 20:50:09.864] [jointLog] [warning] Feature has no GFF ID
[2021-04-27 20:50:09.864] [jointLog] [warning] Feature has no GFF ID
[2021-04-27 20:50:09.864] [jointLog] [warning] Feature has no GFF ID
[2021-04-27 20:50:09.864] [jointLog] [warning] Feature has no GFF ID
[2021-04-27 20:50:09.864] [jointLog] [warning] Feature has no GFF ID
[2021-04-27 20:50:09.864] [jointLog] [warning] Feature has no GFF ID
[2021-04-27 20:50:09.864] [jointLog] [warning] Feature has no GFF ID
[2021-04-27 20:50:09.864] [jointLog] [warning] Feature has no GFF ID
[2021-04-27 20:50:09.864] [jointLog] [warning] Feature has no GFF ID
[2021-04-27 20:50:09.864] [jointLog] [warning] Feature has no GFF ID
[2021-04-27 20:50:09.864] [jointLog] [warning] Feature has no GFF ID
[2021-04-27 20:50:09.864] [jointLog] [warning] Feature has no GFF ID
[2021-04-27 20:50:09.864] [jointLog] [warning] Feature has no GFF ID
[2021-04-27 20:50:09.864] [jointLog] [warning] Feature has no GFF ID
[2021-04-27 20:50:09.864] [jointLog] [warning] Feature has no GFF ID
[2021-04-27 20:50:09.864] [jointLog] [warning] Feature has no GFF ID
[2021-04-27 20:50:09.864] [jointLog] [warning] Feature has no GFF ID
[2021-04-27 20:50:09.864] [jointLog] [warning] Feature has no GFF ID
[2021-04-27 20:50:09.864] [jointLog] [warning] Feature has no GFF ID
[2021-04-27 20:50:09.864] [jointLog] [warning] Feature has no GFF ID
[2021-04-27 20:50:09.864] [jointLog] [warning] Feature has no GFF ID
[2021-04-27 20:50:09.864] [jointLog] [warning] Feature has no GFF ID
[2021-04-27 20:50:09.864] [jointLog] [warning] Feature has no GFF ID
[2021-04-27 20:50:09.864] [jointLog] [warning] Feature has no GFF ID
[2021-04-27 20:50:09.864] [jointLog] [warning] Feature has no GFF ID
[2021-04-27 20:50:09.864] [jointLog] [warning] Feature has no GFF ID
[2021-04-27 20:50:09.864] [jointLog] [warning] Feature has no GFF ID
[2021-04-27 20:50:09.864] [jointLog] [warning] Feature has no GFF ID
[2021-04-27 20:50:09.864] [jointLog] [warning] Feature has no GFF ID
[2021-04-27 20:50:09.864] [jointLog] [warning] Feature has no GFF ID
[2021-04-27 20:50:09.864] [jointLog] [warning] Feature has no GFF ID
[2021-04-27 20:50:09.864] [jointLog] [warning] Feature has no GFF ID
[2021-04-27 20:50:09.864] [jointLog] [warning] Feature has no GFF ID
[2021-04-27 20:50:09.864] [jointLog] [warning] Feature has no GFF ID
[2021-04-27 20:50:09.864] [jointLog] [warning] Feature has no GFF ID
[2021-04-27 20:50:09.864] [jointLog] [warning] Feature has no GFF ID
[2021-04-27 20:50:09.864] [jointLog] [warning] Feature has no GFF ID
[2021-04-27 20:50:09.864] [jointLog] [warning] Feature has no GFF ID
[2021-04-27 20:50:09.864] [jointLog] [warning] Feature has no GFF ID
[2021-04-27 20:50:09.864] [jointLog] [warning] Feature has no GFF ID
[2021-04-27 20:50:09.864] [jointLog] [warning] Feature has no GFF ID
[2021-04-27 20:50:09.864] [jointLog] [warning] Feature has no GFF ID
[2021-04-27 20:50:09.864] [jointLog] [warning] Feature has no GFF ID
[2021-04-27 20:50:09.864] [jointLog] [warning] Feature has no GFF ID
[2021-04-27 20:50:09.864] [jointLog] [warning] Feature has no GFF ID
[2021-04-27 20:50:09.864] [jointLog] [warning] Feature has no GFF ID
[2021-04-27 20:50:09.864] [jointLog] [warning] Feature has no GFF ID
[2021-04-27 20:50:09.864] [jointLog] [warning] Feature has no GFF ID
[2021-04-27 20:50:09.864] [jointLog] [warning] Feature has no GFF ID
[2021-04-27 20:50:09.864] [jointLog] [warning] Feature has no GFF ID
[2021-04-27 20:50:09.864] [jointLog] [warning] Feature has no GFF ID
[2021-04-27 20:50:09.864] [jointLog] [warning] Feature has no GFF ID
[2021-04-27 20:50:09.864] [jointLog] [warning] Feature has no GFF ID
[2021-04-27 20:50:09.864] [jointLog] [warning] Feature has no GFF ID
[2021-04-27 20:50:09.864] [jointLog] [warning] Feature has no GFF ID
[2021-04-27 20:50:09.864] [jointLog] [warning] Feature has no GFF ID
[2021-04-27 20:50:09.864] [jointLog] [warning] Feature has no GFF ID
[2021-04-27 20:50:09.864] [jointLog] [warning] Feature has no GFF ID
[2021-04-27 20:50:09.864] [jointLog] [warning] Feature has no GFF ID
[2021-04-27 20:50:09.864] [jointLog] [warning] Feature has no GFF ID
[2021-04-27 20:50:09.864] [jointLog] [warning] Feature has no GFF ID
[2021-04-27 20:50:09.864] [jointLog] [warning] Feature has no GFF ID
[2021-04-27 20:50:09.864] [jointLog] [warning] Feature has no GFF ID
[2021-04-27 20:50:09.864] [jointLog] [warning] Feature has no GFF ID
[2021-04-27 20:50:09.864] [jointLog] [warning] Feature has no GFF ID
[2021-04-27 20:50:09.864] [jointLog] [warning] Feature has no GFF ID
[2021-04-27 20:50:09.864] [jointLog] [warning] Feature has no GFF ID
[2021-04-27 20:50:09.864] [jointLog] [warning] Feature has no GFF ID
[2021-04-27 20:50:09.864] [jointLog] [warning] Feature has no GFF ID
[2021-04-27 20:50:09.864] [jointLog] [warning] Feature has no GFF ID
[2021-04-27 20:50:09.864] [jointLog] [warning] Feature has no GFF ID
[2021-04-27 20:50:09.864] [jointLog] [warning] Feature has no GFF ID
[2021-04-27 20:50:09.864] [jointLog] [warning] Feature has no GFF ID
[2021-04-27 20:50:09.864] [jointLog] [warning] Feature has no GFF ID
[2021-04-27 20:50:09.864] [jointLog] [warning] Feature has no GFF ID
[2021-04-27 20:50:09.864] [jointLog] [warning] Feature has no GFF ID
[2021-04-27 20:50:09.864] [jointLog] [warning] Feature has no GFF ID
[2021-04-27 20:50:09.864] [jointLog] [warning] Feature has no GFF ID
[2021-04-27 20:50:09.864] [jointLog] [warning] Feature has no GFF ID
[2021-04-27 20:50:09.864] [jointLog] [warning] Feature has no GFF ID
[2021-04-27 20:50:09.864] [jointLog] [warning] Feature has no GFF ID
[2021-04-27 20:50:09.864] [jointLog] [warning] Feature has no GFF ID
[2021-04-27 20:50:09.864] [jointLog] [warning] Feature has no GFF ID
[2021-04-27 20:50:09.864] [jointLog] [warning] Feature has no GFF ID
[2021-04-27 20:50:09.864] [jointLog] [warning] Feature has no GFF ID
[2021-04-27 20:50:09.864] [jointLog] [warning] Feature has no GFF ID
[2021-04-27 20:50:09.864] [jointLog] [warning] Feature has no GFF ID
[2021-04-27 20:50:09.864] [jointLog] [warning] Feature has no GFF ID
[2021-04-27 20:50:09.864] [jointLog] [warning] Feature has no GFF ID
[2021-04-27 20:50:09.864] [jointLog] [warning] Feature has no GFF ID
[2021-04-27 20:50:09.864] [jointLog] [warning] Feature has no GFF ID
[2021-04-27 20:50:09.864] [jointLog] [warning] Feature has no GFF ID
[2021-04-27 20:50:10.169] [jointLog] [info] There were 142604 transcripts mapping to 55401 genes
[2021-04-27 20:50:10.169] [jointLog] [info] NOTE: We recommend using tximport (https://bioconductor.org/packages/release/bioc/html/tximport.html) for aggregating transcript-level salmon abundance estimates to the gene level.  It is more versatile, exposes more features, and allows considering multi-sample information during aggregation.
[2021-04-27 20:50:10.442] [jointLog] [warning] couldn't find transcript named [DQ459430] in transcript <-> gene map; returning transcript as it's own gene
[2021-04-27 20:50:10.442] [jointLog] [warning] couldn't find transcript named [DQ516784] in transcript <-> gene map; returning transcript as it's own gene
[2021-04-27 20:50:10.442] [jointLog] [warning] couldn't find transcript named [DQ516752] in transcript <-> gene map; returning transcript as it's own gene
[2021-04-27 20:50:10.442] [jointLog] [warning] couldn't find transcript named [DQ668364] in transcript <-> gene map; returning transcript as it's own gene
[2021-04-27 20:50:10.442] [jointLog] [warning] couldn't find transcript named [DQ883670] in transcript <-> gene map; returning transcript as it's own gene
[2021-04-27 20:50:10.442] [jointLog] [warning] couldn't find transcript named [EF011062] in transcript <-> gene map; returning transcript as it's own gene
[2021-04-27 20:50:10.442] [jointLog] [warning] couldn't find transcript named [DQ875385] in transcript <-> gene map; returning transcript as it's own gene
[2021-04-27 20:50:10.442] [jointLog] [warning] couldn't find transcript named [DQ883664] in transcript <-> gene map; returning transcript as it's own gene
[2021-04-27 20:50:10.442] [jointLog] [warning] couldn't find transcript named [DQ459420] in transcript <-> gene map; returning transcript as it's own gene
[2021-04-27 20:50:10.442] [jointLog] [warning] couldn't find transcript named [DQ883651] in transcript <-> gene map; returning transcript as it's own gene
[2021-04-27 20:50:10.442] [jointLog] [warning] couldn't find transcript named [DQ855004] in transcript <-> gene map; returning transcript as it's own gene
[2021-04-27 20:50:10.442] [jointLog] [warning] couldn't find transcript named [DQ854993] in transcript <-> gene map; returning transcript as it's own gene
[2021-04-27 20:50:10.442] [jointLog] [warning] couldn't find transcript named [DQ883689] in transcript <-> gene map; returning transcript as it's own gene
[2021-04-27 20:50:10.442] [jointLog] [warning] couldn't find transcript named [DQ459419] in transcript <-> gene map; returning transcript as it's own gene
[2021-04-27 20:50:10.442] [jointLog] [warning] couldn't find transcript named [DQ459431] in transcript <-> gene map; returning transcript as it's own gene
[2021-04-27 20:50:10.442] [jointLog] [warning] couldn't find transcript named [DQ516796] in transcript <-> gene map; returning transcript as it's own gene
[2021-04-27 20:50:10.442] [jointLog] [warning] couldn't find transcript named [DQ855001] in transcript <-> gene map; returning transcript as it's own gene
[2021-04-27 20:50:10.442] [jointLog] [warning] couldn't find transcript named [DQ459413] in transcript <-> gene map; returning transcript as it's own gene
[2021-04-27 20:50:10.442] [jointLog] [warning] couldn't find transcript named [DQ883656] in transcript <-> gene map; returning transcript as it's own gene
[2021-04-27 20:50:10.442] [jointLog] [warning] couldn't find transcript named [DQ883661] in transcript <-> gene map; returning transcript as it's own gene
[2021-04-27 20:50:10.442] [jointLog] [warning] couldn't find transcript named [EF011069] in transcript <-> gene map; returning transcript as it's own gene
[2021-04-27 20:50:10.442] [jointLog] [warning] couldn't find transcript named [DQ516783] in transcript <-> gene map; returning transcript as it's own gene
[2021-04-27 20:50:10.442] [jointLog] [warning] couldn't find transcript named [DQ516787] in transcript <-> gene map; returning transcript as it's own gene
[2021-04-27 20:50:10.442] [jointLog] [warning] couldn't find transcript named [DQ459424] in transcript <-> gene map; returning transcript as it's own gene
[2021-04-27 20:50:10.442] [jointLog] [warning] couldn't find transcript named [DQ516748] in transcript <-> gene map; returning transcript as it's own gene
[2021-04-27 20:50:10.442] [jointLog] [warning] couldn't find transcript named [DQ883671] in transcript <-> gene map; returning transcript as it's own gene
[2021-04-27 20:50:10.442] [jointLog] [warning] couldn't find transcript named [DQ516740] in transcript <-> gene map; returning transcript as it's own gene
[2021-04-27 20:50:10.442] [jointLog] [warning] couldn't find transcript named [DQ516785] in transcript <-> gene map; returning transcript as it's own gene
[2021-04-27 20:50:10.442] [jointLog] [warning] couldn't find transcript named [DQ516731] in transcript <-> gene map; returning transcript as it's own gene
[2021-04-27 20:50:10.442] [jointLog] [warning] couldn't find transcript named [DQ668366] in transcript <-> gene map; returning transcript as it's own gene
[2021-04-27 20:50:10.442] [jointLog] [warning] couldn't find transcript named [DQ459418] in transcript <-> gene map; returning transcript as it's own gene
[2021-04-27 20:50:10.442] [jointLog] [warning] couldn't find transcript named [DQ668356] in transcript <-> gene map; returning transcript as it's own gene
[2021-04-27 20:50:10.442] [jointLog] [warning] couldn't find transcript named [DQ516763] in transcript <-> gene map; returning transcript as it's own gene
[2021-04-27 20:50:10.442] [jointLog] [warning] couldn't find transcript named [DQ459426] in transcript <-> gene map; returning transcript as it's own gene
[2021-04-27 20:50:10.442] [jointLog] [warning] couldn't find transcript named [DQ516786] in transcript <-> gene map; returning transcript as it's own gene
[2021-04-27 20:50:10.442] [jointLog] [warning] couldn't find transcript named [DQ883653] in transcript <-> gene map; returning transcript as it's own gene
[2021-04-27 20:50:10.442] [jointLog] [warning] couldn't find transcript named [DQ459421] in transcript <-> gene map; returning transcript as it's own gene
[2021-04-27 20:50:10.442] [jointLog] [warning] couldn't find transcript named [DQ883654] in transcript <-> gene map; returning transcript as it's own gene
[2021-04-27 20:50:10.442] [jointLog] [warning] couldn't find transcript named [DQ668358] in transcript <-> gene map; returning transcript as it's own gene
[2021-04-27 20:50:10.442] [jointLog] [warning] couldn't find transcript named [DQ516754] in transcript <-> gene map; returning transcript as it's own gene
[2021-04-27 20:50:10.442] [jointLog] [warning] couldn't find transcript named [DQ516778] in transcript <-> gene map; returning transcript as it's own gene
[2021-04-27 20:50:10.442] [jointLog] [warning] couldn't find transcript named [DQ883650] in transcript <-> gene map; returning transcript as it's own gene
[2021-04-27 20:50:10.442] [jointLog] [warning] couldn't find transcript named [DQ516742] in transcript <-> gene map; returning transcript as it's own gene
[2021-04-27 20:50:10.442] [jointLog] [warning] couldn't find transcript named [DQ883673] in transcript <-> gene map; returning transcript as it's own gene
[2021-04-27 20:50:10.442] [jointLog] [warning] couldn't find transcript named [DQ883652] in transcript <-> gene map; returning transcript as it's own gene
[2021-04-27 20:50:10.442] [jointLog] [warning] couldn't find transcript named [DQ854991] in transcript <-> gene map; returning transcript as it's own gene
[2021-04-27 20:50:10.442] [jointLog] [warning] couldn't find transcript named [DQ516780] in transcript <-> gene map; returning transcript as it's own gene
[2021-04-27 20:50:10.442] [jointLog] [warning] couldn't find transcript named [DQ883682] in transcript <-> gene map; returning transcript as it's own gene
[2021-04-27 20:50:10.442] [jointLog] [warning] couldn't find transcript named [DQ883669] in transcript <-> gene map; returning transcript as it's own gene
[2021-04-27 20:50:10.442] [jointLog] [warning] couldn't find transcript named [DQ516791] in transcript <-> gene map; returning transcript as it's own gene
[2021-04-27 20:50:10.442] [jointLog] [warning] couldn't find transcript named [DQ459425] in transcript <-> gene map; returning transcript as it's own gene
[2021-04-27 20:50:10.442] [jointLog] [warning] couldn't find transcript named [DQ516759] in transcript <-> gene map; returning transcript as it's own gene
[2021-04-27 20:50:10.442] [jointLog] [warning] couldn't find transcript named [DQ459429] in transcript <-> gene map; returning transcript as it's own gene
[2021-04-27 20:50:10.442] [jointLog] [warning] couldn't find transcript named [DQ516758] in transcript <-> gene map; returning transcript as it's own gene
[2021-04-27 20:50:10.442] [jointLog] [warning] couldn't find transcript named [DQ459415] in transcript <-> gene map; returning transcript as it's own gene
[2021-04-27 20:50:10.442] [jointLog] [warning] couldn't find transcript named [DQ875387] in transcript <-> gene map; returning transcript as it's own gene
[2021-04-27 20:50:10.442] [jointLog] [warning] couldn't find transcript named [DQ516815] in transcript <-> gene map; returning transcript as it's own gene
[2021-04-27 20:50:10.442] [jointLog] [warning] couldn't find transcript named [DQ668365] in transcript <-> gene map; returning transcript as it's own gene
[2021-04-27 20:50:10.442] [jointLog] [warning] couldn't find transcript named [DQ854998] in transcript <-> gene map; returning transcript as it's own gene
[2021-04-27 20:50:10.442] [jointLog] [warning] couldn't find transcript named [DQ883685] in transcript <-> gene map; returning transcript as it's own gene
[2021-04-27 20:50:10.442] [jointLog] [warning] couldn't find transcript named [DQ459422] in transcript <-> gene map; returning transcript as it's own gene
[2021-04-27 20:50:10.442] [jointLog] [warning] couldn't find transcript named [DQ883663] in transcript <-> gene map; returning transcript as it's own gene
[2021-04-27 20:50:10.442] [jointLog] [warning] couldn't find transcript named [DQ668367] in transcript <-> gene map; returning transcript as it's own gene
[2021-04-27 20:50:10.442] [jointLog] [warning] couldn't find transcript named [DQ459412] in transcript <-> gene map; returning transcript as it's own gene
[2021-04-27 20:50:10.442] [jointLog] [warning] couldn't find transcript named [DQ854992] in transcript <-> gene map; returning transcript as it's own gene
[2021-04-27 20:50:10.442] [jointLog] [warning] couldn't find transcript named [DQ516782] in transcript <-> gene map; returning transcript as it's own gene
[2021-04-27 20:50:10.442] [jointLog] [warning] couldn't find transcript named [DQ459427] in transcript <-> gene map; returning transcript as it's own gene
[2021-04-27 20:50:10.442] [jointLog] [warning] couldn't find transcript named [EF011072] in transcript <-> gene map; returning transcript as it's own gene
[2021-04-27 20:50:10.442] [jointLog] [warning] couldn't find transcript named [DQ855003] in transcript <-> gene map; returning transcript as it's own gene
[2021-04-27 20:50:10.442] [jointLog] [warning] couldn't find transcript named [DQ516739] in transcript <-> gene map; returning transcript as it's own gene
[2021-04-27 20:50:10.442] [jointLog] [warning] couldn't find transcript named [EF011063] in transcript <-> gene map; returning transcript as it's own gene
[2021-04-27 20:50:10.442] [jointLog] [warning] couldn't find transcript named [DQ855000] in transcript <-> gene map; returning transcript as it's own gene
[2021-04-27 20:50:10.442] [jointLog] [warning] couldn't find transcript named [DQ516777] in transcript <-> gene map; returning transcript as it's own gene
[2021-04-27 20:50:10.442] [jointLog] [warning] couldn't find transcript named [DQ883646] in transcript <-> gene map; returning transcript as it's own gene
[2021-04-27 20:50:10.442] [jointLog] [warning] couldn't find transcript named [DQ668362] in transcript <-> gene map; returning transcript as it's own gene
[2021-04-27 20:50:10.442] [jointLog] [warning] couldn't find transcript named [DQ854995] in transcript <-> gene map; returning transcript as it's own gene
[2021-04-27 20:50:10.442] [jointLog] [warning] couldn't find transcript named [DQ875386] in transcript <-> gene map; returning transcript as it's own gene
[2021-04-27 20:50:10.442] [jointLog] [warning] couldn't find transcript named [DQ516790] in transcript <-> gene map; returning transcript as it's own gene
[2021-04-27 20:50:10.442] [jointLog] [warning] couldn't find transcript named [DQ883642] in transcript <-> gene map; returning transcript as it's own gene
[2021-04-27 20:50:10.442] [jointLog] [warning] couldn't find transcript named [DQ883659] in transcript <-> gene map; returning transcript as it's own gene
[2021-04-27 20:50:10.442] [jointLog] [warning] couldn't find transcript named [DQ854997] in transcript <-> gene map; returning transcript as it's own gene
[2021-04-27 20:50:10.442] [jointLog] [warning] couldn't find transcript named [DQ883643] in transcript <-> gene map; returning transcript as it's own gene
[2021-04-27 20:50:10.442] [jointLog] [warning] couldn't find transcript named [DQ839618] in transcript <-> gene map; returning transcript as it's own gene
[2021-04-27 20:50:10.442] [jointLog] [warning] couldn't find transcript named [DQ516795] in transcript <-> gene map; returning transcript as it's own gene
[2021-04-27 20:50:10.442] [jointLog] [warning] couldn't find transcript named [DQ883658] in transcript <-> gene map; returning transcript as it's own gene
[2021-04-27 20:50:10.442] [jointLog] [warning] couldn't find transcript named [DQ516750] in transcript <-> gene map; returning transcript as it's own gene
[2021-04-27 20:50:10.442] [jointLog] [warning] couldn't find transcript named [DQ668359] in transcript <-> gene map; returning transcript as it's own gene
[2021-04-27 20:50:10.442] [jointLog] [warning] couldn't find transcript named [DQ516779] in transcript <-> gene map; returning transcript as it's own gene
[2021-04-27 20:50:10.442] [jointLog] [warning] couldn't find transcript named [DQ668363] in transcript <-> gene map; returning transcript as it's own gene
[2021-04-27 20:50:10.442] [jointLog] [warning] couldn't find transcript named [DQ516776] in transcript <-> gene map; returning transcript as it's own gene
[2021-04-27 20:50:10.442] [jointLog] [warning] couldn't find transcript named [DQ516773] in transcript <-> gene map; returning transcript as it's own gene
[2021-04-27 20:50:10.442] [jointLog] [warning] couldn't find transcript named [DQ854994] in transcript <-> gene map; returning transcript as it's own gene
[2021-04-27 20:50:10.442] [jointLog] [info] Aggregating expressions to gene level
[2021-04-27 20:50:10.597] [jointLog] [info] done
