[2021-04-27 20:49:33.000] [jointLog] [info] setting maxHashResizeThreads to 6
[2021-04-27 20:49:33.000] [jointLog] [info] Fragment incompatibility prior below threshold.  Incompatible fragments will be ignored.
[2021-04-27 20:49:33.002] [jointLog] [info] numQuantThreads = 3
[2021-04-27 20:49:36.128] [jointLog] [info] replaced 4 non-ACGT nucleotides with random nucleotides
[2021-04-27 20:49:36.403] [fileLog] [info] quantification processed 0 fragments so far

[2021-04-27 20:49:39.877] [fileLog] [info] quantification processed 1000000 fragments so far

[2021-04-27 20:49:43.041] [fileLog] [info] quantification processed 2000000 fragments so far

[2021-04-27 20:49:44.587] [jointLog] [info] 

The alignment group queue pool has been exhausted.  3745142 extra fragments were allocated on the heap to saturate the pool.  No new fragments will be allocated


[2021-04-27 20:49:55.020] [fileLog] [info] quantification processed 3000000 fragments so far

[2021-04-27 20:50:15.058] [fileLog] [info] quantification processed 4000000 fragments so far

[2021-04-27 20:50:34.695] [fileLog] [info] quantification processed 5000000 fragments so far

[2021-04-27 20:50:54.369] [fileLog] [info] quantification processed 6000000 fragments so far

[2021-04-27 20:51:14.423] [fileLog] [info] quantification processed 7000000 fragments so far

[2021-04-27 20:51:18.496] [fileLog] [info] quantification processed 8000000 fragments so far

[2021-04-27 20:51:22.410] [fileLog] [info] quantification processed 9000000 fragments so far

[2021-04-27 20:51:26.381] [fileLog] [info] quantification processed 10000000 fragments so far

[2021-04-27 20:51:30.284] [fileLog] [info] quantification processed 11000000 fragments so far

[2021-04-27 20:51:34.207] [fileLog] [info] quantification processed 12000000 fragments so far

[2021-04-27 20:51:38.122] [fileLog] [info] quantification processed 13000000 fragments so far

[2021-04-27 20:51:42.021] [fileLog] [info] quantification processed 14000000 fragments so far

[2021-04-27 20:51:45.966] [fileLog] [info] quantification processed 15000000 fragments so far

[2021-04-27 20:51:49.827] [fileLog] [info] quantification processed 16000000 fragments so far

[2021-04-27 20:51:53.715] [fileLog] [info] quantification processed 17000000 fragments so far

[2021-04-27 20:51:57.853] [fileLog] [info] quantification processed 18000000 fragments so far

[2021-04-27 20:52:01.614] [fileLog] [info] quantification processed 19000000 fragments so far

[2021-04-27 20:52:05.261] [fileLog] [info] quantification processed 20000000 fragments so far

[2021-04-27 20:52:09.148] [fileLog] [info] quantification processed 21000000 fragments so far

[2021-04-27 20:52:12.873] [fileLog] [info] quantification processed 22000000 fragments so far

[2021-04-27 20:52:16.649] [fileLog] [info] quantification processed 23000000 fragments so far

[2021-04-27 20:52:20.429] [fileLog] [info] quantification processed 24000000 fragments so far

[2021-04-27 20:52:24.313] [fileLog] [info] quantification processed 25000000 fragments so far

[2021-04-27 20:52:28.149] [fileLog] [info] quantification processed 26000000 fragments so far

[2021-04-27 20:52:31.976] [fileLog] [info] quantification processed 27000000 fragments so far

[2021-04-27 20:52:35.734] [fileLog] [info] quantification processed 28000000 fragments so far

[2021-04-27 20:52:39.733] [fileLog] [info] quantification processed 29000000 fragments so far

[2021-04-27 20:52:43.699] [fileLog] [info] quantification processed 30000000 fragments so far

[2021-04-27 20:52:47.660] [fileLog] [info] quantification processed 31000000 fragments so far

[2021-04-27 20:52:51.426] [fileLog] [info] quantification processed 32000000 fragments so far

[2021-04-27 20:52:55.270] [fileLog] [info] quantification processed 33000000 fragments so far

[2021-04-27 20:52:59.107] [fileLog] [info] quantification processed 34000000 fragments so far

[2021-04-27 20:53:02.694] [fileLog] [info] quantification processed 35000000 fragments so far

[2021-04-27 20:53:06.189] [fileLog] [info] quantification processed 36000000 fragments so far

[2021-04-27 20:53:09.997] [fileLog] [info] quantification processed 37000000 fragments so far

[2021-04-27 20:53:13.742] [fileLog] [info] quantification processed 38000000 fragments so far

[2021-04-27 20:53:14.416] [fileLog] [info] quantification processed 38177557 fragments so far

[2021-04-27 20:53:22.195] [jointLog] [info] Thread saw mini-batch with a maximum of 28.90% zero probability fragments
[2021-04-27 20:53:22.202] [jointLog] [info] Thread saw mini-batch with a maximum of 27.50% zero probability fragments
[2021-04-27 20:53:22.204] [jointLog] [info] Thread saw mini-batch with a maximum of 28.50% zero probability fragments
[2021-04-27 20:53:22.205] [jointLog] [info] 


Completed first pass through the alignment file.
Total # of mapped reads : 38177557
# of uniquely mapped reads : 12631269
# ambiguously mapped reads : 25546288



[2021-04-27 20:53:22.385] [jointLog] [info] Computed 223387 rich equivalence classes for further processing
[2021-04-27 20:53:22.385] [jointLog] [info] Counted 37913999 total reads in the equivalence classes 
[2021-04-27 20:53:22.388] [jointLog] [info] starting optimizer
[2021-04-27 20:53:22.508] [jointLog] [info] Marked 0 weighted equivalence classes as degenerate
[2021-04-27 20:53:22.529] [jointLog] [info] iteration = 0 | max rel diff. = 6353.61
[2021-04-27 20:53:24.221] [jointLog] [info] iteration = 100 | max rel diff. = 13.7355
[2021-04-27 20:53:25.895] [jointLog] [info] iteration = 200 | max rel diff. = 15.9028
[2021-04-27 20:53:27.615] [jointLog] [info] iteration = 300 | max rel diff. = 3.85898
[2021-04-27 20:53:29.352] [jointLog] [info] iteration = 400 | max rel diff. = 0.658086
[2021-04-27 20:53:31.075] [jointLog] [info] iteration = 500 | max rel diff. = 1.75025
[2021-04-27 20:53:32.801] [jointLog] [info] iteration = 600 | max rel diff. = 0.232832
[2021-04-27 20:53:34.493] [jointLog] [info] iteration = 700 | max rel diff. = 0.0535561
[2021-04-27 20:53:36.190] [jointLog] [info] iteration = 800 | max rel diff. = 0.278859
[2021-04-27 20:53:37.907] [jointLog] [info] iteration = 900 | max rel diff. = 0.418058
[2021-04-27 20:53:39.603] [jointLog] [info] iteration = 1000 | max rel diff. = 0.405811
[2021-04-27 20:53:41.281] [jointLog] [info] iteration = 1100 | max rel diff. = 0.127791
[2021-04-27 20:53:42.990] [jointLog] [info] iteration = 1200 | max rel diff. = 0.0500089
[2021-04-27 20:53:44.662] [jointLog] [info] iteration = 1300 | max rel diff. = 2.52593
[2021-04-27 20:53:46.350] [jointLog] [info] iteration = 1400 | max rel diff. = 0.140847
[2021-04-27 20:53:48.020] [jointLog] [info] iteration = 1500 | max rel diff. = 0.128398
[2021-04-27 20:53:49.686] [jointLog] [info] iteration = 1600 | max rel diff. = 0.0525774
[2021-04-27 20:53:51.372] [jointLog] [info] iteration = 1700 | max rel diff. = 0.408281
[2021-04-27 20:53:51.805] [jointLog] [info] iteration = 1727 | max rel diff. = 0.00854689
[2021-04-27 20:53:51.841] [jointLog] [info] finished optimizer
[2021-04-27 20:53:51.841] [jointLog] [info] writing output
[2021-04-27 20:53:53.856] [jointLog] [info] Computing gene-level abundance estimates
[2021-04-27 20:54:23.796] [jointLog] [warning] Feature has no GFF ID
[2021-04-27 20:54:23.796] [jointLog] [warning] Feature has no GFF ID
[2021-04-27 20:54:23.796] [jointLog] [warning] Feature has no GFF ID
[2021-04-27 20:54:23.796] [jointLog] [warning] Feature has no GFF ID
[2021-04-27 20:54:23.796] [jointLog] [warning] Feature has no GFF ID
[2021-04-27 20:54:23.796] [jointLog] [warning] Feature has no GFF ID
[2021-04-27 20:54:23.796] [jointLog] [warning] Feature has no GFF ID
[2021-04-27 20:54:23.796] [jointLog] [warning] Feature has no GFF ID
[2021-04-27 20:54:23.796] [jointLog] [warning] Feature has no GFF ID
[2021-04-27 20:54:23.796] [jointLog] [warning] Feature has no GFF ID
[2021-04-27 20:54:23.796] [jointLog] [warning] Feature has no GFF ID
[2021-04-27 20:54:23.796] [jointLog] [warning] Feature has no GFF ID
[2021-04-27 20:54:23.796] [jointLog] [warning] Feature has no GFF ID
[2021-04-27 20:54:23.796] [jointLog] [warning] Feature has no GFF ID
[2021-04-27 20:54:23.796] [jointLog] [warning] Feature has no GFF ID
[2021-04-27 20:54:23.796] [jointLog] [warning] Feature has no GFF ID
[2021-04-27 20:54:23.796] [jointLog] [warning] Feature has no GFF ID
[2021-04-27 20:54:23.796] [jointLog] [warning] Feature has no GFF ID
[2021-04-27 20:54:23.796] [jointLog] [warning] Feature has no GFF ID
[2021-04-27 20:54:23.796] [jointLog] [warning] Feature has no GFF ID
[2021-04-27 20:54:23.796] [jointLog] [warning] Feature has no GFF ID
[2021-04-27 20:54:23.796] [jointLog] [warning] Feature has no GFF ID
[2021-04-27 20:54:23.796] [jointLog] [warning] Feature has no GFF ID
[2021-04-27 20:54:23.796] [jointLog] [warning] Feature has no GFF ID
[2021-04-27 20:54:23.796] [jointLog] [warning] Feature has no GFF ID
[2021-04-27 20:54:23.796] [jointLog] [warning] Feature has no GFF ID
[2021-04-27 20:54:23.796] [jointLog] [warning] Feature has no GFF ID
[2021-04-27 20:54:23.796] [jointLog] [warning] Feature has no GFF ID
[2021-04-27 20:54:23.796] [jointLog] [warning] Feature has no GFF ID
[2021-04-27 20:54:23.796] [jointLog] [warning] Feature has no GFF ID
[2021-04-27 20:54:23.796] [jointLog] [warning] Feature has no GFF ID
[2021-04-27 20:54:23.796] [jointLog] [warning] Feature has no GFF ID
[2021-04-27 20:54:23.796] [jointLog] [warning] Feature has no GFF ID
[2021-04-27 20:54:23.796] [jointLog] [warning] Feature has no GFF ID
[2021-04-27 20:54:23.796] [jointLog] [warning] Feature has no GFF ID
[2021-04-27 20:54:23.796] [jointLog] [warning] Feature has no GFF ID
[2021-04-27 20:54:23.796] [jointLog] [warning] Feature has no GFF ID
[2021-04-27 20:54:23.796] [jointLog] [warning] Feature has no GFF ID
[2021-04-27 20:54:23.796] [jointLog] [warning] Feature has no GFF ID
[2021-04-27 20:54:23.796] [jointLog] [warning] Feature has no GFF ID
[2021-04-27 20:54:23.796] [jointLog] [warning] Feature has no GFF ID
[2021-04-27 20:54:23.796] [jointLog] [warning] Feature has no GFF ID
[2021-04-27 20:54:23.796] [jointLog] [warning] Feature has no GFF ID
[2021-04-27 20:54:23.796] [jointLog] [warning] Feature has no GFF ID
[2021-04-27 20:54:23.796] [jointLog] [warning] Feature has no GFF ID
[2021-04-27 20:54:23.796] [jointLog] [warning] Feature has no GFF ID
[2021-04-27 20:54:23.796] [jointLog] [warning] Feature has no GFF ID
[2021-04-27 20:54:23.796] [jointLog] [warning] Feature has no GFF ID
[2021-04-27 20:54:23.796] [jointLog] [warning] Feature has no GFF ID
[2021-04-27 20:54:23.796] [jointLog] [warning] Feature has no GFF ID
[2021-04-27 20:54:23.796] [jointLog] [warning] Feature has no GFF ID
[2021-04-27 20:54:23.796] [jointLog] [warning] Feature has no GFF ID
[2021-04-27 20:54:23.796] [jointLog] [warning] Feature has no GFF ID
[2021-04-27 20:54:23.796] [jointLog] [warning] Feature has no GFF ID
[2021-04-27 20:54:23.796] [jointLog] [warning] Feature has no GFF ID
[2021-04-27 20:54:23.796] [jointLog] [warning] Feature has no GFF ID
[2021-04-27 20:54:23.796] [jointLog] [warning] Feature has no GFF ID
[2021-04-27 20:54:23.796] [jointLog] [warning] Feature has no GFF ID
[2021-04-27 20:54:23.796] [jointLog] [warning] Feature has no GFF ID
[2021-04-27 20:54:23.796] [jointLog] [warning] Feature has no GFF ID
[2021-04-27 20:54:23.796] [jointLog] [warning] Feature has no GFF ID
[2021-04-27 20:54:23.796] [jointLog] [warning] Feature has no GFF ID
[2021-04-27 20:54:23.796] [jointLog] [warning] Feature has no GFF ID
[2021-04-27 20:54:23.796] [jointLog] [warning] Feature has no GFF ID
[2021-04-27 20:54:23.796] [jointLog] [warning] Feature has no GFF ID
[2021-04-27 20:54:23.796] [jointLog] [warning] Feature has no GFF ID
[2021-04-27 20:54:23.796] [jointLog] [warning] Feature has no GFF ID
[2021-04-27 20:54:23.796] [jointLog] [warning] Feature has no GFF ID
[2021-04-27 20:54:23.796] [jointLog] [warning] Feature has no GFF ID
[2021-04-27 20:54:23.796] [jointLog] [warning] Feature has no GFF ID
[2021-04-27 20:54:23.796] [jointLog] [warning] Feature has no GFF ID
[2021-04-27 20:54:23.796] [jointLog] [warning] Feature has no GFF ID
[2021-04-27 20:54:23.796] [jointLog] [warning] Feature has no GFF ID
[2021-04-27 20:54:23.796] [jointLog] [warning] Feature has no GFF ID
[2021-04-27 20:54:23.796] [jointLog] [warning] Feature has no GFF ID
[2021-04-27 20:54:23.796] [jointLog] [warning] Feature has no GFF ID
[2021-04-27 20:54:23.796] [jointLog] [warning] Feature has no GFF ID
[2021-04-27 20:54:23.796] [jointLog] [warning] Feature has no GFF ID
[2021-04-27 20:54:23.796] [jointLog] [warning] Feature has no GFF ID
[2021-04-27 20:54:23.796] [jointLog] [warning] Feature has no GFF ID
[2021-04-27 20:54:23.796] [jointLog] [warning] Feature has no GFF ID
[2021-04-27 20:54:23.796] [jointLog] [warning] Feature has no GFF ID
[2021-04-27 20:54:23.796] [jointLog] [warning] Feature has no GFF ID
[2021-04-27 20:54:23.796] [jointLog] [warning] Feature has no GFF ID
[2021-04-27 20:54:23.796] [jointLog] [warning] Feature has no GFF ID
[2021-04-27 20:54:23.796] [jointLog] [warning] Feature has no GFF ID
[2021-04-27 20:54:23.796] [jointLog] [warning] Feature has no GFF ID
[2021-04-27 20:54:23.796] [jointLog] [warning] Feature has no GFF ID
[2021-04-27 20:54:23.796] [jointLog] [warning] Feature has no GFF ID
[2021-04-27 20:54:23.796] [jointLog] [warning] Feature has no GFF ID
[2021-04-27 20:54:23.796] [jointLog] [warning] Feature has no GFF ID
[2021-04-27 20:54:23.796] [jointLog] [warning] Feature has no GFF ID
[2021-04-27 20:54:24.124] [jointLog] [info] There were 142604 transcripts mapping to 55401 genes
[2021-04-27 20:54:24.124] [jointLog] [info] NOTE: We recommend using tximport (https://bioconductor.org/packages/release/bioc/html/tximport.html) for aggregating transcript-level salmon abundance estimates to the gene level.  It is more versatile, exposes more features, and allows considering multi-sample information during aggregation.
[2021-04-27 20:54:24.416] [jointLog] [warning] couldn't find transcript named [DQ459430] in transcript <-> gene map; returning transcript as it's own gene
[2021-04-27 20:54:24.416] [jointLog] [warning] couldn't find transcript named [DQ516784] in transcript <-> gene map; returning transcript as it's own gene
[2021-04-27 20:54:24.416] [jointLog] [warning] couldn't find transcript named [DQ516752] in transcript <-> gene map; returning transcript as it's own gene
[2021-04-27 20:54:24.416] [jointLog] [warning] couldn't find transcript named [DQ668364] in transcript <-> gene map; returning transcript as it's own gene
[2021-04-27 20:54:24.416] [jointLog] [warning] couldn't find transcript named [DQ883670] in transcript <-> gene map; returning transcript as it's own gene
[2021-04-27 20:54:24.416] [jointLog] [warning] couldn't find transcript named [EF011062] in transcript <-> gene map; returning transcript as it's own gene
[2021-04-27 20:54:24.416] [jointLog] [warning] couldn't find transcript named [DQ875385] in transcript <-> gene map; returning transcript as it's own gene
[2021-04-27 20:54:24.416] [jointLog] [warning] couldn't find transcript named [DQ883664] in transcript <-> gene map; returning transcript as it's own gene
[2021-04-27 20:54:24.416] [jointLog] [warning] couldn't find transcript named [DQ459420] in transcript <-> gene map; returning transcript as it's own gene
[2021-04-27 20:54:24.416] [jointLog] [warning] couldn't find transcript named [DQ883651] in transcript <-> gene map; returning transcript as it's own gene
[2021-04-27 20:54:24.416] [jointLog] [warning] couldn't find transcript named [DQ855004] in transcript <-> gene map; returning transcript as it's own gene
[2021-04-27 20:54:24.416] [jointLog] [warning] couldn't find transcript named [DQ854993] in transcript <-> gene map; returning transcript as it's own gene
[2021-04-27 20:54:24.416] [jointLog] [warning] couldn't find transcript named [DQ883689] in transcript <-> gene map; returning transcript as it's own gene
[2021-04-27 20:54:24.416] [jointLog] [warning] couldn't find transcript named [DQ459419] in transcript <-> gene map; returning transcript as it's own gene
[2021-04-27 20:54:24.416] [jointLog] [warning] couldn't find transcript named [DQ459431] in transcript <-> gene map; returning transcript as it's own gene
[2021-04-27 20:54:24.416] [jointLog] [warning] couldn't find transcript named [DQ516796] in transcript <-> gene map; returning transcript as it's own gene
[2021-04-27 20:54:24.416] [jointLog] [warning] couldn't find transcript named [DQ855001] in transcript <-> gene map; returning transcript as it's own gene
[2021-04-27 20:54:24.416] [jointLog] [warning] couldn't find transcript named [DQ459413] in transcript <-> gene map; returning transcript as it's own gene
[2021-04-27 20:54:24.416] [jointLog] [warning] couldn't find transcript named [DQ883656] in transcript <-> gene map; returning transcript as it's own gene
[2021-04-27 20:54:24.416] [jointLog] [warning] couldn't find transcript named [DQ883661] in transcript <-> gene map; returning transcript as it's own gene
[2021-04-27 20:54:24.416] [jointLog] [warning] couldn't find transcript named [EF011069] in transcript <-> gene map; returning transcript as it's own gene
[2021-04-27 20:54:24.416] [jointLog] [warning] couldn't find transcript named [DQ516783] in transcript <-> gene map; returning transcript as it's own gene
[2021-04-27 20:54:24.416] [jointLog] [warning] couldn't find transcript named [DQ516787] in transcript <-> gene map; returning transcript as it's own gene
[2021-04-27 20:54:24.416] [jointLog] [warning] couldn't find transcript named [DQ459424] in transcript <-> gene map; returning transcript as it's own gene
[2021-04-27 20:54:24.416] [jointLog] [warning] couldn't find transcript named [DQ516748] in transcript <-> gene map; returning transcript as it's own gene
[2021-04-27 20:54:24.416] [jointLog] [warning] couldn't find transcript named [DQ883671] in transcript <-> gene map; returning transcript as it's own gene
[2021-04-27 20:54:24.416] [jointLog] [warning] couldn't find transcript named [DQ516740] in transcript <-> gene map; returning transcript as it's own gene
[2021-04-27 20:54:24.416] [jointLog] [warning] couldn't find transcript named [DQ516785] in transcript <-> gene map; returning transcript as it's own gene
[2021-04-27 20:54:24.416] [jointLog] [warning] couldn't find transcript named [DQ516731] in transcript <-> gene map; returning transcript as it's own gene
[2021-04-27 20:54:24.416] [jointLog] [warning] couldn't find transcript named [DQ668366] in transcript <-> gene map; returning transcript as it's own gene
[2021-04-27 20:54:24.416] [jointLog] [warning] couldn't find transcript named [DQ459418] in transcript <-> gene map; returning transcript as it's own gene
[2021-04-27 20:54:24.416] [jointLog] [warning] couldn't find transcript named [DQ668356] in transcript <-> gene map; returning transcript as it's own gene
[2021-04-27 20:54:24.416] [jointLog] [warning] couldn't find transcript named [DQ516763] in transcript <-> gene map; returning transcript as it's own gene
[2021-04-27 20:54:24.416] [jointLog] [warning] couldn't find transcript named [DQ459426] in transcript <-> gene map; returning transcript as it's own gene
[2021-04-27 20:54:24.416] [jointLog] [warning] couldn't find transcript named [DQ516786] in transcript <-> gene map; returning transcript as it's own gene
[2021-04-27 20:54:24.416] [jointLog] [warning] couldn't find transcript named [DQ883653] in transcript <-> gene map; returning transcript as it's own gene
[2021-04-27 20:54:24.416] [jointLog] [warning] couldn't find transcript named [DQ459421] in transcript <-> gene map; returning transcript as it's own gene
[2021-04-27 20:54:24.416] [jointLog] [warning] couldn't find transcript named [DQ883654] in transcript <-> gene map; returning transcript as it's own gene
[2021-04-27 20:54:24.416] [jointLog] [warning] couldn't find transcript named [DQ668358] in transcript <-> gene map; returning transcript as it's own gene
[2021-04-27 20:54:24.416] [jointLog] [warning] couldn't find transcript named [DQ516754] in transcript <-> gene map; returning transcript as it's own gene
[2021-04-27 20:54:24.416] [jointLog] [warning] couldn't find transcript named [DQ516778] in transcript <-> gene map; returning transcript as it's own gene
[2021-04-27 20:54:24.416] [jointLog] [warning] couldn't find transcript named [DQ883650] in transcript <-> gene map; returning transcript as it's own gene
[2021-04-27 20:54:24.416] [jointLog] [warning] couldn't find transcript named [DQ516742] in transcript <-> gene map; returning transcript as it's own gene
[2021-04-27 20:54:24.416] [jointLog] [warning] couldn't find transcript named [DQ883673] in transcript <-> gene map; returning transcript as it's own gene
[2021-04-27 20:54:24.416] [jointLog] [warning] couldn't find transcript named [DQ883652] in transcript <-> gene map; returning transcript as it's own gene
[2021-04-27 20:54:24.416] [jointLog] [warning] couldn't find transcript named [DQ854991] in transcript <-> gene map; returning transcript as it's own gene
[2021-04-27 20:54:24.416] [jointLog] [warning] couldn't find transcript named [DQ516780] in transcript <-> gene map; returning transcript as it's own gene
[2021-04-27 20:54:24.416] [jointLog] [warning] couldn't find transcript named [DQ883682] in transcript <-> gene map; returning transcript as it's own gene
[2021-04-27 20:54:24.416] [jointLog] [warning] couldn't find transcript named [DQ883669] in transcript <-> gene map; returning transcript as it's own gene
[2021-04-27 20:54:24.416] [jointLog] [warning] couldn't find transcript named [DQ516791] in transcript <-> gene map; returning transcript as it's own gene
[2021-04-27 20:54:24.416] [jointLog] [warning] couldn't find transcript named [DQ459425] in transcript <-> gene map; returning transcript as it's own gene
[2021-04-27 20:54:24.416] [jointLog] [warning] couldn't find transcript named [DQ516759] in transcript <-> gene map; returning transcript as it's own gene
[2021-04-27 20:54:24.416] [jointLog] [warning] couldn't find transcript named [DQ459429] in transcript <-> gene map; returning transcript as it's own gene
[2021-04-27 20:54:24.416] [jointLog] [warning] couldn't find transcript named [DQ516758] in transcript <-> gene map; returning transcript as it's own gene
[2021-04-27 20:54:24.416] [jointLog] [warning] couldn't find transcript named [DQ459415] in transcript <-> gene map; returning transcript as it's own gene
[2021-04-27 20:54:24.416] [jointLog] [warning] couldn't find transcript named [DQ875387] in transcript <-> gene map; returning transcript as it's own gene
[2021-04-27 20:54:24.416] [jointLog] [warning] couldn't find transcript named [DQ516815] in transcript <-> gene map; returning transcript as it's own gene
[2021-04-27 20:54:24.416] [jointLog] [warning] couldn't find transcript named [DQ668365] in transcript <-> gene map; returning transcript as it's own gene
[2021-04-27 20:54:24.416] [jointLog] [warning] couldn't find transcript named [DQ854998] in transcript <-> gene map; returning transcript as it's own gene
[2021-04-27 20:54:24.416] [jointLog] [warning] couldn't find transcript named [DQ883685] in transcript <-> gene map; returning transcript as it's own gene
[2021-04-27 20:54:24.416] [jointLog] [warning] couldn't find transcript named [DQ459422] in transcript <-> gene map; returning transcript as it's own gene
[2021-04-27 20:54:24.416] [jointLog] [warning] couldn't find transcript named [DQ883663] in transcript <-> gene map; returning transcript as it's own gene
[2021-04-27 20:54:24.416] [jointLog] [warning] couldn't find transcript named [DQ668367] in transcript <-> gene map; returning transcript as it's own gene
[2021-04-27 20:54:24.416] [jointLog] [warning] couldn't find transcript named [DQ459412] in transcript <-> gene map; returning transcript as it's own gene
[2021-04-27 20:54:24.416] [jointLog] [warning] couldn't find transcript named [DQ854992] in transcript <-> gene map; returning transcript as it's own gene
[2021-04-27 20:54:24.416] [jointLog] [warning] couldn't find transcript named [DQ516782] in transcript <-> gene map; returning transcript as it's own gene
[2021-04-27 20:54:24.416] [jointLog] [warning] couldn't find transcript named [DQ459427] in transcript <-> gene map; returning transcript as it's own gene
[2021-04-27 20:54:24.416] [jointLog] [warning] couldn't find transcript named [EF011072] in transcript <-> gene map; returning transcript as it's own gene
[2021-04-27 20:54:24.416] [jointLog] [warning] couldn't find transcript named [DQ855003] in transcript <-> gene map; returning transcript as it's own gene
[2021-04-27 20:54:24.416] [jointLog] [warning] couldn't find transcript named [DQ516739] in transcript <-> gene map; returning transcript as it's own gene
[2021-04-27 20:54:24.416] [jointLog] [warning] couldn't find transcript named [EF011063] in transcript <-> gene map; returning transcript as it's own gene
[2021-04-27 20:54:24.416] [jointLog] [warning] couldn't find transcript named [DQ855000] in transcript <-> gene map; returning transcript as it's own gene
[2021-04-27 20:54:24.416] [jointLog] [warning] couldn't find transcript named [DQ516777] in transcript <-> gene map; returning transcript as it's own gene
[2021-04-27 20:54:24.416] [jointLog] [warning] couldn't find transcript named [DQ883646] in transcript <-> gene map; returning transcript as it's own gene
[2021-04-27 20:54:24.416] [jointLog] [warning] couldn't find transcript named [DQ668362] in transcript <-> gene map; returning transcript as it's own gene
[2021-04-27 20:54:24.416] [jointLog] [warning] couldn't find transcript named [DQ854995] in transcript <-> gene map; returning transcript as it's own gene
[2021-04-27 20:54:24.416] [jointLog] [warning] couldn't find transcript named [DQ875386] in transcript <-> gene map; returning transcript as it's own gene
[2021-04-27 20:54:24.416] [jointLog] [warning] couldn't find transcript named [DQ516790] in transcript <-> gene map; returning transcript as it's own gene
[2021-04-27 20:54:24.416] [jointLog] [warning] couldn't find transcript named [DQ883642] in transcript <-> gene map; returning transcript as it's own gene
[2021-04-27 20:54:24.416] [jointLog] [warning] couldn't find transcript named [DQ883659] in transcript <-> gene map; returning transcript as it's own gene
[2021-04-27 20:54:24.416] [jointLog] [warning] couldn't find transcript named [DQ854997] in transcript <-> gene map; returning transcript as it's own gene
[2021-04-27 20:54:24.416] [jointLog] [warning] couldn't find transcript named [DQ883643] in transcript <-> gene map; returning transcript as it's own gene
[2021-04-27 20:54:24.416] [jointLog] [warning] couldn't find transcript named [DQ839618] in transcript <-> gene map; returning transcript as it's own gene
[2021-04-27 20:54:24.416] [jointLog] [warning] couldn't find transcript named [DQ516795] in transcript <-> gene map; returning transcript as it's own gene
[2021-04-27 20:54:24.416] [jointLog] [warning] couldn't find transcript named [DQ883658] in transcript <-> gene map; returning transcript as it's own gene
[2021-04-27 20:54:24.416] [jointLog] [warning] couldn't find transcript named [DQ516750] in transcript <-> gene map; returning transcript as it's own gene
[2021-04-27 20:54:24.416] [jointLog] [warning] couldn't find transcript named [DQ668359] in transcript <-> gene map; returning transcript as it's own gene
[2021-04-27 20:54:24.416] [jointLog] [warning] couldn't find transcript named [DQ516779] in transcript <-> gene map; returning transcript as it's own gene
[2021-04-27 20:54:24.416] [jointLog] [warning] couldn't find transcript named [DQ668363] in transcript <-> gene map; returning transcript as it's own gene
[2021-04-27 20:54:24.416] [jointLog] [warning] couldn't find transcript named [DQ516776] in transcript <-> gene map; returning transcript as it's own gene
[2021-04-27 20:54:24.416] [jointLog] [warning] couldn't find transcript named [DQ516773] in transcript <-> gene map; returning transcript as it's own gene
[2021-04-27 20:54:24.416] [jointLog] [warning] couldn't find transcript named [DQ854994] in transcript <-> gene map; returning transcript as it's own gene
[2021-04-27 20:54:24.417] [jointLog] [info] Aggregating expressions to gene level
[2021-04-27 20:54:24.593] [jointLog] [info] done
