[2021-04-27 21:47:35.299] [jointLog] [info] setting maxHashResizeThreads to 6
[2021-04-27 21:47:35.299] [jointLog] [info] Fragment incompatibility prior below threshold.  Incompatible fragments will be ignored.
[2021-04-27 21:47:35.300] [jointLog] [info] numQuantThreads = 3
[2021-04-27 21:47:39.949] [jointLog] [info] replaced 4 non-ACGT nucleotides with random nucleotides
[2021-04-27 21:47:40.192] [fileLog] [info] quantification processed 0 fragments so far

[2021-04-27 21:47:43.398] [fileLog] [info] quantification processed 1000000 fragments so far

[2021-04-27 21:47:46.652] [fileLog] [info] quantification processed 2000000 fragments so far

[2021-04-27 21:47:47.967] [jointLog] [info] 

The alignment group queue pool has been exhausted.  3620601 extra fragments were allocated on the heap to saturate the pool.  No new fragments will be allocated


[2021-04-27 21:48:00.231] [fileLog] [info] quantification processed 3000000 fragments so far

[2021-04-27 21:48:19.347] [fileLog] [info] quantification processed 4000000 fragments so far

[2021-04-27 21:48:38.265] [fileLog] [info] quantification processed 5000000 fragments so far

[2021-04-27 21:48:56.655] [fileLog] [info] quantification processed 6000000 fragments so far

[2021-04-27 21:49:15.128] [fileLog] [info] quantification processed 7000000 fragments so far

[2021-04-27 21:49:18.863] [fileLog] [info] quantification processed 8000000 fragments so far

[2021-04-27 21:49:22.752] [fileLog] [info] quantification processed 9000000 fragments so far

[2021-04-27 21:49:26.355] [fileLog] [info] quantification processed 10000000 fragments so far

[2021-04-27 21:49:29.835] [fileLog] [info] quantification processed 11000000 fragments so far

[2021-04-27 21:49:33.158] [fileLog] [info] quantification processed 12000000 fragments so far

[2021-04-27 21:49:37.002] [fileLog] [info] quantification processed 13000000 fragments so far

[2021-04-27 21:49:40.955] [fileLog] [info] quantification processed 14000000 fragments so far

[2021-04-27 21:49:44.814] [fileLog] [info] quantification processed 15000000 fragments so far

[2021-04-27 21:49:48.565] [fileLog] [info] quantification processed 16000000 fragments so far

[2021-04-27 21:49:52.370] [fileLog] [info] quantification processed 17000000 fragments so far

[2021-04-27 21:49:56.203] [fileLog] [info] quantification processed 18000000 fragments so far

[2021-04-27 21:49:59.924] [fileLog] [info] quantification processed 19000000 fragments so far

[2021-04-27 21:50:03.632] [fileLog] [info] quantification processed 20000000 fragments so far

[2021-04-27 21:50:07.338] [fileLog] [info] quantification processed 21000000 fragments so far

[2021-04-27 21:50:11.294] [fileLog] [info] quantification processed 22000000 fragments so far

[2021-04-27 21:50:14.850] [fileLog] [info] quantification processed 23000000 fragments so far

[2021-04-27 21:50:18.528] [fileLog] [info] quantification processed 24000000 fragments so far

[2021-04-27 21:50:22.179] [fileLog] [info] quantification processed 25000000 fragments so far

[2021-04-27 21:50:26.390] [fileLog] [info] quantification processed 26000000 fragments so far

[2021-04-27 21:50:30.252] [fileLog] [info] quantification processed 27000000 fragments so far

[2021-04-27 21:50:33.987] [fileLog] [info] quantification processed 28000000 fragments so far

[2021-04-27 21:50:37.800] [fileLog] [info] quantification processed 29000000 fragments so far

[2021-04-27 21:50:41.586] [fileLog] [info] quantification processed 30000000 fragments so far

[2021-04-27 21:50:45.206] [fileLog] [info] quantification processed 31000000 fragments so far

[2021-04-27 21:50:48.601] [fileLog] [info] quantification processed 32000000 fragments so far

[2021-04-27 21:50:52.092] [fileLog] [info] quantification processed 33000000 fragments so far

[2021-04-27 21:50:55.875] [fileLog] [info] quantification processed 34000000 fragments so far

[2021-04-27 21:50:59.624] [fileLog] [info] quantification processed 35000000 fragments so far

[2021-04-27 21:51:03.368] [fileLog] [info] quantification processed 36000000 fragments so far

[2021-04-27 21:51:07.127] [fileLog] [info] quantification processed 37000000 fragments so far

[2021-04-27 21:51:10.832] [fileLog] [info] quantification processed 38000000 fragments so far

[2021-04-27 21:51:14.595] [fileLog] [info] quantification processed 39000000 fragments so far

[2021-04-27 21:51:18.265] [fileLog] [info] quantification processed 40000000 fragments so far

[2021-04-27 21:51:21.973] [fileLog] [info] quantification processed 41000000 fragments so far

[2021-04-27 21:51:25.375] [fileLog] [info] quantification processed 42000000 fragments so far

[2021-04-27 21:51:28.271] [fileLog] [info] quantification processed 42840287 fragments so far

[2021-04-27 21:51:35.177] [jointLog] [info] Thread saw mini-batch with a maximum of 21.80% zero probability fragments
[2021-04-27 21:51:35.180] [jointLog] [info] Thread saw mini-batch with a maximum of 22.40% zero probability fragments
[2021-04-27 21:51:35.183] [jointLog] [info] Thread saw mini-batch with a maximum of 22.00% zero probability fragments
[2021-04-27 21:51:35.184] [jointLog] [info] 


Completed first pass through the alignment file.
Total # of mapped reads : 42840287
# of uniquely mapped reads : 14280419
# ambiguously mapped reads : 28559868



[2021-04-27 21:51:35.334] [jointLog] [info] Computed 209697 rich equivalence classes for further processing
[2021-04-27 21:51:35.334] [jointLog] [info] Counted 42582958 total reads in the equivalence classes 
[2021-04-27 21:51:35.336] [jointLog] [info] starting optimizer
[2021-04-27 21:51:35.442] [jointLog] [info] Marked 0 weighted equivalence classes as degenerate
[2021-04-27 21:51:35.463] [jointLog] [info] iteration = 0 | max rel diff. = 4419.75
[2021-04-27 21:51:37.128] [jointLog] [info] iteration = 100 | max rel diff. = 14.339
[2021-04-27 21:51:38.743] [jointLog] [info] iteration = 200 | max rel diff. = 4.46943
[2021-04-27 21:51:40.363] [jointLog] [info] iteration = 300 | max rel diff. = 16.2804
[2021-04-27 21:51:41.987] [jointLog] [info] iteration = 400 | max rel diff. = 3.20332
[2021-04-27 21:51:43.611] [jointLog] [info] iteration = 500 | max rel diff. = 1.07931
[2021-04-27 21:51:45.237] [jointLog] [info] iteration = 600 | max rel diff. = 1.49352
[2021-04-27 21:51:46.879] [jointLog] [info] iteration = 700 | max rel diff. = 4.30278
[2021-04-27 21:51:48.500] [jointLog] [info] iteration = 800 | max rel diff. = 0.259566
[2021-04-27 21:51:50.094] [jointLog] [info] iteration = 900 | max rel diff. = 0.583666
[2021-04-27 21:51:51.691] [jointLog] [info] iteration = 1000 | max rel diff. = 0.0157025
[2021-04-27 21:51:53.311] [jointLog] [info] iteration = 1100 | max rel diff. = 0.771088
[2021-04-27 21:51:55.050] [jointLog] [info] iteration = 1200 | max rel diff. = 0.102173
[2021-04-27 21:51:56.669] [jointLog] [info] iteration = 1300 | max rel diff. = 0.0203904
[2021-04-27 21:51:58.212] [jointLog] [info] iteration = 1400 | max rel diff. = 4.76752
[2021-04-27 21:51:59.887] [jointLog] [info] iteration = 1500 | max rel diff. = 0.050502
[2021-04-27 21:52:01.601] [jointLog] [info] iteration = 1600 | max rel diff. = 0.21492
[2021-04-27 21:52:03.352] [jointLog] [info] iteration = 1700 | max rel diff. = 0.281686
[2021-04-27 21:52:05.037] [jointLog] [info] iteration = 1800 | max rel diff. = 0.237034
[2021-04-27 21:52:06.711] [jointLog] [info] iteration = 1900 | max rel diff. = 0.199336
[2021-04-27 21:52:06.867] [jointLog] [info] iteration = 1910 | max rel diff. = 0.00535638
[2021-04-27 21:52:06.906] [jointLog] [info] finished optimizer
[2021-04-27 21:52:06.906] [jointLog] [info] writing output
[2021-04-27 21:52:09.337] [jointLog] [info] Computing gene-level abundance estimates
[2021-04-27 21:52:34.810] [jointLog] [warning] Feature has no GFF ID
[2021-04-27 21:52:34.810] [jointLog] [warning] Feature has no GFF ID
[2021-04-27 21:52:34.810] [jointLog] [warning] Feature has no GFF ID
[2021-04-27 21:52:34.810] [jointLog] [warning] Feature has no GFF ID
[2021-04-27 21:52:34.810] [jointLog] [warning] Feature has no GFF ID
[2021-04-27 21:52:34.810] [jointLog] [warning] Feature has no GFF ID
[2021-04-27 21:52:34.810] [jointLog] [warning] Feature has no GFF ID
[2021-04-27 21:52:34.810] [jointLog] [warning] Feature has no GFF ID
[2021-04-27 21:52:34.810] [jointLog] [warning] Feature has no GFF ID
[2021-04-27 21:52:34.810] [jointLog] [warning] Feature has no GFF ID
[2021-04-27 21:52:34.810] [jointLog] [warning] Feature has no GFF ID
[2021-04-27 21:52:34.810] [jointLog] [warning] Feature has no GFF ID
[2021-04-27 21:52:34.810] [jointLog] [warning] Feature has no GFF ID
[2021-04-27 21:52:34.810] [jointLog] [warning] Feature has no GFF ID
[2021-04-27 21:52:34.810] [jointLog] [warning] Feature has no GFF ID
[2021-04-27 21:52:34.810] [jointLog] [warning] Feature has no GFF ID
[2021-04-27 21:52:34.810] [jointLog] [warning] Feature has no GFF ID
[2021-04-27 21:52:34.810] [jointLog] [warning] Feature has no GFF ID
[2021-04-27 21:52:34.810] [jointLog] [warning] Feature has no GFF ID
[2021-04-27 21:52:34.810] [jointLog] [warning] Feature has no GFF ID
[2021-04-27 21:52:34.810] [jointLog] [warning] Feature has no GFF ID
[2021-04-27 21:52:34.810] [jointLog] [warning] Feature has no GFF ID
[2021-04-27 21:52:34.810] [jointLog] [warning] Feature has no GFF ID
[2021-04-27 21:52:34.810] [jointLog] [warning] Feature has no GFF ID
[2021-04-27 21:52:34.810] [jointLog] [warning] Feature has no GFF ID
[2021-04-27 21:52:34.810] [jointLog] [warning] Feature has no GFF ID
[2021-04-27 21:52:34.810] [jointLog] [warning] Feature has no GFF ID
[2021-04-27 21:52:34.810] [jointLog] [warning] Feature has no GFF ID
[2021-04-27 21:52:34.810] [jointLog] [warning] Feature has no GFF ID
[2021-04-27 21:52:34.810] [jointLog] [warning] Feature has no GFF ID
[2021-04-27 21:52:34.810] [jointLog] [warning] Feature has no GFF ID
[2021-04-27 21:52:34.810] [jointLog] [warning] Feature has no GFF ID
[2021-04-27 21:52:34.810] [jointLog] [warning] Feature has no GFF ID
[2021-04-27 21:52:34.810] [jointLog] [warning] Feature has no GFF ID
[2021-04-27 21:52:34.810] [jointLog] [warning] Feature has no GFF ID
[2021-04-27 21:52:34.810] [jointLog] [warning] Feature has no GFF ID
[2021-04-27 21:52:34.810] [jointLog] [warning] Feature has no GFF ID
[2021-04-27 21:52:34.810] [jointLog] [warning] Feature has no GFF ID
[2021-04-27 21:52:34.810] [jointLog] [warning] Feature has no GFF ID
[2021-04-27 21:52:34.810] [jointLog] [warning] Feature has no GFF ID
[2021-04-27 21:52:34.810] [jointLog] [warning] Feature has no GFF ID
[2021-04-27 21:52:34.810] [jointLog] [warning] Feature has no GFF ID
[2021-04-27 21:52:34.810] [jointLog] [warning] Feature has no GFF ID
[2021-04-27 21:52:34.810] [jointLog] [warning] Feature has no GFF ID
[2021-04-27 21:52:34.810] [jointLog] [warning] Feature has no GFF ID
[2021-04-27 21:52:34.810] [jointLog] [warning] Feature has no GFF ID
[2021-04-27 21:52:34.810] [jointLog] [warning] Feature has no GFF ID
[2021-04-27 21:52:34.810] [jointLog] [warning] Feature has no GFF ID
[2021-04-27 21:52:34.810] [jointLog] [warning] Feature has no GFF ID
[2021-04-27 21:52:34.810] [jointLog] [warning] Feature has no GFF ID
[2021-04-27 21:52:34.810] [jointLog] [warning] Feature has no GFF ID
[2021-04-27 21:52:34.810] [jointLog] [warning] Feature has no GFF ID
[2021-04-27 21:52:34.810] [jointLog] [warning] Feature has no GFF ID
[2021-04-27 21:52:34.810] [jointLog] [warning] Feature has no GFF ID
[2021-04-27 21:52:34.810] [jointLog] [warning] Feature has no GFF ID
[2021-04-27 21:52:34.810] [jointLog] [warning] Feature has no GFF ID
[2021-04-27 21:52:34.810] [jointLog] [warning] Feature has no GFF ID
[2021-04-27 21:52:34.810] [jointLog] [warning] Feature has no GFF ID
[2021-04-27 21:52:34.810] [jointLog] [warning] Feature has no GFF ID
[2021-04-27 21:52:34.810] [jointLog] [warning] Feature has no GFF ID
[2021-04-27 21:52:34.810] [jointLog] [warning] Feature has no GFF ID
[2021-04-27 21:52:34.810] [jointLog] [warning] Feature has no GFF ID
[2021-04-27 21:52:34.810] [jointLog] [warning] Feature has no GFF ID
[2021-04-27 21:52:34.810] [jointLog] [warning] Feature has no GFF ID
[2021-04-27 21:52:34.810] [jointLog] [warning] Feature has no GFF ID
[2021-04-27 21:52:34.810] [jointLog] [warning] Feature has no GFF ID
[2021-04-27 21:52:34.810] [jointLog] [warning] Feature has no GFF ID
[2021-04-27 21:52:34.810] [jointLog] [warning] Feature has no GFF ID
[2021-04-27 21:52:34.810] [jointLog] [warning] Feature has no GFF ID
[2021-04-27 21:52:34.810] [jointLog] [warning] Feature has no GFF ID
[2021-04-27 21:52:34.810] [jointLog] [warning] Feature has no GFF ID
[2021-04-27 21:52:34.810] [jointLog] [warning] Feature has no GFF ID
[2021-04-27 21:52:34.810] [jointLog] [warning] Feature has no GFF ID
[2021-04-27 21:52:34.810] [jointLog] [warning] Feature has no GFF ID
[2021-04-27 21:52:34.810] [jointLog] [warning] Feature has no GFF ID
[2021-04-27 21:52:34.810] [jointLog] [warning] Feature has no GFF ID
[2021-04-27 21:52:34.810] [jointLog] [warning] Feature has no GFF ID
[2021-04-27 21:52:34.810] [jointLog] [warning] Feature has no GFF ID
[2021-04-27 21:52:34.810] [jointLog] [warning] Feature has no GFF ID
[2021-04-27 21:52:34.810] [jointLog] [warning] Feature has no GFF ID
[2021-04-27 21:52:34.810] [jointLog] [warning] Feature has no GFF ID
[2021-04-27 21:52:34.810] [jointLog] [warning] Feature has no GFF ID
[2021-04-27 21:52:34.810] [jointLog] [warning] Feature has no GFF ID
[2021-04-27 21:52:34.810] [jointLog] [warning] Feature has no GFF ID
[2021-04-27 21:52:34.810] [jointLog] [warning] Feature has no GFF ID
[2021-04-27 21:52:34.810] [jointLog] [warning] Feature has no GFF ID
[2021-04-27 21:52:34.810] [jointLog] [warning] Feature has no GFF ID
[2021-04-27 21:52:34.810] [jointLog] [warning] Feature has no GFF ID
[2021-04-27 21:52:34.810] [jointLog] [warning] Feature has no GFF ID
[2021-04-27 21:52:34.810] [jointLog] [warning] Feature has no GFF ID
[2021-04-27 21:52:34.810] [jointLog] [warning] Feature has no GFF ID
[2021-04-27 21:52:34.810] [jointLog] [warning] Feature has no GFF ID
[2021-04-27 21:52:35.090] [jointLog] [info] There were 142604 transcripts mapping to 55401 genes
[2021-04-27 21:52:35.090] [jointLog] [info] NOTE: We recommend using tximport (https://bioconductor.org/packages/release/bioc/html/tximport.html) for aggregating transcript-level salmon abundance estimates to the gene level.  It is more versatile, exposes more features, and allows considering multi-sample information during aggregation.
[2021-04-27 21:52:35.311] [jointLog] [warning] couldn't find transcript named [DQ459430] in transcript <-> gene map; returning transcript as it's own gene
[2021-04-27 21:52:35.311] [jointLog] [warning] couldn't find transcript named [DQ516784] in transcript <-> gene map; returning transcript as it's own gene
[2021-04-27 21:52:35.311] [jointLog] [warning] couldn't find transcript named [DQ516752] in transcript <-> gene map; returning transcript as it's own gene
[2021-04-27 21:52:35.311] [jointLog] [warning] couldn't find transcript named [DQ668364] in transcript <-> gene map; returning transcript as it's own gene
[2021-04-27 21:52:35.311] [jointLog] [warning] couldn't find transcript named [DQ883670] in transcript <-> gene map; returning transcript as it's own gene
[2021-04-27 21:52:35.311] [jointLog] [warning] couldn't find transcript named [EF011062] in transcript <-> gene map; returning transcript as it's own gene
[2021-04-27 21:52:35.311] [jointLog] [warning] couldn't find transcript named [DQ875385] in transcript <-> gene map; returning transcript as it's own gene
[2021-04-27 21:52:35.311] [jointLog] [warning] couldn't find transcript named [DQ883664] in transcript <-> gene map; returning transcript as it's own gene
[2021-04-27 21:52:35.311] [jointLog] [warning] couldn't find transcript named [DQ459420] in transcript <-> gene map; returning transcript as it's own gene
[2021-04-27 21:52:35.311] [jointLog] [warning] couldn't find transcript named [DQ883651] in transcript <-> gene map; returning transcript as it's own gene
[2021-04-27 21:52:35.311] [jointLog] [warning] couldn't find transcript named [DQ855004] in transcript <-> gene map; returning transcript as it's own gene
[2021-04-27 21:52:35.311] [jointLog] [warning] couldn't find transcript named [DQ854993] in transcript <-> gene map; returning transcript as it's own gene
[2021-04-27 21:52:35.311] [jointLog] [warning] couldn't find transcript named [DQ883689] in transcript <-> gene map; returning transcript as it's own gene
[2021-04-27 21:52:35.311] [jointLog] [warning] couldn't find transcript named [DQ459419] in transcript <-> gene map; returning transcript as it's own gene
[2021-04-27 21:52:35.311] [jointLog] [warning] couldn't find transcript named [DQ459431] in transcript <-> gene map; returning transcript as it's own gene
[2021-04-27 21:52:35.311] [jointLog] [warning] couldn't find transcript named [DQ516796] in transcript <-> gene map; returning transcript as it's own gene
[2021-04-27 21:52:35.311] [jointLog] [warning] couldn't find transcript named [DQ855001] in transcript <-> gene map; returning transcript as it's own gene
[2021-04-27 21:52:35.311] [jointLog] [warning] couldn't find transcript named [DQ459413] in transcript <-> gene map; returning transcript as it's own gene
[2021-04-27 21:52:35.311] [jointLog] [warning] couldn't find transcript named [DQ883656] in transcript <-> gene map; returning transcript as it's own gene
[2021-04-27 21:52:35.311] [jointLog] [warning] couldn't find transcript named [DQ883661] in transcript <-> gene map; returning transcript as it's own gene
[2021-04-27 21:52:35.311] [jointLog] [warning] couldn't find transcript named [EF011069] in transcript <-> gene map; returning transcript as it's own gene
[2021-04-27 21:52:35.311] [jointLog] [warning] couldn't find transcript named [DQ516783] in transcript <-> gene map; returning transcript as it's own gene
[2021-04-27 21:52:35.311] [jointLog] [warning] couldn't find transcript named [DQ516787] in transcript <-> gene map; returning transcript as it's own gene
[2021-04-27 21:52:35.311] [jointLog] [warning] couldn't find transcript named [DQ459424] in transcript <-> gene map; returning transcript as it's own gene
[2021-04-27 21:52:35.311] [jointLog] [warning] couldn't find transcript named [DQ516748] in transcript <-> gene map; returning transcript as it's own gene
[2021-04-27 21:52:35.311] [jointLog] [warning] couldn't find transcript named [DQ883671] in transcript <-> gene map; returning transcript as it's own gene
[2021-04-27 21:52:35.311] [jointLog] [warning] couldn't find transcript named [DQ516740] in transcript <-> gene map; returning transcript as it's own gene
[2021-04-27 21:52:35.311] [jointLog] [warning] couldn't find transcript named [DQ516785] in transcript <-> gene map; returning transcript as it's own gene
[2021-04-27 21:52:35.311] [jointLog] [warning] couldn't find transcript named [DQ516731] in transcript <-> gene map; returning transcript as it's own gene
[2021-04-27 21:52:35.311] [jointLog] [warning] couldn't find transcript named [DQ668366] in transcript <-> gene map; returning transcript as it's own gene
[2021-04-27 21:52:35.311] [jointLog] [warning] couldn't find transcript named [DQ459418] in transcript <-> gene map; returning transcript as it's own gene
[2021-04-27 21:52:35.311] [jointLog] [warning] couldn't find transcript named [DQ668356] in transcript <-> gene map; returning transcript as it's own gene
[2021-04-27 21:52:35.311] [jointLog] [warning] couldn't find transcript named [DQ516763] in transcript <-> gene map; returning transcript as it's own gene
[2021-04-27 21:52:35.311] [jointLog] [warning] couldn't find transcript named [DQ459426] in transcript <-> gene map; returning transcript as it's own gene
[2021-04-27 21:52:35.311] [jointLog] [warning] couldn't find transcript named [DQ516786] in transcript <-> gene map; returning transcript as it's own gene
[2021-04-27 21:52:35.311] [jointLog] [warning] couldn't find transcript named [DQ883653] in transcript <-> gene map; returning transcript as it's own gene
[2021-04-27 21:52:35.311] [jointLog] [warning] couldn't find transcript named [DQ459421] in transcript <-> gene map; returning transcript as it's own gene
[2021-04-27 21:52:35.311] [jointLog] [warning] couldn't find transcript named [DQ883654] in transcript <-> gene map; returning transcript as it's own gene
[2021-04-27 21:52:35.311] [jointLog] [warning] couldn't find transcript named [DQ668358] in transcript <-> gene map; returning transcript as it's own gene
[2021-04-27 21:52:35.311] [jointLog] [warning] couldn't find transcript named [DQ516754] in transcript <-> gene map; returning transcript as it's own gene
[2021-04-27 21:52:35.311] [jointLog] [warning] couldn't find transcript named [DQ516778] in transcript <-> gene map; returning transcript as it's own gene
[2021-04-27 21:52:35.311] [jointLog] [warning] couldn't find transcript named [DQ883650] in transcript <-> gene map; returning transcript as it's own gene
[2021-04-27 21:52:35.311] [jointLog] [warning] couldn't find transcript named [DQ516742] in transcript <-> gene map; returning transcript as it's own gene
[2021-04-27 21:52:35.311] [jointLog] [warning] couldn't find transcript named [DQ883673] in transcript <-> gene map; returning transcript as it's own gene
[2021-04-27 21:52:35.311] [jointLog] [warning] couldn't find transcript named [DQ883652] in transcript <-> gene map; returning transcript as it's own gene
[2021-04-27 21:52:35.311] [jointLog] [warning] couldn't find transcript named [DQ854991] in transcript <-> gene map; returning transcript as it's own gene
[2021-04-27 21:52:35.311] [jointLog] [warning] couldn't find transcript named [DQ516780] in transcript <-> gene map; returning transcript as it's own gene
[2021-04-27 21:52:35.311] [jointLog] [warning] couldn't find transcript named [DQ883682] in transcript <-> gene map; returning transcript as it's own gene
[2021-04-27 21:52:35.311] [jointLog] [warning] couldn't find transcript named [DQ883669] in transcript <-> gene map; returning transcript as it's own gene
[2021-04-27 21:52:35.311] [jointLog] [warning] couldn't find transcript named [DQ516791] in transcript <-> gene map; returning transcript as it's own gene
[2021-04-27 21:52:35.311] [jointLog] [warning] couldn't find transcript named [DQ459425] in transcript <-> gene map; returning transcript as it's own gene
[2021-04-27 21:52:35.311] [jointLog] [warning] couldn't find transcript named [DQ516759] in transcript <-> gene map; returning transcript as it's own gene
[2021-04-27 21:52:35.311] [jointLog] [warning] couldn't find transcript named [DQ459429] in transcript <-> gene map; returning transcript as it's own gene
[2021-04-27 21:52:35.311] [jointLog] [warning] couldn't find transcript named [DQ516758] in transcript <-> gene map; returning transcript as it's own gene
[2021-04-27 21:52:35.311] [jointLog] [warning] couldn't find transcript named [DQ459415] in transcript <-> gene map; returning transcript as it's own gene
[2021-04-27 21:52:35.311] [jointLog] [warning] couldn't find transcript named [DQ875387] in transcript <-> gene map; returning transcript as it's own gene
[2021-04-27 21:52:35.311] [jointLog] [warning] couldn't find transcript named [DQ516815] in transcript <-> gene map; returning transcript as it's own gene
[2021-04-27 21:52:35.311] [jointLog] [warning] couldn't find transcript named [DQ668365] in transcript <-> gene map; returning transcript as it's own gene
[2021-04-27 21:52:35.311] [jointLog] [warning] couldn't find transcript named [DQ854998] in transcript <-> gene map; returning transcript as it's own gene
[2021-04-27 21:52:35.311] [jointLog] [warning] couldn't find transcript named [DQ883685] in transcript <-> gene map; returning transcript as it's own gene
[2021-04-27 21:52:35.311] [jointLog] [warning] couldn't find transcript named [DQ459422] in transcript <-> gene map; returning transcript as it's own gene
[2021-04-27 21:52:35.311] [jointLog] [warning] couldn't find transcript named [DQ883663] in transcript <-> gene map; returning transcript as it's own gene
[2021-04-27 21:52:35.311] [jointLog] [warning] couldn't find transcript named [DQ668367] in transcript <-> gene map; returning transcript as it's own gene
[2021-04-27 21:52:35.311] [jointLog] [warning] couldn't find transcript named [DQ459412] in transcript <-> gene map; returning transcript as it's own gene
[2021-04-27 21:52:35.311] [jointLog] [warning] couldn't find transcript named [DQ854992] in transcript <-> gene map; returning transcript as it's own gene
[2021-04-27 21:52:35.311] [jointLog] [warning] couldn't find transcript named [DQ516782] in transcript <-> gene map; returning transcript as it's own gene
[2021-04-27 21:52:35.311] [jointLog] [warning] couldn't find transcript named [DQ459427] in transcript <-> gene map; returning transcript as it's own gene
[2021-04-27 21:52:35.311] [jointLog] [warning] couldn't find transcript named [EF011072] in transcript <-> gene map; returning transcript as it's own gene
[2021-04-27 21:52:35.311] [jointLog] [warning] couldn't find transcript named [DQ855003] in transcript <-> gene map; returning transcript as it's own gene
[2021-04-27 21:52:35.311] [jointLog] [warning] couldn't find transcript named [DQ516739] in transcript <-> gene map; returning transcript as it's own gene
[2021-04-27 21:52:35.311] [jointLog] [warning] couldn't find transcript named [EF011063] in transcript <-> gene map; returning transcript as it's own gene
[2021-04-27 21:52:35.311] [jointLog] [warning] couldn't find transcript named [DQ855000] in transcript <-> gene map; returning transcript as it's own gene
[2021-04-27 21:52:35.311] [jointLog] [warning] couldn't find transcript named [DQ516777] in transcript <-> gene map; returning transcript as it's own gene
[2021-04-27 21:52:35.311] [jointLog] [warning] couldn't find transcript named [DQ883646] in transcript <-> gene map; returning transcript as it's own gene
[2021-04-27 21:52:35.311] [jointLog] [warning] couldn't find transcript named [DQ668362] in transcript <-> gene map; returning transcript as it's own gene
[2021-04-27 21:52:35.311] [jointLog] [warning] couldn't find transcript named [DQ854995] in transcript <-> gene map; returning transcript as it's own gene
[2021-04-27 21:52:35.311] [jointLog] [warning] couldn't find transcript named [DQ875386] in transcript <-> gene map; returning transcript as it's own gene
[2021-04-27 21:52:35.311] [jointLog] [warning] couldn't find transcript named [DQ516790] in transcript <-> gene map; returning transcript as it's own gene
[2021-04-27 21:52:35.311] [jointLog] [warning] couldn't find transcript named [DQ883642] in transcript <-> gene map; returning transcript as it's own gene
[2021-04-27 21:52:35.311] [jointLog] [warning] couldn't find transcript named [DQ883659] in transcript <-> gene map; returning transcript as it's own gene
[2021-04-27 21:52:35.311] [jointLog] [warning] couldn't find transcript named [DQ854997] in transcript <-> gene map; returning transcript as it's own gene
[2021-04-27 21:52:35.311] [jointLog] [warning] couldn't find transcript named [DQ883643] in transcript <-> gene map; returning transcript as it's own gene
[2021-04-27 21:52:35.311] [jointLog] [warning] couldn't find transcript named [DQ839618] in transcript <-> gene map; returning transcript as it's own gene
[2021-04-27 21:52:35.311] [jointLog] [warning] couldn't find transcript named [DQ516795] in transcript <-> gene map; returning transcript as it's own gene
[2021-04-27 21:52:35.311] [jointLog] [warning] couldn't find transcript named [DQ883658] in transcript <-> gene map; returning transcript as it's own gene
[2021-04-27 21:52:35.311] [jointLog] [warning] couldn't find transcript named [DQ516750] in transcript <-> gene map; returning transcript as it's own gene
[2021-04-27 21:52:35.311] [jointLog] [warning] couldn't find transcript named [DQ668359] in transcript <-> gene map; returning transcript as it's own gene
[2021-04-27 21:52:35.311] [jointLog] [warning] couldn't find transcript named [DQ516779] in transcript <-> gene map; returning transcript as it's own gene
[2021-04-27 21:52:35.311] [jointLog] [warning] couldn't find transcript named [DQ668363] in transcript <-> gene map; returning transcript as it's own gene
[2021-04-27 21:52:35.311] [jointLog] [warning] couldn't find transcript named [DQ516776] in transcript <-> gene map; returning transcript as it's own gene
[2021-04-27 21:52:35.311] [jointLog] [warning] couldn't find transcript named [DQ516773] in transcript <-> gene map; returning transcript as it's own gene
[2021-04-27 21:52:35.311] [jointLog] [warning] couldn't find transcript named [DQ854994] in transcript <-> gene map; returning transcript as it's own gene
[2021-04-27 21:52:35.311] [jointLog] [info] Aggregating expressions to gene level
[2021-04-27 21:52:35.445] [jointLog] [info] done
