[2021-05-20 19:09:51.820] [jointLog] [info] setting maxHashResizeThreads to 6
[2021-05-20 19:09:51.820] [jointLog] [info] Fragment incompatibility prior below threshold.  Incompatible fragments will be ignored.
[2021-05-20 19:09:51.822] [jointLog] [info] numQuantThreads = 3
[2021-05-20 19:09:54.811] [jointLog] [info] replaced 4 non-ACGT nucleotides with random nucleotides
[2021-05-20 19:09:55.145] [fileLog] [info] quantification processed 0 fragments so far

[2021-05-20 19:09:59.973] [fileLog] [info] quantification processed 1000000 fragments so far

[2021-05-20 19:10:04.038] [fileLog] [info] quantification processed 2000000 fragments so far

[2021-05-20 19:10:07.701] [jointLog] [info] 

The alignment group queue pool has been exhausted.  3245506 extra fragments were allocated on the heap to saturate the pool.  No new fragments will be allocated


[2021-05-20 19:10:12.734] [fileLog] [info] quantification processed 3000000 fragments so far

[2021-05-20 19:10:30.216] [fileLog] [info] quantification processed 4000000 fragments so far

[2021-05-20 19:10:47.179] [fileLog] [info] quantification processed 5000000 fragments so far

[2021-05-20 19:11:04.278] [fileLog] [info] quantification processed 6000000 fragments so far

[2021-05-20 19:11:21.810] [fileLog] [info] quantification processed 7000000 fragments so far

[2021-05-20 19:11:26.209] [fileLog] [info] quantification processed 8000000 fragments so far

[2021-05-20 19:11:30.578] [fileLog] [info] quantification processed 9000000 fragments so far

[2021-05-20 19:11:35.009] [fileLog] [info] quantification processed 10000000 fragments so far

[2021-05-20 19:11:39.501] [fileLog] [info] quantification processed 11000000 fragments so far

[2021-05-20 19:11:43.915] [fileLog] [info] quantification processed 12000000 fragments so far

[2021-05-20 19:11:48.529] [fileLog] [info] quantification processed 13000000 fragments so far

[2021-05-20 19:11:53.076] [fileLog] [info] quantification processed 14000000 fragments so far

[2021-05-20 19:11:57.584] [fileLog] [info] quantification processed 15000000 fragments so far

[2021-05-20 19:12:01.902] [fileLog] [info] quantification processed 16000000 fragments so far

[2021-05-20 19:12:06.301] [fileLog] [info] quantification processed 17000000 fragments so far

[2021-05-20 19:12:10.789] [fileLog] [info] quantification processed 18000000 fragments so far

[2021-05-20 19:12:15.453] [fileLog] [info] quantification processed 19000000 fragments so far

[2021-05-20 19:12:19.987] [fileLog] [info] quantification processed 20000000 fragments so far

[2021-05-20 19:12:24.370] [fileLog] [info] quantification processed 21000000 fragments so far

[2021-05-20 19:12:28.902] [fileLog] [info] quantification processed 22000000 fragments so far

[2021-05-20 19:12:33.485] [fileLog] [info] quantification processed 23000000 fragments so far

[2021-05-20 19:12:38.156] [fileLog] [info] quantification processed 24000000 fragments so far

[2021-05-20 19:12:42.712] [fileLog] [info] quantification processed 25000000 fragments so far

[2021-05-20 19:12:47.052] [fileLog] [info] quantification processed 26000000 fragments so far

[2021-05-20 19:12:51.474] [fileLog] [info] quantification processed 27000000 fragments so far

[2021-05-20 19:12:55.965] [fileLog] [info] quantification processed 28000000 fragments so far

[2021-05-20 19:13:00.473] [fileLog] [info] quantification processed 29000000 fragments so far

[2021-05-20 19:13:04.848] [fileLog] [info] quantification processed 30000000 fragments so far

[2021-05-20 19:13:08.385] [fileLog] [info] quantification processed 30771549 fragments so far

[2021-05-20 19:13:16.857] [jointLog] [info] Thread saw mini-batch with a maximum of 1.60% zero probability fragments
[2021-05-20 19:13:16.860] [jointLog] [info] Thread saw mini-batch with a maximum of 2.50% zero probability fragments
[2021-05-20 19:13:16.861] [jointLog] [info] Thread saw mini-batch with a maximum of 2.10% zero probability fragments
[2021-05-20 19:13:16.862] [jointLog] [info] 


Completed first pass through the alignment file.
Total # of mapped reads : 30771549
# of uniquely mapped reads : 11324530
# ambiguously mapped reads : 19447019



[2021-05-20 19:13:17.089] [jointLog] [info] Computed 247323 rich equivalence classes for further processing
[2021-05-20 19:13:17.089] [jointLog] [info] Counted 30621674 total reads in the equivalence classes 
[2021-05-20 19:13:17.091] [jointLog] [info] starting optimizer
[2021-05-20 19:13:17.218] [jointLog] [info] Marked 0 weighted equivalence classes as degenerate
[2021-05-20 19:13:17.238] [jointLog] [info] iteration = 0 | max rel diff. = 7731.4
[2021-05-20 19:13:18.998] [jointLog] [info] iteration = 100 | max rel diff. = 14.6864
[2021-05-20 19:13:20.743] [jointLog] [info] iteration = 200 | max rel diff. = 14.6016
[2021-05-20 19:13:22.568] [jointLog] [info] iteration = 300 | max rel diff. = 10.855
[2021-05-20 19:13:24.347] [jointLog] [info] iteration = 400 | max rel diff. = 1.21299
[2021-05-20 19:13:26.091] [jointLog] [info] iteration = 500 | max rel diff. = 0.852374
[2021-05-20 19:13:27.838] [jointLog] [info] iteration = 600 | max rel diff. = 1.3876
[2021-05-20 19:13:29.563] [jointLog] [info] iteration = 700 | max rel diff. = 0.905864
[2021-05-20 19:13:31.367] [jointLog] [info] iteration = 800 | max rel diff. = 0.178386
[2021-05-20 19:13:33.158] [jointLog] [info] iteration = 900 | max rel diff. = 0.0435378
[2021-05-20 19:13:34.866] [jointLog] [info] iteration = 1000 | max rel diff. = 0.107948
[2021-05-20 19:13:36.599] [jointLog] [info] iteration = 1100 | max rel diff. = 0.120979
[2021-05-20 19:13:38.384] [jointLog] [info] iteration = 1200 | max rel diff. = 0.0325305
[2021-05-20 19:13:40.161] [jointLog] [info] iteration = 1300 | max rel diff. = 0.0164203
[2021-05-20 19:13:41.907] [jointLog] [info] iteration = 1400 | max rel diff. = 0.0287451
[2021-05-20 19:13:43.690] [jointLog] [info] iteration = 1500 | max rel diff. = 1.06259
[2021-05-20 19:13:45.377] [jointLog] [info] iteration = 1600 | max rel diff. = 7.42786
[2021-05-20 19:13:47.052] [jointLog] [info] iteration = 1700 | max rel diff. = 0.040272
[2021-05-20 19:13:48.774] [jointLog] [info] iteration = 1800 | max rel diff. = 0.0704944
[2021-05-20 19:13:50.509] [jointLog] [info] iteration = 1900 | max rel diff. = 0.127267
[2021-05-20 19:13:50.658] [jointLog] [info] iteration = 1910 | max rel diff. = 0.00913252
[2021-05-20 19:13:50.692] [jointLog] [info] finished optimizer
[2021-05-20 19:13:50.692] [jointLog] [info] writing output
[2021-05-20 19:13:52.783] [jointLog] [info] Computing gene-level abundance estimates
[2021-05-20 19:14:25.047] [jointLog] [warning] Feature has no GFF ID
[2021-05-20 19:14:25.047] [jointLog] [warning] Feature has no GFF ID
[2021-05-20 19:14:25.047] [jointLog] [warning] Feature has no GFF ID
[2021-05-20 19:14:25.047] [jointLog] [warning] Feature has no GFF ID
[2021-05-20 19:14:25.047] [jointLog] [warning] Feature has no GFF ID
[2021-05-20 19:14:25.047] [jointLog] [warning] Feature has no GFF ID
[2021-05-20 19:14:25.047] [jointLog] [warning] Feature has no GFF ID
[2021-05-20 19:14:25.047] [jointLog] [warning] Feature has no GFF ID
[2021-05-20 19:14:25.047] [jointLog] [warning] Feature has no GFF ID
[2021-05-20 19:14:25.047] [jointLog] [warning] Feature has no GFF ID
[2021-05-20 19:14:25.047] [jointLog] [warning] Feature has no GFF ID
[2021-05-20 19:14:25.047] [jointLog] [warning] Feature has no GFF ID
[2021-05-20 19:14:25.047] [jointLog] [warning] Feature has no GFF ID
[2021-05-20 19:14:25.047] [jointLog] [warning] Feature has no GFF ID
[2021-05-20 19:14:25.047] [jointLog] [warning] Feature has no GFF ID
[2021-05-20 19:14:25.047] [jointLog] [warning] Feature has no GFF ID
[2021-05-20 19:14:25.047] [jointLog] [warning] Feature has no GFF ID
[2021-05-20 19:14:25.047] [jointLog] [warning] Feature has no GFF ID
[2021-05-20 19:14:25.047] [jointLog] [warning] Feature has no GFF ID
[2021-05-20 19:14:25.047] [jointLog] [warning] Feature has no GFF ID
[2021-05-20 19:14:25.047] [jointLog] [warning] Feature has no GFF ID
[2021-05-20 19:14:25.047] [jointLog] [warning] Feature has no GFF ID
[2021-05-20 19:14:25.047] [jointLog] [warning] Feature has no GFF ID
[2021-05-20 19:14:25.047] [jointLog] [warning] Feature has no GFF ID
[2021-05-20 19:14:25.047] [jointLog] [warning] Feature has no GFF ID
[2021-05-20 19:14:25.047] [jointLog] [warning] Feature has no GFF ID
[2021-05-20 19:14:25.047] [jointLog] [warning] Feature has no GFF ID
[2021-05-20 19:14:25.047] [jointLog] [warning] Feature has no GFF ID
[2021-05-20 19:14:25.047] [jointLog] [warning] Feature has no GFF ID
[2021-05-20 19:14:25.047] [jointLog] [warning] Feature has no GFF ID
[2021-05-20 19:14:25.047] [jointLog] [warning] Feature has no GFF ID
[2021-05-20 19:14:25.047] [jointLog] [warning] Feature has no GFF ID
[2021-05-20 19:14:25.047] [jointLog] [warning] Feature has no GFF ID
[2021-05-20 19:14:25.047] [jointLog] [warning] Feature has no GFF ID
[2021-05-20 19:14:25.047] [jointLog] [warning] Feature has no GFF ID
[2021-05-20 19:14:25.047] [jointLog] [warning] Feature has no GFF ID
[2021-05-20 19:14:25.047] [jointLog] [warning] Feature has no GFF ID
[2021-05-20 19:14:25.047] [jointLog] [warning] Feature has no GFF ID
[2021-05-20 19:14:25.047] [jointLog] [warning] Feature has no GFF ID
[2021-05-20 19:14:25.047] [jointLog] [warning] Feature has no GFF ID
[2021-05-20 19:14:25.047] [jointLog] [warning] Feature has no GFF ID
[2021-05-20 19:14:25.047] [jointLog] [warning] Feature has no GFF ID
[2021-05-20 19:14:25.047] [jointLog] [warning] Feature has no GFF ID
[2021-05-20 19:14:25.047] [jointLog] [warning] Feature has no GFF ID
[2021-05-20 19:14:25.047] [jointLog] [warning] Feature has no GFF ID
[2021-05-20 19:14:25.047] [jointLog] [warning] Feature has no GFF ID
[2021-05-20 19:14:25.047] [jointLog] [warning] Feature has no GFF ID
[2021-05-20 19:14:25.047] [jointLog] [warning] Feature has no GFF ID
[2021-05-20 19:14:25.047] [jointLog] [warning] Feature has no GFF ID
[2021-05-20 19:14:25.047] [jointLog] [warning] Feature has no GFF ID
[2021-05-20 19:14:25.047] [jointLog] [warning] Feature has no GFF ID
[2021-05-20 19:14:25.047] [jointLog] [warning] Feature has no GFF ID
[2021-05-20 19:14:25.047] [jointLog] [warning] Feature has no GFF ID
[2021-05-20 19:14:25.047] [jointLog] [warning] Feature has no GFF ID
[2021-05-20 19:14:25.047] [jointLog] [warning] Feature has no GFF ID
[2021-05-20 19:14:25.047] [jointLog] [warning] Feature has no GFF ID
[2021-05-20 19:14:25.047] [jointLog] [warning] Feature has no GFF ID
[2021-05-20 19:14:25.047] [jointLog] [warning] Feature has no GFF ID
[2021-05-20 19:14:25.047] [jointLog] [warning] Feature has no GFF ID
[2021-05-20 19:14:25.047] [jointLog] [warning] Feature has no GFF ID
[2021-05-20 19:14:25.047] [jointLog] [warning] Feature has no GFF ID
[2021-05-20 19:14:25.047] [jointLog] [warning] Feature has no GFF ID
[2021-05-20 19:14:25.047] [jointLog] [warning] Feature has no GFF ID
[2021-05-20 19:14:25.047] [jointLog] [warning] Feature has no GFF ID
[2021-05-20 19:14:25.047] [jointLog] [warning] Feature has no GFF ID
[2021-05-20 19:14:25.047] [jointLog] [warning] Feature has no GFF ID
[2021-05-20 19:14:25.047] [jointLog] [warning] Feature has no GFF ID
[2021-05-20 19:14:25.047] [jointLog] [warning] Feature has no GFF ID
[2021-05-20 19:14:25.047] [jointLog] [warning] Feature has no GFF ID
[2021-05-20 19:14:25.047] [jointLog] [warning] Feature has no GFF ID
[2021-05-20 19:14:25.047] [jointLog] [warning] Feature has no GFF ID
[2021-05-20 19:14:25.047] [jointLog] [warning] Feature has no GFF ID
[2021-05-20 19:14:25.047] [jointLog] [warning] Feature has no GFF ID
[2021-05-20 19:14:25.047] [jointLog] [warning] Feature has no GFF ID
[2021-05-20 19:14:25.047] [jointLog] [warning] Feature has no GFF ID
[2021-05-20 19:14:25.047] [jointLog] [warning] Feature has no GFF ID
[2021-05-20 19:14:25.047] [jointLog] [warning] Feature has no GFF ID
[2021-05-20 19:14:25.047] [jointLog] [warning] Feature has no GFF ID
[2021-05-20 19:14:25.047] [jointLog] [warning] Feature has no GFF ID
[2021-05-20 19:14:25.047] [jointLog] [warning] Feature has no GFF ID
[2021-05-20 19:14:25.047] [jointLog] [warning] Feature has no GFF ID
[2021-05-20 19:14:25.047] [jointLog] [warning] Feature has no GFF ID
[2021-05-20 19:14:25.047] [jointLog] [warning] Feature has no GFF ID
[2021-05-20 19:14:25.047] [jointLog] [warning] Feature has no GFF ID
[2021-05-20 19:14:25.047] [jointLog] [warning] Feature has no GFF ID
[2021-05-20 19:14:25.047] [jointLog] [warning] Feature has no GFF ID
[2021-05-20 19:14:25.047] [jointLog] [warning] Feature has no GFF ID
[2021-05-20 19:14:25.047] [jointLog] [warning] Feature has no GFF ID
[2021-05-20 19:14:25.047] [jointLog] [warning] Feature has no GFF ID
[2021-05-20 19:14:25.047] [jointLog] [warning] Feature has no GFF ID
[2021-05-20 19:14:25.047] [jointLog] [warning] Feature has no GFF ID
[2021-05-20 19:14:25.047] [jointLog] [warning] Feature has no GFF ID
[2021-05-20 19:14:25.432] [jointLog] [info] There were 142604 transcripts mapping to 55401 genes
[2021-05-20 19:14:25.432] [jointLog] [info] NOTE: We recommend using tximport (https://bioconductor.org/packages/release/bioc/html/tximport.html) for aggregating transcript-level salmon abundance estimates to the gene level.  It is more versatile, exposes more features, and allows considering multi-sample information during aggregation.
[2021-05-20 19:14:25.777] [jointLog] [warning] couldn't find transcript named [DQ459430] in transcript <-> gene map; returning transcript as it's own gene
[2021-05-20 19:14:25.777] [jointLog] [warning] couldn't find transcript named [DQ516784] in transcript <-> gene map; returning transcript as it's own gene
[2021-05-20 19:14:25.777] [jointLog] [warning] couldn't find transcript named [DQ516752] in transcript <-> gene map; returning transcript as it's own gene
[2021-05-20 19:14:25.777] [jointLog] [warning] couldn't find transcript named [DQ668364] in transcript <-> gene map; returning transcript as it's own gene
[2021-05-20 19:14:25.777] [jointLog] [warning] couldn't find transcript named [DQ883670] in transcript <-> gene map; returning transcript as it's own gene
[2021-05-20 19:14:25.777] [jointLog] [warning] couldn't find transcript named [EF011062] in transcript <-> gene map; returning transcript as it's own gene
[2021-05-20 19:14:25.777] [jointLog] [warning] couldn't find transcript named [DQ875385] in transcript <-> gene map; returning transcript as it's own gene
[2021-05-20 19:14:25.777] [jointLog] [warning] couldn't find transcript named [DQ883664] in transcript <-> gene map; returning transcript as it's own gene
[2021-05-20 19:14:25.777] [jointLog] [warning] couldn't find transcript named [DQ459420] in transcript <-> gene map; returning transcript as it's own gene
[2021-05-20 19:14:25.777] [jointLog] [warning] couldn't find transcript named [DQ883651] in transcript <-> gene map; returning transcript as it's own gene
[2021-05-20 19:14:25.777] [jointLog] [warning] couldn't find transcript named [DQ855004] in transcript <-> gene map; returning transcript as it's own gene
[2021-05-20 19:14:25.777] [jointLog] [warning] couldn't find transcript named [DQ854993] in transcript <-> gene map; returning transcript as it's own gene
[2021-05-20 19:14:25.777] [jointLog] [warning] couldn't find transcript named [DQ883689] in transcript <-> gene map; returning transcript as it's own gene
[2021-05-20 19:14:25.777] [jointLog] [warning] couldn't find transcript named [DQ459419] in transcript <-> gene map; returning transcript as it's own gene
[2021-05-20 19:14:25.777] [jointLog] [warning] couldn't find transcript named [DQ459431] in transcript <-> gene map; returning transcript as it's own gene
[2021-05-20 19:14:25.777] [jointLog] [warning] couldn't find transcript named [DQ516796] in transcript <-> gene map; returning transcript as it's own gene
[2021-05-20 19:14:25.777] [jointLog] [warning] couldn't find transcript named [DQ855001] in transcript <-> gene map; returning transcript as it's own gene
[2021-05-20 19:14:25.777] [jointLog] [warning] couldn't find transcript named [DQ459413] in transcript <-> gene map; returning transcript as it's own gene
[2021-05-20 19:14:25.777] [jointLog] [warning] couldn't find transcript named [DQ883656] in transcript <-> gene map; returning transcript as it's own gene
[2021-05-20 19:14:25.777] [jointLog] [warning] couldn't find transcript named [DQ883661] in transcript <-> gene map; returning transcript as it's own gene
[2021-05-20 19:14:25.777] [jointLog] [warning] couldn't find transcript named [EF011069] in transcript <-> gene map; returning transcript as it's own gene
[2021-05-20 19:14:25.777] [jointLog] [warning] couldn't find transcript named [DQ516783] in transcript <-> gene map; returning transcript as it's own gene
[2021-05-20 19:14:25.777] [jointLog] [warning] couldn't find transcript named [DQ516787] in transcript <-> gene map; returning transcript as it's own gene
[2021-05-20 19:14:25.777] [jointLog] [warning] couldn't find transcript named [DQ459424] in transcript <-> gene map; returning transcript as it's own gene
[2021-05-20 19:14:25.777] [jointLog] [warning] couldn't find transcript named [DQ516748] in transcript <-> gene map; returning transcript as it's own gene
[2021-05-20 19:14:25.777] [jointLog] [warning] couldn't find transcript named [DQ883671] in transcript <-> gene map; returning transcript as it's own gene
[2021-05-20 19:14:25.777] [jointLog] [warning] couldn't find transcript named [DQ516740] in transcript <-> gene map; returning transcript as it's own gene
[2021-05-20 19:14:25.777] [jointLog] [warning] couldn't find transcript named [DQ516785] in transcript <-> gene map; returning transcript as it's own gene
[2021-05-20 19:14:25.777] [jointLog] [warning] couldn't find transcript named [DQ516731] in transcript <-> gene map; returning transcript as it's own gene
[2021-05-20 19:14:25.777] [jointLog] [warning] couldn't find transcript named [DQ668366] in transcript <-> gene map; returning transcript as it's own gene
[2021-05-20 19:14:25.777] [jointLog] [warning] couldn't find transcript named [DQ459418] in transcript <-> gene map; returning transcript as it's own gene
[2021-05-20 19:14:25.777] [jointLog] [warning] couldn't find transcript named [DQ668356] in transcript <-> gene map; returning transcript as it's own gene
[2021-05-20 19:14:25.777] [jointLog] [warning] couldn't find transcript named [DQ516763] in transcript <-> gene map; returning transcript as it's own gene
[2021-05-20 19:14:25.777] [jointLog] [warning] couldn't find transcript named [DQ459426] in transcript <-> gene map; returning transcript as it's own gene
[2021-05-20 19:14:25.777] [jointLog] [warning] couldn't find transcript named [DQ516786] in transcript <-> gene map; returning transcript as it's own gene
[2021-05-20 19:14:25.777] [jointLog] [warning] couldn't find transcript named [DQ883653] in transcript <-> gene map; returning transcript as it's own gene
[2021-05-20 19:14:25.777] [jointLog] [warning] couldn't find transcript named [DQ459421] in transcript <-> gene map; returning transcript as it's own gene
[2021-05-20 19:14:25.777] [jointLog] [warning] couldn't find transcript named [DQ883654] in transcript <-> gene map; returning transcript as it's own gene
[2021-05-20 19:14:25.777] [jointLog] [warning] couldn't find transcript named [DQ668358] in transcript <-> gene map; returning transcript as it's own gene
[2021-05-20 19:14:25.777] [jointLog] [warning] couldn't find transcript named [DQ516754] in transcript <-> gene map; returning transcript as it's own gene
[2021-05-20 19:14:25.777] [jointLog] [warning] couldn't find transcript named [DQ516778] in transcript <-> gene map; returning transcript as it's own gene
[2021-05-20 19:14:25.777] [jointLog] [warning] couldn't find transcript named [DQ883650] in transcript <-> gene map; returning transcript as it's own gene
[2021-05-20 19:14:25.777] [jointLog] [warning] couldn't find transcript named [DQ516742] in transcript <-> gene map; returning transcript as it's own gene
[2021-05-20 19:14:25.777] [jointLog] [warning] couldn't find transcript named [DQ883673] in transcript <-> gene map; returning transcript as it's own gene
[2021-05-20 19:14:25.777] [jointLog] [warning] couldn't find transcript named [DQ883652] in transcript <-> gene map; returning transcript as it's own gene
[2021-05-20 19:14:25.777] [jointLog] [warning] couldn't find transcript named [DQ854991] in transcript <-> gene map; returning transcript as it's own gene
[2021-05-20 19:14:25.777] [jointLog] [warning] couldn't find transcript named [DQ516780] in transcript <-> gene map; returning transcript as it's own gene
[2021-05-20 19:14:25.777] [jointLog] [warning] couldn't find transcript named [DQ883682] in transcript <-> gene map; returning transcript as it's own gene
[2021-05-20 19:14:25.778] [jointLog] [warning] couldn't find transcript named [DQ883669] in transcript <-> gene map; returning transcript as it's own gene
[2021-05-20 19:14:25.778] [jointLog] [warning] couldn't find transcript named [DQ516791] in transcript <-> gene map; returning transcript as it's own gene
[2021-05-20 19:14:25.778] [jointLog] [warning] couldn't find transcript named [DQ459425] in transcript <-> gene map; returning transcript as it's own gene
[2021-05-20 19:14:25.778] [jointLog] [warning] couldn't find transcript named [DQ516759] in transcript <-> gene map; returning transcript as it's own gene
[2021-05-20 19:14:25.778] [jointLog] [warning] couldn't find transcript named [DQ459429] in transcript <-> gene map; returning transcript as it's own gene
[2021-05-20 19:14:25.778] [jointLog] [warning] couldn't find transcript named [DQ516758] in transcript <-> gene map; returning transcript as it's own gene
[2021-05-20 19:14:25.778] [jointLog] [warning] couldn't find transcript named [DQ459415] in transcript <-> gene map; returning transcript as it's own gene
[2021-05-20 19:14:25.778] [jointLog] [warning] couldn't find transcript named [DQ875387] in transcript <-> gene map; returning transcript as it's own gene
[2021-05-20 19:14:25.778] [jointLog] [warning] couldn't find transcript named [DQ516815] in transcript <-> gene map; returning transcript as it's own gene
[2021-05-20 19:14:25.778] [jointLog] [warning] couldn't find transcript named [DQ668365] in transcript <-> gene map; returning transcript as it's own gene
[2021-05-20 19:14:25.778] [jointLog] [warning] couldn't find transcript named [DQ854998] in transcript <-> gene map; returning transcript as it's own gene
[2021-05-20 19:14:25.778] [jointLog] [warning] couldn't find transcript named [DQ883685] in transcript <-> gene map; returning transcript as it's own gene
[2021-05-20 19:14:25.778] [jointLog] [warning] couldn't find transcript named [DQ459422] in transcript <-> gene map; returning transcript as it's own gene
[2021-05-20 19:14:25.778] [jointLog] [warning] couldn't find transcript named [DQ883663] in transcript <-> gene map; returning transcript as it's own gene
[2021-05-20 19:14:25.778] [jointLog] [warning] couldn't find transcript named [DQ668367] in transcript <-> gene map; returning transcript as it's own gene
[2021-05-20 19:14:25.778] [jointLog] [warning] couldn't find transcript named [DQ459412] in transcript <-> gene map; returning transcript as it's own gene
[2021-05-20 19:14:25.778] [jointLog] [warning] couldn't find transcript named [DQ854992] in transcript <-> gene map; returning transcript as it's own gene
[2021-05-20 19:14:25.778] [jointLog] [warning] couldn't find transcript named [DQ516782] in transcript <-> gene map; returning transcript as it's own gene
[2021-05-20 19:14:25.778] [jointLog] [warning] couldn't find transcript named [DQ459427] in transcript <-> gene map; returning transcript as it's own gene
[2021-05-20 19:14:25.778] [jointLog] [warning] couldn't find transcript named [EF011072] in transcript <-> gene map; returning transcript as it's own gene
[2021-05-20 19:14:25.778] [jointLog] [warning] couldn't find transcript named [DQ855003] in transcript <-> gene map; returning transcript as it's own gene
[2021-05-20 19:14:25.778] [jointLog] [warning] couldn't find transcript named [DQ516739] in transcript <-> gene map; returning transcript as it's own gene
[2021-05-20 19:14:25.778] [jointLog] [warning] couldn't find transcript named [EF011063] in transcript <-> gene map; returning transcript as it's own gene
[2021-05-20 19:14:25.778] [jointLog] [warning] couldn't find transcript named [DQ855000] in transcript <-> gene map; returning transcript as it's own gene
[2021-05-20 19:14:25.778] [jointLog] [warning] couldn't find transcript named [DQ516777] in transcript <-> gene map; returning transcript as it's own gene
[2021-05-20 19:14:25.778] [jointLog] [warning] couldn't find transcript named [DQ883646] in transcript <-> gene map; returning transcript as it's own gene
[2021-05-20 19:14:25.778] [jointLog] [warning] couldn't find transcript named [DQ668362] in transcript <-> gene map; returning transcript as it's own gene
[2021-05-20 19:14:25.778] [jointLog] [warning] couldn't find transcript named [DQ854995] in transcript <-> gene map; returning transcript as it's own gene
[2021-05-20 19:14:25.778] [jointLog] [warning] couldn't find transcript named [DQ875386] in transcript <-> gene map; returning transcript as it's own gene
[2021-05-20 19:14:25.778] [jointLog] [warning] couldn't find transcript named [DQ516790] in transcript <-> gene map; returning transcript as it's own gene
[2021-05-20 19:14:25.778] [jointLog] [warning] couldn't find transcript named [DQ883642] in transcript <-> gene map; returning transcript as it's own gene
[2021-05-20 19:14:25.778] [jointLog] [warning] couldn't find transcript named [DQ883659] in transcript <-> gene map; returning transcript as it's own gene
[2021-05-20 19:14:25.778] [jointLog] [warning] couldn't find transcript named [DQ854997] in transcript <-> gene map; returning transcript as it's own gene
[2021-05-20 19:14:25.778] [jointLog] [warning] couldn't find transcript named [DQ883643] in transcript <-> gene map; returning transcript as it's own gene
[2021-05-20 19:14:25.778] [jointLog] [warning] couldn't find transcript named [DQ839618] in transcript <-> gene map; returning transcript as it's own gene
[2021-05-20 19:14:25.778] [jointLog] [warning] couldn't find transcript named [DQ516795] in transcript <-> gene map; returning transcript as it's own gene
[2021-05-20 19:14:25.778] [jointLog] [warning] couldn't find transcript named [DQ883658] in transcript <-> gene map; returning transcript as it's own gene
[2021-05-20 19:14:25.778] [jointLog] [warning] couldn't find transcript named [DQ516750] in transcript <-> gene map; returning transcript as it's own gene
[2021-05-20 19:14:25.778] [jointLog] [warning] couldn't find transcript named [DQ668359] in transcript <-> gene map; returning transcript as it's own gene
[2021-05-20 19:14:25.778] [jointLog] [warning] couldn't find transcript named [DQ516779] in transcript <-> gene map; returning transcript as it's own gene
[2021-05-20 19:14:25.778] [jointLog] [warning] couldn't find transcript named [DQ668363] in transcript <-> gene map; returning transcript as it's own gene
[2021-05-20 19:14:25.778] [jointLog] [warning] couldn't find transcript named [DQ516776] in transcript <-> gene map; returning transcript as it's own gene
[2021-05-20 19:14:25.778] [jointLog] [warning] couldn't find transcript named [DQ516773] in transcript <-> gene map; returning transcript as it's own gene
[2021-05-20 19:14:25.778] [jointLog] [warning] couldn't find transcript named [DQ854994] in transcript <-> gene map; returning transcript as it's own gene
[2021-05-20 19:14:25.778] [jointLog] [info] Aggregating expressions to gene level
[2021-05-20 19:14:25.979] [jointLog] [info] done
