[2021-05-21 19:08:14.629] [jointLog] [info] setting maxHashResizeThreads to 6
[2021-05-21 19:08:14.629] [jointLog] [info] Fragment incompatibility prior below threshold.  Incompatible fragments will be ignored.
[2021-05-21 19:08:14.630] [jointLog] [info] numQuantThreads = 3
[2021-05-21 19:08:17.516] [jointLog] [info] replaced 4 non-ACGT nucleotides with random nucleotides
[2021-05-21 19:08:17.832] [fileLog] [info] quantification processed 0 fragments so far

[2021-05-21 19:08:21.191] [fileLog] [info] quantification processed 1000000 fragments so far

[2021-05-21 19:08:25.758] [fileLog] [info] quantification processed 2000000 fragments so far

[2021-05-21 19:08:27.237] [jointLog] [info] 

The alignment group queue pool has been exhausted.  3109694 extra fragments were allocated on the heap to saturate the pool.  No new fragments will be allocated


[2021-05-21 19:08:37.952] [fileLog] [info] quantification processed 3000000 fragments so far

[2021-05-21 19:08:58.384] [fileLog] [info] quantification processed 4000000 fragments so far

[2021-05-21 19:09:18.823] [fileLog] [info] quantification processed 5000000 fragments so far

[2021-05-21 19:09:39.120] [fileLog] [info] quantification processed 6000000 fragments so far

[2021-05-21 19:09:59.086] [fileLog] [info] quantification processed 7000000 fragments so far

[2021-05-21 19:10:03.008] [fileLog] [info] quantification processed 8000000 fragments so far

[2021-05-21 19:10:06.866] [fileLog] [info] quantification processed 9000000 fragments so far

[2021-05-21 19:10:10.754] [fileLog] [info] quantification processed 10000000 fragments so far

[2021-05-21 19:10:14.482] [fileLog] [info] quantification processed 11000000 fragments so far

[2021-05-21 19:10:18.018] [fileLog] [info] quantification processed 12000000 fragments so far

[2021-05-21 19:10:21.530] [fileLog] [info] quantification processed 13000000 fragments so far

[2021-05-21 19:10:24.894] [fileLog] [info] quantification processed 14000000 fragments so far

[2021-05-21 19:10:28.720] [fileLog] [info] quantification processed 15000000 fragments so far

[2021-05-21 19:10:32.761] [fileLog] [info] quantification processed 16000000 fragments so far

[2021-05-21 19:10:36.675] [fileLog] [info] quantification processed 17000000 fragments so far

[2021-05-21 19:10:40.393] [fileLog] [info] quantification processed 18000000 fragments so far

[2021-05-21 19:10:44.081] [fileLog] [info] quantification processed 19000000 fragments so far

[2021-05-21 19:10:48.189] [fileLog] [info] quantification processed 20000000 fragments so far

[2021-05-21 19:10:51.683] [fileLog] [info] quantification processed 21000000 fragments so far

[2021-05-21 19:10:55.083] [fileLog] [info] quantification processed 22000000 fragments so far

[2021-05-21 19:10:58.776] [fileLog] [info] quantification processed 23000000 fragments so far

[2021-05-21 19:11:02.341] [fileLog] [info] quantification processed 24000000 fragments so far

[2021-05-21 19:11:05.736] [fileLog] [info] quantification processed 25000000 fragments so far

[2021-05-21 19:11:09.334] [fileLog] [info] quantification processed 26000000 fragments so far

[2021-05-21 19:11:13.461] [fileLog] [info] quantification processed 27000000 fragments so far

[2021-05-21 19:11:16.790] [fileLog] [info] quantification processed 28000000 fragments so far

[2021-05-21 19:11:20.381] [fileLog] [info] quantification processed 29000000 fragments so far

[2021-05-21 19:11:23.810] [fileLog] [info] quantification processed 30000000 fragments so far

[2021-05-21 19:11:27.348] [fileLog] [info] quantification processed 31000000 fragments so far

[2021-05-21 19:11:30.915] [fileLog] [info] quantification processed 32000000 fragments so far

[2021-05-21 19:11:34.864] [fileLog] [info] quantification processed 33000000 fragments so far

[2021-05-21 19:11:38.824] [fileLog] [info] quantification processed 34000000 fragments so far

[2021-05-21 19:11:42.654] [fileLog] [info] quantification processed 35000000 fragments so far

[2021-05-21 19:11:46.299] [fileLog] [info] quantification processed 36000000 fragments so far

[2021-05-21 19:11:49.829] [fileLog] [info] quantification processed 37000000 fragments so far

[2021-05-21 19:11:53.357] [fileLog] [info] quantification processed 38000000 fragments so far

[2021-05-21 19:11:57.660] [fileLog] [info] quantification processed 39000000 fragments so far

[2021-05-21 19:12:01.331] [fileLog] [info] quantification processed 40000000 fragments so far

[2021-05-21 19:12:05.352] [fileLog] [info] quantification processed 41000000 fragments so far

[2021-05-21 19:12:08.959] [fileLog] [info] quantification processed 42000000 fragments so far

[2021-05-21 19:12:13.146] [fileLog] [info] quantification processed 43000000 fragments so far

[2021-05-21 19:12:16.709] [fileLog] [info] quantification processed 44000000 fragments so far

[2021-05-21 19:12:20.698] [fileLog] [info] quantification processed 45000000 fragments so far

[2021-05-21 19:12:24.847] [fileLog] [info] quantification processed 46000000 fragments so far

[2021-05-21 19:12:28.405] [fileLog] [info] quantification processed 47000000 fragments so far

[2021-05-21 19:12:32.210] [fileLog] [info] quantification processed 48000000 fragments so far

[2021-05-21 19:12:35.835] [fileLog] [info] quantification processed 49000000 fragments so far

[2021-05-21 19:12:39.408] [fileLog] [info] quantification processed 50000000 fragments so far

[2021-05-21 19:12:42.936] [fileLog] [info] quantification processed 51000000 fragments so far

[2021-05-21 19:12:46.587] [fileLog] [info] quantification processed 52000000 fragments so far

[2021-05-21 19:12:50.797] [fileLog] [info] quantification processed 53000000 fragments so far

[2021-05-21 19:12:54.849] [fileLog] [info] quantification processed 54000000 fragments so far

[2021-05-21 19:12:55.445] [fileLog] [info] quantification processed 54137157 fragments so far

[2021-05-21 19:13:02.674] [jointLog] [info] Thread saw mini-batch with a maximum of 4.00% zero probability fragments
[2021-05-21 19:13:02.680] [jointLog] [info] Thread saw mini-batch with a maximum of 4.10% zero probability fragments
[2021-05-21 19:13:02.683] [jointLog] [info] Thread saw mini-batch with a maximum of 6.00% zero probability fragments
[2021-05-21 19:13:02.684] [jointLog] [info] 


Completed first pass through the alignment file.
Total # of mapped reads : 54137157
# of uniquely mapped reads : 20761838
# ambiguously mapped reads : 33375319



[2021-05-21 19:13:02.894] [jointLog] [info] Computed 238811 rich equivalence classes for further processing
[2021-05-21 19:13:02.894] [jointLog] [info] Counted 53978146 total reads in the equivalence classes 
[2021-05-21 19:13:02.897] [jointLog] [info] starting optimizer
[2021-05-21 19:13:03.023] [jointLog] [info] Marked 0 weighted equivalence classes as degenerate
[2021-05-21 19:13:03.045] [jointLog] [info] iteration = 0 | max rel diff. = 89.3074
[2021-05-21 19:13:04.805] [jointLog] [info] iteration = 100 | max rel diff. = 18.0909
[2021-05-21 19:13:06.545] [jointLog] [info] iteration = 200 | max rel diff. = 3.1447
[2021-05-21 19:13:08.239] [jointLog] [info] iteration = 300 | max rel diff. = 5.74063
[2021-05-21 19:13:09.894] [jointLog] [info] iteration = 400 | max rel diff. = 0.422261
[2021-05-21 19:13:11.635] [jointLog] [info] iteration = 500 | max rel diff. = 0.0427948
[2021-05-21 19:13:13.370] [jointLog] [info] iteration = 600 | max rel diff. = 10.1412
[2021-05-21 19:13:15.207] [jointLog] [info] iteration = 700 | max rel diff. = 0.0934864
[2021-05-21 19:13:17.009] [jointLog] [info] iteration = 800 | max rel diff. = 0.0642577
[2021-05-21 19:13:18.720] [jointLog] [info] iteration = 900 | max rel diff. = 0.337642
[2021-05-21 19:13:20.378] [jointLog] [info] iteration = 1000 | max rel diff. = 0.65172
[2021-05-21 19:13:22.058] [jointLog] [info] iteration = 1100 | max rel diff. = 0.0347495
[2021-05-21 19:13:23.748] [jointLog] [info] iteration = 1200 | max rel diff. = 0.162585
[2021-05-21 19:13:25.419] [jointLog] [info] iteration = 1300 | max rel diff. = 0.0719266
[2021-05-21 19:13:27.136] [jointLog] [info] iteration = 1400 | max rel diff. = 1.50872
[2021-05-21 19:13:28.863] [jointLog] [info] iteration = 1500 | max rel diff. = 0.0810954
[2021-05-21 19:13:30.536] [jointLog] [info] iteration = 1600 | max rel diff. = 0.0160804
[2021-05-21 19:13:31.660] [jointLog] [info] iteration = 1661 | max rel diff. = 0.00745576
[2021-05-21 19:13:31.699] [jointLog] [info] finished optimizer
[2021-05-21 19:13:31.699] [jointLog] [info] writing output
[2021-05-21 19:13:33.730] [jointLog] [info] Computing gene-level abundance estimates
[2021-05-21 19:14:02.795] [jointLog] [warning] Feature has no GFF ID
[2021-05-21 19:14:02.795] [jointLog] [warning] Feature has no GFF ID
[2021-05-21 19:14:02.795] [jointLog] [warning] Feature has no GFF ID
[2021-05-21 19:14:02.795] [jointLog] [warning] Feature has no GFF ID
[2021-05-21 19:14:02.795] [jointLog] [warning] Feature has no GFF ID
[2021-05-21 19:14:02.795] [jointLog] [warning] Feature has no GFF ID
[2021-05-21 19:14:02.795] [jointLog] [warning] Feature has no GFF ID
[2021-05-21 19:14:02.795] [jointLog] [warning] Feature has no GFF ID
[2021-05-21 19:14:02.795] [jointLog] [warning] Feature has no GFF ID
[2021-05-21 19:14:02.795] [jointLog] [warning] Feature has no GFF ID
[2021-05-21 19:14:02.795] [jointLog] [warning] Feature has no GFF ID
[2021-05-21 19:14:02.795] [jointLog] [warning] Feature has no GFF ID
[2021-05-21 19:14:02.795] [jointLog] [warning] Feature has no GFF ID
[2021-05-21 19:14:02.795] [jointLog] [warning] Feature has no GFF ID
[2021-05-21 19:14:02.795] [jointLog] [warning] Feature has no GFF ID
[2021-05-21 19:14:02.795] [jointLog] [warning] Feature has no GFF ID
[2021-05-21 19:14:02.795] [jointLog] [warning] Feature has no GFF ID
[2021-05-21 19:14:02.795] [jointLog] [warning] Feature has no GFF ID
[2021-05-21 19:14:02.795] [jointLog] [warning] Feature has no GFF ID
[2021-05-21 19:14:02.795] [jointLog] [warning] Feature has no GFF ID
[2021-05-21 19:14:02.795] [jointLog] [warning] Feature has no GFF ID
[2021-05-21 19:14:02.795] [jointLog] [warning] Feature has no GFF ID
[2021-05-21 19:14:02.795] [jointLog] [warning] Feature has no GFF ID
[2021-05-21 19:14:02.795] [jointLog] [warning] Feature has no GFF ID
[2021-05-21 19:14:02.795] [jointLog] [warning] Feature has no GFF ID
[2021-05-21 19:14:02.795] [jointLog] [warning] Feature has no GFF ID
[2021-05-21 19:14:02.795] [jointLog] [warning] Feature has no GFF ID
[2021-05-21 19:14:02.795] [jointLog] [warning] Feature has no GFF ID
[2021-05-21 19:14:02.795] [jointLog] [warning] Feature has no GFF ID
[2021-05-21 19:14:02.795] [jointLog] [warning] Feature has no GFF ID
[2021-05-21 19:14:02.795] [jointLog] [warning] Feature has no GFF ID
[2021-05-21 19:14:02.795] [jointLog] [warning] Feature has no GFF ID
[2021-05-21 19:14:02.795] [jointLog] [warning] Feature has no GFF ID
[2021-05-21 19:14:02.795] [jointLog] [warning] Feature has no GFF ID
[2021-05-21 19:14:02.795] [jointLog] [warning] Feature has no GFF ID
[2021-05-21 19:14:02.795] [jointLog] [warning] Feature has no GFF ID
[2021-05-21 19:14:02.795] [jointLog] [warning] Feature has no GFF ID
[2021-05-21 19:14:02.795] [jointLog] [warning] Feature has no GFF ID
[2021-05-21 19:14:02.795] [jointLog] [warning] Feature has no GFF ID
[2021-05-21 19:14:02.795] [jointLog] [warning] Feature has no GFF ID
[2021-05-21 19:14:02.795] [jointLog] [warning] Feature has no GFF ID
[2021-05-21 19:14:02.795] [jointLog] [warning] Feature has no GFF ID
[2021-05-21 19:14:02.795] [jointLog] [warning] Feature has no GFF ID
[2021-05-21 19:14:02.795] [jointLog] [warning] Feature has no GFF ID
[2021-05-21 19:14:02.795] [jointLog] [warning] Feature has no GFF ID
[2021-05-21 19:14:02.795] [jointLog] [warning] Feature has no GFF ID
[2021-05-21 19:14:02.795] [jointLog] [warning] Feature has no GFF ID
[2021-05-21 19:14:02.795] [jointLog] [warning] Feature has no GFF ID
[2021-05-21 19:14:02.795] [jointLog] [warning] Feature has no GFF ID
[2021-05-21 19:14:02.795] [jointLog] [warning] Feature has no GFF ID
[2021-05-21 19:14:02.795] [jointLog] [warning] Feature has no GFF ID
[2021-05-21 19:14:02.795] [jointLog] [warning] Feature has no GFF ID
[2021-05-21 19:14:02.795] [jointLog] [warning] Feature has no GFF ID
[2021-05-21 19:14:02.795] [jointLog] [warning] Feature has no GFF ID
[2021-05-21 19:14:02.795] [jointLog] [warning] Feature has no GFF ID
[2021-05-21 19:14:02.795] [jointLog] [warning] Feature has no GFF ID
[2021-05-21 19:14:02.795] [jointLog] [warning] Feature has no GFF ID
[2021-05-21 19:14:02.795] [jointLog] [warning] Feature has no GFF ID
[2021-05-21 19:14:02.795] [jointLog] [warning] Feature has no GFF ID
[2021-05-21 19:14:02.795] [jointLog] [warning] Feature has no GFF ID
[2021-05-21 19:14:02.795] [jointLog] [warning] Feature has no GFF ID
[2021-05-21 19:14:02.795] [jointLog] [warning] Feature has no GFF ID
[2021-05-21 19:14:02.795] [jointLog] [warning] Feature has no GFF ID
[2021-05-21 19:14:02.795] [jointLog] [warning] Feature has no GFF ID
[2021-05-21 19:14:02.795] [jointLog] [warning] Feature has no GFF ID
[2021-05-21 19:14:02.795] [jointLog] [warning] Feature has no GFF ID
[2021-05-21 19:14:02.795] [jointLog] [warning] Feature has no GFF ID
[2021-05-21 19:14:02.795] [jointLog] [warning] Feature has no GFF ID
[2021-05-21 19:14:02.795] [jointLog] [warning] Feature has no GFF ID
[2021-05-21 19:14:02.795] [jointLog] [warning] Feature has no GFF ID
[2021-05-21 19:14:02.795] [jointLog] [warning] Feature has no GFF ID
[2021-05-21 19:14:02.795] [jointLog] [warning] Feature has no GFF ID
[2021-05-21 19:14:02.795] [jointLog] [warning] Feature has no GFF ID
[2021-05-21 19:14:02.795] [jointLog] [warning] Feature has no GFF ID
[2021-05-21 19:14:02.795] [jointLog] [warning] Feature has no GFF ID
[2021-05-21 19:14:02.795] [jointLog] [warning] Feature has no GFF ID
[2021-05-21 19:14:02.795] [jointLog] [warning] Feature has no GFF ID
[2021-05-21 19:14:02.795] [jointLog] [warning] Feature has no GFF ID
[2021-05-21 19:14:02.795] [jointLog] [warning] Feature has no GFF ID
[2021-05-21 19:14:02.795] [jointLog] [warning] Feature has no GFF ID
[2021-05-21 19:14:02.795] [jointLog] [warning] Feature has no GFF ID
[2021-05-21 19:14:02.795] [jointLog] [warning] Feature has no GFF ID
[2021-05-21 19:14:02.795] [jointLog] [warning] Feature has no GFF ID
[2021-05-21 19:14:02.795] [jointLog] [warning] Feature has no GFF ID
[2021-05-21 19:14:02.795] [jointLog] [warning] Feature has no GFF ID
[2021-05-21 19:14:02.795] [jointLog] [warning] Feature has no GFF ID
[2021-05-21 19:14:02.795] [jointLog] [warning] Feature has no GFF ID
[2021-05-21 19:14:02.795] [jointLog] [warning] Feature has no GFF ID
[2021-05-21 19:14:02.795] [jointLog] [warning] Feature has no GFF ID
[2021-05-21 19:14:02.795] [jointLog] [warning] Feature has no GFF ID
[2021-05-21 19:14:02.795] [jointLog] [warning] Feature has no GFF ID
[2021-05-21 19:14:02.795] [jointLog] [warning] Feature has no GFF ID
[2021-05-21 19:14:03.078] [jointLog] [info] There were 142604 transcripts mapping to 55401 genes
[2021-05-21 19:14:03.078] [jointLog] [info] NOTE: We recommend using tximport (https://bioconductor.org/packages/release/bioc/html/tximport.html) for aggregating transcript-level salmon abundance estimates to the gene level.  It is more versatile, exposes more features, and allows considering multi-sample information during aggregation.
[2021-05-21 19:14:03.314] [jointLog] [warning] couldn't find transcript named [DQ459430] in transcript <-> gene map; returning transcript as it's own gene
[2021-05-21 19:14:03.314] [jointLog] [warning] couldn't find transcript named [DQ516784] in transcript <-> gene map; returning transcript as it's own gene
[2021-05-21 19:14:03.314] [jointLog] [warning] couldn't find transcript named [DQ516752] in transcript <-> gene map; returning transcript as it's own gene
[2021-05-21 19:14:03.314] [jointLog] [warning] couldn't find transcript named [DQ668364] in transcript <-> gene map; returning transcript as it's own gene
[2021-05-21 19:14:03.314] [jointLog] [warning] couldn't find transcript named [DQ883670] in transcript <-> gene map; returning transcript as it's own gene
[2021-05-21 19:14:03.314] [jointLog] [warning] couldn't find transcript named [EF011062] in transcript <-> gene map; returning transcript as it's own gene
[2021-05-21 19:14:03.314] [jointLog] [warning] couldn't find transcript named [DQ875385] in transcript <-> gene map; returning transcript as it's own gene
[2021-05-21 19:14:03.314] [jointLog] [warning] couldn't find transcript named [DQ883664] in transcript <-> gene map; returning transcript as it's own gene
[2021-05-21 19:14:03.314] [jointLog] [warning] couldn't find transcript named [DQ459420] in transcript <-> gene map; returning transcript as it's own gene
[2021-05-21 19:14:03.314] [jointLog] [warning] couldn't find transcript named [DQ883651] in transcript <-> gene map; returning transcript as it's own gene
[2021-05-21 19:14:03.314] [jointLog] [warning] couldn't find transcript named [DQ855004] in transcript <-> gene map; returning transcript as it's own gene
[2021-05-21 19:14:03.314] [jointLog] [warning] couldn't find transcript named [DQ854993] in transcript <-> gene map; returning transcript as it's own gene
[2021-05-21 19:14:03.314] [jointLog] [warning] couldn't find transcript named [DQ883689] in transcript <-> gene map; returning transcript as it's own gene
[2021-05-21 19:14:03.314] [jointLog] [warning] couldn't find transcript named [DQ459419] in transcript <-> gene map; returning transcript as it's own gene
[2021-05-21 19:14:03.314] [jointLog] [warning] couldn't find transcript named [DQ459431] in transcript <-> gene map; returning transcript as it's own gene
[2021-05-21 19:14:03.314] [jointLog] [warning] couldn't find transcript named [DQ516796] in transcript <-> gene map; returning transcript as it's own gene
[2021-05-21 19:14:03.314] [jointLog] [warning] couldn't find transcript named [DQ855001] in transcript <-> gene map; returning transcript as it's own gene
[2021-05-21 19:14:03.314] [jointLog] [warning] couldn't find transcript named [DQ459413] in transcript <-> gene map; returning transcript as it's own gene
[2021-05-21 19:14:03.314] [jointLog] [warning] couldn't find transcript named [DQ883656] in transcript <-> gene map; returning transcript as it's own gene
[2021-05-21 19:14:03.314] [jointLog] [warning] couldn't find transcript named [DQ883661] in transcript <-> gene map; returning transcript as it's own gene
[2021-05-21 19:14:03.314] [jointLog] [warning] couldn't find transcript named [EF011069] in transcript <-> gene map; returning transcript as it's own gene
[2021-05-21 19:14:03.314] [jointLog] [warning] couldn't find transcript named [DQ516783] in transcript <-> gene map; returning transcript as it's own gene
[2021-05-21 19:14:03.314] [jointLog] [warning] couldn't find transcript named [DQ516787] in transcript <-> gene map; returning transcript as it's own gene
[2021-05-21 19:14:03.314] [jointLog] [warning] couldn't find transcript named [DQ459424] in transcript <-> gene map; returning transcript as it's own gene
[2021-05-21 19:14:03.314] [jointLog] [warning] couldn't find transcript named [DQ516748] in transcript <-> gene map; returning transcript as it's own gene
[2021-05-21 19:14:03.314] [jointLog] [warning] couldn't find transcript named [DQ883671] in transcript <-> gene map; returning transcript as it's own gene
[2021-05-21 19:14:03.314] [jointLog] [warning] couldn't find transcript named [DQ516740] in transcript <-> gene map; returning transcript as it's own gene
[2021-05-21 19:14:03.314] [jointLog] [warning] couldn't find transcript named [DQ516785] in transcript <-> gene map; returning transcript as it's own gene
[2021-05-21 19:14:03.314] [jointLog] [warning] couldn't find transcript named [DQ516731] in transcript <-> gene map; returning transcript as it's own gene
[2021-05-21 19:14:03.314] [jointLog] [warning] couldn't find transcript named [DQ668366] in transcript <-> gene map; returning transcript as it's own gene
[2021-05-21 19:14:03.314] [jointLog] [warning] couldn't find transcript named [DQ459418] in transcript <-> gene map; returning transcript as it's own gene
[2021-05-21 19:14:03.314] [jointLog] [warning] couldn't find transcript named [DQ668356] in transcript <-> gene map; returning transcript as it's own gene
[2021-05-21 19:14:03.314] [jointLog] [warning] couldn't find transcript named [DQ516763] in transcript <-> gene map; returning transcript as it's own gene
[2021-05-21 19:14:03.314] [jointLog] [warning] couldn't find transcript named [DQ459426] in transcript <-> gene map; returning transcript as it's own gene
[2021-05-21 19:14:03.314] [jointLog] [warning] couldn't find transcript named [DQ516786] in transcript <-> gene map; returning transcript as it's own gene
[2021-05-21 19:14:03.314] [jointLog] [warning] couldn't find transcript named [DQ883653] in transcript <-> gene map; returning transcript as it's own gene
[2021-05-21 19:14:03.314] [jointLog] [warning] couldn't find transcript named [DQ459421] in transcript <-> gene map; returning transcript as it's own gene
[2021-05-21 19:14:03.315] [jointLog] [warning] couldn't find transcript named [DQ883654] in transcript <-> gene map; returning transcript as it's own gene
[2021-05-21 19:14:03.315] [jointLog] [warning] couldn't find transcript named [DQ668358] in transcript <-> gene map; returning transcript as it's own gene
[2021-05-21 19:14:03.315] [jointLog] [warning] couldn't find transcript named [DQ516754] in transcript <-> gene map; returning transcript as it's own gene
[2021-05-21 19:14:03.315] [jointLog] [warning] couldn't find transcript named [DQ516778] in transcript <-> gene map; returning transcript as it's own gene
[2021-05-21 19:14:03.315] [jointLog] [warning] couldn't find transcript named [DQ883650] in transcript <-> gene map; returning transcript as it's own gene
[2021-05-21 19:14:03.315] [jointLog] [warning] couldn't find transcript named [DQ516742] in transcript <-> gene map; returning transcript as it's own gene
[2021-05-21 19:14:03.315] [jointLog] [warning] couldn't find transcript named [DQ883673] in transcript <-> gene map; returning transcript as it's own gene
[2021-05-21 19:14:03.315] [jointLog] [warning] couldn't find transcript named [DQ883652] in transcript <-> gene map; returning transcript as it's own gene
[2021-05-21 19:14:03.315] [jointLog] [warning] couldn't find transcript named [DQ854991] in transcript <-> gene map; returning transcript as it's own gene
[2021-05-21 19:14:03.315] [jointLog] [warning] couldn't find transcript named [DQ516780] in transcript <-> gene map; returning transcript as it's own gene
[2021-05-21 19:14:03.315] [jointLog] [warning] couldn't find transcript named [DQ883682] in transcript <-> gene map; returning transcript as it's own gene
[2021-05-21 19:14:03.315] [jointLog] [warning] couldn't find transcript named [DQ883669] in transcript <-> gene map; returning transcript as it's own gene
[2021-05-21 19:14:03.315] [jointLog] [warning] couldn't find transcript named [DQ516791] in transcript <-> gene map; returning transcript as it's own gene
[2021-05-21 19:14:03.315] [jointLog] [warning] couldn't find transcript named [DQ459425] in transcript <-> gene map; returning transcript as it's own gene
[2021-05-21 19:14:03.315] [jointLog] [warning] couldn't find transcript named [DQ516759] in transcript <-> gene map; returning transcript as it's own gene
[2021-05-21 19:14:03.315] [jointLog] [warning] couldn't find transcript named [DQ459429] in transcript <-> gene map; returning transcript as it's own gene
[2021-05-21 19:14:03.315] [jointLog] [warning] couldn't find transcript named [DQ516758] in transcript <-> gene map; returning transcript as it's own gene
[2021-05-21 19:14:03.315] [jointLog] [warning] couldn't find transcript named [DQ459415] in transcript <-> gene map; returning transcript as it's own gene
[2021-05-21 19:14:03.315] [jointLog] [warning] couldn't find transcript named [DQ875387] in transcript <-> gene map; returning transcript as it's own gene
[2021-05-21 19:14:03.315] [jointLog] [warning] couldn't find transcript named [DQ516815] in transcript <-> gene map; returning transcript as it's own gene
[2021-05-21 19:14:03.315] [jointLog] [warning] couldn't find transcript named [DQ668365] in transcript <-> gene map; returning transcript as it's own gene
[2021-05-21 19:14:03.315] [jointLog] [warning] couldn't find transcript named [DQ854998] in transcript <-> gene map; returning transcript as it's own gene
[2021-05-21 19:14:03.315] [jointLog] [warning] couldn't find transcript named [DQ883685] in transcript <-> gene map; returning transcript as it's own gene
[2021-05-21 19:14:03.315] [jointLog] [warning] couldn't find transcript named [DQ459422] in transcript <-> gene map; returning transcript as it's own gene
[2021-05-21 19:14:03.315] [jointLog] [warning] couldn't find transcript named [DQ883663] in transcript <-> gene map; returning transcript as it's own gene
[2021-05-21 19:14:03.315] [jointLog] [warning] couldn't find transcript named [DQ668367] in transcript <-> gene map; returning transcript as it's own gene
[2021-05-21 19:14:03.315] [jointLog] [warning] couldn't find transcript named [DQ459412] in transcript <-> gene map; returning transcript as it's own gene
[2021-05-21 19:14:03.315] [jointLog] [warning] couldn't find transcript named [DQ854992] in transcript <-> gene map; returning transcript as it's own gene
[2021-05-21 19:14:03.315] [jointLog] [warning] couldn't find transcript named [DQ516782] in transcript <-> gene map; returning transcript as it's own gene
[2021-05-21 19:14:03.315] [jointLog] [warning] couldn't find transcript named [DQ459427] in transcript <-> gene map; returning transcript as it's own gene
[2021-05-21 19:14:03.315] [jointLog] [warning] couldn't find transcript named [EF011072] in transcript <-> gene map; returning transcript as it's own gene
[2021-05-21 19:14:03.315] [jointLog] [warning] couldn't find transcript named [DQ855003] in transcript <-> gene map; returning transcript as it's own gene
[2021-05-21 19:14:03.315] [jointLog] [warning] couldn't find transcript named [DQ516739] in transcript <-> gene map; returning transcript as it's own gene
[2021-05-21 19:14:03.315] [jointLog] [warning] couldn't find transcript named [EF011063] in transcript <-> gene map; returning transcript as it's own gene
[2021-05-21 19:14:03.315] [jointLog] [warning] couldn't find transcript named [DQ855000] in transcript <-> gene map; returning transcript as it's own gene
[2021-05-21 19:14:03.315] [jointLog] [warning] couldn't find transcript named [DQ516777] in transcript <-> gene map; returning transcript as it's own gene
[2021-05-21 19:14:03.315] [jointLog] [warning] couldn't find transcript named [DQ883646] in transcript <-> gene map; returning transcript as it's own gene
[2021-05-21 19:14:03.315] [jointLog] [warning] couldn't find transcript named [DQ668362] in transcript <-> gene map; returning transcript as it's own gene
[2021-05-21 19:14:03.315] [jointLog] [warning] couldn't find transcript named [DQ854995] in transcript <-> gene map; returning transcript as it's own gene
[2021-05-21 19:14:03.315] [jointLog] [warning] couldn't find transcript named [DQ875386] in transcript <-> gene map; returning transcript as it's own gene
[2021-05-21 19:14:03.315] [jointLog] [warning] couldn't find transcript named [DQ516790] in transcript <-> gene map; returning transcript as it's own gene
[2021-05-21 19:14:03.315] [jointLog] [warning] couldn't find transcript named [DQ883642] in transcript <-> gene map; returning transcript as it's own gene
[2021-05-21 19:14:03.315] [jointLog] [warning] couldn't find transcript named [DQ883659] in transcript <-> gene map; returning transcript as it's own gene
[2021-05-21 19:14:03.315] [jointLog] [warning] couldn't find transcript named [DQ854997] in transcript <-> gene map; returning transcript as it's own gene
[2021-05-21 19:14:03.315] [jointLog] [warning] couldn't find transcript named [DQ883643] in transcript <-> gene map; returning transcript as it's own gene
[2021-05-21 19:14:03.315] [jointLog] [warning] couldn't find transcript named [DQ839618] in transcript <-> gene map; returning transcript as it's own gene
[2021-05-21 19:14:03.315] [jointLog] [warning] couldn't find transcript named [DQ516795] in transcript <-> gene map; returning transcript as it's own gene
[2021-05-21 19:14:03.315] [jointLog] [warning] couldn't find transcript named [DQ883658] in transcript <-> gene map; returning transcript as it's own gene
[2021-05-21 19:14:03.315] [jointLog] [warning] couldn't find transcript named [DQ516750] in transcript <-> gene map; returning transcript as it's own gene
[2021-05-21 19:14:03.315] [jointLog] [warning] couldn't find transcript named [DQ668359] in transcript <-> gene map; returning transcript as it's own gene
[2021-05-21 19:14:03.315] [jointLog] [warning] couldn't find transcript named [DQ516779] in transcript <-> gene map; returning transcript as it's own gene
[2021-05-21 19:14:03.315] [jointLog] [warning] couldn't find transcript named [DQ668363] in transcript <-> gene map; returning transcript as it's own gene
[2021-05-21 19:14:03.315] [jointLog] [warning] couldn't find transcript named [DQ516776] in transcript <-> gene map; returning transcript as it's own gene
[2021-05-21 19:14:03.315] [jointLog] [warning] couldn't find transcript named [DQ516773] in transcript <-> gene map; returning transcript as it's own gene
[2021-05-21 19:14:03.315] [jointLog] [warning] couldn't find transcript named [DQ854994] in transcript <-> gene map; returning transcript as it's own gene
[2021-05-21 19:14:03.315] [jointLog] [info] Aggregating expressions to gene level
[2021-05-21 19:14:03.452] [jointLog] [info] done
