[2021-04-27 21:06:50.498] [jointLog] [info] setting maxHashResizeThreads to 6
[2021-04-27 21:06:50.498] [jointLog] [info] Fragment incompatibility prior below threshold.  Incompatible fragments will be ignored.
[2021-04-27 21:06:50.500] [jointLog] [info] numQuantThreads = 3
[2021-04-27 21:06:53.526] [fileLog] [info] quantification processed 0 fragments so far

[2021-04-27 21:06:53.280] [jointLog] [info] replaced 4 non-ACGT nucleotides with random nucleotides
[2021-04-27 21:06:56.351] [fileLog] [info] quantification processed 1000000 fragments so far

[2021-04-27 21:06:58.901] [fileLog] [info] quantification processed 2000000 fragments so far

[2021-04-27 21:06:59.995] [jointLog] [info] 

The alignment group queue pool has been exhausted.  3124349 extra fragments were allocated on the heap to saturate the pool.  No new fragments will be allocated


[2021-04-27 21:07:08.278] [fileLog] [info] quantification processed 3000000 fragments so far

[2021-04-27 21:07:22.597] [fileLog] [info] quantification processed 4000000 fragments so far

[2021-04-27 21:07:36.950] [fileLog] [info] quantification processed 5000000 fragments so far

[2021-04-27 21:07:51.431] [fileLog] [info] quantification processed 6000000 fragments so far

[2021-04-27 21:08:05.571] [fileLog] [info] quantification processed 7000000 fragments so far

[2021-04-27 21:08:08.947] [fileLog] [info] quantification processed 8000000 fragments so far

[2021-04-27 21:08:12.421] [fileLog] [info] quantification processed 9000000 fragments so far

[2021-04-27 21:08:16.031] [fileLog] [info] quantification processed 10000000 fragments so far

[2021-04-27 21:08:19.908] [fileLog] [info] quantification processed 11000000 fragments so far

[2021-04-27 21:08:23.332] [fileLog] [info] quantification processed 12000000 fragments so far

[2021-04-27 21:08:26.660] [fileLog] [info] quantification processed 13000000 fragments so far

[2021-04-27 21:08:29.937] [fileLog] [info] quantification processed 14000000 fragments so far

[2021-04-27 21:08:33.436] [fileLog] [info] quantification processed 15000000 fragments so far

[2021-04-27 21:08:37.088] [fileLog] [info] quantification processed 16000000 fragments so far

[2021-04-27 21:08:39.980] [fileLog] [info] quantification processed 17000000 fragments so far

[2021-04-27 21:08:43.402] [fileLog] [info] quantification processed 18000000 fragments so far

[2021-04-27 21:08:46.710] [fileLog] [info] quantification processed 19000000 fragments so far

[2021-04-27 21:08:50.261] [fileLog] [info] quantification processed 20000000 fragments so far

[2021-04-27 21:08:53.504] [fileLog] [info] quantification processed 21000000 fragments so far

[2021-04-27 21:08:56.938] [fileLog] [info] quantification processed 22000000 fragments so far

[2021-04-27 21:09:00.322] [fileLog] [info] quantification processed 23000000 fragments so far

[2021-04-27 21:09:03.782] [fileLog] [info] quantification processed 24000000 fragments so far

[2021-04-27 21:09:07.215] [fileLog] [info] quantification processed 25000000 fragments so far

[2021-04-27 21:09:10.683] [fileLog] [info] quantification processed 26000000 fragments so far

[2021-04-27 21:09:14.119] [fileLog] [info] quantification processed 27000000 fragments so far

[2021-04-27 21:09:17.562] [fileLog] [info] quantification processed 28000000 fragments so far

[2021-04-27 21:09:20.937] [fileLog] [info] quantification processed 29000000 fragments so far

[2021-04-27 21:09:24.456] [fileLog] [info] quantification processed 30000000 fragments so far

[2021-04-27 21:09:27.837] [fileLog] [info] quantification processed 31000000 fragments so far

[2021-04-27 21:09:31.297] [fileLog] [info] quantification processed 32000000 fragments so far

[2021-04-27 21:09:34.535] [fileLog] [info] quantification processed 33000000 fragments so far

[2021-04-27 21:09:37.922] [fileLog] [info] quantification processed 34000000 fragments so far

[2021-04-27 21:09:41.503] [fileLog] [info] quantification processed 35000000 fragments so far

[2021-04-27 21:09:44.882] [fileLog] [info] quantification processed 36000000 fragments so far

[2021-04-27 21:09:48.300] [fileLog] [info] quantification processed 37000000 fragments so far

[2021-04-27 21:09:51.820] [fileLog] [info] quantification processed 38000000 fragments so far

[2021-04-27 21:09:55.220] [fileLog] [info] quantification processed 39000000 fragments so far

[2021-04-27 21:09:58.765] [fileLog] [info] quantification processed 40000000 fragments so far

[2021-04-27 21:10:02.258] [fileLog] [info] quantification processed 41000000 fragments so far

[2021-04-27 21:10:05.496] [fileLog] [info] quantification processed 42000000 fragments so far

[2021-04-27 21:10:09.140] [fileLog] [info] quantification processed 43000000 fragments so far

[2021-04-27 21:10:12.708] [fileLog] [info] quantification processed 44000000 fragments so far

[2021-04-27 21:10:16.316] [fileLog] [info] quantification processed 45000000 fragments so far

[2021-04-27 21:10:17.789] [fileLog] [info] quantification processed 45433082 fragments so far

[2021-04-27 21:10:23.934] [jointLog] [info] Thread saw mini-batch with a maximum of 6.00% zero probability fragments
[2021-04-27 21:10:23.935] [jointLog] [info] Thread saw mini-batch with a maximum of 3.90% zero probability fragments
[2021-04-27 21:10:23.937] [jointLog] [info] Thread saw mini-batch with a maximum of 5.40% zero probability fragments
[2021-04-27 21:10:23.938] [jointLog] [info] 


Completed first pass through the alignment file.
Total # of mapped reads : 45433082
# of uniquely mapped reads : 17196915
# ambiguously mapped reads : 28236167



[2021-04-27 21:10:24.092] [jointLog] [info] Computed 248257 rich equivalence classes for further processing
[2021-04-27 21:10:24.092] [jointLog] [info] Counted 45270953 total reads in the equivalence classes 
[2021-04-27 21:10:24.095] [jointLog] [info] starting optimizer
[2021-04-27 21:10:24.205] [jointLog] [info] Marked 0 weighted equivalence classes as degenerate
[2021-04-27 21:10:24.226] [jointLog] [info] iteration = 0 | max rel diff. = 2997.87
[2021-04-27 21:10:25.889] [jointLog] [info] iteration = 100 | max rel diff. = 5.3863
[2021-04-27 21:10:27.563] [jointLog] [info] iteration = 200 | max rel diff. = 17.5632
[2021-04-27 21:10:29.208] [jointLog] [info] iteration = 300 | max rel diff. = 14.5856
[2021-04-27 21:10:30.801] [jointLog] [info] iteration = 400 | max rel diff. = 0.61693
[2021-04-27 21:10:32.475] [jointLog] [info] iteration = 500 | max rel diff. = 0.875646
[2021-04-27 21:10:34.169] [jointLog] [info] iteration = 600 | max rel diff. = 3.25955
[2021-04-27 21:10:35.825] [jointLog] [info] iteration = 700 | max rel diff. = 0.273219
[2021-04-27 21:10:37.510] [jointLog] [info] iteration = 800 | max rel diff. = 0.288124
[2021-04-27 21:10:39.062] [jointLog] [info] iteration = 900 | max rel diff. = 0.091673
[2021-04-27 21:10:40.714] [jointLog] [info] iteration = 1000 | max rel diff. = 8.33109
[2021-04-27 21:10:42.390] [jointLog] [info] iteration = 1100 | max rel diff. = 0.0135627
[2021-04-27 21:10:44.077] [jointLog] [info] iteration = 1200 | max rel diff. = 1.42593
[2021-04-27 21:10:45.763] [jointLog] [info] iteration = 1300 | max rel diff. = 1.12623
[2021-04-27 21:10:47.391] [jointLog] [info] iteration = 1400 | max rel diff. = 0.162898
[2021-04-27 21:10:48.979] [jointLog] [info] iteration = 1500 | max rel diff. = 0.160077
[2021-04-27 21:10:49.359] [jointLog] [info] iteration = 1524 | max rel diff. = 0.00661063
[2021-04-27 21:10:49.392] [jointLog] [info] finished optimizer
[2021-04-27 21:10:49.392] [jointLog] [info] writing output
[2021-04-27 21:10:51.159] [jointLog] [info] Computing gene-level abundance estimates
[2021-04-27 21:11:19.130] [jointLog] [warning] Feature has no GFF ID
[2021-04-27 21:11:19.130] [jointLog] [warning] Feature has no GFF ID
[2021-04-27 21:11:19.130] [jointLog] [warning] Feature has no GFF ID
[2021-04-27 21:11:19.130] [jointLog] [warning] Feature has no GFF ID
[2021-04-27 21:11:19.130] [jointLog] [warning] Feature has no GFF ID
[2021-04-27 21:11:19.130] [jointLog] [warning] Feature has no GFF ID
[2021-04-27 21:11:19.130] [jointLog] [warning] Feature has no GFF ID
[2021-04-27 21:11:19.130] [jointLog] [warning] Feature has no GFF ID
[2021-04-27 21:11:19.130] [jointLog] [warning] Feature has no GFF ID
[2021-04-27 21:11:19.130] [jointLog] [warning] Feature has no GFF ID
[2021-04-27 21:11:19.130] [jointLog] [warning] Feature has no GFF ID
[2021-04-27 21:11:19.130] [jointLog] [warning] Feature has no GFF ID
[2021-04-27 21:11:19.130] [jointLog] [warning] Feature has no GFF ID
[2021-04-27 21:11:19.130] [jointLog] [warning] Feature has no GFF ID
[2021-04-27 21:11:19.130] [jointLog] [warning] Feature has no GFF ID
[2021-04-27 21:11:19.130] [jointLog] [warning] Feature has no GFF ID
[2021-04-27 21:11:19.130] [jointLog] [warning] Feature has no GFF ID
[2021-04-27 21:11:19.130] [jointLog] [warning] Feature has no GFF ID
[2021-04-27 21:11:19.130] [jointLog] [warning] Feature has no GFF ID
[2021-04-27 21:11:19.131] [jointLog] [warning] Feature has no GFF ID
[2021-04-27 21:11:19.131] [jointLog] [warning] Feature has no GFF ID
[2021-04-27 21:11:19.131] [jointLog] [warning] Feature has no GFF ID
[2021-04-27 21:11:19.131] [jointLog] [warning] Feature has no GFF ID
[2021-04-27 21:11:19.131] [jointLog] [warning] Feature has no GFF ID
[2021-04-27 21:11:19.131] [jointLog] [warning] Feature has no GFF ID
[2021-04-27 21:11:19.131] [jointLog] [warning] Feature has no GFF ID
[2021-04-27 21:11:19.131] [jointLog] [warning] Feature has no GFF ID
[2021-04-27 21:11:19.131] [jointLog] [warning] Feature has no GFF ID
[2021-04-27 21:11:19.131] [jointLog] [warning] Feature has no GFF ID
[2021-04-27 21:11:19.131] [jointLog] [warning] Feature has no GFF ID
[2021-04-27 21:11:19.131] [jointLog] [warning] Feature has no GFF ID
[2021-04-27 21:11:19.131] [jointLog] [warning] Feature has no GFF ID
[2021-04-27 21:11:19.131] [jointLog] [warning] Feature has no GFF ID
[2021-04-27 21:11:19.131] [jointLog] [warning] Feature has no GFF ID
[2021-04-27 21:11:19.131] [jointLog] [warning] Feature has no GFF ID
[2021-04-27 21:11:19.131] [jointLog] [warning] Feature has no GFF ID
[2021-04-27 21:11:19.131] [jointLog] [warning] Feature has no GFF ID
[2021-04-27 21:11:19.131] [jointLog] [warning] Feature has no GFF ID
[2021-04-27 21:11:19.131] [jointLog] [warning] Feature has no GFF ID
[2021-04-27 21:11:19.131] [jointLog] [warning] Feature has no GFF ID
[2021-04-27 21:11:19.131] [jointLog] [warning] Feature has no GFF ID
[2021-04-27 21:11:19.131] [jointLog] [warning] Feature has no GFF ID
[2021-04-27 21:11:19.131] [jointLog] [warning] Feature has no GFF ID
[2021-04-27 21:11:19.131] [jointLog] [warning] Feature has no GFF ID
[2021-04-27 21:11:19.131] [jointLog] [warning] Feature has no GFF ID
[2021-04-27 21:11:19.131] [jointLog] [warning] Feature has no GFF ID
[2021-04-27 21:11:19.131] [jointLog] [warning] Feature has no GFF ID
[2021-04-27 21:11:19.131] [jointLog] [warning] Feature has no GFF ID
[2021-04-27 21:11:19.131] [jointLog] [warning] Feature has no GFF ID
[2021-04-27 21:11:19.131] [jointLog] [warning] Feature has no GFF ID
[2021-04-27 21:11:19.131] [jointLog] [warning] Feature has no GFF ID
[2021-04-27 21:11:19.131] [jointLog] [warning] Feature has no GFF ID
[2021-04-27 21:11:19.131] [jointLog] [warning] Feature has no GFF ID
[2021-04-27 21:11:19.131] [jointLog] [warning] Feature has no GFF ID
[2021-04-27 21:11:19.131] [jointLog] [warning] Feature has no GFF ID
[2021-04-27 21:11:19.131] [jointLog] [warning] Feature has no GFF ID
[2021-04-27 21:11:19.131] [jointLog] [warning] Feature has no GFF ID
[2021-04-27 21:11:19.131] [jointLog] [warning] Feature has no GFF ID
[2021-04-27 21:11:19.131] [jointLog] [warning] Feature has no GFF ID
[2021-04-27 21:11:19.131] [jointLog] [warning] Feature has no GFF ID
[2021-04-27 21:11:19.131] [jointLog] [warning] Feature has no GFF ID
[2021-04-27 21:11:19.131] [jointLog] [warning] Feature has no GFF ID
[2021-04-27 21:11:19.131] [jointLog] [warning] Feature has no GFF ID
[2021-04-27 21:11:19.131] [jointLog] [warning] Feature has no GFF ID
[2021-04-27 21:11:19.131] [jointLog] [warning] Feature has no GFF ID
[2021-04-27 21:11:19.131] [jointLog] [warning] Feature has no GFF ID
[2021-04-27 21:11:19.131] [jointLog] [warning] Feature has no GFF ID
[2021-04-27 21:11:19.131] [jointLog] [warning] Feature has no GFF ID
[2021-04-27 21:11:19.131] [jointLog] [warning] Feature has no GFF ID
[2021-04-27 21:11:19.131] [jointLog] [warning] Feature has no GFF ID
[2021-04-27 21:11:19.131] [jointLog] [warning] Feature has no GFF ID
[2021-04-27 21:11:19.131] [jointLog] [warning] Feature has no GFF ID
[2021-04-27 21:11:19.131] [jointLog] [warning] Feature has no GFF ID
[2021-04-27 21:11:19.131] [jointLog] [warning] Feature has no GFF ID
[2021-04-27 21:11:19.131] [jointLog] [warning] Feature has no GFF ID
[2021-04-27 21:11:19.131] [jointLog] [warning] Feature has no GFF ID
[2021-04-27 21:11:19.131] [jointLog] [warning] Feature has no GFF ID
[2021-04-27 21:11:19.131] [jointLog] [warning] Feature has no GFF ID
[2021-04-27 21:11:19.131] [jointLog] [warning] Feature has no GFF ID
[2021-04-27 21:11:19.131] [jointLog] [warning] Feature has no GFF ID
[2021-04-27 21:11:19.131] [jointLog] [warning] Feature has no GFF ID
[2021-04-27 21:11:19.131] [jointLog] [warning] Feature has no GFF ID
[2021-04-27 21:11:19.131] [jointLog] [warning] Feature has no GFF ID
[2021-04-27 21:11:19.131] [jointLog] [warning] Feature has no GFF ID
[2021-04-27 21:11:19.131] [jointLog] [warning] Feature has no GFF ID
[2021-04-27 21:11:19.131] [jointLog] [warning] Feature has no GFF ID
[2021-04-27 21:11:19.131] [jointLog] [warning] Feature has no GFF ID
[2021-04-27 21:11:19.131] [jointLog] [warning] Feature has no GFF ID
[2021-04-27 21:11:19.131] [jointLog] [warning] Feature has no GFF ID
[2021-04-27 21:11:19.131] [jointLog] [warning] Feature has no GFF ID
[2021-04-27 21:11:19.131] [jointLog] [warning] Feature has no GFF ID
[2021-04-27 21:11:19.131] [jointLog] [warning] Feature has no GFF ID
[2021-04-27 21:11:19.465] [jointLog] [info] There were 142604 transcripts mapping to 55401 genes
[2021-04-27 21:11:19.465] [jointLog] [info] NOTE: We recommend using tximport (https://bioconductor.org/packages/release/bioc/html/tximport.html) for aggregating transcript-level salmon abundance estimates to the gene level.  It is more versatile, exposes more features, and allows considering multi-sample information during aggregation.
[2021-04-27 21:11:19.756] [jointLog] [warning] couldn't find transcript named [DQ459430] in transcript <-> gene map; returning transcript as it's own gene
[2021-04-27 21:11:19.756] [jointLog] [warning] couldn't find transcript named [DQ516784] in transcript <-> gene map; returning transcript as it's own gene
[2021-04-27 21:11:19.756] [jointLog] [warning] couldn't find transcript named [DQ516752] in transcript <-> gene map; returning transcript as it's own gene
[2021-04-27 21:11:19.756] [jointLog] [warning] couldn't find transcript named [DQ668364] in transcript <-> gene map; returning transcript as it's own gene
[2021-04-27 21:11:19.756] [jointLog] [warning] couldn't find transcript named [DQ883670] in transcript <-> gene map; returning transcript as it's own gene
[2021-04-27 21:11:19.756] [jointLog] [warning] couldn't find transcript named [EF011062] in transcript <-> gene map; returning transcript as it's own gene
[2021-04-27 21:11:19.756] [jointLog] [warning] couldn't find transcript named [DQ875385] in transcript <-> gene map; returning transcript as it's own gene
[2021-04-27 21:11:19.756] [jointLog] [warning] couldn't find transcript named [DQ883664] in transcript <-> gene map; returning transcript as it's own gene
[2021-04-27 21:11:19.756] [jointLog] [warning] couldn't find transcript named [DQ459420] in transcript <-> gene map; returning transcript as it's own gene
[2021-04-27 21:11:19.756] [jointLog] [warning] couldn't find transcript named [DQ883651] in transcript <-> gene map; returning transcript as it's own gene
[2021-04-27 21:11:19.756] [jointLog] [warning] couldn't find transcript named [DQ855004] in transcript <-> gene map; returning transcript as it's own gene
[2021-04-27 21:11:19.756] [jointLog] [warning] couldn't find transcript named [DQ854993] in transcript <-> gene map; returning transcript as it's own gene
[2021-04-27 21:11:19.756] [jointLog] [warning] couldn't find transcript named [DQ883689] in transcript <-> gene map; returning transcript as it's own gene
[2021-04-27 21:11:19.756] [jointLog] [warning] couldn't find transcript named [DQ459419] in transcript <-> gene map; returning transcript as it's own gene
[2021-04-27 21:11:19.756] [jointLog] [warning] couldn't find transcript named [DQ459431] in transcript <-> gene map; returning transcript as it's own gene
[2021-04-27 21:11:19.756] [jointLog] [warning] couldn't find transcript named [DQ516796] in transcript <-> gene map; returning transcript as it's own gene
[2021-04-27 21:11:19.756] [jointLog] [warning] couldn't find transcript named [DQ855001] in transcript <-> gene map; returning transcript as it's own gene
[2021-04-27 21:11:19.756] [jointLog] [warning] couldn't find transcript named [DQ459413] in transcript <-> gene map; returning transcript as it's own gene
[2021-04-27 21:11:19.756] [jointLog] [warning] couldn't find transcript named [DQ883656] in transcript <-> gene map; returning transcript as it's own gene
[2021-04-27 21:11:19.756] [jointLog] [warning] couldn't find transcript named [DQ883661] in transcript <-> gene map; returning transcript as it's own gene
[2021-04-27 21:11:19.756] [jointLog] [warning] couldn't find transcript named [EF011069] in transcript <-> gene map; returning transcript as it's own gene
[2021-04-27 21:11:19.756] [jointLog] [warning] couldn't find transcript named [DQ516783] in transcript <-> gene map; returning transcript as it's own gene
[2021-04-27 21:11:19.756] [jointLog] [warning] couldn't find transcript named [DQ516787] in transcript <-> gene map; returning transcript as it's own gene
[2021-04-27 21:11:19.756] [jointLog] [warning] couldn't find transcript named [DQ459424] in transcript <-> gene map; returning transcript as it's own gene
[2021-04-27 21:11:19.756] [jointLog] [warning] couldn't find transcript named [DQ516748] in transcript <-> gene map; returning transcript as it's own gene
[2021-04-27 21:11:19.756] [jointLog] [warning] couldn't find transcript named [DQ883671] in transcript <-> gene map; returning transcript as it's own gene
[2021-04-27 21:11:19.756] [jointLog] [warning] couldn't find transcript named [DQ516740] in transcript <-> gene map; returning transcript as it's own gene
[2021-04-27 21:11:19.756] [jointLog] [warning] couldn't find transcript named [DQ516785] in transcript <-> gene map; returning transcript as it's own gene
[2021-04-27 21:11:19.756] [jointLog] [warning] couldn't find transcript named [DQ516731] in transcript <-> gene map; returning transcript as it's own gene
[2021-04-27 21:11:19.756] [jointLog] [warning] couldn't find transcript named [DQ668366] in transcript <-> gene map; returning transcript as it's own gene
[2021-04-27 21:11:19.756] [jointLog] [warning] couldn't find transcript named [DQ459418] in transcript <-> gene map; returning transcript as it's own gene
[2021-04-27 21:11:19.756] [jointLog] [warning] couldn't find transcript named [DQ668356] in transcript <-> gene map; returning transcript as it's own gene
[2021-04-27 21:11:19.756] [jointLog] [warning] couldn't find transcript named [DQ516763] in transcript <-> gene map; returning transcript as it's own gene
[2021-04-27 21:11:19.756] [jointLog] [warning] couldn't find transcript named [DQ459426] in transcript <-> gene map; returning transcript as it's own gene
[2021-04-27 21:11:19.756] [jointLog] [warning] couldn't find transcript named [DQ516786] in transcript <-> gene map; returning transcript as it's own gene
[2021-04-27 21:11:19.756] [jointLog] [warning] couldn't find transcript named [DQ883653] in transcript <-> gene map; returning transcript as it's own gene
[2021-04-27 21:11:19.756] [jointLog] [warning] couldn't find transcript named [DQ459421] in transcript <-> gene map; returning transcript as it's own gene
[2021-04-27 21:11:19.756] [jointLog] [warning] couldn't find transcript named [DQ883654] in transcript <-> gene map; returning transcript as it's own gene
[2021-04-27 21:11:19.756] [jointLog] [warning] couldn't find transcript named [DQ668358] in transcript <-> gene map; returning transcript as it's own gene
[2021-04-27 21:11:19.756] [jointLog] [warning] couldn't find transcript named [DQ516754] in transcript <-> gene map; returning transcript as it's own gene
[2021-04-27 21:11:19.756] [jointLog] [warning] couldn't find transcript named [DQ516778] in transcript <-> gene map; returning transcript as it's own gene
[2021-04-27 21:11:19.756] [jointLog] [warning] couldn't find transcript named [DQ883650] in transcript <-> gene map; returning transcript as it's own gene
[2021-04-27 21:11:19.756] [jointLog] [warning] couldn't find transcript named [DQ516742] in transcript <-> gene map; returning transcript as it's own gene
[2021-04-27 21:11:19.756] [jointLog] [warning] couldn't find transcript named [DQ883673] in transcript <-> gene map; returning transcript as it's own gene
[2021-04-27 21:11:19.756] [jointLog] [warning] couldn't find transcript named [DQ883652] in transcript <-> gene map; returning transcript as it's own gene
[2021-04-27 21:11:19.756] [jointLog] [warning] couldn't find transcript named [DQ854991] in transcript <-> gene map; returning transcript as it's own gene
[2021-04-27 21:11:19.756] [jointLog] [warning] couldn't find transcript named [DQ516780] in transcript <-> gene map; returning transcript as it's own gene
[2021-04-27 21:11:19.756] [jointLog] [warning] couldn't find transcript named [DQ883682] in transcript <-> gene map; returning transcript as it's own gene
[2021-04-27 21:11:19.756] [jointLog] [warning] couldn't find transcript named [DQ883669] in transcript <-> gene map; returning transcript as it's own gene
[2021-04-27 21:11:19.756] [jointLog] [warning] couldn't find transcript named [DQ516791] in transcript <-> gene map; returning transcript as it's own gene
[2021-04-27 21:11:19.756] [jointLog] [warning] couldn't find transcript named [DQ459425] in transcript <-> gene map; returning transcript as it's own gene
[2021-04-27 21:11:19.756] [jointLog] [warning] couldn't find transcript named [DQ516759] in transcript <-> gene map; returning transcript as it's own gene
[2021-04-27 21:11:19.756] [jointLog] [warning] couldn't find transcript named [DQ459429] in transcript <-> gene map; returning transcript as it's own gene
[2021-04-27 21:11:19.756] [jointLog] [warning] couldn't find transcript named [DQ516758] in transcript <-> gene map; returning transcript as it's own gene
[2021-04-27 21:11:19.756] [jointLog] [warning] couldn't find transcript named [DQ459415] in transcript <-> gene map; returning transcript as it's own gene
[2021-04-27 21:11:19.756] [jointLog] [warning] couldn't find transcript named [DQ875387] in transcript <-> gene map; returning transcript as it's own gene
[2021-04-27 21:11:19.756] [jointLog] [warning] couldn't find transcript named [DQ516815] in transcript <-> gene map; returning transcript as it's own gene
[2021-04-27 21:11:19.756] [jointLog] [warning] couldn't find transcript named [DQ668365] in transcript <-> gene map; returning transcript as it's own gene
[2021-04-27 21:11:19.756] [jointLog] [warning] couldn't find transcript named [DQ854998] in transcript <-> gene map; returning transcript as it's own gene
[2021-04-27 21:11:19.756] [jointLog] [warning] couldn't find transcript named [DQ883685] in transcript <-> gene map; returning transcript as it's own gene
[2021-04-27 21:11:19.756] [jointLog] [warning] couldn't find transcript named [DQ459422] in transcript <-> gene map; returning transcript as it's own gene
[2021-04-27 21:11:19.756] [jointLog] [warning] couldn't find transcript named [DQ883663] in transcript <-> gene map; returning transcript as it's own gene
[2021-04-27 21:11:19.756] [jointLog] [warning] couldn't find transcript named [DQ668367] in transcript <-> gene map; returning transcript as it's own gene
[2021-04-27 21:11:19.756] [jointLog] [warning] couldn't find transcript named [DQ459412] in transcript <-> gene map; returning transcript as it's own gene
[2021-04-27 21:11:19.756] [jointLog] [warning] couldn't find transcript named [DQ854992] in transcript <-> gene map; returning transcript as it's own gene
[2021-04-27 21:11:19.756] [jointLog] [warning] couldn't find transcript named [DQ516782] in transcript <-> gene map; returning transcript as it's own gene
[2021-04-27 21:11:19.756] [jointLog] [warning] couldn't find transcript named [DQ459427] in transcript <-> gene map; returning transcript as it's own gene
[2021-04-27 21:11:19.756] [jointLog] [warning] couldn't find transcript named [EF011072] in transcript <-> gene map; returning transcript as it's own gene
[2021-04-27 21:11:19.756] [jointLog] [warning] couldn't find transcript named [DQ855003] in transcript <-> gene map; returning transcript as it's own gene
[2021-04-27 21:11:19.756] [jointLog] [warning] couldn't find transcript named [DQ516739] in transcript <-> gene map; returning transcript as it's own gene
[2021-04-27 21:11:19.756] [jointLog] [warning] couldn't find transcript named [EF011063] in transcript <-> gene map; returning transcript as it's own gene
[2021-04-27 21:11:19.756] [jointLog] [warning] couldn't find transcript named [DQ855000] in transcript <-> gene map; returning transcript as it's own gene
[2021-04-27 21:11:19.756] [jointLog] [warning] couldn't find transcript named [DQ516777] in transcript <-> gene map; returning transcript as it's own gene
[2021-04-27 21:11:19.756] [jointLog] [warning] couldn't find transcript named [DQ883646] in transcript <-> gene map; returning transcript as it's own gene
[2021-04-27 21:11:19.756] [jointLog] [warning] couldn't find transcript named [DQ668362] in transcript <-> gene map; returning transcript as it's own gene
[2021-04-27 21:11:19.756] [jointLog] [warning] couldn't find transcript named [DQ854995] in transcript <-> gene map; returning transcript as it's own gene
[2021-04-27 21:11:19.756] [jointLog] [warning] couldn't find transcript named [DQ875386] in transcript <-> gene map; returning transcript as it's own gene
[2021-04-27 21:11:19.756] [jointLog] [warning] couldn't find transcript named [DQ516790] in transcript <-> gene map; returning transcript as it's own gene
[2021-04-27 21:11:19.756] [jointLog] [warning] couldn't find transcript named [DQ883642] in transcript <-> gene map; returning transcript as it's own gene
[2021-04-27 21:11:19.756] [jointLog] [warning] couldn't find transcript named [DQ883659] in transcript <-> gene map; returning transcript as it's own gene
[2021-04-27 21:11:19.756] [jointLog] [warning] couldn't find transcript named [DQ854997] in transcript <-> gene map; returning transcript as it's own gene
[2021-04-27 21:11:19.756] [jointLog] [warning] couldn't find transcript named [DQ883643] in transcript <-> gene map; returning transcript as it's own gene
[2021-04-27 21:11:19.756] [jointLog] [warning] couldn't find transcript named [DQ839618] in transcript <-> gene map; returning transcript as it's own gene
[2021-04-27 21:11:19.756] [jointLog] [warning] couldn't find transcript named [DQ516795] in transcript <-> gene map; returning transcript as it's own gene
[2021-04-27 21:11:19.756] [jointLog] [warning] couldn't find transcript named [DQ883658] in transcript <-> gene map; returning transcript as it's own gene
[2021-04-27 21:11:19.756] [jointLog] [warning] couldn't find transcript named [DQ516750] in transcript <-> gene map; returning transcript as it's own gene
[2021-04-27 21:11:19.756] [jointLog] [warning] couldn't find transcript named [DQ668359] in transcript <-> gene map; returning transcript as it's own gene
[2021-04-27 21:11:19.756] [jointLog] [warning] couldn't find transcript named [DQ516779] in transcript <-> gene map; returning transcript as it's own gene
[2021-04-27 21:11:19.756] [jointLog] [warning] couldn't find transcript named [DQ668363] in transcript <-> gene map; returning transcript as it's own gene
[2021-04-27 21:11:19.756] [jointLog] [warning] couldn't find transcript named [DQ516776] in transcript <-> gene map; returning transcript as it's own gene
[2021-04-27 21:11:19.756] [jointLog] [warning] couldn't find transcript named [DQ516773] in transcript <-> gene map; returning transcript as it's own gene
[2021-04-27 21:11:19.756] [jointLog] [warning] couldn't find transcript named [DQ854994] in transcript <-> gene map; returning transcript as it's own gene
[2021-04-27 21:11:19.757] [jointLog] [info] Aggregating expressions to gene level
[2021-04-27 21:11:19.980] [jointLog] [info] done
