[2021-05-23 11:06:12.464] [jointLog] [info] setting maxHashResizeThreads to 6
[2021-05-23 11:06:12.464] [jointLog] [info] Fragment incompatibility prior below threshold.  Incompatible fragments will be ignored.
[2021-05-23 11:06:12.491] [jointLog] [info] numQuantThreads = 3
[2021-05-23 11:06:17.650] [fileLog] [info] quantification processed 0 fragments so far

[2021-05-23 11:06:17.337] [jointLog] [info] replaced 4 non-ACGT nucleotides with random nucleotides
[2021-05-23 11:06:20.866] [fileLog] [info] quantification processed 1000000 fragments so far

[2021-05-23 11:06:24.119] [fileLog] [info] quantification processed 2000000 fragments so far

[2021-05-23 11:06:25.639] [jointLog] [info] 

The alignment group queue pool has been exhausted.  3498960 extra fragments were allocated on the heap to saturate the pool.  No new fragments will be allocated


[2021-05-23 11:06:34.026] [fileLog] [info] quantification processed 3000000 fragments so far

[2021-05-23 11:06:50.080] [fileLog] [info] quantification processed 4000000 fragments so far

[2021-05-23 11:07:06.450] [fileLog] [info] quantification processed 5000000 fragments so far

[2021-05-23 11:07:22.732] [fileLog] [info] quantification processed 6000000 fragments so far

[2021-05-23 11:07:38.989] [fileLog] [info] quantification processed 7000000 fragments so far

[2021-05-23 11:07:42.860] [fileLog] [info] quantification processed 8000000 fragments so far

[2021-05-23 11:07:46.733] [fileLog] [info] quantification processed 9000000 fragments so far

[2021-05-23 11:07:50.601] [fileLog] [info] quantification processed 10000000 fragments so far

[2021-05-23 11:07:54.349] [fileLog] [info] quantification processed 11000000 fragments so far

[2021-05-23 11:07:58.126] [fileLog] [info] quantification processed 12000000 fragments so far

[2021-05-23 11:08:02.012] [fileLog] [info] quantification processed 13000000 fragments so far

[2021-05-23 11:08:05.793] [fileLog] [info] quantification processed 14000000 fragments so far

[2021-05-23 11:08:09.599] [fileLog] [info] quantification processed 15000000 fragments so far

[2021-05-23 11:08:13.407] [fileLog] [info] quantification processed 16000000 fragments so far

[2021-05-23 11:08:17.268] [fileLog] [info] quantification processed 17000000 fragments so far

[2021-05-23 11:08:21.055] [fileLog] [info] quantification processed 18000000 fragments so far

[2021-05-23 11:08:24.867] [fileLog] [info] quantification processed 19000000 fragments so far

[2021-05-23 11:08:28.620] [fileLog] [info] quantification processed 20000000 fragments so far

[2021-05-23 11:08:32.427] [fileLog] [info] quantification processed 21000000 fragments so far

[2021-05-23 11:08:36.195] [fileLog] [info] quantification processed 22000000 fragments so far

[2021-05-23 11:08:40.008] [fileLog] [info] quantification processed 23000000 fragments so far

[2021-05-23 11:08:43.798] [fileLog] [info] quantification processed 24000000 fragments so far

[2021-05-23 11:08:47.716] [fileLog] [info] quantification processed 25000000 fragments so far

[2021-05-23 11:08:51.627] [fileLog] [info] quantification processed 26000000 fragments so far

[2021-05-23 11:08:55.415] [fileLog] [info] quantification processed 27000000 fragments so far

[2021-05-23 11:08:59.298] [fileLog] [info] quantification processed 28000000 fragments so far

[2021-05-23 11:09:03.073] [fileLog] [info] quantification processed 29000000 fragments so far

[2021-05-23 11:09:06.867] [fileLog] [info] quantification processed 30000000 fragments so far

[2021-05-23 11:09:10.708] [fileLog] [info] quantification processed 31000000 fragments so far

[2021-05-23 11:09:14.504] [fileLog] [info] quantification processed 32000000 fragments so far

[2021-05-23 11:09:18.293] [fileLog] [info] quantification processed 33000000 fragments so far

[2021-05-23 11:09:22.153] [fileLog] [info] quantification processed 34000000 fragments so far

[2021-05-23 11:09:25.995] [fileLog] [info] quantification processed 35000000 fragments so far

[2021-05-23 11:09:29.858] [fileLog] [info] quantification processed 36000000 fragments so far

[2021-05-23 11:09:33.655] [fileLog] [info] quantification processed 37000000 fragments so far

[2021-05-23 11:09:37.447] [fileLog] [info] quantification processed 38000000 fragments so far

[2021-05-23 11:09:41.254] [fileLog] [info] quantification processed 39000000 fragments so far

[2021-05-23 11:09:45.115] [fileLog] [info] quantification processed 40000000 fragments so far

[2021-05-23 11:09:49.006] [fileLog] [info] quantification processed 41000000 fragments so far

[2021-05-23 11:09:52.824] [fileLog] [info] quantification processed 42000000 fragments so far

[2021-05-23 11:09:56.619] [fileLog] [info] quantification processed 43000000 fragments so far

[2021-05-23 11:10:00.490] [fileLog] [info] quantification processed 44000000 fragments so far

[2021-05-23 11:10:04.276] [fileLog] [info] quantification processed 45000000 fragments so far

[2021-05-23 11:10:08.146] [fileLog] [info] quantification processed 46000000 fragments so far

[2021-05-23 11:10:11.978] [fileLog] [info] quantification processed 47000000 fragments so far

[2021-05-23 11:10:15.816] [fileLog] [info] quantification processed 48000000 fragments so far

[2021-05-23 11:10:19.708] [fileLog] [info] quantification processed 49000000 fragments so far

[2021-05-23 11:10:23.525] [fileLog] [info] quantification processed 50000000 fragments so far

[2021-05-23 11:10:23.599] [fileLog] [info] quantification processed 50019240 fragments so far

[2021-05-23 11:10:30.885] [jointLog] [info] Thread saw mini-batch with a maximum of 19.40% zero probability fragments
[2021-05-23 11:10:30.887] [jointLog] [info] Thread saw mini-batch with a maximum of 19.10% zero probability fragments
[2021-05-23 11:10:30.890] [jointLog] [info] Thread saw mini-batch with a maximum of 19.40% zero probability fragments
[2021-05-23 11:10:30.891] [jointLog] [info] 


Completed first pass through the alignment file.
Total # of mapped reads : 50019240
# of uniquely mapped reads : 17542839
# ambiguously mapped reads : 32476401



[2021-05-23 11:10:31.045] [jointLog] [info] Computed 188550 rich equivalence classes for further processing
[2021-05-23 11:10:31.045] [jointLog] [info] Counted 49784063 total reads in the equivalence classes 
[2021-05-23 11:10:31.048] [jointLog] [info] starting optimizer
[2021-05-23 11:10:31.144] [jointLog] [info] Marked 0 weighted equivalence classes as degenerate
[2021-05-23 11:10:31.158] [jointLog] [info] iteration = 0 | max rel diff. = 149.653
[2021-05-23 11:10:32.554] [jointLog] [info] iteration = 100 | max rel diff. = 19.4852
[2021-05-23 11:10:33.943] [jointLog] [info] iteration = 200 | max rel diff. = 13.9638
[2021-05-23 11:10:35.345] [jointLog] [info] iteration = 300 | max rel diff. = 0.915028
[2021-05-23 11:10:36.743] [jointLog] [info] iteration = 400 | max rel diff. = 1.59419
[2021-05-23 11:10:38.133] [jointLog] [info] iteration = 500 | max rel diff. = 11.9852
[2021-05-23 11:10:39.535] [jointLog] [info] iteration = 600 | max rel diff. = 0.303792
[2021-05-23 11:10:40.911] [jointLog] [info] iteration = 700 | max rel diff. = 5.80055
[2021-05-23 11:10:42.305] [jointLog] [info] iteration = 800 | max rel diff. = 0.105673
[2021-05-23 11:10:43.680] [jointLog] [info] iteration = 900 | max rel diff. = 0.0746132
[2021-05-23 11:10:45.060] [jointLog] [info] iteration = 1000 | max rel diff. = 3.81946
[2021-05-23 11:10:46.436] [jointLog] [info] iteration = 1100 | max rel diff. = 0.13276
[2021-05-23 11:10:47.816] [jointLog] [info] iteration = 1200 | max rel diff. = 0.161745
[2021-05-23 11:10:49.194] [jointLog] [info] iteration = 1300 | max rel diff. = 0.510434
[2021-05-23 11:10:50.590] [jointLog] [info] iteration = 1400 | max rel diff. = 0.0499996
[2021-05-23 11:10:51.989] [jointLog] [info] iteration = 1500 | max rel diff. = 0.151543
[2021-05-23 11:10:53.369] [jointLog] [info] iteration = 1600 | max rel diff. = 0.757564
[2021-05-23 11:10:54.747] [jointLog] [info] iteration = 1700 | max rel diff. = 0.065225
[2021-05-23 11:10:56.123] [jointLog] [info] iteration = 1800 | max rel diff. = 0.0550077
[2021-05-23 11:10:57.536] [jointLog] [info] iteration = 1900 | max rel diff. = 0.0224852
[2021-05-23 11:10:58.155] [jointLog] [info] iteration = 1946 | max rel diff. = 0.00979569
[2021-05-23 11:10:58.188] [jointLog] [info] finished optimizer
[2021-05-23 11:10:58.188] [jointLog] [info] writing output
[2021-05-23 11:11:00.194] [jointLog] [info] Computing gene-level abundance estimates
[2021-05-23 11:11:31.856] [jointLog] [warning] Feature has no GFF ID
[2021-05-23 11:11:31.856] [jointLog] [warning] Feature has no GFF ID
[2021-05-23 11:11:31.856] [jointLog] [warning] Feature has no GFF ID
[2021-05-23 11:11:31.856] [jointLog] [warning] Feature has no GFF ID
[2021-05-23 11:11:31.856] [jointLog] [warning] Feature has no GFF ID
[2021-05-23 11:11:31.856] [jointLog] [warning] Feature has no GFF ID
[2021-05-23 11:11:31.856] [jointLog] [warning] Feature has no GFF ID
[2021-05-23 11:11:31.856] [jointLog] [warning] Feature has no GFF ID
[2021-05-23 11:11:31.856] [jointLog] [warning] Feature has no GFF ID
[2021-05-23 11:11:31.856] [jointLog] [warning] Feature has no GFF ID
[2021-05-23 11:11:31.856] [jointLog] [warning] Feature has no GFF ID
[2021-05-23 11:11:31.856] [jointLog] [warning] Feature has no GFF ID
[2021-05-23 11:11:31.856] [jointLog] [warning] Feature has no GFF ID
[2021-05-23 11:11:31.856] [jointLog] [warning] Feature has no GFF ID
[2021-05-23 11:11:31.856] [jointLog] [warning] Feature has no GFF ID
[2021-05-23 11:11:31.856] [jointLog] [warning] Feature has no GFF ID
[2021-05-23 11:11:31.856] [jointLog] [warning] Feature has no GFF ID
[2021-05-23 11:11:31.856] [jointLog] [warning] Feature has no GFF ID
[2021-05-23 11:11:31.856] [jointLog] [warning] Feature has no GFF ID
[2021-05-23 11:11:31.856] [jointLog] [warning] Feature has no GFF ID
[2021-05-23 11:11:31.856] [jointLog] [warning] Feature has no GFF ID
[2021-05-23 11:11:31.856] [jointLog] [warning] Feature has no GFF ID
[2021-05-23 11:11:31.856] [jointLog] [warning] Feature has no GFF ID
[2021-05-23 11:11:31.856] [jointLog] [warning] Feature has no GFF ID
[2021-05-23 11:11:31.856] [jointLog] [warning] Feature has no GFF ID
[2021-05-23 11:11:31.856] [jointLog] [warning] Feature has no GFF ID
[2021-05-23 11:11:31.856] [jointLog] [warning] Feature has no GFF ID
[2021-05-23 11:11:31.856] [jointLog] [warning] Feature has no GFF ID
[2021-05-23 11:11:31.856] [jointLog] [warning] Feature has no GFF ID
[2021-05-23 11:11:31.856] [jointLog] [warning] Feature has no GFF ID
[2021-05-23 11:11:31.856] [jointLog] [warning] Feature has no GFF ID
[2021-05-23 11:11:31.856] [jointLog] [warning] Feature has no GFF ID
[2021-05-23 11:11:31.856] [jointLog] [warning] Feature has no GFF ID
[2021-05-23 11:11:31.856] [jointLog] [warning] Feature has no GFF ID
[2021-05-23 11:11:31.856] [jointLog] [warning] Feature has no GFF ID
[2021-05-23 11:11:31.856] [jointLog] [warning] Feature has no GFF ID
[2021-05-23 11:11:31.856] [jointLog] [warning] Feature has no GFF ID
[2021-05-23 11:11:31.856] [jointLog] [warning] Feature has no GFF ID
[2021-05-23 11:11:31.856] [jointLog] [warning] Feature has no GFF ID
[2021-05-23 11:11:31.856] [jointLog] [warning] Feature has no GFF ID
[2021-05-23 11:11:31.856] [jointLog] [warning] Feature has no GFF ID
[2021-05-23 11:11:31.856] [jointLog] [warning] Feature has no GFF ID
[2021-05-23 11:11:31.856] [jointLog] [warning] Feature has no GFF ID
[2021-05-23 11:11:31.856] [jointLog] [warning] Feature has no GFF ID
[2021-05-23 11:11:31.856] [jointLog] [warning] Feature has no GFF ID
[2021-05-23 11:11:31.856] [jointLog] [warning] Feature has no GFF ID
[2021-05-23 11:11:31.856] [jointLog] [warning] Feature has no GFF ID
[2021-05-23 11:11:31.856] [jointLog] [warning] Feature has no GFF ID
[2021-05-23 11:11:31.856] [jointLog] [warning] Feature has no GFF ID
[2021-05-23 11:11:31.856] [jointLog] [warning] Feature has no GFF ID
[2021-05-23 11:11:31.856] [jointLog] [warning] Feature has no GFF ID
[2021-05-23 11:11:31.856] [jointLog] [warning] Feature has no GFF ID
[2021-05-23 11:11:31.856] [jointLog] [warning] Feature has no GFF ID
[2021-05-23 11:11:31.856] [jointLog] [warning] Feature has no GFF ID
[2021-05-23 11:11:31.856] [jointLog] [warning] Feature has no GFF ID
[2021-05-23 11:11:31.856] [jointLog] [warning] Feature has no GFF ID
[2021-05-23 11:11:31.856] [jointLog] [warning] Feature has no GFF ID
[2021-05-23 11:11:31.856] [jointLog] [warning] Feature has no GFF ID
[2021-05-23 11:11:31.856] [jointLog] [warning] Feature has no GFF ID
[2021-05-23 11:11:31.856] [jointLog] [warning] Feature has no GFF ID
[2021-05-23 11:11:31.856] [jointLog] [warning] Feature has no GFF ID
[2021-05-23 11:11:31.856] [jointLog] [warning] Feature has no GFF ID
[2021-05-23 11:11:31.856] [jointLog] [warning] Feature has no GFF ID
[2021-05-23 11:11:31.856] [jointLog] [warning] Feature has no GFF ID
[2021-05-23 11:11:31.856] [jointLog] [warning] Feature has no GFF ID
[2021-05-23 11:11:31.856] [jointLog] [warning] Feature has no GFF ID
[2021-05-23 11:11:31.856] [jointLog] [warning] Feature has no GFF ID
[2021-05-23 11:11:31.856] [jointLog] [warning] Feature has no GFF ID
[2021-05-23 11:11:31.856] [jointLog] [warning] Feature has no GFF ID
[2021-05-23 11:11:31.856] [jointLog] [warning] Feature has no GFF ID
[2021-05-23 11:11:31.856] [jointLog] [warning] Feature has no GFF ID
[2021-05-23 11:11:31.856] [jointLog] [warning] Feature has no GFF ID
[2021-05-23 11:11:31.856] [jointLog] [warning] Feature has no GFF ID
[2021-05-23 11:11:31.856] [jointLog] [warning] Feature has no GFF ID
[2021-05-23 11:11:31.856] [jointLog] [warning] Feature has no GFF ID
[2021-05-23 11:11:31.856] [jointLog] [warning] Feature has no GFF ID
[2021-05-23 11:11:31.856] [jointLog] [warning] Feature has no GFF ID
[2021-05-23 11:11:31.856] [jointLog] [warning] Feature has no GFF ID
[2021-05-23 11:11:31.856] [jointLog] [warning] Feature has no GFF ID
[2021-05-23 11:11:31.856] [jointLog] [warning] Feature has no GFF ID
[2021-05-23 11:11:31.856] [jointLog] [warning] Feature has no GFF ID
[2021-05-23 11:11:31.856] [jointLog] [warning] Feature has no GFF ID
[2021-05-23 11:11:31.856] [jointLog] [warning] Feature has no GFF ID
[2021-05-23 11:11:31.856] [jointLog] [warning] Feature has no GFF ID
[2021-05-23 11:11:31.856] [jointLog] [warning] Feature has no GFF ID
[2021-05-23 11:11:31.856] [jointLog] [warning] Feature has no GFF ID
[2021-05-23 11:11:31.856] [jointLog] [warning] Feature has no GFF ID
[2021-05-23 11:11:31.856] [jointLog] [warning] Feature has no GFF ID
[2021-05-23 11:11:31.856] [jointLog] [warning] Feature has no GFF ID
[2021-05-23 11:11:31.856] [jointLog] [warning] Feature has no GFF ID
[2021-05-23 11:11:31.856] [jointLog] [warning] Feature has no GFF ID
[2021-05-23 11:11:31.856] [jointLog] [warning] Feature has no GFF ID
[2021-05-23 11:11:32.211] [jointLog] [info] There were 142604 transcripts mapping to 55401 genes
[2021-05-23 11:11:32.212] [jointLog] [info] NOTE: We recommend using tximport (https://bioconductor.org/packages/release/bioc/html/tximport.html) for aggregating transcript-level salmon abundance estimates to the gene level.  It is more versatile, exposes more features, and allows considering multi-sample information during aggregation.
[2021-05-23 11:11:32.543] [jointLog] [warning] couldn't find transcript named [DQ459430] in transcript <-> gene map; returning transcript as it's own gene
[2021-05-23 11:11:32.543] [jointLog] [warning] couldn't find transcript named [DQ516784] in transcript <-> gene map; returning transcript as it's own gene
[2021-05-23 11:11:32.543] [jointLog] [warning] couldn't find transcript named [DQ516752] in transcript <-> gene map; returning transcript as it's own gene
[2021-05-23 11:11:32.543] [jointLog] [warning] couldn't find transcript named [DQ668364] in transcript <-> gene map; returning transcript as it's own gene
[2021-05-23 11:11:32.543] [jointLog] [warning] couldn't find transcript named [DQ883670] in transcript <-> gene map; returning transcript as it's own gene
[2021-05-23 11:11:32.543] [jointLog] [warning] couldn't find transcript named [EF011062] in transcript <-> gene map; returning transcript as it's own gene
[2021-05-23 11:11:32.543] [jointLog] [warning] couldn't find transcript named [DQ875385] in transcript <-> gene map; returning transcript as it's own gene
[2021-05-23 11:11:32.543] [jointLog] [warning] couldn't find transcript named [DQ883664] in transcript <-> gene map; returning transcript as it's own gene
[2021-05-23 11:11:32.543] [jointLog] [warning] couldn't find transcript named [DQ459420] in transcript <-> gene map; returning transcript as it's own gene
[2021-05-23 11:11:32.543] [jointLog] [warning] couldn't find transcript named [DQ883651] in transcript <-> gene map; returning transcript as it's own gene
[2021-05-23 11:11:32.543] [jointLog] [warning] couldn't find transcript named [DQ855004] in transcript <-> gene map; returning transcript as it's own gene
[2021-05-23 11:11:32.543] [jointLog] [warning] couldn't find transcript named [DQ854993] in transcript <-> gene map; returning transcript as it's own gene
[2021-05-23 11:11:32.543] [jointLog] [warning] couldn't find transcript named [DQ883689] in transcript <-> gene map; returning transcript as it's own gene
[2021-05-23 11:11:32.543] [jointLog] [warning] couldn't find transcript named [DQ459419] in transcript <-> gene map; returning transcript as it's own gene
[2021-05-23 11:11:32.543] [jointLog] [warning] couldn't find transcript named [DQ459431] in transcript <-> gene map; returning transcript as it's own gene
[2021-05-23 11:11:32.543] [jointLog] [warning] couldn't find transcript named [DQ516796] in transcript <-> gene map; returning transcript as it's own gene
[2021-05-23 11:11:32.543] [jointLog] [warning] couldn't find transcript named [DQ855001] in transcript <-> gene map; returning transcript as it's own gene
[2021-05-23 11:11:32.543] [jointLog] [warning] couldn't find transcript named [DQ459413] in transcript <-> gene map; returning transcript as it's own gene
[2021-05-23 11:11:32.543] [jointLog] [warning] couldn't find transcript named [DQ883656] in transcript <-> gene map; returning transcript as it's own gene
[2021-05-23 11:11:32.543] [jointLog] [warning] couldn't find transcript named [DQ883661] in transcript <-> gene map; returning transcript as it's own gene
[2021-05-23 11:11:32.543] [jointLog] [warning] couldn't find transcript named [EF011069] in transcript <-> gene map; returning transcript as it's own gene
[2021-05-23 11:11:32.543] [jointLog] [warning] couldn't find transcript named [DQ516783] in transcript <-> gene map; returning transcript as it's own gene
[2021-05-23 11:11:32.543] [jointLog] [warning] couldn't find transcript named [DQ516787] in transcript <-> gene map; returning transcript as it's own gene
[2021-05-23 11:11:32.543] [jointLog] [warning] couldn't find transcript named [DQ459424] in transcript <-> gene map; returning transcript as it's own gene
[2021-05-23 11:11:32.543] [jointLog] [warning] couldn't find transcript named [DQ516748] in transcript <-> gene map; returning transcript as it's own gene
[2021-05-23 11:11:32.543] [jointLog] [warning] couldn't find transcript named [DQ883671] in transcript <-> gene map; returning transcript as it's own gene
[2021-05-23 11:11:32.543] [jointLog] [warning] couldn't find transcript named [DQ516740] in transcript <-> gene map; returning transcript as it's own gene
[2021-05-23 11:11:32.543] [jointLog] [warning] couldn't find transcript named [DQ516785] in transcript <-> gene map; returning transcript as it's own gene
[2021-05-23 11:11:32.543] [jointLog] [warning] couldn't find transcript named [DQ516731] in transcript <-> gene map; returning transcript as it's own gene
[2021-05-23 11:11:32.543] [jointLog] [warning] couldn't find transcript named [DQ668366] in transcript <-> gene map; returning transcript as it's own gene
[2021-05-23 11:11:32.543] [jointLog] [warning] couldn't find transcript named [DQ459418] in transcript <-> gene map; returning transcript as it's own gene
[2021-05-23 11:11:32.543] [jointLog] [warning] couldn't find transcript named [DQ668356] in transcript <-> gene map; returning transcript as it's own gene
[2021-05-23 11:11:32.543] [jointLog] [warning] couldn't find transcript named [DQ516763] in transcript <-> gene map; returning transcript as it's own gene
[2021-05-23 11:11:32.543] [jointLog] [warning] couldn't find transcript named [DQ459426] in transcript <-> gene map; returning transcript as it's own gene
[2021-05-23 11:11:32.543] [jointLog] [warning] couldn't find transcript named [DQ516786] in transcript <-> gene map; returning transcript as it's own gene
[2021-05-23 11:11:32.543] [jointLog] [warning] couldn't find transcript named [DQ883653] in transcript <-> gene map; returning transcript as it's own gene
[2021-05-23 11:11:32.543] [jointLog] [warning] couldn't find transcript named [DQ459421] in transcript <-> gene map; returning transcript as it's own gene
[2021-05-23 11:11:32.543] [jointLog] [warning] couldn't find transcript named [DQ883654] in transcript <-> gene map; returning transcript as it's own gene
[2021-05-23 11:11:32.543] [jointLog] [warning] couldn't find transcript named [DQ668358] in transcript <-> gene map; returning transcript as it's own gene
[2021-05-23 11:11:32.543] [jointLog] [warning] couldn't find transcript named [DQ516754] in transcript <-> gene map; returning transcript as it's own gene
[2021-05-23 11:11:32.543] [jointLog] [warning] couldn't find transcript named [DQ516778] in transcript <-> gene map; returning transcript as it's own gene
[2021-05-23 11:11:32.543] [jointLog] [warning] couldn't find transcript named [DQ883650] in transcript <-> gene map; returning transcript as it's own gene
[2021-05-23 11:11:32.543] [jointLog] [warning] couldn't find transcript named [DQ516742] in transcript <-> gene map; returning transcript as it's own gene
[2021-05-23 11:11:32.543] [jointLog] [warning] couldn't find transcript named [DQ883673] in transcript <-> gene map; returning transcript as it's own gene
[2021-05-23 11:11:32.543] [jointLog] [warning] couldn't find transcript named [DQ883652] in transcript <-> gene map; returning transcript as it's own gene
[2021-05-23 11:11:32.543] [jointLog] [warning] couldn't find transcript named [DQ854991] in transcript <-> gene map; returning transcript as it's own gene
[2021-05-23 11:11:32.543] [jointLog] [warning] couldn't find transcript named [DQ516780] in transcript <-> gene map; returning transcript as it's own gene
[2021-05-23 11:11:32.543] [jointLog] [warning] couldn't find transcript named [DQ883682] in transcript <-> gene map; returning transcript as it's own gene
[2021-05-23 11:11:32.543] [jointLog] [warning] couldn't find transcript named [DQ883669] in transcript <-> gene map; returning transcript as it's own gene
[2021-05-23 11:11:32.543] [jointLog] [warning] couldn't find transcript named [DQ516791] in transcript <-> gene map; returning transcript as it's own gene
[2021-05-23 11:11:32.543] [jointLog] [warning] couldn't find transcript named [DQ459425] in transcript <-> gene map; returning transcript as it's own gene
[2021-05-23 11:11:32.543] [jointLog] [warning] couldn't find transcript named [DQ516759] in transcript <-> gene map; returning transcript as it's own gene
[2021-05-23 11:11:32.543] [jointLog] [warning] couldn't find transcript named [DQ459429] in transcript <-> gene map; returning transcript as it's own gene
[2021-05-23 11:11:32.543] [jointLog] [warning] couldn't find transcript named [DQ516758] in transcript <-> gene map; returning transcript as it's own gene
[2021-05-23 11:11:32.543] [jointLog] [warning] couldn't find transcript named [DQ459415] in transcript <-> gene map; returning transcript as it's own gene
[2021-05-23 11:11:32.543] [jointLog] [warning] couldn't find transcript named [DQ875387] in transcript <-> gene map; returning transcript as it's own gene
[2021-05-23 11:11:32.543] [jointLog] [warning] couldn't find transcript named [DQ516815] in transcript <-> gene map; returning transcript as it's own gene
[2021-05-23 11:11:32.543] [jointLog] [warning] couldn't find transcript named [DQ668365] in transcript <-> gene map; returning transcript as it's own gene
[2021-05-23 11:11:32.543] [jointLog] [warning] couldn't find transcript named [DQ854998] in transcript <-> gene map; returning transcript as it's own gene
[2021-05-23 11:11:32.543] [jointLog] [warning] couldn't find transcript named [DQ883685] in transcript <-> gene map; returning transcript as it's own gene
[2021-05-23 11:11:32.543] [jointLog] [warning] couldn't find transcript named [DQ459422] in transcript <-> gene map; returning transcript as it's own gene
[2021-05-23 11:11:32.543] [jointLog] [warning] couldn't find transcript named [DQ883663] in transcript <-> gene map; returning transcript as it's own gene
[2021-05-23 11:11:32.543] [jointLog] [warning] couldn't find transcript named [DQ668367] in transcript <-> gene map; returning transcript as it's own gene
[2021-05-23 11:11:32.543] [jointLog] [warning] couldn't find transcript named [DQ459412] in transcript <-> gene map; returning transcript as it's own gene
[2021-05-23 11:11:32.543] [jointLog] [warning] couldn't find transcript named [DQ854992] in transcript <-> gene map; returning transcript as it's own gene
[2021-05-23 11:11:32.543] [jointLog] [warning] couldn't find transcript named [DQ516782] in transcript <-> gene map; returning transcript as it's own gene
[2021-05-23 11:11:32.543] [jointLog] [warning] couldn't find transcript named [DQ459427] in transcript <-> gene map; returning transcript as it's own gene
[2021-05-23 11:11:32.543] [jointLog] [warning] couldn't find transcript named [EF011072] in transcript <-> gene map; returning transcript as it's own gene
[2021-05-23 11:11:32.543] [jointLog] [warning] couldn't find transcript named [DQ855003] in transcript <-> gene map; returning transcript as it's own gene
[2021-05-23 11:11:32.543] [jointLog] [warning] couldn't find transcript named [DQ516739] in transcript <-> gene map; returning transcript as it's own gene
[2021-05-23 11:11:32.543] [jointLog] [warning] couldn't find transcript named [EF011063] in transcript <-> gene map; returning transcript as it's own gene
[2021-05-23 11:11:32.543] [jointLog] [warning] couldn't find transcript named [DQ855000] in transcript <-> gene map; returning transcript as it's own gene
[2021-05-23 11:11:32.543] [jointLog] [warning] couldn't find transcript named [DQ516777] in transcript <-> gene map; returning transcript as it's own gene
[2021-05-23 11:11:32.543] [jointLog] [warning] couldn't find transcript named [DQ883646] in transcript <-> gene map; returning transcript as it's own gene
[2021-05-23 11:11:32.543] [jointLog] [warning] couldn't find transcript named [DQ668362] in transcript <-> gene map; returning transcript as it's own gene
[2021-05-23 11:11:32.543] [jointLog] [warning] couldn't find transcript named [DQ854995] in transcript <-> gene map; returning transcript as it's own gene
[2021-05-23 11:11:32.543] [jointLog] [warning] couldn't find transcript named [DQ875386] in transcript <-> gene map; returning transcript as it's own gene
[2021-05-23 11:11:32.543] [jointLog] [warning] couldn't find transcript named [DQ516790] in transcript <-> gene map; returning transcript as it's own gene
[2021-05-23 11:11:32.543] [jointLog] [warning] couldn't find transcript named [DQ883642] in transcript <-> gene map; returning transcript as it's own gene
[2021-05-23 11:11:32.543] [jointLog] [warning] couldn't find transcript named [DQ883659] in transcript <-> gene map; returning transcript as it's own gene
[2021-05-23 11:11:32.543] [jointLog] [warning] couldn't find transcript named [DQ854997] in transcript <-> gene map; returning transcript as it's own gene
[2021-05-23 11:11:32.543] [jointLog] [warning] couldn't find transcript named [DQ883643] in transcript <-> gene map; returning transcript as it's own gene
[2021-05-23 11:11:32.543] [jointLog] [warning] couldn't find transcript named [DQ839618] in transcript <-> gene map; returning transcript as it's own gene
[2021-05-23 11:11:32.543] [jointLog] [warning] couldn't find transcript named [DQ516795] in transcript <-> gene map; returning transcript as it's own gene
[2021-05-23 11:11:32.543] [jointLog] [warning] couldn't find transcript named [DQ883658] in transcript <-> gene map; returning transcript as it's own gene
[2021-05-23 11:11:32.543] [jointLog] [warning] couldn't find transcript named [DQ516750] in transcript <-> gene map; returning transcript as it's own gene
[2021-05-23 11:11:32.543] [jointLog] [warning] couldn't find transcript named [DQ668359] in transcript <-> gene map; returning transcript as it's own gene
[2021-05-23 11:11:32.543] [jointLog] [warning] couldn't find transcript named [DQ516779] in transcript <-> gene map; returning transcript as it's own gene
[2021-05-23 11:11:32.543] [jointLog] [warning] couldn't find transcript named [DQ668363] in transcript <-> gene map; returning transcript as it's own gene
[2021-05-23 11:11:32.543] [jointLog] [warning] couldn't find transcript named [DQ516776] in transcript <-> gene map; returning transcript as it's own gene
[2021-05-23 11:11:32.543] [jointLog] [warning] couldn't find transcript named [DQ516773] in transcript <-> gene map; returning transcript as it's own gene
[2021-05-23 11:11:32.543] [jointLog] [warning] couldn't find transcript named [DQ854994] in transcript <-> gene map; returning transcript as it's own gene
[2021-05-23 11:11:32.544] [jointLog] [info] Aggregating expressions to gene level
[2021-05-23 11:11:32.717] [jointLog] [info] done
