[2021-04-27 20:28:41.997] [jointLog] [info] setting maxHashResizeThreads to 6
[2021-04-27 20:28:41.997] [jointLog] [info] Fragment incompatibility prior below threshold.  Incompatible fragments will be ignored.
[2021-04-27 20:28:41.998] [jointLog] [info] numQuantThreads = 3
[2021-04-27 20:28:46.064] [jointLog] [info] replaced 4 non-ACGT nucleotides with random nucleotides
[2021-04-27 20:28:46.336] [fileLog] [info] quantification processed 0 fragments so far

[2021-04-27 20:28:49.691] [fileLog] [info] quantification processed 1000000 fragments so far

[2021-04-27 20:28:53.108] [fileLog] [info] quantification processed 2000000 fragments so far

[2021-04-27 20:28:54.394] [jointLog] [info] 

The alignment group queue pool has been exhausted.  3398898 extra fragments were allocated on the heap to saturate the pool.  No new fragments will be allocated


[2021-04-27 20:29:06.763] [fileLog] [info] quantification processed 3000000 fragments so far

[2021-04-27 20:29:27.193] [fileLog] [info] quantification processed 4000000 fragments so far

[2021-04-27 20:29:47.149] [fileLog] [info] quantification processed 5000000 fragments so far

[2021-04-27 20:30:07.077] [fileLog] [info] quantification processed 6000000 fragments so far

[2021-04-27 20:30:26.914] [fileLog] [info] quantification processed 7000000 fragments so far

[2021-04-27 20:30:30.739] [fileLog] [info] quantification processed 8000000 fragments so far

[2021-04-27 20:30:34.564] [fileLog] [info] quantification processed 9000000 fragments so far

[2021-04-27 20:30:38.163] [fileLog] [info] quantification processed 10000000 fragments so far

[2021-04-27 20:30:41.878] [fileLog] [info] quantification processed 11000000 fragments so far

[2021-04-27 20:30:45.542] [fileLog] [info] quantification processed 12000000 fragments so far

[2021-04-27 20:30:49.349] [fileLog] [info] quantification processed 13000000 fragments so far

[2021-04-27 20:30:53.197] [fileLog] [info] quantification processed 14000000 fragments so far

[2021-04-27 20:30:56.904] [fileLog] [info] quantification processed 15000000 fragments so far

[2021-04-27 20:31:00.525] [fileLog] [info] quantification processed 16000000 fragments so far

[2021-04-27 20:31:04.229] [fileLog] [info] quantification processed 17000000 fragments so far

[2021-04-27 20:31:07.801] [fileLog] [info] quantification processed 18000000 fragments so far

[2021-04-27 20:31:11.269] [fileLog] [info] quantification processed 19000000 fragments so far

[2021-04-27 20:31:14.743] [fileLog] [info] quantification processed 20000000 fragments so far

[2021-04-27 20:31:18.474] [fileLog] [info] quantification processed 21000000 fragments so far

[2021-04-27 20:31:22.054] [fileLog] [info] quantification processed 22000000 fragments so far

[2021-04-27 20:31:25.617] [fileLog] [info] quantification processed 23000000 fragments so far

[2021-04-27 20:31:29.344] [fileLog] [info] quantification processed 24000000 fragments so far

[2021-04-27 20:31:33.102] [fileLog] [info] quantification processed 25000000 fragments so far

[2021-04-27 20:31:36.788] [fileLog] [info] quantification processed 26000000 fragments so far

[2021-04-27 20:31:40.518] [fileLog] [info] quantification processed 27000000 fragments so far

[2021-04-27 20:31:44.323] [fileLog] [info] quantification processed 28000000 fragments so far

[2021-04-27 20:31:47.954] [fileLog] [info] quantification processed 29000000 fragments so far

[2021-04-27 20:31:51.569] [fileLog] [info] quantification processed 30000000 fragments so far

[2021-04-27 20:31:55.177] [fileLog] [info] quantification processed 31000000 fragments so far

[2021-04-27 20:31:58.679] [fileLog] [info] quantification processed 32000000 fragments so far

[2021-04-27 20:32:02.445] [fileLog] [info] quantification processed 33000000 fragments so far

[2021-04-27 20:32:06.184] [fileLog] [info] quantification processed 34000000 fragments so far

[2021-04-27 20:32:09.962] [fileLog] [info] quantification processed 35000000 fragments so far

[2021-04-27 20:32:11.677] [fileLog] [info] quantification processed 35471860 fragments so far

[2021-04-27 20:32:18.504] [jointLog] [info] Thread saw mini-batch with a maximum of 16.30% zero probability fragments
[2021-04-27 20:32:18.508] [jointLog] [info] Thread saw mini-batch with a maximum of 17.60% zero probability fragments
[2021-04-27 20:32:18.508] [jointLog] [info] Thread saw mini-batch with a maximum of 14.90% zero probability fragments
[2021-04-27 20:32:18.509] [jointLog] [info] 


Completed first pass through the alignment file.
Total # of mapped reads : 35471860
# of uniquely mapped reads : 12492324
# ambiguously mapped reads : 22979536



[2021-04-27 20:32:18.658] [jointLog] [info] Computed 195137 rich equivalence classes for further processing
[2021-04-27 20:32:18.658] [jointLog] [info] Counted 35255697 total reads in the equivalence classes 
[2021-04-27 20:32:18.660] [jointLog] [info] starting optimizer
[2021-04-27 20:32:18.776] [jointLog] [info] Marked 0 weighted equivalence classes as degenerate
[2021-04-27 20:32:18.798] [jointLog] [info] iteration = 0 | max rel diff. = 6958.19
[2021-04-27 20:32:20.399] [jointLog] [info] iteration = 100 | max rel diff. = 20.6365
[2021-04-27 20:32:21.973] [jointLog] [info] iteration = 200 | max rel diff. = 5.541
[2021-04-27 20:32:23.557] [jointLog] [info] iteration = 300 | max rel diff. = 8.13686
[2021-04-27 20:32:25.161] [jointLog] [info] iteration = 400 | max rel diff. = 9.02564
[2021-04-27 20:32:26.794] [jointLog] [info] iteration = 500 | max rel diff. = 0.35824
[2021-04-27 20:32:28.404] [jointLog] [info] iteration = 600 | max rel diff. = 0.450607
[2021-04-27 20:32:29.979] [jointLog] [info] iteration = 700 | max rel diff. = 0.472211
[2021-04-27 20:32:31.567] [jointLog] [info] iteration = 800 | max rel diff. = 5.3128
[2021-04-27 20:32:33.180] [jointLog] [info] iteration = 900 | max rel diff. = 0.787714
[2021-04-27 20:32:34.792] [jointLog] [info] iteration = 1000 | max rel diff. = 12.2076
[2021-04-27 20:32:36.383] [jointLog] [info] iteration = 1100 | max rel diff. = 2.04214
[2021-04-27 20:32:37.992] [jointLog] [info] iteration = 1200 | max rel diff. = 1.94129
[2021-04-27 20:32:39.602] [jointLog] [info] iteration = 1300 | max rel diff. = 0.147365
[2021-04-27 20:32:41.185] [jointLog] [info] iteration = 1400 | max rel diff. = 0.0947521
[2021-04-27 20:32:42.796] [jointLog] [info] iteration = 1500 | max rel diff. = 0.848981
[2021-04-27 20:32:44.385] [jointLog] [info] iteration = 1600 | max rel diff. = 0.077991
[2021-04-27 20:32:45.990] [jointLog] [info] iteration = 1700 | max rel diff. = 0.315999
[2021-04-27 20:32:47.562] [jointLog] [info] iteration = 1800 | max rel diff. = 0.099901
[2021-04-27 20:32:49.029] [jointLog] [info] iteration = 1894 | max rel diff. = 0.00732297
[2021-04-27 20:32:49.065] [jointLog] [info] finished optimizer
[2021-04-27 20:32:49.065] [jointLog] [info] writing output
[2021-04-27 20:32:51.114] [jointLog] [info] Computing gene-level abundance estimates
[2021-04-27 20:33:21.980] [jointLog] [warning] Feature has no GFF ID
[2021-04-27 20:33:21.980] [jointLog] [warning] Feature has no GFF ID
[2021-04-27 20:33:21.980] [jointLog] [warning] Feature has no GFF ID
[2021-04-27 20:33:21.980] [jointLog] [warning] Feature has no GFF ID
[2021-04-27 20:33:21.980] [jointLog] [warning] Feature has no GFF ID
[2021-04-27 20:33:21.980] [jointLog] [warning] Feature has no GFF ID
[2021-04-27 20:33:21.980] [jointLog] [warning] Feature has no GFF ID
[2021-04-27 20:33:21.980] [jointLog] [warning] Feature has no GFF ID
[2021-04-27 20:33:21.980] [jointLog] [warning] Feature has no GFF ID
[2021-04-27 20:33:21.980] [jointLog] [warning] Feature has no GFF ID
[2021-04-27 20:33:21.980] [jointLog] [warning] Feature has no GFF ID
[2021-04-27 20:33:21.980] [jointLog] [warning] Feature has no GFF ID
[2021-04-27 20:33:21.980] [jointLog] [warning] Feature has no GFF ID
[2021-04-27 20:33:21.980] [jointLog] [warning] Feature has no GFF ID
[2021-04-27 20:33:21.980] [jointLog] [warning] Feature has no GFF ID
[2021-04-27 20:33:21.980] [jointLog] [warning] Feature has no GFF ID
[2021-04-27 20:33:21.980] [jointLog] [warning] Feature has no GFF ID
[2021-04-27 20:33:21.980] [jointLog] [warning] Feature has no GFF ID
[2021-04-27 20:33:21.980] [jointLog] [warning] Feature has no GFF ID
[2021-04-27 20:33:21.980] [jointLog] [warning] Feature has no GFF ID
[2021-04-27 20:33:21.980] [jointLog] [warning] Feature has no GFF ID
[2021-04-27 20:33:21.980] [jointLog] [warning] Feature has no GFF ID
[2021-04-27 20:33:21.980] [jointLog] [warning] Feature has no GFF ID
[2021-04-27 20:33:21.980] [jointLog] [warning] Feature has no GFF ID
[2021-04-27 20:33:21.980] [jointLog] [warning] Feature has no GFF ID
[2021-04-27 20:33:21.980] [jointLog] [warning] Feature has no GFF ID
[2021-04-27 20:33:21.980] [jointLog] [warning] Feature has no GFF ID
[2021-04-27 20:33:21.980] [jointLog] [warning] Feature has no GFF ID
[2021-04-27 20:33:21.980] [jointLog] [warning] Feature has no GFF ID
[2021-04-27 20:33:21.980] [jointLog] [warning] Feature has no GFF ID
[2021-04-27 20:33:21.980] [jointLog] [warning] Feature has no GFF ID
[2021-04-27 20:33:21.980] [jointLog] [warning] Feature has no GFF ID
[2021-04-27 20:33:21.980] [jointLog] [warning] Feature has no GFF ID
[2021-04-27 20:33:21.980] [jointLog] [warning] Feature has no GFF ID
[2021-04-27 20:33:21.980] [jointLog] [warning] Feature has no GFF ID
[2021-04-27 20:33:21.980] [jointLog] [warning] Feature has no GFF ID
[2021-04-27 20:33:21.980] [jointLog] [warning] Feature has no GFF ID
[2021-04-27 20:33:21.980] [jointLog] [warning] Feature has no GFF ID
[2021-04-27 20:33:21.980] [jointLog] [warning] Feature has no GFF ID
[2021-04-27 20:33:21.980] [jointLog] [warning] Feature has no GFF ID
[2021-04-27 20:33:21.980] [jointLog] [warning] Feature has no GFF ID
[2021-04-27 20:33:21.980] [jointLog] [warning] Feature has no GFF ID
[2021-04-27 20:33:21.980] [jointLog] [warning] Feature has no GFF ID
[2021-04-27 20:33:21.980] [jointLog] [warning] Feature has no GFF ID
[2021-04-27 20:33:21.980] [jointLog] [warning] Feature has no GFF ID
[2021-04-27 20:33:21.980] [jointLog] [warning] Feature has no GFF ID
[2021-04-27 20:33:21.980] [jointLog] [warning] Feature has no GFF ID
[2021-04-27 20:33:21.980] [jointLog] [warning] Feature has no GFF ID
[2021-04-27 20:33:21.980] [jointLog] [warning] Feature has no GFF ID
[2021-04-27 20:33:21.980] [jointLog] [warning] Feature has no GFF ID
[2021-04-27 20:33:21.980] [jointLog] [warning] Feature has no GFF ID
[2021-04-27 20:33:21.980] [jointLog] [warning] Feature has no GFF ID
[2021-04-27 20:33:21.980] [jointLog] [warning] Feature has no GFF ID
[2021-04-27 20:33:21.980] [jointLog] [warning] Feature has no GFF ID
[2021-04-27 20:33:21.980] [jointLog] [warning] Feature has no GFF ID
[2021-04-27 20:33:21.980] [jointLog] [warning] Feature has no GFF ID
[2021-04-27 20:33:21.980] [jointLog] [warning] Feature has no GFF ID
[2021-04-27 20:33:21.980] [jointLog] [warning] Feature has no GFF ID
[2021-04-27 20:33:21.980] [jointLog] [warning] Feature has no GFF ID
[2021-04-27 20:33:21.980] [jointLog] [warning] Feature has no GFF ID
[2021-04-27 20:33:21.980] [jointLog] [warning] Feature has no GFF ID
[2021-04-27 20:33:21.980] [jointLog] [warning] Feature has no GFF ID
[2021-04-27 20:33:21.980] [jointLog] [warning] Feature has no GFF ID
[2021-04-27 20:33:21.980] [jointLog] [warning] Feature has no GFF ID
[2021-04-27 20:33:21.980] [jointLog] [warning] Feature has no GFF ID
[2021-04-27 20:33:21.980] [jointLog] [warning] Feature has no GFF ID
[2021-04-27 20:33:21.980] [jointLog] [warning] Feature has no GFF ID
[2021-04-27 20:33:21.980] [jointLog] [warning] Feature has no GFF ID
[2021-04-27 20:33:21.980] [jointLog] [warning] Feature has no GFF ID
[2021-04-27 20:33:21.980] [jointLog] [warning] Feature has no GFF ID
[2021-04-27 20:33:21.980] [jointLog] [warning] Feature has no GFF ID
[2021-04-27 20:33:21.980] [jointLog] [warning] Feature has no GFF ID
[2021-04-27 20:33:21.980] [jointLog] [warning] Feature has no GFF ID
[2021-04-27 20:33:21.980] [jointLog] [warning] Feature has no GFF ID
[2021-04-27 20:33:21.980] [jointLog] [warning] Feature has no GFF ID
[2021-04-27 20:33:21.980] [jointLog] [warning] Feature has no GFF ID
[2021-04-27 20:33:21.980] [jointLog] [warning] Feature has no GFF ID
[2021-04-27 20:33:21.980] [jointLog] [warning] Feature has no GFF ID
[2021-04-27 20:33:21.980] [jointLog] [warning] Feature has no GFF ID
[2021-04-27 20:33:21.980] [jointLog] [warning] Feature has no GFF ID
[2021-04-27 20:33:21.980] [jointLog] [warning] Feature has no GFF ID
[2021-04-27 20:33:21.980] [jointLog] [warning] Feature has no GFF ID
[2021-04-27 20:33:21.980] [jointLog] [warning] Feature has no GFF ID
[2021-04-27 20:33:21.980] [jointLog] [warning] Feature has no GFF ID
[2021-04-27 20:33:21.980] [jointLog] [warning] Feature has no GFF ID
[2021-04-27 20:33:21.980] [jointLog] [warning] Feature has no GFF ID
[2021-04-27 20:33:21.980] [jointLog] [warning] Feature has no GFF ID
[2021-04-27 20:33:21.980] [jointLog] [warning] Feature has no GFF ID
[2021-04-27 20:33:21.980] [jointLog] [warning] Feature has no GFF ID
[2021-04-27 20:33:21.980] [jointLog] [warning] Feature has no GFF ID
[2021-04-27 20:33:21.980] [jointLog] [warning] Feature has no GFF ID
[2021-04-27 20:33:21.980] [jointLog] [warning] Feature has no GFF ID
[2021-04-27 20:33:22.300] [jointLog] [info] There were 142604 transcripts mapping to 55401 genes
[2021-04-27 20:33:22.300] [jointLog] [info] NOTE: We recommend using tximport (https://bioconductor.org/packages/release/bioc/html/tximport.html) for aggregating transcript-level salmon abundance estimates to the gene level.  It is more versatile, exposes more features, and allows considering multi-sample information during aggregation.
[2021-04-27 20:33:22.581] [jointLog] [warning] couldn't find transcript named [DQ459430] in transcript <-> gene map; returning transcript as it's own gene
[2021-04-27 20:33:22.581] [jointLog] [warning] couldn't find transcript named [DQ516784] in transcript <-> gene map; returning transcript as it's own gene
[2021-04-27 20:33:22.581] [jointLog] [warning] couldn't find transcript named [DQ516752] in transcript <-> gene map; returning transcript as it's own gene
[2021-04-27 20:33:22.581] [jointLog] [warning] couldn't find transcript named [DQ668364] in transcript <-> gene map; returning transcript as it's own gene
[2021-04-27 20:33:22.581] [jointLog] [warning] couldn't find transcript named [DQ883670] in transcript <-> gene map; returning transcript as it's own gene
[2021-04-27 20:33:22.581] [jointLog] [warning] couldn't find transcript named [EF011062] in transcript <-> gene map; returning transcript as it's own gene
[2021-04-27 20:33:22.581] [jointLog] [warning] couldn't find transcript named [DQ875385] in transcript <-> gene map; returning transcript as it's own gene
[2021-04-27 20:33:22.581] [jointLog] [warning] couldn't find transcript named [DQ883664] in transcript <-> gene map; returning transcript as it's own gene
[2021-04-27 20:33:22.581] [jointLog] [warning] couldn't find transcript named [DQ459420] in transcript <-> gene map; returning transcript as it's own gene
[2021-04-27 20:33:22.581] [jointLog] [warning] couldn't find transcript named [DQ883651] in transcript <-> gene map; returning transcript as it's own gene
[2021-04-27 20:33:22.581] [jointLog] [warning] couldn't find transcript named [DQ855004] in transcript <-> gene map; returning transcript as it's own gene
[2021-04-27 20:33:22.581] [jointLog] [warning] couldn't find transcript named [DQ854993] in transcript <-> gene map; returning transcript as it's own gene
[2021-04-27 20:33:22.581] [jointLog] [warning] couldn't find transcript named [DQ883689] in transcript <-> gene map; returning transcript as it's own gene
[2021-04-27 20:33:22.581] [jointLog] [warning] couldn't find transcript named [DQ459419] in transcript <-> gene map; returning transcript as it's own gene
[2021-04-27 20:33:22.581] [jointLog] [warning] couldn't find transcript named [DQ459431] in transcript <-> gene map; returning transcript as it's own gene
[2021-04-27 20:33:22.581] [jointLog] [warning] couldn't find transcript named [DQ516796] in transcript <-> gene map; returning transcript as it's own gene
[2021-04-27 20:33:22.581] [jointLog] [warning] couldn't find transcript named [DQ855001] in transcript <-> gene map; returning transcript as it's own gene
[2021-04-27 20:33:22.581] [jointLog] [warning] couldn't find transcript named [DQ459413] in transcript <-> gene map; returning transcript as it's own gene
[2021-04-27 20:33:22.581] [jointLog] [warning] couldn't find transcript named [DQ883656] in transcript <-> gene map; returning transcript as it's own gene
[2021-04-27 20:33:22.581] [jointLog] [warning] couldn't find transcript named [DQ883661] in transcript <-> gene map; returning transcript as it's own gene
[2021-04-27 20:33:22.581] [jointLog] [warning] couldn't find transcript named [EF011069] in transcript <-> gene map; returning transcript as it's own gene
[2021-04-27 20:33:22.581] [jointLog] [warning] couldn't find transcript named [DQ516783] in transcript <-> gene map; returning transcript as it's own gene
[2021-04-27 20:33:22.581] [jointLog] [warning] couldn't find transcript named [DQ516787] in transcript <-> gene map; returning transcript as it's own gene
[2021-04-27 20:33:22.581] [jointLog] [warning] couldn't find transcript named [DQ459424] in transcript <-> gene map; returning transcript as it's own gene
[2021-04-27 20:33:22.581] [jointLog] [warning] couldn't find transcript named [DQ516748] in transcript <-> gene map; returning transcript as it's own gene
[2021-04-27 20:33:22.581] [jointLog] [warning] couldn't find transcript named [DQ883671] in transcript <-> gene map; returning transcript as it's own gene
[2021-04-27 20:33:22.581] [jointLog] [warning] couldn't find transcript named [DQ516740] in transcript <-> gene map; returning transcript as it's own gene
[2021-04-27 20:33:22.581] [jointLog] [warning] couldn't find transcript named [DQ516785] in transcript <-> gene map; returning transcript as it's own gene
[2021-04-27 20:33:22.581] [jointLog] [warning] couldn't find transcript named [DQ516731] in transcript <-> gene map; returning transcript as it's own gene
[2021-04-27 20:33:22.581] [jointLog] [warning] couldn't find transcript named [DQ668366] in transcript <-> gene map; returning transcript as it's own gene
[2021-04-27 20:33:22.581] [jointLog] [warning] couldn't find transcript named [DQ459418] in transcript <-> gene map; returning transcript as it's own gene
[2021-04-27 20:33:22.581] [jointLog] [warning] couldn't find transcript named [DQ668356] in transcript <-> gene map; returning transcript as it's own gene
[2021-04-27 20:33:22.581] [jointLog] [warning] couldn't find transcript named [DQ516763] in transcript <-> gene map; returning transcript as it's own gene
[2021-04-27 20:33:22.581] [jointLog] [warning] couldn't find transcript named [DQ459426] in transcript <-> gene map; returning transcript as it's own gene
[2021-04-27 20:33:22.581] [jointLog] [warning] couldn't find transcript named [DQ516786] in transcript <-> gene map; returning transcript as it's own gene
[2021-04-27 20:33:22.581] [jointLog] [warning] couldn't find transcript named [DQ883653] in transcript <-> gene map; returning transcript as it's own gene
[2021-04-27 20:33:22.581] [jointLog] [warning] couldn't find transcript named [DQ459421] in transcript <-> gene map; returning transcript as it's own gene
[2021-04-27 20:33:22.581] [jointLog] [warning] couldn't find transcript named [DQ883654] in transcript <-> gene map; returning transcript as it's own gene
[2021-04-27 20:33:22.581] [jointLog] [warning] couldn't find transcript named [DQ668358] in transcript <-> gene map; returning transcript as it's own gene
[2021-04-27 20:33:22.581] [jointLog] [warning] couldn't find transcript named [DQ516754] in transcript <-> gene map; returning transcript as it's own gene
[2021-04-27 20:33:22.581] [jointLog] [warning] couldn't find transcript named [DQ516778] in transcript <-> gene map; returning transcript as it's own gene
[2021-04-27 20:33:22.581] [jointLog] [warning] couldn't find transcript named [DQ883650] in transcript <-> gene map; returning transcript as it's own gene
[2021-04-27 20:33:22.581] [jointLog] [warning] couldn't find transcript named [DQ516742] in transcript <-> gene map; returning transcript as it's own gene
[2021-04-27 20:33:22.581] [jointLog] [warning] couldn't find transcript named [DQ883673] in transcript <-> gene map; returning transcript as it's own gene
[2021-04-27 20:33:22.581] [jointLog] [warning] couldn't find transcript named [DQ883652] in transcript <-> gene map; returning transcript as it's own gene
[2021-04-27 20:33:22.581] [jointLog] [warning] couldn't find transcript named [DQ854991] in transcript <-> gene map; returning transcript as it's own gene
[2021-04-27 20:33:22.581] [jointLog] [warning] couldn't find transcript named [DQ516780] in transcript <-> gene map; returning transcript as it's own gene
[2021-04-27 20:33:22.581] [jointLog] [warning] couldn't find transcript named [DQ883682] in transcript <-> gene map; returning transcript as it's own gene
[2021-04-27 20:33:22.581] [jointLog] [warning] couldn't find transcript named [DQ883669] in transcript <-> gene map; returning transcript as it's own gene
[2021-04-27 20:33:22.581] [jointLog] [warning] couldn't find transcript named [DQ516791] in transcript <-> gene map; returning transcript as it's own gene
[2021-04-27 20:33:22.581] [jointLog] [warning] couldn't find transcript named [DQ459425] in transcript <-> gene map; returning transcript as it's own gene
[2021-04-27 20:33:22.581] [jointLog] [warning] couldn't find transcript named [DQ516759] in transcript <-> gene map; returning transcript as it's own gene
[2021-04-27 20:33:22.581] [jointLog] [warning] couldn't find transcript named [DQ459429] in transcript <-> gene map; returning transcript as it's own gene
[2021-04-27 20:33:22.581] [jointLog] [warning] couldn't find transcript named [DQ516758] in transcript <-> gene map; returning transcript as it's own gene
[2021-04-27 20:33:22.581] [jointLog] [warning] couldn't find transcript named [DQ459415] in transcript <-> gene map; returning transcript as it's own gene
[2021-04-27 20:33:22.581] [jointLog] [warning] couldn't find transcript named [DQ875387] in transcript <-> gene map; returning transcript as it's own gene
[2021-04-27 20:33:22.581] [jointLog] [warning] couldn't find transcript named [DQ516815] in transcript <-> gene map; returning transcript as it's own gene
[2021-04-27 20:33:22.581] [jointLog] [warning] couldn't find transcript named [DQ668365] in transcript <-> gene map; returning transcript as it's own gene
[2021-04-27 20:33:22.581] [jointLog] [warning] couldn't find transcript named [DQ854998] in transcript <-> gene map; returning transcript as it's own gene
[2021-04-27 20:33:22.581] [jointLog] [warning] couldn't find transcript named [DQ883685] in transcript <-> gene map; returning transcript as it's own gene
[2021-04-27 20:33:22.581] [jointLog] [warning] couldn't find transcript named [DQ459422] in transcript <-> gene map; returning transcript as it's own gene
[2021-04-27 20:33:22.581] [jointLog] [warning] couldn't find transcript named [DQ883663] in transcript <-> gene map; returning transcript as it's own gene
[2021-04-27 20:33:22.581] [jointLog] [warning] couldn't find transcript named [DQ668367] in transcript <-> gene map; returning transcript as it's own gene
[2021-04-27 20:33:22.581] [jointLog] [warning] couldn't find transcript named [DQ459412] in transcript <-> gene map; returning transcript as it's own gene
[2021-04-27 20:33:22.581] [jointLog] [warning] couldn't find transcript named [DQ854992] in transcript <-> gene map; returning transcript as it's own gene
[2021-04-27 20:33:22.581] [jointLog] [warning] couldn't find transcript named [DQ516782] in transcript <-> gene map; returning transcript as it's own gene
[2021-04-27 20:33:22.581] [jointLog] [warning] couldn't find transcript named [DQ459427] in transcript <-> gene map; returning transcript as it's own gene
[2021-04-27 20:33:22.581] [jointLog] [warning] couldn't find transcript named [EF011072] in transcript <-> gene map; returning transcript as it's own gene
[2021-04-27 20:33:22.581] [jointLog] [warning] couldn't find transcript named [DQ855003] in transcript <-> gene map; returning transcript as it's own gene
[2021-04-27 20:33:22.581] [jointLog] [warning] couldn't find transcript named [DQ516739] in transcript <-> gene map; returning transcript as it's own gene
[2021-04-27 20:33:22.581] [jointLog] [warning] couldn't find transcript named [EF011063] in transcript <-> gene map; returning transcript as it's own gene
[2021-04-27 20:33:22.581] [jointLog] [warning] couldn't find transcript named [DQ855000] in transcript <-> gene map; returning transcript as it's own gene
[2021-04-27 20:33:22.581] [jointLog] [warning] couldn't find transcript named [DQ516777] in transcript <-> gene map; returning transcript as it's own gene
[2021-04-27 20:33:22.581] [jointLog] [warning] couldn't find transcript named [DQ883646] in transcript <-> gene map; returning transcript as it's own gene
[2021-04-27 20:33:22.581] [jointLog] [warning] couldn't find transcript named [DQ668362] in transcript <-> gene map; returning transcript as it's own gene
[2021-04-27 20:33:22.581] [jointLog] [warning] couldn't find transcript named [DQ854995] in transcript <-> gene map; returning transcript as it's own gene
[2021-04-27 20:33:22.581] [jointLog] [warning] couldn't find transcript named [DQ875386] in transcript <-> gene map; returning transcript as it's own gene
[2021-04-27 20:33:22.581] [jointLog] [warning] couldn't find transcript named [DQ516790] in transcript <-> gene map; returning transcript as it's own gene
[2021-04-27 20:33:22.581] [jointLog] [warning] couldn't find transcript named [DQ883642] in transcript <-> gene map; returning transcript as it's own gene
[2021-04-27 20:33:22.581] [jointLog] [warning] couldn't find transcript named [DQ883659] in transcript <-> gene map; returning transcript as it's own gene
[2021-04-27 20:33:22.581] [jointLog] [warning] couldn't find transcript named [DQ854997] in transcript <-> gene map; returning transcript as it's own gene
[2021-04-27 20:33:22.581] [jointLog] [warning] couldn't find transcript named [DQ883643] in transcript <-> gene map; returning transcript as it's own gene
[2021-04-27 20:33:22.581] [jointLog] [warning] couldn't find transcript named [DQ839618] in transcript <-> gene map; returning transcript as it's own gene
[2021-04-27 20:33:22.581] [jointLog] [warning] couldn't find transcript named [DQ516795] in transcript <-> gene map; returning transcript as it's own gene
[2021-04-27 20:33:22.581] [jointLog] [warning] couldn't find transcript named [DQ883658] in transcript <-> gene map; returning transcript as it's own gene
[2021-04-27 20:33:22.581] [jointLog] [warning] couldn't find transcript named [DQ516750] in transcript <-> gene map; returning transcript as it's own gene
[2021-04-27 20:33:22.581] [jointLog] [warning] couldn't find transcript named [DQ668359] in transcript <-> gene map; returning transcript as it's own gene
[2021-04-27 20:33:22.581] [jointLog] [warning] couldn't find transcript named [DQ516779] in transcript <-> gene map; returning transcript as it's own gene
[2021-04-27 20:33:22.581] [jointLog] [warning] couldn't find transcript named [DQ668363] in transcript <-> gene map; returning transcript as it's own gene
[2021-04-27 20:33:22.581] [jointLog] [warning] couldn't find transcript named [DQ516776] in transcript <-> gene map; returning transcript as it's own gene
[2021-04-27 20:33:22.581] [jointLog] [warning] couldn't find transcript named [DQ516773] in transcript <-> gene map; returning transcript as it's own gene
[2021-04-27 20:33:22.581] [jointLog] [warning] couldn't find transcript named [DQ854994] in transcript <-> gene map; returning transcript as it's own gene
[2021-04-27 20:33:22.582] [jointLog] [info] Aggregating expressions to gene level
[2021-04-27 20:33:22.802] [jointLog] [info] done
