[2021-05-23 10:38:10.939] [jointLog] [info] setting maxHashResizeThreads to 6
[2021-05-23 10:38:10.939] [jointLog] [info] Fragment incompatibility prior below threshold.  Incompatible fragments will be ignored.
[2021-05-23 10:38:10.948] [jointLog] [info] numQuantThreads = 3
[2021-05-23 10:38:13.841] [jointLog] [info] replaced 4 non-ACGT nucleotides with random nucleotides
[2021-05-23 10:38:14.149] [fileLog] [info] quantification processed 0 fragments so far

[2021-05-23 10:38:16.980] [fileLog] [info] quantification processed 1000000 fragments so far

[2021-05-23 10:38:20.061] [fileLog] [info] quantification processed 2000000 fragments so far

[2021-05-23 10:38:21.442] [jointLog] [info] 

The alignment group queue pool has been exhausted.  2604080 extra fragments were allocated on the heap to saturate the pool.  No new fragments will be allocated


[2021-05-23 10:38:30.430] [fileLog] [info] quantification processed 3000000 fragments so far

[2021-05-23 10:38:46.433] [fileLog] [info] quantification processed 4000000 fragments so far

[2021-05-23 10:39:02.519] [fileLog] [info] quantification processed 5000000 fragments so far

[2021-05-23 10:39:18.491] [fileLog] [info] quantification processed 6000000 fragments so far

[2021-05-23 10:39:34.395] [fileLog] [info] quantification processed 7000000 fragments so far

[2021-05-23 10:39:37.695] [fileLog] [info] quantification processed 8000000 fragments so far

[2021-05-23 10:39:41.012] [fileLog] [info] quantification processed 9000000 fragments so far

[2021-05-23 10:39:44.271] [fileLog] [info] quantification processed 10000000 fragments so far

[2021-05-23 10:39:47.563] [fileLog] [info] quantification processed 11000000 fragments so far

[2021-05-23 10:39:50.912] [fileLog] [info] quantification processed 12000000 fragments so far

[2021-05-23 10:39:54.181] [fileLog] [info] quantification processed 13000000 fragments so far

[2021-05-23 10:39:57.501] [fileLog] [info] quantification processed 14000000 fragments so far

[2021-05-23 10:40:00.810] [fileLog] [info] quantification processed 15000000 fragments so far

[2021-05-23 10:40:04.063] [fileLog] [info] quantification processed 16000000 fragments so far

[2021-05-23 10:40:07.443] [fileLog] [info] quantification processed 17000000 fragments so far

[2021-05-23 10:40:10.733] [fileLog] [info] quantification processed 18000000 fragments so far

[2021-05-23 10:40:14.088] [fileLog] [info] quantification processed 19000000 fragments so far

[2021-05-23 10:40:17.351] [fileLog] [info] quantification processed 20000000 fragments so far

[2021-05-23 10:40:20.645] [fileLog] [info] quantification processed 21000000 fragments so far

[2021-05-23 10:40:23.952] [fileLog] [info] quantification processed 22000000 fragments so far

[2021-05-23 10:40:27.249] [fileLog] [info] quantification processed 23000000 fragments so far

[2021-05-23 10:40:30.525] [fileLog] [info] quantification processed 24000000 fragments so far

[2021-05-23 10:40:33.858] [fileLog] [info] quantification processed 25000000 fragments so far

[2021-05-23 10:40:37.153] [fileLog] [info] quantification processed 26000000 fragments so far

[2021-05-23 10:40:40.455] [fileLog] [info] quantification processed 27000000 fragments so far

[2021-05-23 10:40:43.762] [fileLog] [info] quantification processed 28000000 fragments so far

[2021-05-23 10:40:45.425] [fileLog] [info] quantification processed 28506793 fragments so far

[2021-05-23 10:40:51.762] [jointLog] [info] Thread saw mini-batch with a maximum of 2.40% zero probability fragments
[2021-05-23 10:40:51.763] [jointLog] [info] Thread saw mini-batch with a maximum of 2.80% zero probability fragments
[2021-05-23 10:40:51.766] [jointLog] [info] Thread saw mini-batch with a maximum of 2.90% zero probability fragments
[2021-05-23 10:40:51.767] [jointLog] [info] 


Completed first pass through the alignment file.
Total # of mapped reads : 28506793
# of uniquely mapped reads : 12108137
# ambiguously mapped reads : 16398656



[2021-05-23 10:40:51.922] [jointLog] [info] Computed 223652 rich equivalence classes for further processing
[2021-05-23 10:40:51.922] [jointLog] [info] Counted 28270485 total reads in the equivalence classes 
[2021-05-23 10:40:51.924] [jointLog] [info] starting optimizer
[2021-05-23 10:40:52.025] [jointLog] [info] Marked 0 weighted equivalence classes as degenerate
[2021-05-23 10:40:52.040] [jointLog] [info] iteration = 0 | max rel diff. = 8073.54
[2021-05-23 10:40:53.498] [jointLog] [info] iteration = 100 | max rel diff. = 11.3799
[2021-05-23 10:40:54.936] [jointLog] [info] iteration = 200 | max rel diff. = 5.40805
[2021-05-23 10:40:56.383] [jointLog] [info] iteration = 300 | max rel diff. = 4.88644
[2021-05-23 10:40:57.835] [jointLog] [info] iteration = 400 | max rel diff. = 0.6334
[2021-05-23 10:40:59.285] [jointLog] [info] iteration = 500 | max rel diff. = 12.8061
[2021-05-23 10:41:00.737] [jointLog] [info] iteration = 600 | max rel diff. = 0.112344
[2021-05-23 10:41:02.185] [jointLog] [info] iteration = 700 | max rel diff. = 0.105209
[2021-05-23 10:41:03.647] [jointLog] [info] iteration = 800 | max rel diff. = 0.172191
[2021-05-23 10:41:05.093] [jointLog] [info] iteration = 900 | max rel diff. = 0.290673
[2021-05-23 10:41:06.529] [jointLog] [info] iteration = 1000 | max rel diff. = 0.455436
[2021-05-23 10:41:07.976] [jointLog] [info] iteration = 1100 | max rel diff. = 0.092094
[2021-05-23 10:41:09.407] [jointLog] [info] iteration = 1200 | max rel diff. = 10.7619
[2021-05-23 10:41:10.851] [jointLog] [info] iteration = 1300 | max rel diff. = 3.18908
[2021-05-23 10:41:12.305] [jointLog] [info] iteration = 1400 | max rel diff. = 0.0264112
[2021-05-23 10:41:13.753] [jointLog] [info] iteration = 1500 | max rel diff. = 0.106545
[2021-05-23 10:41:15.190] [jointLog] [info] iteration = 1600 | max rel diff. = 4.63123
[2021-05-23 10:41:15.205] [jointLog] [info] iteration = 1602 | max rel diff. = 0.00740546
[2021-05-23 10:41:15.237] [jointLog] [info] finished optimizer
[2021-05-23 10:41:15.237] [jointLog] [info] writing output
[2021-05-23 10:41:17.111] [jointLog] [info] Computing gene-level abundance estimates
[2021-05-23 10:41:48.682] [jointLog] [warning] Feature has no GFF ID
[2021-05-23 10:41:48.682] [jointLog] [warning] Feature has no GFF ID
[2021-05-23 10:41:48.682] [jointLog] [warning] Feature has no GFF ID
[2021-05-23 10:41:48.682] [jointLog] [warning] Feature has no GFF ID
[2021-05-23 10:41:48.682] [jointLog] [warning] Feature has no GFF ID
[2021-05-23 10:41:48.682] [jointLog] [warning] Feature has no GFF ID
[2021-05-23 10:41:48.682] [jointLog] [warning] Feature has no GFF ID
[2021-05-23 10:41:48.682] [jointLog] [warning] Feature has no GFF ID
[2021-05-23 10:41:48.682] [jointLog] [warning] Feature has no GFF ID
[2021-05-23 10:41:48.682] [jointLog] [warning] Feature has no GFF ID
[2021-05-23 10:41:48.682] [jointLog] [warning] Feature has no GFF ID
[2021-05-23 10:41:48.682] [jointLog] [warning] Feature has no GFF ID
[2021-05-23 10:41:48.682] [jointLog] [warning] Feature has no GFF ID
[2021-05-23 10:41:48.682] [jointLog] [warning] Feature has no GFF ID
[2021-05-23 10:41:48.682] [jointLog] [warning] Feature has no GFF ID
[2021-05-23 10:41:48.682] [jointLog] [warning] Feature has no GFF ID
[2021-05-23 10:41:48.682] [jointLog] [warning] Feature has no GFF ID
[2021-05-23 10:41:48.682] [jointLog] [warning] Feature has no GFF ID
[2021-05-23 10:41:48.682] [jointLog] [warning] Feature has no GFF ID
[2021-05-23 10:41:48.682] [jointLog] [warning] Feature has no GFF ID
[2021-05-23 10:41:48.682] [jointLog] [warning] Feature has no GFF ID
[2021-05-23 10:41:48.682] [jointLog] [warning] Feature has no GFF ID
[2021-05-23 10:41:48.682] [jointLog] [warning] Feature has no GFF ID
[2021-05-23 10:41:48.682] [jointLog] [warning] Feature has no GFF ID
[2021-05-23 10:41:48.682] [jointLog] [warning] Feature has no GFF ID
[2021-05-23 10:41:48.682] [jointLog] [warning] Feature has no GFF ID
[2021-05-23 10:41:48.682] [jointLog] [warning] Feature has no GFF ID
[2021-05-23 10:41:48.682] [jointLog] [warning] Feature has no GFF ID
[2021-05-23 10:41:48.682] [jointLog] [warning] Feature has no GFF ID
[2021-05-23 10:41:48.682] [jointLog] [warning] Feature has no GFF ID
[2021-05-23 10:41:48.682] [jointLog] [warning] Feature has no GFF ID
[2021-05-23 10:41:48.682] [jointLog] [warning] Feature has no GFF ID
[2021-05-23 10:41:48.682] [jointLog] [warning] Feature has no GFF ID
[2021-05-23 10:41:48.682] [jointLog] [warning] Feature has no GFF ID
[2021-05-23 10:41:48.682] [jointLog] [warning] Feature has no GFF ID
[2021-05-23 10:41:48.682] [jointLog] [warning] Feature has no GFF ID
[2021-05-23 10:41:48.682] [jointLog] [warning] Feature has no GFF ID
[2021-05-23 10:41:48.682] [jointLog] [warning] Feature has no GFF ID
[2021-05-23 10:41:48.682] [jointLog] [warning] Feature has no GFF ID
[2021-05-23 10:41:48.682] [jointLog] [warning] Feature has no GFF ID
[2021-05-23 10:41:48.682] [jointLog] [warning] Feature has no GFF ID
[2021-05-23 10:41:48.682] [jointLog] [warning] Feature has no GFF ID
[2021-05-23 10:41:48.682] [jointLog] [warning] Feature has no GFF ID
[2021-05-23 10:41:48.682] [jointLog] [warning] Feature has no GFF ID
[2021-05-23 10:41:48.682] [jointLog] [warning] Feature has no GFF ID
[2021-05-23 10:41:48.682] [jointLog] [warning] Feature has no GFF ID
[2021-05-23 10:41:48.682] [jointLog] [warning] Feature has no GFF ID
[2021-05-23 10:41:48.682] [jointLog] [warning] Feature has no GFF ID
[2021-05-23 10:41:48.682] [jointLog] [warning] Feature has no GFF ID
[2021-05-23 10:41:48.682] [jointLog] [warning] Feature has no GFF ID
[2021-05-23 10:41:48.682] [jointLog] [warning] Feature has no GFF ID
[2021-05-23 10:41:48.682] [jointLog] [warning] Feature has no GFF ID
[2021-05-23 10:41:48.682] [jointLog] [warning] Feature has no GFF ID
[2021-05-23 10:41:48.682] [jointLog] [warning] Feature has no GFF ID
[2021-05-23 10:41:48.682] [jointLog] [warning] Feature has no GFF ID
[2021-05-23 10:41:48.682] [jointLog] [warning] Feature has no GFF ID
[2021-05-23 10:41:48.682] [jointLog] [warning] Feature has no GFF ID
[2021-05-23 10:41:48.682] [jointLog] [warning] Feature has no GFF ID
[2021-05-23 10:41:48.682] [jointLog] [warning] Feature has no GFF ID
[2021-05-23 10:41:48.682] [jointLog] [warning] Feature has no GFF ID
[2021-05-23 10:41:48.682] [jointLog] [warning] Feature has no GFF ID
[2021-05-23 10:41:48.682] [jointLog] [warning] Feature has no GFF ID
[2021-05-23 10:41:48.682] [jointLog] [warning] Feature has no GFF ID
[2021-05-23 10:41:48.682] [jointLog] [warning] Feature has no GFF ID
[2021-05-23 10:41:48.682] [jointLog] [warning] Feature has no GFF ID
[2021-05-23 10:41:48.682] [jointLog] [warning] Feature has no GFF ID
[2021-05-23 10:41:48.682] [jointLog] [warning] Feature has no GFF ID
[2021-05-23 10:41:48.682] [jointLog] [warning] Feature has no GFF ID
[2021-05-23 10:41:48.682] [jointLog] [warning] Feature has no GFF ID
[2021-05-23 10:41:48.682] [jointLog] [warning] Feature has no GFF ID
[2021-05-23 10:41:48.682] [jointLog] [warning] Feature has no GFF ID
[2021-05-23 10:41:48.682] [jointLog] [warning] Feature has no GFF ID
[2021-05-23 10:41:48.682] [jointLog] [warning] Feature has no GFF ID
[2021-05-23 10:41:48.682] [jointLog] [warning] Feature has no GFF ID
[2021-05-23 10:41:48.682] [jointLog] [warning] Feature has no GFF ID
[2021-05-23 10:41:48.682] [jointLog] [warning] Feature has no GFF ID
[2021-05-23 10:41:48.682] [jointLog] [warning] Feature has no GFF ID
[2021-05-23 10:41:48.682] [jointLog] [warning] Feature has no GFF ID
[2021-05-23 10:41:48.682] [jointLog] [warning] Feature has no GFF ID
[2021-05-23 10:41:48.682] [jointLog] [warning] Feature has no GFF ID
[2021-05-23 10:41:48.682] [jointLog] [warning] Feature has no GFF ID
[2021-05-23 10:41:48.682] [jointLog] [warning] Feature has no GFF ID
[2021-05-23 10:41:48.682] [jointLog] [warning] Feature has no GFF ID
[2021-05-23 10:41:48.682] [jointLog] [warning] Feature has no GFF ID
[2021-05-23 10:41:48.682] [jointLog] [warning] Feature has no GFF ID
[2021-05-23 10:41:48.682] [jointLog] [warning] Feature has no GFF ID
[2021-05-23 10:41:48.682] [jointLog] [warning] Feature has no GFF ID
[2021-05-23 10:41:48.682] [jointLog] [warning] Feature has no GFF ID
[2021-05-23 10:41:48.682] [jointLog] [warning] Feature has no GFF ID
[2021-05-23 10:41:48.682] [jointLog] [warning] Feature has no GFF ID
[2021-05-23 10:41:48.682] [jointLog] [warning] Feature has no GFF ID
[2021-05-23 10:41:48.682] [jointLog] [warning] Feature has no GFF ID
[2021-05-23 10:41:49.033] [jointLog] [info] There were 142604 transcripts mapping to 55401 genes
[2021-05-23 10:41:49.034] [jointLog] [info] NOTE: We recommend using tximport (https://bioconductor.org/packages/release/bioc/html/tximport.html) for aggregating transcript-level salmon abundance estimates to the gene level.  It is more versatile, exposes more features, and allows considering multi-sample information during aggregation.
[2021-05-23 10:41:49.345] [jointLog] [warning] couldn't find transcript named [DQ459430] in transcript <-> gene map; returning transcript as it's own gene
[2021-05-23 10:41:49.345] [jointLog] [warning] couldn't find transcript named [DQ516784] in transcript <-> gene map; returning transcript as it's own gene
[2021-05-23 10:41:49.345] [jointLog] [warning] couldn't find transcript named [DQ516752] in transcript <-> gene map; returning transcript as it's own gene
[2021-05-23 10:41:49.345] [jointLog] [warning] couldn't find transcript named [DQ668364] in transcript <-> gene map; returning transcript as it's own gene
[2021-05-23 10:41:49.345] [jointLog] [warning] couldn't find transcript named [DQ883670] in transcript <-> gene map; returning transcript as it's own gene
[2021-05-23 10:41:49.345] [jointLog] [warning] couldn't find transcript named [EF011062] in transcript <-> gene map; returning transcript as it's own gene
[2021-05-23 10:41:49.345] [jointLog] [warning] couldn't find transcript named [DQ875385] in transcript <-> gene map; returning transcript as it's own gene
[2021-05-23 10:41:49.345] [jointLog] [warning] couldn't find transcript named [DQ883664] in transcript <-> gene map; returning transcript as it's own gene
[2021-05-23 10:41:49.345] [jointLog] [warning] couldn't find transcript named [DQ459420] in transcript <-> gene map; returning transcript as it's own gene
[2021-05-23 10:41:49.345] [jointLog] [warning] couldn't find transcript named [DQ883651] in transcript <-> gene map; returning transcript as it's own gene
[2021-05-23 10:41:49.345] [jointLog] [warning] couldn't find transcript named [DQ855004] in transcript <-> gene map; returning transcript as it's own gene
[2021-05-23 10:41:49.345] [jointLog] [warning] couldn't find transcript named [DQ854993] in transcript <-> gene map; returning transcript as it's own gene
[2021-05-23 10:41:49.345] [jointLog] [warning] couldn't find transcript named [DQ883689] in transcript <-> gene map; returning transcript as it's own gene
[2021-05-23 10:41:49.345] [jointLog] [warning] couldn't find transcript named [DQ459419] in transcript <-> gene map; returning transcript as it's own gene
[2021-05-23 10:41:49.345] [jointLog] [warning] couldn't find transcript named [DQ459431] in transcript <-> gene map; returning transcript as it's own gene
[2021-05-23 10:41:49.345] [jointLog] [warning] couldn't find transcript named [DQ516796] in transcript <-> gene map; returning transcript as it's own gene
[2021-05-23 10:41:49.345] [jointLog] [warning] couldn't find transcript named [DQ855001] in transcript <-> gene map; returning transcript as it's own gene
[2021-05-23 10:41:49.345] [jointLog] [warning] couldn't find transcript named [DQ459413] in transcript <-> gene map; returning transcript as it's own gene
[2021-05-23 10:41:49.345] [jointLog] [warning] couldn't find transcript named [DQ883656] in transcript <-> gene map; returning transcript as it's own gene
[2021-05-23 10:41:49.346] [jointLog] [warning] couldn't find transcript named [DQ883661] in transcript <-> gene map; returning transcript as it's own gene
[2021-05-23 10:41:49.346] [jointLog] [warning] couldn't find transcript named [EF011069] in transcript <-> gene map; returning transcript as it's own gene
[2021-05-23 10:41:49.346] [jointLog] [warning] couldn't find transcript named [DQ516783] in transcript <-> gene map; returning transcript as it's own gene
[2021-05-23 10:41:49.346] [jointLog] [warning] couldn't find transcript named [DQ516787] in transcript <-> gene map; returning transcript as it's own gene
[2021-05-23 10:41:49.346] [jointLog] [warning] couldn't find transcript named [DQ459424] in transcript <-> gene map; returning transcript as it's own gene
[2021-05-23 10:41:49.346] [jointLog] [warning] couldn't find transcript named [DQ516748] in transcript <-> gene map; returning transcript as it's own gene
[2021-05-23 10:41:49.346] [jointLog] [warning] couldn't find transcript named [DQ883671] in transcript <-> gene map; returning transcript as it's own gene
[2021-05-23 10:41:49.346] [jointLog] [warning] couldn't find transcript named [DQ516740] in transcript <-> gene map; returning transcript as it's own gene
[2021-05-23 10:41:49.346] [jointLog] [warning] couldn't find transcript named [DQ516785] in transcript <-> gene map; returning transcript as it's own gene
[2021-05-23 10:41:49.346] [jointLog] [warning] couldn't find transcript named [DQ516731] in transcript <-> gene map; returning transcript as it's own gene
[2021-05-23 10:41:49.346] [jointLog] [warning] couldn't find transcript named [DQ668366] in transcript <-> gene map; returning transcript as it's own gene
[2021-05-23 10:41:49.346] [jointLog] [warning] couldn't find transcript named [DQ459418] in transcript <-> gene map; returning transcript as it's own gene
[2021-05-23 10:41:49.346] [jointLog] [warning] couldn't find transcript named [DQ668356] in transcript <-> gene map; returning transcript as it's own gene
[2021-05-23 10:41:49.346] [jointLog] [warning] couldn't find transcript named [DQ516763] in transcript <-> gene map; returning transcript as it's own gene
[2021-05-23 10:41:49.346] [jointLog] [warning] couldn't find transcript named [DQ459426] in transcript <-> gene map; returning transcript as it's own gene
[2021-05-23 10:41:49.346] [jointLog] [warning] couldn't find transcript named [DQ516786] in transcript <-> gene map; returning transcript as it's own gene
[2021-05-23 10:41:49.346] [jointLog] [warning] couldn't find transcript named [DQ883653] in transcript <-> gene map; returning transcript as it's own gene
[2021-05-23 10:41:49.346] [jointLog] [warning] couldn't find transcript named [DQ459421] in transcript <-> gene map; returning transcript as it's own gene
[2021-05-23 10:41:49.346] [jointLog] [warning] couldn't find transcript named [DQ883654] in transcript <-> gene map; returning transcript as it's own gene
[2021-05-23 10:41:49.346] [jointLog] [warning] couldn't find transcript named [DQ668358] in transcript <-> gene map; returning transcript as it's own gene
[2021-05-23 10:41:49.346] [jointLog] [warning] couldn't find transcript named [DQ516754] in transcript <-> gene map; returning transcript as it's own gene
[2021-05-23 10:41:49.346] [jointLog] [warning] couldn't find transcript named [DQ516778] in transcript <-> gene map; returning transcript as it's own gene
[2021-05-23 10:41:49.346] [jointLog] [warning] couldn't find transcript named [DQ883650] in transcript <-> gene map; returning transcript as it's own gene
[2021-05-23 10:41:49.346] [jointLog] [warning] couldn't find transcript named [DQ516742] in transcript <-> gene map; returning transcript as it's own gene
[2021-05-23 10:41:49.346] [jointLog] [warning] couldn't find transcript named [DQ883673] in transcript <-> gene map; returning transcript as it's own gene
[2021-05-23 10:41:49.346] [jointLog] [warning] couldn't find transcript named [DQ883652] in transcript <-> gene map; returning transcript as it's own gene
[2021-05-23 10:41:49.346] [jointLog] [warning] couldn't find transcript named [DQ854991] in transcript <-> gene map; returning transcript as it's own gene
[2021-05-23 10:41:49.346] [jointLog] [warning] couldn't find transcript named [DQ516780] in transcript <-> gene map; returning transcript as it's own gene
[2021-05-23 10:41:49.346] [jointLog] [warning] couldn't find transcript named [DQ883682] in transcript <-> gene map; returning transcript as it's own gene
[2021-05-23 10:41:49.346] [jointLog] [warning] couldn't find transcript named [DQ883669] in transcript <-> gene map; returning transcript as it's own gene
[2021-05-23 10:41:49.346] [jointLog] [warning] couldn't find transcript named [DQ516791] in transcript <-> gene map; returning transcript as it's own gene
[2021-05-23 10:41:49.346] [jointLog] [warning] couldn't find transcript named [DQ459425] in transcript <-> gene map; returning transcript as it's own gene
[2021-05-23 10:41:49.346] [jointLog] [warning] couldn't find transcript named [DQ516759] in transcript <-> gene map; returning transcript as it's own gene
[2021-05-23 10:41:49.346] [jointLog] [warning] couldn't find transcript named [DQ459429] in transcript <-> gene map; returning transcript as it's own gene
[2021-05-23 10:41:49.346] [jointLog] [warning] couldn't find transcript named [DQ516758] in transcript <-> gene map; returning transcript as it's own gene
[2021-05-23 10:41:49.346] [jointLog] [warning] couldn't find transcript named [DQ459415] in transcript <-> gene map; returning transcript as it's own gene
[2021-05-23 10:41:49.346] [jointLog] [warning] couldn't find transcript named [DQ875387] in transcript <-> gene map; returning transcript as it's own gene
[2021-05-23 10:41:49.346] [jointLog] [warning] couldn't find transcript named [DQ516815] in transcript <-> gene map; returning transcript as it's own gene
[2021-05-23 10:41:49.346] [jointLog] [warning] couldn't find transcript named [DQ668365] in transcript <-> gene map; returning transcript as it's own gene
[2021-05-23 10:41:49.346] [jointLog] [warning] couldn't find transcript named [DQ854998] in transcript <-> gene map; returning transcript as it's own gene
[2021-05-23 10:41:49.346] [jointLog] [warning] couldn't find transcript named [DQ883685] in transcript <-> gene map; returning transcript as it's own gene
[2021-05-23 10:41:49.346] [jointLog] [warning] couldn't find transcript named [DQ459422] in transcript <-> gene map; returning transcript as it's own gene
[2021-05-23 10:41:49.346] [jointLog] [warning] couldn't find transcript named [DQ883663] in transcript <-> gene map; returning transcript as it's own gene
[2021-05-23 10:41:49.346] [jointLog] [warning] couldn't find transcript named [DQ668367] in transcript <-> gene map; returning transcript as it's own gene
[2021-05-23 10:41:49.346] [jointLog] [warning] couldn't find transcript named [DQ459412] in transcript <-> gene map; returning transcript as it's own gene
[2021-05-23 10:41:49.346] [jointLog] [warning] couldn't find transcript named [DQ854992] in transcript <-> gene map; returning transcript as it's own gene
[2021-05-23 10:41:49.346] [jointLog] [warning] couldn't find transcript named [DQ516782] in transcript <-> gene map; returning transcript as it's own gene
[2021-05-23 10:41:49.346] [jointLog] [warning] couldn't find transcript named [DQ459427] in transcript <-> gene map; returning transcript as it's own gene
[2021-05-23 10:41:49.346] [jointLog] [warning] couldn't find transcript named [EF011072] in transcript <-> gene map; returning transcript as it's own gene
[2021-05-23 10:41:49.346] [jointLog] [warning] couldn't find transcript named [DQ855003] in transcript <-> gene map; returning transcript as it's own gene
[2021-05-23 10:41:49.346] [jointLog] [warning] couldn't find transcript named [DQ516739] in transcript <-> gene map; returning transcript as it's own gene
[2021-05-23 10:41:49.346] [jointLog] [warning] couldn't find transcript named [EF011063] in transcript <-> gene map; returning transcript as it's own gene
[2021-05-23 10:41:49.346] [jointLog] [warning] couldn't find transcript named [DQ855000] in transcript <-> gene map; returning transcript as it's own gene
[2021-05-23 10:41:49.346] [jointLog] [warning] couldn't find transcript named [DQ516777] in transcript <-> gene map; returning transcript as it's own gene
[2021-05-23 10:41:49.346] [jointLog] [warning] couldn't find transcript named [DQ883646] in transcript <-> gene map; returning transcript as it's own gene
[2021-05-23 10:41:49.346] [jointLog] [warning] couldn't find transcript named [DQ668362] in transcript <-> gene map; returning transcript as it's own gene
[2021-05-23 10:41:49.346] [jointLog] [warning] couldn't find transcript named [DQ854995] in transcript <-> gene map; returning transcript as it's own gene
[2021-05-23 10:41:49.346] [jointLog] [warning] couldn't find transcript named [DQ875386] in transcript <-> gene map; returning transcript as it's own gene
[2021-05-23 10:41:49.346] [jointLog] [warning] couldn't find transcript named [DQ516790] in transcript <-> gene map; returning transcript as it's own gene
[2021-05-23 10:41:49.346] [jointLog] [warning] couldn't find transcript named [DQ883642] in transcript <-> gene map; returning transcript as it's own gene
[2021-05-23 10:41:49.346] [jointLog] [warning] couldn't find transcript named [DQ883659] in transcript <-> gene map; returning transcript as it's own gene
[2021-05-23 10:41:49.346] [jointLog] [warning] couldn't find transcript named [DQ854997] in transcript <-> gene map; returning transcript as it's own gene
[2021-05-23 10:41:49.346] [jointLog] [warning] couldn't find transcript named [DQ883643] in transcript <-> gene map; returning transcript as it's own gene
[2021-05-23 10:41:49.346] [jointLog] [warning] couldn't find transcript named [DQ839618] in transcript <-> gene map; returning transcript as it's own gene
[2021-05-23 10:41:49.346] [jointLog] [warning] couldn't find transcript named [DQ516795] in transcript <-> gene map; returning transcript as it's own gene
[2021-05-23 10:41:49.346] [jointLog] [warning] couldn't find transcript named [DQ883658] in transcript <-> gene map; returning transcript as it's own gene
[2021-05-23 10:41:49.346] [jointLog] [warning] couldn't find transcript named [DQ516750] in transcript <-> gene map; returning transcript as it's own gene
[2021-05-23 10:41:49.346] [jointLog] [warning] couldn't find transcript named [DQ668359] in transcript <-> gene map; returning transcript as it's own gene
[2021-05-23 10:41:49.346] [jointLog] [warning] couldn't find transcript named [DQ516779] in transcript <-> gene map; returning transcript as it's own gene
[2021-05-23 10:41:49.346] [jointLog] [warning] couldn't find transcript named [DQ668363] in transcript <-> gene map; returning transcript as it's own gene
[2021-05-23 10:41:49.346] [jointLog] [warning] couldn't find transcript named [DQ516776] in transcript <-> gene map; returning transcript as it's own gene
[2021-05-23 10:41:49.346] [jointLog] [warning] couldn't find transcript named [DQ516773] in transcript <-> gene map; returning transcript as it's own gene
[2021-05-23 10:41:49.346] [jointLog] [warning] couldn't find transcript named [DQ854994] in transcript <-> gene map; returning transcript as it's own gene
[2021-05-23 10:41:49.346] [jointLog] [info] Aggregating expressions to gene level
[2021-05-23 10:41:49.534] [jointLog] [info] done
