[2021-05-23 10:54:11.795] [jointLog] [info] setting maxHashResizeThreads to 6
[2021-05-23 10:54:11.795] [jointLog] [info] Fragment incompatibility prior below threshold.  Incompatible fragments will be ignored.
[2021-05-23 10:54:11.808] [jointLog] [info] numQuantThreads = 3
[2021-05-23 10:54:15.745] [jointLog] [info] replaced 4 non-ACGT nucleotides with random nucleotides
[2021-05-23 10:54:16.086] [fileLog] [info] quantification processed 0 fragments so far

[2021-05-23 10:54:19.618] [fileLog] [info] quantification processed 1000000 fragments so far

[2021-05-23 10:54:22.922] [fileLog] [info] quantification processed 2000000 fragments so far

[2021-05-23 10:54:24.357] [jointLog] [info] 

The alignment group queue pool has been exhausted.  3161946 extra fragments were allocated on the heap to saturate the pool.  No new fragments will be allocated


[2021-05-23 10:54:37.308] [fileLog] [info] quantification processed 3000000 fragments so far

[2021-05-23 10:55:00.217] [fileLog] [info] quantification processed 4000000 fragments so far

[2021-05-23 10:55:22.985] [fileLog] [info] quantification processed 5000000 fragments so far

[2021-05-23 10:55:45.567] [fileLog] [info] quantification processed 6000000 fragments so far

[2021-05-23 10:56:08.432] [fileLog] [info] quantification processed 7000000 fragments so far

[2021-05-23 10:56:13.387] [fileLog] [info] quantification processed 8000000 fragments so far

[2021-05-23 10:56:18.094] [fileLog] [info] quantification processed 9000000 fragments so far

[2021-05-23 10:56:23.555] [fileLog] [info] quantification processed 10000000 fragments so far

[2021-05-23 10:56:28.320] [fileLog] [info] quantification processed 11000000 fragments so far

[2021-05-23 10:56:34.993] [fileLog] [info] quantification processed 12000000 fragments so far

[2021-05-23 10:56:41.574] [fileLog] [info] quantification processed 13000000 fragments so far

[2021-05-23 10:56:46.404] [fileLog] [info] quantification processed 14000000 fragments so far

[2021-05-23 10:56:51.378] [fileLog] [info] quantification processed 15000000 fragments so far

[2021-05-23 10:56:55.936] [fileLog] [info] quantification processed 16000000 fragments so far

[2021-05-23 10:57:00.853] [fileLog] [info] quantification processed 17000000 fragments so far

[2021-05-23 10:57:05.662] [fileLog] [info] quantification processed 18000000 fragments so far

[2021-05-23 10:57:10.611] [fileLog] [info] quantification processed 19000000 fragments so far

[2021-05-23 10:57:15.464] [fileLog] [info] quantification processed 20000000 fragments so far

[2021-05-23 10:57:20.709] [fileLog] [info] quantification processed 21000000 fragments so far

[2021-05-23 10:57:26.131] [fileLog] [info] quantification processed 22000000 fragments so far

[2021-05-23 10:57:31.307] [fileLog] [info] quantification processed 23000000 fragments so far

[2021-05-23 10:57:36.023] [fileLog] [info] quantification processed 24000000 fragments so far

[2021-05-23 10:57:41.410] [fileLog] [info] quantification processed 25000000 fragments so far

[2021-05-23 10:57:46.761] [fileLog] [info] quantification processed 26000000 fragments so far

[2021-05-23 10:57:51.882] [fileLog] [info] quantification processed 27000000 fragments so far

[2021-05-23 10:57:57.362] [fileLog] [info] quantification processed 28000000 fragments so far

[2021-05-23 10:58:03.067] [fileLog] [info] quantification processed 29000000 fragments so far

[2021-05-23 10:58:07.689] [fileLog] [info] quantification processed 30000000 fragments so far

[2021-05-23 10:58:12.563] [fileLog] [info] quantification processed 31000000 fragments so far

[2021-05-23 10:58:18.024] [fileLog] [info] quantification processed 32000000 fragments so far

[2021-05-23 10:58:23.253] [fileLog] [info] quantification processed 33000000 fragments so far

[2021-05-23 10:58:27.964] [fileLog] [info] quantification processed 34000000 fragments so far

[2021-05-23 10:58:32.536] [fileLog] [info] quantification processed 35000000 fragments so far

[2021-05-23 10:58:37.140] [fileLog] [info] quantification processed 36000000 fragments so far

[2021-05-23 10:58:42.074] [fileLog] [info] quantification processed 37000000 fragments so far

[2021-05-23 10:58:47.315] [fileLog] [info] quantification processed 38000000 fragments so far

[2021-05-23 10:58:51.922] [fileLog] [info] quantification processed 39000000 fragments so far

[2021-05-23 10:58:56.512] [fileLog] [info] quantification processed 40000000 fragments so far

[2021-05-23 10:59:01.750] [fileLog] [info] quantification processed 41000000 fragments so far

[2021-05-23 10:59:02.610] [fileLog] [info] quantification processed 41147349 fragments so far

[2021-05-23 10:59:08.952] [jointLog] [info] Thread saw mini-batch with a maximum of 6.10% zero probability fragments
[2021-05-23 10:59:08.955] [jointLog] [info] Thread saw mini-batch with a maximum of 6.50% zero probability fragments
[2021-05-23 10:59:08.959] [jointLog] [info] Thread saw mini-batch with a maximum of 6.30% zero probability fragments
[2021-05-23 10:59:08.960] [jointLog] [info] 


Completed first pass through the alignment file.
Total # of mapped reads : 41147349
# of uniquely mapped reads : 15520348
# ambiguously mapped reads : 25627001



[2021-05-23 10:59:09.166] [jointLog] [info] Computed 240722 rich equivalence classes for further processing
[2021-05-23 10:59:09.166] [jointLog] [info] Counted 40991362 total reads in the equivalence classes 
[2021-05-23 10:59:09.170] [jointLog] [info] starting optimizer
[2021-05-23 10:59:09.289] [jointLog] [info] Marked 0 weighted equivalence classes as degenerate
[2021-05-23 10:59:09.308] [jointLog] [info] iteration = 0 | max rel diff. = 4961.33
[2021-05-23 10:59:11.065] [jointLog] [info] iteration = 100 | max rel diff. = 12.5592
[2021-05-23 10:59:12.874] [jointLog] [info] iteration = 200 | max rel diff. = 20.1841
[2021-05-23 10:59:14.839] [jointLog] [info] iteration = 300 | max rel diff. = 3.86477
[2021-05-23 10:59:16.642] [jointLog] [info] iteration = 400 | max rel diff. = 4.807
[2021-05-23 10:59:18.421] [jointLog] [info] iteration = 500 | max rel diff. = 1.47173
[2021-05-23 10:59:20.170] [jointLog] [info] iteration = 600 | max rel diff. = 0.762966
[2021-05-23 10:59:21.950] [jointLog] [info] iteration = 700 | max rel diff. = 0.0950061
[2021-05-23 10:59:23.700] [jointLog] [info] iteration = 800 | max rel diff. = 1.966
[2021-05-23 10:59:25.442] [jointLog] [info] iteration = 900 | max rel diff. = 0.0592663
[2021-05-23 10:59:27.220] [jointLog] [info] iteration = 1000 | max rel diff. = 0.113948
[2021-05-23 10:59:29.002] [jointLog] [info] iteration = 1100 | max rel diff. = 0.0383376
[2021-05-23 10:59:30.783] [jointLog] [info] iteration = 1200 | max rel diff. = 0.0654025
[2021-05-23 10:59:32.558] [jointLog] [info] iteration = 1300 | max rel diff. = 0.0677411
[2021-05-23 10:59:34.315] [jointLog] [info] iteration = 1400 | max rel diff. = 0.0795652
[2021-05-23 10:59:36.077] [jointLog] [info] iteration = 1500 | max rel diff. = 1.36307
[2021-05-23 10:59:37.825] [jointLog] [info] iteration = 1600 | max rel diff. = 0.0563214
[2021-05-23 10:59:39.599] [jointLog] [info] iteration = 1700 | max rel diff. = 0.0916774
[2021-05-23 10:59:39.963] [jointLog] [info] iteration = 1722 | max rel diff. = 0.00983355
[2021-05-23 10:59:40.000] [jointLog] [info] finished optimizer
[2021-05-23 10:59:40.000] [jointLog] [info] writing output
[2021-05-23 10:59:42.291] [jointLog] [info] Computing gene-level abundance estimates
[2021-05-23 11:00:14.967] [jointLog] [warning] Feature has no GFF ID
[2021-05-23 11:00:14.967] [jointLog] [warning] Feature has no GFF ID
[2021-05-23 11:00:14.967] [jointLog] [warning] Feature has no GFF ID
[2021-05-23 11:00:14.967] [jointLog] [warning] Feature has no GFF ID
[2021-05-23 11:00:14.967] [jointLog] [warning] Feature has no GFF ID
[2021-05-23 11:00:14.967] [jointLog] [warning] Feature has no GFF ID
[2021-05-23 11:00:14.967] [jointLog] [warning] Feature has no GFF ID
[2021-05-23 11:00:14.967] [jointLog] [warning] Feature has no GFF ID
[2021-05-23 11:00:14.967] [jointLog] [warning] Feature has no GFF ID
[2021-05-23 11:00:14.967] [jointLog] [warning] Feature has no GFF ID
[2021-05-23 11:00:14.967] [jointLog] [warning] Feature has no GFF ID
[2021-05-23 11:00:14.967] [jointLog] [warning] Feature has no GFF ID
[2021-05-23 11:00:14.967] [jointLog] [warning] Feature has no GFF ID
[2021-05-23 11:00:14.967] [jointLog] [warning] Feature has no GFF ID
[2021-05-23 11:00:14.967] [jointLog] [warning] Feature has no GFF ID
[2021-05-23 11:00:14.967] [jointLog] [warning] Feature has no GFF ID
[2021-05-23 11:00:14.967] [jointLog] [warning] Feature has no GFF ID
[2021-05-23 11:00:14.967] [jointLog] [warning] Feature has no GFF ID
[2021-05-23 11:00:14.967] [jointLog] [warning] Feature has no GFF ID
[2021-05-23 11:00:14.967] [jointLog] [warning] Feature has no GFF ID
[2021-05-23 11:00:14.967] [jointLog] [warning] Feature has no GFF ID
[2021-05-23 11:00:14.967] [jointLog] [warning] Feature has no GFF ID
[2021-05-23 11:00:14.967] [jointLog] [warning] Feature has no GFF ID
[2021-05-23 11:00:14.967] [jointLog] [warning] Feature has no GFF ID
[2021-05-23 11:00:14.967] [jointLog] [warning] Feature has no GFF ID
[2021-05-23 11:00:14.967] [jointLog] [warning] Feature has no GFF ID
[2021-05-23 11:00:14.967] [jointLog] [warning] Feature has no GFF ID
[2021-05-23 11:00:14.967] [jointLog] [warning] Feature has no GFF ID
[2021-05-23 11:00:14.967] [jointLog] [warning] Feature has no GFF ID
[2021-05-23 11:00:14.967] [jointLog] [warning] Feature has no GFF ID
[2021-05-23 11:00:14.967] [jointLog] [warning] Feature has no GFF ID
[2021-05-23 11:00:14.967] [jointLog] [warning] Feature has no GFF ID
[2021-05-23 11:00:14.967] [jointLog] [warning] Feature has no GFF ID
[2021-05-23 11:00:14.967] [jointLog] [warning] Feature has no GFF ID
[2021-05-23 11:00:14.967] [jointLog] [warning] Feature has no GFF ID
[2021-05-23 11:00:14.967] [jointLog] [warning] Feature has no GFF ID
[2021-05-23 11:00:14.967] [jointLog] [warning] Feature has no GFF ID
[2021-05-23 11:00:14.967] [jointLog] [warning] Feature has no GFF ID
[2021-05-23 11:00:14.967] [jointLog] [warning] Feature has no GFF ID
[2021-05-23 11:00:14.967] [jointLog] [warning] Feature has no GFF ID
[2021-05-23 11:00:14.967] [jointLog] [warning] Feature has no GFF ID
[2021-05-23 11:00:14.967] [jointLog] [warning] Feature has no GFF ID
[2021-05-23 11:00:14.967] [jointLog] [warning] Feature has no GFF ID
[2021-05-23 11:00:14.967] [jointLog] [warning] Feature has no GFF ID
[2021-05-23 11:00:14.967] [jointLog] [warning] Feature has no GFF ID
[2021-05-23 11:00:14.967] [jointLog] [warning] Feature has no GFF ID
[2021-05-23 11:00:14.967] [jointLog] [warning] Feature has no GFF ID
[2021-05-23 11:00:14.967] [jointLog] [warning] Feature has no GFF ID
[2021-05-23 11:00:14.967] [jointLog] [warning] Feature has no GFF ID
[2021-05-23 11:00:14.967] [jointLog] [warning] Feature has no GFF ID
[2021-05-23 11:00:14.967] [jointLog] [warning] Feature has no GFF ID
[2021-05-23 11:00:14.967] [jointLog] [warning] Feature has no GFF ID
[2021-05-23 11:00:14.967] [jointLog] [warning] Feature has no GFF ID
[2021-05-23 11:00:14.967] [jointLog] [warning] Feature has no GFF ID
[2021-05-23 11:00:14.967] [jointLog] [warning] Feature has no GFF ID
[2021-05-23 11:00:14.967] [jointLog] [warning] Feature has no GFF ID
[2021-05-23 11:00:14.967] [jointLog] [warning] Feature has no GFF ID
[2021-05-23 11:00:14.967] [jointLog] [warning] Feature has no GFF ID
[2021-05-23 11:00:14.967] [jointLog] [warning] Feature has no GFF ID
[2021-05-23 11:00:14.967] [jointLog] [warning] Feature has no GFF ID
[2021-05-23 11:00:14.967] [jointLog] [warning] Feature has no GFF ID
[2021-05-23 11:00:14.967] [jointLog] [warning] Feature has no GFF ID
[2021-05-23 11:00:14.967] [jointLog] [warning] Feature has no GFF ID
[2021-05-23 11:00:14.967] [jointLog] [warning] Feature has no GFF ID
[2021-05-23 11:00:14.967] [jointLog] [warning] Feature has no GFF ID
[2021-05-23 11:00:14.967] [jointLog] [warning] Feature has no GFF ID
[2021-05-23 11:00:14.967] [jointLog] [warning] Feature has no GFF ID
[2021-05-23 11:00:14.967] [jointLog] [warning] Feature has no GFF ID
[2021-05-23 11:00:14.967] [jointLog] [warning] Feature has no GFF ID
[2021-05-23 11:00:14.967] [jointLog] [warning] Feature has no GFF ID
[2021-05-23 11:00:14.967] [jointLog] [warning] Feature has no GFF ID
[2021-05-23 11:00:14.967] [jointLog] [warning] Feature has no GFF ID
[2021-05-23 11:00:14.967] [jointLog] [warning] Feature has no GFF ID
[2021-05-23 11:00:14.967] [jointLog] [warning] Feature has no GFF ID
[2021-05-23 11:00:14.967] [jointLog] [warning] Feature has no GFF ID
[2021-05-23 11:00:14.967] [jointLog] [warning] Feature has no GFF ID
[2021-05-23 11:00:14.967] [jointLog] [warning] Feature has no GFF ID
[2021-05-23 11:00:14.967] [jointLog] [warning] Feature has no GFF ID
[2021-05-23 11:00:14.967] [jointLog] [warning] Feature has no GFF ID
[2021-05-23 11:00:14.967] [jointLog] [warning] Feature has no GFF ID
[2021-05-23 11:00:14.967] [jointLog] [warning] Feature has no GFF ID
[2021-05-23 11:00:14.967] [jointLog] [warning] Feature has no GFF ID
[2021-05-23 11:00:14.967] [jointLog] [warning] Feature has no GFF ID
[2021-05-23 11:00:14.967] [jointLog] [warning] Feature has no GFF ID
[2021-05-23 11:00:14.967] [jointLog] [warning] Feature has no GFF ID
[2021-05-23 11:00:14.967] [jointLog] [warning] Feature has no GFF ID
[2021-05-23 11:00:14.967] [jointLog] [warning] Feature has no GFF ID
[2021-05-23 11:00:14.967] [jointLog] [warning] Feature has no GFF ID
[2021-05-23 11:00:14.967] [jointLog] [warning] Feature has no GFF ID
[2021-05-23 11:00:14.967] [jointLog] [warning] Feature has no GFF ID
[2021-05-23 11:00:14.967] [jointLog] [warning] Feature has no GFF ID
[2021-05-23 11:00:14.967] [jointLog] [warning] Feature has no GFF ID
[2021-05-23 11:00:15.328] [jointLog] [info] There were 142604 transcripts mapping to 55401 genes
[2021-05-23 11:00:15.328] [jointLog] [info] NOTE: We recommend using tximport (https://bioconductor.org/packages/release/bioc/html/tximport.html) for aggregating transcript-level salmon abundance estimates to the gene level.  It is more versatile, exposes more features, and allows considering multi-sample information during aggregation.
[2021-05-23 11:00:15.656] [jointLog] [warning] couldn't find transcript named [DQ459430] in transcript <-> gene map; returning transcript as it's own gene
[2021-05-23 11:00:15.656] [jointLog] [warning] couldn't find transcript named [DQ516784] in transcript <-> gene map; returning transcript as it's own gene
[2021-05-23 11:00:15.656] [jointLog] [warning] couldn't find transcript named [DQ516752] in transcript <-> gene map; returning transcript as it's own gene
[2021-05-23 11:00:15.656] [jointLog] [warning] couldn't find transcript named [DQ668364] in transcript <-> gene map; returning transcript as it's own gene
[2021-05-23 11:00:15.656] [jointLog] [warning] couldn't find transcript named [DQ883670] in transcript <-> gene map; returning transcript as it's own gene
[2021-05-23 11:00:15.656] [jointLog] [warning] couldn't find transcript named [EF011062] in transcript <-> gene map; returning transcript as it's own gene
[2021-05-23 11:00:15.656] [jointLog] [warning] couldn't find transcript named [DQ875385] in transcript <-> gene map; returning transcript as it's own gene
[2021-05-23 11:00:15.656] [jointLog] [warning] couldn't find transcript named [DQ883664] in transcript <-> gene map; returning transcript as it's own gene
[2021-05-23 11:00:15.656] [jointLog] [warning] couldn't find transcript named [DQ459420] in transcript <-> gene map; returning transcript as it's own gene
[2021-05-23 11:00:15.656] [jointLog] [warning] couldn't find transcript named [DQ883651] in transcript <-> gene map; returning transcript as it's own gene
[2021-05-23 11:00:15.656] [jointLog] [warning] couldn't find transcript named [DQ855004] in transcript <-> gene map; returning transcript as it's own gene
[2021-05-23 11:00:15.656] [jointLog] [warning] couldn't find transcript named [DQ854993] in transcript <-> gene map; returning transcript as it's own gene
[2021-05-23 11:00:15.656] [jointLog] [warning] couldn't find transcript named [DQ883689] in transcript <-> gene map; returning transcript as it's own gene
[2021-05-23 11:00:15.656] [jointLog] [warning] couldn't find transcript named [DQ459419] in transcript <-> gene map; returning transcript as it's own gene
[2021-05-23 11:00:15.656] [jointLog] [warning] couldn't find transcript named [DQ459431] in transcript <-> gene map; returning transcript as it's own gene
[2021-05-23 11:00:15.656] [jointLog] [warning] couldn't find transcript named [DQ516796] in transcript <-> gene map; returning transcript as it's own gene
[2021-05-23 11:00:15.656] [jointLog] [warning] couldn't find transcript named [DQ855001] in transcript <-> gene map; returning transcript as it's own gene
[2021-05-23 11:00:15.656] [jointLog] [warning] couldn't find transcript named [DQ459413] in transcript <-> gene map; returning transcript as it's own gene
[2021-05-23 11:00:15.656] [jointLog] [warning] couldn't find transcript named [DQ883656] in transcript <-> gene map; returning transcript as it's own gene
[2021-05-23 11:00:15.656] [jointLog] [warning] couldn't find transcript named [DQ883661] in transcript <-> gene map; returning transcript as it's own gene
[2021-05-23 11:00:15.656] [jointLog] [warning] couldn't find transcript named [EF011069] in transcript <-> gene map; returning transcript as it's own gene
[2021-05-23 11:00:15.656] [jointLog] [warning] couldn't find transcript named [DQ516783] in transcript <-> gene map; returning transcript as it's own gene
[2021-05-23 11:00:15.656] [jointLog] [warning] couldn't find transcript named [DQ516787] in transcript <-> gene map; returning transcript as it's own gene
[2021-05-23 11:00:15.656] [jointLog] [warning] couldn't find transcript named [DQ459424] in transcript <-> gene map; returning transcript as it's own gene
[2021-05-23 11:00:15.656] [jointLog] [warning] couldn't find transcript named [DQ516748] in transcript <-> gene map; returning transcript as it's own gene
[2021-05-23 11:00:15.656] [jointLog] [warning] couldn't find transcript named [DQ883671] in transcript <-> gene map; returning transcript as it's own gene
[2021-05-23 11:00:15.656] [jointLog] [warning] couldn't find transcript named [DQ516740] in transcript <-> gene map; returning transcript as it's own gene
[2021-05-23 11:00:15.656] [jointLog] [warning] couldn't find transcript named [DQ516785] in transcript <-> gene map; returning transcript as it's own gene
[2021-05-23 11:00:15.656] [jointLog] [warning] couldn't find transcript named [DQ516731] in transcript <-> gene map; returning transcript as it's own gene
[2021-05-23 11:00:15.656] [jointLog] [warning] couldn't find transcript named [DQ668366] in transcript <-> gene map; returning transcript as it's own gene
[2021-05-23 11:00:15.656] [jointLog] [warning] couldn't find transcript named [DQ459418] in transcript <-> gene map; returning transcript as it's own gene
[2021-05-23 11:00:15.656] [jointLog] [warning] couldn't find transcript named [DQ668356] in transcript <-> gene map; returning transcript as it's own gene
[2021-05-23 11:00:15.656] [jointLog] [warning] couldn't find transcript named [DQ516763] in transcript <-> gene map; returning transcript as it's own gene
[2021-05-23 11:00:15.656] [jointLog] [warning] couldn't find transcript named [DQ459426] in transcript <-> gene map; returning transcript as it's own gene
[2021-05-23 11:00:15.656] [jointLog] [warning] couldn't find transcript named [DQ516786] in transcript <-> gene map; returning transcript as it's own gene
[2021-05-23 11:00:15.656] [jointLog] [warning] couldn't find transcript named [DQ883653] in transcript <-> gene map; returning transcript as it's own gene
[2021-05-23 11:00:15.656] [jointLog] [warning] couldn't find transcript named [DQ459421] in transcript <-> gene map; returning transcript as it's own gene
[2021-05-23 11:00:15.656] [jointLog] [warning] couldn't find transcript named [DQ883654] in transcript <-> gene map; returning transcript as it's own gene
[2021-05-23 11:00:15.656] [jointLog] [warning] couldn't find transcript named [DQ668358] in transcript <-> gene map; returning transcript as it's own gene
[2021-05-23 11:00:15.656] [jointLog] [warning] couldn't find transcript named [DQ516754] in transcript <-> gene map; returning transcript as it's own gene
[2021-05-23 11:00:15.656] [jointLog] [warning] couldn't find transcript named [DQ516778] in transcript <-> gene map; returning transcript as it's own gene
[2021-05-23 11:00:15.656] [jointLog] [warning] couldn't find transcript named [DQ883650] in transcript <-> gene map; returning transcript as it's own gene
[2021-05-23 11:00:15.656] [jointLog] [warning] couldn't find transcript named [DQ516742] in transcript <-> gene map; returning transcript as it's own gene
[2021-05-23 11:00:15.656] [jointLog] [warning] couldn't find transcript named [DQ883673] in transcript <-> gene map; returning transcript as it's own gene
[2021-05-23 11:00:15.656] [jointLog] [warning] couldn't find transcript named [DQ883652] in transcript <-> gene map; returning transcript as it's own gene
[2021-05-23 11:00:15.656] [jointLog] [warning] couldn't find transcript named [DQ854991] in transcript <-> gene map; returning transcript as it's own gene
[2021-05-23 11:00:15.656] [jointLog] [warning] couldn't find transcript named [DQ516780] in transcript <-> gene map; returning transcript as it's own gene
[2021-05-23 11:00:15.656] [jointLog] [warning] couldn't find transcript named [DQ883682] in transcript <-> gene map; returning transcript as it's own gene
[2021-05-23 11:00:15.656] [jointLog] [warning] couldn't find transcript named [DQ883669] in transcript <-> gene map; returning transcript as it's own gene
[2021-05-23 11:00:15.656] [jointLog] [warning] couldn't find transcript named [DQ516791] in transcript <-> gene map; returning transcript as it's own gene
[2021-05-23 11:00:15.656] [jointLog] [warning] couldn't find transcript named [DQ459425] in transcript <-> gene map; returning transcript as it's own gene
[2021-05-23 11:00:15.656] [jointLog] [warning] couldn't find transcript named [DQ516759] in transcript <-> gene map; returning transcript as it's own gene
[2021-05-23 11:00:15.656] [jointLog] [warning] couldn't find transcript named [DQ459429] in transcript <-> gene map; returning transcript as it's own gene
[2021-05-23 11:00:15.656] [jointLog] [warning] couldn't find transcript named [DQ516758] in transcript <-> gene map; returning transcript as it's own gene
[2021-05-23 11:00:15.656] [jointLog] [warning] couldn't find transcript named [DQ459415] in transcript <-> gene map; returning transcript as it's own gene
[2021-05-23 11:00:15.656] [jointLog] [warning] couldn't find transcript named [DQ875387] in transcript <-> gene map; returning transcript as it's own gene
[2021-05-23 11:00:15.656] [jointLog] [warning] couldn't find transcript named [DQ516815] in transcript <-> gene map; returning transcript as it's own gene
[2021-05-23 11:00:15.656] [jointLog] [warning] couldn't find transcript named [DQ668365] in transcript <-> gene map; returning transcript as it's own gene
[2021-05-23 11:00:15.656] [jointLog] [warning] couldn't find transcript named [DQ854998] in transcript <-> gene map; returning transcript as it's own gene
[2021-05-23 11:00:15.656] [jointLog] [warning] couldn't find transcript named [DQ883685] in transcript <-> gene map; returning transcript as it's own gene
[2021-05-23 11:00:15.656] [jointLog] [warning] couldn't find transcript named [DQ459422] in transcript <-> gene map; returning transcript as it's own gene
[2021-05-23 11:00:15.656] [jointLog] [warning] couldn't find transcript named [DQ883663] in transcript <-> gene map; returning transcript as it's own gene
[2021-05-23 11:00:15.656] [jointLog] [warning] couldn't find transcript named [DQ668367] in transcript <-> gene map; returning transcript as it's own gene
[2021-05-23 11:00:15.656] [jointLog] [warning] couldn't find transcript named [DQ459412] in transcript <-> gene map; returning transcript as it's own gene
[2021-05-23 11:00:15.656] [jointLog] [warning] couldn't find transcript named [DQ854992] in transcript <-> gene map; returning transcript as it's own gene
[2021-05-23 11:00:15.656] [jointLog] [warning] couldn't find transcript named [DQ516782] in transcript <-> gene map; returning transcript as it's own gene
[2021-05-23 11:00:15.656] [jointLog] [warning] couldn't find transcript named [DQ459427] in transcript <-> gene map; returning transcript as it's own gene
[2021-05-23 11:00:15.656] [jointLog] [warning] couldn't find transcript named [EF011072] in transcript <-> gene map; returning transcript as it's own gene
[2021-05-23 11:00:15.656] [jointLog] [warning] couldn't find transcript named [DQ855003] in transcript <-> gene map; returning transcript as it's own gene
[2021-05-23 11:00:15.656] [jointLog] [warning] couldn't find transcript named [DQ516739] in transcript <-> gene map; returning transcript as it's own gene
[2021-05-23 11:00:15.656] [jointLog] [warning] couldn't find transcript named [EF011063] in transcript <-> gene map; returning transcript as it's own gene
[2021-05-23 11:00:15.656] [jointLog] [warning] couldn't find transcript named [DQ855000] in transcript <-> gene map; returning transcript as it's own gene
[2021-05-23 11:00:15.656] [jointLog] [warning] couldn't find transcript named [DQ516777] in transcript <-> gene map; returning transcript as it's own gene
[2021-05-23 11:00:15.656] [jointLog] [warning] couldn't find transcript named [DQ883646] in transcript <-> gene map; returning transcript as it's own gene
[2021-05-23 11:00:15.656] [jointLog] [warning] couldn't find transcript named [DQ668362] in transcript <-> gene map; returning transcript as it's own gene
[2021-05-23 11:00:15.656] [jointLog] [warning] couldn't find transcript named [DQ854995] in transcript <-> gene map; returning transcript as it's own gene
[2021-05-23 11:00:15.656] [jointLog] [warning] couldn't find transcript named [DQ875386] in transcript <-> gene map; returning transcript as it's own gene
[2021-05-23 11:00:15.656] [jointLog] [warning] couldn't find transcript named [DQ516790] in transcript <-> gene map; returning transcript as it's own gene
[2021-05-23 11:00:15.656] [jointLog] [warning] couldn't find transcript named [DQ883642] in transcript <-> gene map; returning transcript as it's own gene
[2021-05-23 11:00:15.656] [jointLog] [warning] couldn't find transcript named [DQ883659] in transcript <-> gene map; returning transcript as it's own gene
[2021-05-23 11:00:15.656] [jointLog] [warning] couldn't find transcript named [DQ854997] in transcript <-> gene map; returning transcript as it's own gene
[2021-05-23 11:00:15.656] [jointLog] [warning] couldn't find transcript named [DQ883643] in transcript <-> gene map; returning transcript as it's own gene
[2021-05-23 11:00:15.656] [jointLog] [warning] couldn't find transcript named [DQ839618] in transcript <-> gene map; returning transcript as it's own gene
[2021-05-23 11:00:15.656] [jointLog] [warning] couldn't find transcript named [DQ516795] in transcript <-> gene map; returning transcript as it's own gene
[2021-05-23 11:00:15.656] [jointLog] [warning] couldn't find transcript named [DQ883658] in transcript <-> gene map; returning transcript as it's own gene
[2021-05-23 11:00:15.656] [jointLog] [warning] couldn't find transcript named [DQ516750] in transcript <-> gene map; returning transcript as it's own gene
[2021-05-23 11:00:15.656] [jointLog] [warning] couldn't find transcript named [DQ668359] in transcript <-> gene map; returning transcript as it's own gene
[2021-05-23 11:00:15.656] [jointLog] [warning] couldn't find transcript named [DQ516779] in transcript <-> gene map; returning transcript as it's own gene
[2021-05-23 11:00:15.656] [jointLog] [warning] couldn't find transcript named [DQ668363] in transcript <-> gene map; returning transcript as it's own gene
[2021-05-23 11:00:15.656] [jointLog] [warning] couldn't find transcript named [DQ516776] in transcript <-> gene map; returning transcript as it's own gene
[2021-05-23 11:00:15.656] [jointLog] [warning] couldn't find transcript named [DQ516773] in transcript <-> gene map; returning transcript as it's own gene
[2021-05-23 11:00:15.656] [jointLog] [warning] couldn't find transcript named [DQ854994] in transcript <-> gene map; returning transcript as it's own gene
[2021-05-23 11:00:15.657] [jointLog] [info] Aggregating expressions to gene level
[2021-05-23 11:00:15.859] [jointLog] [info] done
