[2021-05-20 19:17:52.296] [jointLog] [info] setting maxHashResizeThreads to 6
[2021-05-20 19:17:52.296] [jointLog] [info] Fragment incompatibility prior below threshold.  Incompatible fragments will be ignored.
[2021-05-20 19:17:52.329] [jointLog] [info] numQuantThreads = 3
[2021-05-20 19:17:56.914] [fileLog] [info] quantification processed 0 fragments so far

[2021-05-20 19:17:56.585] [jointLog] [info] replaced 4 non-ACGT nucleotides with random nucleotides
[2021-05-20 19:18:00.360] [fileLog] [info] quantification processed 1000000 fragments so far

[2021-05-20 19:18:03.304] [fileLog] [info] quantification processed 2000000 fragments so far

[2021-05-20 19:18:04.382] [jointLog] [info] 

The alignment group queue pool has been exhausted.  2952252 extra fragments were allocated on the heap to saturate the pool.  No new fragments will be allocated


[2021-05-20 19:18:19.850] [fileLog] [info] quantification processed 3000000 fragments so far

[2021-05-20 19:18:42.781] [fileLog] [info] quantification processed 4000000 fragments so far

[2021-05-20 19:19:05.156] [fileLog] [info] quantification processed 5000000 fragments so far

[2021-05-20 19:19:27.533] [fileLog] [info] quantification processed 6000000 fragments so far

[2021-05-20 19:19:50.098] [fileLog] [info] quantification processed 7000000 fragments so far

[2021-05-20 19:19:54.625] [fileLog] [info] quantification processed 8000000 fragments so far

[2021-05-20 19:19:58.915] [fileLog] [info] quantification processed 9000000 fragments so far

[2021-05-20 19:20:02.990] [fileLog] [info] quantification processed 10000000 fragments so far

[2021-05-20 19:20:07.482] [fileLog] [info] quantification processed 11000000 fragments so far

[2021-05-20 19:20:11.987] [fileLog] [info] quantification processed 12000000 fragments so far

[2021-05-20 19:20:16.361] [fileLog] [info] quantification processed 13000000 fragments so far

[2021-05-20 19:20:20.732] [fileLog] [info] quantification processed 14000000 fragments so far

[2021-05-20 19:20:25.141] [fileLog] [info] quantification processed 15000000 fragments so far

[2021-05-20 19:20:29.495] [fileLog] [info] quantification processed 16000000 fragments so far

[2021-05-20 19:20:33.864] [fileLog] [info] quantification processed 17000000 fragments so far

[2021-05-20 19:20:38.229] [fileLog] [info] quantification processed 18000000 fragments so far

[2021-05-20 19:20:42.602] [fileLog] [info] quantification processed 19000000 fragments so far

[2021-05-20 19:20:46.989] [fileLog] [info] quantification processed 20000000 fragments so far

[2021-05-20 19:20:51.380] [fileLog] [info] quantification processed 21000000 fragments so far

[2021-05-20 19:20:55.701] [fileLog] [info] quantification processed 22000000 fragments so far

[2021-05-20 19:21:00.220] [fileLog] [info] quantification processed 23000000 fragments so far

[2021-05-20 19:21:04.644] [fileLog] [info] quantification processed 24000000 fragments so far

[2021-05-20 19:21:08.955] [fileLog] [info] quantification processed 25000000 fragments so far

[2021-05-20 19:21:13.240] [fileLog] [info] quantification processed 26000000 fragments so far

[2021-05-20 19:21:17.520] [fileLog] [info] quantification processed 27000000 fragments so far

[2021-05-20 19:21:21.648] [fileLog] [info] quantification processed 28000000 fragments so far

[2021-05-20 19:21:25.710] [fileLog] [info] quantification processed 29000000 fragments so far

[2021-05-20 19:21:29.939] [fileLog] [info] quantification processed 30000000 fragments so far

[2021-05-20 19:21:34.319] [fileLog] [info] quantification processed 31000000 fragments so far

[2021-05-20 19:21:38.758] [fileLog] [info] quantification processed 32000000 fragments so far

[2021-05-20 19:21:43.136] [fileLog] [info] quantification processed 33000000 fragments so far

[2021-05-20 19:21:47.482] [fileLog] [info] quantification processed 34000000 fragments so far

[2021-05-20 19:21:52.012] [fileLog] [info] quantification processed 35000000 fragments so far

[2021-05-20 19:21:56.370] [fileLog] [info] quantification processed 36000000 fragments so far

[2021-05-20 19:22:00.796] [fileLog] [info] quantification processed 37000000 fragments so far

[2021-05-20 19:22:05.270] [fileLog] [info] quantification processed 38000000 fragments so far

[2021-05-20 19:22:09.104] [fileLog] [info] quantification processed 39000000 fragments so far

[2021-05-20 19:22:11.574] [fileLog] [info] quantification processed 39581745 fragments so far

[2021-05-20 19:22:19.853] [jointLog] [info] Thread saw mini-batch with a maximum of 5.40% zero probability fragments
[2021-05-20 19:22:19.857] [jointLog] [info] Thread saw mini-batch with a maximum of 3.70% zero probability fragments
[2021-05-20 19:22:19.861] [jointLog] [info] Thread saw mini-batch with a maximum of 5.00% zero probability fragments
[2021-05-20 19:22:19.863] [jointLog] [info] 


Completed first pass through the alignment file.
Total # of mapped reads : 39581745
# of uniquely mapped reads : 15982849
# ambiguously mapped reads : 23598896



[2021-05-20 19:22:20.067] [jointLog] [info] Computed 219507 rich equivalence classes for further processing
[2021-05-20 19:22:20.067] [jointLog] [info] Counted 39462572 total reads in the equivalence classes 
[2021-05-20 19:22:20.069] [jointLog] [info] starting optimizer
[2021-05-20 19:22:20.175] [jointLog] [info] Marked 0 weighted equivalence classes as degenerate
[2021-05-20 19:22:20.193] [jointLog] [info] iteration = 0 | max rel diff. = 5823.7
[2021-05-20 19:22:21.826] [jointLog] [info] iteration = 100 | max rel diff. = 4.16827
[2021-05-20 19:22:23.486] [jointLog] [info] iteration = 200 | max rel diff. = 12.5718
[2021-05-20 19:22:25.128] [jointLog] [info] iteration = 300 | max rel diff. = 0.85802
[2021-05-20 19:22:26.746] [jointLog] [info] iteration = 400 | max rel diff. = 0.780439
[2021-05-20 19:22:28.391] [jointLog] [info] iteration = 500 | max rel diff. = 1.11297
[2021-05-20 19:22:30.215] [jointLog] [info] iteration = 600 | max rel diff. = 2.32494
[2021-05-20 19:22:31.878] [jointLog] [info] iteration = 700 | max rel diff. = 0.257794
[2021-05-20 19:22:33.522] [jointLog] [info] iteration = 800 | max rel diff. = 0.281198
[2021-05-20 19:22:35.164] [jointLog] [info] iteration = 900 | max rel diff. = 0.021738
[2021-05-20 19:22:36.899] [jointLog] [info] iteration = 1000 | max rel diff. = 0.501991
[2021-05-20 19:22:38.523] [jointLog] [info] iteration = 1100 | max rel diff. = 0.662059
[2021-05-20 19:22:40.194] [jointLog] [info] iteration = 1200 | max rel diff. = 0.0152046
[2021-05-20 19:22:41.844] [jointLog] [info] iteration = 1300 | max rel diff. = 0.054199
[2021-05-20 19:22:43.440] [jointLog] [info] iteration = 1400 | max rel diff. = 0.0268139
[2021-05-20 19:22:45.055] [jointLog] [info] iteration = 1500 | max rel diff. = 1.18417
[2021-05-20 19:22:46.675] [jointLog] [info] iteration = 1600 | max rel diff. = 0.018811
[2021-05-20 19:22:48.074] [jointLog] [info] iteration = 1689 | max rel diff. = 0.00957331
[2021-05-20 19:22:48.109] [jointLog] [info] finished optimizer
[2021-05-20 19:22:48.109] [jointLog] [info] writing output
[2021-05-20 19:22:50.123] [jointLog] [info] Computing gene-level abundance estimates
[2021-05-20 19:23:21.860] [jointLog] [warning] Feature has no GFF ID
[2021-05-20 19:23:21.860] [jointLog] [warning] Feature has no GFF ID
[2021-05-20 19:23:21.860] [jointLog] [warning] Feature has no GFF ID
[2021-05-20 19:23:21.860] [jointLog] [warning] Feature has no GFF ID
[2021-05-20 19:23:21.860] [jointLog] [warning] Feature has no GFF ID
[2021-05-20 19:23:21.860] [jointLog] [warning] Feature has no GFF ID
[2021-05-20 19:23:21.860] [jointLog] [warning] Feature has no GFF ID
[2021-05-20 19:23:21.860] [jointLog] [warning] Feature has no GFF ID
[2021-05-20 19:23:21.860] [jointLog] [warning] Feature has no GFF ID
[2021-05-20 19:23:21.860] [jointLog] [warning] Feature has no GFF ID
[2021-05-20 19:23:21.860] [jointLog] [warning] Feature has no GFF ID
[2021-05-20 19:23:21.860] [jointLog] [warning] Feature has no GFF ID
[2021-05-20 19:23:21.860] [jointLog] [warning] Feature has no GFF ID
[2021-05-20 19:23:21.860] [jointLog] [warning] Feature has no GFF ID
[2021-05-20 19:23:21.860] [jointLog] [warning] Feature has no GFF ID
[2021-05-20 19:23:21.860] [jointLog] [warning] Feature has no GFF ID
[2021-05-20 19:23:21.860] [jointLog] [warning] Feature has no GFF ID
[2021-05-20 19:23:21.860] [jointLog] [warning] Feature has no GFF ID
[2021-05-20 19:23:21.860] [jointLog] [warning] Feature has no GFF ID
[2021-05-20 19:23:21.860] [jointLog] [warning] Feature has no GFF ID
[2021-05-20 19:23:21.860] [jointLog] [warning] Feature has no GFF ID
[2021-05-20 19:23:21.860] [jointLog] [warning] Feature has no GFF ID
[2021-05-20 19:23:21.860] [jointLog] [warning] Feature has no GFF ID
[2021-05-20 19:23:21.860] [jointLog] [warning] Feature has no GFF ID
[2021-05-20 19:23:21.860] [jointLog] [warning] Feature has no GFF ID
[2021-05-20 19:23:21.860] [jointLog] [warning] Feature has no GFF ID
[2021-05-20 19:23:21.860] [jointLog] [warning] Feature has no GFF ID
[2021-05-20 19:23:21.860] [jointLog] [warning] Feature has no GFF ID
[2021-05-20 19:23:21.860] [jointLog] [warning] Feature has no GFF ID
[2021-05-20 19:23:21.860] [jointLog] [warning] Feature has no GFF ID
[2021-05-20 19:23:21.860] [jointLog] [warning] Feature has no GFF ID
[2021-05-20 19:23:21.860] [jointLog] [warning] Feature has no GFF ID
[2021-05-20 19:23:21.860] [jointLog] [warning] Feature has no GFF ID
[2021-05-20 19:23:21.860] [jointLog] [warning] Feature has no GFF ID
[2021-05-20 19:23:21.860] [jointLog] [warning] Feature has no GFF ID
[2021-05-20 19:23:21.860] [jointLog] [warning] Feature has no GFF ID
[2021-05-20 19:23:21.860] [jointLog] [warning] Feature has no GFF ID
[2021-05-20 19:23:21.860] [jointLog] [warning] Feature has no GFF ID
[2021-05-20 19:23:21.860] [jointLog] [warning] Feature has no GFF ID
[2021-05-20 19:23:21.860] [jointLog] [warning] Feature has no GFF ID
[2021-05-20 19:23:21.860] [jointLog] [warning] Feature has no GFF ID
[2021-05-20 19:23:21.860] [jointLog] [warning] Feature has no GFF ID
[2021-05-20 19:23:21.860] [jointLog] [warning] Feature has no GFF ID
[2021-05-20 19:23:21.860] [jointLog] [warning] Feature has no GFF ID
[2021-05-20 19:23:21.860] [jointLog] [warning] Feature has no GFF ID
[2021-05-20 19:23:21.860] [jointLog] [warning] Feature has no GFF ID
[2021-05-20 19:23:21.860] [jointLog] [warning] Feature has no GFF ID
[2021-05-20 19:23:21.860] [jointLog] [warning] Feature has no GFF ID
[2021-05-20 19:23:21.860] [jointLog] [warning] Feature has no GFF ID
[2021-05-20 19:23:21.860] [jointLog] [warning] Feature has no GFF ID
[2021-05-20 19:23:21.860] [jointLog] [warning] Feature has no GFF ID
[2021-05-20 19:23:21.860] [jointLog] [warning] Feature has no GFF ID
[2021-05-20 19:23:21.860] [jointLog] [warning] Feature has no GFF ID
[2021-05-20 19:23:21.860] [jointLog] [warning] Feature has no GFF ID
[2021-05-20 19:23:21.860] [jointLog] [warning] Feature has no GFF ID
[2021-05-20 19:23:21.860] [jointLog] [warning] Feature has no GFF ID
[2021-05-20 19:23:21.860] [jointLog] [warning] Feature has no GFF ID
[2021-05-20 19:23:21.860] [jointLog] [warning] Feature has no GFF ID
[2021-05-20 19:23:21.860] [jointLog] [warning] Feature has no GFF ID
[2021-05-20 19:23:21.860] [jointLog] [warning] Feature has no GFF ID
[2021-05-20 19:23:21.860] [jointLog] [warning] Feature has no GFF ID
[2021-05-20 19:23:21.860] [jointLog] [warning] Feature has no GFF ID
[2021-05-20 19:23:21.860] [jointLog] [warning] Feature has no GFF ID
[2021-05-20 19:23:21.860] [jointLog] [warning] Feature has no GFF ID
[2021-05-20 19:23:21.860] [jointLog] [warning] Feature has no GFF ID
[2021-05-20 19:23:21.860] [jointLog] [warning] Feature has no GFF ID
[2021-05-20 19:23:21.860] [jointLog] [warning] Feature has no GFF ID
[2021-05-20 19:23:21.860] [jointLog] [warning] Feature has no GFF ID
[2021-05-20 19:23:21.860] [jointLog] [warning] Feature has no GFF ID
[2021-05-20 19:23:21.860] [jointLog] [warning] Feature has no GFF ID
[2021-05-20 19:23:21.860] [jointLog] [warning] Feature has no GFF ID
[2021-05-20 19:23:21.860] [jointLog] [warning] Feature has no GFF ID
[2021-05-20 19:23:21.860] [jointLog] [warning] Feature has no GFF ID
[2021-05-20 19:23:21.860] [jointLog] [warning] Feature has no GFF ID
[2021-05-20 19:23:21.860] [jointLog] [warning] Feature has no GFF ID
[2021-05-20 19:23:21.860] [jointLog] [warning] Feature has no GFF ID
[2021-05-20 19:23:21.860] [jointLog] [warning] Feature has no GFF ID
[2021-05-20 19:23:21.860] [jointLog] [warning] Feature has no GFF ID
[2021-05-20 19:23:21.860] [jointLog] [warning] Feature has no GFF ID
[2021-05-20 19:23:21.860] [jointLog] [warning] Feature has no GFF ID
[2021-05-20 19:23:21.860] [jointLog] [warning] Feature has no GFF ID
[2021-05-20 19:23:21.860] [jointLog] [warning] Feature has no GFF ID
[2021-05-20 19:23:21.860] [jointLog] [warning] Feature has no GFF ID
[2021-05-20 19:23:21.860] [jointLog] [warning] Feature has no GFF ID
[2021-05-20 19:23:21.860] [jointLog] [warning] Feature has no GFF ID
[2021-05-20 19:23:21.860] [jointLog] [warning] Feature has no GFF ID
[2021-05-20 19:23:21.860] [jointLog] [warning] Feature has no GFF ID
[2021-05-20 19:23:21.860] [jointLog] [warning] Feature has no GFF ID
[2021-05-20 19:23:21.860] [jointLog] [warning] Feature has no GFF ID
[2021-05-20 19:23:21.860] [jointLog] [warning] Feature has no GFF ID
[2021-05-20 19:23:21.860] [jointLog] [warning] Feature has no GFF ID
[2021-05-20 19:23:21.860] [jointLog] [warning] Feature has no GFF ID
[2021-05-20 19:23:22.242] [jointLog] [info] There were 142604 transcripts mapping to 55401 genes
[2021-05-20 19:23:22.242] [jointLog] [info] NOTE: We recommend using tximport (https://bioconductor.org/packages/release/bioc/html/tximport.html) for aggregating transcript-level salmon abundance estimates to the gene level.  It is more versatile, exposes more features, and allows considering multi-sample information during aggregation.
[2021-05-20 19:23:22.574] [jointLog] [warning] couldn't find transcript named [DQ459430] in transcript <-> gene map; returning transcript as it's own gene
[2021-05-20 19:23:22.574] [jointLog] [warning] couldn't find transcript named [DQ516784] in transcript <-> gene map; returning transcript as it's own gene
[2021-05-20 19:23:22.574] [jointLog] [warning] couldn't find transcript named [DQ516752] in transcript <-> gene map; returning transcript as it's own gene
[2021-05-20 19:23:22.574] [jointLog] [warning] couldn't find transcript named [DQ668364] in transcript <-> gene map; returning transcript as it's own gene
[2021-05-20 19:23:22.574] [jointLog] [warning] couldn't find transcript named [DQ883670] in transcript <-> gene map; returning transcript as it's own gene
[2021-05-20 19:23:22.574] [jointLog] [warning] couldn't find transcript named [EF011062] in transcript <-> gene map; returning transcript as it's own gene
[2021-05-20 19:23:22.574] [jointLog] [warning] couldn't find transcript named [DQ875385] in transcript <-> gene map; returning transcript as it's own gene
[2021-05-20 19:23:22.574] [jointLog] [warning] couldn't find transcript named [DQ883664] in transcript <-> gene map; returning transcript as it's own gene
[2021-05-20 19:23:22.574] [jointLog] [warning] couldn't find transcript named [DQ459420] in transcript <-> gene map; returning transcript as it's own gene
[2021-05-20 19:23:22.574] [jointLog] [warning] couldn't find transcript named [DQ883651] in transcript <-> gene map; returning transcript as it's own gene
[2021-05-20 19:23:22.574] [jointLog] [warning] couldn't find transcript named [DQ855004] in transcript <-> gene map; returning transcript as it's own gene
[2021-05-20 19:23:22.574] [jointLog] [warning] couldn't find transcript named [DQ854993] in transcript <-> gene map; returning transcript as it's own gene
[2021-05-20 19:23:22.574] [jointLog] [warning] couldn't find transcript named [DQ883689] in transcript <-> gene map; returning transcript as it's own gene
[2021-05-20 19:23:22.574] [jointLog] [warning] couldn't find transcript named [DQ459419] in transcript <-> gene map; returning transcript as it's own gene
[2021-05-20 19:23:22.574] [jointLog] [warning] couldn't find transcript named [DQ459431] in transcript <-> gene map; returning transcript as it's own gene
[2021-05-20 19:23:22.574] [jointLog] [warning] couldn't find transcript named [DQ516796] in transcript <-> gene map; returning transcript as it's own gene
[2021-05-20 19:23:22.574] [jointLog] [warning] couldn't find transcript named [DQ855001] in transcript <-> gene map; returning transcript as it's own gene
[2021-05-20 19:23:22.574] [jointLog] [warning] couldn't find transcript named [DQ459413] in transcript <-> gene map; returning transcript as it's own gene
[2021-05-20 19:23:22.574] [jointLog] [warning] couldn't find transcript named [DQ883656] in transcript <-> gene map; returning transcript as it's own gene
[2021-05-20 19:23:22.574] [jointLog] [warning] couldn't find transcript named [DQ883661] in transcript <-> gene map; returning transcript as it's own gene
[2021-05-20 19:23:22.574] [jointLog] [warning] couldn't find transcript named [EF011069] in transcript <-> gene map; returning transcript as it's own gene
[2021-05-20 19:23:22.574] [jointLog] [warning] couldn't find transcript named [DQ516783] in transcript <-> gene map; returning transcript as it's own gene
[2021-05-20 19:23:22.574] [jointLog] [warning] couldn't find transcript named [DQ516787] in transcript <-> gene map; returning transcript as it's own gene
[2021-05-20 19:23:22.574] [jointLog] [warning] couldn't find transcript named [DQ459424] in transcript <-> gene map; returning transcript as it's own gene
[2021-05-20 19:23:22.574] [jointLog] [warning] couldn't find transcript named [DQ516748] in transcript <-> gene map; returning transcript as it's own gene
[2021-05-20 19:23:22.574] [jointLog] [warning] couldn't find transcript named [DQ883671] in transcript <-> gene map; returning transcript as it's own gene
[2021-05-20 19:23:22.575] [jointLog] [warning] couldn't find transcript named [DQ516740] in transcript <-> gene map; returning transcript as it's own gene
[2021-05-20 19:23:22.575] [jointLog] [warning] couldn't find transcript named [DQ516785] in transcript <-> gene map; returning transcript as it's own gene
[2021-05-20 19:23:22.575] [jointLog] [warning] couldn't find transcript named [DQ516731] in transcript <-> gene map; returning transcript as it's own gene
[2021-05-20 19:23:22.575] [jointLog] [warning] couldn't find transcript named [DQ668366] in transcript <-> gene map; returning transcript as it's own gene
[2021-05-20 19:23:22.575] [jointLog] [warning] couldn't find transcript named [DQ459418] in transcript <-> gene map; returning transcript as it's own gene
[2021-05-20 19:23:22.575] [jointLog] [warning] couldn't find transcript named [DQ668356] in transcript <-> gene map; returning transcript as it's own gene
[2021-05-20 19:23:22.575] [jointLog] [warning] couldn't find transcript named [DQ516763] in transcript <-> gene map; returning transcript as it's own gene
[2021-05-20 19:23:22.575] [jointLog] [warning] couldn't find transcript named [DQ459426] in transcript <-> gene map; returning transcript as it's own gene
[2021-05-20 19:23:22.575] [jointLog] [warning] couldn't find transcript named [DQ516786] in transcript <-> gene map; returning transcript as it's own gene
[2021-05-20 19:23:22.575] [jointLog] [warning] couldn't find transcript named [DQ883653] in transcript <-> gene map; returning transcript as it's own gene
[2021-05-20 19:23:22.575] [jointLog] [warning] couldn't find transcript named [DQ459421] in transcript <-> gene map; returning transcript as it's own gene
[2021-05-20 19:23:22.575] [jointLog] [warning] couldn't find transcript named [DQ883654] in transcript <-> gene map; returning transcript as it's own gene
[2021-05-20 19:23:22.575] [jointLog] [warning] couldn't find transcript named [DQ668358] in transcript <-> gene map; returning transcript as it's own gene
[2021-05-20 19:23:22.575] [jointLog] [warning] couldn't find transcript named [DQ516754] in transcript <-> gene map; returning transcript as it's own gene
[2021-05-20 19:23:22.575] [jointLog] [warning] couldn't find transcript named [DQ516778] in transcript <-> gene map; returning transcript as it's own gene
[2021-05-20 19:23:22.575] [jointLog] [warning] couldn't find transcript named [DQ883650] in transcript <-> gene map; returning transcript as it's own gene
[2021-05-20 19:23:22.575] [jointLog] [warning] couldn't find transcript named [DQ516742] in transcript <-> gene map; returning transcript as it's own gene
[2021-05-20 19:23:22.575] [jointLog] [warning] couldn't find transcript named [DQ883673] in transcript <-> gene map; returning transcript as it's own gene
[2021-05-20 19:23:22.575] [jointLog] [warning] couldn't find transcript named [DQ883652] in transcript <-> gene map; returning transcript as it's own gene
[2021-05-20 19:23:22.575] [jointLog] [warning] couldn't find transcript named [DQ854991] in transcript <-> gene map; returning transcript as it's own gene
[2021-05-20 19:23:22.575] [jointLog] [warning] couldn't find transcript named [DQ516780] in transcript <-> gene map; returning transcript as it's own gene
[2021-05-20 19:23:22.575] [jointLog] [warning] couldn't find transcript named [DQ883682] in transcript <-> gene map; returning transcript as it's own gene
[2021-05-20 19:23:22.575] [jointLog] [warning] couldn't find transcript named [DQ883669] in transcript <-> gene map; returning transcript as it's own gene
[2021-05-20 19:23:22.575] [jointLog] [warning] couldn't find transcript named [DQ516791] in transcript <-> gene map; returning transcript as it's own gene
[2021-05-20 19:23:22.575] [jointLog] [warning] couldn't find transcript named [DQ459425] in transcript <-> gene map; returning transcript as it's own gene
[2021-05-20 19:23:22.575] [jointLog] [warning] couldn't find transcript named [DQ516759] in transcript <-> gene map; returning transcript as it's own gene
[2021-05-20 19:23:22.575] [jointLog] [warning] couldn't find transcript named [DQ459429] in transcript <-> gene map; returning transcript as it's own gene
[2021-05-20 19:23:22.575] [jointLog] [warning] couldn't find transcript named [DQ516758] in transcript <-> gene map; returning transcript as it's own gene
[2021-05-20 19:23:22.575] [jointLog] [warning] couldn't find transcript named [DQ459415] in transcript <-> gene map; returning transcript as it's own gene
[2021-05-20 19:23:22.575] [jointLog] [warning] couldn't find transcript named [DQ875387] in transcript <-> gene map; returning transcript as it's own gene
[2021-05-20 19:23:22.575] [jointLog] [warning] couldn't find transcript named [DQ516815] in transcript <-> gene map; returning transcript as it's own gene
[2021-05-20 19:23:22.575] [jointLog] [warning] couldn't find transcript named [DQ668365] in transcript <-> gene map; returning transcript as it's own gene
[2021-05-20 19:23:22.575] [jointLog] [warning] couldn't find transcript named [DQ854998] in transcript <-> gene map; returning transcript as it's own gene
[2021-05-20 19:23:22.575] [jointLog] [warning] couldn't find transcript named [DQ883685] in transcript <-> gene map; returning transcript as it's own gene
[2021-05-20 19:23:22.575] [jointLog] [warning] couldn't find transcript named [DQ459422] in transcript <-> gene map; returning transcript as it's own gene
[2021-05-20 19:23:22.575] [jointLog] [warning] couldn't find transcript named [DQ883663] in transcript <-> gene map; returning transcript as it's own gene
[2021-05-20 19:23:22.575] [jointLog] [warning] couldn't find transcript named [DQ668367] in transcript <-> gene map; returning transcript as it's own gene
[2021-05-20 19:23:22.575] [jointLog] [warning] couldn't find transcript named [DQ459412] in transcript <-> gene map; returning transcript as it's own gene
[2021-05-20 19:23:22.575] [jointLog] [warning] couldn't find transcript named [DQ854992] in transcript <-> gene map; returning transcript as it's own gene
[2021-05-20 19:23:22.575] [jointLog] [warning] couldn't find transcript named [DQ516782] in transcript <-> gene map; returning transcript as it's own gene
[2021-05-20 19:23:22.575] [jointLog] [warning] couldn't find transcript named [DQ459427] in transcript <-> gene map; returning transcript as it's own gene
[2021-05-20 19:23:22.575] [jointLog] [warning] couldn't find transcript named [EF011072] in transcript <-> gene map; returning transcript as it's own gene
[2021-05-20 19:23:22.575] [jointLog] [warning] couldn't find transcript named [DQ855003] in transcript <-> gene map; returning transcript as it's own gene
[2021-05-20 19:23:22.575] [jointLog] [warning] couldn't find transcript named [DQ516739] in transcript <-> gene map; returning transcript as it's own gene
[2021-05-20 19:23:22.575] [jointLog] [warning] couldn't find transcript named [EF011063] in transcript <-> gene map; returning transcript as it's own gene
[2021-05-20 19:23:22.575] [jointLog] [warning] couldn't find transcript named [DQ855000] in transcript <-> gene map; returning transcript as it's own gene
[2021-05-20 19:23:22.575] [jointLog] [warning] couldn't find transcript named [DQ516777] in transcript <-> gene map; returning transcript as it's own gene
[2021-05-20 19:23:22.575] [jointLog] [warning] couldn't find transcript named [DQ883646] in transcript <-> gene map; returning transcript as it's own gene
[2021-05-20 19:23:22.575] [jointLog] [warning] couldn't find transcript named [DQ668362] in transcript <-> gene map; returning transcript as it's own gene
[2021-05-20 19:23:22.575] [jointLog] [warning] couldn't find transcript named [DQ854995] in transcript <-> gene map; returning transcript as it's own gene
[2021-05-20 19:23:22.575] [jointLog] [warning] couldn't find transcript named [DQ875386] in transcript <-> gene map; returning transcript as it's own gene
[2021-05-20 19:23:22.575] [jointLog] [warning] couldn't find transcript named [DQ516790] in transcript <-> gene map; returning transcript as it's own gene
[2021-05-20 19:23:22.575] [jointLog] [warning] couldn't find transcript named [DQ883642] in transcript <-> gene map; returning transcript as it's own gene
[2021-05-20 19:23:22.575] [jointLog] [warning] couldn't find transcript named [DQ883659] in transcript <-> gene map; returning transcript as it's own gene
[2021-05-20 19:23:22.575] [jointLog] [warning] couldn't find transcript named [DQ854997] in transcript <-> gene map; returning transcript as it's own gene
[2021-05-20 19:23:22.575] [jointLog] [warning] couldn't find transcript named [DQ883643] in transcript <-> gene map; returning transcript as it's own gene
[2021-05-20 19:23:22.575] [jointLog] [warning] couldn't find transcript named [DQ839618] in transcript <-> gene map; returning transcript as it's own gene
[2021-05-20 19:23:22.575] [jointLog] [warning] couldn't find transcript named [DQ516795] in transcript <-> gene map; returning transcript as it's own gene
[2021-05-20 19:23:22.575] [jointLog] [warning] couldn't find transcript named [DQ883658] in transcript <-> gene map; returning transcript as it's own gene
[2021-05-20 19:23:22.575] [jointLog] [warning] couldn't find transcript named [DQ516750] in transcript <-> gene map; returning transcript as it's own gene
[2021-05-20 19:23:22.575] [jointLog] [warning] couldn't find transcript named [DQ668359] in transcript <-> gene map; returning transcript as it's own gene
[2021-05-20 19:23:22.575] [jointLog] [warning] couldn't find transcript named [DQ516779] in transcript <-> gene map; returning transcript as it's own gene
[2021-05-20 19:23:22.575] [jointLog] [warning] couldn't find transcript named [DQ668363] in transcript <-> gene map; returning transcript as it's own gene
[2021-05-20 19:23:22.575] [jointLog] [warning] couldn't find transcript named [DQ516776] in transcript <-> gene map; returning transcript as it's own gene
[2021-05-20 19:23:22.575] [jointLog] [warning] couldn't find transcript named [DQ516773] in transcript <-> gene map; returning transcript as it's own gene
[2021-05-20 19:23:22.575] [jointLog] [warning] couldn't find transcript named [DQ854994] in transcript <-> gene map; returning transcript as it's own gene
[2021-05-20 19:23:22.575] [jointLog] [info] Aggregating expressions to gene level
[2021-05-20 19:23:22.753] [jointLog] [info] done
