[2021-05-20 19:17:52.488] [jointLog] [info] setting maxHashResizeThreads to 6
[2021-05-20 19:17:52.488] [jointLog] [info] Fragment incompatibility prior below threshold.  Incompatible fragments will be ignored.
[2021-05-20 19:17:52.490] [jointLog] [info] numQuantThreads = 3
[2021-05-20 19:17:55.470] [jointLog] [info] replaced 4 non-ACGT nucleotides with random nucleotides
[2021-05-20 19:17:55.780] [fileLog] [info] quantification processed 0 fragments so far

[2021-05-20 19:17:58.858] [fileLog] [info] quantification processed 1000000 fragments so far

[2021-05-20 19:18:02.029] [fileLog] [info] quantification processed 2000000 fragments so far

[2021-05-20 19:18:03.482] [jointLog] [info] 

The alignment group queue pool has been exhausted.  2822315 extra fragments were allocated on the heap to saturate the pool.  No new fragments will be allocated


[2021-05-20 19:18:12.137] [fileLog] [info] quantification processed 3000000 fragments so far

[2021-05-20 19:18:28.032] [fileLog] [info] quantification processed 4000000 fragments so far

[2021-05-20 19:18:43.900] [fileLog] [info] quantification processed 5000000 fragments so far

[2021-05-20 19:18:59.729] [fileLog] [info] quantification processed 6000000 fragments so far

[2021-05-20 19:19:15.503] [fileLog] [info] quantification processed 7000000 fragments so far

[2021-05-20 19:19:18.967] [fileLog] [info] quantification processed 8000000 fragments so far

[2021-05-20 19:19:22.434] [fileLog] [info] quantification processed 9000000 fragments so far

[2021-05-20 19:19:25.818] [fileLog] [info] quantification processed 10000000 fragments so far

[2021-05-20 19:19:29.236] [fileLog] [info] quantification processed 11000000 fragments so far

[2021-05-20 19:19:32.749] [fileLog] [info] quantification processed 12000000 fragments so far

[2021-05-20 19:19:36.126] [fileLog] [info] quantification processed 13000000 fragments so far

[2021-05-20 19:19:39.536] [fileLog] [info] quantification processed 14000000 fragments so far

[2021-05-20 19:19:43.031] [fileLog] [info] quantification processed 15000000 fragments so far

[2021-05-20 19:19:46.429] [fileLog] [info] quantification processed 16000000 fragments so far

[2021-05-20 19:19:49.858] [fileLog] [info] quantification processed 17000000 fragments so far

[2021-05-20 19:19:53.312] [fileLog] [info] quantification processed 18000000 fragments so far

[2021-05-20 19:19:56.741] [fileLog] [info] quantification processed 19000000 fragments so far

[2021-05-20 19:20:00.185] [fileLog] [info] quantification processed 20000000 fragments so far

[2021-05-20 19:20:03.659] [fileLog] [info] quantification processed 21000000 fragments so far

[2021-05-20 19:20:07.081] [fileLog] [info] quantification processed 22000000 fragments so far

[2021-05-20 19:20:10.547] [fileLog] [info] quantification processed 23000000 fragments so far

[2021-05-20 19:20:14.025] [fileLog] [info] quantification processed 24000000 fragments so far

[2021-05-20 19:20:17.510] [fileLog] [info] quantification processed 25000000 fragments so far

[2021-05-20 19:20:21.021] [fileLog] [info] quantification processed 26000000 fragments so far

[2021-05-20 19:20:24.581] [fileLog] [info] quantification processed 27000000 fragments so far

[2021-05-20 19:20:28.093] [fileLog] [info] quantification processed 28000000 fragments so far

[2021-05-20 19:20:31.590] [fileLog] [info] quantification processed 29000000 fragments so far

[2021-05-20 19:20:35.027] [fileLog] [info] quantification processed 30000000 fragments so far

[2021-05-20 19:20:38.473] [fileLog] [info] quantification processed 31000000 fragments so far

[2021-05-20 19:20:41.917] [fileLog] [info] quantification processed 32000000 fragments so far

[2021-05-20 19:20:45.402] [fileLog] [info] quantification processed 33000000 fragments so far

[2021-05-20 19:20:48.839] [fileLog] [info] quantification processed 34000000 fragments so far

[2021-05-20 19:20:52.311] [fileLog] [info] quantification processed 35000000 fragments so far

[2021-05-20 19:20:55.753] [fileLog] [info] quantification processed 36000000 fragments so far

[2021-05-20 19:20:59.241] [fileLog] [info] quantification processed 37000000 fragments so far

[2021-05-20 19:21:02.686] [fileLog] [info] quantification processed 38000000 fragments so far

[2021-05-20 19:21:06.176] [fileLog] [info] quantification processed 39000000 fragments so far

[2021-05-20 19:21:09.630] [fileLog] [info] quantification processed 40000000 fragments so far

[2021-05-20 19:21:13.091] [fileLog] [info] quantification processed 41000000 fragments so far

[2021-05-20 19:21:16.526] [fileLog] [info] quantification processed 42000000 fragments so far

[2021-05-20 19:21:18.042] [fileLog] [info] quantification processed 42441545 fragments so far

[2021-05-20 19:21:24.566] [jointLog] [info] Thread saw mini-batch with a maximum of 2.60% zero probability fragments
[2021-05-20 19:21:24.568] [jointLog] [info] Thread saw mini-batch with a maximum of 2.20% zero probability fragments
[2021-05-20 19:21:24.572] [jointLog] [info] Thread saw mini-batch with a maximum of 2.30% zero probability fragments
[2021-05-20 19:21:24.572] [jointLog] [info] 


Completed first pass through the alignment file.
Total # of mapped reads : 42441545
# of uniquely mapped reads : 17259127
# ambiguously mapped reads : 25182418



[2021-05-20 19:21:24.739] [jointLog] [info] Computed 251880 rich equivalence classes for further processing
[2021-05-20 19:21:24.739] [jointLog] [info] Counted 42201105 total reads in the equivalence classes 
[2021-05-20 19:21:24.742] [jointLog] [info] starting optimizer
[2021-05-20 19:21:24.846] [jointLog] [info] Marked 0 weighted equivalence classes as degenerate
[2021-05-20 19:21:24.863] [jointLog] [info] iteration = 0 | max rel diff. = 4599.93
[2021-05-20 19:21:26.370] [jointLog] [info] iteration = 100 | max rel diff. = 19.278
[2021-05-20 19:21:27.864] [jointLog] [info] iteration = 200 | max rel diff. = 0.910584
[2021-05-20 19:21:29.363] [jointLog] [info] iteration = 300 | max rel diff. = 0.624494
[2021-05-20 19:21:30.862] [jointLog] [info] iteration = 400 | max rel diff. = 1.04792
[2021-05-20 19:21:32.373] [jointLog] [info] iteration = 500 | max rel diff. = 0.250457
[2021-05-20 19:21:33.865] [jointLog] [info] iteration = 600 | max rel diff. = 0.976372
[2021-05-20 19:21:35.360] [jointLog] [info] iteration = 700 | max rel diff. = 0.233641
[2021-05-20 19:21:36.875] [jointLog] [info] iteration = 800 | max rel diff. = 0.696764
[2021-05-20 19:21:38.368] [jointLog] [info] iteration = 900 | max rel diff. = 0.167628
[2021-05-20 19:21:39.854] [jointLog] [info] iteration = 1000 | max rel diff. = 0.105411
[2021-05-20 19:21:41.344] [jointLog] [info] iteration = 1100 | max rel diff. = 0.0515214
[2021-05-20 19:21:42.849] [jointLog] [info] iteration = 1200 | max rel diff. = 1.11121
[2021-05-20 19:21:44.333] [jointLog] [info] iteration = 1300 | max rel diff. = 1.17153
[2021-05-20 19:21:45.822] [jointLog] [info] iteration = 1400 | max rel diff. = 0.146122
[2021-05-20 19:21:47.311] [jointLog] [info] iteration = 1500 | max rel diff. = 0.0194477
[2021-05-20 19:21:48.185] [jointLog] [info] iteration = 1560 | max rel diff. = 0.00469411
[2021-05-20 19:21:48.216] [jointLog] [info] finished optimizer
[2021-05-20 19:21:48.217] [jointLog] [info] writing output
[2021-05-20 19:21:50.057] [jointLog] [info] Computing gene-level abundance estimates
[2021-05-20 19:22:20.654] [jointLog] [warning] Feature has no GFF ID
[2021-05-20 19:22:20.654] [jointLog] [warning] Feature has no GFF ID
[2021-05-20 19:22:20.654] [jointLog] [warning] Feature has no GFF ID
[2021-05-20 19:22:20.654] [jointLog] [warning] Feature has no GFF ID
[2021-05-20 19:22:20.654] [jointLog] [warning] Feature has no GFF ID
[2021-05-20 19:22:20.654] [jointLog] [warning] Feature has no GFF ID
[2021-05-20 19:22:20.654] [jointLog] [warning] Feature has no GFF ID
[2021-05-20 19:22:20.654] [jointLog] [warning] Feature has no GFF ID
[2021-05-20 19:22:20.654] [jointLog] [warning] Feature has no GFF ID
[2021-05-20 19:22:20.654] [jointLog] [warning] Feature has no GFF ID
[2021-05-20 19:22:20.654] [jointLog] [warning] Feature has no GFF ID
[2021-05-20 19:22:20.654] [jointLog] [warning] Feature has no GFF ID
[2021-05-20 19:22:20.654] [jointLog] [warning] Feature has no GFF ID
[2021-05-20 19:22:20.654] [jointLog] [warning] Feature has no GFF ID
[2021-05-20 19:22:20.654] [jointLog] [warning] Feature has no GFF ID
[2021-05-20 19:22:20.654] [jointLog] [warning] Feature has no GFF ID
[2021-05-20 19:22:20.654] [jointLog] [warning] Feature has no GFF ID
[2021-05-20 19:22:20.654] [jointLog] [warning] Feature has no GFF ID
[2021-05-20 19:22:20.654] [jointLog] [warning] Feature has no GFF ID
[2021-05-20 19:22:20.654] [jointLog] [warning] Feature has no GFF ID
[2021-05-20 19:22:20.654] [jointLog] [warning] Feature has no GFF ID
[2021-05-20 19:22:20.654] [jointLog] [warning] Feature has no GFF ID
[2021-05-20 19:22:20.654] [jointLog] [warning] Feature has no GFF ID
[2021-05-20 19:22:20.654] [jointLog] [warning] Feature has no GFF ID
[2021-05-20 19:22:20.654] [jointLog] [warning] Feature has no GFF ID
[2021-05-20 19:22:20.654] [jointLog] [warning] Feature has no GFF ID
[2021-05-20 19:22:20.654] [jointLog] [warning] Feature has no GFF ID
[2021-05-20 19:22:20.654] [jointLog] [warning] Feature has no GFF ID
[2021-05-20 19:22:20.654] [jointLog] [warning] Feature has no GFF ID
[2021-05-20 19:22:20.654] [jointLog] [warning] Feature has no GFF ID
[2021-05-20 19:22:20.654] [jointLog] [warning] Feature has no GFF ID
[2021-05-20 19:22:20.654] [jointLog] [warning] Feature has no GFF ID
[2021-05-20 19:22:20.654] [jointLog] [warning] Feature has no GFF ID
[2021-05-20 19:22:20.654] [jointLog] [warning] Feature has no GFF ID
[2021-05-20 19:22:20.654] [jointLog] [warning] Feature has no GFF ID
[2021-05-20 19:22:20.654] [jointLog] [warning] Feature has no GFF ID
[2021-05-20 19:22:20.654] [jointLog] [warning] Feature has no GFF ID
[2021-05-20 19:22:20.654] [jointLog] [warning] Feature has no GFF ID
[2021-05-20 19:22:20.654] [jointLog] [warning] Feature has no GFF ID
[2021-05-20 19:22:20.654] [jointLog] [warning] Feature has no GFF ID
[2021-05-20 19:22:20.654] [jointLog] [warning] Feature has no GFF ID
[2021-05-20 19:22:20.654] [jointLog] [warning] Feature has no GFF ID
[2021-05-20 19:22:20.654] [jointLog] [warning] Feature has no GFF ID
[2021-05-20 19:22:20.654] [jointLog] [warning] Feature has no GFF ID
[2021-05-20 19:22:20.654] [jointLog] [warning] Feature has no GFF ID
[2021-05-20 19:22:20.654] [jointLog] [warning] Feature has no GFF ID
[2021-05-20 19:22:20.654] [jointLog] [warning] Feature has no GFF ID
[2021-05-20 19:22:20.654] [jointLog] [warning] Feature has no GFF ID
[2021-05-20 19:22:20.654] [jointLog] [warning] Feature has no GFF ID
[2021-05-20 19:22:20.654] [jointLog] [warning] Feature has no GFF ID
[2021-05-20 19:22:20.654] [jointLog] [warning] Feature has no GFF ID
[2021-05-20 19:22:20.654] [jointLog] [warning] Feature has no GFF ID
[2021-05-20 19:22:20.654] [jointLog] [warning] Feature has no GFF ID
[2021-05-20 19:22:20.654] [jointLog] [warning] Feature has no GFF ID
[2021-05-20 19:22:20.654] [jointLog] [warning] Feature has no GFF ID
[2021-05-20 19:22:20.654] [jointLog] [warning] Feature has no GFF ID
[2021-05-20 19:22:20.654] [jointLog] [warning] Feature has no GFF ID
[2021-05-20 19:22:20.654] [jointLog] [warning] Feature has no GFF ID
[2021-05-20 19:22:20.654] [jointLog] [warning] Feature has no GFF ID
[2021-05-20 19:22:20.654] [jointLog] [warning] Feature has no GFF ID
[2021-05-20 19:22:20.654] [jointLog] [warning] Feature has no GFF ID
[2021-05-20 19:22:20.654] [jointLog] [warning] Feature has no GFF ID
[2021-05-20 19:22:20.654] [jointLog] [warning] Feature has no GFF ID
[2021-05-20 19:22:20.654] [jointLog] [warning] Feature has no GFF ID
[2021-05-20 19:22:20.654] [jointLog] [warning] Feature has no GFF ID
[2021-05-20 19:22:20.654] [jointLog] [warning] Feature has no GFF ID
[2021-05-20 19:22:20.654] [jointLog] [warning] Feature has no GFF ID
[2021-05-20 19:22:20.654] [jointLog] [warning] Feature has no GFF ID
[2021-05-20 19:22:20.654] [jointLog] [warning] Feature has no GFF ID
[2021-05-20 19:22:20.654] [jointLog] [warning] Feature has no GFF ID
[2021-05-20 19:22:20.654] [jointLog] [warning] Feature has no GFF ID
[2021-05-20 19:22:20.654] [jointLog] [warning] Feature has no GFF ID
[2021-05-20 19:22:20.654] [jointLog] [warning] Feature has no GFF ID
[2021-05-20 19:22:20.654] [jointLog] [warning] Feature has no GFF ID
[2021-05-20 19:22:20.654] [jointLog] [warning] Feature has no GFF ID
[2021-05-20 19:22:20.654] [jointLog] [warning] Feature has no GFF ID
[2021-05-20 19:22:20.654] [jointLog] [warning] Feature has no GFF ID
[2021-05-20 19:22:20.654] [jointLog] [warning] Feature has no GFF ID
[2021-05-20 19:22:20.654] [jointLog] [warning] Feature has no GFF ID
[2021-05-20 19:22:20.654] [jointLog] [warning] Feature has no GFF ID
[2021-05-20 19:22:20.654] [jointLog] [warning] Feature has no GFF ID
[2021-05-20 19:22:20.654] [jointLog] [warning] Feature has no GFF ID
[2021-05-20 19:22:20.654] [jointLog] [warning] Feature has no GFF ID
[2021-05-20 19:22:20.654] [jointLog] [warning] Feature has no GFF ID
[2021-05-20 19:22:20.654] [jointLog] [warning] Feature has no GFF ID
[2021-05-20 19:22:20.654] [jointLog] [warning] Feature has no GFF ID
[2021-05-20 19:22:20.654] [jointLog] [warning] Feature has no GFF ID
[2021-05-20 19:22:20.654] [jointLog] [warning] Feature has no GFF ID
[2021-05-20 19:22:20.654] [jointLog] [warning] Feature has no GFF ID
[2021-05-20 19:22:20.654] [jointLog] [warning] Feature has no GFF ID
[2021-05-20 19:22:20.654] [jointLog] [warning] Feature has no GFF ID
[2021-05-20 19:22:20.654] [jointLog] [warning] Feature has no GFF ID
[2021-05-20 19:22:20.999] [jointLog] [info] There were 142604 transcripts mapping to 55401 genes
[2021-05-20 19:22:20.999] [jointLog] [info] NOTE: We recommend using tximport (https://bioconductor.org/packages/release/bioc/html/tximport.html) for aggregating transcript-level salmon abundance estimates to the gene level.  It is more versatile, exposes more features, and allows considering multi-sample information during aggregation.
[2021-05-20 19:22:21.304] [jointLog] [warning] couldn't find transcript named [DQ459430] in transcript <-> gene map; returning transcript as it's own gene
[2021-05-20 19:22:21.304] [jointLog] [warning] couldn't find transcript named [DQ516784] in transcript <-> gene map; returning transcript as it's own gene
[2021-05-20 19:22:21.304] [jointLog] [warning] couldn't find transcript named [DQ516752] in transcript <-> gene map; returning transcript as it's own gene
[2021-05-20 19:22:21.304] [jointLog] [warning] couldn't find transcript named [DQ668364] in transcript <-> gene map; returning transcript as it's own gene
[2021-05-20 19:22:21.304] [jointLog] [warning] couldn't find transcript named [DQ883670] in transcript <-> gene map; returning transcript as it's own gene
[2021-05-20 19:22:21.304] [jointLog] [warning] couldn't find transcript named [EF011062] in transcript <-> gene map; returning transcript as it's own gene
[2021-05-20 19:22:21.304] [jointLog] [warning] couldn't find transcript named [DQ875385] in transcript <-> gene map; returning transcript as it's own gene
[2021-05-20 19:22:21.304] [jointLog] [warning] couldn't find transcript named [DQ883664] in transcript <-> gene map; returning transcript as it's own gene
[2021-05-20 19:22:21.304] [jointLog] [warning] couldn't find transcript named [DQ459420] in transcript <-> gene map; returning transcript as it's own gene
[2021-05-20 19:22:21.304] [jointLog] [warning] couldn't find transcript named [DQ883651] in transcript <-> gene map; returning transcript as it's own gene
[2021-05-20 19:22:21.304] [jointLog] [warning] couldn't find transcript named [DQ855004] in transcript <-> gene map; returning transcript as it's own gene
[2021-05-20 19:22:21.304] [jointLog] [warning] couldn't find transcript named [DQ854993] in transcript <-> gene map; returning transcript as it's own gene
[2021-05-20 19:22:21.304] [jointLog] [warning] couldn't find transcript named [DQ883689] in transcript <-> gene map; returning transcript as it's own gene
[2021-05-20 19:22:21.304] [jointLog] [warning] couldn't find transcript named [DQ459419] in transcript <-> gene map; returning transcript as it's own gene
[2021-05-20 19:22:21.304] [jointLog] [warning] couldn't find transcript named [DQ459431] in transcript <-> gene map; returning transcript as it's own gene
[2021-05-20 19:22:21.304] [jointLog] [warning] couldn't find transcript named [DQ516796] in transcript <-> gene map; returning transcript as it's own gene
[2021-05-20 19:22:21.304] [jointLog] [warning] couldn't find transcript named [DQ855001] in transcript <-> gene map; returning transcript as it's own gene
[2021-05-20 19:22:21.304] [jointLog] [warning] couldn't find transcript named [DQ459413] in transcript <-> gene map; returning transcript as it's own gene
[2021-05-20 19:22:21.304] [jointLog] [warning] couldn't find transcript named [DQ883656] in transcript <-> gene map; returning transcript as it's own gene
[2021-05-20 19:22:21.304] [jointLog] [warning] couldn't find transcript named [DQ883661] in transcript <-> gene map; returning transcript as it's own gene
[2021-05-20 19:22:21.304] [jointLog] [warning] couldn't find transcript named [EF011069] in transcript <-> gene map; returning transcript as it's own gene
[2021-05-20 19:22:21.304] [jointLog] [warning] couldn't find transcript named [DQ516783] in transcript <-> gene map; returning transcript as it's own gene
[2021-05-20 19:22:21.304] [jointLog] [warning] couldn't find transcript named [DQ516787] in transcript <-> gene map; returning transcript as it's own gene
[2021-05-20 19:22:21.304] [jointLog] [warning] couldn't find transcript named [DQ459424] in transcript <-> gene map; returning transcript as it's own gene
[2021-05-20 19:22:21.304] [jointLog] [warning] couldn't find transcript named [DQ516748] in transcript <-> gene map; returning transcript as it's own gene
[2021-05-20 19:22:21.304] [jointLog] [warning] couldn't find transcript named [DQ883671] in transcript <-> gene map; returning transcript as it's own gene
[2021-05-20 19:22:21.304] [jointLog] [warning] couldn't find transcript named [DQ516740] in transcript <-> gene map; returning transcript as it's own gene
[2021-05-20 19:22:21.304] [jointLog] [warning] couldn't find transcript named [DQ516785] in transcript <-> gene map; returning transcript as it's own gene
[2021-05-20 19:22:21.304] [jointLog] [warning] couldn't find transcript named [DQ516731] in transcript <-> gene map; returning transcript as it's own gene
[2021-05-20 19:22:21.304] [jointLog] [warning] couldn't find transcript named [DQ668366] in transcript <-> gene map; returning transcript as it's own gene
[2021-05-20 19:22:21.304] [jointLog] [warning] couldn't find transcript named [DQ459418] in transcript <-> gene map; returning transcript as it's own gene
[2021-05-20 19:22:21.304] [jointLog] [warning] couldn't find transcript named [DQ668356] in transcript <-> gene map; returning transcript as it's own gene
[2021-05-20 19:22:21.304] [jointLog] [warning] couldn't find transcript named [DQ516763] in transcript <-> gene map; returning transcript as it's own gene
[2021-05-20 19:22:21.304] [jointLog] [warning] couldn't find transcript named [DQ459426] in transcript <-> gene map; returning transcript as it's own gene
[2021-05-20 19:22:21.304] [jointLog] [warning] couldn't find transcript named [DQ516786] in transcript <-> gene map; returning transcript as it's own gene
[2021-05-20 19:22:21.304] [jointLog] [warning] couldn't find transcript named [DQ883653] in transcript <-> gene map; returning transcript as it's own gene
[2021-05-20 19:22:21.304] [jointLog] [warning] couldn't find transcript named [DQ459421] in transcript <-> gene map; returning transcript as it's own gene
[2021-05-20 19:22:21.304] [jointLog] [warning] couldn't find transcript named [DQ883654] in transcript <-> gene map; returning transcript as it's own gene
[2021-05-20 19:22:21.304] [jointLog] [warning] couldn't find transcript named [DQ668358] in transcript <-> gene map; returning transcript as it's own gene
[2021-05-20 19:22:21.304] [jointLog] [warning] couldn't find transcript named [DQ516754] in transcript <-> gene map; returning transcript as it's own gene
[2021-05-20 19:22:21.304] [jointLog] [warning] couldn't find transcript named [DQ516778] in transcript <-> gene map; returning transcript as it's own gene
[2021-05-20 19:22:21.304] [jointLog] [warning] couldn't find transcript named [DQ883650] in transcript <-> gene map; returning transcript as it's own gene
[2021-05-20 19:22:21.304] [jointLog] [warning] couldn't find transcript named [DQ516742] in transcript <-> gene map; returning transcript as it's own gene
[2021-05-20 19:22:21.304] [jointLog] [warning] couldn't find transcript named [DQ883673] in transcript <-> gene map; returning transcript as it's own gene
[2021-05-20 19:22:21.304] [jointLog] [warning] couldn't find transcript named [DQ883652] in transcript <-> gene map; returning transcript as it's own gene
[2021-05-20 19:22:21.304] [jointLog] [warning] couldn't find transcript named [DQ854991] in transcript <-> gene map; returning transcript as it's own gene
[2021-05-20 19:22:21.304] [jointLog] [warning] couldn't find transcript named [DQ516780] in transcript <-> gene map; returning transcript as it's own gene
[2021-05-20 19:22:21.304] [jointLog] [warning] couldn't find transcript named [DQ883682] in transcript <-> gene map; returning transcript as it's own gene
[2021-05-20 19:22:21.304] [jointLog] [warning] couldn't find transcript named [DQ883669] in transcript <-> gene map; returning transcript as it's own gene
[2021-05-20 19:22:21.304] [jointLog] [warning] couldn't find transcript named [DQ516791] in transcript <-> gene map; returning transcript as it's own gene
[2021-05-20 19:22:21.304] [jointLog] [warning] couldn't find transcript named [DQ459425] in transcript <-> gene map; returning transcript as it's own gene
[2021-05-20 19:22:21.304] [jointLog] [warning] couldn't find transcript named [DQ516759] in transcript <-> gene map; returning transcript as it's own gene
[2021-05-20 19:22:21.304] [jointLog] [warning] couldn't find transcript named [DQ459429] in transcript <-> gene map; returning transcript as it's own gene
[2021-05-20 19:22:21.304] [jointLog] [warning] couldn't find transcript named [DQ516758] in transcript <-> gene map; returning transcript as it's own gene
[2021-05-20 19:22:21.304] [jointLog] [warning] couldn't find transcript named [DQ459415] in transcript <-> gene map; returning transcript as it's own gene
[2021-05-20 19:22:21.304] [jointLog] [warning] couldn't find transcript named [DQ875387] in transcript <-> gene map; returning transcript as it's own gene
[2021-05-20 19:22:21.304] [jointLog] [warning] couldn't find transcript named [DQ516815] in transcript <-> gene map; returning transcript as it's own gene
[2021-05-20 19:22:21.304] [jointLog] [warning] couldn't find transcript named [DQ668365] in transcript <-> gene map; returning transcript as it's own gene
[2021-05-20 19:22:21.304] [jointLog] [warning] couldn't find transcript named [DQ854998] in transcript <-> gene map; returning transcript as it's own gene
[2021-05-20 19:22:21.304] [jointLog] [warning] couldn't find transcript named [DQ883685] in transcript <-> gene map; returning transcript as it's own gene
[2021-05-20 19:22:21.304] [jointLog] [warning] couldn't find transcript named [DQ459422] in transcript <-> gene map; returning transcript as it's own gene
[2021-05-20 19:22:21.304] [jointLog] [warning] couldn't find transcript named [DQ883663] in transcript <-> gene map; returning transcript as it's own gene
[2021-05-20 19:22:21.304] [jointLog] [warning] couldn't find transcript named [DQ668367] in transcript <-> gene map; returning transcript as it's own gene
[2021-05-20 19:22:21.304] [jointLog] [warning] couldn't find transcript named [DQ459412] in transcript <-> gene map; returning transcript as it's own gene
[2021-05-20 19:22:21.304] [jointLog] [warning] couldn't find transcript named [DQ854992] in transcript <-> gene map; returning transcript as it's own gene
[2021-05-20 19:22:21.304] [jointLog] [warning] couldn't find transcript named [DQ516782] in transcript <-> gene map; returning transcript as it's own gene
[2021-05-20 19:22:21.304] [jointLog] [warning] couldn't find transcript named [DQ459427] in transcript <-> gene map; returning transcript as it's own gene
[2021-05-20 19:22:21.304] [jointLog] [warning] couldn't find transcript named [EF011072] in transcript <-> gene map; returning transcript as it's own gene
[2021-05-20 19:22:21.304] [jointLog] [warning] couldn't find transcript named [DQ855003] in transcript <-> gene map; returning transcript as it's own gene
[2021-05-20 19:22:21.304] [jointLog] [warning] couldn't find transcript named [DQ516739] in transcript <-> gene map; returning transcript as it's own gene
[2021-05-20 19:22:21.304] [jointLog] [warning] couldn't find transcript named [EF011063] in transcript <-> gene map; returning transcript as it's own gene
[2021-05-20 19:22:21.304] [jointLog] [warning] couldn't find transcript named [DQ855000] in transcript <-> gene map; returning transcript as it's own gene
[2021-05-20 19:22:21.304] [jointLog] [warning] couldn't find transcript named [DQ516777] in transcript <-> gene map; returning transcript as it's own gene
[2021-05-20 19:22:21.304] [jointLog] [warning] couldn't find transcript named [DQ883646] in transcript <-> gene map; returning transcript as it's own gene
[2021-05-20 19:22:21.304] [jointLog] [warning] couldn't find transcript named [DQ668362] in transcript <-> gene map; returning transcript as it's own gene
[2021-05-20 19:22:21.304] [jointLog] [warning] couldn't find transcript named [DQ854995] in transcript <-> gene map; returning transcript as it's own gene
[2021-05-20 19:22:21.304] [jointLog] [warning] couldn't find transcript named [DQ875386] in transcript <-> gene map; returning transcript as it's own gene
[2021-05-20 19:22:21.304] [jointLog] [warning] couldn't find transcript named [DQ516790] in transcript <-> gene map; returning transcript as it's own gene
[2021-05-20 19:22:21.304] [jointLog] [warning] couldn't find transcript named [DQ883642] in transcript <-> gene map; returning transcript as it's own gene
[2021-05-20 19:22:21.304] [jointLog] [warning] couldn't find transcript named [DQ883659] in transcript <-> gene map; returning transcript as it's own gene
[2021-05-20 19:22:21.304] [jointLog] [warning] couldn't find transcript named [DQ854997] in transcript <-> gene map; returning transcript as it's own gene
[2021-05-20 19:22:21.304] [jointLog] [warning] couldn't find transcript named [DQ883643] in transcript <-> gene map; returning transcript as it's own gene
[2021-05-20 19:22:21.304] [jointLog] [warning] couldn't find transcript named [DQ839618] in transcript <-> gene map; returning transcript as it's own gene
[2021-05-20 19:22:21.304] [jointLog] [warning] couldn't find transcript named [DQ516795] in transcript <-> gene map; returning transcript as it's own gene
[2021-05-20 19:22:21.304] [jointLog] [warning] couldn't find transcript named [DQ883658] in transcript <-> gene map; returning transcript as it's own gene
[2021-05-20 19:22:21.304] [jointLog] [warning] couldn't find transcript named [DQ516750] in transcript <-> gene map; returning transcript as it's own gene
[2021-05-20 19:22:21.304] [jointLog] [warning] couldn't find transcript named [DQ668359] in transcript <-> gene map; returning transcript as it's own gene
[2021-05-20 19:22:21.304] [jointLog] [warning] couldn't find transcript named [DQ516779] in transcript <-> gene map; returning transcript as it's own gene
[2021-05-20 19:22:21.304] [jointLog] [warning] couldn't find transcript named [DQ668363] in transcript <-> gene map; returning transcript as it's own gene
[2021-05-20 19:22:21.304] [jointLog] [warning] couldn't find transcript named [DQ516776] in transcript <-> gene map; returning transcript as it's own gene
[2021-05-20 19:22:21.304] [jointLog] [warning] couldn't find transcript named [DQ516773] in transcript <-> gene map; returning transcript as it's own gene
[2021-05-20 19:22:21.304] [jointLog] [warning] couldn't find transcript named [DQ854994] in transcript <-> gene map; returning transcript as it's own gene
[2021-05-20 19:22:21.305] [jointLog] [info] Aggregating expressions to gene level
[2021-05-20 19:22:21.476] [jointLog] [info] done
