[2021-05-20 19:13:52.281] [jointLog] [info] setting maxHashResizeThreads to 6
[2021-05-20 19:13:52.281] [jointLog] [info] Fragment incompatibility prior below threshold.  Incompatible fragments will be ignored.
[2021-05-20 19:13:52.283] [jointLog] [info] numQuantThreads = 3
[2021-05-20 19:13:57.446] [jointLog] [info] replaced 4 non-ACGT nucleotides with random nucleotides
[2021-05-20 19:13:57.759] [fileLog] [info] quantification processed 0 fragments so far

[2021-05-20 19:14:00.775] [fileLog] [info] quantification processed 1000000 fragments so far

[2021-05-20 19:14:03.914] [fileLog] [info] quantification processed 2000000 fragments so far

[2021-05-20 19:14:05.369] [jointLog] [info] 

The alignment group queue pool has been exhausted.  3089661 extra fragments were allocated on the heap to saturate the pool.  No new fragments will be allocated


[2021-05-20 19:14:14.176] [fileLog] [info] quantification processed 3000000 fragments so far

[2021-05-20 19:14:30.224] [fileLog] [info] quantification processed 4000000 fragments so far

[2021-05-20 19:14:46.407] [fileLog] [info] quantification processed 5000000 fragments so far

[2021-05-20 19:15:02.606] [fileLog] [info] quantification processed 6000000 fragments so far

[2021-05-20 19:15:18.758] [fileLog] [info] quantification processed 7000000 fragments so far

[2021-05-20 19:15:22.507] [fileLog] [info] quantification processed 8000000 fragments so far

[2021-05-20 19:15:26.121] [fileLog] [info] quantification processed 9000000 fragments so far

[2021-05-20 19:15:29.828] [fileLog] [info] quantification processed 10000000 fragments so far

[2021-05-20 19:15:33.494] [fileLog] [info] quantification processed 11000000 fragments so far

[2021-05-20 19:15:37.138] [fileLog] [info] quantification processed 12000000 fragments so far

[2021-05-20 19:15:40.751] [fileLog] [info] quantification processed 13000000 fragments so far

[2021-05-20 19:15:44.327] [fileLog] [info] quantification processed 14000000 fragments so far

[2021-05-20 19:15:48.010] [fileLog] [info] quantification processed 15000000 fragments so far

[2021-05-20 19:15:51.651] [fileLog] [info] quantification processed 16000000 fragments so far

[2021-05-20 19:15:55.264] [fileLog] [info] quantification processed 17000000 fragments so far

[2021-05-20 19:15:58.849] [fileLog] [info] quantification processed 18000000 fragments so far

[2021-05-20 19:16:02.565] [fileLog] [info] quantification processed 19000000 fragments so far

[2021-05-20 19:16:06.282] [fileLog] [info] quantification processed 20000000 fragments so far

[2021-05-20 19:16:10.070] [fileLog] [info] quantification processed 21000000 fragments so far

[2021-05-20 19:16:13.724] [fileLog] [info] quantification processed 22000000 fragments so far

[2021-05-20 19:16:17.286] [fileLog] [info] quantification processed 23000000 fragments so far

[2021-05-20 19:16:20.999] [fileLog] [info] quantification processed 24000000 fragments so far

[2021-05-20 19:16:24.668] [fileLog] [info] quantification processed 25000000 fragments so far

[2021-05-20 19:16:28.283] [fileLog] [info] quantification processed 26000000 fragments so far

[2021-05-20 19:16:31.937] [fileLog] [info] quantification processed 27000000 fragments so far

[2021-05-20 19:16:35.483] [fileLog] [info] quantification processed 28000000 fragments so far

[2021-05-20 19:16:39.064] [fileLog] [info] quantification processed 29000000 fragments so far

[2021-05-20 19:16:42.645] [fileLog] [info] quantification processed 30000000 fragments so far

[2021-05-20 19:16:46.137] [fileLog] [info] quantification processed 31000000 fragments so far

[2021-05-20 19:16:49.666] [fileLog] [info] quantification processed 32000000 fragments so far

[2021-05-20 19:16:50.497] [fileLog] [info] quantification processed 32232187 fragments so far

[2021-05-20 19:16:57.378] [jointLog] [info] Thread saw mini-batch with a maximum of 5.00% zero probability fragments
[2021-05-20 19:16:57.381] [jointLog] [info] Thread saw mini-batch with a maximum of 5.40% zero probability fragments
[2021-05-20 19:16:57.386] [jointLog] [info] Thread saw mini-batch with a maximum of 6.40% zero probability fragments
[2021-05-20 19:16:57.386] [jointLog] [info] 


Completed first pass through the alignment file.
Total # of mapped reads : 32232187
# of uniquely mapped reads : 12702037
# ambiguously mapped reads : 19530150



[2021-05-20 19:16:57.551] [jointLog] [info] Computed 207495 rich equivalence classes for further processing
[2021-05-20 19:16:57.551] [jointLog] [info] Counted 32077337 total reads in the equivalence classes 
[2021-05-20 19:16:57.553] [jointLog] [info] starting optimizer
[2021-05-20 19:16:57.653] [jointLog] [info] Marked 0 weighted equivalence classes as degenerate
[2021-05-20 19:16:57.668] [jointLog] [info] iteration = 0 | max rel diff. = 7710.99
[2021-05-20 19:16:59.102] [jointLog] [info] iteration = 100 | max rel diff. = 20.9524
[2021-05-20 19:17:00.531] [jointLog] [info] iteration = 200 | max rel diff. = 10.2392
[2021-05-20 19:17:01.967] [jointLog] [info] iteration = 300 | max rel diff. = 7.10448
[2021-05-20 19:17:03.384] [jointLog] [info] iteration = 400 | max rel diff. = 11.3506
[2021-05-20 19:17:04.814] [jointLog] [info] iteration = 500 | max rel diff. = 0.368022
[2021-05-20 19:17:06.237] [jointLog] [info] iteration = 600 | max rel diff. = 0.759885
[2021-05-20 19:17:07.657] [jointLog] [info] iteration = 700 | max rel diff. = 0.240768
[2021-05-20 19:17:09.089] [jointLog] [info] iteration = 800 | max rel diff. = 1.73281
[2021-05-20 19:17:10.509] [jointLog] [info] iteration = 900 | max rel diff. = 0.0867296
[2021-05-20 19:17:11.934] [jointLog] [info] iteration = 1000 | max rel diff. = 18.4135
[2021-05-20 19:17:13.358] [jointLog] [info] iteration = 1100 | max rel diff. = 1.71878
[2021-05-20 19:17:14.783] [jointLog] [info] iteration = 1200 | max rel diff. = 0.266627
[2021-05-20 19:17:16.223] [jointLog] [info] iteration = 1300 | max rel diff. = 0.0384296
[2021-05-20 19:17:17.117] [jointLog] [info] iteration = 1364 | max rel diff. = 0.00832399
[2021-05-20 19:17:17.149] [jointLog] [info] finished optimizer
[2021-05-20 19:17:17.149] [jointLog] [info] writing output
[2021-05-20 19:17:18.992] [jointLog] [info] Computing gene-level abundance estimates
[2021-05-20 19:17:50.573] [jointLog] [warning] Feature has no GFF ID
[2021-05-20 19:17:50.573] [jointLog] [warning] Feature has no GFF ID
[2021-05-20 19:17:50.573] [jointLog] [warning] Feature has no GFF ID
[2021-05-20 19:17:50.573] [jointLog] [warning] Feature has no GFF ID
[2021-05-20 19:17:50.573] [jointLog] [warning] Feature has no GFF ID
[2021-05-20 19:17:50.573] [jointLog] [warning] Feature has no GFF ID
[2021-05-20 19:17:50.573] [jointLog] [warning] Feature has no GFF ID
[2021-05-20 19:17:50.573] [jointLog] [warning] Feature has no GFF ID
[2021-05-20 19:17:50.573] [jointLog] [warning] Feature has no GFF ID
[2021-05-20 19:17:50.573] [jointLog] [warning] Feature has no GFF ID
[2021-05-20 19:17:50.573] [jointLog] [warning] Feature has no GFF ID
[2021-05-20 19:17:50.573] [jointLog] [warning] Feature has no GFF ID
[2021-05-20 19:17:50.573] [jointLog] [warning] Feature has no GFF ID
[2021-05-20 19:17:50.573] [jointLog] [warning] Feature has no GFF ID
[2021-05-20 19:17:50.573] [jointLog] [warning] Feature has no GFF ID
[2021-05-20 19:17:50.573] [jointLog] [warning] Feature has no GFF ID
[2021-05-20 19:17:50.573] [jointLog] [warning] Feature has no GFF ID
[2021-05-20 19:17:50.573] [jointLog] [warning] Feature has no GFF ID
[2021-05-20 19:17:50.573] [jointLog] [warning] Feature has no GFF ID
[2021-05-20 19:17:50.573] [jointLog] [warning] Feature has no GFF ID
[2021-05-20 19:17:50.573] [jointLog] [warning] Feature has no GFF ID
[2021-05-20 19:17:50.573] [jointLog] [warning] Feature has no GFF ID
[2021-05-20 19:17:50.573] [jointLog] [warning] Feature has no GFF ID
[2021-05-20 19:17:50.573] [jointLog] [warning] Feature has no GFF ID
[2021-05-20 19:17:50.573] [jointLog] [warning] Feature has no GFF ID
[2021-05-20 19:17:50.573] [jointLog] [warning] Feature has no GFF ID
[2021-05-20 19:17:50.573] [jointLog] [warning] Feature has no GFF ID
[2021-05-20 19:17:50.573] [jointLog] [warning] Feature has no GFF ID
[2021-05-20 19:17:50.573] [jointLog] [warning] Feature has no GFF ID
[2021-05-20 19:17:50.573] [jointLog] [warning] Feature has no GFF ID
[2021-05-20 19:17:50.573] [jointLog] [warning] Feature has no GFF ID
[2021-05-20 19:17:50.573] [jointLog] [warning] Feature has no GFF ID
[2021-05-20 19:17:50.573] [jointLog] [warning] Feature has no GFF ID
[2021-05-20 19:17:50.573] [jointLog] [warning] Feature has no GFF ID
[2021-05-20 19:17:50.573] [jointLog] [warning] Feature has no GFF ID
[2021-05-20 19:17:50.573] [jointLog] [warning] Feature has no GFF ID
[2021-05-20 19:17:50.573] [jointLog] [warning] Feature has no GFF ID
[2021-05-20 19:17:50.573] [jointLog] [warning] Feature has no GFF ID
[2021-05-20 19:17:50.573] [jointLog] [warning] Feature has no GFF ID
[2021-05-20 19:17:50.573] [jointLog] [warning] Feature has no GFF ID
[2021-05-20 19:17:50.573] [jointLog] [warning] Feature has no GFF ID
[2021-05-20 19:17:50.573] [jointLog] [warning] Feature has no GFF ID
[2021-05-20 19:17:50.573] [jointLog] [warning] Feature has no GFF ID
[2021-05-20 19:17:50.573] [jointLog] [warning] Feature has no GFF ID
[2021-05-20 19:17:50.573] [jointLog] [warning] Feature has no GFF ID
[2021-05-20 19:17:50.573] [jointLog] [warning] Feature has no GFF ID
[2021-05-20 19:17:50.573] [jointLog] [warning] Feature has no GFF ID
[2021-05-20 19:17:50.573] [jointLog] [warning] Feature has no GFF ID
[2021-05-20 19:17:50.573] [jointLog] [warning] Feature has no GFF ID
[2021-05-20 19:17:50.573] [jointLog] [warning] Feature has no GFF ID
[2021-05-20 19:17:50.573] [jointLog] [warning] Feature has no GFF ID
[2021-05-20 19:17:50.573] [jointLog] [warning] Feature has no GFF ID
[2021-05-20 19:17:50.573] [jointLog] [warning] Feature has no GFF ID
[2021-05-20 19:17:50.573] [jointLog] [warning] Feature has no GFF ID
[2021-05-20 19:17:50.573] [jointLog] [warning] Feature has no GFF ID
[2021-05-20 19:17:50.573] [jointLog] [warning] Feature has no GFF ID
[2021-05-20 19:17:50.573] [jointLog] [warning] Feature has no GFF ID
[2021-05-20 19:17:50.573] [jointLog] [warning] Feature has no GFF ID
[2021-05-20 19:17:50.573] [jointLog] [warning] Feature has no GFF ID
[2021-05-20 19:17:50.573] [jointLog] [warning] Feature has no GFF ID
[2021-05-20 19:17:50.573] [jointLog] [warning] Feature has no GFF ID
[2021-05-20 19:17:50.573] [jointLog] [warning] Feature has no GFF ID
[2021-05-20 19:17:50.573] [jointLog] [warning] Feature has no GFF ID
[2021-05-20 19:17:50.573] [jointLog] [warning] Feature has no GFF ID
[2021-05-20 19:17:50.573] [jointLog] [warning] Feature has no GFF ID
[2021-05-20 19:17:50.573] [jointLog] [warning] Feature has no GFF ID
[2021-05-20 19:17:50.573] [jointLog] [warning] Feature has no GFF ID
[2021-05-20 19:17:50.573] [jointLog] [warning] Feature has no GFF ID
[2021-05-20 19:17:50.573] [jointLog] [warning] Feature has no GFF ID
[2021-05-20 19:17:50.573] [jointLog] [warning] Feature has no GFF ID
[2021-05-20 19:17:50.573] [jointLog] [warning] Feature has no GFF ID
[2021-05-20 19:17:50.573] [jointLog] [warning] Feature has no GFF ID
[2021-05-20 19:17:50.573] [jointLog] [warning] Feature has no GFF ID
[2021-05-20 19:17:50.573] [jointLog] [warning] Feature has no GFF ID
[2021-05-20 19:17:50.573] [jointLog] [warning] Feature has no GFF ID
[2021-05-20 19:17:50.573] [jointLog] [warning] Feature has no GFF ID
[2021-05-20 19:17:50.573] [jointLog] [warning] Feature has no GFF ID
[2021-05-20 19:17:50.573] [jointLog] [warning] Feature has no GFF ID
[2021-05-20 19:17:50.573] [jointLog] [warning] Feature has no GFF ID
[2021-05-20 19:17:50.573] [jointLog] [warning] Feature has no GFF ID
[2021-05-20 19:17:50.573] [jointLog] [warning] Feature has no GFF ID
[2021-05-20 19:17:50.573] [jointLog] [warning] Feature has no GFF ID
[2021-05-20 19:17:50.573] [jointLog] [warning] Feature has no GFF ID
[2021-05-20 19:17:50.573] [jointLog] [warning] Feature has no GFF ID
[2021-05-20 19:17:50.573] [jointLog] [warning] Feature has no GFF ID
[2021-05-20 19:17:50.573] [jointLog] [warning] Feature has no GFF ID
[2021-05-20 19:17:50.573] [jointLog] [warning] Feature has no GFF ID
[2021-05-20 19:17:50.573] [jointLog] [warning] Feature has no GFF ID
[2021-05-20 19:17:50.573] [jointLog] [warning] Feature has no GFF ID
[2021-05-20 19:17:50.573] [jointLog] [warning] Feature has no GFF ID
[2021-05-20 19:17:50.573] [jointLog] [warning] Feature has no GFF ID
[2021-05-20 19:17:50.573] [jointLog] [warning] Feature has no GFF ID
[2021-05-20 19:17:50.941] [jointLog] [info] There were 142604 transcripts mapping to 55401 genes
[2021-05-20 19:17:50.941] [jointLog] [info] NOTE: We recommend using tximport (https://bioconductor.org/packages/release/bioc/html/tximport.html) for aggregating transcript-level salmon abundance estimates to the gene level.  It is more versatile, exposes more features, and allows considering multi-sample information during aggregation.
[2021-05-20 19:17:51.281] [jointLog] [warning] couldn't find transcript named [DQ459430] in transcript <-> gene map; returning transcript as it's own gene
[2021-05-20 19:17:51.281] [jointLog] [warning] couldn't find transcript named [DQ516784] in transcript <-> gene map; returning transcript as it's own gene
[2021-05-20 19:17:51.281] [jointLog] [warning] couldn't find transcript named [DQ516752] in transcript <-> gene map; returning transcript as it's own gene
[2021-05-20 19:17:51.281] [jointLog] [warning] couldn't find transcript named [DQ668364] in transcript <-> gene map; returning transcript as it's own gene
[2021-05-20 19:17:51.281] [jointLog] [warning] couldn't find transcript named [DQ883670] in transcript <-> gene map; returning transcript as it's own gene
[2021-05-20 19:17:51.281] [jointLog] [warning] couldn't find transcript named [EF011062] in transcript <-> gene map; returning transcript as it's own gene
[2021-05-20 19:17:51.281] [jointLog] [warning] couldn't find transcript named [DQ875385] in transcript <-> gene map; returning transcript as it's own gene
[2021-05-20 19:17:51.281] [jointLog] [warning] couldn't find transcript named [DQ883664] in transcript <-> gene map; returning transcript as it's own gene
[2021-05-20 19:17:51.281] [jointLog] [warning] couldn't find transcript named [DQ459420] in transcript <-> gene map; returning transcript as it's own gene
[2021-05-20 19:17:51.281] [jointLog] [warning] couldn't find transcript named [DQ883651] in transcript <-> gene map; returning transcript as it's own gene
[2021-05-20 19:17:51.281] [jointLog] [warning] couldn't find transcript named [DQ855004] in transcript <-> gene map; returning transcript as it's own gene
[2021-05-20 19:17:51.281] [jointLog] [warning] couldn't find transcript named [DQ854993] in transcript <-> gene map; returning transcript as it's own gene
[2021-05-20 19:17:51.281] [jointLog] [warning] couldn't find transcript named [DQ883689] in transcript <-> gene map; returning transcript as it's own gene
[2021-05-20 19:17:51.281] [jointLog] [warning] couldn't find transcript named [DQ459419] in transcript <-> gene map; returning transcript as it's own gene
[2021-05-20 19:17:51.281] [jointLog] [warning] couldn't find transcript named [DQ459431] in transcript <-> gene map; returning transcript as it's own gene
[2021-05-20 19:17:51.281] [jointLog] [warning] couldn't find transcript named [DQ516796] in transcript <-> gene map; returning transcript as it's own gene
[2021-05-20 19:17:51.281] [jointLog] [warning] couldn't find transcript named [DQ855001] in transcript <-> gene map; returning transcript as it's own gene
[2021-05-20 19:17:51.281] [jointLog] [warning] couldn't find transcript named [DQ459413] in transcript <-> gene map; returning transcript as it's own gene
[2021-05-20 19:17:51.281] [jointLog] [warning] couldn't find transcript named [DQ883656] in transcript <-> gene map; returning transcript as it's own gene
[2021-05-20 19:17:51.281] [jointLog] [warning] couldn't find transcript named [DQ883661] in transcript <-> gene map; returning transcript as it's own gene
[2021-05-20 19:17:51.281] [jointLog] [warning] couldn't find transcript named [EF011069] in transcript <-> gene map; returning transcript as it's own gene
[2021-05-20 19:17:51.281] [jointLog] [warning] couldn't find transcript named [DQ516783] in transcript <-> gene map; returning transcript as it's own gene
[2021-05-20 19:17:51.281] [jointLog] [warning] couldn't find transcript named [DQ516787] in transcript <-> gene map; returning transcript as it's own gene
[2021-05-20 19:17:51.281] [jointLog] [warning] couldn't find transcript named [DQ459424] in transcript <-> gene map; returning transcript as it's own gene
[2021-05-20 19:17:51.281] [jointLog] [warning] couldn't find transcript named [DQ516748] in transcript <-> gene map; returning transcript as it's own gene
[2021-05-20 19:17:51.281] [jointLog] [warning] couldn't find transcript named [DQ883671] in transcript <-> gene map; returning transcript as it's own gene
[2021-05-20 19:17:51.281] [jointLog] [warning] couldn't find transcript named [DQ516740] in transcript <-> gene map; returning transcript as it's own gene
[2021-05-20 19:17:51.281] [jointLog] [warning] couldn't find transcript named [DQ516785] in transcript <-> gene map; returning transcript as it's own gene
[2021-05-20 19:17:51.281] [jointLog] [warning] couldn't find transcript named [DQ516731] in transcript <-> gene map; returning transcript as it's own gene
[2021-05-20 19:17:51.281] [jointLog] [warning] couldn't find transcript named [DQ668366] in transcript <-> gene map; returning transcript as it's own gene
[2021-05-20 19:17:51.282] [jointLog] [warning] couldn't find transcript named [DQ459418] in transcript <-> gene map; returning transcript as it's own gene
[2021-05-20 19:17:51.282] [jointLog] [warning] couldn't find transcript named [DQ668356] in transcript <-> gene map; returning transcript as it's own gene
[2021-05-20 19:17:51.282] [jointLog] [warning] couldn't find transcript named [DQ516763] in transcript <-> gene map; returning transcript as it's own gene
[2021-05-20 19:17:51.282] [jointLog] [warning] couldn't find transcript named [DQ459426] in transcript <-> gene map; returning transcript as it's own gene
[2021-05-20 19:17:51.282] [jointLog] [warning] couldn't find transcript named [DQ516786] in transcript <-> gene map; returning transcript as it's own gene
[2021-05-20 19:17:51.282] [jointLog] [warning] couldn't find transcript named [DQ883653] in transcript <-> gene map; returning transcript as it's own gene
[2021-05-20 19:17:51.282] [jointLog] [warning] couldn't find transcript named [DQ459421] in transcript <-> gene map; returning transcript as it's own gene
[2021-05-20 19:17:51.282] [jointLog] [warning] couldn't find transcript named [DQ883654] in transcript <-> gene map; returning transcript as it's own gene
[2021-05-20 19:17:51.282] [jointLog] [warning] couldn't find transcript named [DQ668358] in transcript <-> gene map; returning transcript as it's own gene
[2021-05-20 19:17:51.282] [jointLog] [warning] couldn't find transcript named [DQ516754] in transcript <-> gene map; returning transcript as it's own gene
[2021-05-20 19:17:51.282] [jointLog] [warning] couldn't find transcript named [DQ516778] in transcript <-> gene map; returning transcript as it's own gene
[2021-05-20 19:17:51.282] [jointLog] [warning] couldn't find transcript named [DQ883650] in transcript <-> gene map; returning transcript as it's own gene
[2021-05-20 19:17:51.282] [jointLog] [warning] couldn't find transcript named [DQ516742] in transcript <-> gene map; returning transcript as it's own gene
[2021-05-20 19:17:51.282] [jointLog] [warning] couldn't find transcript named [DQ883673] in transcript <-> gene map; returning transcript as it's own gene
[2021-05-20 19:17:51.282] [jointLog] [warning] couldn't find transcript named [DQ883652] in transcript <-> gene map; returning transcript as it's own gene
[2021-05-20 19:17:51.282] [jointLog] [warning] couldn't find transcript named [DQ854991] in transcript <-> gene map; returning transcript as it's own gene
[2021-05-20 19:17:51.282] [jointLog] [warning] couldn't find transcript named [DQ516780] in transcript <-> gene map; returning transcript as it's own gene
[2021-05-20 19:17:51.282] [jointLog] [warning] couldn't find transcript named [DQ883682] in transcript <-> gene map; returning transcript as it's own gene
[2021-05-20 19:17:51.282] [jointLog] [warning] couldn't find transcript named [DQ883669] in transcript <-> gene map; returning transcript as it's own gene
[2021-05-20 19:17:51.282] [jointLog] [warning] couldn't find transcript named [DQ516791] in transcript <-> gene map; returning transcript as it's own gene
[2021-05-20 19:17:51.282] [jointLog] [warning] couldn't find transcript named [DQ459425] in transcript <-> gene map; returning transcript as it's own gene
[2021-05-20 19:17:51.282] [jointLog] [warning] couldn't find transcript named [DQ516759] in transcript <-> gene map; returning transcript as it's own gene
[2021-05-20 19:17:51.282] [jointLog] [warning] couldn't find transcript named [DQ459429] in transcript <-> gene map; returning transcript as it's own gene
[2021-05-20 19:17:51.282] [jointLog] [warning] couldn't find transcript named [DQ516758] in transcript <-> gene map; returning transcript as it's own gene
[2021-05-20 19:17:51.282] [jointLog] [warning] couldn't find transcript named [DQ459415] in transcript <-> gene map; returning transcript as it's own gene
[2021-05-20 19:17:51.282] [jointLog] [warning] couldn't find transcript named [DQ875387] in transcript <-> gene map; returning transcript as it's own gene
[2021-05-20 19:17:51.282] [jointLog] [warning] couldn't find transcript named [DQ516815] in transcript <-> gene map; returning transcript as it's own gene
[2021-05-20 19:17:51.282] [jointLog] [warning] couldn't find transcript named [DQ668365] in transcript <-> gene map; returning transcript as it's own gene
[2021-05-20 19:17:51.282] [jointLog] [warning] couldn't find transcript named [DQ854998] in transcript <-> gene map; returning transcript as it's own gene
[2021-05-20 19:17:51.282] [jointLog] [warning] couldn't find transcript named [DQ883685] in transcript <-> gene map; returning transcript as it's own gene
[2021-05-20 19:17:51.282] [jointLog] [warning] couldn't find transcript named [DQ459422] in transcript <-> gene map; returning transcript as it's own gene
[2021-05-20 19:17:51.282] [jointLog] [warning] couldn't find transcript named [DQ883663] in transcript <-> gene map; returning transcript as it's own gene
[2021-05-20 19:17:51.282] [jointLog] [warning] couldn't find transcript named [DQ668367] in transcript <-> gene map; returning transcript as it's own gene
[2021-05-20 19:17:51.282] [jointLog] [warning] couldn't find transcript named [DQ459412] in transcript <-> gene map; returning transcript as it's own gene
[2021-05-20 19:17:51.282] [jointLog] [warning] couldn't find transcript named [DQ854992] in transcript <-> gene map; returning transcript as it's own gene
[2021-05-20 19:17:51.282] [jointLog] [warning] couldn't find transcript named [DQ516782] in transcript <-> gene map; returning transcript as it's own gene
[2021-05-20 19:17:51.282] [jointLog] [warning] couldn't find transcript named [DQ459427] in transcript <-> gene map; returning transcript as it's own gene
[2021-05-20 19:17:51.282] [jointLog] [warning] couldn't find transcript named [EF011072] in transcript <-> gene map; returning transcript as it's own gene
[2021-05-20 19:17:51.282] [jointLog] [warning] couldn't find transcript named [DQ855003] in transcript <-> gene map; returning transcript as it's own gene
[2021-05-20 19:17:51.282] [jointLog] [warning] couldn't find transcript named [DQ516739] in transcript <-> gene map; returning transcript as it's own gene
[2021-05-20 19:17:51.282] [jointLog] [warning] couldn't find transcript named [EF011063] in transcript <-> gene map; returning transcript as it's own gene
[2021-05-20 19:17:51.282] [jointLog] [warning] couldn't find transcript named [DQ855000] in transcript <-> gene map; returning transcript as it's own gene
[2021-05-20 19:17:51.282] [jointLog] [warning] couldn't find transcript named [DQ516777] in transcript <-> gene map; returning transcript as it's own gene
[2021-05-20 19:17:51.282] [jointLog] [warning] couldn't find transcript named [DQ883646] in transcript <-> gene map; returning transcript as it's own gene
[2021-05-20 19:17:51.282] [jointLog] [warning] couldn't find transcript named [DQ668362] in transcript <-> gene map; returning transcript as it's own gene
[2021-05-20 19:17:51.282] [jointLog] [warning] couldn't find transcript named [DQ854995] in transcript <-> gene map; returning transcript as it's own gene
[2021-05-20 19:17:51.282] [jointLog] [warning] couldn't find transcript named [DQ875386] in transcript <-> gene map; returning transcript as it's own gene
[2021-05-20 19:17:51.282] [jointLog] [warning] couldn't find transcript named [DQ516790] in transcript <-> gene map; returning transcript as it's own gene
[2021-05-20 19:17:51.282] [jointLog] [warning] couldn't find transcript named [DQ883642] in transcript <-> gene map; returning transcript as it's own gene
[2021-05-20 19:17:51.282] [jointLog] [warning] couldn't find transcript named [DQ883659] in transcript <-> gene map; returning transcript as it's own gene
[2021-05-20 19:17:51.282] [jointLog] [warning] couldn't find transcript named [DQ854997] in transcript <-> gene map; returning transcript as it's own gene
[2021-05-20 19:17:51.282] [jointLog] [warning] couldn't find transcript named [DQ883643] in transcript <-> gene map; returning transcript as it's own gene
[2021-05-20 19:17:51.282] [jointLog] [warning] couldn't find transcript named [DQ839618] in transcript <-> gene map; returning transcript as it's own gene
[2021-05-20 19:17:51.282] [jointLog] [warning] couldn't find transcript named [DQ516795] in transcript <-> gene map; returning transcript as it's own gene
[2021-05-20 19:17:51.282] [jointLog] [warning] couldn't find transcript named [DQ883658] in transcript <-> gene map; returning transcript as it's own gene
[2021-05-20 19:17:51.282] [jointLog] [warning] couldn't find transcript named [DQ516750] in transcript <-> gene map; returning transcript as it's own gene
[2021-05-20 19:17:51.282] [jointLog] [warning] couldn't find transcript named [DQ668359] in transcript <-> gene map; returning transcript as it's own gene
[2021-05-20 19:17:51.282] [jointLog] [warning] couldn't find transcript named [DQ516779] in transcript <-> gene map; returning transcript as it's own gene
[2021-05-20 19:17:51.282] [jointLog] [warning] couldn't find transcript named [DQ668363] in transcript <-> gene map; returning transcript as it's own gene
[2021-05-20 19:17:51.282] [jointLog] [warning] couldn't find transcript named [DQ516776] in transcript <-> gene map; returning transcript as it's own gene
[2021-05-20 19:17:51.282] [jointLog] [warning] couldn't find transcript named [DQ516773] in transcript <-> gene map; returning transcript as it's own gene
[2021-05-20 19:17:51.282] [jointLog] [warning] couldn't find transcript named [DQ854994] in transcript <-> gene map; returning transcript as it's own gene
[2021-05-20 19:17:51.282] [jointLog] [info] Aggregating expressions to gene level
[2021-05-20 19:17:51.460] [jointLog] [info] done
