[2021-04-27 20:53:42.349] [jointLog] [info] setting maxHashResizeThreads to 6
[2021-04-27 20:53:42.349] [jointLog] [info] Fragment incompatibility prior below threshold.  Incompatible fragments will be ignored.
[2021-04-27 20:53:42.350] [jointLog] [info] numQuantThreads = 3
[2021-04-27 20:53:47.085] [jointLog] [info] replaced 4 non-ACGT nucleotides with random nucleotides
[2021-04-27 20:53:47.336] [fileLog] [info] quantification processed 0 fragments so far

[2021-04-27 20:53:50.393] [fileLog] [info] quantification processed 1000000 fragments so far

[2021-04-27 20:53:53.474] [fileLog] [info] quantification processed 2000000 fragments so far

[2021-04-27 20:53:55.173] [jointLog] [info] 

The alignment group queue pool has been exhausted.  3501627 extra fragments were allocated on the heap to saturate the pool.  No new fragments will be allocated


[2021-04-27 20:54:01.514] [fileLog] [info] quantification processed 3000000 fragments so far

[2021-04-27 20:54:15.280] [fileLog] [info] quantification processed 4000000 fragments so far

[2021-04-27 20:54:29.075] [fileLog] [info] quantification processed 5000000 fragments so far

[2021-04-27 20:54:42.795] [fileLog] [info] quantification processed 6000000 fragments so far

[2021-04-27 20:54:56.575] [fileLog] [info] quantification processed 7000000 fragments so far

[2021-04-27 20:54:59.706] [fileLog] [info] quantification processed 8000000 fragments so far

[2021-04-27 20:55:02.845] [fileLog] [info] quantification processed 9000000 fragments so far

[2021-04-27 20:55:05.938] [fileLog] [info] quantification processed 10000000 fragments so far

[2021-04-27 20:55:08.973] [fileLog] [info] quantification processed 11000000 fragments so far

[2021-04-27 20:55:12.063] [fileLog] [info] quantification processed 12000000 fragments so far

[2021-04-27 20:55:15.140] [fileLog] [info] quantification processed 13000000 fragments so far

[2021-04-27 20:55:18.231] [fileLog] [info] quantification processed 14000000 fragments so far

[2021-04-27 20:55:21.374] [fileLog] [info] quantification processed 15000000 fragments so far

[2021-04-27 20:55:24.463] [fileLog] [info] quantification processed 16000000 fragments so far

[2021-04-27 20:55:27.522] [fileLog] [info] quantification processed 17000000 fragments so far

[2021-04-27 20:55:30.572] [fileLog] [info] quantification processed 18000000 fragments so far

[2021-04-27 20:55:33.641] [fileLog] [info] quantification processed 19000000 fragments so far

[2021-04-27 20:55:36.700] [fileLog] [info] quantification processed 20000000 fragments so far

[2021-04-27 20:55:39.836] [fileLog] [info] quantification processed 21000000 fragments so far

[2021-04-27 20:55:42.930] [fileLog] [info] quantification processed 22000000 fragments so far

[2021-04-27 20:55:45.982] [fileLog] [info] quantification processed 23000000 fragments so far

[2021-04-27 20:55:49.035] [fileLog] [info] quantification processed 24000000 fragments so far

[2021-04-27 20:55:52.086] [fileLog] [info] quantification processed 25000000 fragments so far

[2021-04-27 20:55:55.148] [fileLog] [info] quantification processed 26000000 fragments so far

[2021-04-27 20:55:58.258] [fileLog] [info] quantification processed 27000000 fragments so far

[2021-04-27 20:56:01.329] [fileLog] [info] quantification processed 28000000 fragments so far

[2021-04-27 20:56:04.454] [fileLog] [info] quantification processed 29000000 fragments so far

[2021-04-27 20:56:07.555] [fileLog] [info] quantification processed 30000000 fragments so far

[2021-04-27 20:56:10.638] [fileLog] [info] quantification processed 31000000 fragments so far

[2021-04-27 20:56:13.765] [fileLog] [info] quantification processed 32000000 fragments so far

[2021-04-27 20:56:16.832] [fileLog] [info] quantification processed 33000000 fragments so far

[2021-04-27 20:56:19.941] [fileLog] [info] quantification processed 34000000 fragments so far

[2021-04-27 20:56:23.046] [fileLog] [info] quantification processed 35000000 fragments so far

[2021-04-27 20:56:26.109] [fileLog] [info] quantification processed 36000000 fragments so far

[2021-04-27 20:56:29.207] [fileLog] [info] quantification processed 37000000 fragments so far

[2021-04-27 20:56:32.302] [fileLog] [info] quantification processed 38000000 fragments so far

[2021-04-27 20:56:33.824] [fileLog] [info] quantification processed 38488231 fragments so far

[2021-04-27 20:56:39.404] [jointLog] [info] Thread saw mini-batch with a maximum of 20.30% zero probability fragments
[2021-04-27 20:56:39.405] [jointLog] [info] Thread saw mini-batch with a maximum of 20.80% zero probability fragments
[2021-04-27 20:56:39.409] [jointLog] [info] Thread saw mini-batch with a maximum of 20.60% zero probability fragments
[2021-04-27 20:56:39.410] [jointLog] [info] 


Completed first pass through the alignment file.
Total # of mapped reads : 38488231
# of uniquely mapped reads : 13301445
# ambiguously mapped reads : 25186786



[2021-04-27 20:56:39.546] [jointLog] [info] Computed 196819 rich equivalence classes for further processing
[2021-04-27 20:56:39.546] [jointLog] [info] Counted 38265583 total reads in the equivalence classes 
[2021-04-27 20:56:39.548] [jointLog] [info] starting optimizer
[2021-04-27 20:56:39.640] [jointLog] [info] Marked 0 weighted equivalence classes as degenerate
[2021-04-27 20:56:39.658] [jointLog] [info] iteration = 0 | max rel diff. = 6240.53
[2021-04-27 20:56:41.045] [jointLog] [info] iteration = 100 | max rel diff. = 16.8146
[2021-04-27 20:56:42.420] [jointLog] [info] iteration = 200 | max rel diff. = 14.5148
[2021-04-27 20:56:43.787] [jointLog] [info] iteration = 300 | max rel diff. = 9.00638
[2021-04-27 20:56:45.167] [jointLog] [info] iteration = 400 | max rel diff. = 2.69781
[2021-04-27 20:56:46.531] [jointLog] [info] iteration = 500 | max rel diff. = 0.30579
[2021-04-27 20:56:47.915] [jointLog] [info] iteration = 600 | max rel diff. = 2.17356
[2021-04-27 20:56:49.278] [jointLog] [info] iteration = 700 | max rel diff. = 0.105206
[2021-04-27 20:56:50.670] [jointLog] [info] iteration = 800 | max rel diff. = 0.176804
[2021-04-27 20:56:52.034] [jointLog] [info] iteration = 900 | max rel diff. = 0.0646425
[2021-04-27 20:56:53.396] [jointLog] [info] iteration = 1000 | max rel diff. = 0.251037
[2021-04-27 20:56:54.765] [jointLog] [info] iteration = 1100 | max rel diff. = 0.0609435
[2021-04-27 20:56:56.125] [jointLog] [info] iteration = 1200 | max rel diff. = 0.0367816
[2021-04-27 20:56:57.486] [jointLog] [info] iteration = 1300 | max rel diff. = 0.0783432
[2021-04-27 20:56:58.845] [jointLog] [info] iteration = 1400 | max rel diff. = 0.018774
[2021-04-27 20:57:00.226] [jointLog] [info] iteration = 1500 | max rel diff. = 1.04677
[2021-04-27 20:57:01.586] [jointLog] [info] iteration = 1600 | max rel diff. = 0.0401496
[2021-04-27 20:57:02.953] [jointLog] [info] iteration = 1700 | max rel diff. = 0.021537
[2021-04-27 20:57:04.317] [jointLog] [info] iteration = 1800 | max rel diff. = 0.18065
[2021-04-27 20:57:05.687] [jointLog] [info] iteration = 1900 | max rel diff. = 0.0726537
[2021-04-27 20:57:07.046] [jointLog] [info] iteration = 2000 | max rel diff. = 0.0139267
[2021-04-27 20:57:08.405] [jointLog] [info] iteration = 2100 | max rel diff. = 0.415962
[2021-04-27 20:57:09.059] [jointLog] [info] iteration = 2149 | max rel diff. = 0.00775531
[2021-04-27 20:57:09.088] [jointLog] [info] finished optimizer
[2021-04-27 20:57:09.088] [jointLog] [info] writing output
[2021-04-27 20:57:10.759] [jointLog] [info] Computing gene-level abundance estimates
[2021-04-27 20:57:37.831] [jointLog] [warning] Feature has no GFF ID
[2021-04-27 20:57:37.831] [jointLog] [warning] Feature has no GFF ID
[2021-04-27 20:57:37.831] [jointLog] [warning] Feature has no GFF ID
[2021-04-27 20:57:37.831] [jointLog] [warning] Feature has no GFF ID
[2021-04-27 20:57:37.831] [jointLog] [warning] Feature has no GFF ID
[2021-04-27 20:57:37.831] [jointLog] [warning] Feature has no GFF ID
[2021-04-27 20:57:37.831] [jointLog] [warning] Feature has no GFF ID
[2021-04-27 20:57:37.831] [jointLog] [warning] Feature has no GFF ID
[2021-04-27 20:57:37.831] [jointLog] [warning] Feature has no GFF ID
[2021-04-27 20:57:37.831] [jointLog] [warning] Feature has no GFF ID
[2021-04-27 20:57:37.831] [jointLog] [warning] Feature has no GFF ID
[2021-04-27 20:57:37.831] [jointLog] [warning] Feature has no GFF ID
[2021-04-27 20:57:37.831] [jointLog] [warning] Feature has no GFF ID
[2021-04-27 20:57:37.831] [jointLog] [warning] Feature has no GFF ID
[2021-04-27 20:57:37.831] [jointLog] [warning] Feature has no GFF ID
[2021-04-27 20:57:37.831] [jointLog] [warning] Feature has no GFF ID
[2021-04-27 20:57:37.831] [jointLog] [warning] Feature has no GFF ID
[2021-04-27 20:57:37.831] [jointLog] [warning] Feature has no GFF ID
[2021-04-27 20:57:37.831] [jointLog] [warning] Feature has no GFF ID
[2021-04-27 20:57:37.831] [jointLog] [warning] Feature has no GFF ID
[2021-04-27 20:57:37.831] [jointLog] [warning] Feature has no GFF ID
[2021-04-27 20:57:37.831] [jointLog] [warning] Feature has no GFF ID
[2021-04-27 20:57:37.831] [jointLog] [warning] Feature has no GFF ID
[2021-04-27 20:57:37.831] [jointLog] [warning] Feature has no GFF ID
[2021-04-27 20:57:37.831] [jointLog] [warning] Feature has no GFF ID
[2021-04-27 20:57:37.831] [jointLog] [warning] Feature has no GFF ID
[2021-04-27 20:57:37.831] [jointLog] [warning] Feature has no GFF ID
[2021-04-27 20:57:37.831] [jointLog] [warning] Feature has no GFF ID
[2021-04-27 20:57:37.831] [jointLog] [warning] Feature has no GFF ID
[2021-04-27 20:57:37.831] [jointLog] [warning] Feature has no GFF ID
[2021-04-27 20:57:37.831] [jointLog] [warning] Feature has no GFF ID
[2021-04-27 20:57:37.831] [jointLog] [warning] Feature has no GFF ID
[2021-04-27 20:57:37.831] [jointLog] [warning] Feature has no GFF ID
[2021-04-27 20:57:37.831] [jointLog] [warning] Feature has no GFF ID
[2021-04-27 20:57:37.831] [jointLog] [warning] Feature has no GFF ID
[2021-04-27 20:57:37.831] [jointLog] [warning] Feature has no GFF ID
[2021-04-27 20:57:37.831] [jointLog] [warning] Feature has no GFF ID
[2021-04-27 20:57:37.831] [jointLog] [warning] Feature has no GFF ID
[2021-04-27 20:57:37.831] [jointLog] [warning] Feature has no GFF ID
[2021-04-27 20:57:37.831] [jointLog] [warning] Feature has no GFF ID
[2021-04-27 20:57:37.831] [jointLog] [warning] Feature has no GFF ID
[2021-04-27 20:57:37.831] [jointLog] [warning] Feature has no GFF ID
[2021-04-27 20:57:37.831] [jointLog] [warning] Feature has no GFF ID
[2021-04-27 20:57:37.831] [jointLog] [warning] Feature has no GFF ID
[2021-04-27 20:57:37.831] [jointLog] [warning] Feature has no GFF ID
[2021-04-27 20:57:37.831] [jointLog] [warning] Feature has no GFF ID
[2021-04-27 20:57:37.831] [jointLog] [warning] Feature has no GFF ID
[2021-04-27 20:57:37.831] [jointLog] [warning] Feature has no GFF ID
[2021-04-27 20:57:37.831] [jointLog] [warning] Feature has no GFF ID
[2021-04-27 20:57:37.831] [jointLog] [warning] Feature has no GFF ID
[2021-04-27 20:57:37.831] [jointLog] [warning] Feature has no GFF ID
[2021-04-27 20:57:37.831] [jointLog] [warning] Feature has no GFF ID
[2021-04-27 20:57:37.831] [jointLog] [warning] Feature has no GFF ID
[2021-04-27 20:57:37.831] [jointLog] [warning] Feature has no GFF ID
[2021-04-27 20:57:37.831] [jointLog] [warning] Feature has no GFF ID
[2021-04-27 20:57:37.831] [jointLog] [warning] Feature has no GFF ID
[2021-04-27 20:57:37.831] [jointLog] [warning] Feature has no GFF ID
[2021-04-27 20:57:37.831] [jointLog] [warning] Feature has no GFF ID
[2021-04-27 20:57:37.831] [jointLog] [warning] Feature has no GFF ID
[2021-04-27 20:57:37.831] [jointLog] [warning] Feature has no GFF ID
[2021-04-27 20:57:37.831] [jointLog] [warning] Feature has no GFF ID
[2021-04-27 20:57:37.831] [jointLog] [warning] Feature has no GFF ID
[2021-04-27 20:57:37.831] [jointLog] [warning] Feature has no GFF ID
[2021-04-27 20:57:37.831] [jointLog] [warning] Feature has no GFF ID
[2021-04-27 20:57:37.831] [jointLog] [warning] Feature has no GFF ID
[2021-04-27 20:57:37.831] [jointLog] [warning] Feature has no GFF ID
[2021-04-27 20:57:37.831] [jointLog] [warning] Feature has no GFF ID
[2021-04-27 20:57:37.831] [jointLog] [warning] Feature has no GFF ID
[2021-04-27 20:57:37.831] [jointLog] [warning] Feature has no GFF ID
[2021-04-27 20:57:37.831] [jointLog] [warning] Feature has no GFF ID
[2021-04-27 20:57:37.831] [jointLog] [warning] Feature has no GFF ID
[2021-04-27 20:57:37.831] [jointLog] [warning] Feature has no GFF ID
[2021-04-27 20:57:37.831] [jointLog] [warning] Feature has no GFF ID
[2021-04-27 20:57:37.831] [jointLog] [warning] Feature has no GFF ID
[2021-04-27 20:57:37.831] [jointLog] [warning] Feature has no GFF ID
[2021-04-27 20:57:37.831] [jointLog] [warning] Feature has no GFF ID
[2021-04-27 20:57:37.831] [jointLog] [warning] Feature has no GFF ID
[2021-04-27 20:57:37.831] [jointLog] [warning] Feature has no GFF ID
[2021-04-27 20:57:37.831] [jointLog] [warning] Feature has no GFF ID
[2021-04-27 20:57:37.831] [jointLog] [warning] Feature has no GFF ID
[2021-04-27 20:57:37.831] [jointLog] [warning] Feature has no GFF ID
[2021-04-27 20:57:37.831] [jointLog] [warning] Feature has no GFF ID
[2021-04-27 20:57:37.831] [jointLog] [warning] Feature has no GFF ID
[2021-04-27 20:57:37.831] [jointLog] [warning] Feature has no GFF ID
[2021-04-27 20:57:37.831] [jointLog] [warning] Feature has no GFF ID
[2021-04-27 20:57:37.831] [jointLog] [warning] Feature has no GFF ID
[2021-04-27 20:57:37.831] [jointLog] [warning] Feature has no GFF ID
[2021-04-27 20:57:37.831] [jointLog] [warning] Feature has no GFF ID
[2021-04-27 20:57:37.831] [jointLog] [warning] Feature has no GFF ID
[2021-04-27 20:57:37.831] [jointLog] [warning] Feature has no GFF ID
[2021-04-27 20:57:37.831] [jointLog] [warning] Feature has no GFF ID
[2021-04-27 20:57:37.831] [jointLog] [warning] Feature has no GFF ID
[2021-04-27 20:57:38.111] [jointLog] [info] There were 142604 transcripts mapping to 55401 genes
[2021-04-27 20:57:38.111] [jointLog] [info] NOTE: We recommend using tximport (https://bioconductor.org/packages/release/bioc/html/tximport.html) for aggregating transcript-level salmon abundance estimates to the gene level.  It is more versatile, exposes more features, and allows considering multi-sample information during aggregation.
[2021-04-27 20:57:38.377] [jointLog] [warning] couldn't find transcript named [DQ459430] in transcript <-> gene map; returning transcript as it's own gene
[2021-04-27 20:57:38.377] [jointLog] [warning] couldn't find transcript named [DQ516784] in transcript <-> gene map; returning transcript as it's own gene
[2021-04-27 20:57:38.377] [jointLog] [warning] couldn't find transcript named [DQ516752] in transcript <-> gene map; returning transcript as it's own gene
[2021-04-27 20:57:38.377] [jointLog] [warning] couldn't find transcript named [DQ668364] in transcript <-> gene map; returning transcript as it's own gene
[2021-04-27 20:57:38.377] [jointLog] [warning] couldn't find transcript named [DQ883670] in transcript <-> gene map; returning transcript as it's own gene
[2021-04-27 20:57:38.377] [jointLog] [warning] couldn't find transcript named [EF011062] in transcript <-> gene map; returning transcript as it's own gene
[2021-04-27 20:57:38.377] [jointLog] [warning] couldn't find transcript named [DQ875385] in transcript <-> gene map; returning transcript as it's own gene
[2021-04-27 20:57:38.377] [jointLog] [warning] couldn't find transcript named [DQ883664] in transcript <-> gene map; returning transcript as it's own gene
[2021-04-27 20:57:38.377] [jointLog] [warning] couldn't find transcript named [DQ459420] in transcript <-> gene map; returning transcript as it's own gene
[2021-04-27 20:57:38.377] [jointLog] [warning] couldn't find transcript named [DQ883651] in transcript <-> gene map; returning transcript as it's own gene
[2021-04-27 20:57:38.377] [jointLog] [warning] couldn't find transcript named [DQ855004] in transcript <-> gene map; returning transcript as it's own gene
[2021-04-27 20:57:38.377] [jointLog] [warning] couldn't find transcript named [DQ854993] in transcript <-> gene map; returning transcript as it's own gene
[2021-04-27 20:57:38.377] [jointLog] [warning] couldn't find transcript named [DQ883689] in transcript <-> gene map; returning transcript as it's own gene
[2021-04-27 20:57:38.377] [jointLog] [warning] couldn't find transcript named [DQ459419] in transcript <-> gene map; returning transcript as it's own gene
[2021-04-27 20:57:38.377] [jointLog] [warning] couldn't find transcript named [DQ459431] in transcript <-> gene map; returning transcript as it's own gene
[2021-04-27 20:57:38.377] [jointLog] [warning] couldn't find transcript named [DQ516796] in transcript <-> gene map; returning transcript as it's own gene
[2021-04-27 20:57:38.377] [jointLog] [warning] couldn't find transcript named [DQ855001] in transcript <-> gene map; returning transcript as it's own gene
[2021-04-27 20:57:38.377] [jointLog] [warning] couldn't find transcript named [DQ459413] in transcript <-> gene map; returning transcript as it's own gene
[2021-04-27 20:57:38.377] [jointLog] [warning] couldn't find transcript named [DQ883656] in transcript <-> gene map; returning transcript as it's own gene
[2021-04-27 20:57:38.377] [jointLog] [warning] couldn't find transcript named [DQ883661] in transcript <-> gene map; returning transcript as it's own gene
[2021-04-27 20:57:38.377] [jointLog] [warning] couldn't find transcript named [EF011069] in transcript <-> gene map; returning transcript as it's own gene
[2021-04-27 20:57:38.377] [jointLog] [warning] couldn't find transcript named [DQ516783] in transcript <-> gene map; returning transcript as it's own gene
[2021-04-27 20:57:38.377] [jointLog] [warning] couldn't find transcript named [DQ516787] in transcript <-> gene map; returning transcript as it's own gene
[2021-04-27 20:57:38.377] [jointLog] [warning] couldn't find transcript named [DQ459424] in transcript <-> gene map; returning transcript as it's own gene
[2021-04-27 20:57:38.377] [jointLog] [warning] couldn't find transcript named [DQ516748] in transcript <-> gene map; returning transcript as it's own gene
[2021-04-27 20:57:38.377] [jointLog] [warning] couldn't find transcript named [DQ883671] in transcript <-> gene map; returning transcript as it's own gene
[2021-04-27 20:57:38.377] [jointLog] [warning] couldn't find transcript named [DQ516740] in transcript <-> gene map; returning transcript as it's own gene
[2021-04-27 20:57:38.377] [jointLog] [warning] couldn't find transcript named [DQ516785] in transcript <-> gene map; returning transcript as it's own gene
[2021-04-27 20:57:38.377] [jointLog] [warning] couldn't find transcript named [DQ516731] in transcript <-> gene map; returning transcript as it's own gene
[2021-04-27 20:57:38.377] [jointLog] [warning] couldn't find transcript named [DQ668366] in transcript <-> gene map; returning transcript as it's own gene
[2021-04-27 20:57:38.377] [jointLog] [warning] couldn't find transcript named [DQ459418] in transcript <-> gene map; returning transcript as it's own gene
[2021-04-27 20:57:38.377] [jointLog] [warning] couldn't find transcript named [DQ668356] in transcript <-> gene map; returning transcript as it's own gene
[2021-04-27 20:57:38.377] [jointLog] [warning] couldn't find transcript named [DQ516763] in transcript <-> gene map; returning transcript as it's own gene
[2021-04-27 20:57:38.377] [jointLog] [warning] couldn't find transcript named [DQ459426] in transcript <-> gene map; returning transcript as it's own gene
[2021-04-27 20:57:38.377] [jointLog] [warning] couldn't find transcript named [DQ516786] in transcript <-> gene map; returning transcript as it's own gene
[2021-04-27 20:57:38.377] [jointLog] [warning] couldn't find transcript named [DQ883653] in transcript <-> gene map; returning transcript as it's own gene
[2021-04-27 20:57:38.377] [jointLog] [warning] couldn't find transcript named [DQ459421] in transcript <-> gene map; returning transcript as it's own gene
[2021-04-27 20:57:38.377] [jointLog] [warning] couldn't find transcript named [DQ883654] in transcript <-> gene map; returning transcript as it's own gene
[2021-04-27 20:57:38.377] [jointLog] [warning] couldn't find transcript named [DQ668358] in transcript <-> gene map; returning transcript as it's own gene
[2021-04-27 20:57:38.377] [jointLog] [warning] couldn't find transcript named [DQ516754] in transcript <-> gene map; returning transcript as it's own gene
[2021-04-27 20:57:38.377] [jointLog] [warning] couldn't find transcript named [DQ516778] in transcript <-> gene map; returning transcript as it's own gene
[2021-04-27 20:57:38.377] [jointLog] [warning] couldn't find transcript named [DQ883650] in transcript <-> gene map; returning transcript as it's own gene
[2021-04-27 20:57:38.377] [jointLog] [warning] couldn't find transcript named [DQ516742] in transcript <-> gene map; returning transcript as it's own gene
[2021-04-27 20:57:38.377] [jointLog] [warning] couldn't find transcript named [DQ883673] in transcript <-> gene map; returning transcript as it's own gene
[2021-04-27 20:57:38.377] [jointLog] [warning] couldn't find transcript named [DQ883652] in transcript <-> gene map; returning transcript as it's own gene
[2021-04-27 20:57:38.377] [jointLog] [warning] couldn't find transcript named [DQ854991] in transcript <-> gene map; returning transcript as it's own gene
[2021-04-27 20:57:38.377] [jointLog] [warning] couldn't find transcript named [DQ516780] in transcript <-> gene map; returning transcript as it's own gene
[2021-04-27 20:57:38.377] [jointLog] [warning] couldn't find transcript named [DQ883682] in transcript <-> gene map; returning transcript as it's own gene
[2021-04-27 20:57:38.377] [jointLog] [warning] couldn't find transcript named [DQ883669] in transcript <-> gene map; returning transcript as it's own gene
[2021-04-27 20:57:38.377] [jointLog] [warning] couldn't find transcript named [DQ516791] in transcript <-> gene map; returning transcript as it's own gene
[2021-04-27 20:57:38.377] [jointLog] [warning] couldn't find transcript named [DQ459425] in transcript <-> gene map; returning transcript as it's own gene
[2021-04-27 20:57:38.377] [jointLog] [warning] couldn't find transcript named [DQ516759] in transcript <-> gene map; returning transcript as it's own gene
[2021-04-27 20:57:38.377] [jointLog] [warning] couldn't find transcript named [DQ459429] in transcript <-> gene map; returning transcript as it's own gene
[2021-04-27 20:57:38.377] [jointLog] [warning] couldn't find transcript named [DQ516758] in transcript <-> gene map; returning transcript as it's own gene
[2021-04-27 20:57:38.377] [jointLog] [warning] couldn't find transcript named [DQ459415] in transcript <-> gene map; returning transcript as it's own gene
[2021-04-27 20:57:38.377] [jointLog] [warning] couldn't find transcript named [DQ875387] in transcript <-> gene map; returning transcript as it's own gene
[2021-04-27 20:57:38.377] [jointLog] [warning] couldn't find transcript named [DQ516815] in transcript <-> gene map; returning transcript as it's own gene
[2021-04-27 20:57:38.377] [jointLog] [warning] couldn't find transcript named [DQ668365] in transcript <-> gene map; returning transcript as it's own gene
[2021-04-27 20:57:38.377] [jointLog] [warning] couldn't find transcript named [DQ854998] in transcript <-> gene map; returning transcript as it's own gene
[2021-04-27 20:57:38.377] [jointLog] [warning] couldn't find transcript named [DQ883685] in transcript <-> gene map; returning transcript as it's own gene
[2021-04-27 20:57:38.377] [jointLog] [warning] couldn't find transcript named [DQ459422] in transcript <-> gene map; returning transcript as it's own gene
[2021-04-27 20:57:38.377] [jointLog] [warning] couldn't find transcript named [DQ883663] in transcript <-> gene map; returning transcript as it's own gene
[2021-04-27 20:57:38.377] [jointLog] [warning] couldn't find transcript named [DQ668367] in transcript <-> gene map; returning transcript as it's own gene
[2021-04-27 20:57:38.377] [jointLog] [warning] couldn't find transcript named [DQ459412] in transcript <-> gene map; returning transcript as it's own gene
[2021-04-27 20:57:38.377] [jointLog] [warning] couldn't find transcript named [DQ854992] in transcript <-> gene map; returning transcript as it's own gene
[2021-04-27 20:57:38.377] [jointLog] [warning] couldn't find transcript named [DQ516782] in transcript <-> gene map; returning transcript as it's own gene
[2021-04-27 20:57:38.377] [jointLog] [warning] couldn't find transcript named [DQ459427] in transcript <-> gene map; returning transcript as it's own gene
[2021-04-27 20:57:38.377] [jointLog] [warning] couldn't find transcript named [EF011072] in transcript <-> gene map; returning transcript as it's own gene
[2021-04-27 20:57:38.377] [jointLog] [warning] couldn't find transcript named [DQ855003] in transcript <-> gene map; returning transcript as it's own gene
[2021-04-27 20:57:38.377] [jointLog] [warning] couldn't find transcript named [DQ516739] in transcript <-> gene map; returning transcript as it's own gene
[2021-04-27 20:57:38.377] [jointLog] [warning] couldn't find transcript named [EF011063] in transcript <-> gene map; returning transcript as it's own gene
[2021-04-27 20:57:38.377] [jointLog] [warning] couldn't find transcript named [DQ855000] in transcript <-> gene map; returning transcript as it's own gene
[2021-04-27 20:57:38.377] [jointLog] [warning] couldn't find transcript named [DQ516777] in transcript <-> gene map; returning transcript as it's own gene
[2021-04-27 20:57:38.377] [jointLog] [warning] couldn't find transcript named [DQ883646] in transcript <-> gene map; returning transcript as it's own gene
[2021-04-27 20:57:38.377] [jointLog] [warning] couldn't find transcript named [DQ668362] in transcript <-> gene map; returning transcript as it's own gene
[2021-04-27 20:57:38.377] [jointLog] [warning] couldn't find transcript named [DQ854995] in transcript <-> gene map; returning transcript as it's own gene
[2021-04-27 20:57:38.377] [jointLog] [warning] couldn't find transcript named [DQ875386] in transcript <-> gene map; returning transcript as it's own gene
[2021-04-27 20:57:38.377] [jointLog] [warning] couldn't find transcript named [DQ516790] in transcript <-> gene map; returning transcript as it's own gene
[2021-04-27 20:57:38.377] [jointLog] [warning] couldn't find transcript named [DQ883642] in transcript <-> gene map; returning transcript as it's own gene
[2021-04-27 20:57:38.377] [jointLog] [warning] couldn't find transcript named [DQ883659] in transcript <-> gene map; returning transcript as it's own gene
[2021-04-27 20:57:38.377] [jointLog] [warning] couldn't find transcript named [DQ854997] in transcript <-> gene map; returning transcript as it's own gene
[2021-04-27 20:57:38.377] [jointLog] [warning] couldn't find transcript named [DQ883643] in transcript <-> gene map; returning transcript as it's own gene
[2021-04-27 20:57:38.377] [jointLog] [warning] couldn't find transcript named [DQ839618] in transcript <-> gene map; returning transcript as it's own gene
[2021-04-27 20:57:38.377] [jointLog] [warning] couldn't find transcript named [DQ516795] in transcript <-> gene map; returning transcript as it's own gene
[2021-04-27 20:57:38.377] [jointLog] [warning] couldn't find transcript named [DQ883658] in transcript <-> gene map; returning transcript as it's own gene
[2021-04-27 20:57:38.377] [jointLog] [warning] couldn't find transcript named [DQ516750] in transcript <-> gene map; returning transcript as it's own gene
[2021-04-27 20:57:38.377] [jointLog] [warning] couldn't find transcript named [DQ668359] in transcript <-> gene map; returning transcript as it's own gene
[2021-04-27 20:57:38.377] [jointLog] [warning] couldn't find transcript named [DQ516779] in transcript <-> gene map; returning transcript as it's own gene
[2021-04-27 20:57:38.377] [jointLog] [warning] couldn't find transcript named [DQ668363] in transcript <-> gene map; returning transcript as it's own gene
[2021-04-27 20:57:38.377] [jointLog] [warning] couldn't find transcript named [DQ516776] in transcript <-> gene map; returning transcript as it's own gene
[2021-04-27 20:57:38.377] [jointLog] [warning] couldn't find transcript named [DQ516773] in transcript <-> gene map; returning transcript as it's own gene
[2021-04-27 20:57:38.377] [jointLog] [warning] couldn't find transcript named [DQ854994] in transcript <-> gene map; returning transcript as it's own gene
[2021-04-27 20:57:38.377] [jointLog] [info] Aggregating expressions to gene level
[2021-04-27 20:57:38.524] [jointLog] [info] done
