[2021-04-27 20:53:42.571] [jointLog] [info] setting maxHashResizeThreads to 6
[2021-04-27 20:53:42.571] [jointLog] [info] Fragment incompatibility prior below threshold.  Incompatible fragments will be ignored.
[2021-04-27 20:53:42.572] [jointLog] [info] numQuantThreads = 3
[2021-04-27 20:53:48.176] [fileLog] [info] quantification processed 0 fragments so far

[2021-04-27 20:53:47.887] [jointLog] [info] replaced 4 non-ACGT nucleotides with random nucleotides
[2021-04-27 20:53:53.709] [fileLog] [info] quantification processed 1000000 fragments so far

[2021-04-27 20:53:57.262] [fileLog] [info] quantification processed 2000000 fragments so far

[2021-04-27 20:53:59.247] [jointLog] [info] 

The alignment group queue pool has been exhausted.  3318255 extra fragments were allocated on the heap to saturate the pool.  No new fragments will be allocated


[2021-04-27 20:54:07.101] [fileLog] [info] quantification processed 3000000 fragments so far

[2021-04-27 20:54:21.980] [fileLog] [info] quantification processed 4000000 fragments so far

[2021-04-27 20:54:37.185] [fileLog] [info] quantification processed 5000000 fragments so far

[2021-04-27 20:54:53.554] [fileLog] [info] quantification processed 6000000 fragments so far

[2021-04-27 20:55:08.863] [fileLog] [info] quantification processed 7000000 fragments so far

[2021-04-27 20:55:12.437] [fileLog] [info] quantification processed 8000000 fragments so far

[2021-04-27 20:55:16.186] [fileLog] [info] quantification processed 9000000 fragments so far

[2021-04-27 20:55:19.787] [fileLog] [info] quantification processed 10000000 fragments so far

[2021-04-27 20:55:23.369] [fileLog] [info] quantification processed 11000000 fragments so far

[2021-04-27 20:55:27.219] [fileLog] [info] quantification processed 12000000 fragments so far

[2021-04-27 20:55:30.743] [fileLog] [info] quantification processed 13000000 fragments so far

[2021-04-27 20:55:33.978] [fileLog] [info] quantification processed 14000000 fragments so far

[2021-04-27 20:55:37.564] [fileLog] [info] quantification processed 15000000 fragments so far

[2021-04-27 20:55:41.171] [fileLog] [info] quantification processed 16000000 fragments so far

[2021-04-27 20:55:44.863] [fileLog] [info] quantification processed 17000000 fragments so far

[2021-04-27 20:55:48.417] [fileLog] [info] quantification processed 18000000 fragments so far

[2021-04-27 20:55:51.786] [fileLog] [info] quantification processed 19000000 fragments so far

[2021-04-27 20:55:55.146] [fileLog] [info] quantification processed 20000000 fragments so far

[2021-04-27 20:55:58.390] [fileLog] [info] quantification processed 21000000 fragments so far

[2021-04-27 20:56:01.668] [fileLog] [info] quantification processed 22000000 fragments so far

[2021-04-27 20:56:05.334] [fileLog] [info] quantification processed 23000000 fragments so far

[2021-04-27 20:56:09.029] [fileLog] [info] quantification processed 24000000 fragments so far

[2021-04-27 20:56:12.879] [fileLog] [info] quantification processed 25000000 fragments so far

[2021-04-27 20:56:16.826] [fileLog] [info] quantification processed 26000000 fragments so far

[2021-04-27 20:56:20.460] [fileLog] [info] quantification processed 27000000 fragments so far

[2021-04-27 20:56:24.230] [fileLog] [info] quantification processed 28000000 fragments so far

[2021-04-27 20:56:27.809] [fileLog] [info] quantification processed 29000000 fragments so far

[2021-04-27 20:56:31.496] [fileLog] [info] quantification processed 30000000 fragments so far

[2021-04-27 20:56:35.037] [fileLog] [info] quantification processed 31000000 fragments so far

[2021-04-27 20:56:38.593] [fileLog] [info] quantification processed 32000000 fragments so far

[2021-04-27 20:56:42.203] [fileLog] [info] quantification processed 33000000 fragments so far

[2021-04-27 20:56:45.960] [fileLog] [info] quantification processed 34000000 fragments so far

[2021-04-27 20:56:49.778] [fileLog] [info] quantification processed 35000000 fragments so far

[2021-04-27 20:56:54.424] [fileLog] [info] quantification processed 36000000 fragments so far

[2021-04-27 20:56:59.432] [fileLog] [info] quantification processed 37000000 fragments so far

[2021-04-27 20:57:02.336] [fileLog] [info] quantification processed 38000000 fragments so far

[2021-04-27 20:57:05.241] [fileLog] [info] quantification processed 39000000 fragments so far

[2021-04-27 20:57:08.160] [fileLog] [info] quantification processed 40000000 fragments so far

[2021-04-27 20:57:11.395] [fileLog] [info] quantification processed 41000000 fragments so far

[2021-04-27 20:57:15.269] [fileLog] [info] quantification processed 42000000 fragments so far

[2021-04-27 20:57:18.761] [fileLog] [info] quantification processed 43000000 fragments so far

[2021-04-27 20:57:22.245] [fileLog] [info] quantification processed 44000000 fragments so far

[2021-04-27 20:57:25.678] [fileLog] [info] quantification processed 45000000 fragments so far

[2021-04-27 20:57:29.155] [fileLog] [info] quantification processed 46000000 fragments so far

[2021-04-27 20:57:32.488] [fileLog] [info] quantification processed 46981273 fragments so far

[2021-04-27 20:57:38.881] [jointLog] [info] Thread saw mini-batch with a maximum of 5.30% zero probability fragments
[2021-04-27 20:57:38.884] [jointLog] [info] Thread saw mini-batch with a maximum of 5.20% zero probability fragments
[2021-04-27 20:57:38.890] [jointLog] [info] Thread saw mini-batch with a maximum of 4.70% zero probability fragments
[2021-04-27 20:57:38.891] [jointLog] [info] 


Completed first pass through the alignment file.
Total # of mapped reads : 46981273
# of uniquely mapped reads : 16684129
# ambiguously mapped reads : 30297144



[2021-04-27 20:57:39.053] [jointLog] [info] Computed 255119 rich equivalence classes for further processing
[2021-04-27 20:57:39.053] [jointLog] [info] Counted 46833303 total reads in the equivalence classes 
[2021-04-27 20:57:39.055] [jointLog] [info] starting optimizer
[2021-04-27 20:57:39.170] [jointLog] [info] Marked 0 weighted equivalence classes as degenerate
[2021-04-27 20:57:39.198] [jointLog] [info] iteration = 0 | max rel diff. = 2076.77
[2021-04-27 20:57:41.142] [jointLog] [info] iteration = 100 | max rel diff. = 12.3586
[2021-04-27 20:57:42.854] [jointLog] [info] iteration = 200 | max rel diff. = 6.95158
[2021-04-27 20:57:44.551] [jointLog] [info] iteration = 300 | max rel diff. = 0.606521
[2021-04-27 20:57:46.255] [jointLog] [info] iteration = 400 | max rel diff. = 12.3721
[2021-04-27 20:57:47.967] [jointLog] [info] iteration = 500 | max rel diff. = 4.82485
[2021-04-27 20:57:49.723] [jointLog] [info] iteration = 600 | max rel diff. = 1.28752
[2021-04-27 20:57:51.495] [jointLog] [info] iteration = 700 | max rel diff. = 0.749544
[2021-04-27 20:57:53.268] [jointLog] [info] iteration = 800 | max rel diff. = 1.72812
[2021-04-27 20:57:54.904] [jointLog] [info] iteration = 900 | max rel diff. = 0.0461678
[2021-04-27 20:57:56.549] [jointLog] [info] iteration = 1000 | max rel diff. = 0.0665559
[2021-04-27 20:57:58.147] [jointLog] [info] iteration = 1100 | max rel diff. = 0.465877
[2021-04-27 20:57:59.777] [jointLog] [info] iteration = 1200 | max rel diff. = 1.51074
[2021-04-27 20:58:01.418] [jointLog] [info] iteration = 1300 | max rel diff. = 0.163972
[2021-04-27 20:58:03.031] [jointLog] [info] iteration = 1400 | max rel diff. = 0.0202294
[2021-04-27 20:58:04.617] [jointLog] [info] iteration = 1500 | max rel diff. = 0.0306028
[2021-04-27 20:58:06.185] [jointLog] [info] iteration = 1600 | max rel diff. = 0.0368056
[2021-04-27 20:58:07.795] [jointLog] [info] iteration = 1700 | max rel diff. = 0.138212
[2021-04-27 20:58:09.386] [jointLog] [info] iteration = 1800 | max rel diff. = 0.140147
[2021-04-27 20:58:09.853] [jointLog] [info] iteration = 1830 | max rel diff. = 0.00833826
[2021-04-27 20:58:09.881] [jointLog] [info] finished optimizer
[2021-04-27 20:58:09.881] [jointLog] [info] writing output
[2021-04-27 20:58:12.279] [jointLog] [info] Computing gene-level abundance estimates
[2021-04-27 20:58:37.370] [jointLog] [warning] Feature has no GFF ID
[2021-04-27 20:58:37.370] [jointLog] [warning] Feature has no GFF ID
[2021-04-27 20:58:37.370] [jointLog] [warning] Feature has no GFF ID
[2021-04-27 20:58:37.370] [jointLog] [warning] Feature has no GFF ID
[2021-04-27 20:58:37.370] [jointLog] [warning] Feature has no GFF ID
[2021-04-27 20:58:37.370] [jointLog] [warning] Feature has no GFF ID
[2021-04-27 20:58:37.370] [jointLog] [warning] Feature has no GFF ID
[2021-04-27 20:58:37.370] [jointLog] [warning] Feature has no GFF ID
[2021-04-27 20:58:37.370] [jointLog] [warning] Feature has no GFF ID
[2021-04-27 20:58:37.370] [jointLog] [warning] Feature has no GFF ID
[2021-04-27 20:58:37.370] [jointLog] [warning] Feature has no GFF ID
[2021-04-27 20:58:37.370] [jointLog] [warning] Feature has no GFF ID
[2021-04-27 20:58:37.370] [jointLog] [warning] Feature has no GFF ID
[2021-04-27 20:58:37.370] [jointLog] [warning] Feature has no GFF ID
[2021-04-27 20:58:37.370] [jointLog] [warning] Feature has no GFF ID
[2021-04-27 20:58:37.370] [jointLog] [warning] Feature has no GFF ID
[2021-04-27 20:58:37.370] [jointLog] [warning] Feature has no GFF ID
[2021-04-27 20:58:37.370] [jointLog] [warning] Feature has no GFF ID
[2021-04-27 20:58:37.370] [jointLog] [warning] Feature has no GFF ID
[2021-04-27 20:58:37.370] [jointLog] [warning] Feature has no GFF ID
[2021-04-27 20:58:37.370] [jointLog] [warning] Feature has no GFF ID
[2021-04-27 20:58:37.371] [jointLog] [warning] Feature has no GFF ID
[2021-04-27 20:58:37.371] [jointLog] [warning] Feature has no GFF ID
[2021-04-27 20:58:37.371] [jointLog] [warning] Feature has no GFF ID
[2021-04-27 20:58:37.371] [jointLog] [warning] Feature has no GFF ID
[2021-04-27 20:58:37.371] [jointLog] [warning] Feature has no GFF ID
[2021-04-27 20:58:37.371] [jointLog] [warning] Feature has no GFF ID
[2021-04-27 20:58:37.371] [jointLog] [warning] Feature has no GFF ID
[2021-04-27 20:58:37.371] [jointLog] [warning] Feature has no GFF ID
[2021-04-27 20:58:37.371] [jointLog] [warning] Feature has no GFF ID
[2021-04-27 20:58:37.371] [jointLog] [warning] Feature has no GFF ID
[2021-04-27 20:58:37.371] [jointLog] [warning] Feature has no GFF ID
[2021-04-27 20:58:37.371] [jointLog] [warning] Feature has no GFF ID
[2021-04-27 20:58:37.371] [jointLog] [warning] Feature has no GFF ID
[2021-04-27 20:58:37.371] [jointLog] [warning] Feature has no GFF ID
[2021-04-27 20:58:37.371] [jointLog] [warning] Feature has no GFF ID
[2021-04-27 20:58:37.371] [jointLog] [warning] Feature has no GFF ID
[2021-04-27 20:58:37.371] [jointLog] [warning] Feature has no GFF ID
[2021-04-27 20:58:37.371] [jointLog] [warning] Feature has no GFF ID
[2021-04-27 20:58:37.371] [jointLog] [warning] Feature has no GFF ID
[2021-04-27 20:58:37.371] [jointLog] [warning] Feature has no GFF ID
[2021-04-27 20:58:37.371] [jointLog] [warning] Feature has no GFF ID
[2021-04-27 20:58:37.371] [jointLog] [warning] Feature has no GFF ID
[2021-04-27 20:58:37.371] [jointLog] [warning] Feature has no GFF ID
[2021-04-27 20:58:37.371] [jointLog] [warning] Feature has no GFF ID
[2021-04-27 20:58:37.371] [jointLog] [warning] Feature has no GFF ID
[2021-04-27 20:58:37.371] [jointLog] [warning] Feature has no GFF ID
[2021-04-27 20:58:37.371] [jointLog] [warning] Feature has no GFF ID
[2021-04-27 20:58:37.371] [jointLog] [warning] Feature has no GFF ID
[2021-04-27 20:58:37.371] [jointLog] [warning] Feature has no GFF ID
[2021-04-27 20:58:37.371] [jointLog] [warning] Feature has no GFF ID
[2021-04-27 20:58:37.371] [jointLog] [warning] Feature has no GFF ID
[2021-04-27 20:58:37.371] [jointLog] [warning] Feature has no GFF ID
[2021-04-27 20:58:37.371] [jointLog] [warning] Feature has no GFF ID
[2021-04-27 20:58:37.371] [jointLog] [warning] Feature has no GFF ID
[2021-04-27 20:58:37.371] [jointLog] [warning] Feature has no GFF ID
[2021-04-27 20:58:37.371] [jointLog] [warning] Feature has no GFF ID
[2021-04-27 20:58:37.371] [jointLog] [warning] Feature has no GFF ID
[2021-04-27 20:58:37.371] [jointLog] [warning] Feature has no GFF ID
[2021-04-27 20:58:37.371] [jointLog] [warning] Feature has no GFF ID
[2021-04-27 20:58:37.371] [jointLog] [warning] Feature has no GFF ID
[2021-04-27 20:58:37.371] [jointLog] [warning] Feature has no GFF ID
[2021-04-27 20:58:37.371] [jointLog] [warning] Feature has no GFF ID
[2021-04-27 20:58:37.371] [jointLog] [warning] Feature has no GFF ID
[2021-04-27 20:58:37.371] [jointLog] [warning] Feature has no GFF ID
[2021-04-27 20:58:37.371] [jointLog] [warning] Feature has no GFF ID
[2021-04-27 20:58:37.371] [jointLog] [warning] Feature has no GFF ID
[2021-04-27 20:58:37.371] [jointLog] [warning] Feature has no GFF ID
[2021-04-27 20:58:37.371] [jointLog] [warning] Feature has no GFF ID
[2021-04-27 20:58:37.371] [jointLog] [warning] Feature has no GFF ID
[2021-04-27 20:58:37.371] [jointLog] [warning] Feature has no GFF ID
[2021-04-27 20:58:37.371] [jointLog] [warning] Feature has no GFF ID
[2021-04-27 20:58:37.371] [jointLog] [warning] Feature has no GFF ID
[2021-04-27 20:58:37.371] [jointLog] [warning] Feature has no GFF ID
[2021-04-27 20:58:37.371] [jointLog] [warning] Feature has no GFF ID
[2021-04-27 20:58:37.371] [jointLog] [warning] Feature has no GFF ID
[2021-04-27 20:58:37.371] [jointLog] [warning] Feature has no GFF ID
[2021-04-27 20:58:37.371] [jointLog] [warning] Feature has no GFF ID
[2021-04-27 20:58:37.371] [jointLog] [warning] Feature has no GFF ID
[2021-04-27 20:58:37.371] [jointLog] [warning] Feature has no GFF ID
[2021-04-27 20:58:37.371] [jointLog] [warning] Feature has no GFF ID
[2021-04-27 20:58:37.371] [jointLog] [warning] Feature has no GFF ID
[2021-04-27 20:58:37.371] [jointLog] [warning] Feature has no GFF ID
[2021-04-27 20:58:37.371] [jointLog] [warning] Feature has no GFF ID
[2021-04-27 20:58:37.371] [jointLog] [warning] Feature has no GFF ID
[2021-04-27 20:58:37.371] [jointLog] [warning] Feature has no GFF ID
[2021-04-27 20:58:37.371] [jointLog] [warning] Feature has no GFF ID
[2021-04-27 20:58:37.371] [jointLog] [warning] Feature has no GFF ID
[2021-04-27 20:58:37.371] [jointLog] [warning] Feature has no GFF ID
[2021-04-27 20:58:37.371] [jointLog] [warning] Feature has no GFF ID
[2021-04-27 20:58:37.371] [jointLog] [warning] Feature has no GFF ID
[2021-04-27 20:58:37.371] [jointLog] [warning] Feature has no GFF ID
[2021-04-27 20:58:37.635] [jointLog] [info] There were 142604 transcripts mapping to 55401 genes
[2021-04-27 20:58:37.635] [jointLog] [info] NOTE: We recommend using tximport (https://bioconductor.org/packages/release/bioc/html/tximport.html) for aggregating transcript-level salmon abundance estimates to the gene level.  It is more versatile, exposes more features, and allows considering multi-sample information during aggregation.
[2021-04-27 20:58:37.859] [jointLog] [warning] couldn't find transcript named [DQ459430] in transcript <-> gene map; returning transcript as it's own gene
[2021-04-27 20:58:37.859] [jointLog] [warning] couldn't find transcript named [DQ516784] in transcript <-> gene map; returning transcript as it's own gene
[2021-04-27 20:58:37.859] [jointLog] [warning] couldn't find transcript named [DQ516752] in transcript <-> gene map; returning transcript as it's own gene
[2021-04-27 20:58:37.859] [jointLog] [warning] couldn't find transcript named [DQ668364] in transcript <-> gene map; returning transcript as it's own gene
[2021-04-27 20:58:37.859] [jointLog] [warning] couldn't find transcript named [DQ883670] in transcript <-> gene map; returning transcript as it's own gene
[2021-04-27 20:58:37.859] [jointLog] [warning] couldn't find transcript named [EF011062] in transcript <-> gene map; returning transcript as it's own gene
[2021-04-27 20:58:37.859] [jointLog] [warning] couldn't find transcript named [DQ875385] in transcript <-> gene map; returning transcript as it's own gene
[2021-04-27 20:58:37.859] [jointLog] [warning] couldn't find transcript named [DQ883664] in transcript <-> gene map; returning transcript as it's own gene
[2021-04-27 20:58:37.859] [jointLog] [warning] couldn't find transcript named [DQ459420] in transcript <-> gene map; returning transcript as it's own gene
[2021-04-27 20:58:37.859] [jointLog] [warning] couldn't find transcript named [DQ883651] in transcript <-> gene map; returning transcript as it's own gene
[2021-04-27 20:58:37.859] [jointLog] [warning] couldn't find transcript named [DQ855004] in transcript <-> gene map; returning transcript as it's own gene
[2021-04-27 20:58:37.859] [jointLog] [warning] couldn't find transcript named [DQ854993] in transcript <-> gene map; returning transcript as it's own gene
[2021-04-27 20:58:37.859] [jointLog] [warning] couldn't find transcript named [DQ883689] in transcript <-> gene map; returning transcript as it's own gene
[2021-04-27 20:58:37.859] [jointLog] [warning] couldn't find transcript named [DQ459419] in transcript <-> gene map; returning transcript as it's own gene
[2021-04-27 20:58:37.859] [jointLog] [warning] couldn't find transcript named [DQ459431] in transcript <-> gene map; returning transcript as it's own gene
[2021-04-27 20:58:37.859] [jointLog] [warning] couldn't find transcript named [DQ516796] in transcript <-> gene map; returning transcript as it's own gene
[2021-04-27 20:58:37.859] [jointLog] [warning] couldn't find transcript named [DQ855001] in transcript <-> gene map; returning transcript as it's own gene
[2021-04-27 20:58:37.859] [jointLog] [warning] couldn't find transcript named [DQ459413] in transcript <-> gene map; returning transcript as it's own gene
[2021-04-27 20:58:37.859] [jointLog] [warning] couldn't find transcript named [DQ883656] in transcript <-> gene map; returning transcript as it's own gene
[2021-04-27 20:58:37.859] [jointLog] [warning] couldn't find transcript named [DQ883661] in transcript <-> gene map; returning transcript as it's own gene
[2021-04-27 20:58:37.859] [jointLog] [warning] couldn't find transcript named [EF011069] in transcript <-> gene map; returning transcript as it's own gene
[2021-04-27 20:58:37.859] [jointLog] [warning] couldn't find transcript named [DQ516783] in transcript <-> gene map; returning transcript as it's own gene
[2021-04-27 20:58:37.859] [jointLog] [warning] couldn't find transcript named [DQ516787] in transcript <-> gene map; returning transcript as it's own gene
[2021-04-27 20:58:37.859] [jointLog] [warning] couldn't find transcript named [DQ459424] in transcript <-> gene map; returning transcript as it's own gene
[2021-04-27 20:58:37.859] [jointLog] [warning] couldn't find transcript named [DQ516748] in transcript <-> gene map; returning transcript as it's own gene
[2021-04-27 20:58:37.859] [jointLog] [warning] couldn't find transcript named [DQ883671] in transcript <-> gene map; returning transcript as it's own gene
[2021-04-27 20:58:37.859] [jointLog] [warning] couldn't find transcript named [DQ516740] in transcript <-> gene map; returning transcript as it's own gene
[2021-04-27 20:58:37.859] [jointLog] [warning] couldn't find transcript named [DQ516785] in transcript <-> gene map; returning transcript as it's own gene
[2021-04-27 20:58:37.859] [jointLog] [warning] couldn't find transcript named [DQ516731] in transcript <-> gene map; returning transcript as it's own gene
[2021-04-27 20:58:37.859] [jointLog] [warning] couldn't find transcript named [DQ668366] in transcript <-> gene map; returning transcript as it's own gene
[2021-04-27 20:58:37.859] [jointLog] [warning] couldn't find transcript named [DQ459418] in transcript <-> gene map; returning transcript as it's own gene
[2021-04-27 20:58:37.859] [jointLog] [warning] couldn't find transcript named [DQ668356] in transcript <-> gene map; returning transcript as it's own gene
[2021-04-27 20:58:37.859] [jointLog] [warning] couldn't find transcript named [DQ516763] in transcript <-> gene map; returning transcript as it's own gene
[2021-04-27 20:58:37.859] [jointLog] [warning] couldn't find transcript named [DQ459426] in transcript <-> gene map; returning transcript as it's own gene
[2021-04-27 20:58:37.859] [jointLog] [warning] couldn't find transcript named [DQ516786] in transcript <-> gene map; returning transcript as it's own gene
[2021-04-27 20:58:37.859] [jointLog] [warning] couldn't find transcript named [DQ883653] in transcript <-> gene map; returning transcript as it's own gene
[2021-04-27 20:58:37.859] [jointLog] [warning] couldn't find transcript named [DQ459421] in transcript <-> gene map; returning transcript as it's own gene
[2021-04-27 20:58:37.859] [jointLog] [warning] couldn't find transcript named [DQ883654] in transcript <-> gene map; returning transcript as it's own gene
[2021-04-27 20:58:37.859] [jointLog] [warning] couldn't find transcript named [DQ668358] in transcript <-> gene map; returning transcript as it's own gene
[2021-04-27 20:58:37.859] [jointLog] [warning] couldn't find transcript named [DQ516754] in transcript <-> gene map; returning transcript as it's own gene
[2021-04-27 20:58:37.859] [jointLog] [warning] couldn't find transcript named [DQ516778] in transcript <-> gene map; returning transcript as it's own gene
[2021-04-27 20:58:37.859] [jointLog] [warning] couldn't find transcript named [DQ883650] in transcript <-> gene map; returning transcript as it's own gene
[2021-04-27 20:58:37.859] [jointLog] [warning] couldn't find transcript named [DQ516742] in transcript <-> gene map; returning transcript as it's own gene
[2021-04-27 20:58:37.859] [jointLog] [warning] couldn't find transcript named [DQ883673] in transcript <-> gene map; returning transcript as it's own gene
[2021-04-27 20:58:37.859] [jointLog] [warning] couldn't find transcript named [DQ883652] in transcript <-> gene map; returning transcript as it's own gene
[2021-04-27 20:58:37.859] [jointLog] [warning] couldn't find transcript named [DQ854991] in transcript <-> gene map; returning transcript as it's own gene
[2021-04-27 20:58:37.859] [jointLog] [warning] couldn't find transcript named [DQ516780] in transcript <-> gene map; returning transcript as it's own gene
[2021-04-27 20:58:37.859] [jointLog] [warning] couldn't find transcript named [DQ883682] in transcript <-> gene map; returning transcript as it's own gene
[2021-04-27 20:58:37.859] [jointLog] [warning] couldn't find transcript named [DQ883669] in transcript <-> gene map; returning transcript as it's own gene
[2021-04-27 20:58:37.859] [jointLog] [warning] couldn't find transcript named [DQ516791] in transcript <-> gene map; returning transcript as it's own gene
[2021-04-27 20:58:37.859] [jointLog] [warning] couldn't find transcript named [DQ459425] in transcript <-> gene map; returning transcript as it's own gene
[2021-04-27 20:58:37.859] [jointLog] [warning] couldn't find transcript named [DQ516759] in transcript <-> gene map; returning transcript as it's own gene
[2021-04-27 20:58:37.859] [jointLog] [warning] couldn't find transcript named [DQ459429] in transcript <-> gene map; returning transcript as it's own gene
[2021-04-27 20:58:37.859] [jointLog] [warning] couldn't find transcript named [DQ516758] in transcript <-> gene map; returning transcript as it's own gene
[2021-04-27 20:58:37.859] [jointLog] [warning] couldn't find transcript named [DQ459415] in transcript <-> gene map; returning transcript as it's own gene
[2021-04-27 20:58:37.859] [jointLog] [warning] couldn't find transcript named [DQ875387] in transcript <-> gene map; returning transcript as it's own gene
[2021-04-27 20:58:37.859] [jointLog] [warning] couldn't find transcript named [DQ516815] in transcript <-> gene map; returning transcript as it's own gene
[2021-04-27 20:58:37.859] [jointLog] [warning] couldn't find transcript named [DQ668365] in transcript <-> gene map; returning transcript as it's own gene
[2021-04-27 20:58:37.859] [jointLog] [warning] couldn't find transcript named [DQ854998] in transcript <-> gene map; returning transcript as it's own gene
[2021-04-27 20:58:37.859] [jointLog] [warning] couldn't find transcript named [DQ883685] in transcript <-> gene map; returning transcript as it's own gene
[2021-04-27 20:58:37.859] [jointLog] [warning] couldn't find transcript named [DQ459422] in transcript <-> gene map; returning transcript as it's own gene
[2021-04-27 20:58:37.859] [jointLog] [warning] couldn't find transcript named [DQ883663] in transcript <-> gene map; returning transcript as it's own gene
[2021-04-27 20:58:37.859] [jointLog] [warning] couldn't find transcript named [DQ668367] in transcript <-> gene map; returning transcript as it's own gene
[2021-04-27 20:58:37.859] [jointLog] [warning] couldn't find transcript named [DQ459412] in transcript <-> gene map; returning transcript as it's own gene
[2021-04-27 20:58:37.859] [jointLog] [warning] couldn't find transcript named [DQ854992] in transcript <-> gene map; returning transcript as it's own gene
[2021-04-27 20:58:37.859] [jointLog] [warning] couldn't find transcript named [DQ516782] in transcript <-> gene map; returning transcript as it's own gene
[2021-04-27 20:58:37.859] [jointLog] [warning] couldn't find transcript named [DQ459427] in transcript <-> gene map; returning transcript as it's own gene
[2021-04-27 20:58:37.859] [jointLog] [warning] couldn't find transcript named [EF011072] in transcript <-> gene map; returning transcript as it's own gene
[2021-04-27 20:58:37.859] [jointLog] [warning] couldn't find transcript named [DQ855003] in transcript <-> gene map; returning transcript as it's own gene
[2021-04-27 20:58:37.859] [jointLog] [warning] couldn't find transcript named [DQ516739] in transcript <-> gene map; returning transcript as it's own gene
[2021-04-27 20:58:37.859] [jointLog] [warning] couldn't find transcript named [EF011063] in transcript <-> gene map; returning transcript as it's own gene
[2021-04-27 20:58:37.859] [jointLog] [warning] couldn't find transcript named [DQ855000] in transcript <-> gene map; returning transcript as it's own gene
[2021-04-27 20:58:37.859] [jointLog] [warning] couldn't find transcript named [DQ516777] in transcript <-> gene map; returning transcript as it's own gene
[2021-04-27 20:58:37.859] [jointLog] [warning] couldn't find transcript named [DQ883646] in transcript <-> gene map; returning transcript as it's own gene
[2021-04-27 20:58:37.859] [jointLog] [warning] couldn't find transcript named [DQ668362] in transcript <-> gene map; returning transcript as it's own gene
[2021-04-27 20:58:37.859] [jointLog] [warning] couldn't find transcript named [DQ854995] in transcript <-> gene map; returning transcript as it's own gene
[2021-04-27 20:58:37.859] [jointLog] [warning] couldn't find transcript named [DQ875386] in transcript <-> gene map; returning transcript as it's own gene
[2021-04-27 20:58:37.859] [jointLog] [warning] couldn't find transcript named [DQ516790] in transcript <-> gene map; returning transcript as it's own gene
[2021-04-27 20:58:37.859] [jointLog] [warning] couldn't find transcript named [DQ883642] in transcript <-> gene map; returning transcript as it's own gene
[2021-04-27 20:58:37.859] [jointLog] [warning] couldn't find transcript named [DQ883659] in transcript <-> gene map; returning transcript as it's own gene
[2021-04-27 20:58:37.859] [jointLog] [warning] couldn't find transcript named [DQ854997] in transcript <-> gene map; returning transcript as it's own gene
[2021-04-27 20:58:37.859] [jointLog] [warning] couldn't find transcript named [DQ883643] in transcript <-> gene map; returning transcript as it's own gene
[2021-04-27 20:58:37.859] [jointLog] [warning] couldn't find transcript named [DQ839618] in transcript <-> gene map; returning transcript as it's own gene
[2021-04-27 20:58:37.859] [jointLog] [warning] couldn't find transcript named [DQ516795] in transcript <-> gene map; returning transcript as it's own gene
[2021-04-27 20:58:37.859] [jointLog] [warning] couldn't find transcript named [DQ883658] in transcript <-> gene map; returning transcript as it's own gene
[2021-04-27 20:58:37.859] [jointLog] [warning] couldn't find transcript named [DQ516750] in transcript <-> gene map; returning transcript as it's own gene
[2021-04-27 20:58:37.859] [jointLog] [warning] couldn't find transcript named [DQ668359] in transcript <-> gene map; returning transcript as it's own gene
[2021-04-27 20:58:37.859] [jointLog] [warning] couldn't find transcript named [DQ516779] in transcript <-> gene map; returning transcript as it's own gene
[2021-04-27 20:58:37.859] [jointLog] [warning] couldn't find transcript named [DQ668363] in transcript <-> gene map; returning transcript as it's own gene
[2021-04-27 20:58:37.859] [jointLog] [warning] couldn't find transcript named [DQ516776] in transcript <-> gene map; returning transcript as it's own gene
[2021-04-27 20:58:37.859] [jointLog] [warning] couldn't find transcript named [DQ516773] in transcript <-> gene map; returning transcript as it's own gene
[2021-04-27 20:58:37.859] [jointLog] [warning] couldn't find transcript named [DQ854994] in transcript <-> gene map; returning transcript as it's own gene
[2021-04-27 20:58:37.859] [jointLog] [info] Aggregating expressions to gene level
[2021-04-27 20:58:38.100] [jointLog] [info] done
