[2021-05-26 11:53:12.182] [jointLog] [info] setting maxHashResizeThreads to 6
[2021-05-26 11:53:12.182] [jointLog] [info] Fragment incompatibility prior below threshold.  Incompatible fragments will be ignored.
[2021-05-26 11:53:12.183] [jointLog] [info] numQuantThreads = 3
[2021-05-26 11:53:16.343] [jointLog] [info] replaced 4 non-ACGT nucleotides with random nucleotides
[2021-05-26 11:53:16.593] [fileLog] [info] quantification processed 0 fragments so far

[2021-05-26 11:53:20.912] [fileLog] [info] quantification processed 1000000 fragments so far

[2021-05-26 11:53:23.932] [fileLog] [info] quantification processed 2000000 fragments so far

[2021-05-26 11:53:25.613] [jointLog] [info] 

The alignment group queue pool has been exhausted.  3128342 extra fragments were allocated on the heap to saturate the pool.  No new fragments will be allocated


[2021-05-26 11:53:32.005] [fileLog] [info] quantification processed 3000000 fragments so far

[2021-05-26 11:53:50.460] [fileLog] [info] quantification processed 4000000 fragments so far

[2021-05-26 11:54:05.792] [fileLog] [info] quantification processed 5000000 fragments so far

[2021-05-26 11:54:21.412] [fileLog] [info] quantification processed 6000000 fragments so far

[2021-05-26 11:54:35.373] [fileLog] [info] quantification processed 7000000 fragments so far

[2021-05-26 11:54:38.783] [fileLog] [info] quantification processed 8000000 fragments so far

[2021-05-26 11:54:42.169] [fileLog] [info] quantification processed 9000000 fragments so far

[2021-05-26 11:54:45.380] [fileLog] [info] quantification processed 10000000 fragments so far

[2021-05-26 11:54:48.727] [fileLog] [info] quantification processed 11000000 fragments so far

[2021-05-26 11:54:52.190] [fileLog] [info] quantification processed 12000000 fragments so far

[2021-05-26 11:54:55.640] [fileLog] [info] quantification processed 13000000 fragments so far

[2021-05-26 11:54:59.213] [fileLog] [info] quantification processed 14000000 fragments so far

[2021-05-26 11:55:02.927] [fileLog] [info] quantification processed 15000000 fragments so far

[2021-05-26 11:55:06.388] [fileLog] [info] quantification processed 16000000 fragments so far

[2021-05-26 11:55:10.128] [fileLog] [info] quantification processed 17000000 fragments so far

[2021-05-26 11:55:13.419] [fileLog] [info] quantification processed 18000000 fragments so far

[2021-05-26 11:55:16.868] [fileLog] [info] quantification processed 19000000 fragments so far

[2021-05-26 11:55:20.354] [fileLog] [info] quantification processed 20000000 fragments so far

[2021-05-26 11:55:24.159] [fileLog] [info] quantification processed 21000000 fragments so far

[2021-05-26 11:55:27.425] [fileLog] [info] quantification processed 22000000 fragments so far

[2021-05-26 11:55:30.946] [fileLog] [info] quantification processed 23000000 fragments so far

[2021-05-26 11:55:34.316] [fileLog] [info] quantification processed 24000000 fragments so far

[2021-05-26 11:55:38.029] [fileLog] [info] quantification processed 25000000 fragments so far

[2021-05-26 11:55:41.591] [fileLog] [info] quantification processed 26000000 fragments so far

[2021-05-26 11:55:45.497] [fileLog] [info] quantification processed 27000000 fragments so far

[2021-05-26 11:55:48.721] [fileLog] [info] quantification processed 28000000 fragments so far

[2021-05-26 11:55:52.431] [fileLog] [info] quantification processed 29000000 fragments so far

[2021-05-26 11:55:55.960] [fileLog] [info] quantification processed 30000000 fragments so far

[2021-05-26 11:56:00.074] [fileLog] [info] quantification processed 31000000 fragments so far

[2021-05-26 11:56:02.008] [fileLog] [info] quantification processed 31473429 fragments so far

[2021-05-26 11:56:08.163] [jointLog] [info] Thread saw mini-batch with a maximum of 7.20% zero probability fragments
[2021-05-26 11:56:08.165] [jointLog] [info] Thread saw mini-batch with a maximum of 6.40% zero probability fragments
[2021-05-26 11:56:08.166] [jointLog] [info] Thread saw mini-batch with a maximum of 7.30% zero probability fragments
[2021-05-26 11:56:08.167] [jointLog] [info] 


Completed first pass through the alignment file.
Total # of mapped reads : 31473429
# of uniquely mapped reads : 12598236
# ambiguously mapped reads : 18875193



[2021-05-26 11:56:08.293] [jointLog] [info] Computed 148221 rich equivalence classes for further processing
[2021-05-26 11:56:08.293] [jointLog] [info] Counted 31316423 total reads in the equivalence classes 
[2021-05-26 11:56:08.295] [jointLog] [info] starting optimizer
[2021-05-26 11:56:08.404] [jointLog] [info] Marked 0 weighted equivalence classes as degenerate
[2021-05-26 11:56:08.422] [jointLog] [info] iteration = 0 | max rel diff. = 8062.15
[2021-05-26 11:56:09.772] [jointLog] [info] iteration = 100 | max rel diff. = 12.6059
[2021-05-26 11:56:11.039] [jointLog] [info] iteration = 200 | max rel diff. = 13.8906
[2021-05-26 11:56:12.317] [jointLog] [info] iteration = 300 | max rel diff. = 10.1224
[2021-05-26 11:56:13.591] [jointLog] [info] iteration = 400 | max rel diff. = 17.1818
[2021-05-26 11:56:14.869] [jointLog] [info] iteration = 500 | max rel diff. = 0.211667
[2021-05-26 11:56:16.134] [jointLog] [info] iteration = 600 | max rel diff. = 0.662055
[2021-05-26 11:56:17.395] [jointLog] [info] iteration = 700 | max rel diff. = 6.36608
[2021-05-26 11:56:18.674] [jointLog] [info] iteration = 800 | max rel diff. = 0.240489
[2021-05-26 11:56:19.947] [jointLog] [info] iteration = 900 | max rel diff. = 1.25757
[2021-05-26 11:56:21.220] [jointLog] [info] iteration = 1000 | max rel diff. = 0.650396
[2021-05-26 11:56:22.512] [jointLog] [info] iteration = 1100 | max rel diff. = 0.157492
[2021-05-26 11:56:23.785] [jointLog] [info] iteration = 1200 | max rel diff. = 0.141648
[2021-05-26 11:56:25.082] [jointLog] [info] iteration = 1300 | max rel diff. = 0.0358207
[2021-05-26 11:56:26.345] [jointLog] [info] iteration = 1400 | max rel diff. = 5.07609
[2021-05-26 11:56:27.606] [jointLog] [info] iteration = 1500 | max rel diff. = 0.461756
[2021-05-26 11:56:28.879] [jointLog] [info] iteration = 1600 | max rel diff. = 0.0414376
[2021-05-26 11:56:30.175] [jointLog] [info] iteration = 1700 | max rel diff. = 0.0265238
[2021-05-26 11:56:31.455] [jointLog] [info] iteration = 1800 | max rel diff. = 0.218052
[2021-05-26 11:56:32.735] [jointLog] [info] iteration = 1900 | max rel diff. = 0.0479888
[2021-05-26 11:56:34.006] [jointLog] [info] iteration = 2000 | max rel diff. = 0.0956019
[2021-05-26 11:56:35.298] [jointLog] [info] iteration = 2100 | max rel diff. = 0.0597272
[2021-05-26 11:56:36.595] [jointLog] [info] iteration = 2200 | max rel diff. = 0.164993
[2021-05-26 11:56:37.884] [jointLog] [info] iteration = 2300 | max rel diff. = 0.0442143
[2021-05-26 11:56:38.884] [jointLog] [info] iteration = 2379 | max rel diff. = 0.00846063
[2021-05-26 11:56:38.918] [jointLog] [info] finished optimizer
[2021-05-26 11:56:38.918] [jointLog] [info] writing output
[2021-05-26 11:56:40.468] [jointLog] [info] Computing gene-level abundance estimates
[2021-05-26 11:57:05.917] [jointLog] [warning] Feature has no GFF ID
[2021-05-26 11:57:05.917] [jointLog] [warning] Feature has no GFF ID
[2021-05-26 11:57:05.917] [jointLog] [warning] Feature has no GFF ID
[2021-05-26 11:57:05.917] [jointLog] [warning] Feature has no GFF ID
[2021-05-26 11:57:05.917] [jointLog] [warning] Feature has no GFF ID
[2021-05-26 11:57:05.917] [jointLog] [warning] Feature has no GFF ID
[2021-05-26 11:57:05.917] [jointLog] [warning] Feature has no GFF ID
[2021-05-26 11:57:05.917] [jointLog] [warning] Feature has no GFF ID
[2021-05-26 11:57:05.917] [jointLog] [warning] Feature has no GFF ID
[2021-05-26 11:57:05.917] [jointLog] [warning] Feature has no GFF ID
[2021-05-26 11:57:05.917] [jointLog] [warning] Feature has no GFF ID
[2021-05-26 11:57:05.917] [jointLog] [warning] Feature has no GFF ID
[2021-05-26 11:57:05.917] [jointLog] [warning] Feature has no GFF ID
[2021-05-26 11:57:05.917] [jointLog] [warning] Feature has no GFF ID
[2021-05-26 11:57:05.917] [jointLog] [warning] Feature has no GFF ID
[2021-05-26 11:57:05.917] [jointLog] [warning] Feature has no GFF ID
[2021-05-26 11:57:05.917] [jointLog] [warning] Feature has no GFF ID
[2021-05-26 11:57:05.917] [jointLog] [warning] Feature has no GFF ID
[2021-05-26 11:57:05.917] [jointLog] [warning] Feature has no GFF ID
[2021-05-26 11:57:05.917] [jointLog] [warning] Feature has no GFF ID
[2021-05-26 11:57:05.917] [jointLog] [warning] Feature has no GFF ID
[2021-05-26 11:57:05.917] [jointLog] [warning] Feature has no GFF ID
[2021-05-26 11:57:05.917] [jointLog] [warning] Feature has no GFF ID
[2021-05-26 11:57:05.917] [jointLog] [warning] Feature has no GFF ID
[2021-05-26 11:57:05.917] [jointLog] [warning] Feature has no GFF ID
[2021-05-26 11:57:05.917] [jointLog] [warning] Feature has no GFF ID
[2021-05-26 11:57:05.917] [jointLog] [warning] Feature has no GFF ID
[2021-05-26 11:57:05.917] [jointLog] [warning] Feature has no GFF ID
[2021-05-26 11:57:05.917] [jointLog] [warning] Feature has no GFF ID
[2021-05-26 11:57:05.917] [jointLog] [warning] Feature has no GFF ID
[2021-05-26 11:57:05.917] [jointLog] [warning] Feature has no GFF ID
[2021-05-26 11:57:05.917] [jointLog] [warning] Feature has no GFF ID
[2021-05-26 11:57:05.917] [jointLog] [warning] Feature has no GFF ID
[2021-05-26 11:57:05.917] [jointLog] [warning] Feature has no GFF ID
[2021-05-26 11:57:05.917] [jointLog] [warning] Feature has no GFF ID
[2021-05-26 11:57:05.917] [jointLog] [warning] Feature has no GFF ID
[2021-05-26 11:57:05.917] [jointLog] [warning] Feature has no GFF ID
[2021-05-26 11:57:05.917] [jointLog] [warning] Feature has no GFF ID
[2021-05-26 11:57:05.917] [jointLog] [warning] Feature has no GFF ID
[2021-05-26 11:57:05.917] [jointLog] [warning] Feature has no GFF ID
[2021-05-26 11:57:05.917] [jointLog] [warning] Feature has no GFF ID
[2021-05-26 11:57:05.917] [jointLog] [warning] Feature has no GFF ID
[2021-05-26 11:57:05.917] [jointLog] [warning] Feature has no GFF ID
[2021-05-26 11:57:05.917] [jointLog] [warning] Feature has no GFF ID
[2021-05-26 11:57:05.917] [jointLog] [warning] Feature has no GFF ID
[2021-05-26 11:57:05.917] [jointLog] [warning] Feature has no GFF ID
[2021-05-26 11:57:05.917] [jointLog] [warning] Feature has no GFF ID
[2021-05-26 11:57:05.917] [jointLog] [warning] Feature has no GFF ID
[2021-05-26 11:57:05.917] [jointLog] [warning] Feature has no GFF ID
[2021-05-26 11:57:05.917] [jointLog] [warning] Feature has no GFF ID
[2021-05-26 11:57:05.917] [jointLog] [warning] Feature has no GFF ID
[2021-05-26 11:57:05.917] [jointLog] [warning] Feature has no GFF ID
[2021-05-26 11:57:05.917] [jointLog] [warning] Feature has no GFF ID
[2021-05-26 11:57:05.917] [jointLog] [warning] Feature has no GFF ID
[2021-05-26 11:57:05.917] [jointLog] [warning] Feature has no GFF ID
[2021-05-26 11:57:05.917] [jointLog] [warning] Feature has no GFF ID
[2021-05-26 11:57:05.917] [jointLog] [warning] Feature has no GFF ID
[2021-05-26 11:57:05.917] [jointLog] [warning] Feature has no GFF ID
[2021-05-26 11:57:05.917] [jointLog] [warning] Feature has no GFF ID
[2021-05-26 11:57:05.917] [jointLog] [warning] Feature has no GFF ID
[2021-05-26 11:57:05.917] [jointLog] [warning] Feature has no GFF ID
[2021-05-26 11:57:05.917] [jointLog] [warning] Feature has no GFF ID
[2021-05-26 11:57:05.917] [jointLog] [warning] Feature has no GFF ID
[2021-05-26 11:57:05.917] [jointLog] [warning] Feature has no GFF ID
[2021-05-26 11:57:05.917] [jointLog] [warning] Feature has no GFF ID
[2021-05-26 11:57:05.917] [jointLog] [warning] Feature has no GFF ID
[2021-05-26 11:57:05.917] [jointLog] [warning] Feature has no GFF ID
[2021-05-26 11:57:05.917] [jointLog] [warning] Feature has no GFF ID
[2021-05-26 11:57:05.917] [jointLog] [warning] Feature has no GFF ID
[2021-05-26 11:57:05.917] [jointLog] [warning] Feature has no GFF ID
[2021-05-26 11:57:05.917] [jointLog] [warning] Feature has no GFF ID
[2021-05-26 11:57:05.917] [jointLog] [warning] Feature has no GFF ID
[2021-05-26 11:57:05.917] [jointLog] [warning] Feature has no GFF ID
[2021-05-26 11:57:05.917] [jointLog] [warning] Feature has no GFF ID
[2021-05-26 11:57:05.917] [jointLog] [warning] Feature has no GFF ID
[2021-05-26 11:57:05.917] [jointLog] [warning] Feature has no GFF ID
[2021-05-26 11:57:05.917] [jointLog] [warning] Feature has no GFF ID
[2021-05-26 11:57:05.917] [jointLog] [warning] Feature has no GFF ID
[2021-05-26 11:57:05.917] [jointLog] [warning] Feature has no GFF ID
[2021-05-26 11:57:05.917] [jointLog] [warning] Feature has no GFF ID
[2021-05-26 11:57:05.917] [jointLog] [warning] Feature has no GFF ID
[2021-05-26 11:57:05.917] [jointLog] [warning] Feature has no GFF ID
[2021-05-26 11:57:05.917] [jointLog] [warning] Feature has no GFF ID
[2021-05-26 11:57:05.917] [jointLog] [warning] Feature has no GFF ID
[2021-05-26 11:57:05.917] [jointLog] [warning] Feature has no GFF ID
[2021-05-26 11:57:05.917] [jointLog] [warning] Feature has no GFF ID
[2021-05-26 11:57:05.917] [jointLog] [warning] Feature has no GFF ID
[2021-05-26 11:57:05.917] [jointLog] [warning] Feature has no GFF ID
[2021-05-26 11:57:05.917] [jointLog] [warning] Feature has no GFF ID
[2021-05-26 11:57:05.917] [jointLog] [warning] Feature has no GFF ID
[2021-05-26 11:57:05.917] [jointLog] [warning] Feature has no GFF ID
[2021-05-26 11:57:05.917] [jointLog] [warning] Feature has no GFF ID
[2021-05-26 11:57:06.219] [jointLog] [info] There were 142604 transcripts mapping to 55401 genes
[2021-05-26 11:57:06.219] [jointLog] [info] NOTE: We recommend using tximport (https://bioconductor.org/packages/release/bioc/html/tximport.html) for aggregating transcript-level salmon abundance estimates to the gene level.  It is more versatile, exposes more features, and allows considering multi-sample information during aggregation.
[2021-05-26 11:57:06.477] [jointLog] [warning] couldn't find transcript named [DQ459430] in transcript <-> gene map; returning transcript as it's own gene
[2021-05-26 11:57:06.477] [jointLog] [warning] couldn't find transcript named [DQ516784] in transcript <-> gene map; returning transcript as it's own gene
[2021-05-26 11:57:06.477] [jointLog] [warning] couldn't find transcript named [DQ516752] in transcript <-> gene map; returning transcript as it's own gene
[2021-05-26 11:57:06.477] [jointLog] [warning] couldn't find transcript named [DQ668364] in transcript <-> gene map; returning transcript as it's own gene
[2021-05-26 11:57:06.477] [jointLog] [warning] couldn't find transcript named [DQ883670] in transcript <-> gene map; returning transcript as it's own gene
[2021-05-26 11:57:06.477] [jointLog] [warning] couldn't find transcript named [EF011062] in transcript <-> gene map; returning transcript as it's own gene
[2021-05-26 11:57:06.477] [jointLog] [warning] couldn't find transcript named [DQ875385] in transcript <-> gene map; returning transcript as it's own gene
[2021-05-26 11:57:06.477] [jointLog] [warning] couldn't find transcript named [DQ883664] in transcript <-> gene map; returning transcript as it's own gene
[2021-05-26 11:57:06.477] [jointLog] [warning] couldn't find transcript named [DQ459420] in transcript <-> gene map; returning transcript as it's own gene
[2021-05-26 11:57:06.477] [jointLog] [warning] couldn't find transcript named [DQ883651] in transcript <-> gene map; returning transcript as it's own gene
[2021-05-26 11:57:06.477] [jointLog] [warning] couldn't find transcript named [DQ855004] in transcript <-> gene map; returning transcript as it's own gene
[2021-05-26 11:57:06.477] [jointLog] [warning] couldn't find transcript named [DQ854993] in transcript <-> gene map; returning transcript as it's own gene
[2021-05-26 11:57:06.477] [jointLog] [warning] couldn't find transcript named [DQ883689] in transcript <-> gene map; returning transcript as it's own gene
[2021-05-26 11:57:06.477] [jointLog] [warning] couldn't find transcript named [DQ459419] in transcript <-> gene map; returning transcript as it's own gene
[2021-05-26 11:57:06.477] [jointLog] [warning] couldn't find transcript named [DQ459431] in transcript <-> gene map; returning transcript as it's own gene
[2021-05-26 11:57:06.477] [jointLog] [warning] couldn't find transcript named [DQ516796] in transcript <-> gene map; returning transcript as it's own gene
[2021-05-26 11:57:06.477] [jointLog] [warning] couldn't find transcript named [DQ855001] in transcript <-> gene map; returning transcript as it's own gene
[2021-05-26 11:57:06.477] [jointLog] [warning] couldn't find transcript named [DQ459413] in transcript <-> gene map; returning transcript as it's own gene
[2021-05-26 11:57:06.477] [jointLog] [warning] couldn't find transcript named [DQ883656] in transcript <-> gene map; returning transcript as it's own gene
[2021-05-26 11:57:06.477] [jointLog] [warning] couldn't find transcript named [DQ883661] in transcript <-> gene map; returning transcript as it's own gene
[2021-05-26 11:57:06.477] [jointLog] [warning] couldn't find transcript named [EF011069] in transcript <-> gene map; returning transcript as it's own gene
[2021-05-26 11:57:06.477] [jointLog] [warning] couldn't find transcript named [DQ516783] in transcript <-> gene map; returning transcript as it's own gene
[2021-05-26 11:57:06.477] [jointLog] [warning] couldn't find transcript named [DQ516787] in transcript <-> gene map; returning transcript as it's own gene
[2021-05-26 11:57:06.477] [jointLog] [warning] couldn't find transcript named [DQ459424] in transcript <-> gene map; returning transcript as it's own gene
[2021-05-26 11:57:06.477] [jointLog] [warning] couldn't find transcript named [DQ516748] in transcript <-> gene map; returning transcript as it's own gene
[2021-05-26 11:57:06.477] [jointLog] [warning] couldn't find transcript named [DQ883671] in transcript <-> gene map; returning transcript as it's own gene
[2021-05-26 11:57:06.477] [jointLog] [warning] couldn't find transcript named [DQ516740] in transcript <-> gene map; returning transcript as it's own gene
[2021-05-26 11:57:06.477] [jointLog] [warning] couldn't find transcript named [DQ516785] in transcript <-> gene map; returning transcript as it's own gene
[2021-05-26 11:57:06.477] [jointLog] [warning] couldn't find transcript named [DQ516731] in transcript <-> gene map; returning transcript as it's own gene
[2021-05-26 11:57:06.477] [jointLog] [warning] couldn't find transcript named [DQ668366] in transcript <-> gene map; returning transcript as it's own gene
[2021-05-26 11:57:06.477] [jointLog] [warning] couldn't find transcript named [DQ459418] in transcript <-> gene map; returning transcript as it's own gene
[2021-05-26 11:57:06.477] [jointLog] [warning] couldn't find transcript named [DQ668356] in transcript <-> gene map; returning transcript as it's own gene
[2021-05-26 11:57:06.477] [jointLog] [warning] couldn't find transcript named [DQ516763] in transcript <-> gene map; returning transcript as it's own gene
[2021-05-26 11:57:06.477] [jointLog] [warning] couldn't find transcript named [DQ459426] in transcript <-> gene map; returning transcript as it's own gene
[2021-05-26 11:57:06.477] [jointLog] [warning] couldn't find transcript named [DQ516786] in transcript <-> gene map; returning transcript as it's own gene
[2021-05-26 11:57:06.477] [jointLog] [warning] couldn't find transcript named [DQ883653] in transcript <-> gene map; returning transcript as it's own gene
[2021-05-26 11:57:06.477] [jointLog] [warning] couldn't find transcript named [DQ459421] in transcript <-> gene map; returning transcript as it's own gene
[2021-05-26 11:57:06.477] [jointLog] [warning] couldn't find transcript named [DQ883654] in transcript <-> gene map; returning transcript as it's own gene
[2021-05-26 11:57:06.477] [jointLog] [warning] couldn't find transcript named [DQ668358] in transcript <-> gene map; returning transcript as it's own gene
[2021-05-26 11:57:06.477] [jointLog] [warning] couldn't find transcript named [DQ516754] in transcript <-> gene map; returning transcript as it's own gene
[2021-05-26 11:57:06.477] [jointLog] [warning] couldn't find transcript named [DQ516778] in transcript <-> gene map; returning transcript as it's own gene
[2021-05-26 11:57:06.477] [jointLog] [warning] couldn't find transcript named [DQ883650] in transcript <-> gene map; returning transcript as it's own gene
[2021-05-26 11:57:06.477] [jointLog] [warning] couldn't find transcript named [DQ516742] in transcript <-> gene map; returning transcript as it's own gene
[2021-05-26 11:57:06.477] [jointLog] [warning] couldn't find transcript named [DQ883673] in transcript <-> gene map; returning transcript as it's own gene
[2021-05-26 11:57:06.477] [jointLog] [warning] couldn't find transcript named [DQ883652] in transcript <-> gene map; returning transcript as it's own gene
[2021-05-26 11:57:06.477] [jointLog] [warning] couldn't find transcript named [DQ854991] in transcript <-> gene map; returning transcript as it's own gene
[2021-05-26 11:57:06.477] [jointLog] [warning] couldn't find transcript named [DQ516780] in transcript <-> gene map; returning transcript as it's own gene
[2021-05-26 11:57:06.477] [jointLog] [warning] couldn't find transcript named [DQ883682] in transcript <-> gene map; returning transcript as it's own gene
[2021-05-26 11:57:06.477] [jointLog] [warning] couldn't find transcript named [DQ883669] in transcript <-> gene map; returning transcript as it's own gene
[2021-05-26 11:57:06.477] [jointLog] [warning] couldn't find transcript named [DQ516791] in transcript <-> gene map; returning transcript as it's own gene
[2021-05-26 11:57:06.477] [jointLog] [warning] couldn't find transcript named [DQ459425] in transcript <-> gene map; returning transcript as it's own gene
[2021-05-26 11:57:06.477] [jointLog] [warning] couldn't find transcript named [DQ516759] in transcript <-> gene map; returning transcript as it's own gene
[2021-05-26 11:57:06.477] [jointLog] [warning] couldn't find transcript named [DQ459429] in transcript <-> gene map; returning transcript as it's own gene
[2021-05-26 11:57:06.477] [jointLog] [warning] couldn't find transcript named [DQ516758] in transcript <-> gene map; returning transcript as it's own gene
[2021-05-26 11:57:06.477] [jointLog] [warning] couldn't find transcript named [DQ459415] in transcript <-> gene map; returning transcript as it's own gene
[2021-05-26 11:57:06.477] [jointLog] [warning] couldn't find transcript named [DQ875387] in transcript <-> gene map; returning transcript as it's own gene
[2021-05-26 11:57:06.477] [jointLog] [warning] couldn't find transcript named [DQ516815] in transcript <-> gene map; returning transcript as it's own gene
[2021-05-26 11:57:06.477] [jointLog] [warning] couldn't find transcript named [DQ668365] in transcript <-> gene map; returning transcript as it's own gene
[2021-05-26 11:57:06.477] [jointLog] [warning] couldn't find transcript named [DQ854998] in transcript <-> gene map; returning transcript as it's own gene
[2021-05-26 11:57:06.477] [jointLog] [warning] couldn't find transcript named [DQ883685] in transcript <-> gene map; returning transcript as it's own gene
[2021-05-26 11:57:06.477] [jointLog] [warning] couldn't find transcript named [DQ459422] in transcript <-> gene map; returning transcript as it's own gene
[2021-05-26 11:57:06.477] [jointLog] [warning] couldn't find transcript named [DQ883663] in transcript <-> gene map; returning transcript as it's own gene
[2021-05-26 11:57:06.477] [jointLog] [warning] couldn't find transcript named [DQ668367] in transcript <-> gene map; returning transcript as it's own gene
[2021-05-26 11:57:06.477] [jointLog] [warning] couldn't find transcript named [DQ459412] in transcript <-> gene map; returning transcript as it's own gene
[2021-05-26 11:57:06.477] [jointLog] [warning] couldn't find transcript named [DQ854992] in transcript <-> gene map; returning transcript as it's own gene
[2021-05-26 11:57:06.477] [jointLog] [warning] couldn't find transcript named [DQ516782] in transcript <-> gene map; returning transcript as it's own gene
[2021-05-26 11:57:06.477] [jointLog] [warning] couldn't find transcript named [DQ459427] in transcript <-> gene map; returning transcript as it's own gene
[2021-05-26 11:57:06.477] [jointLog] [warning] couldn't find transcript named [EF011072] in transcript <-> gene map; returning transcript as it's own gene
[2021-05-26 11:57:06.477] [jointLog] [warning] couldn't find transcript named [DQ855003] in transcript <-> gene map; returning transcript as it's own gene
[2021-05-26 11:57:06.477] [jointLog] [warning] couldn't find transcript named [DQ516739] in transcript <-> gene map; returning transcript as it's own gene
[2021-05-26 11:57:06.477] [jointLog] [warning] couldn't find transcript named [EF011063] in transcript <-> gene map; returning transcript as it's own gene
[2021-05-26 11:57:06.477] [jointLog] [warning] couldn't find transcript named [DQ855000] in transcript <-> gene map; returning transcript as it's own gene
[2021-05-26 11:57:06.477] [jointLog] [warning] couldn't find transcript named [DQ516777] in transcript <-> gene map; returning transcript as it's own gene
[2021-05-26 11:57:06.477] [jointLog] [warning] couldn't find transcript named [DQ883646] in transcript <-> gene map; returning transcript as it's own gene
[2021-05-26 11:57:06.477] [jointLog] [warning] couldn't find transcript named [DQ668362] in transcript <-> gene map; returning transcript as it's own gene
[2021-05-26 11:57:06.477] [jointLog] [warning] couldn't find transcript named [DQ854995] in transcript <-> gene map; returning transcript as it's own gene
[2021-05-26 11:57:06.477] [jointLog] [warning] couldn't find transcript named [DQ875386] in transcript <-> gene map; returning transcript as it's own gene
[2021-05-26 11:57:06.477] [jointLog] [warning] couldn't find transcript named [DQ516790] in transcript <-> gene map; returning transcript as it's own gene
[2021-05-26 11:57:06.477] [jointLog] [warning] couldn't find transcript named [DQ883642] in transcript <-> gene map; returning transcript as it's own gene
[2021-05-26 11:57:06.477] [jointLog] [warning] couldn't find transcript named [DQ883659] in transcript <-> gene map; returning transcript as it's own gene
[2021-05-26 11:57:06.477] [jointLog] [warning] couldn't find transcript named [DQ854997] in transcript <-> gene map; returning transcript as it's own gene
[2021-05-26 11:57:06.477] [jointLog] [warning] couldn't find transcript named [DQ883643] in transcript <-> gene map; returning transcript as it's own gene
[2021-05-26 11:57:06.477] [jointLog] [warning] couldn't find transcript named [DQ839618] in transcript <-> gene map; returning transcript as it's own gene
[2021-05-26 11:57:06.477] [jointLog] [warning] couldn't find transcript named [DQ516795] in transcript <-> gene map; returning transcript as it's own gene
[2021-05-26 11:57:06.477] [jointLog] [warning] couldn't find transcript named [DQ883658] in transcript <-> gene map; returning transcript as it's own gene
[2021-05-26 11:57:06.477] [jointLog] [warning] couldn't find transcript named [DQ516750] in transcript <-> gene map; returning transcript as it's own gene
[2021-05-26 11:57:06.477] [jointLog] [warning] couldn't find transcript named [DQ668359] in transcript <-> gene map; returning transcript as it's own gene
[2021-05-26 11:57:06.477] [jointLog] [warning] couldn't find transcript named [DQ516779] in transcript <-> gene map; returning transcript as it's own gene
[2021-05-26 11:57:06.477] [jointLog] [warning] couldn't find transcript named [DQ668363] in transcript <-> gene map; returning transcript as it's own gene
[2021-05-26 11:57:06.477] [jointLog] [warning] couldn't find transcript named [DQ516776] in transcript <-> gene map; returning transcript as it's own gene
[2021-05-26 11:57:06.477] [jointLog] [warning] couldn't find transcript named [DQ516773] in transcript <-> gene map; returning transcript as it's own gene
[2021-05-26 11:57:06.477] [jointLog] [warning] couldn't find transcript named [DQ854994] in transcript <-> gene map; returning transcript as it's own gene
[2021-05-26 11:57:06.477] [jointLog] [info] Aggregating expressions to gene level
[2021-05-26 11:57:06.618] [jointLog] [info] done
