[2021-04-27 20:28:42.097] [jointLog] [info] setting maxHashResizeThreads to 6
[2021-04-27 20:28:42.097] [jointLog] [info] Fragment incompatibility prior below threshold.  Incompatible fragments will be ignored.
[2021-04-27 20:28:42.098] [jointLog] [info] numQuantThreads = 3
[2021-04-27 20:28:45.158] [jointLog] [info] replaced 4 non-ACGT nucleotides with random nucleotides
[2021-04-27 20:28:45.431] [fileLog] [info] quantification processed 0 fragments so far

[2021-04-27 20:28:48.622] [fileLog] [info] quantification processed 1000000 fragments so far

[2021-04-27 20:28:51.808] [fileLog] [info] quantification processed 2000000 fragments so far

[2021-04-27 20:28:53.468] [jointLog] [info] 

The alignment group queue pool has been exhausted.  3436017 extra fragments were allocated on the heap to saturate the pool.  No new fragments will be allocated


[2021-04-27 20:28:59.934] [fileLog] [info] quantification processed 3000000 fragments so far

[2021-04-27 20:29:14.167] [fileLog] [info] quantification processed 4000000 fragments so far

[2021-04-27 20:29:28.432] [fileLog] [info] quantification processed 5000000 fragments so far

[2021-04-27 20:29:42.654] [fileLog] [info] quantification processed 6000000 fragments so far

[2021-04-27 20:29:56.916] [fileLog] [info] quantification processed 7000000 fragments so far

[2021-04-27 20:30:00.221] [fileLog] [info] quantification processed 8000000 fragments so far

[2021-04-27 20:30:03.491] [fileLog] [info] quantification processed 9000000 fragments so far

[2021-04-27 20:30:06.725] [fileLog] [info] quantification processed 10000000 fragments so far

[2021-04-27 20:30:09.872] [fileLog] [info] quantification processed 11000000 fragments so far

[2021-04-27 20:30:13.242] [fileLog] [info] quantification processed 12000000 fragments so far

[2021-04-27 20:30:16.512] [fileLog] [info] quantification processed 13000000 fragments so far

[2021-04-27 20:30:19.785] [fileLog] [info] quantification processed 14000000 fragments so far

[2021-04-27 20:30:23.055] [fileLog] [info] quantification processed 15000000 fragments so far

[2021-04-27 20:30:26.319] [fileLog] [info] quantification processed 16000000 fragments so far

[2021-04-27 20:30:29.561] [fileLog] [info] quantification processed 17000000 fragments so far

[2021-04-27 20:30:32.799] [fileLog] [info] quantification processed 18000000 fragments so far

[2021-04-27 20:30:36.049] [fileLog] [info] quantification processed 19000000 fragments so far

[2021-04-27 20:30:39.320] [fileLog] [info] quantification processed 20000000 fragments so far

[2021-04-27 20:30:42.578] [fileLog] [info] quantification processed 21000000 fragments so far

[2021-04-27 20:30:45.832] [fileLog] [info] quantification processed 22000000 fragments so far

[2021-04-27 20:30:49.030] [fileLog] [info] quantification processed 23000000 fragments so far

[2021-04-27 20:30:52.290] [fileLog] [info] quantification processed 24000000 fragments so far

[2021-04-27 20:30:55.598] [fileLog] [info] quantification processed 25000000 fragments so far

[2021-04-27 20:30:58.880] [fileLog] [info] quantification processed 26000000 fragments so far

[2021-04-27 20:31:02.127] [fileLog] [info] quantification processed 27000000 fragments so far

[2021-04-27 20:31:05.338] [fileLog] [info] quantification processed 28000000 fragments so far

[2021-04-27 20:31:08.611] [fileLog] [info] quantification processed 29000000 fragments so far

[2021-04-27 20:31:11.881] [fileLog] [info] quantification processed 30000000 fragments so far

[2021-04-27 20:31:15.139] [fileLog] [info] quantification processed 31000000 fragments so far

[2021-04-27 20:31:18.427] [fileLog] [info] quantification processed 32000000 fragments so far

[2021-04-27 20:31:21.666] [fileLog] [info] quantification processed 33000000 fragments so far

[2021-04-27 20:31:24.943] [fileLog] [info] quantification processed 34000000 fragments so far

[2021-04-27 20:31:26.322] [fileLog] [info] quantification processed 34409544 fragments so far

[2021-04-27 20:31:32.631] [jointLog] [info] Thread saw mini-batch with a maximum of 19.50% zero probability fragments
[2021-04-27 20:31:32.632] [jointLog] [info] Thread saw mini-batch with a maximum of 19.70% zero probability fragments
[2021-04-27 20:31:32.632] [jointLog] [info] Thread saw mini-batch with a maximum of 18.20% zero probability fragments
[2021-04-27 20:31:32.633] [jointLog] [info] 


Completed first pass through the alignment file.
Total # of mapped reads : 34409544
# of uniquely mapped reads : 12355928
# ambiguously mapped reads : 22053616



[2021-04-27 20:31:32.775] [jointLog] [info] Computed 220114 rich equivalence classes for further processing
[2021-04-27 20:31:32.775] [jointLog] [info] Counted 34210322 total reads in the equivalence classes 
[2021-04-27 20:31:32.777] [jointLog] [info] starting optimizer
[2021-04-27 20:31:32.875] [jointLog] [info] Marked 0 weighted equivalence classes as degenerate
[2021-04-27 20:31:32.893] [jointLog] [info] iteration = 0 | max rel diff. = 7172.54
[2021-04-27 20:31:34.390] [jointLog] [info] iteration = 100 | max rel diff. = 20.2918
[2021-04-27 20:31:35.870] [jointLog] [info] iteration = 200 | max rel diff. = 7.67139
[2021-04-27 20:31:37.340] [jointLog] [info] iteration = 300 | max rel diff. = 6.20697
[2021-04-27 20:31:38.814] [jointLog] [info] iteration = 400 | max rel diff. = 4.01215
[2021-04-27 20:31:40.282] [jointLog] [info] iteration = 500 | max rel diff. = 2.97811
[2021-04-27 20:31:41.766] [jointLog] [info] iteration = 600 | max rel diff. = 5.9209
[2021-04-27 20:31:43.245] [jointLog] [info] iteration = 700 | max rel diff. = 0.123341
[2021-04-27 20:31:44.711] [jointLog] [info] iteration = 800 | max rel diff. = 0.150445
[2021-04-27 20:31:46.181] [jointLog] [info] iteration = 900 | max rel diff. = 0.140072
[2021-04-27 20:31:47.656] [jointLog] [info] iteration = 1000 | max rel diff. = 0.1629
[2021-04-27 20:31:49.135] [jointLog] [info] iteration = 1100 | max rel diff. = 0.067717
[2021-04-27 20:31:50.608] [jointLog] [info] iteration = 1200 | max rel diff. = 0.18859
[2021-04-27 20:31:52.104] [jointLog] [info] iteration = 1300 | max rel diff. = 0.057539
[2021-04-27 20:31:53.581] [jointLog] [info] iteration = 1400 | max rel diff. = 0.0507329
[2021-04-27 20:31:55.048] [jointLog] [info] iteration = 1500 | max rel diff. = 0.187124
[2021-04-27 20:31:56.521] [jointLog] [info] iteration = 1600 | max rel diff. = 0.0259142
[2021-04-27 20:31:57.993] [jointLog] [info] iteration = 1700 | max rel diff. = 0.0714952
[2021-04-27 20:31:59.476] [jointLog] [info] iteration = 1800 | max rel diff. = 0.0169833
[2021-04-27 20:32:00.953] [jointLog] [info] iteration = 1900 | max rel diff. = 0.096366
[2021-04-27 20:32:02.435] [jointLog] [info] iteration = 2000 | max rel diff. = 0.0445828
[2021-04-27 20:32:03.909] [jointLog] [info] iteration = 2100 | max rel diff. = 0.490073
[2021-04-27 20:32:04.888] [jointLog] [info] iteration = 2167 | max rel diff. = 0.00999195
[2021-04-27 20:32:04.919] [jointLog] [info] finished optimizer
[2021-04-27 20:32:04.919] [jointLog] [info] writing output
[2021-04-27 20:32:07.178] [jointLog] [info] Computing gene-level abundance estimates
[2021-04-27 20:32:36.037] [jointLog] [warning] Feature has no GFF ID
[2021-04-27 20:32:36.037] [jointLog] [warning] Feature has no GFF ID
[2021-04-27 20:32:36.037] [jointLog] [warning] Feature has no GFF ID
[2021-04-27 20:32:36.037] [jointLog] [warning] Feature has no GFF ID
[2021-04-27 20:32:36.037] [jointLog] [warning] Feature has no GFF ID
[2021-04-27 20:32:36.037] [jointLog] [warning] Feature has no GFF ID
[2021-04-27 20:32:36.037] [jointLog] [warning] Feature has no GFF ID
[2021-04-27 20:32:36.037] [jointLog] [warning] Feature has no GFF ID
[2021-04-27 20:32:36.037] [jointLog] [warning] Feature has no GFF ID
[2021-04-27 20:32:36.037] [jointLog] [warning] Feature has no GFF ID
[2021-04-27 20:32:36.037] [jointLog] [warning] Feature has no GFF ID
[2021-04-27 20:32:36.037] [jointLog] [warning] Feature has no GFF ID
[2021-04-27 20:32:36.037] [jointLog] [warning] Feature has no GFF ID
[2021-04-27 20:32:36.037] [jointLog] [warning] Feature has no GFF ID
[2021-04-27 20:32:36.037] [jointLog] [warning] Feature has no GFF ID
[2021-04-27 20:32:36.037] [jointLog] [warning] Feature has no GFF ID
[2021-04-27 20:32:36.037] [jointLog] [warning] Feature has no GFF ID
[2021-04-27 20:32:36.037] [jointLog] [warning] Feature has no GFF ID
[2021-04-27 20:32:36.037] [jointLog] [warning] Feature has no GFF ID
[2021-04-27 20:32:36.037] [jointLog] [warning] Feature has no GFF ID
[2021-04-27 20:32:36.037] [jointLog] [warning] Feature has no GFF ID
[2021-04-27 20:32:36.037] [jointLog] [warning] Feature has no GFF ID
[2021-04-27 20:32:36.037] [jointLog] [warning] Feature has no GFF ID
[2021-04-27 20:32:36.037] [jointLog] [warning] Feature has no GFF ID
[2021-04-27 20:32:36.037] [jointLog] [warning] Feature has no GFF ID
[2021-04-27 20:32:36.037] [jointLog] [warning] Feature has no GFF ID
[2021-04-27 20:32:36.037] [jointLog] [warning] Feature has no GFF ID
[2021-04-27 20:32:36.037] [jointLog] [warning] Feature has no GFF ID
[2021-04-27 20:32:36.037] [jointLog] [warning] Feature has no GFF ID
[2021-04-27 20:32:36.037] [jointLog] [warning] Feature has no GFF ID
[2021-04-27 20:32:36.037] [jointLog] [warning] Feature has no GFF ID
[2021-04-27 20:32:36.037] [jointLog] [warning] Feature has no GFF ID
[2021-04-27 20:32:36.037] [jointLog] [warning] Feature has no GFF ID
[2021-04-27 20:32:36.037] [jointLog] [warning] Feature has no GFF ID
[2021-04-27 20:32:36.037] [jointLog] [warning] Feature has no GFF ID
[2021-04-27 20:32:36.037] [jointLog] [warning] Feature has no GFF ID
[2021-04-27 20:32:36.037] [jointLog] [warning] Feature has no GFF ID
[2021-04-27 20:32:36.037] [jointLog] [warning] Feature has no GFF ID
[2021-04-27 20:32:36.037] [jointLog] [warning] Feature has no GFF ID
[2021-04-27 20:32:36.037] [jointLog] [warning] Feature has no GFF ID
[2021-04-27 20:32:36.037] [jointLog] [warning] Feature has no GFF ID
[2021-04-27 20:32:36.037] [jointLog] [warning] Feature has no GFF ID
[2021-04-27 20:32:36.037] [jointLog] [warning] Feature has no GFF ID
[2021-04-27 20:32:36.037] [jointLog] [warning] Feature has no GFF ID
[2021-04-27 20:32:36.037] [jointLog] [warning] Feature has no GFF ID
[2021-04-27 20:32:36.037] [jointLog] [warning] Feature has no GFF ID
[2021-04-27 20:32:36.037] [jointLog] [warning] Feature has no GFF ID
[2021-04-27 20:32:36.037] [jointLog] [warning] Feature has no GFF ID
[2021-04-27 20:32:36.037] [jointLog] [warning] Feature has no GFF ID
[2021-04-27 20:32:36.037] [jointLog] [warning] Feature has no GFF ID
[2021-04-27 20:32:36.037] [jointLog] [warning] Feature has no GFF ID
[2021-04-27 20:32:36.037] [jointLog] [warning] Feature has no GFF ID
[2021-04-27 20:32:36.037] [jointLog] [warning] Feature has no GFF ID
[2021-04-27 20:32:36.037] [jointLog] [warning] Feature has no GFF ID
[2021-04-27 20:32:36.037] [jointLog] [warning] Feature has no GFF ID
[2021-04-27 20:32:36.037] [jointLog] [warning] Feature has no GFF ID
[2021-04-27 20:32:36.037] [jointLog] [warning] Feature has no GFF ID
[2021-04-27 20:32:36.037] [jointLog] [warning] Feature has no GFF ID
[2021-04-27 20:32:36.037] [jointLog] [warning] Feature has no GFF ID
[2021-04-27 20:32:36.037] [jointLog] [warning] Feature has no GFF ID
[2021-04-27 20:32:36.037] [jointLog] [warning] Feature has no GFF ID
[2021-04-27 20:32:36.037] [jointLog] [warning] Feature has no GFF ID
[2021-04-27 20:32:36.037] [jointLog] [warning] Feature has no GFF ID
[2021-04-27 20:32:36.037] [jointLog] [warning] Feature has no GFF ID
[2021-04-27 20:32:36.037] [jointLog] [warning] Feature has no GFF ID
[2021-04-27 20:32:36.037] [jointLog] [warning] Feature has no GFF ID
[2021-04-27 20:32:36.037] [jointLog] [warning] Feature has no GFF ID
[2021-04-27 20:32:36.037] [jointLog] [warning] Feature has no GFF ID
[2021-04-27 20:32:36.037] [jointLog] [warning] Feature has no GFF ID
[2021-04-27 20:32:36.037] [jointLog] [warning] Feature has no GFF ID
[2021-04-27 20:32:36.037] [jointLog] [warning] Feature has no GFF ID
[2021-04-27 20:32:36.037] [jointLog] [warning] Feature has no GFF ID
[2021-04-27 20:32:36.037] [jointLog] [warning] Feature has no GFF ID
[2021-04-27 20:32:36.037] [jointLog] [warning] Feature has no GFF ID
[2021-04-27 20:32:36.037] [jointLog] [warning] Feature has no GFF ID
[2021-04-27 20:32:36.037] [jointLog] [warning] Feature has no GFF ID
[2021-04-27 20:32:36.037] [jointLog] [warning] Feature has no GFF ID
[2021-04-27 20:32:36.037] [jointLog] [warning] Feature has no GFF ID
[2021-04-27 20:32:36.037] [jointLog] [warning] Feature has no GFF ID
[2021-04-27 20:32:36.037] [jointLog] [warning] Feature has no GFF ID
[2021-04-27 20:32:36.037] [jointLog] [warning] Feature has no GFF ID
[2021-04-27 20:32:36.037] [jointLog] [warning] Feature has no GFF ID
[2021-04-27 20:32:36.037] [jointLog] [warning] Feature has no GFF ID
[2021-04-27 20:32:36.037] [jointLog] [warning] Feature has no GFF ID
[2021-04-27 20:32:36.037] [jointLog] [warning] Feature has no GFF ID
[2021-04-27 20:32:36.037] [jointLog] [warning] Feature has no GFF ID
[2021-04-27 20:32:36.037] [jointLog] [warning] Feature has no GFF ID
[2021-04-27 20:32:36.037] [jointLog] [warning] Feature has no GFF ID
[2021-04-27 20:32:36.037] [jointLog] [warning] Feature has no GFF ID
[2021-04-27 20:32:36.037] [jointLog] [warning] Feature has no GFF ID
[2021-04-27 20:32:36.037] [jointLog] [warning] Feature has no GFF ID
[2021-04-27 20:32:36.037] [jointLog] [warning] Feature has no GFF ID
[2021-04-27 20:32:36.361] [jointLog] [info] There were 142604 transcripts mapping to 55401 genes
[2021-04-27 20:32:36.361] [jointLog] [info] NOTE: We recommend using tximport (https://bioconductor.org/packages/release/bioc/html/tximport.html) for aggregating transcript-level salmon abundance estimates to the gene level.  It is more versatile, exposes more features, and allows considering multi-sample information during aggregation.
[2021-04-27 20:32:36.661] [jointLog] [warning] couldn't find transcript named [DQ459430] in transcript <-> gene map; returning transcript as it's own gene
[2021-04-27 20:32:36.661] [jointLog] [warning] couldn't find transcript named [DQ516784] in transcript <-> gene map; returning transcript as it's own gene
[2021-04-27 20:32:36.661] [jointLog] [warning] couldn't find transcript named [DQ516752] in transcript <-> gene map; returning transcript as it's own gene
[2021-04-27 20:32:36.661] [jointLog] [warning] couldn't find transcript named [DQ668364] in transcript <-> gene map; returning transcript as it's own gene
[2021-04-27 20:32:36.661] [jointLog] [warning] couldn't find transcript named [DQ883670] in transcript <-> gene map; returning transcript as it's own gene
[2021-04-27 20:32:36.661] [jointLog] [warning] couldn't find transcript named [EF011062] in transcript <-> gene map; returning transcript as it's own gene
[2021-04-27 20:32:36.661] [jointLog] [warning] couldn't find transcript named [DQ875385] in transcript <-> gene map; returning transcript as it's own gene
[2021-04-27 20:32:36.661] [jointLog] [warning] couldn't find transcript named [DQ883664] in transcript <-> gene map; returning transcript as it's own gene
[2021-04-27 20:32:36.661] [jointLog] [warning] couldn't find transcript named [DQ459420] in transcript <-> gene map; returning transcript as it's own gene
[2021-04-27 20:32:36.661] [jointLog] [warning] couldn't find transcript named [DQ883651] in transcript <-> gene map; returning transcript as it's own gene
[2021-04-27 20:32:36.661] [jointLog] [warning] couldn't find transcript named [DQ855004] in transcript <-> gene map; returning transcript as it's own gene
[2021-04-27 20:32:36.661] [jointLog] [warning] couldn't find transcript named [DQ854993] in transcript <-> gene map; returning transcript as it's own gene
[2021-04-27 20:32:36.661] [jointLog] [warning] couldn't find transcript named [DQ883689] in transcript <-> gene map; returning transcript as it's own gene
[2021-04-27 20:32:36.661] [jointLog] [warning] couldn't find transcript named [DQ459419] in transcript <-> gene map; returning transcript as it's own gene
[2021-04-27 20:32:36.661] [jointLog] [warning] couldn't find transcript named [DQ459431] in transcript <-> gene map; returning transcript as it's own gene
[2021-04-27 20:32:36.661] [jointLog] [warning] couldn't find transcript named [DQ516796] in transcript <-> gene map; returning transcript as it's own gene
[2021-04-27 20:32:36.661] [jointLog] [warning] couldn't find transcript named [DQ855001] in transcript <-> gene map; returning transcript as it's own gene
[2021-04-27 20:32:36.661] [jointLog] [warning] couldn't find transcript named [DQ459413] in transcript <-> gene map; returning transcript as it's own gene
[2021-04-27 20:32:36.661] [jointLog] [warning] couldn't find transcript named [DQ883656] in transcript <-> gene map; returning transcript as it's own gene
[2021-04-27 20:32:36.661] [jointLog] [warning] couldn't find transcript named [DQ883661] in transcript <-> gene map; returning transcript as it's own gene
[2021-04-27 20:32:36.661] [jointLog] [warning] couldn't find transcript named [EF011069] in transcript <-> gene map; returning transcript as it's own gene
[2021-04-27 20:32:36.661] [jointLog] [warning] couldn't find transcript named [DQ516783] in transcript <-> gene map; returning transcript as it's own gene
[2021-04-27 20:32:36.661] [jointLog] [warning] couldn't find transcript named [DQ516787] in transcript <-> gene map; returning transcript as it's own gene
[2021-04-27 20:32:36.661] [jointLog] [warning] couldn't find transcript named [DQ459424] in transcript <-> gene map; returning transcript as it's own gene
[2021-04-27 20:32:36.661] [jointLog] [warning] couldn't find transcript named [DQ516748] in transcript <-> gene map; returning transcript as it's own gene
[2021-04-27 20:32:36.661] [jointLog] [warning] couldn't find transcript named [DQ883671] in transcript <-> gene map; returning transcript as it's own gene
[2021-04-27 20:32:36.661] [jointLog] [warning] couldn't find transcript named [DQ516740] in transcript <-> gene map; returning transcript as it's own gene
[2021-04-27 20:32:36.661] [jointLog] [warning] couldn't find transcript named [DQ516785] in transcript <-> gene map; returning transcript as it's own gene
[2021-04-27 20:32:36.661] [jointLog] [warning] couldn't find transcript named [DQ516731] in transcript <-> gene map; returning transcript as it's own gene
[2021-04-27 20:32:36.661] [jointLog] [warning] couldn't find transcript named [DQ668366] in transcript <-> gene map; returning transcript as it's own gene
[2021-04-27 20:32:36.661] [jointLog] [warning] couldn't find transcript named [DQ459418] in transcript <-> gene map; returning transcript as it's own gene
[2021-04-27 20:32:36.661] [jointLog] [warning] couldn't find transcript named [DQ668356] in transcript <-> gene map; returning transcript as it's own gene
[2021-04-27 20:32:36.661] [jointLog] [warning] couldn't find transcript named [DQ516763] in transcript <-> gene map; returning transcript as it's own gene
[2021-04-27 20:32:36.661] [jointLog] [warning] couldn't find transcript named [DQ459426] in transcript <-> gene map; returning transcript as it's own gene
[2021-04-27 20:32:36.661] [jointLog] [warning] couldn't find transcript named [DQ516786] in transcript <-> gene map; returning transcript as it's own gene
[2021-04-27 20:32:36.661] [jointLog] [warning] couldn't find transcript named [DQ883653] in transcript <-> gene map; returning transcript as it's own gene
[2021-04-27 20:32:36.661] [jointLog] [warning] couldn't find transcript named [DQ459421] in transcript <-> gene map; returning transcript as it's own gene
[2021-04-27 20:32:36.661] [jointLog] [warning] couldn't find transcript named [DQ883654] in transcript <-> gene map; returning transcript as it's own gene
[2021-04-27 20:32:36.661] [jointLog] [warning] couldn't find transcript named [DQ668358] in transcript <-> gene map; returning transcript as it's own gene
[2021-04-27 20:32:36.661] [jointLog] [warning] couldn't find transcript named [DQ516754] in transcript <-> gene map; returning transcript as it's own gene
[2021-04-27 20:32:36.661] [jointLog] [warning] couldn't find transcript named [DQ516778] in transcript <-> gene map; returning transcript as it's own gene
[2021-04-27 20:32:36.661] [jointLog] [warning] couldn't find transcript named [DQ883650] in transcript <-> gene map; returning transcript as it's own gene
[2021-04-27 20:32:36.661] [jointLog] [warning] couldn't find transcript named [DQ516742] in transcript <-> gene map; returning transcript as it's own gene
[2021-04-27 20:32:36.661] [jointLog] [warning] couldn't find transcript named [DQ883673] in transcript <-> gene map; returning transcript as it's own gene
[2021-04-27 20:32:36.662] [jointLog] [warning] couldn't find transcript named [DQ883652] in transcript <-> gene map; returning transcript as it's own gene
[2021-04-27 20:32:36.662] [jointLog] [warning] couldn't find transcript named [DQ854991] in transcript <-> gene map; returning transcript as it's own gene
[2021-04-27 20:32:36.662] [jointLog] [warning] couldn't find transcript named [DQ516780] in transcript <-> gene map; returning transcript as it's own gene
[2021-04-27 20:32:36.662] [jointLog] [warning] couldn't find transcript named [DQ883682] in transcript <-> gene map; returning transcript as it's own gene
[2021-04-27 20:32:36.662] [jointLog] [warning] couldn't find transcript named [DQ883669] in transcript <-> gene map; returning transcript as it's own gene
[2021-04-27 20:32:36.662] [jointLog] [warning] couldn't find transcript named [DQ516791] in transcript <-> gene map; returning transcript as it's own gene
[2021-04-27 20:32:36.662] [jointLog] [warning] couldn't find transcript named [DQ459425] in transcript <-> gene map; returning transcript as it's own gene
[2021-04-27 20:32:36.662] [jointLog] [warning] couldn't find transcript named [DQ516759] in transcript <-> gene map; returning transcript as it's own gene
[2021-04-27 20:32:36.662] [jointLog] [warning] couldn't find transcript named [DQ459429] in transcript <-> gene map; returning transcript as it's own gene
[2021-04-27 20:32:36.662] [jointLog] [warning] couldn't find transcript named [DQ516758] in transcript <-> gene map; returning transcript as it's own gene
[2021-04-27 20:32:36.662] [jointLog] [warning] couldn't find transcript named [DQ459415] in transcript <-> gene map; returning transcript as it's own gene
[2021-04-27 20:32:36.662] [jointLog] [warning] couldn't find transcript named [DQ875387] in transcript <-> gene map; returning transcript as it's own gene
[2021-04-27 20:32:36.662] [jointLog] [warning] couldn't find transcript named [DQ516815] in transcript <-> gene map; returning transcript as it's own gene
[2021-04-27 20:32:36.662] [jointLog] [warning] couldn't find transcript named [DQ668365] in transcript <-> gene map; returning transcript as it's own gene
[2021-04-27 20:32:36.662] [jointLog] [warning] couldn't find transcript named [DQ854998] in transcript <-> gene map; returning transcript as it's own gene
[2021-04-27 20:32:36.662] [jointLog] [warning] couldn't find transcript named [DQ883685] in transcript <-> gene map; returning transcript as it's own gene
[2021-04-27 20:32:36.662] [jointLog] [warning] couldn't find transcript named [DQ459422] in transcript <-> gene map; returning transcript as it's own gene
[2021-04-27 20:32:36.662] [jointLog] [warning] couldn't find transcript named [DQ883663] in transcript <-> gene map; returning transcript as it's own gene
[2021-04-27 20:32:36.662] [jointLog] [warning] couldn't find transcript named [DQ668367] in transcript <-> gene map; returning transcript as it's own gene
[2021-04-27 20:32:36.662] [jointLog] [warning] couldn't find transcript named [DQ459412] in transcript <-> gene map; returning transcript as it's own gene
[2021-04-27 20:32:36.662] [jointLog] [warning] couldn't find transcript named [DQ854992] in transcript <-> gene map; returning transcript as it's own gene
[2021-04-27 20:32:36.662] [jointLog] [warning] couldn't find transcript named [DQ516782] in transcript <-> gene map; returning transcript as it's own gene
[2021-04-27 20:32:36.662] [jointLog] [warning] couldn't find transcript named [DQ459427] in transcript <-> gene map; returning transcript as it's own gene
[2021-04-27 20:32:36.662] [jointLog] [warning] couldn't find transcript named [EF011072] in transcript <-> gene map; returning transcript as it's own gene
[2021-04-27 20:32:36.662] [jointLog] [warning] couldn't find transcript named [DQ855003] in transcript <-> gene map; returning transcript as it's own gene
[2021-04-27 20:32:36.662] [jointLog] [warning] couldn't find transcript named [DQ516739] in transcript <-> gene map; returning transcript as it's own gene
[2021-04-27 20:32:36.662] [jointLog] [warning] couldn't find transcript named [EF011063] in transcript <-> gene map; returning transcript as it's own gene
[2021-04-27 20:32:36.662] [jointLog] [warning] couldn't find transcript named [DQ855000] in transcript <-> gene map; returning transcript as it's own gene
[2021-04-27 20:32:36.662] [jointLog] [warning] couldn't find transcript named [DQ516777] in transcript <-> gene map; returning transcript as it's own gene
[2021-04-27 20:32:36.662] [jointLog] [warning] couldn't find transcript named [DQ883646] in transcript <-> gene map; returning transcript as it's own gene
[2021-04-27 20:32:36.662] [jointLog] [warning] couldn't find transcript named [DQ668362] in transcript <-> gene map; returning transcript as it's own gene
[2021-04-27 20:32:36.662] [jointLog] [warning] couldn't find transcript named [DQ854995] in transcript <-> gene map; returning transcript as it's own gene
[2021-04-27 20:32:36.662] [jointLog] [warning] couldn't find transcript named [DQ875386] in transcript <-> gene map; returning transcript as it's own gene
[2021-04-27 20:32:36.662] [jointLog] [warning] couldn't find transcript named [DQ516790] in transcript <-> gene map; returning transcript as it's own gene
[2021-04-27 20:32:36.662] [jointLog] [warning] couldn't find transcript named [DQ883642] in transcript <-> gene map; returning transcript as it's own gene
[2021-04-27 20:32:36.662] [jointLog] [warning] couldn't find transcript named [DQ883659] in transcript <-> gene map; returning transcript as it's own gene
[2021-04-27 20:32:36.662] [jointLog] [warning] couldn't find transcript named [DQ854997] in transcript <-> gene map; returning transcript as it's own gene
[2021-04-27 20:32:36.662] [jointLog] [warning] couldn't find transcript named [DQ883643] in transcript <-> gene map; returning transcript as it's own gene
[2021-04-27 20:32:36.662] [jointLog] [warning] couldn't find transcript named [DQ839618] in transcript <-> gene map; returning transcript as it's own gene
[2021-04-27 20:32:36.662] [jointLog] [warning] couldn't find transcript named [DQ516795] in transcript <-> gene map; returning transcript as it's own gene
[2021-04-27 20:32:36.662] [jointLog] [warning] couldn't find transcript named [DQ883658] in transcript <-> gene map; returning transcript as it's own gene
[2021-04-27 20:32:36.662] [jointLog] [warning] couldn't find transcript named [DQ516750] in transcript <-> gene map; returning transcript as it's own gene
[2021-04-27 20:32:36.662] [jointLog] [warning] couldn't find transcript named [DQ668359] in transcript <-> gene map; returning transcript as it's own gene
[2021-04-27 20:32:36.662] [jointLog] [warning] couldn't find transcript named [DQ516779] in transcript <-> gene map; returning transcript as it's own gene
[2021-04-27 20:32:36.662] [jointLog] [warning] couldn't find transcript named [DQ668363] in transcript <-> gene map; returning transcript as it's own gene
[2021-04-27 20:32:36.662] [jointLog] [warning] couldn't find transcript named [DQ516776] in transcript <-> gene map; returning transcript as it's own gene
[2021-04-27 20:32:36.662] [jointLog] [warning] couldn't find transcript named [DQ516773] in transcript <-> gene map; returning transcript as it's own gene
[2021-04-27 20:32:36.662] [jointLog] [warning] couldn't find transcript named [DQ854994] in transcript <-> gene map; returning transcript as it's own gene
[2021-04-27 20:32:36.662] [jointLog] [info] Aggregating expressions to gene level
[2021-04-27 20:32:36.842] [jointLog] [info] done
