[2021-04-27 20:53:42.289] [jointLog] [info] setting maxHashResizeThreads to 6
[2021-04-27 20:53:42.289] [jointLog] [info] Fragment incompatibility prior below threshold.  Incompatible fragments will be ignored.
[2021-04-27 20:53:42.290] [jointLog] [info] numQuantThreads = 3
[2021-04-27 20:53:46.856] [fileLog] [info] quantification processed 0 fragments so far

[2021-04-27 20:53:46.589] [jointLog] [info] replaced 4 non-ACGT nucleotides with random nucleotides
[2021-04-27 20:53:50.010] [fileLog] [info] quantification processed 1000000 fragments so far

[2021-04-27 20:53:53.027] [fileLog] [info] quantification processed 2000000 fragments so far

[2021-04-27 20:53:54.702] [jointLog] [info] 

The alignment group queue pool has been exhausted.  3419946 extra fragments were allocated on the heap to saturate the pool.  No new fragments will be allocated


[2021-04-27 20:54:01.408] [fileLog] [info] quantification processed 3000000 fragments so far

[2021-04-27 20:54:15.615] [fileLog] [info] quantification processed 4000000 fragments so far

[2021-04-27 20:54:29.846] [fileLog] [info] quantification processed 5000000 fragments so far

[2021-04-27 20:54:43.969] [fileLog] [info] quantification processed 6000000 fragments so far

[2021-04-27 20:54:58.044] [fileLog] [info] quantification processed 7000000 fragments so far

[2021-04-27 20:55:01.316] [fileLog] [info] quantification processed 8000000 fragments so far

[2021-04-27 20:55:04.521] [fileLog] [info] quantification processed 9000000 fragments so far

[2021-04-27 20:55:07.765] [fileLog] [info] quantification processed 10000000 fragments so far

[2021-04-27 20:55:10.953] [fileLog] [info] quantification processed 11000000 fragments so far

[2021-04-27 20:55:14.124] [fileLog] [info] quantification processed 12000000 fragments so far

[2021-04-27 20:55:17.306] [fileLog] [info] quantification processed 13000000 fragments so far

[2021-04-27 20:55:20.475] [fileLog] [info] quantification processed 14000000 fragments so far

[2021-04-27 20:55:23.677] [fileLog] [info] quantification processed 15000000 fragments so far

[2021-04-27 20:55:26.837] [fileLog] [info] quantification processed 16000000 fragments so far

[2021-04-27 20:55:29.995] [fileLog] [info] quantification processed 17000000 fragments so far

[2021-04-27 20:55:33.144] [fileLog] [info] quantification processed 18000000 fragments so far

[2021-04-27 20:55:36.291] [fileLog] [info] quantification processed 19000000 fragments so far

[2021-04-27 20:55:39.447] [fileLog] [info] quantification processed 20000000 fragments so far

[2021-04-27 20:55:42.617] [fileLog] [info] quantification processed 21000000 fragments so far

[2021-04-27 20:55:45.740] [fileLog] [info] quantification processed 22000000 fragments so far

[2021-04-27 20:55:49.008] [fileLog] [info] quantification processed 23000000 fragments so far

[2021-04-27 20:55:52.247] [fileLog] [info] quantification processed 24000000 fragments so far

[2021-04-27 20:55:55.428] [fileLog] [info] quantification processed 25000000 fragments so far

[2021-04-27 20:55:58.630] [fileLog] [info] quantification processed 26000000 fragments so far

[2021-04-27 20:56:01.845] [fileLog] [info] quantification processed 27000000 fragments so far

[2021-04-27 20:56:05.056] [fileLog] [info] quantification processed 28000000 fragments so far

[2021-04-27 20:56:08.267] [fileLog] [info] quantification processed 29000000 fragments so far

[2021-04-27 20:56:11.449] [fileLog] [info] quantification processed 30000000 fragments so far

[2021-04-27 20:56:14.674] [fileLog] [info] quantification processed 31000000 fragments so far

[2021-04-27 20:56:17.901] [fileLog] [info] quantification processed 32000000 fragments so far

[2021-04-27 20:56:21.075] [fileLog] [info] quantification processed 33000000 fragments so far

[2021-04-27 20:56:24.251] [fileLog] [info] quantification processed 34000000 fragments so far

[2021-04-27 20:56:27.411] [fileLog] [info] quantification processed 35000000 fragments so far

[2021-04-27 20:56:30.578] [fileLog] [info] quantification processed 36000000 fragments so far

[2021-04-27 20:56:33.793] [fileLog] [info] quantification processed 37000000 fragments so far

[2021-04-27 20:56:36.914] [fileLog] [info] quantification processed 38000000 fragments so far

[2021-04-27 20:56:40.098] [fileLog] [info] quantification processed 39000000 fragments so far

[2021-04-27 20:56:43.244] [fileLog] [info] quantification processed 40000000 fragments so far

[2021-04-27 20:56:46.555] [fileLog] [info] quantification processed 41000000 fragments so far

[2021-04-27 20:56:49.726] [fileLog] [info] quantification processed 42000000 fragments so far

[2021-04-27 20:56:52.895] [fileLog] [info] quantification processed 43000000 fragments so far

[2021-04-27 20:56:56.062] [fileLog] [info] quantification processed 44000000 fragments so far

[2021-04-27 20:56:59.236] [fileLog] [info] quantification processed 45000000 fragments so far

[2021-04-27 20:57:01.427] [fileLog] [info] quantification processed 45700293 fragments so far

[2021-04-27 20:57:07.569] [jointLog] [info] Thread saw mini-batch with a maximum of 16.80% zero probability fragments
[2021-04-27 20:57:07.571] [jointLog] [info] Thread saw mini-batch with a maximum of 18.20% zero probability fragments
[2021-04-27 20:57:07.573] [jointLog] [info] Thread saw mini-batch with a maximum of 16.00% zero probability fragments
[2021-04-27 20:57:07.574] [jointLog] [info] 


Completed first pass through the alignment file.
Total # of mapped reads : 45700293
# of uniquely mapped reads : 16381973
# ambiguously mapped reads : 29318320



[2021-04-27 20:57:07.713] [jointLog] [info] Computed 214256 rich equivalence classes for further processing
[2021-04-27 20:57:07.713] [jointLog] [info] Counted 45464657 total reads in the equivalence classes 
[2021-04-27 20:57:07.715] [jointLog] [info] starting optimizer
[2021-04-27 20:57:07.815] [jointLog] [info] Marked 0 weighted equivalence classes as degenerate
[2021-04-27 20:57:07.833] [jointLog] [info] iteration = 0 | max rel diff. = 2817.78
[2021-04-27 20:57:09.331] [jointLog] [info] iteration = 100 | max rel diff. = 3.60741
[2021-04-27 20:57:10.815] [jointLog] [info] iteration = 200 | max rel diff. = 10.1292
[2021-04-27 20:57:12.299] [jointLog] [info] iteration = 300 | max rel diff. = 1.34284
[2021-04-27 20:57:13.775] [jointLog] [info] iteration = 400 | max rel diff. = 1.074
[2021-04-27 20:57:15.263] [jointLog] [info] iteration = 500 | max rel diff. = 0.956197
[2021-04-27 20:57:16.744] [jointLog] [info] iteration = 600 | max rel diff. = 2.61502
[2021-04-27 20:57:18.203] [jointLog] [info] iteration = 700 | max rel diff. = 16.6696
[2021-04-27 20:57:19.662] [jointLog] [info] iteration = 800 | max rel diff. = 4.13952
[2021-04-27 20:57:21.120] [jointLog] [info] iteration = 900 | max rel diff. = 12.525
[2021-04-27 20:57:22.572] [jointLog] [info] iteration = 1000 | max rel diff. = 0.0855032
[2021-04-27 20:57:24.035] [jointLog] [info] iteration = 1100 | max rel diff. = 0.0432796
[2021-04-27 20:57:25.494] [jointLog] [info] iteration = 1200 | max rel diff. = 0.126878
[2021-04-27 20:57:26.951] [jointLog] [info] iteration = 1300 | max rel diff. = 0.297162
[2021-04-27 20:57:28.414] [jointLog] [info] iteration = 1400 | max rel diff. = 0.0455284
[2021-04-27 20:57:29.873] [jointLog] [info] iteration = 1500 | max rel diff. = 0.014521
[2021-04-27 20:57:31.326] [jointLog] [info] iteration = 1600 | max rel diff. = 0.0399695
[2021-04-27 20:57:32.777] [jointLog] [info] iteration = 1700 | max rel diff. = 11.2835
[2021-04-27 20:57:34.236] [jointLog] [info] iteration = 1800 | max rel diff. = 0.0179541
[2021-04-27 20:57:35.696] [jointLog] [info] iteration = 1900 | max rel diff. = 0.0122573
[2021-04-27 20:57:37.145] [jointLog] [info] iteration = 2000 | max rel diff. = 0.299019
[2021-04-27 20:57:38.595] [jointLog] [info] iteration = 2100 | max rel diff. = 0.0211404
[2021-04-27 20:57:40.051] [jointLog] [info] iteration = 2200 | max rel diff. = 0.0152978
[2021-04-27 20:57:41.501] [jointLog] [info] iteration = 2300 | max rel diff. = 0.038595
[2021-04-27 20:57:42.956] [jointLog] [info] iteration = 2400 | max rel diff. = 0.043046
[2021-04-27 20:57:43.580] [jointLog] [info] iteration = 2444 | max rel diff. = 0.00496523
[2021-04-27 20:57:43.608] [jointLog] [info] finished optimizer
[2021-04-27 20:57:43.608] [jointLog] [info] writing output
[2021-04-27 20:57:45.460] [jointLog] [info] Computing gene-level abundance estimates
[2021-04-27 20:58:14.055] [jointLog] [warning] Feature has no GFF ID
[2021-04-27 20:58:14.055] [jointLog] [warning] Feature has no GFF ID
[2021-04-27 20:58:14.055] [jointLog] [warning] Feature has no GFF ID
[2021-04-27 20:58:14.055] [jointLog] [warning] Feature has no GFF ID
[2021-04-27 20:58:14.055] [jointLog] [warning] Feature has no GFF ID
[2021-04-27 20:58:14.055] [jointLog] [warning] Feature has no GFF ID
[2021-04-27 20:58:14.055] [jointLog] [warning] Feature has no GFF ID
[2021-04-27 20:58:14.055] [jointLog] [warning] Feature has no GFF ID
[2021-04-27 20:58:14.055] [jointLog] [warning] Feature has no GFF ID
[2021-04-27 20:58:14.055] [jointLog] [warning] Feature has no GFF ID
[2021-04-27 20:58:14.055] [jointLog] [warning] Feature has no GFF ID
[2021-04-27 20:58:14.055] [jointLog] [warning] Feature has no GFF ID
[2021-04-27 20:58:14.055] [jointLog] [warning] Feature has no GFF ID
[2021-04-27 20:58:14.055] [jointLog] [warning] Feature has no GFF ID
[2021-04-27 20:58:14.055] [jointLog] [warning] Feature has no GFF ID
[2021-04-27 20:58:14.055] [jointLog] [warning] Feature has no GFF ID
[2021-04-27 20:58:14.055] [jointLog] [warning] Feature has no GFF ID
[2021-04-27 20:58:14.055] [jointLog] [warning] Feature has no GFF ID
[2021-04-27 20:58:14.055] [jointLog] [warning] Feature has no GFF ID
[2021-04-27 20:58:14.055] [jointLog] [warning] Feature has no GFF ID
[2021-04-27 20:58:14.055] [jointLog] [warning] Feature has no GFF ID
[2021-04-27 20:58:14.055] [jointLog] [warning] Feature has no GFF ID
[2021-04-27 20:58:14.055] [jointLog] [warning] Feature has no GFF ID
[2021-04-27 20:58:14.055] [jointLog] [warning] Feature has no GFF ID
[2021-04-27 20:58:14.055] [jointLog] [warning] Feature has no GFF ID
[2021-04-27 20:58:14.055] [jointLog] [warning] Feature has no GFF ID
[2021-04-27 20:58:14.055] [jointLog] [warning] Feature has no GFF ID
[2021-04-27 20:58:14.055] [jointLog] [warning] Feature has no GFF ID
[2021-04-27 20:58:14.055] [jointLog] [warning] Feature has no GFF ID
[2021-04-27 20:58:14.055] [jointLog] [warning] Feature has no GFF ID
[2021-04-27 20:58:14.055] [jointLog] [warning] Feature has no GFF ID
[2021-04-27 20:58:14.055] [jointLog] [warning] Feature has no GFF ID
[2021-04-27 20:58:14.055] [jointLog] [warning] Feature has no GFF ID
[2021-04-27 20:58:14.055] [jointLog] [warning] Feature has no GFF ID
[2021-04-27 20:58:14.055] [jointLog] [warning] Feature has no GFF ID
[2021-04-27 20:58:14.055] [jointLog] [warning] Feature has no GFF ID
[2021-04-27 20:58:14.055] [jointLog] [warning] Feature has no GFF ID
[2021-04-27 20:58:14.055] [jointLog] [warning] Feature has no GFF ID
[2021-04-27 20:58:14.055] [jointLog] [warning] Feature has no GFF ID
[2021-04-27 20:58:14.055] [jointLog] [warning] Feature has no GFF ID
[2021-04-27 20:58:14.055] [jointLog] [warning] Feature has no GFF ID
[2021-04-27 20:58:14.055] [jointLog] [warning] Feature has no GFF ID
[2021-04-27 20:58:14.055] [jointLog] [warning] Feature has no GFF ID
[2021-04-27 20:58:14.055] [jointLog] [warning] Feature has no GFF ID
[2021-04-27 20:58:14.055] [jointLog] [warning] Feature has no GFF ID
[2021-04-27 20:58:14.055] [jointLog] [warning] Feature has no GFF ID
[2021-04-27 20:58:14.055] [jointLog] [warning] Feature has no GFF ID
[2021-04-27 20:58:14.055] [jointLog] [warning] Feature has no GFF ID
[2021-04-27 20:58:14.055] [jointLog] [warning] Feature has no GFF ID
[2021-04-27 20:58:14.055] [jointLog] [warning] Feature has no GFF ID
[2021-04-27 20:58:14.055] [jointLog] [warning] Feature has no GFF ID
[2021-04-27 20:58:14.055] [jointLog] [warning] Feature has no GFF ID
[2021-04-27 20:58:14.055] [jointLog] [warning] Feature has no GFF ID
[2021-04-27 20:58:14.055] [jointLog] [warning] Feature has no GFF ID
[2021-04-27 20:58:14.055] [jointLog] [warning] Feature has no GFF ID
[2021-04-27 20:58:14.055] [jointLog] [warning] Feature has no GFF ID
[2021-04-27 20:58:14.055] [jointLog] [warning] Feature has no GFF ID
[2021-04-27 20:58:14.055] [jointLog] [warning] Feature has no GFF ID
[2021-04-27 20:58:14.055] [jointLog] [warning] Feature has no GFF ID
[2021-04-27 20:58:14.055] [jointLog] [warning] Feature has no GFF ID
[2021-04-27 20:58:14.055] [jointLog] [warning] Feature has no GFF ID
[2021-04-27 20:58:14.055] [jointLog] [warning] Feature has no GFF ID
[2021-04-27 20:58:14.055] [jointLog] [warning] Feature has no GFF ID
[2021-04-27 20:58:14.055] [jointLog] [warning] Feature has no GFF ID
[2021-04-27 20:58:14.055] [jointLog] [warning] Feature has no GFF ID
[2021-04-27 20:58:14.055] [jointLog] [warning] Feature has no GFF ID
[2021-04-27 20:58:14.055] [jointLog] [warning] Feature has no GFF ID
[2021-04-27 20:58:14.055] [jointLog] [warning] Feature has no GFF ID
[2021-04-27 20:58:14.055] [jointLog] [warning] Feature has no GFF ID
[2021-04-27 20:58:14.055] [jointLog] [warning] Feature has no GFF ID
[2021-04-27 20:58:14.055] [jointLog] [warning] Feature has no GFF ID
[2021-04-27 20:58:14.055] [jointLog] [warning] Feature has no GFF ID
[2021-04-27 20:58:14.055] [jointLog] [warning] Feature has no GFF ID
[2021-04-27 20:58:14.055] [jointLog] [warning] Feature has no GFF ID
[2021-04-27 20:58:14.055] [jointLog] [warning] Feature has no GFF ID
[2021-04-27 20:58:14.055] [jointLog] [warning] Feature has no GFF ID
[2021-04-27 20:58:14.055] [jointLog] [warning] Feature has no GFF ID
[2021-04-27 20:58:14.055] [jointLog] [warning] Feature has no GFF ID
[2021-04-27 20:58:14.055] [jointLog] [warning] Feature has no GFF ID
[2021-04-27 20:58:14.055] [jointLog] [warning] Feature has no GFF ID
[2021-04-27 20:58:14.055] [jointLog] [warning] Feature has no GFF ID
[2021-04-27 20:58:14.055] [jointLog] [warning] Feature has no GFF ID
[2021-04-27 20:58:14.055] [jointLog] [warning] Feature has no GFF ID
[2021-04-27 20:58:14.055] [jointLog] [warning] Feature has no GFF ID
[2021-04-27 20:58:14.055] [jointLog] [warning] Feature has no GFF ID
[2021-04-27 20:58:14.055] [jointLog] [warning] Feature has no GFF ID
[2021-04-27 20:58:14.055] [jointLog] [warning] Feature has no GFF ID
[2021-04-27 20:58:14.055] [jointLog] [warning] Feature has no GFF ID
[2021-04-27 20:58:14.055] [jointLog] [warning] Feature has no GFF ID
[2021-04-27 20:58:14.055] [jointLog] [warning] Feature has no GFF ID
[2021-04-27 20:58:14.055] [jointLog] [warning] Feature has no GFF ID
[2021-04-27 20:58:14.055] [jointLog] [warning] Feature has no GFF ID
[2021-04-27 20:58:14.354] [jointLog] [info] There were 142604 transcripts mapping to 55401 genes
[2021-04-27 20:58:14.354] [jointLog] [info] NOTE: We recommend using tximport (https://bioconductor.org/packages/release/bioc/html/tximport.html) for aggregating transcript-level salmon abundance estimates to the gene level.  It is more versatile, exposes more features, and allows considering multi-sample information during aggregation.
[2021-04-27 20:58:14.616] [jointLog] [warning] couldn't find transcript named [DQ459430] in transcript <-> gene map; returning transcript as it's own gene
[2021-04-27 20:58:14.616] [jointLog] [warning] couldn't find transcript named [DQ516784] in transcript <-> gene map; returning transcript as it's own gene
[2021-04-27 20:58:14.616] [jointLog] [warning] couldn't find transcript named [DQ516752] in transcript <-> gene map; returning transcript as it's own gene
[2021-04-27 20:58:14.616] [jointLog] [warning] couldn't find transcript named [DQ668364] in transcript <-> gene map; returning transcript as it's own gene
[2021-04-27 20:58:14.616] [jointLog] [warning] couldn't find transcript named [DQ883670] in transcript <-> gene map; returning transcript as it's own gene
[2021-04-27 20:58:14.617] [jointLog] [warning] couldn't find transcript named [EF011062] in transcript <-> gene map; returning transcript as it's own gene
[2021-04-27 20:58:14.617] [jointLog] [warning] couldn't find transcript named [DQ875385] in transcript <-> gene map; returning transcript as it's own gene
[2021-04-27 20:58:14.617] [jointLog] [warning] couldn't find transcript named [DQ883664] in transcript <-> gene map; returning transcript as it's own gene
[2021-04-27 20:58:14.617] [jointLog] [warning] couldn't find transcript named [DQ459420] in transcript <-> gene map; returning transcript as it's own gene
[2021-04-27 20:58:14.617] [jointLog] [warning] couldn't find transcript named [DQ883651] in transcript <-> gene map; returning transcript as it's own gene
[2021-04-27 20:58:14.617] [jointLog] [warning] couldn't find transcript named [DQ855004] in transcript <-> gene map; returning transcript as it's own gene
[2021-04-27 20:58:14.617] [jointLog] [warning] couldn't find transcript named [DQ854993] in transcript <-> gene map; returning transcript as it's own gene
[2021-04-27 20:58:14.617] [jointLog] [warning] couldn't find transcript named [DQ883689] in transcript <-> gene map; returning transcript as it's own gene
[2021-04-27 20:58:14.617] [jointLog] [warning] couldn't find transcript named [DQ459419] in transcript <-> gene map; returning transcript as it's own gene
[2021-04-27 20:58:14.617] [jointLog] [warning] couldn't find transcript named [DQ459431] in transcript <-> gene map; returning transcript as it's own gene
[2021-04-27 20:58:14.617] [jointLog] [warning] couldn't find transcript named [DQ516796] in transcript <-> gene map; returning transcript as it's own gene
[2021-04-27 20:58:14.617] [jointLog] [warning] couldn't find transcript named [DQ855001] in transcript <-> gene map; returning transcript as it's own gene
[2021-04-27 20:58:14.617] [jointLog] [warning] couldn't find transcript named [DQ459413] in transcript <-> gene map; returning transcript as it's own gene
[2021-04-27 20:58:14.617] [jointLog] [warning] couldn't find transcript named [DQ883656] in transcript <-> gene map; returning transcript as it's own gene
[2021-04-27 20:58:14.617] [jointLog] [warning] couldn't find transcript named [DQ883661] in transcript <-> gene map; returning transcript as it's own gene
[2021-04-27 20:58:14.617] [jointLog] [warning] couldn't find transcript named [EF011069] in transcript <-> gene map; returning transcript as it's own gene
[2021-04-27 20:58:14.617] [jointLog] [warning] couldn't find transcript named [DQ516783] in transcript <-> gene map; returning transcript as it's own gene
[2021-04-27 20:58:14.617] [jointLog] [warning] couldn't find transcript named [DQ516787] in transcript <-> gene map; returning transcript as it's own gene
[2021-04-27 20:58:14.617] [jointLog] [warning] couldn't find transcript named [DQ459424] in transcript <-> gene map; returning transcript as it's own gene
[2021-04-27 20:58:14.617] [jointLog] [warning] couldn't find transcript named [DQ516748] in transcript <-> gene map; returning transcript as it's own gene
[2021-04-27 20:58:14.617] [jointLog] [warning] couldn't find transcript named [DQ883671] in transcript <-> gene map; returning transcript as it's own gene
[2021-04-27 20:58:14.617] [jointLog] [warning] couldn't find transcript named [DQ516740] in transcript <-> gene map; returning transcript as it's own gene
[2021-04-27 20:58:14.617] [jointLog] [warning] couldn't find transcript named [DQ516785] in transcript <-> gene map; returning transcript as it's own gene
[2021-04-27 20:58:14.617] [jointLog] [warning] couldn't find transcript named [DQ516731] in transcript <-> gene map; returning transcript as it's own gene
[2021-04-27 20:58:14.617] [jointLog] [warning] couldn't find transcript named [DQ668366] in transcript <-> gene map; returning transcript as it's own gene
[2021-04-27 20:58:14.617] [jointLog] [warning] couldn't find transcript named [DQ459418] in transcript <-> gene map; returning transcript as it's own gene
[2021-04-27 20:58:14.617] [jointLog] [warning] couldn't find transcript named [DQ668356] in transcript <-> gene map; returning transcript as it's own gene
[2021-04-27 20:58:14.617] [jointLog] [warning] couldn't find transcript named [DQ516763] in transcript <-> gene map; returning transcript as it's own gene
[2021-04-27 20:58:14.617] [jointLog] [warning] couldn't find transcript named [DQ459426] in transcript <-> gene map; returning transcript as it's own gene
[2021-04-27 20:58:14.617] [jointLog] [warning] couldn't find transcript named [DQ516786] in transcript <-> gene map; returning transcript as it's own gene
[2021-04-27 20:58:14.617] [jointLog] [warning] couldn't find transcript named [DQ883653] in transcript <-> gene map; returning transcript as it's own gene
[2021-04-27 20:58:14.617] [jointLog] [warning] couldn't find transcript named [DQ459421] in transcript <-> gene map; returning transcript as it's own gene
[2021-04-27 20:58:14.617] [jointLog] [warning] couldn't find transcript named [DQ883654] in transcript <-> gene map; returning transcript as it's own gene
[2021-04-27 20:58:14.617] [jointLog] [warning] couldn't find transcript named [DQ668358] in transcript <-> gene map; returning transcript as it's own gene
[2021-04-27 20:58:14.617] [jointLog] [warning] couldn't find transcript named [DQ516754] in transcript <-> gene map; returning transcript as it's own gene
[2021-04-27 20:58:14.617] [jointLog] [warning] couldn't find transcript named [DQ516778] in transcript <-> gene map; returning transcript as it's own gene
[2021-04-27 20:58:14.617] [jointLog] [warning] couldn't find transcript named [DQ883650] in transcript <-> gene map; returning transcript as it's own gene
[2021-04-27 20:58:14.617] [jointLog] [warning] couldn't find transcript named [DQ516742] in transcript <-> gene map; returning transcript as it's own gene
[2021-04-27 20:58:14.617] [jointLog] [warning] couldn't find transcript named [DQ883673] in transcript <-> gene map; returning transcript as it's own gene
[2021-04-27 20:58:14.617] [jointLog] [warning] couldn't find transcript named [DQ883652] in transcript <-> gene map; returning transcript as it's own gene
[2021-04-27 20:58:14.617] [jointLog] [warning] couldn't find transcript named [DQ854991] in transcript <-> gene map; returning transcript as it's own gene
[2021-04-27 20:58:14.617] [jointLog] [warning] couldn't find transcript named [DQ516780] in transcript <-> gene map; returning transcript as it's own gene
[2021-04-27 20:58:14.617] [jointLog] [warning] couldn't find transcript named [DQ883682] in transcript <-> gene map; returning transcript as it's own gene
[2021-04-27 20:58:14.617] [jointLog] [warning] couldn't find transcript named [DQ883669] in transcript <-> gene map; returning transcript as it's own gene
[2021-04-27 20:58:14.617] [jointLog] [warning] couldn't find transcript named [DQ516791] in transcript <-> gene map; returning transcript as it's own gene
[2021-04-27 20:58:14.617] [jointLog] [warning] couldn't find transcript named [DQ459425] in transcript <-> gene map; returning transcript as it's own gene
[2021-04-27 20:58:14.617] [jointLog] [warning] couldn't find transcript named [DQ516759] in transcript <-> gene map; returning transcript as it's own gene
[2021-04-27 20:58:14.617] [jointLog] [warning] couldn't find transcript named [DQ459429] in transcript <-> gene map; returning transcript as it's own gene
[2021-04-27 20:58:14.617] [jointLog] [warning] couldn't find transcript named [DQ516758] in transcript <-> gene map; returning transcript as it's own gene
[2021-04-27 20:58:14.617] [jointLog] [warning] couldn't find transcript named [DQ459415] in transcript <-> gene map; returning transcript as it's own gene
[2021-04-27 20:58:14.617] [jointLog] [warning] couldn't find transcript named [DQ875387] in transcript <-> gene map; returning transcript as it's own gene
[2021-04-27 20:58:14.617] [jointLog] [warning] couldn't find transcript named [DQ516815] in transcript <-> gene map; returning transcript as it's own gene
[2021-04-27 20:58:14.617] [jointLog] [warning] couldn't find transcript named [DQ668365] in transcript <-> gene map; returning transcript as it's own gene
[2021-04-27 20:58:14.617] [jointLog] [warning] couldn't find transcript named [DQ854998] in transcript <-> gene map; returning transcript as it's own gene
[2021-04-27 20:58:14.617] [jointLog] [warning] couldn't find transcript named [DQ883685] in transcript <-> gene map; returning transcript as it's own gene
[2021-04-27 20:58:14.617] [jointLog] [warning] couldn't find transcript named [DQ459422] in transcript <-> gene map; returning transcript as it's own gene
[2021-04-27 20:58:14.617] [jointLog] [warning] couldn't find transcript named [DQ883663] in transcript <-> gene map; returning transcript as it's own gene
[2021-04-27 20:58:14.617] [jointLog] [warning] couldn't find transcript named [DQ668367] in transcript <-> gene map; returning transcript as it's own gene
[2021-04-27 20:58:14.617] [jointLog] [warning] couldn't find transcript named [DQ459412] in transcript <-> gene map; returning transcript as it's own gene
[2021-04-27 20:58:14.617] [jointLog] [warning] couldn't find transcript named [DQ854992] in transcript <-> gene map; returning transcript as it's own gene
[2021-04-27 20:58:14.617] [jointLog] [warning] couldn't find transcript named [DQ516782] in transcript <-> gene map; returning transcript as it's own gene
[2021-04-27 20:58:14.617] [jointLog] [warning] couldn't find transcript named [DQ459427] in transcript <-> gene map; returning transcript as it's own gene
[2021-04-27 20:58:14.617] [jointLog] [warning] couldn't find transcript named [EF011072] in transcript <-> gene map; returning transcript as it's own gene
[2021-04-27 20:58:14.617] [jointLog] [warning] couldn't find transcript named [DQ855003] in transcript <-> gene map; returning transcript as it's own gene
[2021-04-27 20:58:14.617] [jointLog] [warning] couldn't find transcript named [DQ516739] in transcript <-> gene map; returning transcript as it's own gene
[2021-04-27 20:58:14.617] [jointLog] [warning] couldn't find transcript named [EF011063] in transcript <-> gene map; returning transcript as it's own gene
[2021-04-27 20:58:14.617] [jointLog] [warning] couldn't find transcript named [DQ855000] in transcript <-> gene map; returning transcript as it's own gene
[2021-04-27 20:58:14.617] [jointLog] [warning] couldn't find transcript named [DQ516777] in transcript <-> gene map; returning transcript as it's own gene
[2021-04-27 20:58:14.617] [jointLog] [warning] couldn't find transcript named [DQ883646] in transcript <-> gene map; returning transcript as it's own gene
[2021-04-27 20:58:14.617] [jointLog] [warning] couldn't find transcript named [DQ668362] in transcript <-> gene map; returning transcript as it's own gene
[2021-04-27 20:58:14.617] [jointLog] [warning] couldn't find transcript named [DQ854995] in transcript <-> gene map; returning transcript as it's own gene
[2021-04-27 20:58:14.617] [jointLog] [warning] couldn't find transcript named [DQ875386] in transcript <-> gene map; returning transcript as it's own gene
[2021-04-27 20:58:14.617] [jointLog] [warning] couldn't find transcript named [DQ516790] in transcript <-> gene map; returning transcript as it's own gene
[2021-04-27 20:58:14.617] [jointLog] [warning] couldn't find transcript named [DQ883642] in transcript <-> gene map; returning transcript as it's own gene
[2021-04-27 20:58:14.617] [jointLog] [warning] couldn't find transcript named [DQ883659] in transcript <-> gene map; returning transcript as it's own gene
[2021-04-27 20:58:14.617] [jointLog] [warning] couldn't find transcript named [DQ854997] in transcript <-> gene map; returning transcript as it's own gene
[2021-04-27 20:58:14.617] [jointLog] [warning] couldn't find transcript named [DQ883643] in transcript <-> gene map; returning transcript as it's own gene
[2021-04-27 20:58:14.617] [jointLog] [warning] couldn't find transcript named [DQ839618] in transcript <-> gene map; returning transcript as it's own gene
[2021-04-27 20:58:14.617] [jointLog] [warning] couldn't find transcript named [DQ516795] in transcript <-> gene map; returning transcript as it's own gene
[2021-04-27 20:58:14.617] [jointLog] [warning] couldn't find transcript named [DQ883658] in transcript <-> gene map; returning transcript as it's own gene
[2021-04-27 20:58:14.617] [jointLog] [warning] couldn't find transcript named [DQ516750] in transcript <-> gene map; returning transcript as it's own gene
[2021-04-27 20:58:14.617] [jointLog] [warning] couldn't find transcript named [DQ668359] in transcript <-> gene map; returning transcript as it's own gene
[2021-04-27 20:58:14.617] [jointLog] [warning] couldn't find transcript named [DQ516779] in transcript <-> gene map; returning transcript as it's own gene
[2021-04-27 20:58:14.617] [jointLog] [warning] couldn't find transcript named [DQ668363] in transcript <-> gene map; returning transcript as it's own gene
[2021-04-27 20:58:14.617] [jointLog] [warning] couldn't find transcript named [DQ516776] in transcript <-> gene map; returning transcript as it's own gene
[2021-04-27 20:58:14.617] [jointLog] [warning] couldn't find transcript named [DQ516773] in transcript <-> gene map; returning transcript as it's own gene
[2021-04-27 20:58:14.617] [jointLog] [warning] couldn't find transcript named [DQ854994] in transcript <-> gene map; returning transcript as it's own gene
[2021-04-27 20:58:14.617] [jointLog] [info] Aggregating expressions to gene level
[2021-04-27 20:58:14.776] [jointLog] [info] done
