[2021-05-21 18:08:29.368] [jointLog] [info] setting maxHashResizeThreads to 6
[2021-05-21 18:08:29.368] [jointLog] [info] Fragment incompatibility prior below threshold.  Incompatible fragments will be ignored.
[2021-05-21 18:08:29.369] [jointLog] [info] numQuantThreads = 3
[2021-05-21 18:08:32.522] [fileLog] [info] quantification processed 0 fragments so far

[2021-05-21 18:08:32.250] [jointLog] [info] replaced 4 non-ACGT nucleotides with random nucleotides
[2021-05-21 18:08:35.627] [fileLog] [info] quantification processed 1000000 fragments so far

[2021-05-21 18:08:38.572] [fileLog] [info] quantification processed 2000000 fragments so far

[2021-05-21 18:08:40.227] [jointLog] [info] 

The alignment group queue pool has been exhausted.  3478649 extra fragments were allocated on the heap to saturate the pool.  No new fragments will be allocated


[2021-05-21 18:08:46.000] [fileLog] [info] quantification processed 3000000 fragments so far

[2021-05-21 18:08:58.885] [fileLog] [info] quantification processed 4000000 fragments so far

[2021-05-21 18:09:11.752] [fileLog] [info] quantification processed 5000000 fragments so far

[2021-05-21 18:09:24.621] [fileLog] [info] quantification processed 6000000 fragments so far

[2021-05-21 18:09:37.508] [fileLog] [info] quantification processed 7000000 fragments so far

[2021-05-21 18:09:40.489] [fileLog] [info] quantification processed 8000000 fragments so far

[2021-05-21 18:09:43.429] [fileLog] [info] quantification processed 9000000 fragments so far

[2021-05-21 18:09:46.316] [fileLog] [info] quantification processed 10000000 fragments so far

[2021-05-21 18:09:49.224] [fileLog] [info] quantification processed 11000000 fragments so far

[2021-05-21 18:09:52.068] [fileLog] [info] quantification processed 12000000 fragments so far

[2021-05-21 18:09:54.938] [fileLog] [info] quantification processed 13000000 fragments so far

[2021-05-21 18:09:57.809] [fileLog] [info] quantification processed 14000000 fragments so far

[2021-05-21 18:10:00.705] [fileLog] [info] quantification processed 15000000 fragments so far

[2021-05-21 18:10:03.579] [fileLog] [info] quantification processed 16000000 fragments so far

[2021-05-21 18:10:06.439] [fileLog] [info] quantification processed 17000000 fragments so far

[2021-05-21 18:10:09.368] [fileLog] [info] quantification processed 18000000 fragments so far

[2021-05-21 18:10:12.202] [fileLog] [info] quantification processed 19000000 fragments so far

[2021-05-21 18:10:15.061] [fileLog] [info] quantification processed 20000000 fragments so far

[2021-05-21 18:10:17.986] [fileLog] [info] quantification processed 21000000 fragments so far

[2021-05-21 18:10:20.848] [fileLog] [info] quantification processed 22000000 fragments so far

[2021-05-21 18:10:23.747] [fileLog] [info] quantification processed 23000000 fragments so far

[2021-05-21 18:10:26.641] [fileLog] [info] quantification processed 24000000 fragments so far

[2021-05-21 18:10:29.302] [fileLog] [info] quantification processed 24935897 fragments so far

[2021-05-21 18:10:34.502] [jointLog] [info] Thread saw mini-batch with a maximum of 7.20% zero probability fragments
[2021-05-21 18:10:34.506] [jointLog] [info] Thread saw mini-batch with a maximum of 9.70% zero probability fragments
[2021-05-21 18:10:34.507] [jointLog] [info] Thread saw mini-batch with a maximum of 8.00% zero probability fragments
[2021-05-21 18:10:34.507] [jointLog] [info] 


Completed first pass through the alignment file.
Total # of mapped reads : 24935897
# of uniquely mapped reads : 8767542
# ambiguously mapped reads : 16168355



[2021-05-21 18:10:34.614] [jointLog] [info] Computed 148695 rich equivalence classes for further processing
[2021-05-21 18:10:34.614] [jointLog] [info] Counted 24761218 total reads in the equivalence classes 
[2021-05-21 18:10:34.616] [jointLog] [info] starting optimizer
[2021-05-21 18:10:34.697] [jointLog] [info] Marked 0 weighted equivalence classes as degenerate
[2021-05-21 18:10:34.713] [jointLog] [info] iteration = 0 | max rel diff. = 8498.26
[2021-05-21 18:10:35.917] [jointLog] [info] iteration = 100 | max rel diff. = 19.0537
[2021-05-21 18:10:37.088] [jointLog] [info] iteration = 200 | max rel diff. = 19.9625
[2021-05-21 18:10:38.268] [jointLog] [info] iteration = 300 | max rel diff. = 16.6777
[2021-05-21 18:10:39.442] [jointLog] [info] iteration = 400 | max rel diff. = 2.30921
[2021-05-21 18:10:40.608] [jointLog] [info] iteration = 500 | max rel diff. = 1.52471
[2021-05-21 18:10:41.771] [jointLog] [info] iteration = 600 | max rel diff. = 3.92731
[2021-05-21 18:10:42.935] [jointLog] [info] iteration = 700 | max rel diff. = 2.32939
[2021-05-21 18:10:44.115] [jointLog] [info] iteration = 800 | max rel diff. = 1.74557
[2021-05-21 18:10:45.293] [jointLog] [info] iteration = 900 | max rel diff. = 0.46103
[2021-05-21 18:10:46.470] [jointLog] [info] iteration = 1000 | max rel diff. = 0.183372
[2021-05-21 18:10:47.647] [jointLog] [info] iteration = 1100 | max rel diff. = 0.259613
[2021-05-21 18:10:48.826] [jointLog] [info] iteration = 1200 | max rel diff. = 0.617305
[2021-05-21 18:10:49.999] [jointLog] [info] iteration = 1300 | max rel diff. = 4.97474
[2021-05-21 18:10:51.163] [jointLog] [info] iteration = 1400 | max rel diff. = 0.0569282
[2021-05-21 18:10:52.337] [jointLog] [info] iteration = 1500 | max rel diff. = 0.0416762
[2021-05-21 18:10:53.513] [jointLog] [info] iteration = 1600 | max rel diff. = 1.36824
[2021-05-21 18:10:54.791] [jointLog] [info] iteration = 1700 | max rel diff. = 0.356348
[2021-05-21 18:10:56.072] [jointLog] [info] iteration = 1800 | max rel diff. = 0.0368846
[2021-05-21 18:10:57.354] [jointLog] [info] iteration = 1900 | max rel diff. = 0.0221933
[2021-05-21 18:10:58.645] [jointLog] [info] iteration = 2000 | max rel diff. = 0.0556273
[2021-05-21 18:10:59.950] [jointLog] [info] iteration = 2100 | max rel diff. = 0.037914
[2021-05-21 18:11:01.234] [jointLog] [info] iteration = 2200 | max rel diff. = 0.119757
[2021-05-21 18:11:02.527] [jointLog] [info] iteration = 2300 | max rel diff. = 0.123286
[2021-05-21 18:11:02.694] [jointLog] [info] iteration = 2314 | max rel diff. = 0.00346151
[2021-05-21 18:11:02.725] [jointLog] [info] finished optimizer
[2021-05-21 18:11:02.725] [jointLog] [info] writing output
[2021-05-21 18:11:04.296] [jointLog] [info] Computing gene-level abundance estimates
[2021-05-21 18:11:32.171] [jointLog] [warning] Feature has no GFF ID
[2021-05-21 18:11:32.171] [jointLog] [warning] Feature has no GFF ID
[2021-05-21 18:11:32.171] [jointLog] [warning] Feature has no GFF ID
[2021-05-21 18:11:32.171] [jointLog] [warning] Feature has no GFF ID
[2021-05-21 18:11:32.171] [jointLog] [warning] Feature has no GFF ID
[2021-05-21 18:11:32.171] [jointLog] [warning] Feature has no GFF ID
[2021-05-21 18:11:32.171] [jointLog] [warning] Feature has no GFF ID
[2021-05-21 18:11:32.171] [jointLog] [warning] Feature has no GFF ID
[2021-05-21 18:11:32.171] [jointLog] [warning] Feature has no GFF ID
[2021-05-21 18:11:32.171] [jointLog] [warning] Feature has no GFF ID
[2021-05-21 18:11:32.171] [jointLog] [warning] Feature has no GFF ID
[2021-05-21 18:11:32.171] [jointLog] [warning] Feature has no GFF ID
[2021-05-21 18:11:32.171] [jointLog] [warning] Feature has no GFF ID
[2021-05-21 18:11:32.171] [jointLog] [warning] Feature has no GFF ID
[2021-05-21 18:11:32.171] [jointLog] [warning] Feature has no GFF ID
[2021-05-21 18:11:32.171] [jointLog] [warning] Feature has no GFF ID
[2021-05-21 18:11:32.171] [jointLog] [warning] Feature has no GFF ID
[2021-05-21 18:11:32.171] [jointLog] [warning] Feature has no GFF ID
[2021-05-21 18:11:32.171] [jointLog] [warning] Feature has no GFF ID
[2021-05-21 18:11:32.171] [jointLog] [warning] Feature has no GFF ID
[2021-05-21 18:11:32.171] [jointLog] [warning] Feature has no GFF ID
[2021-05-21 18:11:32.171] [jointLog] [warning] Feature has no GFF ID
[2021-05-21 18:11:32.171] [jointLog] [warning] Feature has no GFF ID
[2021-05-21 18:11:32.171] [jointLog] [warning] Feature has no GFF ID
[2021-05-21 18:11:32.171] [jointLog] [warning] Feature has no GFF ID
[2021-05-21 18:11:32.171] [jointLog] [warning] Feature has no GFF ID
[2021-05-21 18:11:32.171] [jointLog] [warning] Feature has no GFF ID
[2021-05-21 18:11:32.171] [jointLog] [warning] Feature has no GFF ID
[2021-05-21 18:11:32.171] [jointLog] [warning] Feature has no GFF ID
[2021-05-21 18:11:32.171] [jointLog] [warning] Feature has no GFF ID
[2021-05-21 18:11:32.171] [jointLog] [warning] Feature has no GFF ID
[2021-05-21 18:11:32.171] [jointLog] [warning] Feature has no GFF ID
[2021-05-21 18:11:32.171] [jointLog] [warning] Feature has no GFF ID
[2021-05-21 18:11:32.171] [jointLog] [warning] Feature has no GFF ID
[2021-05-21 18:11:32.171] [jointLog] [warning] Feature has no GFF ID
[2021-05-21 18:11:32.171] [jointLog] [warning] Feature has no GFF ID
[2021-05-21 18:11:32.171] [jointLog] [warning] Feature has no GFF ID
[2021-05-21 18:11:32.171] [jointLog] [warning] Feature has no GFF ID
[2021-05-21 18:11:32.171] [jointLog] [warning] Feature has no GFF ID
[2021-05-21 18:11:32.171] [jointLog] [warning] Feature has no GFF ID
[2021-05-21 18:11:32.171] [jointLog] [warning] Feature has no GFF ID
[2021-05-21 18:11:32.171] [jointLog] [warning] Feature has no GFF ID
[2021-05-21 18:11:32.171] [jointLog] [warning] Feature has no GFF ID
[2021-05-21 18:11:32.171] [jointLog] [warning] Feature has no GFF ID
[2021-05-21 18:11:32.171] [jointLog] [warning] Feature has no GFF ID
[2021-05-21 18:11:32.171] [jointLog] [warning] Feature has no GFF ID
[2021-05-21 18:11:32.171] [jointLog] [warning] Feature has no GFF ID
[2021-05-21 18:11:32.171] [jointLog] [warning] Feature has no GFF ID
[2021-05-21 18:11:32.171] [jointLog] [warning] Feature has no GFF ID
[2021-05-21 18:11:32.171] [jointLog] [warning] Feature has no GFF ID
[2021-05-21 18:11:32.171] [jointLog] [warning] Feature has no GFF ID
[2021-05-21 18:11:32.171] [jointLog] [warning] Feature has no GFF ID
[2021-05-21 18:11:32.171] [jointLog] [warning] Feature has no GFF ID
[2021-05-21 18:11:32.171] [jointLog] [warning] Feature has no GFF ID
[2021-05-21 18:11:32.171] [jointLog] [warning] Feature has no GFF ID
[2021-05-21 18:11:32.171] [jointLog] [warning] Feature has no GFF ID
[2021-05-21 18:11:32.171] [jointLog] [warning] Feature has no GFF ID
[2021-05-21 18:11:32.171] [jointLog] [warning] Feature has no GFF ID
[2021-05-21 18:11:32.171] [jointLog] [warning] Feature has no GFF ID
[2021-05-21 18:11:32.171] [jointLog] [warning] Feature has no GFF ID
[2021-05-21 18:11:32.171] [jointLog] [warning] Feature has no GFF ID
[2021-05-21 18:11:32.171] [jointLog] [warning] Feature has no GFF ID
[2021-05-21 18:11:32.171] [jointLog] [warning] Feature has no GFF ID
[2021-05-21 18:11:32.171] [jointLog] [warning] Feature has no GFF ID
[2021-05-21 18:11:32.171] [jointLog] [warning] Feature has no GFF ID
[2021-05-21 18:11:32.171] [jointLog] [warning] Feature has no GFF ID
[2021-05-21 18:11:32.171] [jointLog] [warning] Feature has no GFF ID
[2021-05-21 18:11:32.171] [jointLog] [warning] Feature has no GFF ID
[2021-05-21 18:11:32.171] [jointLog] [warning] Feature has no GFF ID
[2021-05-21 18:11:32.171] [jointLog] [warning] Feature has no GFF ID
[2021-05-21 18:11:32.171] [jointLog] [warning] Feature has no GFF ID
[2021-05-21 18:11:32.171] [jointLog] [warning] Feature has no GFF ID
[2021-05-21 18:11:32.171] [jointLog] [warning] Feature has no GFF ID
[2021-05-21 18:11:32.171] [jointLog] [warning] Feature has no GFF ID
[2021-05-21 18:11:32.171] [jointLog] [warning] Feature has no GFF ID
[2021-05-21 18:11:32.171] [jointLog] [warning] Feature has no GFF ID
[2021-05-21 18:11:32.171] [jointLog] [warning] Feature has no GFF ID
[2021-05-21 18:11:32.171] [jointLog] [warning] Feature has no GFF ID
[2021-05-21 18:11:32.171] [jointLog] [warning] Feature has no GFF ID
[2021-05-21 18:11:32.171] [jointLog] [warning] Feature has no GFF ID
[2021-05-21 18:11:32.171] [jointLog] [warning] Feature has no GFF ID
[2021-05-21 18:11:32.171] [jointLog] [warning] Feature has no GFF ID
[2021-05-21 18:11:32.171] [jointLog] [warning] Feature has no GFF ID
[2021-05-21 18:11:32.171] [jointLog] [warning] Feature has no GFF ID
[2021-05-21 18:11:32.171] [jointLog] [warning] Feature has no GFF ID
[2021-05-21 18:11:32.171] [jointLog] [warning] Feature has no GFF ID
[2021-05-21 18:11:32.171] [jointLog] [warning] Feature has no GFF ID
[2021-05-21 18:11:32.171] [jointLog] [warning] Feature has no GFF ID
[2021-05-21 18:11:32.171] [jointLog] [warning] Feature has no GFF ID
[2021-05-21 18:11:32.171] [jointLog] [warning] Feature has no GFF ID
[2021-05-21 18:11:32.171] [jointLog] [warning] Feature has no GFF ID
[2021-05-21 18:11:32.171] [jointLog] [warning] Feature has no GFF ID
[2021-05-21 18:11:32.475] [jointLog] [info] There were 142604 transcripts mapping to 55401 genes
[2021-05-21 18:11:32.475] [jointLog] [info] NOTE: We recommend using tximport (https://bioconductor.org/packages/release/bioc/html/tximport.html) for aggregating transcript-level salmon abundance estimates to the gene level.  It is more versatile, exposes more features, and allows considering multi-sample information during aggregation.
[2021-05-21 18:11:32.745] [jointLog] [warning] couldn't find transcript named [DQ459430] in transcript <-> gene map; returning transcript as it's own gene
[2021-05-21 18:11:32.745] [jointLog] [warning] couldn't find transcript named [DQ516784] in transcript <-> gene map; returning transcript as it's own gene
[2021-05-21 18:11:32.745] [jointLog] [warning] couldn't find transcript named [DQ516752] in transcript <-> gene map; returning transcript as it's own gene
[2021-05-21 18:11:32.745] [jointLog] [warning] couldn't find transcript named [DQ668364] in transcript <-> gene map; returning transcript as it's own gene
[2021-05-21 18:11:32.745] [jointLog] [warning] couldn't find transcript named [DQ883670] in transcript <-> gene map; returning transcript as it's own gene
[2021-05-21 18:11:32.745] [jointLog] [warning] couldn't find transcript named [EF011062] in transcript <-> gene map; returning transcript as it's own gene
[2021-05-21 18:11:32.745] [jointLog] [warning] couldn't find transcript named [DQ875385] in transcript <-> gene map; returning transcript as it's own gene
[2021-05-21 18:11:32.745] [jointLog] [warning] couldn't find transcript named [DQ883664] in transcript <-> gene map; returning transcript as it's own gene
[2021-05-21 18:11:32.745] [jointLog] [warning] couldn't find transcript named [DQ459420] in transcript <-> gene map; returning transcript as it's own gene
[2021-05-21 18:11:32.745] [jointLog] [warning] couldn't find transcript named [DQ883651] in transcript <-> gene map; returning transcript as it's own gene
[2021-05-21 18:11:32.745] [jointLog] [warning] couldn't find transcript named [DQ855004] in transcript <-> gene map; returning transcript as it's own gene
[2021-05-21 18:11:32.745] [jointLog] [warning] couldn't find transcript named [DQ854993] in transcript <-> gene map; returning transcript as it's own gene
[2021-05-21 18:11:32.745] [jointLog] [warning] couldn't find transcript named [DQ883689] in transcript <-> gene map; returning transcript as it's own gene
[2021-05-21 18:11:32.745] [jointLog] [warning] couldn't find transcript named [DQ459419] in transcript <-> gene map; returning transcript as it's own gene
[2021-05-21 18:11:32.745] [jointLog] [warning] couldn't find transcript named [DQ459431] in transcript <-> gene map; returning transcript as it's own gene
[2021-05-21 18:11:32.745] [jointLog] [warning] couldn't find transcript named [DQ516796] in transcript <-> gene map; returning transcript as it's own gene
[2021-05-21 18:11:32.745] [jointLog] [warning] couldn't find transcript named [DQ855001] in transcript <-> gene map; returning transcript as it's own gene
[2021-05-21 18:11:32.745] [jointLog] [warning] couldn't find transcript named [DQ459413] in transcript <-> gene map; returning transcript as it's own gene
[2021-05-21 18:11:32.745] [jointLog] [warning] couldn't find transcript named [DQ883656] in transcript <-> gene map; returning transcript as it's own gene
[2021-05-21 18:11:32.745] [jointLog] [warning] couldn't find transcript named [DQ883661] in transcript <-> gene map; returning transcript as it's own gene
[2021-05-21 18:11:32.745] [jointLog] [warning] couldn't find transcript named [EF011069] in transcript <-> gene map; returning transcript as it's own gene
[2021-05-21 18:11:32.745] [jointLog] [warning] couldn't find transcript named [DQ516783] in transcript <-> gene map; returning transcript as it's own gene
[2021-05-21 18:11:32.745] [jointLog] [warning] couldn't find transcript named [DQ516787] in transcript <-> gene map; returning transcript as it's own gene
[2021-05-21 18:11:32.745] [jointLog] [warning] couldn't find transcript named [DQ459424] in transcript <-> gene map; returning transcript as it's own gene
[2021-05-21 18:11:32.745] [jointLog] [warning] couldn't find transcript named [DQ516748] in transcript <-> gene map; returning transcript as it's own gene
[2021-05-21 18:11:32.745] [jointLog] [warning] couldn't find transcript named [DQ883671] in transcript <-> gene map; returning transcript as it's own gene
[2021-05-21 18:11:32.745] [jointLog] [warning] couldn't find transcript named [DQ516740] in transcript <-> gene map; returning transcript as it's own gene
[2021-05-21 18:11:32.745] [jointLog] [warning] couldn't find transcript named [DQ516785] in transcript <-> gene map; returning transcript as it's own gene
[2021-05-21 18:11:32.745] [jointLog] [warning] couldn't find transcript named [DQ516731] in transcript <-> gene map; returning transcript as it's own gene
[2021-05-21 18:11:32.745] [jointLog] [warning] couldn't find transcript named [DQ668366] in transcript <-> gene map; returning transcript as it's own gene
[2021-05-21 18:11:32.745] [jointLog] [warning] couldn't find transcript named [DQ459418] in transcript <-> gene map; returning transcript as it's own gene
[2021-05-21 18:11:32.745] [jointLog] [warning] couldn't find transcript named [DQ668356] in transcript <-> gene map; returning transcript as it's own gene
[2021-05-21 18:11:32.745] [jointLog] [warning] couldn't find transcript named [DQ516763] in transcript <-> gene map; returning transcript as it's own gene
[2021-05-21 18:11:32.745] [jointLog] [warning] couldn't find transcript named [DQ459426] in transcript <-> gene map; returning transcript as it's own gene
[2021-05-21 18:11:32.745] [jointLog] [warning] couldn't find transcript named [DQ516786] in transcript <-> gene map; returning transcript as it's own gene
[2021-05-21 18:11:32.745] [jointLog] [warning] couldn't find transcript named [DQ883653] in transcript <-> gene map; returning transcript as it's own gene
[2021-05-21 18:11:32.745] [jointLog] [warning] couldn't find transcript named [DQ459421] in transcript <-> gene map; returning transcript as it's own gene
[2021-05-21 18:11:32.745] [jointLog] [warning] couldn't find transcript named [DQ883654] in transcript <-> gene map; returning transcript as it's own gene
[2021-05-21 18:11:32.745] [jointLog] [warning] couldn't find transcript named [DQ668358] in transcript <-> gene map; returning transcript as it's own gene
[2021-05-21 18:11:32.745] [jointLog] [warning] couldn't find transcript named [DQ516754] in transcript <-> gene map; returning transcript as it's own gene
[2021-05-21 18:11:32.745] [jointLog] [warning] couldn't find transcript named [DQ516778] in transcript <-> gene map; returning transcript as it's own gene
[2021-05-21 18:11:32.745] [jointLog] [warning] couldn't find transcript named [DQ883650] in transcript <-> gene map; returning transcript as it's own gene
[2021-05-21 18:11:32.745] [jointLog] [warning] couldn't find transcript named [DQ516742] in transcript <-> gene map; returning transcript as it's own gene
[2021-05-21 18:11:32.745] [jointLog] [warning] couldn't find transcript named [DQ883673] in transcript <-> gene map; returning transcript as it's own gene
[2021-05-21 18:11:32.745] [jointLog] [warning] couldn't find transcript named [DQ883652] in transcript <-> gene map; returning transcript as it's own gene
[2021-05-21 18:11:32.745] [jointLog] [warning] couldn't find transcript named [DQ854991] in transcript <-> gene map; returning transcript as it's own gene
[2021-05-21 18:11:32.745] [jointLog] [warning] couldn't find transcript named [DQ516780] in transcript <-> gene map; returning transcript as it's own gene
[2021-05-21 18:11:32.745] [jointLog] [warning] couldn't find transcript named [DQ883682] in transcript <-> gene map; returning transcript as it's own gene
[2021-05-21 18:11:32.745] [jointLog] [warning] couldn't find transcript named [DQ883669] in transcript <-> gene map; returning transcript as it's own gene
[2021-05-21 18:11:32.745] [jointLog] [warning] couldn't find transcript named [DQ516791] in transcript <-> gene map; returning transcript as it's own gene
[2021-05-21 18:11:32.745] [jointLog] [warning] couldn't find transcript named [DQ459425] in transcript <-> gene map; returning transcript as it's own gene
[2021-05-21 18:11:32.745] [jointLog] [warning] couldn't find transcript named [DQ516759] in transcript <-> gene map; returning transcript as it's own gene
[2021-05-21 18:11:32.745] [jointLog] [warning] couldn't find transcript named [DQ459429] in transcript <-> gene map; returning transcript as it's own gene
[2021-05-21 18:11:32.745] [jointLog] [warning] couldn't find transcript named [DQ516758] in transcript <-> gene map; returning transcript as it's own gene
[2021-05-21 18:11:32.745] [jointLog] [warning] couldn't find transcript named [DQ459415] in transcript <-> gene map; returning transcript as it's own gene
[2021-05-21 18:11:32.745] [jointLog] [warning] couldn't find transcript named [DQ875387] in transcript <-> gene map; returning transcript as it's own gene
[2021-05-21 18:11:32.745] [jointLog] [warning] couldn't find transcript named [DQ516815] in transcript <-> gene map; returning transcript as it's own gene
[2021-05-21 18:11:32.745] [jointLog] [warning] couldn't find transcript named [DQ668365] in transcript <-> gene map; returning transcript as it's own gene
[2021-05-21 18:11:32.745] [jointLog] [warning] couldn't find transcript named [DQ854998] in transcript <-> gene map; returning transcript as it's own gene
[2021-05-21 18:11:32.745] [jointLog] [warning] couldn't find transcript named [DQ883685] in transcript <-> gene map; returning transcript as it's own gene
[2021-05-21 18:11:32.745] [jointLog] [warning] couldn't find transcript named [DQ459422] in transcript <-> gene map; returning transcript as it's own gene
[2021-05-21 18:11:32.745] [jointLog] [warning] couldn't find transcript named [DQ883663] in transcript <-> gene map; returning transcript as it's own gene
[2021-05-21 18:11:32.745] [jointLog] [warning] couldn't find transcript named [DQ668367] in transcript <-> gene map; returning transcript as it's own gene
[2021-05-21 18:11:32.745] [jointLog] [warning] couldn't find transcript named [DQ459412] in transcript <-> gene map; returning transcript as it's own gene
[2021-05-21 18:11:32.745] [jointLog] [warning] couldn't find transcript named [DQ854992] in transcript <-> gene map; returning transcript as it's own gene
[2021-05-21 18:11:32.745] [jointLog] [warning] couldn't find transcript named [DQ516782] in transcript <-> gene map; returning transcript as it's own gene
[2021-05-21 18:11:32.745] [jointLog] [warning] couldn't find transcript named [DQ459427] in transcript <-> gene map; returning transcript as it's own gene
[2021-05-21 18:11:32.745] [jointLog] [warning] couldn't find transcript named [EF011072] in transcript <-> gene map; returning transcript as it's own gene
[2021-05-21 18:11:32.745] [jointLog] [warning] couldn't find transcript named [DQ855003] in transcript <-> gene map; returning transcript as it's own gene
[2021-05-21 18:11:32.745] [jointLog] [warning] couldn't find transcript named [DQ516739] in transcript <-> gene map; returning transcript as it's own gene
[2021-05-21 18:11:32.745] [jointLog] [warning] couldn't find transcript named [EF011063] in transcript <-> gene map; returning transcript as it's own gene
[2021-05-21 18:11:32.745] [jointLog] [warning] couldn't find transcript named [DQ855000] in transcript <-> gene map; returning transcript as it's own gene
[2021-05-21 18:11:32.745] [jointLog] [warning] couldn't find transcript named [DQ516777] in transcript <-> gene map; returning transcript as it's own gene
[2021-05-21 18:11:32.745] [jointLog] [warning] couldn't find transcript named [DQ883646] in transcript <-> gene map; returning transcript as it's own gene
[2021-05-21 18:11:32.745] [jointLog] [warning] couldn't find transcript named [DQ668362] in transcript <-> gene map; returning transcript as it's own gene
[2021-05-21 18:11:32.745] [jointLog] [warning] couldn't find transcript named [DQ854995] in transcript <-> gene map; returning transcript as it's own gene
[2021-05-21 18:11:32.745] [jointLog] [warning] couldn't find transcript named [DQ875386] in transcript <-> gene map; returning transcript as it's own gene
[2021-05-21 18:11:32.745] [jointLog] [warning] couldn't find transcript named [DQ516790] in transcript <-> gene map; returning transcript as it's own gene
[2021-05-21 18:11:32.745] [jointLog] [warning] couldn't find transcript named [DQ883642] in transcript <-> gene map; returning transcript as it's own gene
[2021-05-21 18:11:32.745] [jointLog] [warning] couldn't find transcript named [DQ883659] in transcript <-> gene map; returning transcript as it's own gene
[2021-05-21 18:11:32.745] [jointLog] [warning] couldn't find transcript named [DQ854997] in transcript <-> gene map; returning transcript as it's own gene
[2021-05-21 18:11:32.745] [jointLog] [warning] couldn't find transcript named [DQ883643] in transcript <-> gene map; returning transcript as it's own gene
[2021-05-21 18:11:32.745] [jointLog] [warning] couldn't find transcript named [DQ839618] in transcript <-> gene map; returning transcript as it's own gene
[2021-05-21 18:11:32.745] [jointLog] [warning] couldn't find transcript named [DQ516795] in transcript <-> gene map; returning transcript as it's own gene
[2021-05-21 18:11:32.745] [jointLog] [warning] couldn't find transcript named [DQ883658] in transcript <-> gene map; returning transcript as it's own gene
[2021-05-21 18:11:32.745] [jointLog] [warning] couldn't find transcript named [DQ516750] in transcript <-> gene map; returning transcript as it's own gene
[2021-05-21 18:11:32.745] [jointLog] [warning] couldn't find transcript named [DQ668359] in transcript <-> gene map; returning transcript as it's own gene
[2021-05-21 18:11:32.745] [jointLog] [warning] couldn't find transcript named [DQ516779] in transcript <-> gene map; returning transcript as it's own gene
[2021-05-21 18:11:32.745] [jointLog] [warning] couldn't find transcript named [DQ668363] in transcript <-> gene map; returning transcript as it's own gene
[2021-05-21 18:11:32.745] [jointLog] [warning] couldn't find transcript named [DQ516776] in transcript <-> gene map; returning transcript as it's own gene
[2021-05-21 18:11:32.745] [jointLog] [warning] couldn't find transcript named [DQ516773] in transcript <-> gene map; returning transcript as it's own gene
[2021-05-21 18:11:32.745] [jointLog] [warning] couldn't find transcript named [DQ854994] in transcript <-> gene map; returning transcript as it's own gene
[2021-05-21 18:11:32.745] [jointLog] [info] Aggregating expressions to gene level
[2021-05-21 18:11:32.896] [jointLog] [info] done
