[2021-04-27 20:24:26.828] [jointLog] [info] setting maxHashResizeThreads to 6
[2021-04-27 20:24:26.828] [jointLog] [info] Fragment incompatibility prior below threshold.  Incompatible fragments will be ignored.
[2021-04-27 20:24:26.856] [jointLog] [info] numQuantThreads = 3
[2021-04-27 20:24:30.504] [jointLog] [info] replaced 4 non-ACGT nucleotides with random nucleotides
[2021-04-27 20:24:30.765] [fileLog] [info] quantification processed 0 fragments so far

[2021-04-27 20:24:33.805] [fileLog] [info] quantification processed 1000000 fragments so far

[2021-04-27 20:24:37.140] [fileLog] [info] quantification processed 2000000 fragments so far

[2021-04-27 20:24:38.899] [jointLog] [info] 

The alignment group queue pool has been exhausted.  3370289 extra fragments were allocated on the heap to saturate the pool.  No new fragments will be allocated


[2021-04-27 20:24:45.327] [fileLog] [info] quantification processed 3000000 fragments so far

[2021-04-27 20:24:59.455] [fileLog] [info] quantification processed 4000000 fragments so far

[2021-04-27 20:25:13.593] [fileLog] [info] quantification processed 5000000 fragments so far

[2021-04-27 20:25:27.738] [fileLog] [info] quantification processed 6000000 fragments so far

[2021-04-27 20:25:41.819] [fileLog] [info] quantification processed 7000000 fragments so far

[2021-04-27 20:25:45.092] [fileLog] [info] quantification processed 8000000 fragments so far

[2021-04-27 20:25:48.294] [fileLog] [info] quantification processed 9000000 fragments so far

[2021-04-27 20:25:51.445] [fileLog] [info] quantification processed 10000000 fragments so far

[2021-04-27 20:25:54.551] [fileLog] [info] quantification processed 11000000 fragments so far

[2021-04-27 20:25:57.676] [fileLog] [info] quantification processed 12000000 fragments so far

[2021-04-27 20:26:00.940] [fileLog] [info] quantification processed 13000000 fragments so far

[2021-04-27 20:26:04.080] [fileLog] [info] quantification processed 14000000 fragments so far

[2021-04-27 20:26:07.182] [fileLog] [info] quantification processed 15000000 fragments so far

[2021-04-27 20:26:10.263] [fileLog] [info] quantification processed 16000000 fragments so far

[2021-04-27 20:26:13.423] [fileLog] [info] quantification processed 17000000 fragments so far

[2021-04-27 20:26:16.530] [fileLog] [info] quantification processed 18000000 fragments so far

[2021-04-27 20:26:19.632] [fileLog] [info] quantification processed 19000000 fragments so far

[2021-04-27 20:26:22.772] [fileLog] [info] quantification processed 20000000 fragments so far

[2021-04-27 20:26:25.855] [fileLog] [info] quantification processed 21000000 fragments so far

[2021-04-27 20:26:28.998] [fileLog] [info] quantification processed 22000000 fragments so far

[2021-04-27 20:26:32.097] [fileLog] [info] quantification processed 23000000 fragments so far

[2021-04-27 20:26:35.229] [fileLog] [info] quantification processed 24000000 fragments so far

[2021-04-27 20:26:38.429] [fileLog] [info] quantification processed 25000000 fragments so far

[2021-04-27 20:26:41.567] [fileLog] [info] quantification processed 26000000 fragments so far

[2021-04-27 20:26:44.706] [fileLog] [info] quantification processed 27000000 fragments so far

[2021-04-27 20:26:47.860] [fileLog] [info] quantification processed 28000000 fragments so far

[2021-04-27 20:26:51.051] [fileLog] [info] quantification processed 29000000 fragments so far

[2021-04-27 20:26:54.160] [fileLog] [info] quantification processed 30000000 fragments so far

[2021-04-27 20:26:54.801] [fileLog] [info] quantification processed 30202884 fragments so far

[2021-04-27 20:27:00.857] [jointLog] [info] Thread saw mini-batch with a maximum of 5.40% zero probability fragments
[2021-04-27 20:27:00.860] [jointLog] [info] Thread saw mini-batch with a maximum of 7.00% zero probability fragments
[2021-04-27 20:27:00.862] [jointLog] [info] Thread saw mini-batch with a maximum of 5.50% zero probability fragments
[2021-04-27 20:27:00.863] [jointLog] [info] 


Completed first pass through the alignment file.
Total # of mapped reads : 30202884
# of uniquely mapped reads : 10901238
# ambiguously mapped reads : 19301646



[2021-04-27 20:27:00.985] [jointLog] [info] Computed 192912 rich equivalence classes for further processing
[2021-04-27 20:27:00.985] [jointLog] [info] Counted 29973682 total reads in the equivalence classes 
[2021-04-27 20:27:00.987] [jointLog] [info] starting optimizer
[2021-04-27 20:27:01.080] [jointLog] [info] Marked 0 weighted equivalence classes as degenerate
[2021-04-27 20:27:01.098] [jointLog] [info] iteration = 0 | max rel diff. = 8184.14
[2021-04-27 20:27:02.526] [jointLog] [info] iteration = 100 | max rel diff. = 9.46501
[2021-04-27 20:27:03.930] [jointLog] [info] iteration = 200 | max rel diff. = 3.75752
[2021-04-27 20:27:05.327] [jointLog] [info] iteration = 300 | max rel diff. = 20.5993
[2021-04-27 20:27:06.721] [jointLog] [info] iteration = 400 | max rel diff. = 4.78018
[2021-04-27 20:27:08.124] [jointLog] [info] iteration = 500 | max rel diff. = 2.61089
[2021-04-27 20:27:09.521] [jointLog] [info] iteration = 600 | max rel diff. = 1.39291
[2021-04-27 20:27:10.920] [jointLog] [info] iteration = 700 | max rel diff. = 0.711076
[2021-04-27 20:27:12.316] [jointLog] [info] iteration = 800 | max rel diff. = 15.8131
[2021-04-27 20:27:13.724] [jointLog] [info] iteration = 900 | max rel diff. = 0.10829
[2021-04-27 20:27:15.121] [jointLog] [info] iteration = 1000 | max rel diff. = 0.186463
[2021-04-27 20:27:16.530] [jointLog] [info] iteration = 1100 | max rel diff. = 0.236312
[2021-04-27 20:27:17.931] [jointLog] [info] iteration = 1200 | max rel diff. = 0.03168
[2021-04-27 20:27:19.327] [jointLog] [info] iteration = 1300 | max rel diff. = 0.0242682
[2021-04-27 20:27:20.721] [jointLog] [info] iteration = 1400 | max rel diff. = 0.248942
[2021-04-27 20:27:22.113] [jointLog] [info] iteration = 1500 | max rel diff. = 0.118805
[2021-04-27 20:27:23.527] [jointLog] [info] iteration = 1600 | max rel diff. = 0.0565348
[2021-04-27 20:27:24.920] [jointLog] [info] iteration = 1700 | max rel diff. = 0.222724
[2021-04-27 20:27:25.607] [jointLog] [info] iteration = 1750 | max rel diff. = 0.00337627
[2021-04-27 20:27:25.636] [jointLog] [info] finished optimizer
[2021-04-27 20:27:25.636] [jointLog] [info] writing output
[2021-04-27 20:27:27.303] [jointLog] [info] Computing gene-level abundance estimates
[2021-04-27 20:27:55.721] [jointLog] [warning] Feature has no GFF ID
[2021-04-27 20:27:55.721] [jointLog] [warning] Feature has no GFF ID
[2021-04-27 20:27:55.721] [jointLog] [warning] Feature has no GFF ID
[2021-04-27 20:27:55.721] [jointLog] [warning] Feature has no GFF ID
[2021-04-27 20:27:55.721] [jointLog] [warning] Feature has no GFF ID
[2021-04-27 20:27:55.721] [jointLog] [warning] Feature has no GFF ID
[2021-04-27 20:27:55.721] [jointLog] [warning] Feature has no GFF ID
[2021-04-27 20:27:55.721] [jointLog] [warning] Feature has no GFF ID
[2021-04-27 20:27:55.721] [jointLog] [warning] Feature has no GFF ID
[2021-04-27 20:27:55.721] [jointLog] [warning] Feature has no GFF ID
[2021-04-27 20:27:55.721] [jointLog] [warning] Feature has no GFF ID
[2021-04-27 20:27:55.721] [jointLog] [warning] Feature has no GFF ID
[2021-04-27 20:27:55.721] [jointLog] [warning] Feature has no GFF ID
[2021-04-27 20:27:55.721] [jointLog] [warning] Feature has no GFF ID
[2021-04-27 20:27:55.721] [jointLog] [warning] Feature has no GFF ID
[2021-04-27 20:27:55.721] [jointLog] [warning] Feature has no GFF ID
[2021-04-27 20:27:55.721] [jointLog] [warning] Feature has no GFF ID
[2021-04-27 20:27:55.721] [jointLog] [warning] Feature has no GFF ID
[2021-04-27 20:27:55.721] [jointLog] [warning] Feature has no GFF ID
[2021-04-27 20:27:55.721] [jointLog] [warning] Feature has no GFF ID
[2021-04-27 20:27:55.721] [jointLog] [warning] Feature has no GFF ID
[2021-04-27 20:27:55.721] [jointLog] [warning] Feature has no GFF ID
[2021-04-27 20:27:55.721] [jointLog] [warning] Feature has no GFF ID
[2021-04-27 20:27:55.721] [jointLog] [warning] Feature has no GFF ID
[2021-04-27 20:27:55.721] [jointLog] [warning] Feature has no GFF ID
[2021-04-27 20:27:55.721] [jointLog] [warning] Feature has no GFF ID
[2021-04-27 20:27:55.721] [jointLog] [warning] Feature has no GFF ID
[2021-04-27 20:27:55.721] [jointLog] [warning] Feature has no GFF ID
[2021-04-27 20:27:55.721] [jointLog] [warning] Feature has no GFF ID
[2021-04-27 20:27:55.721] [jointLog] [warning] Feature has no GFF ID
[2021-04-27 20:27:55.721] [jointLog] [warning] Feature has no GFF ID
[2021-04-27 20:27:55.721] [jointLog] [warning] Feature has no GFF ID
[2021-04-27 20:27:55.721] [jointLog] [warning] Feature has no GFF ID
[2021-04-27 20:27:55.721] [jointLog] [warning] Feature has no GFF ID
[2021-04-27 20:27:55.721] [jointLog] [warning] Feature has no GFF ID
[2021-04-27 20:27:55.721] [jointLog] [warning] Feature has no GFF ID
[2021-04-27 20:27:55.721] [jointLog] [warning] Feature has no GFF ID
[2021-04-27 20:27:55.721] [jointLog] [warning] Feature has no GFF ID
[2021-04-27 20:27:55.721] [jointLog] [warning] Feature has no GFF ID
[2021-04-27 20:27:55.721] [jointLog] [warning] Feature has no GFF ID
[2021-04-27 20:27:55.721] [jointLog] [warning] Feature has no GFF ID
[2021-04-27 20:27:55.721] [jointLog] [warning] Feature has no GFF ID
[2021-04-27 20:27:55.721] [jointLog] [warning] Feature has no GFF ID
[2021-04-27 20:27:55.721] [jointLog] [warning] Feature has no GFF ID
[2021-04-27 20:27:55.721] [jointLog] [warning] Feature has no GFF ID
[2021-04-27 20:27:55.721] [jointLog] [warning] Feature has no GFF ID
[2021-04-27 20:27:55.721] [jointLog] [warning] Feature has no GFF ID
[2021-04-27 20:27:55.721] [jointLog] [warning] Feature has no GFF ID
[2021-04-27 20:27:55.721] [jointLog] [warning] Feature has no GFF ID
[2021-04-27 20:27:55.721] [jointLog] [warning] Feature has no GFF ID
[2021-04-27 20:27:55.721] [jointLog] [warning] Feature has no GFF ID
[2021-04-27 20:27:55.721] [jointLog] [warning] Feature has no GFF ID
[2021-04-27 20:27:55.721] [jointLog] [warning] Feature has no GFF ID
[2021-04-27 20:27:55.721] [jointLog] [warning] Feature has no GFF ID
[2021-04-27 20:27:55.721] [jointLog] [warning] Feature has no GFF ID
[2021-04-27 20:27:55.721] [jointLog] [warning] Feature has no GFF ID
[2021-04-27 20:27:55.721] [jointLog] [warning] Feature has no GFF ID
[2021-04-27 20:27:55.721] [jointLog] [warning] Feature has no GFF ID
[2021-04-27 20:27:55.721] [jointLog] [warning] Feature has no GFF ID
[2021-04-27 20:27:55.721] [jointLog] [warning] Feature has no GFF ID
[2021-04-27 20:27:55.721] [jointLog] [warning] Feature has no GFF ID
[2021-04-27 20:27:55.721] [jointLog] [warning] Feature has no GFF ID
[2021-04-27 20:27:55.721] [jointLog] [warning] Feature has no GFF ID
[2021-04-27 20:27:55.721] [jointLog] [warning] Feature has no GFF ID
[2021-04-27 20:27:55.721] [jointLog] [warning] Feature has no GFF ID
[2021-04-27 20:27:55.721] [jointLog] [warning] Feature has no GFF ID
[2021-04-27 20:27:55.721] [jointLog] [warning] Feature has no GFF ID
[2021-04-27 20:27:55.721] [jointLog] [warning] Feature has no GFF ID
[2021-04-27 20:27:55.721] [jointLog] [warning] Feature has no GFF ID
[2021-04-27 20:27:55.721] [jointLog] [warning] Feature has no GFF ID
[2021-04-27 20:27:55.721] [jointLog] [warning] Feature has no GFF ID
[2021-04-27 20:27:55.721] [jointLog] [warning] Feature has no GFF ID
[2021-04-27 20:27:55.721] [jointLog] [warning] Feature has no GFF ID
[2021-04-27 20:27:55.721] [jointLog] [warning] Feature has no GFF ID
[2021-04-27 20:27:55.721] [jointLog] [warning] Feature has no GFF ID
[2021-04-27 20:27:55.721] [jointLog] [warning] Feature has no GFF ID
[2021-04-27 20:27:55.721] [jointLog] [warning] Feature has no GFF ID
[2021-04-27 20:27:55.721] [jointLog] [warning] Feature has no GFF ID
[2021-04-27 20:27:55.721] [jointLog] [warning] Feature has no GFF ID
[2021-04-27 20:27:55.721] [jointLog] [warning] Feature has no GFF ID
[2021-04-27 20:27:55.721] [jointLog] [warning] Feature has no GFF ID
[2021-04-27 20:27:55.721] [jointLog] [warning] Feature has no GFF ID
[2021-04-27 20:27:55.721] [jointLog] [warning] Feature has no GFF ID
[2021-04-27 20:27:55.721] [jointLog] [warning] Feature has no GFF ID
[2021-04-27 20:27:55.721] [jointLog] [warning] Feature has no GFF ID
[2021-04-27 20:27:55.721] [jointLog] [warning] Feature has no GFF ID
[2021-04-27 20:27:55.721] [jointLog] [warning] Feature has no GFF ID
[2021-04-27 20:27:55.721] [jointLog] [warning] Feature has no GFF ID
[2021-04-27 20:27:55.721] [jointLog] [warning] Feature has no GFF ID
[2021-04-27 20:27:55.721] [jointLog] [warning] Feature has no GFF ID
[2021-04-27 20:27:55.721] [jointLog] [warning] Feature has no GFF ID
[2021-04-27 20:27:55.721] [jointLog] [warning] Feature has no GFF ID
[2021-04-27 20:27:56.016] [jointLog] [info] There were 142604 transcripts mapping to 55401 genes
[2021-04-27 20:27:56.016] [jointLog] [info] NOTE: We recommend using tximport (https://bioconductor.org/packages/release/bioc/html/tximport.html) for aggregating transcript-level salmon abundance estimates to the gene level.  It is more versatile, exposes more features, and allows considering multi-sample information during aggregation.
[2021-04-27 20:27:56.346] [jointLog] [warning] couldn't find transcript named [DQ459430] in transcript <-> gene map; returning transcript as it's own gene
[2021-04-27 20:27:56.346] [jointLog] [warning] couldn't find transcript named [DQ516784] in transcript <-> gene map; returning transcript as it's own gene
[2021-04-27 20:27:56.346] [jointLog] [warning] couldn't find transcript named [DQ516752] in transcript <-> gene map; returning transcript as it's own gene
[2021-04-27 20:27:56.346] [jointLog] [warning] couldn't find transcript named [DQ668364] in transcript <-> gene map; returning transcript as it's own gene
[2021-04-27 20:27:56.346] [jointLog] [warning] couldn't find transcript named [DQ883670] in transcript <-> gene map; returning transcript as it's own gene
[2021-04-27 20:27:56.346] [jointLog] [warning] couldn't find transcript named [EF011062] in transcript <-> gene map; returning transcript as it's own gene
[2021-04-27 20:27:56.346] [jointLog] [warning] couldn't find transcript named [DQ875385] in transcript <-> gene map; returning transcript as it's own gene
[2021-04-27 20:27:56.346] [jointLog] [warning] couldn't find transcript named [DQ883664] in transcript <-> gene map; returning transcript as it's own gene
[2021-04-27 20:27:56.346] [jointLog] [warning] couldn't find transcript named [DQ459420] in transcript <-> gene map; returning transcript as it's own gene
[2021-04-27 20:27:56.346] [jointLog] [warning] couldn't find transcript named [DQ883651] in transcript <-> gene map; returning transcript as it's own gene
[2021-04-27 20:27:56.346] [jointLog] [warning] couldn't find transcript named [DQ855004] in transcript <-> gene map; returning transcript as it's own gene
[2021-04-27 20:27:56.346] [jointLog] [warning] couldn't find transcript named [DQ854993] in transcript <-> gene map; returning transcript as it's own gene
[2021-04-27 20:27:56.346] [jointLog] [warning] couldn't find transcript named [DQ883689] in transcript <-> gene map; returning transcript as it's own gene
[2021-04-27 20:27:56.346] [jointLog] [warning] couldn't find transcript named [DQ459419] in transcript <-> gene map; returning transcript as it's own gene
[2021-04-27 20:27:56.346] [jointLog] [warning] couldn't find transcript named [DQ459431] in transcript <-> gene map; returning transcript as it's own gene
[2021-04-27 20:27:56.346] [jointLog] [warning] couldn't find transcript named [DQ516796] in transcript <-> gene map; returning transcript as it's own gene
[2021-04-27 20:27:56.346] [jointLog] [warning] couldn't find transcript named [DQ855001] in transcript <-> gene map; returning transcript as it's own gene
[2021-04-27 20:27:56.346] [jointLog] [warning] couldn't find transcript named [DQ459413] in transcript <-> gene map; returning transcript as it's own gene
[2021-04-27 20:27:56.346] [jointLog] [warning] couldn't find transcript named [DQ883656] in transcript <-> gene map; returning transcript as it's own gene
[2021-04-27 20:27:56.346] [jointLog] [warning] couldn't find transcript named [DQ883661] in transcript <-> gene map; returning transcript as it's own gene
[2021-04-27 20:27:56.346] [jointLog] [warning] couldn't find transcript named [EF011069] in transcript <-> gene map; returning transcript as it's own gene
[2021-04-27 20:27:56.346] [jointLog] [warning] couldn't find transcript named [DQ516783] in transcript <-> gene map; returning transcript as it's own gene
[2021-04-27 20:27:56.346] [jointLog] [warning] couldn't find transcript named [DQ516787] in transcript <-> gene map; returning transcript as it's own gene
[2021-04-27 20:27:56.346] [jointLog] [warning] couldn't find transcript named [DQ459424] in transcript <-> gene map; returning transcript as it's own gene
[2021-04-27 20:27:56.346] [jointLog] [warning] couldn't find transcript named [DQ516748] in transcript <-> gene map; returning transcript as it's own gene
[2021-04-27 20:27:56.346] [jointLog] [warning] couldn't find transcript named [DQ883671] in transcript <-> gene map; returning transcript as it's own gene
[2021-04-27 20:27:56.346] [jointLog] [warning] couldn't find transcript named [DQ516740] in transcript <-> gene map; returning transcript as it's own gene
[2021-04-27 20:27:56.346] [jointLog] [warning] couldn't find transcript named [DQ516785] in transcript <-> gene map; returning transcript as it's own gene
[2021-04-27 20:27:56.346] [jointLog] [warning] couldn't find transcript named [DQ516731] in transcript <-> gene map; returning transcript as it's own gene
[2021-04-27 20:27:56.346] [jointLog] [warning] couldn't find transcript named [DQ668366] in transcript <-> gene map; returning transcript as it's own gene
[2021-04-27 20:27:56.346] [jointLog] [warning] couldn't find transcript named [DQ459418] in transcript <-> gene map; returning transcript as it's own gene
[2021-04-27 20:27:56.346] [jointLog] [warning] couldn't find transcript named [DQ668356] in transcript <-> gene map; returning transcript as it's own gene
[2021-04-27 20:27:56.346] [jointLog] [warning] couldn't find transcript named [DQ516763] in transcript <-> gene map; returning transcript as it's own gene
[2021-04-27 20:27:56.346] [jointLog] [warning] couldn't find transcript named [DQ459426] in transcript <-> gene map; returning transcript as it's own gene
[2021-04-27 20:27:56.346] [jointLog] [warning] couldn't find transcript named [DQ516786] in transcript <-> gene map; returning transcript as it's own gene
[2021-04-27 20:27:56.346] [jointLog] [warning] couldn't find transcript named [DQ883653] in transcript <-> gene map; returning transcript as it's own gene
[2021-04-27 20:27:56.347] [jointLog] [warning] couldn't find transcript named [DQ459421] in transcript <-> gene map; returning transcript as it's own gene
[2021-04-27 20:27:56.347] [jointLog] [warning] couldn't find transcript named [DQ883654] in transcript <-> gene map; returning transcript as it's own gene
[2021-04-27 20:27:56.347] [jointLog] [warning] couldn't find transcript named [DQ668358] in transcript <-> gene map; returning transcript as it's own gene
[2021-04-27 20:27:56.347] [jointLog] [warning] couldn't find transcript named [DQ516754] in transcript <-> gene map; returning transcript as it's own gene
[2021-04-27 20:27:56.347] [jointLog] [warning] couldn't find transcript named [DQ516778] in transcript <-> gene map; returning transcript as it's own gene
[2021-04-27 20:27:56.347] [jointLog] [warning] couldn't find transcript named [DQ883650] in transcript <-> gene map; returning transcript as it's own gene
[2021-04-27 20:27:56.347] [jointLog] [warning] couldn't find transcript named [DQ516742] in transcript <-> gene map; returning transcript as it's own gene
[2021-04-27 20:27:56.347] [jointLog] [warning] couldn't find transcript named [DQ883673] in transcript <-> gene map; returning transcript as it's own gene
[2021-04-27 20:27:56.347] [jointLog] [warning] couldn't find transcript named [DQ883652] in transcript <-> gene map; returning transcript as it's own gene
[2021-04-27 20:27:56.347] [jointLog] [warning] couldn't find transcript named [DQ854991] in transcript <-> gene map; returning transcript as it's own gene
[2021-04-27 20:27:56.347] [jointLog] [warning] couldn't find transcript named [DQ516780] in transcript <-> gene map; returning transcript as it's own gene
[2021-04-27 20:27:56.347] [jointLog] [warning] couldn't find transcript named [DQ883682] in transcript <-> gene map; returning transcript as it's own gene
[2021-04-27 20:27:56.347] [jointLog] [warning] couldn't find transcript named [DQ883669] in transcript <-> gene map; returning transcript as it's own gene
[2021-04-27 20:27:56.347] [jointLog] [warning] couldn't find transcript named [DQ516791] in transcript <-> gene map; returning transcript as it's own gene
[2021-04-27 20:27:56.347] [jointLog] [warning] couldn't find transcript named [DQ459425] in transcript <-> gene map; returning transcript as it's own gene
[2021-04-27 20:27:56.347] [jointLog] [warning] couldn't find transcript named [DQ516759] in transcript <-> gene map; returning transcript as it's own gene
[2021-04-27 20:27:56.347] [jointLog] [warning] couldn't find transcript named [DQ459429] in transcript <-> gene map; returning transcript as it's own gene
[2021-04-27 20:27:56.347] [jointLog] [warning] couldn't find transcript named [DQ516758] in transcript <-> gene map; returning transcript as it's own gene
[2021-04-27 20:27:56.347] [jointLog] [warning] couldn't find transcript named [DQ459415] in transcript <-> gene map; returning transcript as it's own gene
[2021-04-27 20:27:56.347] [jointLog] [warning] couldn't find transcript named [DQ875387] in transcript <-> gene map; returning transcript as it's own gene
[2021-04-27 20:27:56.347] [jointLog] [warning] couldn't find transcript named [DQ516815] in transcript <-> gene map; returning transcript as it's own gene
[2021-04-27 20:27:56.347] [jointLog] [warning] couldn't find transcript named [DQ668365] in transcript <-> gene map; returning transcript as it's own gene
[2021-04-27 20:27:56.347] [jointLog] [warning] couldn't find transcript named [DQ854998] in transcript <-> gene map; returning transcript as it's own gene
[2021-04-27 20:27:56.347] [jointLog] [warning] couldn't find transcript named [DQ883685] in transcript <-> gene map; returning transcript as it's own gene
[2021-04-27 20:27:56.347] [jointLog] [warning] couldn't find transcript named [DQ459422] in transcript <-> gene map; returning transcript as it's own gene
[2021-04-27 20:27:56.347] [jointLog] [warning] couldn't find transcript named [DQ883663] in transcript <-> gene map; returning transcript as it's own gene
[2021-04-27 20:27:56.347] [jointLog] [warning] couldn't find transcript named [DQ668367] in transcript <-> gene map; returning transcript as it's own gene
[2021-04-27 20:27:56.347] [jointLog] [warning] couldn't find transcript named [DQ459412] in transcript <-> gene map; returning transcript as it's own gene
[2021-04-27 20:27:56.347] [jointLog] [warning] couldn't find transcript named [DQ854992] in transcript <-> gene map; returning transcript as it's own gene
[2021-04-27 20:27:56.347] [jointLog] [warning] couldn't find transcript named [DQ516782] in transcript <-> gene map; returning transcript as it's own gene
[2021-04-27 20:27:56.347] [jointLog] [warning] couldn't find transcript named [DQ459427] in transcript <-> gene map; returning transcript as it's own gene
[2021-04-27 20:27:56.347] [jointLog] [warning] couldn't find transcript named [EF011072] in transcript <-> gene map; returning transcript as it's own gene
[2021-04-27 20:27:56.347] [jointLog] [warning] couldn't find transcript named [DQ855003] in transcript <-> gene map; returning transcript as it's own gene
[2021-04-27 20:27:56.347] [jointLog] [warning] couldn't find transcript named [DQ516739] in transcript <-> gene map; returning transcript as it's own gene
[2021-04-27 20:27:56.347] [jointLog] [warning] couldn't find transcript named [EF011063] in transcript <-> gene map; returning transcript as it's own gene
[2021-04-27 20:27:56.347] [jointLog] [warning] couldn't find transcript named [DQ855000] in transcript <-> gene map; returning transcript as it's own gene
[2021-04-27 20:27:56.347] [jointLog] [warning] couldn't find transcript named [DQ516777] in transcript <-> gene map; returning transcript as it's own gene
[2021-04-27 20:27:56.347] [jointLog] [warning] couldn't find transcript named [DQ883646] in transcript <-> gene map; returning transcript as it's own gene
[2021-04-27 20:27:56.347] [jointLog] [warning] couldn't find transcript named [DQ668362] in transcript <-> gene map; returning transcript as it's own gene
[2021-04-27 20:27:56.347] [jointLog] [warning] couldn't find transcript named [DQ854995] in transcript <-> gene map; returning transcript as it's own gene
[2021-04-27 20:27:56.347] [jointLog] [warning] couldn't find transcript named [DQ875386] in transcript <-> gene map; returning transcript as it's own gene
[2021-04-27 20:27:56.347] [jointLog] [warning] couldn't find transcript named [DQ516790] in transcript <-> gene map; returning transcript as it's own gene
[2021-04-27 20:27:56.347] [jointLog] [warning] couldn't find transcript named [DQ883642] in transcript <-> gene map; returning transcript as it's own gene
[2021-04-27 20:27:56.347] [jointLog] [warning] couldn't find transcript named [DQ883659] in transcript <-> gene map; returning transcript as it's own gene
[2021-04-27 20:27:56.347] [jointLog] [warning] couldn't find transcript named [DQ854997] in transcript <-> gene map; returning transcript as it's own gene
[2021-04-27 20:27:56.347] [jointLog] [warning] couldn't find transcript named [DQ883643] in transcript <-> gene map; returning transcript as it's own gene
[2021-04-27 20:27:56.347] [jointLog] [warning] couldn't find transcript named [DQ839618] in transcript <-> gene map; returning transcript as it's own gene
[2021-04-27 20:27:56.347] [jointLog] [warning] couldn't find transcript named [DQ516795] in transcript <-> gene map; returning transcript as it's own gene
[2021-04-27 20:27:56.347] [jointLog] [warning] couldn't find transcript named [DQ883658] in transcript <-> gene map; returning transcript as it's own gene
[2021-04-27 20:27:56.347] [jointLog] [warning] couldn't find transcript named [DQ516750] in transcript <-> gene map; returning transcript as it's own gene
[2021-04-27 20:27:56.347] [jointLog] [warning] couldn't find transcript named [DQ668359] in transcript <-> gene map; returning transcript as it's own gene
[2021-04-27 20:27:56.347] [jointLog] [warning] couldn't find transcript named [DQ516779] in transcript <-> gene map; returning transcript as it's own gene
[2021-04-27 20:27:56.347] [jointLog] [warning] couldn't find transcript named [DQ668363] in transcript <-> gene map; returning transcript as it's own gene
[2021-04-27 20:27:56.347] [jointLog] [warning] couldn't find transcript named [DQ516776] in transcript <-> gene map; returning transcript as it's own gene
[2021-04-27 20:27:56.347] [jointLog] [warning] couldn't find transcript named [DQ516773] in transcript <-> gene map; returning transcript as it's own gene
[2021-04-27 20:27:56.347] [jointLog] [warning] couldn't find transcript named [DQ854994] in transcript <-> gene map; returning transcript as it's own gene
[2021-04-27 20:27:56.347] [jointLog] [info] Aggregating expressions to gene level
[2021-04-27 20:27:56.517] [jointLog] [info] done
