[2021-05-21 18:35:26.047] [jointLog] [info] setting maxHashResizeThreads to 6
[2021-05-21 18:35:26.047] [jointLog] [info] Fragment incompatibility prior below threshold.  Incompatible fragments will be ignored.
[2021-05-21 18:35:26.049] [jointLog] [info] numQuantThreads = 3
[2021-05-21 18:35:29.187] [jointLog] [info] replaced 4 non-ACGT nucleotides with random nucleotides
[2021-05-21 18:35:29.460] [fileLog] [info] quantification processed 0 fragments so far

[2021-05-21 18:35:32.522] [fileLog] [info] quantification processed 1000000 fragments so far

[2021-05-21 18:35:35.540] [fileLog] [info] quantification processed 2000000 fragments so far

[2021-05-21 18:35:37.164] [jointLog] [info] 

The alignment group queue pool has been exhausted.  2877900 extra fragments were allocated on the heap to saturate the pool.  No new fragments will be allocated


[2021-05-21 18:35:44.133] [fileLog] [info] quantification processed 3000000 fragments so far

[2021-05-21 18:35:58.416] [fileLog] [info] quantification processed 4000000 fragments so far

[2021-05-21 18:36:12.717] [fileLog] [info] quantification processed 5000000 fragments so far

[2021-05-21 18:36:27.044] [fileLog] [info] quantification processed 6000000 fragments so far

[2021-05-21 18:36:41.397] [fileLog] [info] quantification processed 7000000 fragments so far

[2021-05-21 18:36:44.491] [fileLog] [info] quantification processed 8000000 fragments so far

[2021-05-21 18:36:47.486] [fileLog] [info] quantification processed 9000000 fragments so far

[2021-05-21 18:36:50.462] [fileLog] [info] quantification processed 10000000 fragments so far

[2021-05-21 18:36:53.450] [fileLog] [info] quantification processed 11000000 fragments so far

[2021-05-21 18:36:56.436] [fileLog] [info] quantification processed 12000000 fragments so far

[2021-05-21 18:36:59.428] [fileLog] [info] quantification processed 13000000 fragments so far

[2021-05-21 18:37:02.471] [fileLog] [info] quantification processed 14000000 fragments so far

[2021-05-21 18:37:05.453] [fileLog] [info] quantification processed 15000000 fragments so far

[2021-05-21 18:37:08.405] [fileLog] [info] quantification processed 16000000 fragments so far

[2021-05-21 18:37:11.486] [fileLog] [info] quantification processed 17000000 fragments so far

[2021-05-21 18:37:14.484] [fileLog] [info] quantification processed 18000000 fragments so far

[2021-05-21 18:37:17.551] [fileLog] [info] quantification processed 19000000 fragments so far

[2021-05-21 18:37:20.534] [fileLog] [info] quantification processed 20000000 fragments so far

[2021-05-21 18:37:23.544] [fileLog] [info] quantification processed 21000000 fragments so far

[2021-05-21 18:37:26.602] [fileLog] [info] quantification processed 22000000 fragments so far

[2021-05-21 18:37:29.701] [fileLog] [info] quantification processed 23000000 fragments so far

[2021-05-21 18:37:32.729] [fileLog] [info] quantification processed 24000000 fragments so far

[2021-05-21 18:37:35.799] [fileLog] [info] quantification processed 25000000 fragments so far

[2021-05-21 18:37:38.869] [fileLog] [info] quantification processed 26000000 fragments so far

[2021-05-21 18:37:41.862] [fileLog] [info] quantification processed 27000000 fragments so far

[2021-05-21 18:37:44.922] [fileLog] [info] quantification processed 28000000 fragments so far

[2021-05-21 18:37:47.999] [fileLog] [info] quantification processed 29000000 fragments so far

[2021-05-21 18:37:51.058] [fileLog] [info] quantification processed 30000000 fragments so far

[2021-05-21 18:37:54.071] [fileLog] [info] quantification processed 31000000 fragments so far

[2021-05-21 18:37:57.167] [fileLog] [info] quantification processed 32000000 fragments so far

[2021-05-21 18:38:00.197] [fileLog] [info] quantification processed 33000000 fragments so far

[2021-05-21 18:38:03.277] [fileLog] [info] quantification processed 34000000 fragments so far

[2021-05-21 18:38:06.285] [fileLog] [info] quantification processed 35000000 fragments so far

[2021-05-21 18:38:09.326] [fileLog] [info] quantification processed 36000000 fragments so far

[2021-05-21 18:38:12.353] [fileLog] [info] quantification processed 37000000 fragments so far

[2021-05-21 18:38:15.414] [fileLog] [info] quantification processed 38000000 fragments so far

[2021-05-21 18:38:18.596] [fileLog] [info] quantification processed 39000000 fragments so far

[2021-05-21 18:38:21.563] [fileLog] [info] quantification processed 40000000 fragments so far

[2021-05-21 18:38:23.425] [fileLog] [info] quantification processed 40608754 fragments so far

[2021-05-21 18:38:29.251] [jointLog] [info] Thread saw mini-batch with a maximum of 1.90% zero probability fragments
[2021-05-21 18:38:29.252] [jointLog] [info] Thread saw mini-batch with a maximum of 2.40% zero probability fragments
[2021-05-21 18:38:29.255] [jointLog] [info] Thread saw mini-batch with a maximum of 2.00% zero probability fragments
[2021-05-21 18:38:29.255] [jointLog] [info] 


Completed first pass through the alignment file.
Total # of mapped reads : 40608754
# of uniquely mapped reads : 15966554
# ambiguously mapped reads : 24642200



[2021-05-21 18:38:29.401] [jointLog] [info] Computed 229113 rich equivalence classes for further processing
[2021-05-21 18:38:29.401] [jointLog] [info] Counted 40409320 total reads in the equivalence classes 
[2021-05-21 18:38:29.403] [jointLog] [info] starting optimizer
[2021-05-21 18:38:29.510] [jointLog] [info] Marked 0 weighted equivalence classes as degenerate
[2021-05-21 18:38:29.529] [jointLog] [info] iteration = 0 | max rel diff. = 5273.18
[2021-05-21 18:38:31.029] [jointLog] [info] iteration = 100 | max rel diff. = 9.11996
[2021-05-21 18:38:32.504] [jointLog] [info] iteration = 200 | max rel diff. = 3.35029
[2021-05-21 18:38:33.988] [jointLog] [info] iteration = 300 | max rel diff. = 2.05683
[2021-05-21 18:38:35.464] [jointLog] [info] iteration = 400 | max rel diff. = 0.612476
[2021-05-21 18:38:36.938] [jointLog] [info] iteration = 500 | max rel diff. = 0.474701
[2021-05-21 18:38:38.423] [jointLog] [info] iteration = 600 | max rel diff. = 0.0653317
[2021-05-21 18:38:39.899] [jointLog] [info] iteration = 700 | max rel diff. = 0.559009
[2021-05-21 18:38:41.380] [jointLog] [info] iteration = 800 | max rel diff. = 0.0919251
[2021-05-21 18:38:42.866] [jointLog] [info] iteration = 900 | max rel diff. = 0.108391
[2021-05-21 18:38:44.356] [jointLog] [info] iteration = 1000 | max rel diff. = 0.183598
[2021-05-21 18:38:45.840] [jointLog] [info] iteration = 1100 | max rel diff. = 0.0285749
[2021-05-21 18:38:47.338] [jointLog] [info] iteration = 1200 | max rel diff. = 0.155073
[2021-05-21 18:38:48.824] [jointLog] [info] iteration = 1300 | max rel diff. = 2.91362
[2021-05-21 18:38:50.299] [jointLog] [info] iteration = 1400 | max rel diff. = 0.103233
[2021-05-21 18:38:51.791] [jointLog] [info] iteration = 1500 | max rel diff. = 0.0797057
[2021-05-21 18:38:53.272] [jointLog] [info] iteration = 1600 | max rel diff. = 0.0719501
[2021-05-21 18:38:54.746] [jointLog] [info] iteration = 1700 | max rel diff. = 0.389254
[2021-05-21 18:38:54.805] [jointLog] [info] iteration = 1705 | max rel diff. = 0.00958895
[2021-05-21 18:38:54.838] [jointLog] [info] finished optimizer
[2021-05-21 18:38:54.838] [jointLog] [info] writing output
[2021-05-21 18:38:56.565] [jointLog] [info] Computing gene-level abundance estimates
[2021-05-21 18:39:25.388] [jointLog] [warning] Feature has no GFF ID
[2021-05-21 18:39:25.388] [jointLog] [warning] Feature has no GFF ID
[2021-05-21 18:39:25.388] [jointLog] [warning] Feature has no GFF ID
[2021-05-21 18:39:25.388] [jointLog] [warning] Feature has no GFF ID
[2021-05-21 18:39:25.388] [jointLog] [warning] Feature has no GFF ID
[2021-05-21 18:39:25.388] [jointLog] [warning] Feature has no GFF ID
[2021-05-21 18:39:25.388] [jointLog] [warning] Feature has no GFF ID
[2021-05-21 18:39:25.388] [jointLog] [warning] Feature has no GFF ID
[2021-05-21 18:39:25.388] [jointLog] [warning] Feature has no GFF ID
[2021-05-21 18:39:25.388] [jointLog] [warning] Feature has no GFF ID
[2021-05-21 18:39:25.388] [jointLog] [warning] Feature has no GFF ID
[2021-05-21 18:39:25.388] [jointLog] [warning] Feature has no GFF ID
[2021-05-21 18:39:25.388] [jointLog] [warning] Feature has no GFF ID
[2021-05-21 18:39:25.388] [jointLog] [warning] Feature has no GFF ID
[2021-05-21 18:39:25.388] [jointLog] [warning] Feature has no GFF ID
[2021-05-21 18:39:25.388] [jointLog] [warning] Feature has no GFF ID
[2021-05-21 18:39:25.388] [jointLog] [warning] Feature has no GFF ID
[2021-05-21 18:39:25.388] [jointLog] [warning] Feature has no GFF ID
[2021-05-21 18:39:25.388] [jointLog] [warning] Feature has no GFF ID
[2021-05-21 18:39:25.388] [jointLog] [warning] Feature has no GFF ID
[2021-05-21 18:39:25.388] [jointLog] [warning] Feature has no GFF ID
[2021-05-21 18:39:25.388] [jointLog] [warning] Feature has no GFF ID
[2021-05-21 18:39:25.388] [jointLog] [warning] Feature has no GFF ID
[2021-05-21 18:39:25.388] [jointLog] [warning] Feature has no GFF ID
[2021-05-21 18:39:25.388] [jointLog] [warning] Feature has no GFF ID
[2021-05-21 18:39:25.388] [jointLog] [warning] Feature has no GFF ID
[2021-05-21 18:39:25.388] [jointLog] [warning] Feature has no GFF ID
[2021-05-21 18:39:25.388] [jointLog] [warning] Feature has no GFF ID
[2021-05-21 18:39:25.388] [jointLog] [warning] Feature has no GFF ID
[2021-05-21 18:39:25.388] [jointLog] [warning] Feature has no GFF ID
[2021-05-21 18:39:25.388] [jointLog] [warning] Feature has no GFF ID
[2021-05-21 18:39:25.388] [jointLog] [warning] Feature has no GFF ID
[2021-05-21 18:39:25.388] [jointLog] [warning] Feature has no GFF ID
[2021-05-21 18:39:25.388] [jointLog] [warning] Feature has no GFF ID
[2021-05-21 18:39:25.388] [jointLog] [warning] Feature has no GFF ID
[2021-05-21 18:39:25.388] [jointLog] [warning] Feature has no GFF ID
[2021-05-21 18:39:25.388] [jointLog] [warning] Feature has no GFF ID
[2021-05-21 18:39:25.388] [jointLog] [warning] Feature has no GFF ID
[2021-05-21 18:39:25.388] [jointLog] [warning] Feature has no GFF ID
[2021-05-21 18:39:25.388] [jointLog] [warning] Feature has no GFF ID
[2021-05-21 18:39:25.388] [jointLog] [warning] Feature has no GFF ID
[2021-05-21 18:39:25.388] [jointLog] [warning] Feature has no GFF ID
[2021-05-21 18:39:25.388] [jointLog] [warning] Feature has no GFF ID
[2021-05-21 18:39:25.388] [jointLog] [warning] Feature has no GFF ID
[2021-05-21 18:39:25.388] [jointLog] [warning] Feature has no GFF ID
[2021-05-21 18:39:25.388] [jointLog] [warning] Feature has no GFF ID
[2021-05-21 18:39:25.388] [jointLog] [warning] Feature has no GFF ID
[2021-05-21 18:39:25.388] [jointLog] [warning] Feature has no GFF ID
[2021-05-21 18:39:25.388] [jointLog] [warning] Feature has no GFF ID
[2021-05-21 18:39:25.388] [jointLog] [warning] Feature has no GFF ID
[2021-05-21 18:39:25.388] [jointLog] [warning] Feature has no GFF ID
[2021-05-21 18:39:25.388] [jointLog] [warning] Feature has no GFF ID
[2021-05-21 18:39:25.388] [jointLog] [warning] Feature has no GFF ID
[2021-05-21 18:39:25.388] [jointLog] [warning] Feature has no GFF ID
[2021-05-21 18:39:25.388] [jointLog] [warning] Feature has no GFF ID
[2021-05-21 18:39:25.388] [jointLog] [warning] Feature has no GFF ID
[2021-05-21 18:39:25.388] [jointLog] [warning] Feature has no GFF ID
[2021-05-21 18:39:25.388] [jointLog] [warning] Feature has no GFF ID
[2021-05-21 18:39:25.388] [jointLog] [warning] Feature has no GFF ID
[2021-05-21 18:39:25.388] [jointLog] [warning] Feature has no GFF ID
[2021-05-21 18:39:25.388] [jointLog] [warning] Feature has no GFF ID
[2021-05-21 18:39:25.388] [jointLog] [warning] Feature has no GFF ID
[2021-05-21 18:39:25.388] [jointLog] [warning] Feature has no GFF ID
[2021-05-21 18:39:25.388] [jointLog] [warning] Feature has no GFF ID
[2021-05-21 18:39:25.388] [jointLog] [warning] Feature has no GFF ID
[2021-05-21 18:39:25.388] [jointLog] [warning] Feature has no GFF ID
[2021-05-21 18:39:25.388] [jointLog] [warning] Feature has no GFF ID
[2021-05-21 18:39:25.388] [jointLog] [warning] Feature has no GFF ID
[2021-05-21 18:39:25.388] [jointLog] [warning] Feature has no GFF ID
[2021-05-21 18:39:25.388] [jointLog] [warning] Feature has no GFF ID
[2021-05-21 18:39:25.388] [jointLog] [warning] Feature has no GFF ID
[2021-05-21 18:39:25.388] [jointLog] [warning] Feature has no GFF ID
[2021-05-21 18:39:25.388] [jointLog] [warning] Feature has no GFF ID
[2021-05-21 18:39:25.388] [jointLog] [warning] Feature has no GFF ID
[2021-05-21 18:39:25.388] [jointLog] [warning] Feature has no GFF ID
[2021-05-21 18:39:25.388] [jointLog] [warning] Feature has no GFF ID
[2021-05-21 18:39:25.388] [jointLog] [warning] Feature has no GFF ID
[2021-05-21 18:39:25.388] [jointLog] [warning] Feature has no GFF ID
[2021-05-21 18:39:25.388] [jointLog] [warning] Feature has no GFF ID
[2021-05-21 18:39:25.388] [jointLog] [warning] Feature has no GFF ID
[2021-05-21 18:39:25.388] [jointLog] [warning] Feature has no GFF ID
[2021-05-21 18:39:25.388] [jointLog] [warning] Feature has no GFF ID
[2021-05-21 18:39:25.388] [jointLog] [warning] Feature has no GFF ID
[2021-05-21 18:39:25.388] [jointLog] [warning] Feature has no GFF ID
[2021-05-21 18:39:25.388] [jointLog] [warning] Feature has no GFF ID
[2021-05-21 18:39:25.388] [jointLog] [warning] Feature has no GFF ID
[2021-05-21 18:39:25.388] [jointLog] [warning] Feature has no GFF ID
[2021-05-21 18:39:25.388] [jointLog] [warning] Feature has no GFF ID
[2021-05-21 18:39:25.388] [jointLog] [warning] Feature has no GFF ID
[2021-05-21 18:39:25.388] [jointLog] [warning] Feature has no GFF ID
[2021-05-21 18:39:25.388] [jointLog] [warning] Feature has no GFF ID
[2021-05-21 18:39:25.388] [jointLog] [warning] Feature has no GFF ID
[2021-05-21 18:39:25.728] [jointLog] [info] There were 142604 transcripts mapping to 55401 genes
[2021-05-21 18:39:25.728] [jointLog] [info] NOTE: We recommend using tximport (https://bioconductor.org/packages/release/bioc/html/tximport.html) for aggregating transcript-level salmon abundance estimates to the gene level.  It is more versatile, exposes more features, and allows considering multi-sample information during aggregation.
[2021-05-21 18:39:26.021] [jointLog] [warning] couldn't find transcript named [DQ459430] in transcript <-> gene map; returning transcript as it's own gene
[2021-05-21 18:39:26.021] [jointLog] [warning] couldn't find transcript named [DQ516784] in transcript <-> gene map; returning transcript as it's own gene
[2021-05-21 18:39:26.021] [jointLog] [warning] couldn't find transcript named [DQ516752] in transcript <-> gene map; returning transcript as it's own gene
[2021-05-21 18:39:26.021] [jointLog] [warning] couldn't find transcript named [DQ668364] in transcript <-> gene map; returning transcript as it's own gene
[2021-05-21 18:39:26.021] [jointLog] [warning] couldn't find transcript named [DQ883670] in transcript <-> gene map; returning transcript as it's own gene
[2021-05-21 18:39:26.021] [jointLog] [warning] couldn't find transcript named [EF011062] in transcript <-> gene map; returning transcript as it's own gene
[2021-05-21 18:39:26.021] [jointLog] [warning] couldn't find transcript named [DQ875385] in transcript <-> gene map; returning transcript as it's own gene
[2021-05-21 18:39:26.021] [jointLog] [warning] couldn't find transcript named [DQ883664] in transcript <-> gene map; returning transcript as it's own gene
[2021-05-21 18:39:26.021] [jointLog] [warning] couldn't find transcript named [DQ459420] in transcript <-> gene map; returning transcript as it's own gene
[2021-05-21 18:39:26.021] [jointLog] [warning] couldn't find transcript named [DQ883651] in transcript <-> gene map; returning transcript as it's own gene
[2021-05-21 18:39:26.021] [jointLog] [warning] couldn't find transcript named [DQ855004] in transcript <-> gene map; returning transcript as it's own gene
[2021-05-21 18:39:26.021] [jointLog] [warning] couldn't find transcript named [DQ854993] in transcript <-> gene map; returning transcript as it's own gene
[2021-05-21 18:39:26.021] [jointLog] [warning] couldn't find transcript named [DQ883689] in transcript <-> gene map; returning transcript as it's own gene
[2021-05-21 18:39:26.021] [jointLog] [warning] couldn't find transcript named [DQ459419] in transcript <-> gene map; returning transcript as it's own gene
[2021-05-21 18:39:26.021] [jointLog] [warning] couldn't find transcript named [DQ459431] in transcript <-> gene map; returning transcript as it's own gene
[2021-05-21 18:39:26.021] [jointLog] [warning] couldn't find transcript named [DQ516796] in transcript <-> gene map; returning transcript as it's own gene
[2021-05-21 18:39:26.021] [jointLog] [warning] couldn't find transcript named [DQ855001] in transcript <-> gene map; returning transcript as it's own gene
[2021-05-21 18:39:26.021] [jointLog] [warning] couldn't find transcript named [DQ459413] in transcript <-> gene map; returning transcript as it's own gene
[2021-05-21 18:39:26.021] [jointLog] [warning] couldn't find transcript named [DQ883656] in transcript <-> gene map; returning transcript as it's own gene
[2021-05-21 18:39:26.021] [jointLog] [warning] couldn't find transcript named [DQ883661] in transcript <-> gene map; returning transcript as it's own gene
[2021-05-21 18:39:26.021] [jointLog] [warning] couldn't find transcript named [EF011069] in transcript <-> gene map; returning transcript as it's own gene
[2021-05-21 18:39:26.021] [jointLog] [warning] couldn't find transcript named [DQ516783] in transcript <-> gene map; returning transcript as it's own gene
[2021-05-21 18:39:26.021] [jointLog] [warning] couldn't find transcript named [DQ516787] in transcript <-> gene map; returning transcript as it's own gene
[2021-05-21 18:39:26.021] [jointLog] [warning] couldn't find transcript named [DQ459424] in transcript <-> gene map; returning transcript as it's own gene
[2021-05-21 18:39:26.021] [jointLog] [warning] couldn't find transcript named [DQ516748] in transcript <-> gene map; returning transcript as it's own gene
[2021-05-21 18:39:26.021] [jointLog] [warning] couldn't find transcript named [DQ883671] in transcript <-> gene map; returning transcript as it's own gene
[2021-05-21 18:39:26.021] [jointLog] [warning] couldn't find transcript named [DQ516740] in transcript <-> gene map; returning transcript as it's own gene
[2021-05-21 18:39:26.021] [jointLog] [warning] couldn't find transcript named [DQ516785] in transcript <-> gene map; returning transcript as it's own gene
[2021-05-21 18:39:26.021] [jointLog] [warning] couldn't find transcript named [DQ516731] in transcript <-> gene map; returning transcript as it's own gene
[2021-05-21 18:39:26.021] [jointLog] [warning] couldn't find transcript named [DQ668366] in transcript <-> gene map; returning transcript as it's own gene
[2021-05-21 18:39:26.021] [jointLog] [warning] couldn't find transcript named [DQ459418] in transcript <-> gene map; returning transcript as it's own gene
[2021-05-21 18:39:26.021] [jointLog] [warning] couldn't find transcript named [DQ668356] in transcript <-> gene map; returning transcript as it's own gene
[2021-05-21 18:39:26.021] [jointLog] [warning] couldn't find transcript named [DQ516763] in transcript <-> gene map; returning transcript as it's own gene
[2021-05-21 18:39:26.021] [jointLog] [warning] couldn't find transcript named [DQ459426] in transcript <-> gene map; returning transcript as it's own gene
[2021-05-21 18:39:26.021] [jointLog] [warning] couldn't find transcript named [DQ516786] in transcript <-> gene map; returning transcript as it's own gene
[2021-05-21 18:39:26.021] [jointLog] [warning] couldn't find transcript named [DQ883653] in transcript <-> gene map; returning transcript as it's own gene
[2021-05-21 18:39:26.021] [jointLog] [warning] couldn't find transcript named [DQ459421] in transcript <-> gene map; returning transcript as it's own gene
[2021-05-21 18:39:26.021] [jointLog] [warning] couldn't find transcript named [DQ883654] in transcript <-> gene map; returning transcript as it's own gene
[2021-05-21 18:39:26.021] [jointLog] [warning] couldn't find transcript named [DQ668358] in transcript <-> gene map; returning transcript as it's own gene
[2021-05-21 18:39:26.021] [jointLog] [warning] couldn't find transcript named [DQ516754] in transcript <-> gene map; returning transcript as it's own gene
[2021-05-21 18:39:26.021] [jointLog] [warning] couldn't find transcript named [DQ516778] in transcript <-> gene map; returning transcript as it's own gene
[2021-05-21 18:39:26.021] [jointLog] [warning] couldn't find transcript named [DQ883650] in transcript <-> gene map; returning transcript as it's own gene
[2021-05-21 18:39:26.021] [jointLog] [warning] couldn't find transcript named [DQ516742] in transcript <-> gene map; returning transcript as it's own gene
[2021-05-21 18:39:26.021] [jointLog] [warning] couldn't find transcript named [DQ883673] in transcript <-> gene map; returning transcript as it's own gene
[2021-05-21 18:39:26.021] [jointLog] [warning] couldn't find transcript named [DQ883652] in transcript <-> gene map; returning transcript as it's own gene
[2021-05-21 18:39:26.021] [jointLog] [warning] couldn't find transcript named [DQ854991] in transcript <-> gene map; returning transcript as it's own gene
[2021-05-21 18:39:26.021] [jointLog] [warning] couldn't find transcript named [DQ516780] in transcript <-> gene map; returning transcript as it's own gene
[2021-05-21 18:39:26.021] [jointLog] [warning] couldn't find transcript named [DQ883682] in transcript <-> gene map; returning transcript as it's own gene
[2021-05-21 18:39:26.021] [jointLog] [warning] couldn't find transcript named [DQ883669] in transcript <-> gene map; returning transcript as it's own gene
[2021-05-21 18:39:26.021] [jointLog] [warning] couldn't find transcript named [DQ516791] in transcript <-> gene map; returning transcript as it's own gene
[2021-05-21 18:39:26.021] [jointLog] [warning] couldn't find transcript named [DQ459425] in transcript <-> gene map; returning transcript as it's own gene
[2021-05-21 18:39:26.021] [jointLog] [warning] couldn't find transcript named [DQ516759] in transcript <-> gene map; returning transcript as it's own gene
[2021-05-21 18:39:26.021] [jointLog] [warning] couldn't find transcript named [DQ459429] in transcript <-> gene map; returning transcript as it's own gene
[2021-05-21 18:39:26.021] [jointLog] [warning] couldn't find transcript named [DQ516758] in transcript <-> gene map; returning transcript as it's own gene
[2021-05-21 18:39:26.021] [jointLog] [warning] couldn't find transcript named [DQ459415] in transcript <-> gene map; returning transcript as it's own gene
[2021-05-21 18:39:26.021] [jointLog] [warning] couldn't find transcript named [DQ875387] in transcript <-> gene map; returning transcript as it's own gene
[2021-05-21 18:39:26.021] [jointLog] [warning] couldn't find transcript named [DQ516815] in transcript <-> gene map; returning transcript as it's own gene
[2021-05-21 18:39:26.021] [jointLog] [warning] couldn't find transcript named [DQ668365] in transcript <-> gene map; returning transcript as it's own gene
[2021-05-21 18:39:26.021] [jointLog] [warning] couldn't find transcript named [DQ854998] in transcript <-> gene map; returning transcript as it's own gene
[2021-05-21 18:39:26.021] [jointLog] [warning] couldn't find transcript named [DQ883685] in transcript <-> gene map; returning transcript as it's own gene
[2021-05-21 18:39:26.021] [jointLog] [warning] couldn't find transcript named [DQ459422] in transcript <-> gene map; returning transcript as it's own gene
[2021-05-21 18:39:26.021] [jointLog] [warning] couldn't find transcript named [DQ883663] in transcript <-> gene map; returning transcript as it's own gene
[2021-05-21 18:39:26.021] [jointLog] [warning] couldn't find transcript named [DQ668367] in transcript <-> gene map; returning transcript as it's own gene
[2021-05-21 18:39:26.021] [jointLog] [warning] couldn't find transcript named [DQ459412] in transcript <-> gene map; returning transcript as it's own gene
[2021-05-21 18:39:26.021] [jointLog] [warning] couldn't find transcript named [DQ854992] in transcript <-> gene map; returning transcript as it's own gene
[2021-05-21 18:39:26.021] [jointLog] [warning] couldn't find transcript named [DQ516782] in transcript <-> gene map; returning transcript as it's own gene
[2021-05-21 18:39:26.021] [jointLog] [warning] couldn't find transcript named [DQ459427] in transcript <-> gene map; returning transcript as it's own gene
[2021-05-21 18:39:26.021] [jointLog] [warning] couldn't find transcript named [EF011072] in transcript <-> gene map; returning transcript as it's own gene
[2021-05-21 18:39:26.021] [jointLog] [warning] couldn't find transcript named [DQ855003] in transcript <-> gene map; returning transcript as it's own gene
[2021-05-21 18:39:26.021] [jointLog] [warning] couldn't find transcript named [DQ516739] in transcript <-> gene map; returning transcript as it's own gene
[2021-05-21 18:39:26.021] [jointLog] [warning] couldn't find transcript named [EF011063] in transcript <-> gene map; returning transcript as it's own gene
[2021-05-21 18:39:26.021] [jointLog] [warning] couldn't find transcript named [DQ855000] in transcript <-> gene map; returning transcript as it's own gene
[2021-05-21 18:39:26.021] [jointLog] [warning] couldn't find transcript named [DQ516777] in transcript <-> gene map; returning transcript as it's own gene
[2021-05-21 18:39:26.021] [jointLog] [warning] couldn't find transcript named [DQ883646] in transcript <-> gene map; returning transcript as it's own gene
[2021-05-21 18:39:26.021] [jointLog] [warning] couldn't find transcript named [DQ668362] in transcript <-> gene map; returning transcript as it's own gene
[2021-05-21 18:39:26.021] [jointLog] [warning] couldn't find transcript named [DQ854995] in transcript <-> gene map; returning transcript as it's own gene
[2021-05-21 18:39:26.021] [jointLog] [warning] couldn't find transcript named [DQ875386] in transcript <-> gene map; returning transcript as it's own gene
[2021-05-21 18:39:26.021] [jointLog] [warning] couldn't find transcript named [DQ516790] in transcript <-> gene map; returning transcript as it's own gene
[2021-05-21 18:39:26.021] [jointLog] [warning] couldn't find transcript named [DQ883642] in transcript <-> gene map; returning transcript as it's own gene
[2021-05-21 18:39:26.021] [jointLog] [warning] couldn't find transcript named [DQ883659] in transcript <-> gene map; returning transcript as it's own gene
[2021-05-21 18:39:26.021] [jointLog] [warning] couldn't find transcript named [DQ854997] in transcript <-> gene map; returning transcript as it's own gene
[2021-05-21 18:39:26.021] [jointLog] [warning] couldn't find transcript named [DQ883643] in transcript <-> gene map; returning transcript as it's own gene
[2021-05-21 18:39:26.021] [jointLog] [warning] couldn't find transcript named [DQ839618] in transcript <-> gene map; returning transcript as it's own gene
[2021-05-21 18:39:26.021] [jointLog] [warning] couldn't find transcript named [DQ516795] in transcript <-> gene map; returning transcript as it's own gene
[2021-05-21 18:39:26.021] [jointLog] [warning] couldn't find transcript named [DQ883658] in transcript <-> gene map; returning transcript as it's own gene
[2021-05-21 18:39:26.021] [jointLog] [warning] couldn't find transcript named [DQ516750] in transcript <-> gene map; returning transcript as it's own gene
[2021-05-21 18:39:26.021] [jointLog] [warning] couldn't find transcript named [DQ668359] in transcript <-> gene map; returning transcript as it's own gene
[2021-05-21 18:39:26.021] [jointLog] [warning] couldn't find transcript named [DQ516779] in transcript <-> gene map; returning transcript as it's own gene
[2021-05-21 18:39:26.021] [jointLog] [warning] couldn't find transcript named [DQ668363] in transcript <-> gene map; returning transcript as it's own gene
[2021-05-21 18:39:26.021] [jointLog] [warning] couldn't find transcript named [DQ516776] in transcript <-> gene map; returning transcript as it's own gene
[2021-05-21 18:39:26.021] [jointLog] [warning] couldn't find transcript named [DQ516773] in transcript <-> gene map; returning transcript as it's own gene
[2021-05-21 18:39:26.021] [jointLog] [warning] couldn't find transcript named [DQ854994] in transcript <-> gene map; returning transcript as it's own gene
[2021-05-21 18:39:26.022] [jointLog] [info] Aggregating expressions to gene level
[2021-05-21 18:39:26.182] [jointLog] [info] done
