[2021-05-20 19:13:52.356] [jointLog] [info] setting maxHashResizeThreads to 6
[2021-05-20 19:13:52.356] [jointLog] [info] Fragment incompatibility prior below threshold.  Incompatible fragments will be ignored.
[2021-05-20 19:13:52.358] [jointLog] [info] numQuantThreads = 3
[2021-05-20 19:13:56.767] [jointLog] [info] replaced 4 non-ACGT nucleotides with random nucleotides
[2021-05-20 19:13:57.111] [fileLog] [info] quantification processed 0 fragments so far

[2021-05-20 19:14:00.898] [fileLog] [info] quantification processed 1000000 fragments so far

[2021-05-20 19:14:03.831] [fileLog] [info] quantification processed 2000000 fragments so far

[2021-05-20 19:14:04.864] [jointLog] [info] 

The alignment group queue pool has been exhausted.  3086469 extra fragments were allocated on the heap to saturate the pool.  No new fragments will be allocated


[2021-05-20 19:14:21.574] [fileLog] [info] quantification processed 3000000 fragments so far

[2021-05-20 19:14:45.342] [fileLog] [info] quantification processed 4000000 fragments so far

[2021-05-20 19:15:08.931] [fileLog] [info] quantification processed 5000000 fragments so far

[2021-05-20 19:15:32.017] [fileLog] [info] quantification processed 6000000 fragments so far

[2021-05-20 19:15:54.821] [fileLog] [info] quantification processed 7000000 fragments so far

[2021-05-20 19:15:59.801] [fileLog] [info] quantification processed 8000000 fragments so far

[2021-05-20 19:16:04.873] [fileLog] [info] quantification processed 9000000 fragments so far

[2021-05-20 19:16:09.793] [fileLog] [info] quantification processed 10000000 fragments so far

[2021-05-20 19:16:15.194] [fileLog] [info] quantification processed 11000000 fragments so far

[2021-05-20 19:16:21.243] [fileLog] [info] quantification processed 12000000 fragments so far

[2021-05-20 19:16:26.280] [fileLog] [info] quantification processed 13000000 fragments so far

[2021-05-20 19:16:31.275] [fileLog] [info] quantification processed 14000000 fragments so far

[2021-05-20 19:16:36.379] [fileLog] [info] quantification processed 15000000 fragments so far

[2021-05-20 19:16:42.794] [fileLog] [info] quantification processed 16000000 fragments so far

[2021-05-20 19:16:48.981] [fileLog] [info] quantification processed 17000000 fragments so far

[2021-05-20 19:16:54.354] [fileLog] [info] quantification processed 18000000 fragments so far

[2021-05-20 19:17:00.163] [fileLog] [info] quantification processed 19000000 fragments so far

[2021-05-20 19:17:05.347] [fileLog] [info] quantification processed 20000000 fragments so far

[2021-05-20 19:17:10.553] [fileLog] [info] quantification processed 21000000 fragments so far

[2021-05-20 19:17:15.586] [fileLog] [info] quantification processed 22000000 fragments so far

[2021-05-20 19:17:20.234] [fileLog] [info] quantification processed 23000000 fragments so far

[2021-05-20 19:17:25.177] [fileLog] [info] quantification processed 24000000 fragments so far

[2021-05-20 19:17:30.650] [fileLog] [info] quantification processed 25000000 fragments so far

[2021-05-20 19:17:35.718] [fileLog] [info] quantification processed 26000000 fragments so far

[2021-05-20 19:17:40.611] [fileLog] [info] quantification processed 27000000 fragments so far

[2021-05-20 19:17:45.629] [fileLog] [info] quantification processed 28000000 fragments so far

[2021-05-20 19:17:50.870] [fileLog] [info] quantification processed 29000000 fragments so far

[2021-05-20 19:17:56.014] [fileLog] [info] quantification processed 30000000 fragments so far

[2021-05-20 19:18:01.230] [fileLog] [info] quantification processed 31000000 fragments so far

[2021-05-20 19:18:06.790] [fileLog] [info] quantification processed 32000000 fragments so far

[2021-05-20 19:18:11.972] [fileLog] [info] quantification processed 33000000 fragments so far

[2021-05-20 19:18:17.251] [fileLog] [info] quantification processed 34000000 fragments so far

[2021-05-20 19:18:22.480] [fileLog] [info] quantification processed 35000000 fragments so far

[2021-05-20 19:18:23.324] [fileLog] [info] quantification processed 35122868 fragments so far

[2021-05-20 19:18:32.055] [jointLog] [info] Thread saw mini-batch with a maximum of 2.40% zero probability fragments
[2021-05-20 19:18:32.056] [jointLog] [info] Thread saw mini-batch with a maximum of 3.50% zero probability fragments
[2021-05-20 19:18:32.066] [jointLog] [info] Thread saw mini-batch with a maximum of 2.70% zero probability fragments
[2021-05-20 19:18:32.068] [jointLog] [info] 


Completed first pass through the alignment file.
Total # of mapped reads : 35122868
# of uniquely mapped reads : 13336418
# ambiguously mapped reads : 21786450



[2021-05-20 19:18:32.310] [jointLog] [info] Computed 250925 rich equivalence classes for further processing
[2021-05-20 19:18:32.310] [jointLog] [info] Counted 34953110 total reads in the equivalence classes 
[2021-05-20 19:18:32.314] [jointLog] [info] starting optimizer
[2021-05-20 19:18:32.443] [jointLog] [info] Marked 0 weighted equivalence classes as degenerate
[2021-05-20 19:18:32.463] [jointLog] [info] iteration = 0 | max rel diff. = 7336.34
[2021-05-20 19:18:34.287] [jointLog] [info] iteration = 100 | max rel diff. = 20.0099
[2021-05-20 19:18:36.065] [jointLog] [info] iteration = 200 | max rel diff. = 1.92166
[2021-05-20 19:18:37.970] [jointLog] [info] iteration = 300 | max rel diff. = 1.62203
[2021-05-20 19:18:39.778] [jointLog] [info] iteration = 400 | max rel diff. = 1.28185
[2021-05-20 19:18:41.587] [jointLog] [info] iteration = 500 | max rel diff. = 9.47048
[2021-05-20 19:18:43.395] [jointLog] [info] iteration = 600 | max rel diff. = 0.291035
[2021-05-20 19:18:45.181] [jointLog] [info] iteration = 700 | max rel diff. = 15.2974
[2021-05-20 19:18:46.970] [jointLog] [info] iteration = 800 | max rel diff. = 3.10673
[2021-05-20 19:18:48.732] [jointLog] [info] iteration = 900 | max rel diff. = 1.71752
[2021-05-20 19:18:50.559] [jointLog] [info] iteration = 1000 | max rel diff. = 0.176417
[2021-05-20 19:18:52.446] [jointLog] [info] iteration = 1100 | max rel diff. = 0.270048
[2021-05-20 19:18:54.217] [jointLog] [info] iteration = 1200 | max rel diff. = 0.0456734
[2021-05-20 19:18:55.994] [jointLog] [info] iteration = 1300 | max rel diff. = 7.08567
[2021-05-20 19:18:57.784] [jointLog] [info] iteration = 1400 | max rel diff. = 0.0869658
[2021-05-20 19:18:59.572] [jointLog] [info] iteration = 1500 | max rel diff. = 0.0723253
[2021-05-20 19:19:01.354] [jointLog] [info] iteration = 1600 | max rel diff. = 0.0131505
[2021-05-20 19:19:03.113] [jointLog] [info] iteration = 1700 | max rel diff. = 0.463979
[2021-05-20 19:19:04.899] [jointLog] [info] iteration = 1800 | max rel diff. = 0.0234546
[2021-05-20 19:19:05.657] [jointLog] [info] iteration = 1844 | max rel diff. = 0.00558919
[2021-05-20 19:19:05.700] [jointLog] [info] finished optimizer
[2021-05-20 19:19:05.700] [jointLog] [info] writing output
[2021-05-20 19:19:08.038] [jointLog] [info] Computing gene-level abundance estimates
[2021-05-20 19:19:41.313] [jointLog] [warning] Feature has no GFF ID
[2021-05-20 19:19:41.313] [jointLog] [warning] Feature has no GFF ID
[2021-05-20 19:19:41.313] [jointLog] [warning] Feature has no GFF ID
[2021-05-20 19:19:41.313] [jointLog] [warning] Feature has no GFF ID
[2021-05-20 19:19:41.313] [jointLog] [warning] Feature has no GFF ID
[2021-05-20 19:19:41.313] [jointLog] [warning] Feature has no GFF ID
[2021-05-20 19:19:41.314] [jointLog] [warning] Feature has no GFF ID
[2021-05-20 19:19:41.314] [jointLog] [warning] Feature has no GFF ID
[2021-05-20 19:19:41.314] [jointLog] [warning] Feature has no GFF ID
[2021-05-20 19:19:41.314] [jointLog] [warning] Feature has no GFF ID
[2021-05-20 19:19:41.314] [jointLog] [warning] Feature has no GFF ID
[2021-05-20 19:19:41.314] [jointLog] [warning] Feature has no GFF ID
[2021-05-20 19:19:41.314] [jointLog] [warning] Feature has no GFF ID
[2021-05-20 19:19:41.314] [jointLog] [warning] Feature has no GFF ID
[2021-05-20 19:19:41.314] [jointLog] [warning] Feature has no GFF ID
[2021-05-20 19:19:41.314] [jointLog] [warning] Feature has no GFF ID
[2021-05-20 19:19:41.314] [jointLog] [warning] Feature has no GFF ID
[2021-05-20 19:19:41.314] [jointLog] [warning] Feature has no GFF ID
[2021-05-20 19:19:41.314] [jointLog] [warning] Feature has no GFF ID
[2021-05-20 19:19:41.314] [jointLog] [warning] Feature has no GFF ID
[2021-05-20 19:19:41.314] [jointLog] [warning] Feature has no GFF ID
[2021-05-20 19:19:41.314] [jointLog] [warning] Feature has no GFF ID
[2021-05-20 19:19:41.314] [jointLog] [warning] Feature has no GFF ID
[2021-05-20 19:19:41.314] [jointLog] [warning] Feature has no GFF ID
[2021-05-20 19:19:41.314] [jointLog] [warning] Feature has no GFF ID
[2021-05-20 19:19:41.314] [jointLog] [warning] Feature has no GFF ID
[2021-05-20 19:19:41.314] [jointLog] [warning] Feature has no GFF ID
[2021-05-20 19:19:41.314] [jointLog] [warning] Feature has no GFF ID
[2021-05-20 19:19:41.314] [jointLog] [warning] Feature has no GFF ID
[2021-05-20 19:19:41.314] [jointLog] [warning] Feature has no GFF ID
[2021-05-20 19:19:41.314] [jointLog] [warning] Feature has no GFF ID
[2021-05-20 19:19:41.314] [jointLog] [warning] Feature has no GFF ID
[2021-05-20 19:19:41.314] [jointLog] [warning] Feature has no GFF ID
[2021-05-20 19:19:41.314] [jointLog] [warning] Feature has no GFF ID
[2021-05-20 19:19:41.314] [jointLog] [warning] Feature has no GFF ID
[2021-05-20 19:19:41.314] [jointLog] [warning] Feature has no GFF ID
[2021-05-20 19:19:41.314] [jointLog] [warning] Feature has no GFF ID
[2021-05-20 19:19:41.314] [jointLog] [warning] Feature has no GFF ID
[2021-05-20 19:19:41.314] [jointLog] [warning] Feature has no GFF ID
[2021-05-20 19:19:41.314] [jointLog] [warning] Feature has no GFF ID
[2021-05-20 19:19:41.314] [jointLog] [warning] Feature has no GFF ID
[2021-05-20 19:19:41.314] [jointLog] [warning] Feature has no GFF ID
[2021-05-20 19:19:41.314] [jointLog] [warning] Feature has no GFF ID
[2021-05-20 19:19:41.314] [jointLog] [warning] Feature has no GFF ID
[2021-05-20 19:19:41.314] [jointLog] [warning] Feature has no GFF ID
[2021-05-20 19:19:41.314] [jointLog] [warning] Feature has no GFF ID
[2021-05-20 19:19:41.314] [jointLog] [warning] Feature has no GFF ID
[2021-05-20 19:19:41.314] [jointLog] [warning] Feature has no GFF ID
[2021-05-20 19:19:41.314] [jointLog] [warning] Feature has no GFF ID
[2021-05-20 19:19:41.314] [jointLog] [warning] Feature has no GFF ID
[2021-05-20 19:19:41.314] [jointLog] [warning] Feature has no GFF ID
[2021-05-20 19:19:41.314] [jointLog] [warning] Feature has no GFF ID
[2021-05-20 19:19:41.314] [jointLog] [warning] Feature has no GFF ID
[2021-05-20 19:19:41.314] [jointLog] [warning] Feature has no GFF ID
[2021-05-20 19:19:41.314] [jointLog] [warning] Feature has no GFF ID
[2021-05-20 19:19:41.314] [jointLog] [warning] Feature has no GFF ID
[2021-05-20 19:19:41.314] [jointLog] [warning] Feature has no GFF ID
[2021-05-20 19:19:41.314] [jointLog] [warning] Feature has no GFF ID
[2021-05-20 19:19:41.314] [jointLog] [warning] Feature has no GFF ID
[2021-05-20 19:19:41.314] [jointLog] [warning] Feature has no GFF ID
[2021-05-20 19:19:41.314] [jointLog] [warning] Feature has no GFF ID
[2021-05-20 19:19:41.314] [jointLog] [warning] Feature has no GFF ID
[2021-05-20 19:19:41.314] [jointLog] [warning] Feature has no GFF ID
[2021-05-20 19:19:41.314] [jointLog] [warning] Feature has no GFF ID
[2021-05-20 19:19:41.314] [jointLog] [warning] Feature has no GFF ID
[2021-05-20 19:19:41.314] [jointLog] [warning] Feature has no GFF ID
[2021-05-20 19:19:41.314] [jointLog] [warning] Feature has no GFF ID
[2021-05-20 19:19:41.314] [jointLog] [warning] Feature has no GFF ID
[2021-05-20 19:19:41.314] [jointLog] [warning] Feature has no GFF ID
[2021-05-20 19:19:41.314] [jointLog] [warning] Feature has no GFF ID
[2021-05-20 19:19:41.314] [jointLog] [warning] Feature has no GFF ID
[2021-05-20 19:19:41.314] [jointLog] [warning] Feature has no GFF ID
[2021-05-20 19:19:41.314] [jointLog] [warning] Feature has no GFF ID
[2021-05-20 19:19:41.314] [jointLog] [warning] Feature has no GFF ID
[2021-05-20 19:19:41.314] [jointLog] [warning] Feature has no GFF ID
[2021-05-20 19:19:41.314] [jointLog] [warning] Feature has no GFF ID
[2021-05-20 19:19:41.314] [jointLog] [warning] Feature has no GFF ID
[2021-05-20 19:19:41.314] [jointLog] [warning] Feature has no GFF ID
[2021-05-20 19:19:41.314] [jointLog] [warning] Feature has no GFF ID
[2021-05-20 19:19:41.314] [jointLog] [warning] Feature has no GFF ID
[2021-05-20 19:19:41.314] [jointLog] [warning] Feature has no GFF ID
[2021-05-20 19:19:41.314] [jointLog] [warning] Feature has no GFF ID
[2021-05-20 19:19:41.314] [jointLog] [warning] Feature has no GFF ID
[2021-05-20 19:19:41.314] [jointLog] [warning] Feature has no GFF ID
[2021-05-20 19:19:41.314] [jointLog] [warning] Feature has no GFF ID
[2021-05-20 19:19:41.314] [jointLog] [warning] Feature has no GFF ID
[2021-05-20 19:19:41.314] [jointLog] [warning] Feature has no GFF ID
[2021-05-20 19:19:41.314] [jointLog] [warning] Feature has no GFF ID
[2021-05-20 19:19:41.314] [jointLog] [warning] Feature has no GFF ID
[2021-05-20 19:19:41.314] [jointLog] [warning] Feature has no GFF ID
[2021-05-20 19:19:41.314] [jointLog] [warning] Feature has no GFF ID
[2021-05-20 19:19:41.314] [jointLog] [warning] Feature has no GFF ID
[2021-05-20 19:19:41.749] [jointLog] [info] There were 142604 transcripts mapping to 55401 genes
[2021-05-20 19:19:41.749] [jointLog] [info] NOTE: We recommend using tximport (https://bioconductor.org/packages/release/bioc/html/tximport.html) for aggregating transcript-level salmon abundance estimates to the gene level.  It is more versatile, exposes more features, and allows considering multi-sample information during aggregation.
[2021-05-20 19:19:42.110] [jointLog] [warning] couldn't find transcript named [DQ459430] in transcript <-> gene map; returning transcript as it's own gene
[2021-05-20 19:19:42.110] [jointLog] [warning] couldn't find transcript named [DQ516784] in transcript <-> gene map; returning transcript as it's own gene
[2021-05-20 19:19:42.110] [jointLog] [warning] couldn't find transcript named [DQ516752] in transcript <-> gene map; returning transcript as it's own gene
[2021-05-20 19:19:42.110] [jointLog] [warning] couldn't find transcript named [DQ668364] in transcript <-> gene map; returning transcript as it's own gene
[2021-05-20 19:19:42.110] [jointLog] [warning] couldn't find transcript named [DQ883670] in transcript <-> gene map; returning transcript as it's own gene
[2021-05-20 19:19:42.110] [jointLog] [warning] couldn't find transcript named [EF011062] in transcript <-> gene map; returning transcript as it's own gene
[2021-05-20 19:19:42.110] [jointLog] [warning] couldn't find transcript named [DQ875385] in transcript <-> gene map; returning transcript as it's own gene
[2021-05-20 19:19:42.110] [jointLog] [warning] couldn't find transcript named [DQ883664] in transcript <-> gene map; returning transcript as it's own gene
[2021-05-20 19:19:42.110] [jointLog] [warning] couldn't find transcript named [DQ459420] in transcript <-> gene map; returning transcript as it's own gene
[2021-05-20 19:19:42.110] [jointLog] [warning] couldn't find transcript named [DQ883651] in transcript <-> gene map; returning transcript as it's own gene
[2021-05-20 19:19:42.110] [jointLog] [warning] couldn't find transcript named [DQ855004] in transcript <-> gene map; returning transcript as it's own gene
[2021-05-20 19:19:42.110] [jointLog] [warning] couldn't find transcript named [DQ854993] in transcript <-> gene map; returning transcript as it's own gene
[2021-05-20 19:19:42.110] [jointLog] [warning] couldn't find transcript named [DQ883689] in transcript <-> gene map; returning transcript as it's own gene
[2021-05-20 19:19:42.110] [jointLog] [warning] couldn't find transcript named [DQ459419] in transcript <-> gene map; returning transcript as it's own gene
[2021-05-20 19:19:42.110] [jointLog] [warning] couldn't find transcript named [DQ459431] in transcript <-> gene map; returning transcript as it's own gene
[2021-05-20 19:19:42.110] [jointLog] [warning] couldn't find transcript named [DQ516796] in transcript <-> gene map; returning transcript as it's own gene
[2021-05-20 19:19:42.110] [jointLog] [warning] couldn't find transcript named [DQ855001] in transcript <-> gene map; returning transcript as it's own gene
[2021-05-20 19:19:42.110] [jointLog] [warning] couldn't find transcript named [DQ459413] in transcript <-> gene map; returning transcript as it's own gene
[2021-05-20 19:19:42.110] [jointLog] [warning] couldn't find transcript named [DQ883656] in transcript <-> gene map; returning transcript as it's own gene
[2021-05-20 19:19:42.110] [jointLog] [warning] couldn't find transcript named [DQ883661] in transcript <-> gene map; returning transcript as it's own gene
[2021-05-20 19:19:42.110] [jointLog] [warning] couldn't find transcript named [EF011069] in transcript <-> gene map; returning transcript as it's own gene
[2021-05-20 19:19:42.111] [jointLog] [warning] couldn't find transcript named [DQ516783] in transcript <-> gene map; returning transcript as it's own gene
[2021-05-20 19:19:42.111] [jointLog] [warning] couldn't find transcript named [DQ516787] in transcript <-> gene map; returning transcript as it's own gene
[2021-05-20 19:19:42.111] [jointLog] [warning] couldn't find transcript named [DQ459424] in transcript <-> gene map; returning transcript as it's own gene
[2021-05-20 19:19:42.111] [jointLog] [warning] couldn't find transcript named [DQ516748] in transcript <-> gene map; returning transcript as it's own gene
[2021-05-20 19:19:42.111] [jointLog] [warning] couldn't find transcript named [DQ883671] in transcript <-> gene map; returning transcript as it's own gene
[2021-05-20 19:19:42.111] [jointLog] [warning] couldn't find transcript named [DQ516740] in transcript <-> gene map; returning transcript as it's own gene
[2021-05-20 19:19:42.111] [jointLog] [warning] couldn't find transcript named [DQ516785] in transcript <-> gene map; returning transcript as it's own gene
[2021-05-20 19:19:42.111] [jointLog] [warning] couldn't find transcript named [DQ516731] in transcript <-> gene map; returning transcript as it's own gene
[2021-05-20 19:19:42.111] [jointLog] [warning] couldn't find transcript named [DQ668366] in transcript <-> gene map; returning transcript as it's own gene
[2021-05-20 19:19:42.111] [jointLog] [warning] couldn't find transcript named [DQ459418] in transcript <-> gene map; returning transcript as it's own gene
[2021-05-20 19:19:42.111] [jointLog] [warning] couldn't find transcript named [DQ668356] in transcript <-> gene map; returning transcript as it's own gene
[2021-05-20 19:19:42.111] [jointLog] [warning] couldn't find transcript named [DQ516763] in transcript <-> gene map; returning transcript as it's own gene
[2021-05-20 19:19:42.111] [jointLog] [warning] couldn't find transcript named [DQ459426] in transcript <-> gene map; returning transcript as it's own gene
[2021-05-20 19:19:42.111] [jointLog] [warning] couldn't find transcript named [DQ516786] in transcript <-> gene map; returning transcript as it's own gene
[2021-05-20 19:19:42.111] [jointLog] [warning] couldn't find transcript named [DQ883653] in transcript <-> gene map; returning transcript as it's own gene
[2021-05-20 19:19:42.111] [jointLog] [warning] couldn't find transcript named [DQ459421] in transcript <-> gene map; returning transcript as it's own gene
[2021-05-20 19:19:42.111] [jointLog] [warning] couldn't find transcript named [DQ883654] in transcript <-> gene map; returning transcript as it's own gene
[2021-05-20 19:19:42.111] [jointLog] [warning] couldn't find transcript named [DQ668358] in transcript <-> gene map; returning transcript as it's own gene
[2021-05-20 19:19:42.111] [jointLog] [warning] couldn't find transcript named [DQ516754] in transcript <-> gene map; returning transcript as it's own gene
[2021-05-20 19:19:42.111] [jointLog] [warning] couldn't find transcript named [DQ516778] in transcript <-> gene map; returning transcript as it's own gene
[2021-05-20 19:19:42.111] [jointLog] [warning] couldn't find transcript named [DQ883650] in transcript <-> gene map; returning transcript as it's own gene
[2021-05-20 19:19:42.111] [jointLog] [warning] couldn't find transcript named [DQ516742] in transcript <-> gene map; returning transcript as it's own gene
[2021-05-20 19:19:42.111] [jointLog] [warning] couldn't find transcript named [DQ883673] in transcript <-> gene map; returning transcript as it's own gene
[2021-05-20 19:19:42.111] [jointLog] [warning] couldn't find transcript named [DQ883652] in transcript <-> gene map; returning transcript as it's own gene
[2021-05-20 19:19:42.111] [jointLog] [warning] couldn't find transcript named [DQ854991] in transcript <-> gene map; returning transcript as it's own gene
[2021-05-20 19:19:42.111] [jointLog] [warning] couldn't find transcript named [DQ516780] in transcript <-> gene map; returning transcript as it's own gene
[2021-05-20 19:19:42.111] [jointLog] [warning] couldn't find transcript named [DQ883682] in transcript <-> gene map; returning transcript as it's own gene
[2021-05-20 19:19:42.111] [jointLog] [warning] couldn't find transcript named [DQ883669] in transcript <-> gene map; returning transcript as it's own gene
[2021-05-20 19:19:42.111] [jointLog] [warning] couldn't find transcript named [DQ516791] in transcript <-> gene map; returning transcript as it's own gene
[2021-05-20 19:19:42.111] [jointLog] [warning] couldn't find transcript named [DQ459425] in transcript <-> gene map; returning transcript as it's own gene
[2021-05-20 19:19:42.111] [jointLog] [warning] couldn't find transcript named [DQ516759] in transcript <-> gene map; returning transcript as it's own gene
[2021-05-20 19:19:42.111] [jointLog] [warning] couldn't find transcript named [DQ459429] in transcript <-> gene map; returning transcript as it's own gene
[2021-05-20 19:19:42.111] [jointLog] [warning] couldn't find transcript named [DQ516758] in transcript <-> gene map; returning transcript as it's own gene
[2021-05-20 19:19:42.111] [jointLog] [warning] couldn't find transcript named [DQ459415] in transcript <-> gene map; returning transcript as it's own gene
[2021-05-20 19:19:42.111] [jointLog] [warning] couldn't find transcript named [DQ875387] in transcript <-> gene map; returning transcript as it's own gene
[2021-05-20 19:19:42.111] [jointLog] [warning] couldn't find transcript named [DQ516815] in transcript <-> gene map; returning transcript as it's own gene
[2021-05-20 19:19:42.111] [jointLog] [warning] couldn't find transcript named [DQ668365] in transcript <-> gene map; returning transcript as it's own gene
[2021-05-20 19:19:42.111] [jointLog] [warning] couldn't find transcript named [DQ854998] in transcript <-> gene map; returning transcript as it's own gene
[2021-05-20 19:19:42.111] [jointLog] [warning] couldn't find transcript named [DQ883685] in transcript <-> gene map; returning transcript as it's own gene
[2021-05-20 19:19:42.111] [jointLog] [warning] couldn't find transcript named [DQ459422] in transcript <-> gene map; returning transcript as it's own gene
[2021-05-20 19:19:42.111] [jointLog] [warning] couldn't find transcript named [DQ883663] in transcript <-> gene map; returning transcript as it's own gene
[2021-05-20 19:19:42.111] [jointLog] [warning] couldn't find transcript named [DQ668367] in transcript <-> gene map; returning transcript as it's own gene
[2021-05-20 19:19:42.111] [jointLog] [warning] couldn't find transcript named [DQ459412] in transcript <-> gene map; returning transcript as it's own gene
[2021-05-20 19:19:42.111] [jointLog] [warning] couldn't find transcript named [DQ854992] in transcript <-> gene map; returning transcript as it's own gene
[2021-05-20 19:19:42.111] [jointLog] [warning] couldn't find transcript named [DQ516782] in transcript <-> gene map; returning transcript as it's own gene
[2021-05-20 19:19:42.111] [jointLog] [warning] couldn't find transcript named [DQ459427] in transcript <-> gene map; returning transcript as it's own gene
[2021-05-20 19:19:42.111] [jointLog] [warning] couldn't find transcript named [EF011072] in transcript <-> gene map; returning transcript as it's own gene
[2021-05-20 19:19:42.111] [jointLog] [warning] couldn't find transcript named [DQ855003] in transcript <-> gene map; returning transcript as it's own gene
[2021-05-20 19:19:42.111] [jointLog] [warning] couldn't find transcript named [DQ516739] in transcript <-> gene map; returning transcript as it's own gene
[2021-05-20 19:19:42.111] [jointLog] [warning] couldn't find transcript named [EF011063] in transcript <-> gene map; returning transcript as it's own gene
[2021-05-20 19:19:42.111] [jointLog] [warning] couldn't find transcript named [DQ855000] in transcript <-> gene map; returning transcript as it's own gene
[2021-05-20 19:19:42.111] [jointLog] [warning] couldn't find transcript named [DQ516777] in transcript <-> gene map; returning transcript as it's own gene
[2021-05-20 19:19:42.111] [jointLog] [warning] couldn't find transcript named [DQ883646] in transcript <-> gene map; returning transcript as it's own gene
[2021-05-20 19:19:42.111] [jointLog] [warning] couldn't find transcript named [DQ668362] in transcript <-> gene map; returning transcript as it's own gene
[2021-05-20 19:19:42.111] [jointLog] [warning] couldn't find transcript named [DQ854995] in transcript <-> gene map; returning transcript as it's own gene
[2021-05-20 19:19:42.111] [jointLog] [warning] couldn't find transcript named [DQ875386] in transcript <-> gene map; returning transcript as it's own gene
[2021-05-20 19:19:42.111] [jointLog] [warning] couldn't find transcript named [DQ516790] in transcript <-> gene map; returning transcript as it's own gene
[2021-05-20 19:19:42.111] [jointLog] [warning] couldn't find transcript named [DQ883642] in transcript <-> gene map; returning transcript as it's own gene
[2021-05-20 19:19:42.111] [jointLog] [warning] couldn't find transcript named [DQ883659] in transcript <-> gene map; returning transcript as it's own gene
[2021-05-20 19:19:42.111] [jointLog] [warning] couldn't find transcript named [DQ854997] in transcript <-> gene map; returning transcript as it's own gene
[2021-05-20 19:19:42.111] [jointLog] [warning] couldn't find transcript named [DQ883643] in transcript <-> gene map; returning transcript as it's own gene
[2021-05-20 19:19:42.111] [jointLog] [warning] couldn't find transcript named [DQ839618] in transcript <-> gene map; returning transcript as it's own gene
[2021-05-20 19:19:42.111] [jointLog] [warning] couldn't find transcript named [DQ516795] in transcript <-> gene map; returning transcript as it's own gene
[2021-05-20 19:19:42.111] [jointLog] [warning] couldn't find transcript named [DQ883658] in transcript <-> gene map; returning transcript as it's own gene
[2021-05-20 19:19:42.111] [jointLog] [warning] couldn't find transcript named [DQ516750] in transcript <-> gene map; returning transcript as it's own gene
[2021-05-20 19:19:42.111] [jointLog] [warning] couldn't find transcript named [DQ668359] in transcript <-> gene map; returning transcript as it's own gene
[2021-05-20 19:19:42.111] [jointLog] [warning] couldn't find transcript named [DQ516779] in transcript <-> gene map; returning transcript as it's own gene
[2021-05-20 19:19:42.111] [jointLog] [warning] couldn't find transcript named [DQ668363] in transcript <-> gene map; returning transcript as it's own gene
[2021-05-20 19:19:42.111] [jointLog] [warning] couldn't find transcript named [DQ516776] in transcript <-> gene map; returning transcript as it's own gene
[2021-05-20 19:19:42.111] [jointLog] [warning] couldn't find transcript named [DQ516773] in transcript <-> gene map; returning transcript as it's own gene
[2021-05-20 19:19:42.111] [jointLog] [warning] couldn't find transcript named [DQ854994] in transcript <-> gene map; returning transcript as it's own gene
[2021-05-20 19:19:42.111] [jointLog] [info] Aggregating expressions to gene level
[2021-05-20 19:19:42.300] [jointLog] [info] done
