[2021-04-27 20:49:33.086] [jointLog] [info] setting maxHashResizeThreads to 6
[2021-04-27 20:49:33.086] [jointLog] [info] Fragment incompatibility prior below threshold.  Incompatible fragments will be ignored.
[2021-04-27 20:49:33.088] [jointLog] [info] numQuantThreads = 3
[2021-04-27 20:49:36.541] [jointLog] [info] replaced 4 non-ACGT nucleotides with random nucleotides
[2021-04-27 20:49:36.808] [fileLog] [info] quantification processed 0 fragments so far

[2021-04-27 20:49:39.688] [fileLog] [info] quantification processed 1000000 fragments so far

[2021-04-27 20:49:42.681] [fileLog] [info] quantification processed 2000000 fragments so far

[2021-04-27 20:49:44.210] [jointLog] [info] 

The alignment group queue pool has been exhausted.  2872960 extra fragments were allocated on the heap to saturate the pool.  No new fragments will be allocated


[2021-04-27 20:49:51.239] [fileLog] [info] quantification processed 3000000 fragments so far

[2021-04-27 20:50:05.330] [fileLog] [info] quantification processed 4000000 fragments so far

[2021-04-27 20:50:19.411] [fileLog] [info] quantification processed 5000000 fragments so far

[2021-04-27 20:50:33.405] [fileLog] [info] quantification processed 6000000 fragments so far

[2021-04-27 20:50:47.451] [fileLog] [info] quantification processed 7000000 fragments so far

[2021-04-27 20:50:50.481] [fileLog] [info] quantification processed 8000000 fragments so far

[2021-04-27 20:50:53.427] [fileLog] [info] quantification processed 9000000 fragments so far

[2021-04-27 20:50:56.437] [fileLog] [info] quantification processed 10000000 fragments so far

[2021-04-27 20:50:59.346] [fileLog] [info] quantification processed 11000000 fragments so far

[2021-04-27 20:51:02.301] [fileLog] [info] quantification processed 12000000 fragments so far

[2021-04-27 20:51:05.298] [fileLog] [info] quantification processed 13000000 fragments so far

[2021-04-27 20:51:08.282] [fileLog] [info] quantification processed 14000000 fragments so far

[2021-04-27 20:51:11.178] [fileLog] [info] quantification processed 15000000 fragments so far

[2021-04-27 20:51:14.135] [fileLog] [info] quantification processed 16000000 fragments so far

[2021-04-27 20:51:17.105] [fileLog] [info] quantification processed 17000000 fragments so far

[2021-04-27 20:51:20.069] [fileLog] [info] quantification processed 18000000 fragments so far

[2021-04-27 20:51:23.055] [fileLog] [info] quantification processed 19000000 fragments so far

[2021-04-27 20:51:26.015] [fileLog] [info] quantification processed 20000000 fragments so far

[2021-04-27 20:51:28.966] [fileLog] [info] quantification processed 21000000 fragments so far

[2021-04-27 20:51:31.946] [fileLog] [info] quantification processed 22000000 fragments so far

[2021-04-27 20:51:34.926] [fileLog] [info] quantification processed 23000000 fragments so far

[2021-04-27 20:51:37.882] [fileLog] [info] quantification processed 24000000 fragments so far

[2021-04-27 20:51:40.793] [fileLog] [info] quantification processed 25000000 fragments so far

[2021-04-27 20:51:43.753] [fileLog] [info] quantification processed 26000000 fragments so far

[2021-04-27 20:51:46.704] [fileLog] [info] quantification processed 27000000 fragments so far

[2021-04-27 20:51:49.661] [fileLog] [info] quantification processed 28000000 fragments so far

[2021-04-27 20:51:52.626] [fileLog] [info] quantification processed 29000000 fragments so far

[2021-04-27 20:51:55.597] [fileLog] [info] quantification processed 30000000 fragments so far

[2021-04-27 20:51:58.517] [fileLog] [info] quantification processed 31000000 fragments so far

[2021-04-27 20:52:01.475] [fileLog] [info] quantification processed 32000000 fragments so far

[2021-04-27 20:52:04.435] [fileLog] [info] quantification processed 33000000 fragments so far

[2021-04-27 20:52:07.363] [fileLog] [info] quantification processed 34000000 fragments so far

[2021-04-27 20:52:10.290] [fileLog] [info] quantification processed 35000000 fragments so far

[2021-04-27 20:52:13.216] [fileLog] [info] quantification processed 36000000 fragments so far

[2021-04-27 20:52:16.154] [fileLog] [info] quantification processed 37000000 fragments so far

[2021-04-27 20:52:19.057] [fileLog] [info] quantification processed 38000000 fragments so far

[2021-04-27 20:52:20.599] [fileLog] [info] quantification processed 38522068 fragments so far

[2021-04-27 20:52:26.198] [jointLog] [info] Thread saw mini-batch with a maximum of 2.30% zero probability fragments
[2021-04-27 20:52:26.202] [jointLog] [info] Thread saw mini-batch with a maximum of 2.30% zero probability fragments
[2021-04-27 20:52:26.205] [jointLog] [info] Thread saw mini-batch with a maximum of 2.20% zero probability fragments
[2021-04-27 20:52:26.206] [jointLog] [info] 


Completed first pass through the alignment file.
Total # of mapped reads : 38522068
# of uniquely mapped reads : 15506187
# ambiguously mapped reads : 23015881



[2021-04-27 20:52:26.344] [jointLog] [info] Computed 254152 rich equivalence classes for further processing
[2021-04-27 20:52:26.344] [jointLog] [info] Counted 38343812 total reads in the equivalence classes 
[2021-04-27 20:52:26.346] [jointLog] [info] starting optimizer
[2021-04-27 20:52:26.444] [jointLog] [info] Marked 0 weighted equivalence classes as degenerate
[2021-04-27 20:52:26.463] [jointLog] [info] iteration = 0 | max rel diff. = 6238.8
[2021-04-27 20:52:27.997] [jointLog] [info] iteration = 100 | max rel diff. = 20.395
[2021-04-27 20:52:29.519] [jointLog] [info] iteration = 200 | max rel diff. = 0.531892
[2021-04-27 20:52:31.030] [jointLog] [info] iteration = 300 | max rel diff. = 0.899761
[2021-04-27 20:52:32.526] [jointLog] [info] iteration = 400 | max rel diff. = 2.41161
[2021-04-27 20:52:34.053] [jointLog] [info] iteration = 500 | max rel diff. = 0.133965
[2021-04-27 20:52:35.562] [jointLog] [info] iteration = 600 | max rel diff. = 3.91279
[2021-04-27 20:52:37.064] [jointLog] [info] iteration = 700 | max rel diff. = 0.174415
[2021-04-27 20:52:38.569] [jointLog] [info] iteration = 800 | max rel diff. = 0.115373
[2021-04-27 20:52:40.082] [jointLog] [info] iteration = 900 | max rel diff. = 0.231176
[2021-04-27 20:52:41.576] [jointLog] [info] iteration = 1000 | max rel diff. = 0.0936736
[2021-04-27 20:52:43.078] [jointLog] [info] iteration = 1100 | max rel diff. = 0.442874
[2021-04-27 20:52:44.550] [jointLog] [info] iteration = 1200 | max rel diff. = 0.0380205
[2021-04-27 20:52:46.019] [jointLog] [info] iteration = 1300 | max rel diff. = 11.1693
[2021-04-27 20:52:47.505] [jointLog] [info] iteration = 1400 | max rel diff. = 0.217105
[2021-04-27 20:52:49.004] [jointLog] [info] iteration = 1500 | max rel diff. = 0.126371
[2021-04-27 20:52:50.500] [jointLog] [info] iteration = 1600 | max rel diff. = 0.492087
[2021-04-27 20:52:51.986] [jointLog] [info] iteration = 1700 | max rel diff. = 0.59235
[2021-04-27 20:52:53.476] [jointLog] [info] iteration = 1800 | max rel diff. = 0.0981828
[2021-04-27 20:52:54.335] [jointLog] [info] iteration = 1859 | max rel diff. = 0.00804711
[2021-04-27 20:52:54.366] [jointLog] [info] finished optimizer
[2021-04-27 20:52:54.366] [jointLog] [info] writing output
[2021-04-27 20:52:56.022] [jointLog] [info] Computing gene-level abundance estimates
[2021-04-27 20:53:24.486] [jointLog] [warning] Feature has no GFF ID
[2021-04-27 20:53:24.486] [jointLog] [warning] Feature has no GFF ID
[2021-04-27 20:53:24.486] [jointLog] [warning] Feature has no GFF ID
[2021-04-27 20:53:24.486] [jointLog] [warning] Feature has no GFF ID
[2021-04-27 20:53:24.486] [jointLog] [warning] Feature has no GFF ID
[2021-04-27 20:53:24.486] [jointLog] [warning] Feature has no GFF ID
[2021-04-27 20:53:24.486] [jointLog] [warning] Feature has no GFF ID
[2021-04-27 20:53:24.486] [jointLog] [warning] Feature has no GFF ID
[2021-04-27 20:53:24.486] [jointLog] [warning] Feature has no GFF ID
[2021-04-27 20:53:24.486] [jointLog] [warning] Feature has no GFF ID
[2021-04-27 20:53:24.486] [jointLog] [warning] Feature has no GFF ID
[2021-04-27 20:53:24.486] [jointLog] [warning] Feature has no GFF ID
[2021-04-27 20:53:24.486] [jointLog] [warning] Feature has no GFF ID
[2021-04-27 20:53:24.486] [jointLog] [warning] Feature has no GFF ID
[2021-04-27 20:53:24.486] [jointLog] [warning] Feature has no GFF ID
[2021-04-27 20:53:24.486] [jointLog] [warning] Feature has no GFF ID
[2021-04-27 20:53:24.486] [jointLog] [warning] Feature has no GFF ID
[2021-04-27 20:53:24.486] [jointLog] [warning] Feature has no GFF ID
[2021-04-27 20:53:24.486] [jointLog] [warning] Feature has no GFF ID
[2021-04-27 20:53:24.486] [jointLog] [warning] Feature has no GFF ID
[2021-04-27 20:53:24.486] [jointLog] [warning] Feature has no GFF ID
[2021-04-27 20:53:24.486] [jointLog] [warning] Feature has no GFF ID
[2021-04-27 20:53:24.486] [jointLog] [warning] Feature has no GFF ID
[2021-04-27 20:53:24.486] [jointLog] [warning] Feature has no GFF ID
[2021-04-27 20:53:24.486] [jointLog] [warning] Feature has no GFF ID
[2021-04-27 20:53:24.486] [jointLog] [warning] Feature has no GFF ID
[2021-04-27 20:53:24.486] [jointLog] [warning] Feature has no GFF ID
[2021-04-27 20:53:24.486] [jointLog] [warning] Feature has no GFF ID
[2021-04-27 20:53:24.486] [jointLog] [warning] Feature has no GFF ID
[2021-04-27 20:53:24.486] [jointLog] [warning] Feature has no GFF ID
[2021-04-27 20:53:24.486] [jointLog] [warning] Feature has no GFF ID
[2021-04-27 20:53:24.486] [jointLog] [warning] Feature has no GFF ID
[2021-04-27 20:53:24.486] [jointLog] [warning] Feature has no GFF ID
[2021-04-27 20:53:24.486] [jointLog] [warning] Feature has no GFF ID
[2021-04-27 20:53:24.486] [jointLog] [warning] Feature has no GFF ID
[2021-04-27 20:53:24.486] [jointLog] [warning] Feature has no GFF ID
[2021-04-27 20:53:24.486] [jointLog] [warning] Feature has no GFF ID
[2021-04-27 20:53:24.486] [jointLog] [warning] Feature has no GFF ID
[2021-04-27 20:53:24.486] [jointLog] [warning] Feature has no GFF ID
[2021-04-27 20:53:24.486] [jointLog] [warning] Feature has no GFF ID
[2021-04-27 20:53:24.486] [jointLog] [warning] Feature has no GFF ID
[2021-04-27 20:53:24.486] [jointLog] [warning] Feature has no GFF ID
[2021-04-27 20:53:24.486] [jointLog] [warning] Feature has no GFF ID
[2021-04-27 20:53:24.486] [jointLog] [warning] Feature has no GFF ID
[2021-04-27 20:53:24.486] [jointLog] [warning] Feature has no GFF ID
[2021-04-27 20:53:24.486] [jointLog] [warning] Feature has no GFF ID
[2021-04-27 20:53:24.486] [jointLog] [warning] Feature has no GFF ID
[2021-04-27 20:53:24.486] [jointLog] [warning] Feature has no GFF ID
[2021-04-27 20:53:24.486] [jointLog] [warning] Feature has no GFF ID
[2021-04-27 20:53:24.486] [jointLog] [warning] Feature has no GFF ID
[2021-04-27 20:53:24.486] [jointLog] [warning] Feature has no GFF ID
[2021-04-27 20:53:24.486] [jointLog] [warning] Feature has no GFF ID
[2021-04-27 20:53:24.486] [jointLog] [warning] Feature has no GFF ID
[2021-04-27 20:53:24.486] [jointLog] [warning] Feature has no GFF ID
[2021-04-27 20:53:24.486] [jointLog] [warning] Feature has no GFF ID
[2021-04-27 20:53:24.486] [jointLog] [warning] Feature has no GFF ID
[2021-04-27 20:53:24.486] [jointLog] [warning] Feature has no GFF ID
[2021-04-27 20:53:24.486] [jointLog] [warning] Feature has no GFF ID
[2021-04-27 20:53:24.486] [jointLog] [warning] Feature has no GFF ID
[2021-04-27 20:53:24.486] [jointLog] [warning] Feature has no GFF ID
[2021-04-27 20:53:24.486] [jointLog] [warning] Feature has no GFF ID
[2021-04-27 20:53:24.486] [jointLog] [warning] Feature has no GFF ID
[2021-04-27 20:53:24.486] [jointLog] [warning] Feature has no GFF ID
[2021-04-27 20:53:24.486] [jointLog] [warning] Feature has no GFF ID
[2021-04-27 20:53:24.486] [jointLog] [warning] Feature has no GFF ID
[2021-04-27 20:53:24.486] [jointLog] [warning] Feature has no GFF ID
[2021-04-27 20:53:24.486] [jointLog] [warning] Feature has no GFF ID
[2021-04-27 20:53:24.486] [jointLog] [warning] Feature has no GFF ID
[2021-04-27 20:53:24.486] [jointLog] [warning] Feature has no GFF ID
[2021-04-27 20:53:24.486] [jointLog] [warning] Feature has no GFF ID
[2021-04-27 20:53:24.486] [jointLog] [warning] Feature has no GFF ID
[2021-04-27 20:53:24.486] [jointLog] [warning] Feature has no GFF ID
[2021-04-27 20:53:24.486] [jointLog] [warning] Feature has no GFF ID
[2021-04-27 20:53:24.486] [jointLog] [warning] Feature has no GFF ID
[2021-04-27 20:53:24.486] [jointLog] [warning] Feature has no GFF ID
[2021-04-27 20:53:24.486] [jointLog] [warning] Feature has no GFF ID
[2021-04-27 20:53:24.486] [jointLog] [warning] Feature has no GFF ID
[2021-04-27 20:53:24.486] [jointLog] [warning] Feature has no GFF ID
[2021-04-27 20:53:24.486] [jointLog] [warning] Feature has no GFF ID
[2021-04-27 20:53:24.486] [jointLog] [warning] Feature has no GFF ID
[2021-04-27 20:53:24.486] [jointLog] [warning] Feature has no GFF ID
[2021-04-27 20:53:24.486] [jointLog] [warning] Feature has no GFF ID
[2021-04-27 20:53:24.486] [jointLog] [warning] Feature has no GFF ID
[2021-04-27 20:53:24.486] [jointLog] [warning] Feature has no GFF ID
[2021-04-27 20:53:24.486] [jointLog] [warning] Feature has no GFF ID
[2021-04-27 20:53:24.486] [jointLog] [warning] Feature has no GFF ID
[2021-04-27 20:53:24.486] [jointLog] [warning] Feature has no GFF ID
[2021-04-27 20:53:24.486] [jointLog] [warning] Feature has no GFF ID
[2021-04-27 20:53:24.486] [jointLog] [warning] Feature has no GFF ID
[2021-04-27 20:53:24.486] [jointLog] [warning] Feature has no GFF ID
[2021-04-27 20:53:24.486] [jointLog] [warning] Feature has no GFF ID
[2021-04-27 20:53:24.486] [jointLog] [warning] Feature has no GFF ID
[2021-04-27 20:53:24.791] [jointLog] [info] There were 142604 transcripts mapping to 55401 genes
[2021-04-27 20:53:24.792] [jointLog] [info] NOTE: We recommend using tximport (https://bioconductor.org/packages/release/bioc/html/tximport.html) for aggregating transcript-level salmon abundance estimates to the gene level.  It is more versatile, exposes more features, and allows considering multi-sample information during aggregation.
[2021-04-27 20:53:25.076] [jointLog] [warning] couldn't find transcript named [DQ459430] in transcript <-> gene map; returning transcript as it's own gene
[2021-04-27 20:53:25.076] [jointLog] [warning] couldn't find transcript named [DQ516784] in transcript <-> gene map; returning transcript as it's own gene
[2021-04-27 20:53:25.076] [jointLog] [warning] couldn't find transcript named [DQ516752] in transcript <-> gene map; returning transcript as it's own gene
[2021-04-27 20:53:25.076] [jointLog] [warning] couldn't find transcript named [DQ668364] in transcript <-> gene map; returning transcript as it's own gene
[2021-04-27 20:53:25.076] [jointLog] [warning] couldn't find transcript named [DQ883670] in transcript <-> gene map; returning transcript as it's own gene
[2021-04-27 20:53:25.076] [jointLog] [warning] couldn't find transcript named [EF011062] in transcript <-> gene map; returning transcript as it's own gene
[2021-04-27 20:53:25.076] [jointLog] [warning] couldn't find transcript named [DQ875385] in transcript <-> gene map; returning transcript as it's own gene
[2021-04-27 20:53:25.076] [jointLog] [warning] couldn't find transcript named [DQ883664] in transcript <-> gene map; returning transcript as it's own gene
[2021-04-27 20:53:25.076] [jointLog] [warning] couldn't find transcript named [DQ459420] in transcript <-> gene map; returning transcript as it's own gene
[2021-04-27 20:53:25.076] [jointLog] [warning] couldn't find transcript named [DQ883651] in transcript <-> gene map; returning transcript as it's own gene
[2021-04-27 20:53:25.076] [jointLog] [warning] couldn't find transcript named [DQ855004] in transcript <-> gene map; returning transcript as it's own gene
[2021-04-27 20:53:25.076] [jointLog] [warning] couldn't find transcript named [DQ854993] in transcript <-> gene map; returning transcript as it's own gene
[2021-04-27 20:53:25.076] [jointLog] [warning] couldn't find transcript named [DQ883689] in transcript <-> gene map; returning transcript as it's own gene
[2021-04-27 20:53:25.076] [jointLog] [warning] couldn't find transcript named [DQ459419] in transcript <-> gene map; returning transcript as it's own gene
[2021-04-27 20:53:25.076] [jointLog] [warning] couldn't find transcript named [DQ459431] in transcript <-> gene map; returning transcript as it's own gene
[2021-04-27 20:53:25.076] [jointLog] [warning] couldn't find transcript named [DQ516796] in transcript <-> gene map; returning transcript as it's own gene
[2021-04-27 20:53:25.076] [jointLog] [warning] couldn't find transcript named [DQ855001] in transcript <-> gene map; returning transcript as it's own gene
[2021-04-27 20:53:25.076] [jointLog] [warning] couldn't find transcript named [DQ459413] in transcript <-> gene map; returning transcript as it's own gene
[2021-04-27 20:53:25.076] [jointLog] [warning] couldn't find transcript named [DQ883656] in transcript <-> gene map; returning transcript as it's own gene
[2021-04-27 20:53:25.076] [jointLog] [warning] couldn't find transcript named [DQ883661] in transcript <-> gene map; returning transcript as it's own gene
[2021-04-27 20:53:25.076] [jointLog] [warning] couldn't find transcript named [EF011069] in transcript <-> gene map; returning transcript as it's own gene
[2021-04-27 20:53:25.076] [jointLog] [warning] couldn't find transcript named [DQ516783] in transcript <-> gene map; returning transcript as it's own gene
[2021-04-27 20:53:25.076] [jointLog] [warning] couldn't find transcript named [DQ516787] in transcript <-> gene map; returning transcript as it's own gene
[2021-04-27 20:53:25.076] [jointLog] [warning] couldn't find transcript named [DQ459424] in transcript <-> gene map; returning transcript as it's own gene
[2021-04-27 20:53:25.076] [jointLog] [warning] couldn't find transcript named [DQ516748] in transcript <-> gene map; returning transcript as it's own gene
[2021-04-27 20:53:25.076] [jointLog] [warning] couldn't find transcript named [DQ883671] in transcript <-> gene map; returning transcript as it's own gene
[2021-04-27 20:53:25.076] [jointLog] [warning] couldn't find transcript named [DQ516740] in transcript <-> gene map; returning transcript as it's own gene
[2021-04-27 20:53:25.076] [jointLog] [warning] couldn't find transcript named [DQ516785] in transcript <-> gene map; returning transcript as it's own gene
[2021-04-27 20:53:25.076] [jointLog] [warning] couldn't find transcript named [DQ516731] in transcript <-> gene map; returning transcript as it's own gene
[2021-04-27 20:53:25.076] [jointLog] [warning] couldn't find transcript named [DQ668366] in transcript <-> gene map; returning transcript as it's own gene
[2021-04-27 20:53:25.076] [jointLog] [warning] couldn't find transcript named [DQ459418] in transcript <-> gene map; returning transcript as it's own gene
[2021-04-27 20:53:25.076] [jointLog] [warning] couldn't find transcript named [DQ668356] in transcript <-> gene map; returning transcript as it's own gene
[2021-04-27 20:53:25.076] [jointLog] [warning] couldn't find transcript named [DQ516763] in transcript <-> gene map; returning transcript as it's own gene
[2021-04-27 20:53:25.076] [jointLog] [warning] couldn't find transcript named [DQ459426] in transcript <-> gene map; returning transcript as it's own gene
[2021-04-27 20:53:25.076] [jointLog] [warning] couldn't find transcript named [DQ516786] in transcript <-> gene map; returning transcript as it's own gene
[2021-04-27 20:53:25.076] [jointLog] [warning] couldn't find transcript named [DQ883653] in transcript <-> gene map; returning transcript as it's own gene
[2021-04-27 20:53:25.076] [jointLog] [warning] couldn't find transcript named [DQ459421] in transcript <-> gene map; returning transcript as it's own gene
[2021-04-27 20:53:25.076] [jointLog] [warning] couldn't find transcript named [DQ883654] in transcript <-> gene map; returning transcript as it's own gene
[2021-04-27 20:53:25.076] [jointLog] [warning] couldn't find transcript named [DQ668358] in transcript <-> gene map; returning transcript as it's own gene
[2021-04-27 20:53:25.076] [jointLog] [warning] couldn't find transcript named [DQ516754] in transcript <-> gene map; returning transcript as it's own gene
[2021-04-27 20:53:25.076] [jointLog] [warning] couldn't find transcript named [DQ516778] in transcript <-> gene map; returning transcript as it's own gene
[2021-04-27 20:53:25.076] [jointLog] [warning] couldn't find transcript named [DQ883650] in transcript <-> gene map; returning transcript as it's own gene
[2021-04-27 20:53:25.076] [jointLog] [warning] couldn't find transcript named [DQ516742] in transcript <-> gene map; returning transcript as it's own gene
[2021-04-27 20:53:25.076] [jointLog] [warning] couldn't find transcript named [DQ883673] in transcript <-> gene map; returning transcript as it's own gene
[2021-04-27 20:53:25.076] [jointLog] [warning] couldn't find transcript named [DQ883652] in transcript <-> gene map; returning transcript as it's own gene
[2021-04-27 20:53:25.076] [jointLog] [warning] couldn't find transcript named [DQ854991] in transcript <-> gene map; returning transcript as it's own gene
[2021-04-27 20:53:25.076] [jointLog] [warning] couldn't find transcript named [DQ516780] in transcript <-> gene map; returning transcript as it's own gene
[2021-04-27 20:53:25.076] [jointLog] [warning] couldn't find transcript named [DQ883682] in transcript <-> gene map; returning transcript as it's own gene
[2021-04-27 20:53:25.076] [jointLog] [warning] couldn't find transcript named [DQ883669] in transcript <-> gene map; returning transcript as it's own gene
[2021-04-27 20:53:25.076] [jointLog] [warning] couldn't find transcript named [DQ516791] in transcript <-> gene map; returning transcript as it's own gene
[2021-04-27 20:53:25.076] [jointLog] [warning] couldn't find transcript named [DQ459425] in transcript <-> gene map; returning transcript as it's own gene
[2021-04-27 20:53:25.076] [jointLog] [warning] couldn't find transcript named [DQ516759] in transcript <-> gene map; returning transcript as it's own gene
[2021-04-27 20:53:25.076] [jointLog] [warning] couldn't find transcript named [DQ459429] in transcript <-> gene map; returning transcript as it's own gene
[2021-04-27 20:53:25.076] [jointLog] [warning] couldn't find transcript named [DQ516758] in transcript <-> gene map; returning transcript as it's own gene
[2021-04-27 20:53:25.076] [jointLog] [warning] couldn't find transcript named [DQ459415] in transcript <-> gene map; returning transcript as it's own gene
[2021-04-27 20:53:25.076] [jointLog] [warning] couldn't find transcript named [DQ875387] in transcript <-> gene map; returning transcript as it's own gene
[2021-04-27 20:53:25.076] [jointLog] [warning] couldn't find transcript named [DQ516815] in transcript <-> gene map; returning transcript as it's own gene
[2021-04-27 20:53:25.076] [jointLog] [warning] couldn't find transcript named [DQ668365] in transcript <-> gene map; returning transcript as it's own gene
[2021-04-27 20:53:25.076] [jointLog] [warning] couldn't find transcript named [DQ854998] in transcript <-> gene map; returning transcript as it's own gene
[2021-04-27 20:53:25.076] [jointLog] [warning] couldn't find transcript named [DQ883685] in transcript <-> gene map; returning transcript as it's own gene
[2021-04-27 20:53:25.076] [jointLog] [warning] couldn't find transcript named [DQ459422] in transcript <-> gene map; returning transcript as it's own gene
[2021-04-27 20:53:25.076] [jointLog] [warning] couldn't find transcript named [DQ883663] in transcript <-> gene map; returning transcript as it's own gene
[2021-04-27 20:53:25.076] [jointLog] [warning] couldn't find transcript named [DQ668367] in transcript <-> gene map; returning transcript as it's own gene
[2021-04-27 20:53:25.076] [jointLog] [warning] couldn't find transcript named [DQ459412] in transcript <-> gene map; returning transcript as it's own gene
[2021-04-27 20:53:25.076] [jointLog] [warning] couldn't find transcript named [DQ854992] in transcript <-> gene map; returning transcript as it's own gene
[2021-04-27 20:53:25.076] [jointLog] [warning] couldn't find transcript named [DQ516782] in transcript <-> gene map; returning transcript as it's own gene
[2021-04-27 20:53:25.076] [jointLog] [warning] couldn't find transcript named [DQ459427] in transcript <-> gene map; returning transcript as it's own gene
[2021-04-27 20:53:25.076] [jointLog] [warning] couldn't find transcript named [EF011072] in transcript <-> gene map; returning transcript as it's own gene
[2021-04-27 20:53:25.076] [jointLog] [warning] couldn't find transcript named [DQ855003] in transcript <-> gene map; returning transcript as it's own gene
[2021-04-27 20:53:25.076] [jointLog] [warning] couldn't find transcript named [DQ516739] in transcript <-> gene map; returning transcript as it's own gene
[2021-04-27 20:53:25.076] [jointLog] [warning] couldn't find transcript named [EF011063] in transcript <-> gene map; returning transcript as it's own gene
[2021-04-27 20:53:25.076] [jointLog] [warning] couldn't find transcript named [DQ855000] in transcript <-> gene map; returning transcript as it's own gene
[2021-04-27 20:53:25.076] [jointLog] [warning] couldn't find transcript named [DQ516777] in transcript <-> gene map; returning transcript as it's own gene
[2021-04-27 20:53:25.076] [jointLog] [warning] couldn't find transcript named [DQ883646] in transcript <-> gene map; returning transcript as it's own gene
[2021-04-27 20:53:25.076] [jointLog] [warning] couldn't find transcript named [DQ668362] in transcript <-> gene map; returning transcript as it's own gene
[2021-04-27 20:53:25.076] [jointLog] [warning] couldn't find transcript named [DQ854995] in transcript <-> gene map; returning transcript as it's own gene
[2021-04-27 20:53:25.076] [jointLog] [warning] couldn't find transcript named [DQ875386] in transcript <-> gene map; returning transcript as it's own gene
[2021-04-27 20:53:25.076] [jointLog] [warning] couldn't find transcript named [DQ516790] in transcript <-> gene map; returning transcript as it's own gene
[2021-04-27 20:53:25.076] [jointLog] [warning] couldn't find transcript named [DQ883642] in transcript <-> gene map; returning transcript as it's own gene
[2021-04-27 20:53:25.076] [jointLog] [warning] couldn't find transcript named [DQ883659] in transcript <-> gene map; returning transcript as it's own gene
[2021-04-27 20:53:25.076] [jointLog] [warning] couldn't find transcript named [DQ854997] in transcript <-> gene map; returning transcript as it's own gene
[2021-04-27 20:53:25.076] [jointLog] [warning] couldn't find transcript named [DQ883643] in transcript <-> gene map; returning transcript as it's own gene
[2021-04-27 20:53:25.076] [jointLog] [warning] couldn't find transcript named [DQ839618] in transcript <-> gene map; returning transcript as it's own gene
[2021-04-27 20:53:25.076] [jointLog] [warning] couldn't find transcript named [DQ516795] in transcript <-> gene map; returning transcript as it's own gene
[2021-04-27 20:53:25.076] [jointLog] [warning] couldn't find transcript named [DQ883658] in transcript <-> gene map; returning transcript as it's own gene
[2021-04-27 20:53:25.076] [jointLog] [warning] couldn't find transcript named [DQ516750] in transcript <-> gene map; returning transcript as it's own gene
[2021-04-27 20:53:25.076] [jointLog] [warning] couldn't find transcript named [DQ668359] in transcript <-> gene map; returning transcript as it's own gene
[2021-04-27 20:53:25.076] [jointLog] [warning] couldn't find transcript named [DQ516779] in transcript <-> gene map; returning transcript as it's own gene
[2021-04-27 20:53:25.076] [jointLog] [warning] couldn't find transcript named [DQ668363] in transcript <-> gene map; returning transcript as it's own gene
[2021-04-27 20:53:25.076] [jointLog] [warning] couldn't find transcript named [DQ516776] in transcript <-> gene map; returning transcript as it's own gene
[2021-04-27 20:53:25.076] [jointLog] [warning] couldn't find transcript named [DQ516773] in transcript <-> gene map; returning transcript as it's own gene
[2021-04-27 20:53:25.076] [jointLog] [warning] couldn't find transcript named [DQ854994] in transcript <-> gene map; returning transcript as it's own gene
[2021-04-27 20:53:25.076] [jointLog] [info] Aggregating expressions to gene level
[2021-04-27 20:53:25.254] [jointLog] [info] done
