[2021-04-27 20:24:34.875] [jointLog] [info] setting maxHashResizeThreads to 6
[2021-04-27 20:24:34.875] [jointLog] [info] Fragment incompatibility prior below threshold.  Incompatible fragments will be ignored.
[2021-04-27 20:24:34.947] [jointLog] [info] numQuantThreads = 3
[2021-04-27 20:24:38.344] [jointLog] [info] replaced 4 non-ACGT nucleotides with random nucleotides
[2021-04-27 20:24:38.669] [fileLog] [info] quantification processed 0 fragments so far

[2021-04-27 20:24:42.118] [fileLog] [info] quantification processed 1000000 fragments so far

[2021-04-27 20:24:45.348] [fileLog] [info] quantification processed 2000000 fragments so far

[2021-04-27 20:24:46.305] [jointLog] [info] 

The alignment group queue pool has been exhausted.  3365059 extra fragments were allocated on the heap to saturate the pool.  No new fragments will be allocated


[2021-04-27 20:24:59.201] [fileLog] [info] quantification processed 3000000 fragments so far

[2021-04-27 20:25:18.576] [fileLog] [info] quantification processed 4000000 fragments so far

[2021-04-27 20:25:38.263] [fileLog] [info] quantification processed 5000000 fragments so far

[2021-04-27 20:25:57.638] [fileLog] [info] quantification processed 6000000 fragments so far

[2021-04-27 20:26:16.965] [fileLog] [info] quantification processed 7000000 fragments so far

[2021-04-27 20:26:20.719] [fileLog] [info] quantification processed 8000000 fragments so far

[2021-04-27 20:26:24.336] [fileLog] [info] quantification processed 9000000 fragments so far

[2021-04-27 20:26:27.761] [fileLog] [info] quantification processed 10000000 fragments so far

[2021-04-27 20:26:31.226] [fileLog] [info] quantification processed 11000000 fragments so far

[2021-04-27 20:26:34.913] [fileLog] [info] quantification processed 12000000 fragments so far

[2021-04-27 20:26:38.532] [fileLog] [info] quantification processed 13000000 fragments so far

[2021-04-27 20:26:42.277] [fileLog] [info] quantification processed 14000000 fragments so far

[2021-04-27 20:26:45.917] [fileLog] [info] quantification processed 15000000 fragments so far

[2021-04-27 20:26:49.686] [fileLog] [info] quantification processed 16000000 fragments so far

[2021-04-27 20:26:53.434] [fileLog] [info] quantification processed 17000000 fragments so far

[2021-04-27 20:26:57.146] [fileLog] [info] quantification processed 18000000 fragments so far

[2021-04-27 20:27:00.790] [fileLog] [info] quantification processed 19000000 fragments so far

[2021-04-27 20:27:04.445] [fileLog] [info] quantification processed 20000000 fragments so far

[2021-04-27 20:27:08.053] [fileLog] [info] quantification processed 21000000 fragments so far

[2021-04-27 20:27:09.672] [fileLog] [info] quantification processed 21466443 fragments so far

[2021-04-27 20:27:16.529] [jointLog] [info] Thread saw mini-batch with a maximum of 7.50% zero probability fragments
[2021-04-27 20:27:16.531] [jointLog] [info] Thread saw mini-batch with a maximum of 7.50% zero probability fragments
[2021-04-27 20:27:16.532] [jointLog] [info] Thread saw mini-batch with a maximum of 6.20% zero probability fragments
[2021-04-27 20:27:16.534] [jointLog] [info] 


Completed first pass through the alignment file.
Total # of mapped reads : 21466443
# of uniquely mapped reads : 7991612
# ambiguously mapped reads : 13474831



[2021-04-27 20:27:16.676] [jointLog] [info] Computed 162979 rich equivalence classes for further processing
[2021-04-27 20:27:16.676] [jointLog] [info] Counted 21321697 total reads in the equivalence classes 
[2021-04-27 20:27:16.679] [jointLog] [info] starting optimizer
[2021-04-27 20:27:16.785] [jointLog] [info] Marked 0 weighted equivalence classes as degenerate
[2021-04-27 20:27:16.805] [jointLog] [info] iteration = 0 | max rel diff. = 5905.19
[2021-04-27 20:27:18.327] [jointLog] [info] iteration = 100 | max rel diff. = 9.73085
[2021-04-27 20:27:19.822] [jointLog] [info] iteration = 200 | max rel diff. = 19.9222
[2021-04-27 20:27:21.326] [jointLog] [info] iteration = 300 | max rel diff. = 17.4842
[2021-04-27 20:27:22.832] [jointLog] [info] iteration = 400 | max rel diff. = 11.8898
[2021-04-27 20:27:24.336] [jointLog] [info] iteration = 500 | max rel diff. = 1.40104
[2021-04-27 20:27:25.858] [jointLog] [info] iteration = 600 | max rel diff. = 0.204407
[2021-04-27 20:27:27.386] [jointLog] [info] iteration = 700 | max rel diff. = 0.0626645
[2021-04-27 20:27:28.884] [jointLog] [info] iteration = 800 | max rel diff. = 0.7091
[2021-04-27 20:27:30.412] [jointLog] [info] iteration = 900 | max rel diff. = 0.13211
[2021-04-27 20:27:31.912] [jointLog] [info] iteration = 1000 | max rel diff. = 0.618779
[2021-04-27 20:27:33.433] [jointLog] [info] iteration = 1100 | max rel diff. = 0.0734347
[2021-04-27 20:27:34.938] [jointLog] [info] iteration = 1200 | max rel diff. = 0.13765
[2021-04-27 20:27:36.435] [jointLog] [info] iteration = 1300 | max rel diff. = 2.00887
[2021-04-27 20:27:37.929] [jointLog] [info] iteration = 1400 | max rel diff. = 2.28688
[2021-04-27 20:27:39.418] [jointLog] [info] iteration = 1500 | max rel diff. = 0.0352626
[2021-04-27 20:27:40.914] [jointLog] [info] iteration = 1600 | max rel diff. = 0.062084
[2021-04-27 20:27:42.422] [jointLog] [info] iteration = 1700 | max rel diff. = 0.0412381
[2021-04-27 20:27:43.932] [jointLog] [info] iteration = 1800 | max rel diff. = 0.103195
[2021-04-27 20:27:45.429] [jointLog] [info] iteration = 1900 | max rel diff. = 0.049433
[2021-04-27 20:27:46.964] [jointLog] [info] iteration = 2000 | max rel diff. = 0.724064
[2021-04-27 20:27:48.460] [jointLog] [info] iteration = 2100 | max rel diff. = 0.0460137
[2021-04-27 20:27:48.804] [jointLog] [info] iteration = 2124 | max rel diff. = 0.00617747
[2021-04-27 20:27:48.841] [jointLog] [info] finished optimizer
[2021-04-27 20:27:48.841] [jointLog] [info] writing output
[2021-04-27 20:27:50.917] [jointLog] [info] Computing gene-level abundance estimates
[2021-04-27 20:28:21.927] [jointLog] [warning] Feature has no GFF ID
[2021-04-27 20:28:21.927] [jointLog] [warning] Feature has no GFF ID
[2021-04-27 20:28:21.927] [jointLog] [warning] Feature has no GFF ID
[2021-04-27 20:28:21.927] [jointLog] [warning] Feature has no GFF ID
[2021-04-27 20:28:21.927] [jointLog] [warning] Feature has no GFF ID
[2021-04-27 20:28:21.927] [jointLog] [warning] Feature has no GFF ID
[2021-04-27 20:28:21.927] [jointLog] [warning] Feature has no GFF ID
[2021-04-27 20:28:21.927] [jointLog] [warning] Feature has no GFF ID
[2021-04-27 20:28:21.927] [jointLog] [warning] Feature has no GFF ID
[2021-04-27 20:28:21.927] [jointLog] [warning] Feature has no GFF ID
[2021-04-27 20:28:21.927] [jointLog] [warning] Feature has no GFF ID
[2021-04-27 20:28:21.927] [jointLog] [warning] Feature has no GFF ID
[2021-04-27 20:28:21.927] [jointLog] [warning] Feature has no GFF ID
[2021-04-27 20:28:21.927] [jointLog] [warning] Feature has no GFF ID
[2021-04-27 20:28:21.927] [jointLog] [warning] Feature has no GFF ID
[2021-04-27 20:28:21.927] [jointLog] [warning] Feature has no GFF ID
[2021-04-27 20:28:21.927] [jointLog] [warning] Feature has no GFF ID
[2021-04-27 20:28:21.927] [jointLog] [warning] Feature has no GFF ID
[2021-04-27 20:28:21.927] [jointLog] [warning] Feature has no GFF ID
[2021-04-27 20:28:21.927] [jointLog] [warning] Feature has no GFF ID
[2021-04-27 20:28:21.927] [jointLog] [warning] Feature has no GFF ID
[2021-04-27 20:28:21.927] [jointLog] [warning] Feature has no GFF ID
[2021-04-27 20:28:21.927] [jointLog] [warning] Feature has no GFF ID
[2021-04-27 20:28:21.927] [jointLog] [warning] Feature has no GFF ID
[2021-04-27 20:28:21.927] [jointLog] [warning] Feature has no GFF ID
[2021-04-27 20:28:21.927] [jointLog] [warning] Feature has no GFF ID
[2021-04-27 20:28:21.927] [jointLog] [warning] Feature has no GFF ID
[2021-04-27 20:28:21.928] [jointLog] [warning] Feature has no GFF ID
[2021-04-27 20:28:21.928] [jointLog] [warning] Feature has no GFF ID
[2021-04-27 20:28:21.928] [jointLog] [warning] Feature has no GFF ID
[2021-04-27 20:28:21.928] [jointLog] [warning] Feature has no GFF ID
[2021-04-27 20:28:21.928] [jointLog] [warning] Feature has no GFF ID
[2021-04-27 20:28:21.928] [jointLog] [warning] Feature has no GFF ID
[2021-04-27 20:28:21.928] [jointLog] [warning] Feature has no GFF ID
[2021-04-27 20:28:21.928] [jointLog] [warning] Feature has no GFF ID
[2021-04-27 20:28:21.928] [jointLog] [warning] Feature has no GFF ID
[2021-04-27 20:28:21.928] [jointLog] [warning] Feature has no GFF ID
[2021-04-27 20:28:21.928] [jointLog] [warning] Feature has no GFF ID
[2021-04-27 20:28:21.928] [jointLog] [warning] Feature has no GFF ID
[2021-04-27 20:28:21.928] [jointLog] [warning] Feature has no GFF ID
[2021-04-27 20:28:21.928] [jointLog] [warning] Feature has no GFF ID
[2021-04-27 20:28:21.928] [jointLog] [warning] Feature has no GFF ID
[2021-04-27 20:28:21.928] [jointLog] [warning] Feature has no GFF ID
[2021-04-27 20:28:21.928] [jointLog] [warning] Feature has no GFF ID
[2021-04-27 20:28:21.928] [jointLog] [warning] Feature has no GFF ID
[2021-04-27 20:28:21.928] [jointLog] [warning] Feature has no GFF ID
[2021-04-27 20:28:21.928] [jointLog] [warning] Feature has no GFF ID
[2021-04-27 20:28:21.928] [jointLog] [warning] Feature has no GFF ID
[2021-04-27 20:28:21.928] [jointLog] [warning] Feature has no GFF ID
[2021-04-27 20:28:21.928] [jointLog] [warning] Feature has no GFF ID
[2021-04-27 20:28:21.928] [jointLog] [warning] Feature has no GFF ID
[2021-04-27 20:28:21.928] [jointLog] [warning] Feature has no GFF ID
[2021-04-27 20:28:21.928] [jointLog] [warning] Feature has no GFF ID
[2021-04-27 20:28:21.928] [jointLog] [warning] Feature has no GFF ID
[2021-04-27 20:28:21.928] [jointLog] [warning] Feature has no GFF ID
[2021-04-27 20:28:21.928] [jointLog] [warning] Feature has no GFF ID
[2021-04-27 20:28:21.928] [jointLog] [warning] Feature has no GFF ID
[2021-04-27 20:28:21.928] [jointLog] [warning] Feature has no GFF ID
[2021-04-27 20:28:21.928] [jointLog] [warning] Feature has no GFF ID
[2021-04-27 20:28:21.928] [jointLog] [warning] Feature has no GFF ID
[2021-04-27 20:28:21.928] [jointLog] [warning] Feature has no GFF ID
[2021-04-27 20:28:21.928] [jointLog] [warning] Feature has no GFF ID
[2021-04-27 20:28:21.928] [jointLog] [warning] Feature has no GFF ID
[2021-04-27 20:28:21.928] [jointLog] [warning] Feature has no GFF ID
[2021-04-27 20:28:21.928] [jointLog] [warning] Feature has no GFF ID
[2021-04-27 20:28:21.928] [jointLog] [warning] Feature has no GFF ID
[2021-04-27 20:28:21.928] [jointLog] [warning] Feature has no GFF ID
[2021-04-27 20:28:21.928] [jointLog] [warning] Feature has no GFF ID
[2021-04-27 20:28:21.928] [jointLog] [warning] Feature has no GFF ID
[2021-04-27 20:28:21.928] [jointLog] [warning] Feature has no GFF ID
[2021-04-27 20:28:21.928] [jointLog] [warning] Feature has no GFF ID
[2021-04-27 20:28:21.928] [jointLog] [warning] Feature has no GFF ID
[2021-04-27 20:28:21.928] [jointLog] [warning] Feature has no GFF ID
[2021-04-27 20:28:21.928] [jointLog] [warning] Feature has no GFF ID
[2021-04-27 20:28:21.928] [jointLog] [warning] Feature has no GFF ID
[2021-04-27 20:28:21.928] [jointLog] [warning] Feature has no GFF ID
[2021-04-27 20:28:21.928] [jointLog] [warning] Feature has no GFF ID
[2021-04-27 20:28:21.928] [jointLog] [warning] Feature has no GFF ID
[2021-04-27 20:28:21.928] [jointLog] [warning] Feature has no GFF ID
[2021-04-27 20:28:21.928] [jointLog] [warning] Feature has no GFF ID
[2021-04-27 20:28:21.928] [jointLog] [warning] Feature has no GFF ID
[2021-04-27 20:28:21.928] [jointLog] [warning] Feature has no GFF ID
[2021-04-27 20:28:21.928] [jointLog] [warning] Feature has no GFF ID
[2021-04-27 20:28:21.928] [jointLog] [warning] Feature has no GFF ID
[2021-04-27 20:28:21.928] [jointLog] [warning] Feature has no GFF ID
[2021-04-27 20:28:21.928] [jointLog] [warning] Feature has no GFF ID
[2021-04-27 20:28:21.928] [jointLog] [warning] Feature has no GFF ID
[2021-04-27 20:28:21.928] [jointLog] [warning] Feature has no GFF ID
[2021-04-27 20:28:21.928] [jointLog] [warning] Feature has no GFF ID
[2021-04-27 20:28:21.928] [jointLog] [warning] Feature has no GFF ID
[2021-04-27 20:28:21.928] [jointLog] [warning] Feature has no GFF ID
[2021-04-27 20:28:21.928] [jointLog] [warning] Feature has no GFF ID
[2021-04-27 20:28:22.250] [jointLog] [info] There were 142604 transcripts mapping to 55401 genes
[2021-04-27 20:28:22.250] [jointLog] [info] NOTE: We recommend using tximport (https://bioconductor.org/packages/release/bioc/html/tximport.html) for aggregating transcript-level salmon abundance estimates to the gene level.  It is more versatile, exposes more features, and allows considering multi-sample information during aggregation.
[2021-04-27 20:28:22.533] [jointLog] [warning] couldn't find transcript named [DQ459430] in transcript <-> gene map; returning transcript as it's own gene
[2021-04-27 20:28:22.533] [jointLog] [warning] couldn't find transcript named [DQ516784] in transcript <-> gene map; returning transcript as it's own gene
[2021-04-27 20:28:22.533] [jointLog] [warning] couldn't find transcript named [DQ516752] in transcript <-> gene map; returning transcript as it's own gene
[2021-04-27 20:28:22.533] [jointLog] [warning] couldn't find transcript named [DQ668364] in transcript <-> gene map; returning transcript as it's own gene
[2021-04-27 20:28:22.533] [jointLog] [warning] couldn't find transcript named [DQ883670] in transcript <-> gene map; returning transcript as it's own gene
[2021-04-27 20:28:22.533] [jointLog] [warning] couldn't find transcript named [EF011062] in transcript <-> gene map; returning transcript as it's own gene
[2021-04-27 20:28:22.533] [jointLog] [warning] couldn't find transcript named [DQ875385] in transcript <-> gene map; returning transcript as it's own gene
[2021-04-27 20:28:22.533] [jointLog] [warning] couldn't find transcript named [DQ883664] in transcript <-> gene map; returning transcript as it's own gene
[2021-04-27 20:28:22.533] [jointLog] [warning] couldn't find transcript named [DQ459420] in transcript <-> gene map; returning transcript as it's own gene
[2021-04-27 20:28:22.533] [jointLog] [warning] couldn't find transcript named [DQ883651] in transcript <-> gene map; returning transcript as it's own gene
[2021-04-27 20:28:22.533] [jointLog] [warning] couldn't find transcript named [DQ855004] in transcript <-> gene map; returning transcript as it's own gene
[2021-04-27 20:28:22.533] [jointLog] [warning] couldn't find transcript named [DQ854993] in transcript <-> gene map; returning transcript as it's own gene
[2021-04-27 20:28:22.533] [jointLog] [warning] couldn't find transcript named [DQ883689] in transcript <-> gene map; returning transcript as it's own gene
[2021-04-27 20:28:22.533] [jointLog] [warning] couldn't find transcript named [DQ459419] in transcript <-> gene map; returning transcript as it's own gene
[2021-04-27 20:28:22.533] [jointLog] [warning] couldn't find transcript named [DQ459431] in transcript <-> gene map; returning transcript as it's own gene
[2021-04-27 20:28:22.533] [jointLog] [warning] couldn't find transcript named [DQ516796] in transcript <-> gene map; returning transcript as it's own gene
[2021-04-27 20:28:22.533] [jointLog] [warning] couldn't find transcript named [DQ855001] in transcript <-> gene map; returning transcript as it's own gene
[2021-04-27 20:28:22.533] [jointLog] [warning] couldn't find transcript named [DQ459413] in transcript <-> gene map; returning transcript as it's own gene
[2021-04-27 20:28:22.533] [jointLog] [warning] couldn't find transcript named [DQ883656] in transcript <-> gene map; returning transcript as it's own gene
[2021-04-27 20:28:22.533] [jointLog] [warning] couldn't find transcript named [DQ883661] in transcript <-> gene map; returning transcript as it's own gene
[2021-04-27 20:28:22.533] [jointLog] [warning] couldn't find transcript named [EF011069] in transcript <-> gene map; returning transcript as it's own gene
[2021-04-27 20:28:22.533] [jointLog] [warning] couldn't find transcript named [DQ516783] in transcript <-> gene map; returning transcript as it's own gene
[2021-04-27 20:28:22.533] [jointLog] [warning] couldn't find transcript named [DQ516787] in transcript <-> gene map; returning transcript as it's own gene
[2021-04-27 20:28:22.533] [jointLog] [warning] couldn't find transcript named [DQ459424] in transcript <-> gene map; returning transcript as it's own gene
[2021-04-27 20:28:22.533] [jointLog] [warning] couldn't find transcript named [DQ516748] in transcript <-> gene map; returning transcript as it's own gene
[2021-04-27 20:28:22.533] [jointLog] [warning] couldn't find transcript named [DQ883671] in transcript <-> gene map; returning transcript as it's own gene
[2021-04-27 20:28:22.533] [jointLog] [warning] couldn't find transcript named [DQ516740] in transcript <-> gene map; returning transcript as it's own gene
[2021-04-27 20:28:22.533] [jointLog] [warning] couldn't find transcript named [DQ516785] in transcript <-> gene map; returning transcript as it's own gene
[2021-04-27 20:28:22.533] [jointLog] [warning] couldn't find transcript named [DQ516731] in transcript <-> gene map; returning transcript as it's own gene
[2021-04-27 20:28:22.533] [jointLog] [warning] couldn't find transcript named [DQ668366] in transcript <-> gene map; returning transcript as it's own gene
[2021-04-27 20:28:22.533] [jointLog] [warning] couldn't find transcript named [DQ459418] in transcript <-> gene map; returning transcript as it's own gene
[2021-04-27 20:28:22.533] [jointLog] [warning] couldn't find transcript named [DQ668356] in transcript <-> gene map; returning transcript as it's own gene
[2021-04-27 20:28:22.533] [jointLog] [warning] couldn't find transcript named [DQ516763] in transcript <-> gene map; returning transcript as it's own gene
[2021-04-27 20:28:22.533] [jointLog] [warning] couldn't find transcript named [DQ459426] in transcript <-> gene map; returning transcript as it's own gene
[2021-04-27 20:28:22.533] [jointLog] [warning] couldn't find transcript named [DQ516786] in transcript <-> gene map; returning transcript as it's own gene
[2021-04-27 20:28:22.533] [jointLog] [warning] couldn't find transcript named [DQ883653] in transcript <-> gene map; returning transcript as it's own gene
[2021-04-27 20:28:22.533] [jointLog] [warning] couldn't find transcript named [DQ459421] in transcript <-> gene map; returning transcript as it's own gene
[2021-04-27 20:28:22.533] [jointLog] [warning] couldn't find transcript named [DQ883654] in transcript <-> gene map; returning transcript as it's own gene
[2021-04-27 20:28:22.533] [jointLog] [warning] couldn't find transcript named [DQ668358] in transcript <-> gene map; returning transcript as it's own gene
[2021-04-27 20:28:22.533] [jointLog] [warning] couldn't find transcript named [DQ516754] in transcript <-> gene map; returning transcript as it's own gene
[2021-04-27 20:28:22.533] [jointLog] [warning] couldn't find transcript named [DQ516778] in transcript <-> gene map; returning transcript as it's own gene
[2021-04-27 20:28:22.533] [jointLog] [warning] couldn't find transcript named [DQ883650] in transcript <-> gene map; returning transcript as it's own gene
[2021-04-27 20:28:22.533] [jointLog] [warning] couldn't find transcript named [DQ516742] in transcript <-> gene map; returning transcript as it's own gene
[2021-04-27 20:28:22.533] [jointLog] [warning] couldn't find transcript named [DQ883673] in transcript <-> gene map; returning transcript as it's own gene
[2021-04-27 20:28:22.533] [jointLog] [warning] couldn't find transcript named [DQ883652] in transcript <-> gene map; returning transcript as it's own gene
[2021-04-27 20:28:22.533] [jointLog] [warning] couldn't find transcript named [DQ854991] in transcript <-> gene map; returning transcript as it's own gene
[2021-04-27 20:28:22.533] [jointLog] [warning] couldn't find transcript named [DQ516780] in transcript <-> gene map; returning transcript as it's own gene
[2021-04-27 20:28:22.533] [jointLog] [warning] couldn't find transcript named [DQ883682] in transcript <-> gene map; returning transcript as it's own gene
[2021-04-27 20:28:22.533] [jointLog] [warning] couldn't find transcript named [DQ883669] in transcript <-> gene map; returning transcript as it's own gene
[2021-04-27 20:28:22.533] [jointLog] [warning] couldn't find transcript named [DQ516791] in transcript <-> gene map; returning transcript as it's own gene
[2021-04-27 20:28:22.533] [jointLog] [warning] couldn't find transcript named [DQ459425] in transcript <-> gene map; returning transcript as it's own gene
[2021-04-27 20:28:22.533] [jointLog] [warning] couldn't find transcript named [DQ516759] in transcript <-> gene map; returning transcript as it's own gene
[2021-04-27 20:28:22.533] [jointLog] [warning] couldn't find transcript named [DQ459429] in transcript <-> gene map; returning transcript as it's own gene
[2021-04-27 20:28:22.533] [jointLog] [warning] couldn't find transcript named [DQ516758] in transcript <-> gene map; returning transcript as it's own gene
[2021-04-27 20:28:22.533] [jointLog] [warning] couldn't find transcript named [DQ459415] in transcript <-> gene map; returning transcript as it's own gene
[2021-04-27 20:28:22.533] [jointLog] [warning] couldn't find transcript named [DQ875387] in transcript <-> gene map; returning transcript as it's own gene
[2021-04-27 20:28:22.533] [jointLog] [warning] couldn't find transcript named [DQ516815] in transcript <-> gene map; returning transcript as it's own gene
[2021-04-27 20:28:22.533] [jointLog] [warning] couldn't find transcript named [DQ668365] in transcript <-> gene map; returning transcript as it's own gene
[2021-04-27 20:28:22.533] [jointLog] [warning] couldn't find transcript named [DQ854998] in transcript <-> gene map; returning transcript as it's own gene
[2021-04-27 20:28:22.533] [jointLog] [warning] couldn't find transcript named [DQ883685] in transcript <-> gene map; returning transcript as it's own gene
[2021-04-27 20:28:22.533] [jointLog] [warning] couldn't find transcript named [DQ459422] in transcript <-> gene map; returning transcript as it's own gene
[2021-04-27 20:28:22.533] [jointLog] [warning] couldn't find transcript named [DQ883663] in transcript <-> gene map; returning transcript as it's own gene
[2021-04-27 20:28:22.533] [jointLog] [warning] couldn't find transcript named [DQ668367] in transcript <-> gene map; returning transcript as it's own gene
[2021-04-27 20:28:22.533] [jointLog] [warning] couldn't find transcript named [DQ459412] in transcript <-> gene map; returning transcript as it's own gene
[2021-04-27 20:28:22.533] [jointLog] [warning] couldn't find transcript named [DQ854992] in transcript <-> gene map; returning transcript as it's own gene
[2021-04-27 20:28:22.533] [jointLog] [warning] couldn't find transcript named [DQ516782] in transcript <-> gene map; returning transcript as it's own gene
[2021-04-27 20:28:22.533] [jointLog] [warning] couldn't find transcript named [DQ459427] in transcript <-> gene map; returning transcript as it's own gene
[2021-04-27 20:28:22.533] [jointLog] [warning] couldn't find transcript named [EF011072] in transcript <-> gene map; returning transcript as it's own gene
[2021-04-27 20:28:22.533] [jointLog] [warning] couldn't find transcript named [DQ855003] in transcript <-> gene map; returning transcript as it's own gene
[2021-04-27 20:28:22.533] [jointLog] [warning] couldn't find transcript named [DQ516739] in transcript <-> gene map; returning transcript as it's own gene
[2021-04-27 20:28:22.533] [jointLog] [warning] couldn't find transcript named [EF011063] in transcript <-> gene map; returning transcript as it's own gene
[2021-04-27 20:28:22.533] [jointLog] [warning] couldn't find transcript named [DQ855000] in transcript <-> gene map; returning transcript as it's own gene
[2021-04-27 20:28:22.533] [jointLog] [warning] couldn't find transcript named [DQ516777] in transcript <-> gene map; returning transcript as it's own gene
[2021-04-27 20:28:22.533] [jointLog] [warning] couldn't find transcript named [DQ883646] in transcript <-> gene map; returning transcript as it's own gene
[2021-04-27 20:28:22.533] [jointLog] [warning] couldn't find transcript named [DQ668362] in transcript <-> gene map; returning transcript as it's own gene
[2021-04-27 20:28:22.533] [jointLog] [warning] couldn't find transcript named [DQ854995] in transcript <-> gene map; returning transcript as it's own gene
[2021-04-27 20:28:22.533] [jointLog] [warning] couldn't find transcript named [DQ875386] in transcript <-> gene map; returning transcript as it's own gene
[2021-04-27 20:28:22.533] [jointLog] [warning] couldn't find transcript named [DQ516790] in transcript <-> gene map; returning transcript as it's own gene
[2021-04-27 20:28:22.533] [jointLog] [warning] couldn't find transcript named [DQ883642] in transcript <-> gene map; returning transcript as it's own gene
[2021-04-27 20:28:22.533] [jointLog] [warning] couldn't find transcript named [DQ883659] in transcript <-> gene map; returning transcript as it's own gene
[2021-04-27 20:28:22.533] [jointLog] [warning] couldn't find transcript named [DQ854997] in transcript <-> gene map; returning transcript as it's own gene
[2021-04-27 20:28:22.533] [jointLog] [warning] couldn't find transcript named [DQ883643] in transcript <-> gene map; returning transcript as it's own gene
[2021-04-27 20:28:22.533] [jointLog] [warning] couldn't find transcript named [DQ839618] in transcript <-> gene map; returning transcript as it's own gene
[2021-04-27 20:28:22.533] [jointLog] [warning] couldn't find transcript named [DQ516795] in transcript <-> gene map; returning transcript as it's own gene
[2021-04-27 20:28:22.533] [jointLog] [warning] couldn't find transcript named [DQ883658] in transcript <-> gene map; returning transcript as it's own gene
[2021-04-27 20:28:22.533] [jointLog] [warning] couldn't find transcript named [DQ516750] in transcript <-> gene map; returning transcript as it's own gene
[2021-04-27 20:28:22.533] [jointLog] [warning] couldn't find transcript named [DQ668359] in transcript <-> gene map; returning transcript as it's own gene
[2021-04-27 20:28:22.533] [jointLog] [warning] couldn't find transcript named [DQ516779] in transcript <-> gene map; returning transcript as it's own gene
[2021-04-27 20:28:22.533] [jointLog] [warning] couldn't find transcript named [DQ668363] in transcript <-> gene map; returning transcript as it's own gene
[2021-04-27 20:28:22.533] [jointLog] [warning] couldn't find transcript named [DQ516776] in transcript <-> gene map; returning transcript as it's own gene
[2021-04-27 20:28:22.533] [jointLog] [warning] couldn't find transcript named [DQ516773] in transcript <-> gene map; returning transcript as it's own gene
[2021-04-27 20:28:22.533] [jointLog] [warning] couldn't find transcript named [DQ854994] in transcript <-> gene map; returning transcript as it's own gene
[2021-04-27 20:28:22.534] [jointLog] [info] Aggregating expressions to gene level
[2021-04-27 20:28:22.756] [jointLog] [info] done
