[2021-05-23 11:06:12.501] [jointLog] [info] setting maxHashResizeThreads to 6
[2021-05-23 11:06:12.501] [jointLog] [info] Fragment incompatibility prior below threshold.  Incompatible fragments will be ignored.
[2021-05-23 11:06:12.502] [jointLog] [info] numQuantThreads = 3
[2021-05-23 11:06:15.591] [jointLog] [info] replaced 4 non-ACGT nucleotides with random nucleotides
[2021-05-23 11:06:15.907] [fileLog] [info] quantification processed 0 fragments so far

[2021-05-23 11:06:19.291] [fileLog] [info] quantification processed 1000000 fragments so far

[2021-05-23 11:06:22.520] [fileLog] [info] quantification processed 2000000 fragments so far

[2021-05-23 11:06:24.136] [jointLog] [info] 

The alignment group queue pool has been exhausted.  3613875 extra fragments were allocated on the heap to saturate the pool.  No new fragments will be allocated


[2021-05-23 11:06:32.449] [fileLog] [info] quantification processed 3000000 fragments so far

[2021-05-23 11:06:48.541] [fileLog] [info] quantification processed 4000000 fragments so far

[2021-05-23 11:07:04.549] [fileLog] [info] quantification processed 5000000 fragments so far

[2021-05-23 11:07:20.499] [fileLog] [info] quantification processed 6000000 fragments so far

[2021-05-23 11:07:36.400] [fileLog] [info] quantification processed 7000000 fragments so far

[2021-05-23 11:07:40.251] [fileLog] [info] quantification processed 8000000 fragments so far

[2021-05-23 11:07:44.129] [fileLog] [info] quantification processed 9000000 fragments so far

[2021-05-23 11:07:48.033] [fileLog] [info] quantification processed 10000000 fragments so far

[2021-05-23 11:07:51.785] [fileLog] [info] quantification processed 11000000 fragments so far

[2021-05-23 11:07:55.638] [fileLog] [info] quantification processed 12000000 fragments so far

[2021-05-23 11:07:59.582] [fileLog] [info] quantification processed 13000000 fragments so far

[2021-05-23 11:08:03.442] [fileLog] [info] quantification processed 14000000 fragments so far

[2021-05-23 11:08:07.243] [fileLog] [info] quantification processed 15000000 fragments so far

[2021-05-23 11:08:11.057] [fileLog] [info] quantification processed 16000000 fragments so far

[2021-05-23 11:08:14.944] [fileLog] [info] quantification processed 17000000 fragments so far

[2021-05-23 11:08:18.841] [fileLog] [info] quantification processed 18000000 fragments so far

[2021-05-23 11:08:22.684] [fileLog] [info] quantification processed 19000000 fragments so far

[2021-05-23 11:08:26.453] [fileLog] [info] quantification processed 20000000 fragments so far

[2021-05-23 11:08:30.248] [fileLog] [info] quantification processed 21000000 fragments so far

[2021-05-23 11:08:34.117] [fileLog] [info] quantification processed 22000000 fragments so far

[2021-05-23 11:08:38.091] [fileLog] [info] quantification processed 23000000 fragments so far

[2021-05-23 11:08:41.956] [fileLog] [info] quantification processed 24000000 fragments so far

[2021-05-23 11:08:45.816] [fileLog] [info] quantification processed 25000000 fragments so far

[2021-05-23 11:08:49.745] [fileLog] [info] quantification processed 26000000 fragments so far

[2021-05-23 11:08:53.615] [fileLog] [info] quantification processed 27000000 fragments so far

[2021-05-23 11:08:57.529] [fileLog] [info] quantification processed 28000000 fragments so far

[2021-05-23 11:09:01.398] [fileLog] [info] quantification processed 29000000 fragments so far

[2021-05-23 11:09:05.181] [fileLog] [info] quantification processed 30000000 fragments so far

[2021-05-23 11:09:09.056] [fileLog] [info] quantification processed 31000000 fragments so far

[2021-05-23 11:09:12.942] [fileLog] [info] quantification processed 32000000 fragments so far

[2021-05-23 11:09:16.903] [fileLog] [info] quantification processed 33000000 fragments so far

[2021-05-23 11:09:20.742] [fileLog] [info] quantification processed 34000000 fragments so far

[2021-05-23 11:09:24.606] [fileLog] [info] quantification processed 35000000 fragments so far

[2021-05-23 11:09:28.435] [fileLog] [info] quantification processed 36000000 fragments so far

[2021-05-23 11:09:32.299] [fileLog] [info] quantification processed 37000000 fragments so far

[2021-05-23 11:09:36.109] [fileLog] [info] quantification processed 38000000 fragments so far

[2021-05-23 11:09:39.941] [fileLog] [info] quantification processed 39000000 fragments so far

[2021-05-23 11:09:43.814] [fileLog] [info] quantification processed 40000000 fragments so far

[2021-05-23 11:09:47.688] [fileLog] [info] quantification processed 41000000 fragments so far

[2021-05-23 11:09:51.541] [fileLog] [info] quantification processed 42000000 fragments so far

[2021-05-23 11:09:55.395] [fileLog] [info] quantification processed 43000000 fragments so far

[2021-05-23 11:09:59.358] [fileLog] [info] quantification processed 44000000 fragments so far

[2021-05-23 11:10:03.260] [fileLog] [info] quantification processed 45000000 fragments so far

[2021-05-23 11:10:07.157] [fileLog] [info] quantification processed 46000000 fragments so far

[2021-05-23 11:10:11.110] [fileLog] [info] quantification processed 47000000 fragments so far

[2021-05-23 11:10:15.015] [fileLog] [info] quantification processed 48000000 fragments so far

[2021-05-23 11:10:19.071] [fileLog] [info] quantification processed 49000000 fragments so far

[2021-05-23 11:10:20.919] [fileLog] [info] quantification processed 49480677 fragments so far

[2021-05-23 11:10:28.151] [jointLog] [info] Thread saw mini-batch with a maximum of 28.40% zero probability fragments
[2021-05-23 11:10:28.156] [jointLog] [info] Thread saw mini-batch with a maximum of 27.10% zero probability fragments
[2021-05-23 11:10:28.157] [jointLog] [info] Thread saw mini-batch with a maximum of 26.70% zero probability fragments
[2021-05-23 11:10:28.157] [jointLog] [info] 


Completed first pass through the alignment file.
Total # of mapped reads : 49480677
# of uniquely mapped reads : 16887703
# ambiguously mapped reads : 32592974



[2021-05-23 11:10:28.306] [jointLog] [info] Computed 179164 rich equivalence classes for further processing
[2021-05-23 11:10:28.306] [jointLog] [info] Counted 49156244 total reads in the equivalence classes 
[2021-05-23 11:10:28.308] [jointLog] [info] starting optimizer
[2021-05-23 11:10:28.402] [jointLog] [info] Marked 0 weighted equivalence classes as degenerate
[2021-05-23 11:10:28.416] [jointLog] [info] iteration = 0 | max rel diff. = 572.466
[2021-05-23 11:10:29.767] [jointLog] [info] iteration = 100 | max rel diff. = 9.06907
[2021-05-23 11:10:31.110] [jointLog] [info] iteration = 200 | max rel diff. = 19.4538
[2021-05-23 11:10:32.473] [jointLog] [info] iteration = 300 | max rel diff. = 1.37982
[2021-05-23 11:10:33.819] [jointLog] [info] iteration = 400 | max rel diff. = 13.5773
[2021-05-23 11:10:35.161] [jointLog] [info] iteration = 500 | max rel diff. = 2.44868
[2021-05-23 11:10:36.497] [jointLog] [info] iteration = 600 | max rel diff. = 0.761062
[2021-05-23 11:10:37.845] [jointLog] [info] iteration = 700 | max rel diff. = 1.23865
[2021-05-23 11:10:39.181] [jointLog] [info] iteration = 800 | max rel diff. = 0.130714
[2021-05-23 11:10:40.514] [jointLog] [info] iteration = 900 | max rel diff. = 0.243154
[2021-05-23 11:10:41.887] [jointLog] [info] iteration = 1000 | max rel diff. = 3.0434
[2021-05-23 11:10:43.239] [jointLog] [info] iteration = 1100 | max rel diff. = 0.0564471
[2021-05-23 11:10:44.577] [jointLog] [info] iteration = 1200 | max rel diff. = 0.241507
[2021-05-23 11:10:45.935] [jointLog] [info] iteration = 1300 | max rel diff. = 0.154302
[2021-05-23 11:10:47.278] [jointLog] [info] iteration = 1400 | max rel diff. = 0.0601595
[2021-05-23 11:10:48.611] [jointLog] [info] iteration = 1500 | max rel diff. = 0.339876
[2021-05-23 11:10:49.951] [jointLog] [info] iteration = 1600 | max rel diff. = 0.0886629
[2021-05-23 11:10:50.658] [jointLog] [info] iteration = 1654 | max rel diff. = 0.00715744
[2021-05-23 11:10:50.689] [jointLog] [info] finished optimizer
[2021-05-23 11:10:50.689] [jointLog] [info] writing output
[2021-05-23 11:10:52.633] [jointLog] [info] Computing gene-level abundance estimates
[2021-05-23 11:11:23.095] [jointLog] [warning] Feature has no GFF ID
[2021-05-23 11:11:23.095] [jointLog] [warning] Feature has no GFF ID
[2021-05-23 11:11:23.095] [jointLog] [warning] Feature has no GFF ID
[2021-05-23 11:11:23.095] [jointLog] [warning] Feature has no GFF ID
[2021-05-23 11:11:23.095] [jointLog] [warning] Feature has no GFF ID
[2021-05-23 11:11:23.095] [jointLog] [warning] Feature has no GFF ID
[2021-05-23 11:11:23.095] [jointLog] [warning] Feature has no GFF ID
[2021-05-23 11:11:23.095] [jointLog] [warning] Feature has no GFF ID
[2021-05-23 11:11:23.095] [jointLog] [warning] Feature has no GFF ID
[2021-05-23 11:11:23.095] [jointLog] [warning] Feature has no GFF ID
[2021-05-23 11:11:23.095] [jointLog] [warning] Feature has no GFF ID
[2021-05-23 11:11:23.095] [jointLog] [warning] Feature has no GFF ID
[2021-05-23 11:11:23.095] [jointLog] [warning] Feature has no GFF ID
[2021-05-23 11:11:23.095] [jointLog] [warning] Feature has no GFF ID
[2021-05-23 11:11:23.095] [jointLog] [warning] Feature has no GFF ID
[2021-05-23 11:11:23.095] [jointLog] [warning] Feature has no GFF ID
[2021-05-23 11:11:23.095] [jointLog] [warning] Feature has no GFF ID
[2021-05-23 11:11:23.095] [jointLog] [warning] Feature has no GFF ID
[2021-05-23 11:11:23.095] [jointLog] [warning] Feature has no GFF ID
[2021-05-23 11:11:23.095] [jointLog] [warning] Feature has no GFF ID
[2021-05-23 11:11:23.095] [jointLog] [warning] Feature has no GFF ID
[2021-05-23 11:11:23.095] [jointLog] [warning] Feature has no GFF ID
[2021-05-23 11:11:23.095] [jointLog] [warning] Feature has no GFF ID
[2021-05-23 11:11:23.095] [jointLog] [warning] Feature has no GFF ID
[2021-05-23 11:11:23.095] [jointLog] [warning] Feature has no GFF ID
[2021-05-23 11:11:23.095] [jointLog] [warning] Feature has no GFF ID
[2021-05-23 11:11:23.095] [jointLog] [warning] Feature has no GFF ID
[2021-05-23 11:11:23.095] [jointLog] [warning] Feature has no GFF ID
[2021-05-23 11:11:23.095] [jointLog] [warning] Feature has no GFF ID
[2021-05-23 11:11:23.095] [jointLog] [warning] Feature has no GFF ID
[2021-05-23 11:11:23.095] [jointLog] [warning] Feature has no GFF ID
[2021-05-23 11:11:23.095] [jointLog] [warning] Feature has no GFF ID
[2021-05-23 11:11:23.095] [jointLog] [warning] Feature has no GFF ID
[2021-05-23 11:11:23.095] [jointLog] [warning] Feature has no GFF ID
[2021-05-23 11:11:23.095] [jointLog] [warning] Feature has no GFF ID
[2021-05-23 11:11:23.095] [jointLog] [warning] Feature has no GFF ID
[2021-05-23 11:11:23.095] [jointLog] [warning] Feature has no GFF ID
[2021-05-23 11:11:23.095] [jointLog] [warning] Feature has no GFF ID
[2021-05-23 11:11:23.095] [jointLog] [warning] Feature has no GFF ID
[2021-05-23 11:11:23.095] [jointLog] [warning] Feature has no GFF ID
[2021-05-23 11:11:23.095] [jointLog] [warning] Feature has no GFF ID
[2021-05-23 11:11:23.095] [jointLog] [warning] Feature has no GFF ID
[2021-05-23 11:11:23.095] [jointLog] [warning] Feature has no GFF ID
[2021-05-23 11:11:23.095] [jointLog] [warning] Feature has no GFF ID
[2021-05-23 11:11:23.095] [jointLog] [warning] Feature has no GFF ID
[2021-05-23 11:11:23.095] [jointLog] [warning] Feature has no GFF ID
[2021-05-23 11:11:23.095] [jointLog] [warning] Feature has no GFF ID
[2021-05-23 11:11:23.095] [jointLog] [warning] Feature has no GFF ID
[2021-05-23 11:11:23.095] [jointLog] [warning] Feature has no GFF ID
[2021-05-23 11:11:23.095] [jointLog] [warning] Feature has no GFF ID
[2021-05-23 11:11:23.095] [jointLog] [warning] Feature has no GFF ID
[2021-05-23 11:11:23.095] [jointLog] [warning] Feature has no GFF ID
[2021-05-23 11:11:23.095] [jointLog] [warning] Feature has no GFF ID
[2021-05-23 11:11:23.095] [jointLog] [warning] Feature has no GFF ID
[2021-05-23 11:11:23.095] [jointLog] [warning] Feature has no GFF ID
[2021-05-23 11:11:23.095] [jointLog] [warning] Feature has no GFF ID
[2021-05-23 11:11:23.095] [jointLog] [warning] Feature has no GFF ID
[2021-05-23 11:11:23.095] [jointLog] [warning] Feature has no GFF ID
[2021-05-23 11:11:23.095] [jointLog] [warning] Feature has no GFF ID
[2021-05-23 11:11:23.095] [jointLog] [warning] Feature has no GFF ID
[2021-05-23 11:11:23.095] [jointLog] [warning] Feature has no GFF ID
[2021-05-23 11:11:23.095] [jointLog] [warning] Feature has no GFF ID
[2021-05-23 11:11:23.095] [jointLog] [warning] Feature has no GFF ID
[2021-05-23 11:11:23.095] [jointLog] [warning] Feature has no GFF ID
[2021-05-23 11:11:23.095] [jointLog] [warning] Feature has no GFF ID
[2021-05-23 11:11:23.095] [jointLog] [warning] Feature has no GFF ID
[2021-05-23 11:11:23.095] [jointLog] [warning] Feature has no GFF ID
[2021-05-23 11:11:23.095] [jointLog] [warning] Feature has no GFF ID
[2021-05-23 11:11:23.095] [jointLog] [warning] Feature has no GFF ID
[2021-05-23 11:11:23.095] [jointLog] [warning] Feature has no GFF ID
[2021-05-23 11:11:23.095] [jointLog] [warning] Feature has no GFF ID
[2021-05-23 11:11:23.095] [jointLog] [warning] Feature has no GFF ID
[2021-05-23 11:11:23.095] [jointLog] [warning] Feature has no GFF ID
[2021-05-23 11:11:23.095] [jointLog] [warning] Feature has no GFF ID
[2021-05-23 11:11:23.095] [jointLog] [warning] Feature has no GFF ID
[2021-05-23 11:11:23.095] [jointLog] [warning] Feature has no GFF ID
[2021-05-23 11:11:23.095] [jointLog] [warning] Feature has no GFF ID
[2021-05-23 11:11:23.095] [jointLog] [warning] Feature has no GFF ID
[2021-05-23 11:11:23.095] [jointLog] [warning] Feature has no GFF ID
[2021-05-23 11:11:23.095] [jointLog] [warning] Feature has no GFF ID
[2021-05-23 11:11:23.095] [jointLog] [warning] Feature has no GFF ID
[2021-05-23 11:11:23.095] [jointLog] [warning] Feature has no GFF ID
[2021-05-23 11:11:23.095] [jointLog] [warning] Feature has no GFF ID
[2021-05-23 11:11:23.095] [jointLog] [warning] Feature has no GFF ID
[2021-05-23 11:11:23.095] [jointLog] [warning] Feature has no GFF ID
[2021-05-23 11:11:23.095] [jointLog] [warning] Feature has no GFF ID
[2021-05-23 11:11:23.095] [jointLog] [warning] Feature has no GFF ID
[2021-05-23 11:11:23.095] [jointLog] [warning] Feature has no GFF ID
[2021-05-23 11:11:23.095] [jointLog] [warning] Feature has no GFF ID
[2021-05-23 11:11:23.095] [jointLog] [warning] Feature has no GFF ID
[2021-05-23 11:11:23.095] [jointLog] [warning] Feature has no GFF ID
[2021-05-23 11:11:23.095] [jointLog] [warning] Feature has no GFF ID
[2021-05-23 11:11:23.436] [jointLog] [info] There were 142604 transcripts mapping to 55401 genes
[2021-05-23 11:11:23.436] [jointLog] [info] NOTE: We recommend using tximport (https://bioconductor.org/packages/release/bioc/html/tximport.html) for aggregating transcript-level salmon abundance estimates to the gene level.  It is more versatile, exposes more features, and allows considering multi-sample information during aggregation.
[2021-05-23 11:11:23.747] [jointLog] [warning] couldn't find transcript named [DQ459430] in transcript <-> gene map; returning transcript as it's own gene
[2021-05-23 11:11:23.747] [jointLog] [warning] couldn't find transcript named [DQ516784] in transcript <-> gene map; returning transcript as it's own gene
[2021-05-23 11:11:23.747] [jointLog] [warning] couldn't find transcript named [DQ516752] in transcript <-> gene map; returning transcript as it's own gene
[2021-05-23 11:11:23.747] [jointLog] [warning] couldn't find transcript named [DQ668364] in transcript <-> gene map; returning transcript as it's own gene
[2021-05-23 11:11:23.747] [jointLog] [warning] couldn't find transcript named [DQ883670] in transcript <-> gene map; returning transcript as it's own gene
[2021-05-23 11:11:23.747] [jointLog] [warning] couldn't find transcript named [EF011062] in transcript <-> gene map; returning transcript as it's own gene
[2021-05-23 11:11:23.747] [jointLog] [warning] couldn't find transcript named [DQ875385] in transcript <-> gene map; returning transcript as it's own gene
[2021-05-23 11:11:23.747] [jointLog] [warning] couldn't find transcript named [DQ883664] in transcript <-> gene map; returning transcript as it's own gene
[2021-05-23 11:11:23.747] [jointLog] [warning] couldn't find transcript named [DQ459420] in transcript <-> gene map; returning transcript as it's own gene
[2021-05-23 11:11:23.747] [jointLog] [warning] couldn't find transcript named [DQ883651] in transcript <-> gene map; returning transcript as it's own gene
[2021-05-23 11:11:23.747] [jointLog] [warning] couldn't find transcript named [DQ855004] in transcript <-> gene map; returning transcript as it's own gene
[2021-05-23 11:11:23.747] [jointLog] [warning] couldn't find transcript named [DQ854993] in transcript <-> gene map; returning transcript as it's own gene
[2021-05-23 11:11:23.747] [jointLog] [warning] couldn't find transcript named [DQ883689] in transcript <-> gene map; returning transcript as it's own gene
[2021-05-23 11:11:23.747] [jointLog] [warning] couldn't find transcript named [DQ459419] in transcript <-> gene map; returning transcript as it's own gene
[2021-05-23 11:11:23.747] [jointLog] [warning] couldn't find transcript named [DQ459431] in transcript <-> gene map; returning transcript as it's own gene
[2021-05-23 11:11:23.747] [jointLog] [warning] couldn't find transcript named [DQ516796] in transcript <-> gene map; returning transcript as it's own gene
[2021-05-23 11:11:23.747] [jointLog] [warning] couldn't find transcript named [DQ855001] in transcript <-> gene map; returning transcript as it's own gene
[2021-05-23 11:11:23.747] [jointLog] [warning] couldn't find transcript named [DQ459413] in transcript <-> gene map; returning transcript as it's own gene
[2021-05-23 11:11:23.747] [jointLog] [warning] couldn't find transcript named [DQ883656] in transcript <-> gene map; returning transcript as it's own gene
[2021-05-23 11:11:23.747] [jointLog] [warning] couldn't find transcript named [DQ883661] in transcript <-> gene map; returning transcript as it's own gene
[2021-05-23 11:11:23.747] [jointLog] [warning] couldn't find transcript named [EF011069] in transcript <-> gene map; returning transcript as it's own gene
[2021-05-23 11:11:23.747] [jointLog] [warning] couldn't find transcript named [DQ516783] in transcript <-> gene map; returning transcript as it's own gene
[2021-05-23 11:11:23.747] [jointLog] [warning] couldn't find transcript named [DQ516787] in transcript <-> gene map; returning transcript as it's own gene
[2021-05-23 11:11:23.747] [jointLog] [warning] couldn't find transcript named [DQ459424] in transcript <-> gene map; returning transcript as it's own gene
[2021-05-23 11:11:23.747] [jointLog] [warning] couldn't find transcript named [DQ516748] in transcript <-> gene map; returning transcript as it's own gene
[2021-05-23 11:11:23.747] [jointLog] [warning] couldn't find transcript named [DQ883671] in transcript <-> gene map; returning transcript as it's own gene
[2021-05-23 11:11:23.747] [jointLog] [warning] couldn't find transcript named [DQ516740] in transcript <-> gene map; returning transcript as it's own gene
[2021-05-23 11:11:23.747] [jointLog] [warning] couldn't find transcript named [DQ516785] in transcript <-> gene map; returning transcript as it's own gene
[2021-05-23 11:11:23.747] [jointLog] [warning] couldn't find transcript named [DQ516731] in transcript <-> gene map; returning transcript as it's own gene
[2021-05-23 11:11:23.747] [jointLog] [warning] couldn't find transcript named [DQ668366] in transcript <-> gene map; returning transcript as it's own gene
[2021-05-23 11:11:23.747] [jointLog] [warning] couldn't find transcript named [DQ459418] in transcript <-> gene map; returning transcript as it's own gene
[2021-05-23 11:11:23.747] [jointLog] [warning] couldn't find transcript named [DQ668356] in transcript <-> gene map; returning transcript as it's own gene
[2021-05-23 11:11:23.747] [jointLog] [warning] couldn't find transcript named [DQ516763] in transcript <-> gene map; returning transcript as it's own gene
[2021-05-23 11:11:23.747] [jointLog] [warning] couldn't find transcript named [DQ459426] in transcript <-> gene map; returning transcript as it's own gene
[2021-05-23 11:11:23.747] [jointLog] [warning] couldn't find transcript named [DQ516786] in transcript <-> gene map; returning transcript as it's own gene
[2021-05-23 11:11:23.747] [jointLog] [warning] couldn't find transcript named [DQ883653] in transcript <-> gene map; returning transcript as it's own gene
[2021-05-23 11:11:23.747] [jointLog] [warning] couldn't find transcript named [DQ459421] in transcript <-> gene map; returning transcript as it's own gene
[2021-05-23 11:11:23.747] [jointLog] [warning] couldn't find transcript named [DQ883654] in transcript <-> gene map; returning transcript as it's own gene
[2021-05-23 11:11:23.747] [jointLog] [warning] couldn't find transcript named [DQ668358] in transcript <-> gene map; returning transcript as it's own gene
[2021-05-23 11:11:23.747] [jointLog] [warning] couldn't find transcript named [DQ516754] in transcript <-> gene map; returning transcript as it's own gene
[2021-05-23 11:11:23.747] [jointLog] [warning] couldn't find transcript named [DQ516778] in transcript <-> gene map; returning transcript as it's own gene
[2021-05-23 11:11:23.747] [jointLog] [warning] couldn't find transcript named [DQ883650] in transcript <-> gene map; returning transcript as it's own gene
[2021-05-23 11:11:23.747] [jointLog] [warning] couldn't find transcript named [DQ516742] in transcript <-> gene map; returning transcript as it's own gene
[2021-05-23 11:11:23.747] [jointLog] [warning] couldn't find transcript named [DQ883673] in transcript <-> gene map; returning transcript as it's own gene
[2021-05-23 11:11:23.747] [jointLog] [warning] couldn't find transcript named [DQ883652] in transcript <-> gene map; returning transcript as it's own gene
[2021-05-23 11:11:23.747] [jointLog] [warning] couldn't find transcript named [DQ854991] in transcript <-> gene map; returning transcript as it's own gene
[2021-05-23 11:11:23.747] [jointLog] [warning] couldn't find transcript named [DQ516780] in transcript <-> gene map; returning transcript as it's own gene
[2021-05-23 11:11:23.747] [jointLog] [warning] couldn't find transcript named [DQ883682] in transcript <-> gene map; returning transcript as it's own gene
[2021-05-23 11:11:23.747] [jointLog] [warning] couldn't find transcript named [DQ883669] in transcript <-> gene map; returning transcript as it's own gene
[2021-05-23 11:11:23.747] [jointLog] [warning] couldn't find transcript named [DQ516791] in transcript <-> gene map; returning transcript as it's own gene
[2021-05-23 11:11:23.747] [jointLog] [warning] couldn't find transcript named [DQ459425] in transcript <-> gene map; returning transcript as it's own gene
[2021-05-23 11:11:23.747] [jointLog] [warning] couldn't find transcript named [DQ516759] in transcript <-> gene map; returning transcript as it's own gene
[2021-05-23 11:11:23.747] [jointLog] [warning] couldn't find transcript named [DQ459429] in transcript <-> gene map; returning transcript as it's own gene
[2021-05-23 11:11:23.747] [jointLog] [warning] couldn't find transcript named [DQ516758] in transcript <-> gene map; returning transcript as it's own gene
[2021-05-23 11:11:23.747] [jointLog] [warning] couldn't find transcript named [DQ459415] in transcript <-> gene map; returning transcript as it's own gene
[2021-05-23 11:11:23.747] [jointLog] [warning] couldn't find transcript named [DQ875387] in transcript <-> gene map; returning transcript as it's own gene
[2021-05-23 11:11:23.747] [jointLog] [warning] couldn't find transcript named [DQ516815] in transcript <-> gene map; returning transcript as it's own gene
[2021-05-23 11:11:23.747] [jointLog] [warning] couldn't find transcript named [DQ668365] in transcript <-> gene map; returning transcript as it's own gene
[2021-05-23 11:11:23.747] [jointLog] [warning] couldn't find transcript named [DQ854998] in transcript <-> gene map; returning transcript as it's own gene
[2021-05-23 11:11:23.747] [jointLog] [warning] couldn't find transcript named [DQ883685] in transcript <-> gene map; returning transcript as it's own gene
[2021-05-23 11:11:23.747] [jointLog] [warning] couldn't find transcript named [DQ459422] in transcript <-> gene map; returning transcript as it's own gene
[2021-05-23 11:11:23.747] [jointLog] [warning] couldn't find transcript named [DQ883663] in transcript <-> gene map; returning transcript as it's own gene
[2021-05-23 11:11:23.747] [jointLog] [warning] couldn't find transcript named [DQ668367] in transcript <-> gene map; returning transcript as it's own gene
[2021-05-23 11:11:23.747] [jointLog] [warning] couldn't find transcript named [DQ459412] in transcript <-> gene map; returning transcript as it's own gene
[2021-05-23 11:11:23.747] [jointLog] [warning] couldn't find transcript named [DQ854992] in transcript <-> gene map; returning transcript as it's own gene
[2021-05-23 11:11:23.747] [jointLog] [warning] couldn't find transcript named [DQ516782] in transcript <-> gene map; returning transcript as it's own gene
[2021-05-23 11:11:23.747] [jointLog] [warning] couldn't find transcript named [DQ459427] in transcript <-> gene map; returning transcript as it's own gene
[2021-05-23 11:11:23.747] [jointLog] [warning] couldn't find transcript named [EF011072] in transcript <-> gene map; returning transcript as it's own gene
[2021-05-23 11:11:23.747] [jointLog] [warning] couldn't find transcript named [DQ855003] in transcript <-> gene map; returning transcript as it's own gene
[2021-05-23 11:11:23.747] [jointLog] [warning] couldn't find transcript named [DQ516739] in transcript <-> gene map; returning transcript as it's own gene
[2021-05-23 11:11:23.747] [jointLog] [warning] couldn't find transcript named [EF011063] in transcript <-> gene map; returning transcript as it's own gene
[2021-05-23 11:11:23.747] [jointLog] [warning] couldn't find transcript named [DQ855000] in transcript <-> gene map; returning transcript as it's own gene
[2021-05-23 11:11:23.747] [jointLog] [warning] couldn't find transcript named [DQ516777] in transcript <-> gene map; returning transcript as it's own gene
[2021-05-23 11:11:23.747] [jointLog] [warning] couldn't find transcript named [DQ883646] in transcript <-> gene map; returning transcript as it's own gene
[2021-05-23 11:11:23.747] [jointLog] [warning] couldn't find transcript named [DQ668362] in transcript <-> gene map; returning transcript as it's own gene
[2021-05-23 11:11:23.747] [jointLog] [warning] couldn't find transcript named [DQ854995] in transcript <-> gene map; returning transcript as it's own gene
[2021-05-23 11:11:23.747] [jointLog] [warning] couldn't find transcript named [DQ875386] in transcript <-> gene map; returning transcript as it's own gene
[2021-05-23 11:11:23.747] [jointLog] [warning] couldn't find transcript named [DQ516790] in transcript <-> gene map; returning transcript as it's own gene
[2021-05-23 11:11:23.747] [jointLog] [warning] couldn't find transcript named [DQ883642] in transcript <-> gene map; returning transcript as it's own gene
[2021-05-23 11:11:23.747] [jointLog] [warning] couldn't find transcript named [DQ883659] in transcript <-> gene map; returning transcript as it's own gene
[2021-05-23 11:11:23.747] [jointLog] [warning] couldn't find transcript named [DQ854997] in transcript <-> gene map; returning transcript as it's own gene
[2021-05-23 11:11:23.747] [jointLog] [warning] couldn't find transcript named [DQ883643] in transcript <-> gene map; returning transcript as it's own gene
[2021-05-23 11:11:23.747] [jointLog] [warning] couldn't find transcript named [DQ839618] in transcript <-> gene map; returning transcript as it's own gene
[2021-05-23 11:11:23.747] [jointLog] [warning] couldn't find transcript named [DQ516795] in transcript <-> gene map; returning transcript as it's own gene
[2021-05-23 11:11:23.747] [jointLog] [warning] couldn't find transcript named [DQ883658] in transcript <-> gene map; returning transcript as it's own gene
[2021-05-23 11:11:23.747] [jointLog] [warning] couldn't find transcript named [DQ516750] in transcript <-> gene map; returning transcript as it's own gene
[2021-05-23 11:11:23.747] [jointLog] [warning] couldn't find transcript named [DQ668359] in transcript <-> gene map; returning transcript as it's own gene
[2021-05-23 11:11:23.747] [jointLog] [warning] couldn't find transcript named [DQ516779] in transcript <-> gene map; returning transcript as it's own gene
[2021-05-23 11:11:23.747] [jointLog] [warning] couldn't find transcript named [DQ668363] in transcript <-> gene map; returning transcript as it's own gene
[2021-05-23 11:11:23.747] [jointLog] [warning] couldn't find transcript named [DQ516776] in transcript <-> gene map; returning transcript as it's own gene
[2021-05-23 11:11:23.747] [jointLog] [warning] couldn't find transcript named [DQ516773] in transcript <-> gene map; returning transcript as it's own gene
[2021-05-23 11:11:23.747] [jointLog] [warning] couldn't find transcript named [DQ854994] in transcript <-> gene map; returning transcript as it's own gene
[2021-05-23 11:11:23.748] [jointLog] [info] Aggregating expressions to gene level
[2021-05-23 11:11:23.916] [jointLog] [info] done
