[2021-05-20 19:13:52.595] [jointLog] [info] setting maxHashResizeThreads to 6
[2021-05-20 19:13:52.595] [jointLog] [info] Fragment incompatibility prior below threshold.  Incompatible fragments will be ignored.
[2021-05-20 19:13:52.597] [jointLog] [info] numQuantThreads = 3
[2021-05-20 19:13:56.217] [jointLog] [info] replaced 4 non-ACGT nucleotides with random nucleotides
[2021-05-20 19:13:56.513] [fileLog] [info] quantification processed 0 fragments so far

[2021-05-20 19:13:59.607] [fileLog] [info] quantification processed 1000000 fragments so far

[2021-05-20 19:14:02.865] [fileLog] [info] quantification processed 2000000 fragments so far

[2021-05-20 19:14:04.421] [jointLog] [info] 

The alignment group queue pool has been exhausted.  3009819 extra fragments were allocated on the heap to saturate the pool.  No new fragments will be allocated


[2021-05-20 19:14:13.217] [fileLog] [info] quantification processed 3000000 fragments so far

[2021-05-20 19:14:29.731] [fileLog] [info] quantification processed 4000000 fragments so far

[2021-05-20 19:14:46.232] [fileLog] [info] quantification processed 5000000 fragments so far

[2021-05-20 19:15:02.704] [fileLog] [info] quantification processed 6000000 fragments so far

[2021-05-20 19:15:19.181] [fileLog] [info] quantification processed 7000000 fragments so far

[2021-05-20 19:15:22.914] [fileLog] [info] quantification processed 8000000 fragments so far

[2021-05-20 19:15:26.587] [fileLog] [info] quantification processed 9000000 fragments so far

[2021-05-20 19:15:30.305] [fileLog] [info] quantification processed 10000000 fragments so far

[2021-05-20 19:15:33.981] [fileLog] [info] quantification processed 11000000 fragments so far

[2021-05-20 19:15:37.598] [fileLog] [info] quantification processed 12000000 fragments so far

[2021-05-20 19:15:41.238] [fileLog] [info] quantification processed 13000000 fragments so far

[2021-05-20 19:15:44.872] [fileLog] [info] quantification processed 14000000 fragments so far

[2021-05-20 19:15:48.503] [fileLog] [info] quantification processed 15000000 fragments so far

[2021-05-20 19:15:52.203] [fileLog] [info] quantification processed 16000000 fragments so far

[2021-05-20 19:15:55.841] [fileLog] [info] quantification processed 17000000 fragments so far

[2021-05-20 19:15:59.465] [fileLog] [info] quantification processed 18000000 fragments so far

[2021-05-20 19:16:03.124] [fileLog] [info] quantification processed 19000000 fragments so far

[2021-05-20 19:16:06.756] [fileLog] [info] quantification processed 20000000 fragments so far

[2021-05-20 19:16:10.408] [fileLog] [info] quantification processed 21000000 fragments so far

[2021-05-20 19:16:13.989] [fileLog] [info] quantification processed 22000000 fragments so far

[2021-05-20 19:16:17.632] [fileLog] [info] quantification processed 23000000 fragments so far

[2021-05-20 19:16:21.312] [fileLog] [info] quantification processed 24000000 fragments so far

[2021-05-20 19:16:24.940] [fileLog] [info] quantification processed 25000000 fragments so far

[2021-05-20 19:16:28.654] [fileLog] [info] quantification processed 26000000 fragments so far

[2021-05-20 19:16:32.257] [fileLog] [info] quantification processed 27000000 fragments so far

[2021-05-20 19:16:35.941] [fileLog] [info] quantification processed 28000000 fragments so far

[2021-05-20 19:16:39.588] [fileLog] [info] quantification processed 29000000 fragments so far

[2021-05-20 19:16:43.200] [fileLog] [info] quantification processed 30000000 fragments so far

[2021-05-20 19:16:46.848] [fileLog] [info] quantification processed 31000000 fragments so far

[2021-05-20 19:16:50.533] [fileLog] [info] quantification processed 32000000 fragments so far

[2021-05-20 19:16:54.198] [fileLog] [info] quantification processed 33000000 fragments so far

[2021-05-20 19:16:57.900] [fileLog] [info] quantification processed 34000000 fragments so far

[2021-05-20 19:17:01.583] [fileLog] [info] quantification processed 35000000 fragments so far

[2021-05-20 19:17:04.353] [fileLog] [info] quantification processed 35759434 fragments so far

[2021-05-20 19:17:11.172] [jointLog] [info] Thread saw mini-batch with a maximum of 2.50% zero probability fragments
[2021-05-20 19:17:11.177] [jointLog] [info] Thread saw mini-batch with a maximum of 2.00% zero probability fragments
[2021-05-20 19:17:11.179] [jointLog] [info] Thread saw mini-batch with a maximum of 2.10% zero probability fragments
[2021-05-20 19:17:11.180] [jointLog] [info] 


Completed first pass through the alignment file.
Total # of mapped reads : 35759434
# of uniquely mapped reads : 14152404
# ambiguously mapped reads : 21607030



[2021-05-20 19:17:11.354] [jointLog] [info] Computed 240541 rich equivalence classes for further processing
[2021-05-20 19:17:11.354] [jointLog] [info] Counted 35643946 total reads in the equivalence classes 
[2021-05-20 19:17:11.357] [jointLog] [info] starting optimizer
[2021-05-20 19:17:11.462] [jointLog] [info] Marked 0 weighted equivalence classes as degenerate
[2021-05-20 19:17:11.478] [jointLog] [info] iteration = 0 | max rel diff. = 7022.17
[2021-05-20 19:17:12.973] [jointLog] [info] iteration = 100 | max rel diff. = 16.6433
[2021-05-20 19:17:14.415] [jointLog] [info] iteration = 200 | max rel diff. = 3.53839
[2021-05-20 19:17:15.864] [jointLog] [info] iteration = 300 | max rel diff. = 6.45941
[2021-05-20 19:17:17.305] [jointLog] [info] iteration = 400 | max rel diff. = 13.7601
[2021-05-20 19:17:18.749] [jointLog] [info] iteration = 500 | max rel diff. = 0.389585
[2021-05-20 19:17:20.222] [jointLog] [info] iteration = 600 | max rel diff. = 0.602729
[2021-05-20 19:17:21.661] [jointLog] [info] iteration = 700 | max rel diff. = 0.0857461
[2021-05-20 19:17:23.124] [jointLog] [info] iteration = 800 | max rel diff. = 0.0952968
[2021-05-20 19:17:24.568] [jointLog] [info] iteration = 900 | max rel diff. = 8.42328
[2021-05-20 19:17:26.011] [jointLog] [info] iteration = 1000 | max rel diff. = 0.0754909
[2021-05-20 19:17:27.443] [jointLog] [info] iteration = 1100 | max rel diff. = 0.449526
[2021-05-20 19:17:28.899] [jointLog] [info] iteration = 1200 | max rel diff. = 0.486955
[2021-05-20 19:17:30.339] [jointLog] [info] iteration = 1300 | max rel diff. = 0.0796342
[2021-05-20 19:17:31.774] [jointLog] [info] iteration = 1400 | max rel diff. = 0.127806
[2021-05-20 19:17:32.375] [jointLog] [info] iteration = 1443 | max rel diff. = 0.00964977
[2021-05-20 19:17:32.407] [jointLog] [info] finished optimizer
[2021-05-20 19:17:32.407] [jointLog] [info] writing output
[2021-05-20 19:17:34.197] [jointLog] [info] Computing gene-level abundance estimates
[2021-05-20 19:18:05.249] [jointLog] [warning] Feature has no GFF ID
[2021-05-20 19:18:05.249] [jointLog] [warning] Feature has no GFF ID
[2021-05-20 19:18:05.249] [jointLog] [warning] Feature has no GFF ID
[2021-05-20 19:18:05.249] [jointLog] [warning] Feature has no GFF ID
[2021-05-20 19:18:05.249] [jointLog] [warning] Feature has no GFF ID
[2021-05-20 19:18:05.249] [jointLog] [warning] Feature has no GFF ID
[2021-05-20 19:18:05.249] [jointLog] [warning] Feature has no GFF ID
[2021-05-20 19:18:05.249] [jointLog] [warning] Feature has no GFF ID
[2021-05-20 19:18:05.249] [jointLog] [warning] Feature has no GFF ID
[2021-05-20 19:18:05.249] [jointLog] [warning] Feature has no GFF ID
[2021-05-20 19:18:05.249] [jointLog] [warning] Feature has no GFF ID
[2021-05-20 19:18:05.249] [jointLog] [warning] Feature has no GFF ID
[2021-05-20 19:18:05.249] [jointLog] [warning] Feature has no GFF ID
[2021-05-20 19:18:05.249] [jointLog] [warning] Feature has no GFF ID
[2021-05-20 19:18:05.249] [jointLog] [warning] Feature has no GFF ID
[2021-05-20 19:18:05.249] [jointLog] [warning] Feature has no GFF ID
[2021-05-20 19:18:05.249] [jointLog] [warning] Feature has no GFF ID
[2021-05-20 19:18:05.249] [jointLog] [warning] Feature has no GFF ID
[2021-05-20 19:18:05.249] [jointLog] [warning] Feature has no GFF ID
[2021-05-20 19:18:05.249] [jointLog] [warning] Feature has no GFF ID
[2021-05-20 19:18:05.249] [jointLog] [warning] Feature has no GFF ID
[2021-05-20 19:18:05.249] [jointLog] [warning] Feature has no GFF ID
[2021-05-20 19:18:05.249] [jointLog] [warning] Feature has no GFF ID
[2021-05-20 19:18:05.249] [jointLog] [warning] Feature has no GFF ID
[2021-05-20 19:18:05.249] [jointLog] [warning] Feature has no GFF ID
[2021-05-20 19:18:05.249] [jointLog] [warning] Feature has no GFF ID
[2021-05-20 19:18:05.249] [jointLog] [warning] Feature has no GFF ID
[2021-05-20 19:18:05.249] [jointLog] [warning] Feature has no GFF ID
[2021-05-20 19:18:05.249] [jointLog] [warning] Feature has no GFF ID
[2021-05-20 19:18:05.249] [jointLog] [warning] Feature has no GFF ID
[2021-05-20 19:18:05.249] [jointLog] [warning] Feature has no GFF ID
[2021-05-20 19:18:05.249] [jointLog] [warning] Feature has no GFF ID
[2021-05-20 19:18:05.249] [jointLog] [warning] Feature has no GFF ID
[2021-05-20 19:18:05.249] [jointLog] [warning] Feature has no GFF ID
[2021-05-20 19:18:05.249] [jointLog] [warning] Feature has no GFF ID
[2021-05-20 19:18:05.249] [jointLog] [warning] Feature has no GFF ID
[2021-05-20 19:18:05.249] [jointLog] [warning] Feature has no GFF ID
[2021-05-20 19:18:05.249] [jointLog] [warning] Feature has no GFF ID
[2021-05-20 19:18:05.249] [jointLog] [warning] Feature has no GFF ID
[2021-05-20 19:18:05.249] [jointLog] [warning] Feature has no GFF ID
[2021-05-20 19:18:05.249] [jointLog] [warning] Feature has no GFF ID
[2021-05-20 19:18:05.249] [jointLog] [warning] Feature has no GFF ID
[2021-05-20 19:18:05.249] [jointLog] [warning] Feature has no GFF ID
[2021-05-20 19:18:05.249] [jointLog] [warning] Feature has no GFF ID
[2021-05-20 19:18:05.249] [jointLog] [warning] Feature has no GFF ID
[2021-05-20 19:18:05.249] [jointLog] [warning] Feature has no GFF ID
[2021-05-20 19:18:05.249] [jointLog] [warning] Feature has no GFF ID
[2021-05-20 19:18:05.249] [jointLog] [warning] Feature has no GFF ID
[2021-05-20 19:18:05.249] [jointLog] [warning] Feature has no GFF ID
[2021-05-20 19:18:05.249] [jointLog] [warning] Feature has no GFF ID
[2021-05-20 19:18:05.249] [jointLog] [warning] Feature has no GFF ID
[2021-05-20 19:18:05.249] [jointLog] [warning] Feature has no GFF ID
[2021-05-20 19:18:05.249] [jointLog] [warning] Feature has no GFF ID
[2021-05-20 19:18:05.249] [jointLog] [warning] Feature has no GFF ID
[2021-05-20 19:18:05.249] [jointLog] [warning] Feature has no GFF ID
[2021-05-20 19:18:05.249] [jointLog] [warning] Feature has no GFF ID
[2021-05-20 19:18:05.249] [jointLog] [warning] Feature has no GFF ID
[2021-05-20 19:18:05.249] [jointLog] [warning] Feature has no GFF ID
[2021-05-20 19:18:05.249] [jointLog] [warning] Feature has no GFF ID
[2021-05-20 19:18:05.249] [jointLog] [warning] Feature has no GFF ID
[2021-05-20 19:18:05.249] [jointLog] [warning] Feature has no GFF ID
[2021-05-20 19:18:05.249] [jointLog] [warning] Feature has no GFF ID
[2021-05-20 19:18:05.249] [jointLog] [warning] Feature has no GFF ID
[2021-05-20 19:18:05.249] [jointLog] [warning] Feature has no GFF ID
[2021-05-20 19:18:05.249] [jointLog] [warning] Feature has no GFF ID
[2021-05-20 19:18:05.249] [jointLog] [warning] Feature has no GFF ID
[2021-05-20 19:18:05.249] [jointLog] [warning] Feature has no GFF ID
[2021-05-20 19:18:05.249] [jointLog] [warning] Feature has no GFF ID
[2021-05-20 19:18:05.249] [jointLog] [warning] Feature has no GFF ID
[2021-05-20 19:18:05.249] [jointLog] [warning] Feature has no GFF ID
[2021-05-20 19:18:05.249] [jointLog] [warning] Feature has no GFF ID
[2021-05-20 19:18:05.249] [jointLog] [warning] Feature has no GFF ID
[2021-05-20 19:18:05.249] [jointLog] [warning] Feature has no GFF ID
[2021-05-20 19:18:05.249] [jointLog] [warning] Feature has no GFF ID
[2021-05-20 19:18:05.249] [jointLog] [warning] Feature has no GFF ID
[2021-05-20 19:18:05.249] [jointLog] [warning] Feature has no GFF ID
[2021-05-20 19:18:05.249] [jointLog] [warning] Feature has no GFF ID
[2021-05-20 19:18:05.249] [jointLog] [warning] Feature has no GFF ID
[2021-05-20 19:18:05.249] [jointLog] [warning] Feature has no GFF ID
[2021-05-20 19:18:05.249] [jointLog] [warning] Feature has no GFF ID
[2021-05-20 19:18:05.249] [jointLog] [warning] Feature has no GFF ID
[2021-05-20 19:18:05.249] [jointLog] [warning] Feature has no GFF ID
[2021-05-20 19:18:05.249] [jointLog] [warning] Feature has no GFF ID
[2021-05-20 19:18:05.249] [jointLog] [warning] Feature has no GFF ID
[2021-05-20 19:18:05.249] [jointLog] [warning] Feature has no GFF ID
[2021-05-20 19:18:05.249] [jointLog] [warning] Feature has no GFF ID
[2021-05-20 19:18:05.249] [jointLog] [warning] Feature has no GFF ID
[2021-05-20 19:18:05.249] [jointLog] [warning] Feature has no GFF ID
[2021-05-20 19:18:05.249] [jointLog] [warning] Feature has no GFF ID
[2021-05-20 19:18:05.249] [jointLog] [warning] Feature has no GFF ID
[2021-05-20 19:18:05.249] [jointLog] [warning] Feature has no GFF ID
[2021-05-20 19:18:05.249] [jointLog] [warning] Feature has no GFF ID
[2021-05-20 19:18:05.602] [jointLog] [info] There were 142604 transcripts mapping to 55401 genes
[2021-05-20 19:18:05.602] [jointLog] [info] NOTE: We recommend using tximport (https://bioconductor.org/packages/release/bioc/html/tximport.html) for aggregating transcript-level salmon abundance estimates to the gene level.  It is more versatile, exposes more features, and allows considering multi-sample information during aggregation.
[2021-05-20 19:18:05.932] [jointLog] [warning] couldn't find transcript named [DQ459430] in transcript <-> gene map; returning transcript as it's own gene
[2021-05-20 19:18:05.932] [jointLog] [warning] couldn't find transcript named [DQ516784] in transcript <-> gene map; returning transcript as it's own gene
[2021-05-20 19:18:05.932] [jointLog] [warning] couldn't find transcript named [DQ516752] in transcript <-> gene map; returning transcript as it's own gene
[2021-05-20 19:18:05.932] [jointLog] [warning] couldn't find transcript named [DQ668364] in transcript <-> gene map; returning transcript as it's own gene
[2021-05-20 19:18:05.932] [jointLog] [warning] couldn't find transcript named [DQ883670] in transcript <-> gene map; returning transcript as it's own gene
[2021-05-20 19:18:05.932] [jointLog] [warning] couldn't find transcript named [EF011062] in transcript <-> gene map; returning transcript as it's own gene
[2021-05-20 19:18:05.932] [jointLog] [warning] couldn't find transcript named [DQ875385] in transcript <-> gene map; returning transcript as it's own gene
[2021-05-20 19:18:05.932] [jointLog] [warning] couldn't find transcript named [DQ883664] in transcript <-> gene map; returning transcript as it's own gene
[2021-05-20 19:18:05.932] [jointLog] [warning] couldn't find transcript named [DQ459420] in transcript <-> gene map; returning transcript as it's own gene
[2021-05-20 19:18:05.932] [jointLog] [warning] couldn't find transcript named [DQ883651] in transcript <-> gene map; returning transcript as it's own gene
[2021-05-20 19:18:05.932] [jointLog] [warning] couldn't find transcript named [DQ855004] in transcript <-> gene map; returning transcript as it's own gene
[2021-05-20 19:18:05.932] [jointLog] [warning] couldn't find transcript named [DQ854993] in transcript <-> gene map; returning transcript as it's own gene
[2021-05-20 19:18:05.932] [jointLog] [warning] couldn't find transcript named [DQ883689] in transcript <-> gene map; returning transcript as it's own gene
[2021-05-20 19:18:05.932] [jointLog] [warning] couldn't find transcript named [DQ459419] in transcript <-> gene map; returning transcript as it's own gene
[2021-05-20 19:18:05.932] [jointLog] [warning] couldn't find transcript named [DQ459431] in transcript <-> gene map; returning transcript as it's own gene
[2021-05-20 19:18:05.932] [jointLog] [warning] couldn't find transcript named [DQ516796] in transcript <-> gene map; returning transcript as it's own gene
[2021-05-20 19:18:05.932] [jointLog] [warning] couldn't find transcript named [DQ855001] in transcript <-> gene map; returning transcript as it's own gene
[2021-05-20 19:18:05.932] [jointLog] [warning] couldn't find transcript named [DQ459413] in transcript <-> gene map; returning transcript as it's own gene
[2021-05-20 19:18:05.932] [jointLog] [warning] couldn't find transcript named [DQ883656] in transcript <-> gene map; returning transcript as it's own gene
[2021-05-20 19:18:05.932] [jointLog] [warning] couldn't find transcript named [DQ883661] in transcript <-> gene map; returning transcript as it's own gene
[2021-05-20 19:18:05.932] [jointLog] [warning] couldn't find transcript named [EF011069] in transcript <-> gene map; returning transcript as it's own gene
[2021-05-20 19:18:05.932] [jointLog] [warning] couldn't find transcript named [DQ516783] in transcript <-> gene map; returning transcript as it's own gene
[2021-05-20 19:18:05.932] [jointLog] [warning] couldn't find transcript named [DQ516787] in transcript <-> gene map; returning transcript as it's own gene
[2021-05-20 19:18:05.932] [jointLog] [warning] couldn't find transcript named [DQ459424] in transcript <-> gene map; returning transcript as it's own gene
[2021-05-20 19:18:05.932] [jointLog] [warning] couldn't find transcript named [DQ516748] in transcript <-> gene map; returning transcript as it's own gene
[2021-05-20 19:18:05.932] [jointLog] [warning] couldn't find transcript named [DQ883671] in transcript <-> gene map; returning transcript as it's own gene
[2021-05-20 19:18:05.932] [jointLog] [warning] couldn't find transcript named [DQ516740] in transcript <-> gene map; returning transcript as it's own gene
[2021-05-20 19:18:05.932] [jointLog] [warning] couldn't find transcript named [DQ516785] in transcript <-> gene map; returning transcript as it's own gene
[2021-05-20 19:18:05.932] [jointLog] [warning] couldn't find transcript named [DQ516731] in transcript <-> gene map; returning transcript as it's own gene
[2021-05-20 19:18:05.932] [jointLog] [warning] couldn't find transcript named [DQ668366] in transcript <-> gene map; returning transcript as it's own gene
[2021-05-20 19:18:05.932] [jointLog] [warning] couldn't find transcript named [DQ459418] in transcript <-> gene map; returning transcript as it's own gene
[2021-05-20 19:18:05.932] [jointLog] [warning] couldn't find transcript named [DQ668356] in transcript <-> gene map; returning transcript as it's own gene
[2021-05-20 19:18:05.932] [jointLog] [warning] couldn't find transcript named [DQ516763] in transcript <-> gene map; returning transcript as it's own gene
[2021-05-20 19:18:05.932] [jointLog] [warning] couldn't find transcript named [DQ459426] in transcript <-> gene map; returning transcript as it's own gene
[2021-05-20 19:18:05.932] [jointLog] [warning] couldn't find transcript named [DQ516786] in transcript <-> gene map; returning transcript as it's own gene
[2021-05-20 19:18:05.932] [jointLog] [warning] couldn't find transcript named [DQ883653] in transcript <-> gene map; returning transcript as it's own gene
[2021-05-20 19:18:05.932] [jointLog] [warning] couldn't find transcript named [DQ459421] in transcript <-> gene map; returning transcript as it's own gene
[2021-05-20 19:18:05.932] [jointLog] [warning] couldn't find transcript named [DQ883654] in transcript <-> gene map; returning transcript as it's own gene
[2021-05-20 19:18:05.932] [jointLog] [warning] couldn't find transcript named [DQ668358] in transcript <-> gene map; returning transcript as it's own gene
[2021-05-20 19:18:05.932] [jointLog] [warning] couldn't find transcript named [DQ516754] in transcript <-> gene map; returning transcript as it's own gene
[2021-05-20 19:18:05.932] [jointLog] [warning] couldn't find transcript named [DQ516778] in transcript <-> gene map; returning transcript as it's own gene
[2021-05-20 19:18:05.932] [jointLog] [warning] couldn't find transcript named [DQ883650] in transcript <-> gene map; returning transcript as it's own gene
[2021-05-20 19:18:05.932] [jointLog] [warning] couldn't find transcript named [DQ516742] in transcript <-> gene map; returning transcript as it's own gene
[2021-05-20 19:18:05.932] [jointLog] [warning] couldn't find transcript named [DQ883673] in transcript <-> gene map; returning transcript as it's own gene
[2021-05-20 19:18:05.932] [jointLog] [warning] couldn't find transcript named [DQ883652] in transcript <-> gene map; returning transcript as it's own gene
[2021-05-20 19:18:05.932] [jointLog] [warning] couldn't find transcript named [DQ854991] in transcript <-> gene map; returning transcript as it's own gene
[2021-05-20 19:18:05.932] [jointLog] [warning] couldn't find transcript named [DQ516780] in transcript <-> gene map; returning transcript as it's own gene
[2021-05-20 19:18:05.932] [jointLog] [warning] couldn't find transcript named [DQ883682] in transcript <-> gene map; returning transcript as it's own gene
[2021-05-20 19:18:05.932] [jointLog] [warning] couldn't find transcript named [DQ883669] in transcript <-> gene map; returning transcript as it's own gene
[2021-05-20 19:18:05.932] [jointLog] [warning] couldn't find transcript named [DQ516791] in transcript <-> gene map; returning transcript as it's own gene
[2021-05-20 19:18:05.932] [jointLog] [warning] couldn't find transcript named [DQ459425] in transcript <-> gene map; returning transcript as it's own gene
[2021-05-20 19:18:05.932] [jointLog] [warning] couldn't find transcript named [DQ516759] in transcript <-> gene map; returning transcript as it's own gene
[2021-05-20 19:18:05.932] [jointLog] [warning] couldn't find transcript named [DQ459429] in transcript <-> gene map; returning transcript as it's own gene
[2021-05-20 19:18:05.932] [jointLog] [warning] couldn't find transcript named [DQ516758] in transcript <-> gene map; returning transcript as it's own gene
[2021-05-20 19:18:05.932] [jointLog] [warning] couldn't find transcript named [DQ459415] in transcript <-> gene map; returning transcript as it's own gene
[2021-05-20 19:18:05.932] [jointLog] [warning] couldn't find transcript named [DQ875387] in transcript <-> gene map; returning transcript as it's own gene
[2021-05-20 19:18:05.932] [jointLog] [warning] couldn't find transcript named [DQ516815] in transcript <-> gene map; returning transcript as it's own gene
[2021-05-20 19:18:05.932] [jointLog] [warning] couldn't find transcript named [DQ668365] in transcript <-> gene map; returning transcript as it's own gene
[2021-05-20 19:18:05.932] [jointLog] [warning] couldn't find transcript named [DQ854998] in transcript <-> gene map; returning transcript as it's own gene
[2021-05-20 19:18:05.932] [jointLog] [warning] couldn't find transcript named [DQ883685] in transcript <-> gene map; returning transcript as it's own gene
[2021-05-20 19:18:05.932] [jointLog] [warning] couldn't find transcript named [DQ459422] in transcript <-> gene map; returning transcript as it's own gene
[2021-05-20 19:18:05.932] [jointLog] [warning] couldn't find transcript named [DQ883663] in transcript <-> gene map; returning transcript as it's own gene
[2021-05-20 19:18:05.932] [jointLog] [warning] couldn't find transcript named [DQ668367] in transcript <-> gene map; returning transcript as it's own gene
[2021-05-20 19:18:05.932] [jointLog] [warning] couldn't find transcript named [DQ459412] in transcript <-> gene map; returning transcript as it's own gene
[2021-05-20 19:18:05.932] [jointLog] [warning] couldn't find transcript named [DQ854992] in transcript <-> gene map; returning transcript as it's own gene
[2021-05-20 19:18:05.932] [jointLog] [warning] couldn't find transcript named [DQ516782] in transcript <-> gene map; returning transcript as it's own gene
[2021-05-20 19:18:05.932] [jointLog] [warning] couldn't find transcript named [DQ459427] in transcript <-> gene map; returning transcript as it's own gene
[2021-05-20 19:18:05.932] [jointLog] [warning] couldn't find transcript named [EF011072] in transcript <-> gene map; returning transcript as it's own gene
[2021-05-20 19:18:05.932] [jointLog] [warning] couldn't find transcript named [DQ855003] in transcript <-> gene map; returning transcript as it's own gene
[2021-05-20 19:18:05.932] [jointLog] [warning] couldn't find transcript named [DQ516739] in transcript <-> gene map; returning transcript as it's own gene
[2021-05-20 19:18:05.932] [jointLog] [warning] couldn't find transcript named [EF011063] in transcript <-> gene map; returning transcript as it's own gene
[2021-05-20 19:18:05.932] [jointLog] [warning] couldn't find transcript named [DQ855000] in transcript <-> gene map; returning transcript as it's own gene
[2021-05-20 19:18:05.932] [jointLog] [warning] couldn't find transcript named [DQ516777] in transcript <-> gene map; returning transcript as it's own gene
[2021-05-20 19:18:05.932] [jointLog] [warning] couldn't find transcript named [DQ883646] in transcript <-> gene map; returning transcript as it's own gene
[2021-05-20 19:18:05.932] [jointLog] [warning] couldn't find transcript named [DQ668362] in transcript <-> gene map; returning transcript as it's own gene
[2021-05-20 19:18:05.932] [jointLog] [warning] couldn't find transcript named [DQ854995] in transcript <-> gene map; returning transcript as it's own gene
[2021-05-20 19:18:05.932] [jointLog] [warning] couldn't find transcript named [DQ875386] in transcript <-> gene map; returning transcript as it's own gene
[2021-05-20 19:18:05.932] [jointLog] [warning] couldn't find transcript named [DQ516790] in transcript <-> gene map; returning transcript as it's own gene
[2021-05-20 19:18:05.932] [jointLog] [warning] couldn't find transcript named [DQ883642] in transcript <-> gene map; returning transcript as it's own gene
[2021-05-20 19:18:05.932] [jointLog] [warning] couldn't find transcript named [DQ883659] in transcript <-> gene map; returning transcript as it's own gene
[2021-05-20 19:18:05.932] [jointLog] [warning] couldn't find transcript named [DQ854997] in transcript <-> gene map; returning transcript as it's own gene
[2021-05-20 19:18:05.932] [jointLog] [warning] couldn't find transcript named [DQ883643] in transcript <-> gene map; returning transcript as it's own gene
[2021-05-20 19:18:05.932] [jointLog] [warning] couldn't find transcript named [DQ839618] in transcript <-> gene map; returning transcript as it's own gene
[2021-05-20 19:18:05.932] [jointLog] [warning] couldn't find transcript named [DQ516795] in transcript <-> gene map; returning transcript as it's own gene
[2021-05-20 19:18:05.932] [jointLog] [warning] couldn't find transcript named [DQ883658] in transcript <-> gene map; returning transcript as it's own gene
[2021-05-20 19:18:05.932] [jointLog] [warning] couldn't find transcript named [DQ516750] in transcript <-> gene map; returning transcript as it's own gene
[2021-05-20 19:18:05.932] [jointLog] [warning] couldn't find transcript named [DQ668359] in transcript <-> gene map; returning transcript as it's own gene
[2021-05-20 19:18:05.932] [jointLog] [warning] couldn't find transcript named [DQ516779] in transcript <-> gene map; returning transcript as it's own gene
[2021-05-20 19:18:05.932] [jointLog] [warning] couldn't find transcript named [DQ668363] in transcript <-> gene map; returning transcript as it's own gene
[2021-05-20 19:18:05.932] [jointLog] [warning] couldn't find transcript named [DQ516776] in transcript <-> gene map; returning transcript as it's own gene
[2021-05-20 19:18:05.932] [jointLog] [warning] couldn't find transcript named [DQ516773] in transcript <-> gene map; returning transcript as it's own gene
[2021-05-20 19:18:05.932] [jointLog] [warning] couldn't find transcript named [DQ854994] in transcript <-> gene map; returning transcript as it's own gene
[2021-05-20 19:18:05.933] [jointLog] [info] Aggregating expressions to gene level
[2021-05-20 19:18:06.110] [jointLog] [info] done
