[2021-05-20 19:13:52.416] [jointLog] [info] setting maxHashResizeThreads to 6
[2021-05-20 19:13:52.416] [jointLog] [info] Fragment incompatibility prior below threshold.  Incompatible fragments will be ignored.
[2021-05-20 19:13:52.418] [jointLog] [info] numQuantThreads = 3
[2021-05-20 19:13:56.831] [jointLog] [info] replaced 4 non-ACGT nucleotides with random nucleotides
[2021-05-20 19:13:57.135] [fileLog] [info] quantification processed 0 fragments so far

[2021-05-20 19:14:00.297] [fileLog] [info] quantification processed 1000000 fragments so far

[2021-05-20 19:14:03.462] [fileLog] [info] quantification processed 2000000 fragments so far

[2021-05-20 19:14:05.049] [jointLog] [info] 

The alignment group queue pool has been exhausted.  3553834 extra fragments were allocated on the heap to saturate the pool.  No new fragments will be allocated


[2021-05-20 19:14:13.091] [fileLog] [info] quantification processed 3000000 fragments so far

[2021-05-20 19:14:28.736] [fileLog] [info] quantification processed 4000000 fragments so far

[2021-05-20 19:14:44.395] [fileLog] [info] quantification processed 5000000 fragments so far

[2021-05-20 19:15:00.107] [fileLog] [info] quantification processed 6000000 fragments so far

[2021-05-20 19:15:15.774] [fileLog] [info] quantification processed 7000000 fragments so far

[2021-05-20 19:15:19.771] [fileLog] [info] quantification processed 8000000 fragments so far

[2021-05-20 19:15:23.695] [fileLog] [info] quantification processed 9000000 fragments so far

[2021-05-20 19:15:27.532] [fileLog] [info] quantification processed 10000000 fragments so far

[2021-05-20 19:15:31.308] [fileLog] [info] quantification processed 11000000 fragments so far

[2021-05-20 19:15:35.042] [fileLog] [info] quantification processed 12000000 fragments so far

[2021-05-20 19:15:38.878] [fileLog] [info] quantification processed 13000000 fragments so far

[2021-05-20 19:15:42.727] [fileLog] [info] quantification processed 14000000 fragments so far

[2021-05-20 19:15:46.483] [fileLog] [info] quantification processed 15000000 fragments so far

[2021-05-20 19:15:50.322] [fileLog] [info] quantification processed 16000000 fragments so far

[2021-05-20 19:15:54.233] [fileLog] [info] quantification processed 17000000 fragments so far

[2021-05-20 19:15:58.034] [fileLog] [info] quantification processed 18000000 fragments so far

[2021-05-20 19:16:01.880] [fileLog] [info] quantification processed 19000000 fragments so far

[2021-05-20 19:16:05.664] [fileLog] [info] quantification processed 20000000 fragments so far

[2021-05-20 19:16:09.440] [fileLog] [info] quantification processed 21000000 fragments so far

[2021-05-20 19:16:13.224] [fileLog] [info] quantification processed 22000000 fragments so far

[2021-05-20 19:16:17.003] [fileLog] [info] quantification processed 23000000 fragments so far

[2021-05-20 19:16:20.784] [fileLog] [info] quantification processed 24000000 fragments so far

[2021-05-20 19:16:24.587] [fileLog] [info] quantification processed 25000000 fragments so far

[2021-05-20 19:16:28.329] [fileLog] [info] quantification processed 26000000 fragments so far

[2021-05-20 19:16:32.098] [fileLog] [info] quantification processed 27000000 fragments so far

[2021-05-20 19:16:35.877] [fileLog] [info] quantification processed 28000000 fragments so far

[2021-05-20 19:16:39.768] [fileLog] [info] quantification processed 29000000 fragments so far

[2021-05-20 19:16:43.513] [fileLog] [info] quantification processed 30000000 fragments so far

[2021-05-20 19:16:47.301] [fileLog] [info] quantification processed 31000000 fragments so far

[2021-05-20 19:16:51.110] [fileLog] [info] quantification processed 32000000 fragments so far

[2021-05-20 19:16:54.876] [fileLog] [info] quantification processed 33000000 fragments so far

[2021-05-20 19:16:58.596] [fileLog] [info] quantification processed 34000000 fragments so far

[2021-05-20 19:17:02.339] [fileLog] [info] quantification processed 35000000 fragments so far

[2021-05-20 19:17:05.963] [fileLog] [info] quantification processed 36000000 fragments so far

[2021-05-20 19:17:09.653] [fileLog] [info] quantification processed 37000000 fragments so far

[2021-05-20 19:17:13.397] [fileLog] [info] quantification processed 38000000 fragments so far

[2021-05-20 19:17:17.113] [fileLog] [info] quantification processed 39000000 fragments so far

[2021-05-20 19:17:20.793] [fileLog] [info] quantification processed 40000000 fragments so far

[2021-05-20 19:17:24.443] [fileLog] [info] quantification processed 41000000 fragments so far

[2021-05-20 19:17:28.108] [fileLog] [info] quantification processed 42000000 fragments so far

[2021-05-20 19:17:28.866] [fileLog] [info] quantification processed 42205087 fragments so far

[2021-05-20 19:17:35.892] [jointLog] [info] Thread saw mini-batch with a maximum of 32.50% zero probability fragments
[2021-05-20 19:17:35.894] [jointLog] [info] Thread saw mini-batch with a maximum of 31.70% zero probability fragments
[2021-05-20 19:17:35.896] [jointLog] [info] Thread saw mini-batch with a maximum of 34.60% zero probability fragments
[2021-05-20 19:17:35.897] [jointLog] [info] 


Completed first pass through the alignment file.
Total # of mapped reads : 42205087
# of uniquely mapped reads : 14895185
# ambiguously mapped reads : 27309902



[2021-05-20 19:17:36.043] [jointLog] [info] Computed 186350 rich equivalence classes for further processing
[2021-05-20 19:17:36.043] [jointLog] [info] Counted 41878063 total reads in the equivalence classes 
[2021-05-20 19:17:36.045] [jointLog] [info] starting optimizer
[2021-05-20 19:17:36.145] [jointLog] [info] Marked 0 weighted equivalence classes as degenerate
[2021-05-20 19:17:36.160] [jointLog] [info] iteration = 0 | max rel diff. = 4661.07
[2021-05-20 19:17:37.511] [jointLog] [info] iteration = 100 | max rel diff. = 8.56618
[2021-05-20 19:17:38.858] [jointLog] [info] iteration = 200 | max rel diff. = 18.0317
[2021-05-20 19:17:40.208] [jointLog] [info] iteration = 300 | max rel diff. = 1.76682
[2021-05-20 19:17:41.564] [jointLog] [info] iteration = 400 | max rel diff. = 0.665715
[2021-05-20 19:17:42.906] [jointLog] [info] iteration = 500 | max rel diff. = 0.788134
[2021-05-20 19:17:44.272] [jointLog] [info] iteration = 600 | max rel diff. = 1.17852
[2021-05-20 19:17:45.621] [jointLog] [info] iteration = 700 | max rel diff. = 0.914998
[2021-05-20 19:17:46.958] [jointLog] [info] iteration = 800 | max rel diff. = 0.260976
[2021-05-20 19:17:48.295] [jointLog] [info] iteration = 900 | max rel diff. = 0.130355
[2021-05-20 19:17:49.628] [jointLog] [info] iteration = 1000 | max rel diff. = 0.620466
[2021-05-20 19:17:50.971] [jointLog] [info] iteration = 1100 | max rel diff. = 0.633169
[2021-05-20 19:17:52.342] [jointLog] [info] iteration = 1200 | max rel diff. = 0.343089
[2021-05-20 19:17:53.737] [jointLog] [info] iteration = 1300 | max rel diff. = 0.0918733
[2021-05-20 19:17:55.096] [jointLog] [info] iteration = 1400 | max rel diff. = 0.235353
[2021-05-20 19:17:56.461] [jointLog] [info] iteration = 1500 | max rel diff. = 0.0502522
[2021-05-20 19:17:57.820] [jointLog] [info] iteration = 1600 | max rel diff. = 1.00632
[2021-05-20 19:17:59.181] [jointLog] [info] iteration = 1700 | max rel diff. = 1.23986
[2021-05-20 19:18:00.555] [jointLog] [info] iteration = 1800 | max rel diff. = 0.0537552
[2021-05-20 19:18:00.820] [jointLog] [info] iteration = 1820 | max rel diff. = 0.00912792
[2021-05-20 19:18:00.852] [jointLog] [info] finished optimizer
[2021-05-20 19:18:00.852] [jointLog] [info] writing output
[2021-05-20 19:18:02.825] [jointLog] [info] Computing gene-level abundance estimates
[2021-05-20 19:18:33.667] [jointLog] [warning] Feature has no GFF ID
[2021-05-20 19:18:33.667] [jointLog] [warning] Feature has no GFF ID
[2021-05-20 19:18:33.667] [jointLog] [warning] Feature has no GFF ID
[2021-05-20 19:18:33.667] [jointLog] [warning] Feature has no GFF ID
[2021-05-20 19:18:33.667] [jointLog] [warning] Feature has no GFF ID
[2021-05-20 19:18:33.667] [jointLog] [warning] Feature has no GFF ID
[2021-05-20 19:18:33.667] [jointLog] [warning] Feature has no GFF ID
[2021-05-20 19:18:33.667] [jointLog] [warning] Feature has no GFF ID
[2021-05-20 19:18:33.667] [jointLog] [warning] Feature has no GFF ID
[2021-05-20 19:18:33.667] [jointLog] [warning] Feature has no GFF ID
[2021-05-20 19:18:33.667] [jointLog] [warning] Feature has no GFF ID
[2021-05-20 19:18:33.667] [jointLog] [warning] Feature has no GFF ID
[2021-05-20 19:18:33.667] [jointLog] [warning] Feature has no GFF ID
[2021-05-20 19:18:33.667] [jointLog] [warning] Feature has no GFF ID
[2021-05-20 19:18:33.667] [jointLog] [warning] Feature has no GFF ID
[2021-05-20 19:18:33.667] [jointLog] [warning] Feature has no GFF ID
[2021-05-20 19:18:33.667] [jointLog] [warning] Feature has no GFF ID
[2021-05-20 19:18:33.667] [jointLog] [warning] Feature has no GFF ID
[2021-05-20 19:18:33.667] [jointLog] [warning] Feature has no GFF ID
[2021-05-20 19:18:33.667] [jointLog] [warning] Feature has no GFF ID
[2021-05-20 19:18:33.667] [jointLog] [warning] Feature has no GFF ID
[2021-05-20 19:18:33.667] [jointLog] [warning] Feature has no GFF ID
[2021-05-20 19:18:33.667] [jointLog] [warning] Feature has no GFF ID
[2021-05-20 19:18:33.667] [jointLog] [warning] Feature has no GFF ID
[2021-05-20 19:18:33.667] [jointLog] [warning] Feature has no GFF ID
[2021-05-20 19:18:33.667] [jointLog] [warning] Feature has no GFF ID
[2021-05-20 19:18:33.667] [jointLog] [warning] Feature has no GFF ID
[2021-05-20 19:18:33.667] [jointLog] [warning] Feature has no GFF ID
[2021-05-20 19:18:33.667] [jointLog] [warning] Feature has no GFF ID
[2021-05-20 19:18:33.667] [jointLog] [warning] Feature has no GFF ID
[2021-05-20 19:18:33.667] [jointLog] [warning] Feature has no GFF ID
[2021-05-20 19:18:33.667] [jointLog] [warning] Feature has no GFF ID
[2021-05-20 19:18:33.667] [jointLog] [warning] Feature has no GFF ID
[2021-05-20 19:18:33.667] [jointLog] [warning] Feature has no GFF ID
[2021-05-20 19:18:33.667] [jointLog] [warning] Feature has no GFF ID
[2021-05-20 19:18:33.667] [jointLog] [warning] Feature has no GFF ID
[2021-05-20 19:18:33.667] [jointLog] [warning] Feature has no GFF ID
[2021-05-20 19:18:33.667] [jointLog] [warning] Feature has no GFF ID
[2021-05-20 19:18:33.667] [jointLog] [warning] Feature has no GFF ID
[2021-05-20 19:18:33.667] [jointLog] [warning] Feature has no GFF ID
[2021-05-20 19:18:33.667] [jointLog] [warning] Feature has no GFF ID
[2021-05-20 19:18:33.667] [jointLog] [warning] Feature has no GFF ID
[2021-05-20 19:18:33.667] [jointLog] [warning] Feature has no GFF ID
[2021-05-20 19:18:33.667] [jointLog] [warning] Feature has no GFF ID
[2021-05-20 19:18:33.667] [jointLog] [warning] Feature has no GFF ID
[2021-05-20 19:18:33.667] [jointLog] [warning] Feature has no GFF ID
[2021-05-20 19:18:33.667] [jointLog] [warning] Feature has no GFF ID
[2021-05-20 19:18:33.667] [jointLog] [warning] Feature has no GFF ID
[2021-05-20 19:18:33.667] [jointLog] [warning] Feature has no GFF ID
[2021-05-20 19:18:33.667] [jointLog] [warning] Feature has no GFF ID
[2021-05-20 19:18:33.667] [jointLog] [warning] Feature has no GFF ID
[2021-05-20 19:18:33.667] [jointLog] [warning] Feature has no GFF ID
[2021-05-20 19:18:33.667] [jointLog] [warning] Feature has no GFF ID
[2021-05-20 19:18:33.667] [jointLog] [warning] Feature has no GFF ID
[2021-05-20 19:18:33.667] [jointLog] [warning] Feature has no GFF ID
[2021-05-20 19:18:33.667] [jointLog] [warning] Feature has no GFF ID
[2021-05-20 19:18:33.667] [jointLog] [warning] Feature has no GFF ID
[2021-05-20 19:18:33.667] [jointLog] [warning] Feature has no GFF ID
[2021-05-20 19:18:33.667] [jointLog] [warning] Feature has no GFF ID
[2021-05-20 19:18:33.667] [jointLog] [warning] Feature has no GFF ID
[2021-05-20 19:18:33.667] [jointLog] [warning] Feature has no GFF ID
[2021-05-20 19:18:33.667] [jointLog] [warning] Feature has no GFF ID
[2021-05-20 19:18:33.667] [jointLog] [warning] Feature has no GFF ID
[2021-05-20 19:18:33.667] [jointLog] [warning] Feature has no GFF ID
[2021-05-20 19:18:33.667] [jointLog] [warning] Feature has no GFF ID
[2021-05-20 19:18:33.667] [jointLog] [warning] Feature has no GFF ID
[2021-05-20 19:18:33.667] [jointLog] [warning] Feature has no GFF ID
[2021-05-20 19:18:33.667] [jointLog] [warning] Feature has no GFF ID
[2021-05-20 19:18:33.667] [jointLog] [warning] Feature has no GFF ID
[2021-05-20 19:18:33.667] [jointLog] [warning] Feature has no GFF ID
[2021-05-20 19:18:33.667] [jointLog] [warning] Feature has no GFF ID
[2021-05-20 19:18:33.667] [jointLog] [warning] Feature has no GFF ID
[2021-05-20 19:18:33.667] [jointLog] [warning] Feature has no GFF ID
[2021-05-20 19:18:33.667] [jointLog] [warning] Feature has no GFF ID
[2021-05-20 19:18:33.667] [jointLog] [warning] Feature has no GFF ID
[2021-05-20 19:18:33.667] [jointLog] [warning] Feature has no GFF ID
[2021-05-20 19:18:33.667] [jointLog] [warning] Feature has no GFF ID
[2021-05-20 19:18:33.667] [jointLog] [warning] Feature has no GFF ID
[2021-05-20 19:18:33.667] [jointLog] [warning] Feature has no GFF ID
[2021-05-20 19:18:33.667] [jointLog] [warning] Feature has no GFF ID
[2021-05-20 19:18:33.667] [jointLog] [warning] Feature has no GFF ID
[2021-05-20 19:18:33.667] [jointLog] [warning] Feature has no GFF ID
[2021-05-20 19:18:33.667] [jointLog] [warning] Feature has no GFF ID
[2021-05-20 19:18:33.667] [jointLog] [warning] Feature has no GFF ID
[2021-05-20 19:18:33.667] [jointLog] [warning] Feature has no GFF ID
[2021-05-20 19:18:33.667] [jointLog] [warning] Feature has no GFF ID
[2021-05-20 19:18:33.667] [jointLog] [warning] Feature has no GFF ID
[2021-05-20 19:18:33.667] [jointLog] [warning] Feature has no GFF ID
[2021-05-20 19:18:33.667] [jointLog] [warning] Feature has no GFF ID
[2021-05-20 19:18:33.667] [jointLog] [warning] Feature has no GFF ID
[2021-05-20 19:18:33.667] [jointLog] [warning] Feature has no GFF ID
[2021-05-20 19:18:33.667] [jointLog] [warning] Feature has no GFF ID
[2021-05-20 19:18:34.010] [jointLog] [info] There were 142604 transcripts mapping to 55401 genes
[2021-05-20 19:18:34.010] [jointLog] [info] NOTE: We recommend using tximport (https://bioconductor.org/packages/release/bioc/html/tximport.html) for aggregating transcript-level salmon abundance estimates to the gene level.  It is more versatile, exposes more features, and allows considering multi-sample information during aggregation.
[2021-05-20 19:18:34.313] [jointLog] [warning] couldn't find transcript named [DQ459430] in transcript <-> gene map; returning transcript as it's own gene
[2021-05-20 19:18:34.313] [jointLog] [warning] couldn't find transcript named [DQ516784] in transcript <-> gene map; returning transcript as it's own gene
[2021-05-20 19:18:34.313] [jointLog] [warning] couldn't find transcript named [DQ516752] in transcript <-> gene map; returning transcript as it's own gene
[2021-05-20 19:18:34.313] [jointLog] [warning] couldn't find transcript named [DQ668364] in transcript <-> gene map; returning transcript as it's own gene
[2021-05-20 19:18:34.313] [jointLog] [warning] couldn't find transcript named [DQ883670] in transcript <-> gene map; returning transcript as it's own gene
[2021-05-20 19:18:34.313] [jointLog] [warning] couldn't find transcript named [EF011062] in transcript <-> gene map; returning transcript as it's own gene
[2021-05-20 19:18:34.313] [jointLog] [warning] couldn't find transcript named [DQ875385] in transcript <-> gene map; returning transcript as it's own gene
[2021-05-20 19:18:34.313] [jointLog] [warning] couldn't find transcript named [DQ883664] in transcript <-> gene map; returning transcript as it's own gene
[2021-05-20 19:18:34.313] [jointLog] [warning] couldn't find transcript named [DQ459420] in transcript <-> gene map; returning transcript as it's own gene
[2021-05-20 19:18:34.313] [jointLog] [warning] couldn't find transcript named [DQ883651] in transcript <-> gene map; returning transcript as it's own gene
[2021-05-20 19:18:34.313] [jointLog] [warning] couldn't find transcript named [DQ855004] in transcript <-> gene map; returning transcript as it's own gene
[2021-05-20 19:18:34.313] [jointLog] [warning] couldn't find transcript named [DQ854993] in transcript <-> gene map; returning transcript as it's own gene
[2021-05-20 19:18:34.313] [jointLog] [warning] couldn't find transcript named [DQ883689] in transcript <-> gene map; returning transcript as it's own gene
[2021-05-20 19:18:34.313] [jointLog] [warning] couldn't find transcript named [DQ459419] in transcript <-> gene map; returning transcript as it's own gene
[2021-05-20 19:18:34.313] [jointLog] [warning] couldn't find transcript named [DQ459431] in transcript <-> gene map; returning transcript as it's own gene
[2021-05-20 19:18:34.313] [jointLog] [warning] couldn't find transcript named [DQ516796] in transcript <-> gene map; returning transcript as it's own gene
[2021-05-20 19:18:34.313] [jointLog] [warning] couldn't find transcript named [DQ855001] in transcript <-> gene map; returning transcript as it's own gene
[2021-05-20 19:18:34.313] [jointLog] [warning] couldn't find transcript named [DQ459413] in transcript <-> gene map; returning transcript as it's own gene
[2021-05-20 19:18:34.313] [jointLog] [warning] couldn't find transcript named [DQ883656] in transcript <-> gene map; returning transcript as it's own gene
[2021-05-20 19:18:34.313] [jointLog] [warning] couldn't find transcript named [DQ883661] in transcript <-> gene map; returning transcript as it's own gene
[2021-05-20 19:18:34.313] [jointLog] [warning] couldn't find transcript named [EF011069] in transcript <-> gene map; returning transcript as it's own gene
[2021-05-20 19:18:34.313] [jointLog] [warning] couldn't find transcript named [DQ516783] in transcript <-> gene map; returning transcript as it's own gene
[2021-05-20 19:18:34.313] [jointLog] [warning] couldn't find transcript named [DQ516787] in transcript <-> gene map; returning transcript as it's own gene
[2021-05-20 19:18:34.314] [jointLog] [warning] couldn't find transcript named [DQ459424] in transcript <-> gene map; returning transcript as it's own gene
[2021-05-20 19:18:34.314] [jointLog] [warning] couldn't find transcript named [DQ516748] in transcript <-> gene map; returning transcript as it's own gene
[2021-05-20 19:18:34.314] [jointLog] [warning] couldn't find transcript named [DQ883671] in transcript <-> gene map; returning transcript as it's own gene
[2021-05-20 19:18:34.314] [jointLog] [warning] couldn't find transcript named [DQ516740] in transcript <-> gene map; returning transcript as it's own gene
[2021-05-20 19:18:34.314] [jointLog] [warning] couldn't find transcript named [DQ516785] in transcript <-> gene map; returning transcript as it's own gene
[2021-05-20 19:18:34.314] [jointLog] [warning] couldn't find transcript named [DQ516731] in transcript <-> gene map; returning transcript as it's own gene
[2021-05-20 19:18:34.314] [jointLog] [warning] couldn't find transcript named [DQ668366] in transcript <-> gene map; returning transcript as it's own gene
[2021-05-20 19:18:34.314] [jointLog] [warning] couldn't find transcript named [DQ459418] in transcript <-> gene map; returning transcript as it's own gene
[2021-05-20 19:18:34.314] [jointLog] [warning] couldn't find transcript named [DQ668356] in transcript <-> gene map; returning transcript as it's own gene
[2021-05-20 19:18:34.314] [jointLog] [warning] couldn't find transcript named [DQ516763] in transcript <-> gene map; returning transcript as it's own gene
[2021-05-20 19:18:34.314] [jointLog] [warning] couldn't find transcript named [DQ459426] in transcript <-> gene map; returning transcript as it's own gene
[2021-05-20 19:18:34.314] [jointLog] [warning] couldn't find transcript named [DQ516786] in transcript <-> gene map; returning transcript as it's own gene
[2021-05-20 19:18:34.314] [jointLog] [warning] couldn't find transcript named [DQ883653] in transcript <-> gene map; returning transcript as it's own gene
[2021-05-20 19:18:34.314] [jointLog] [warning] couldn't find transcript named [DQ459421] in transcript <-> gene map; returning transcript as it's own gene
[2021-05-20 19:18:34.314] [jointLog] [warning] couldn't find transcript named [DQ883654] in transcript <-> gene map; returning transcript as it's own gene
[2021-05-20 19:18:34.314] [jointLog] [warning] couldn't find transcript named [DQ668358] in transcript <-> gene map; returning transcript as it's own gene
[2021-05-20 19:18:34.314] [jointLog] [warning] couldn't find transcript named [DQ516754] in transcript <-> gene map; returning transcript as it's own gene
[2021-05-20 19:18:34.314] [jointLog] [warning] couldn't find transcript named [DQ516778] in transcript <-> gene map; returning transcript as it's own gene
[2021-05-20 19:18:34.314] [jointLog] [warning] couldn't find transcript named [DQ883650] in transcript <-> gene map; returning transcript as it's own gene
[2021-05-20 19:18:34.314] [jointLog] [warning] couldn't find transcript named [DQ516742] in transcript <-> gene map; returning transcript as it's own gene
[2021-05-20 19:18:34.314] [jointLog] [warning] couldn't find transcript named [DQ883673] in transcript <-> gene map; returning transcript as it's own gene
[2021-05-20 19:18:34.314] [jointLog] [warning] couldn't find transcript named [DQ883652] in transcript <-> gene map; returning transcript as it's own gene
[2021-05-20 19:18:34.314] [jointLog] [warning] couldn't find transcript named [DQ854991] in transcript <-> gene map; returning transcript as it's own gene
[2021-05-20 19:18:34.314] [jointLog] [warning] couldn't find transcript named [DQ516780] in transcript <-> gene map; returning transcript as it's own gene
[2021-05-20 19:18:34.314] [jointLog] [warning] couldn't find transcript named [DQ883682] in transcript <-> gene map; returning transcript as it's own gene
[2021-05-20 19:18:34.314] [jointLog] [warning] couldn't find transcript named [DQ883669] in transcript <-> gene map; returning transcript as it's own gene
[2021-05-20 19:18:34.314] [jointLog] [warning] couldn't find transcript named [DQ516791] in transcript <-> gene map; returning transcript as it's own gene
[2021-05-20 19:18:34.314] [jointLog] [warning] couldn't find transcript named [DQ459425] in transcript <-> gene map; returning transcript as it's own gene
[2021-05-20 19:18:34.314] [jointLog] [warning] couldn't find transcript named [DQ516759] in transcript <-> gene map; returning transcript as it's own gene
[2021-05-20 19:18:34.314] [jointLog] [warning] couldn't find transcript named [DQ459429] in transcript <-> gene map; returning transcript as it's own gene
[2021-05-20 19:18:34.314] [jointLog] [warning] couldn't find transcript named [DQ516758] in transcript <-> gene map; returning transcript as it's own gene
[2021-05-20 19:18:34.314] [jointLog] [warning] couldn't find transcript named [DQ459415] in transcript <-> gene map; returning transcript as it's own gene
[2021-05-20 19:18:34.314] [jointLog] [warning] couldn't find transcript named [DQ875387] in transcript <-> gene map; returning transcript as it's own gene
[2021-05-20 19:18:34.314] [jointLog] [warning] couldn't find transcript named [DQ516815] in transcript <-> gene map; returning transcript as it's own gene
[2021-05-20 19:18:34.314] [jointLog] [warning] couldn't find transcript named [DQ668365] in transcript <-> gene map; returning transcript as it's own gene
[2021-05-20 19:18:34.314] [jointLog] [warning] couldn't find transcript named [DQ854998] in transcript <-> gene map; returning transcript as it's own gene
[2021-05-20 19:18:34.314] [jointLog] [warning] couldn't find transcript named [DQ883685] in transcript <-> gene map; returning transcript as it's own gene
[2021-05-20 19:18:34.314] [jointLog] [warning] couldn't find transcript named [DQ459422] in transcript <-> gene map; returning transcript as it's own gene
[2021-05-20 19:18:34.314] [jointLog] [warning] couldn't find transcript named [DQ883663] in transcript <-> gene map; returning transcript as it's own gene
[2021-05-20 19:18:34.314] [jointLog] [warning] couldn't find transcript named [DQ668367] in transcript <-> gene map; returning transcript as it's own gene
[2021-05-20 19:18:34.314] [jointLog] [warning] couldn't find transcript named [DQ459412] in transcript <-> gene map; returning transcript as it's own gene
[2021-05-20 19:18:34.314] [jointLog] [warning] couldn't find transcript named [DQ854992] in transcript <-> gene map; returning transcript as it's own gene
[2021-05-20 19:18:34.314] [jointLog] [warning] couldn't find transcript named [DQ516782] in transcript <-> gene map; returning transcript as it's own gene
[2021-05-20 19:18:34.314] [jointLog] [warning] couldn't find transcript named [DQ459427] in transcript <-> gene map; returning transcript as it's own gene
[2021-05-20 19:18:34.314] [jointLog] [warning] couldn't find transcript named [EF011072] in transcript <-> gene map; returning transcript as it's own gene
[2021-05-20 19:18:34.314] [jointLog] [warning] couldn't find transcript named [DQ855003] in transcript <-> gene map; returning transcript as it's own gene
[2021-05-20 19:18:34.314] [jointLog] [warning] couldn't find transcript named [DQ516739] in transcript <-> gene map; returning transcript as it's own gene
[2021-05-20 19:18:34.314] [jointLog] [warning] couldn't find transcript named [EF011063] in transcript <-> gene map; returning transcript as it's own gene
[2021-05-20 19:18:34.314] [jointLog] [warning] couldn't find transcript named [DQ855000] in transcript <-> gene map; returning transcript as it's own gene
[2021-05-20 19:18:34.314] [jointLog] [warning] couldn't find transcript named [DQ516777] in transcript <-> gene map; returning transcript as it's own gene
[2021-05-20 19:18:34.314] [jointLog] [warning] couldn't find transcript named [DQ883646] in transcript <-> gene map; returning transcript as it's own gene
[2021-05-20 19:18:34.314] [jointLog] [warning] couldn't find transcript named [DQ668362] in transcript <-> gene map; returning transcript as it's own gene
[2021-05-20 19:18:34.314] [jointLog] [warning] couldn't find transcript named [DQ854995] in transcript <-> gene map; returning transcript as it's own gene
[2021-05-20 19:18:34.314] [jointLog] [warning] couldn't find transcript named [DQ875386] in transcript <-> gene map; returning transcript as it's own gene
[2021-05-20 19:18:34.314] [jointLog] [warning] couldn't find transcript named [DQ516790] in transcript <-> gene map; returning transcript as it's own gene
[2021-05-20 19:18:34.314] [jointLog] [warning] couldn't find transcript named [DQ883642] in transcript <-> gene map; returning transcript as it's own gene
[2021-05-20 19:18:34.314] [jointLog] [warning] couldn't find transcript named [DQ883659] in transcript <-> gene map; returning transcript as it's own gene
[2021-05-20 19:18:34.314] [jointLog] [warning] couldn't find transcript named [DQ854997] in transcript <-> gene map; returning transcript as it's own gene
[2021-05-20 19:18:34.314] [jointLog] [warning] couldn't find transcript named [DQ883643] in transcript <-> gene map; returning transcript as it's own gene
[2021-05-20 19:18:34.314] [jointLog] [warning] couldn't find transcript named [DQ839618] in transcript <-> gene map; returning transcript as it's own gene
[2021-05-20 19:18:34.314] [jointLog] [warning] couldn't find transcript named [DQ516795] in transcript <-> gene map; returning transcript as it's own gene
[2021-05-20 19:18:34.314] [jointLog] [warning] couldn't find transcript named [DQ883658] in transcript <-> gene map; returning transcript as it's own gene
[2021-05-20 19:18:34.314] [jointLog] [warning] couldn't find transcript named [DQ516750] in transcript <-> gene map; returning transcript as it's own gene
[2021-05-20 19:18:34.314] [jointLog] [warning] couldn't find transcript named [DQ668359] in transcript <-> gene map; returning transcript as it's own gene
[2021-05-20 19:18:34.314] [jointLog] [warning] couldn't find transcript named [DQ516779] in transcript <-> gene map; returning transcript as it's own gene
[2021-05-20 19:18:34.314] [jointLog] [warning] couldn't find transcript named [DQ668363] in transcript <-> gene map; returning transcript as it's own gene
[2021-05-20 19:18:34.314] [jointLog] [warning] couldn't find transcript named [DQ516776] in transcript <-> gene map; returning transcript as it's own gene
[2021-05-20 19:18:34.314] [jointLog] [warning] couldn't find transcript named [DQ516773] in transcript <-> gene map; returning transcript as it's own gene
[2021-05-20 19:18:34.314] [jointLog] [warning] couldn't find transcript named [DQ854994] in transcript <-> gene map; returning transcript as it's own gene
[2021-05-20 19:18:34.314] [jointLog] [info] Aggregating expressions to gene level
[2021-05-20 19:18:34.486] [jointLog] [info] done
