[2021-04-27 21:47:35.272] [jointLog] [info] setting maxHashResizeThreads to 6
[2021-04-27 21:47:35.272] [jointLog] [info] Fragment incompatibility prior below threshold.  Incompatible fragments will be ignored.
[2021-04-27 21:47:35.277] [jointLog] [info] numQuantThreads = 3
[2021-04-27 21:47:39.215] [jointLog] [info] replaced 4 non-ACGT nucleotides with random nucleotides
[2021-04-27 21:47:39.467] [fileLog] [info] quantification processed 0 fragments so far

[2021-04-27 21:47:42.493] [fileLog] [info] quantification processed 1000000 fragments so far

[2021-04-27 21:47:45.550] [fileLog] [info] quantification processed 2000000 fragments so far

[2021-04-27 21:47:47.215] [jointLog] [info] 

The alignment group queue pool has been exhausted.  3511035 extra fragments were allocated on the heap to saturate the pool.  No new fragments will be allocated


[2021-04-27 21:47:53.409] [fileLog] [info] quantification processed 3000000 fragments so far

[2021-04-27 21:48:06.866] [fileLog] [info] quantification processed 4000000 fragments so far

[2021-04-27 21:48:20.429] [fileLog] [info] quantification processed 5000000 fragments so far

[2021-04-27 21:48:33.855] [fileLog] [info] quantification processed 6000000 fragments so far

[2021-04-27 21:48:47.282] [fileLog] [info] quantification processed 7000000 fragments so far

[2021-04-27 21:48:50.418] [fileLog] [info] quantification processed 8000000 fragments so far

[2021-04-27 21:48:53.455] [fileLog] [info] quantification processed 9000000 fragments so far

[2021-04-27 21:48:56.544] [fileLog] [info] quantification processed 10000000 fragments so far

[2021-04-27 21:48:59.623] [fileLog] [info] quantification processed 11000000 fragments so far

[2021-04-27 21:49:02.648] [fileLog] [info] quantification processed 12000000 fragments so far

[2021-04-27 21:49:05.742] [fileLog] [info] quantification processed 13000000 fragments so far

[2021-04-27 21:49:08.776] [fileLog] [info] quantification processed 14000000 fragments so far

[2021-04-27 21:49:11.836] [fileLog] [info] quantification processed 15000000 fragments so far

[2021-04-27 21:49:14.878] [fileLog] [info] quantification processed 16000000 fragments so far

[2021-04-27 21:49:17.940] [fileLog] [info] quantification processed 17000000 fragments so far

[2021-04-27 21:49:20.972] [fileLog] [info] quantification processed 18000000 fragments so far

[2021-04-27 21:49:24.028] [fileLog] [info] quantification processed 19000000 fragments so far

[2021-04-27 21:49:27.092] [fileLog] [info] quantification processed 20000000 fragments so far

[2021-04-27 21:49:30.161] [fileLog] [info] quantification processed 21000000 fragments so far

[2021-04-27 21:49:33.174] [fileLog] [info] quantification processed 22000000 fragments so far

[2021-04-27 21:49:36.284] [fileLog] [info] quantification processed 23000000 fragments so far

[2021-04-27 21:49:39.328] [fileLog] [info] quantification processed 24000000 fragments so far

[2021-04-27 21:49:42.404] [fileLog] [info] quantification processed 25000000 fragments so far

[2021-04-27 21:49:45.487] [fileLog] [info] quantification processed 26000000 fragments so far

[2021-04-27 21:49:48.509] [fileLog] [info] quantification processed 27000000 fragments so far

[2021-04-27 21:49:51.597] [fileLog] [info] quantification processed 28000000 fragments so far

[2021-04-27 21:49:54.666] [fileLog] [info] quantification processed 29000000 fragments so far

[2021-04-27 21:49:57.669] [fileLog] [info] quantification processed 30000000 fragments so far

[2021-04-27 21:50:00.854] [fileLog] [info] quantification processed 31000000 fragments so far

[2021-04-27 21:50:03.916] [fileLog] [info] quantification processed 32000000 fragments so far

[2021-04-27 21:50:06.987] [fileLog] [info] quantification processed 33000000 fragments so far

[2021-04-27 21:50:10.025] [fileLog] [info] quantification processed 34000000 fragments so far

[2021-04-27 21:50:13.066] [fileLog] [info] quantification processed 35000000 fragments so far

[2021-04-27 21:50:16.079] [fileLog] [info] quantification processed 36000000 fragments so far

[2021-04-27 21:50:19.156] [fileLog] [info] quantification processed 37000000 fragments so far

[2021-04-27 21:50:22.234] [fileLog] [info] quantification processed 38000000 fragments so far

[2021-04-27 21:50:25.338] [fileLog] [info] quantification processed 39000000 fragments so far

[2021-04-27 21:50:28.392] [fileLog] [info] quantification processed 40000000 fragments so far

[2021-04-27 21:50:31.444] [fileLog] [info] quantification processed 41000000 fragments so far

[2021-04-27 21:50:34.004] [fileLog] [info] quantification processed 41836921 fragments so far

[2021-04-27 21:50:39.580] [jointLog] [info] Thread saw mini-batch with a maximum of 17.70% zero probability fragments
[2021-04-27 21:50:39.583] [jointLog] [info] Thread saw mini-batch with a maximum of 15.90% zero probability fragments
[2021-04-27 21:50:39.585] [jointLog] [info] Thread saw mini-batch with a maximum of 17.80% zero probability fragments
[2021-04-27 21:50:39.585] [jointLog] [info] 


Completed first pass through the alignment file.
Total # of mapped reads : 41836921
# of uniquely mapped reads : 14343083
# ambiguously mapped reads : 27493838



[2021-04-27 21:50:39.707] [jointLog] [info] Computed 207206 rich equivalence classes for further processing
[2021-04-27 21:50:39.707] [jointLog] [info] Counted 41629818 total reads in the equivalence classes 
[2021-04-27 21:50:39.710] [jointLog] [info] starting optimizer
[2021-04-27 21:50:39.803] [jointLog] [info] Marked 0 weighted equivalence classes as degenerate
[2021-04-27 21:50:39.820] [jointLog] [info] iteration = 0 | max rel diff. = 4856.44
[2021-04-27 21:50:41.185] [jointLog] [info] iteration = 100 | max rel diff. = 18.8401
[2021-04-27 21:50:42.527] [jointLog] [info] iteration = 200 | max rel diff. = 2.66638
[2021-04-27 21:50:43.888] [jointLog] [info] iteration = 300 | max rel diff. = 6.8329
[2021-04-27 21:50:45.233] [jointLog] [info] iteration = 400 | max rel diff. = 5.97045
[2021-04-27 21:50:46.573] [jointLog] [info] iteration = 500 | max rel diff. = 0.388867
[2021-04-27 21:50:47.941] [jointLog] [info] iteration = 600 | max rel diff. = 4.39522
[2021-04-27 21:50:49.288] [jointLog] [info] iteration = 700 | max rel diff. = 0.161446
[2021-04-27 21:50:50.623] [jointLog] [info] iteration = 800 | max rel diff. = 0.616172
[2021-04-27 21:50:51.980] [jointLog] [info] iteration = 900 | max rel diff. = 0.56135
[2021-04-27 21:50:53.329] [jointLog] [info] iteration = 1000 | max rel diff. = 4.93939
[2021-04-27 21:50:54.673] [jointLog] [info] iteration = 1100 | max rel diff. = 0.531694
[2021-04-27 21:50:56.019] [jointLog] [info] iteration = 1200 | max rel diff. = 2.4876
[2021-04-27 21:50:57.365] [jointLog] [info] iteration = 1300 | max rel diff. = 0.262437
[2021-04-27 21:50:58.713] [jointLog] [info] iteration = 1400 | max rel diff. = 1.33273
[2021-04-27 21:51:00.049] [jointLog] [info] iteration = 1500 | max rel diff. = 0.091656
[2021-04-27 21:51:01.392] [jointLog] [info] iteration = 1600 | max rel diff. = 0.114794
[2021-04-27 21:51:01.618] [jointLog] [info] iteration = 1618 | max rel diff. = 0.00812509
[2021-04-27 21:51:01.646] [jointLog] [info] finished optimizer
[2021-04-27 21:51:01.646] [jointLog] [info] writing output
[2021-04-27 21:51:03.196] [jointLog] [info] Computing gene-level abundance estimates
[2021-04-27 21:51:28.431] [jointLog] [warning] Feature has no GFF ID
[2021-04-27 21:51:28.431] [jointLog] [warning] Feature has no GFF ID
[2021-04-27 21:51:28.431] [jointLog] [warning] Feature has no GFF ID
[2021-04-27 21:51:28.431] [jointLog] [warning] Feature has no GFF ID
[2021-04-27 21:51:28.431] [jointLog] [warning] Feature has no GFF ID
[2021-04-27 21:51:28.431] [jointLog] [warning] Feature has no GFF ID
[2021-04-27 21:51:28.431] [jointLog] [warning] Feature has no GFF ID
[2021-04-27 21:51:28.431] [jointLog] [warning] Feature has no GFF ID
[2021-04-27 21:51:28.431] [jointLog] [warning] Feature has no GFF ID
[2021-04-27 21:51:28.431] [jointLog] [warning] Feature has no GFF ID
[2021-04-27 21:51:28.431] [jointLog] [warning] Feature has no GFF ID
[2021-04-27 21:51:28.431] [jointLog] [warning] Feature has no GFF ID
[2021-04-27 21:51:28.431] [jointLog] [warning] Feature has no GFF ID
[2021-04-27 21:51:28.431] [jointLog] [warning] Feature has no GFF ID
[2021-04-27 21:51:28.431] [jointLog] [warning] Feature has no GFF ID
[2021-04-27 21:51:28.431] [jointLog] [warning] Feature has no GFF ID
[2021-04-27 21:51:28.431] [jointLog] [warning] Feature has no GFF ID
[2021-04-27 21:51:28.431] [jointLog] [warning] Feature has no GFF ID
[2021-04-27 21:51:28.431] [jointLog] [warning] Feature has no GFF ID
[2021-04-27 21:51:28.431] [jointLog] [warning] Feature has no GFF ID
[2021-04-27 21:51:28.431] [jointLog] [warning] Feature has no GFF ID
[2021-04-27 21:51:28.431] [jointLog] [warning] Feature has no GFF ID
[2021-04-27 21:51:28.431] [jointLog] [warning] Feature has no GFF ID
[2021-04-27 21:51:28.431] [jointLog] [warning] Feature has no GFF ID
[2021-04-27 21:51:28.431] [jointLog] [warning] Feature has no GFF ID
[2021-04-27 21:51:28.431] [jointLog] [warning] Feature has no GFF ID
[2021-04-27 21:51:28.431] [jointLog] [warning] Feature has no GFF ID
[2021-04-27 21:51:28.431] [jointLog] [warning] Feature has no GFF ID
[2021-04-27 21:51:28.431] [jointLog] [warning] Feature has no GFF ID
[2021-04-27 21:51:28.431] [jointLog] [warning] Feature has no GFF ID
[2021-04-27 21:51:28.431] [jointLog] [warning] Feature has no GFF ID
[2021-04-27 21:51:28.431] [jointLog] [warning] Feature has no GFF ID
[2021-04-27 21:51:28.431] [jointLog] [warning] Feature has no GFF ID
[2021-04-27 21:51:28.431] [jointLog] [warning] Feature has no GFF ID
[2021-04-27 21:51:28.431] [jointLog] [warning] Feature has no GFF ID
[2021-04-27 21:51:28.431] [jointLog] [warning] Feature has no GFF ID
[2021-04-27 21:51:28.431] [jointLog] [warning] Feature has no GFF ID
[2021-04-27 21:51:28.431] [jointLog] [warning] Feature has no GFF ID
[2021-04-27 21:51:28.431] [jointLog] [warning] Feature has no GFF ID
[2021-04-27 21:51:28.431] [jointLog] [warning] Feature has no GFF ID
[2021-04-27 21:51:28.431] [jointLog] [warning] Feature has no GFF ID
[2021-04-27 21:51:28.431] [jointLog] [warning] Feature has no GFF ID
[2021-04-27 21:51:28.431] [jointLog] [warning] Feature has no GFF ID
[2021-04-27 21:51:28.431] [jointLog] [warning] Feature has no GFF ID
[2021-04-27 21:51:28.431] [jointLog] [warning] Feature has no GFF ID
[2021-04-27 21:51:28.431] [jointLog] [warning] Feature has no GFF ID
[2021-04-27 21:51:28.431] [jointLog] [warning] Feature has no GFF ID
[2021-04-27 21:51:28.431] [jointLog] [warning] Feature has no GFF ID
[2021-04-27 21:51:28.431] [jointLog] [warning] Feature has no GFF ID
[2021-04-27 21:51:28.431] [jointLog] [warning] Feature has no GFF ID
[2021-04-27 21:51:28.431] [jointLog] [warning] Feature has no GFF ID
[2021-04-27 21:51:28.431] [jointLog] [warning] Feature has no GFF ID
[2021-04-27 21:51:28.431] [jointLog] [warning] Feature has no GFF ID
[2021-04-27 21:51:28.431] [jointLog] [warning] Feature has no GFF ID
[2021-04-27 21:51:28.431] [jointLog] [warning] Feature has no GFF ID
[2021-04-27 21:51:28.431] [jointLog] [warning] Feature has no GFF ID
[2021-04-27 21:51:28.431] [jointLog] [warning] Feature has no GFF ID
[2021-04-27 21:51:28.431] [jointLog] [warning] Feature has no GFF ID
[2021-04-27 21:51:28.431] [jointLog] [warning] Feature has no GFF ID
[2021-04-27 21:51:28.431] [jointLog] [warning] Feature has no GFF ID
[2021-04-27 21:51:28.431] [jointLog] [warning] Feature has no GFF ID
[2021-04-27 21:51:28.431] [jointLog] [warning] Feature has no GFF ID
[2021-04-27 21:51:28.431] [jointLog] [warning] Feature has no GFF ID
[2021-04-27 21:51:28.431] [jointLog] [warning] Feature has no GFF ID
[2021-04-27 21:51:28.431] [jointLog] [warning] Feature has no GFF ID
[2021-04-27 21:51:28.431] [jointLog] [warning] Feature has no GFF ID
[2021-04-27 21:51:28.431] [jointLog] [warning] Feature has no GFF ID
[2021-04-27 21:51:28.431] [jointLog] [warning] Feature has no GFF ID
[2021-04-27 21:51:28.431] [jointLog] [warning] Feature has no GFF ID
[2021-04-27 21:51:28.431] [jointLog] [warning] Feature has no GFF ID
[2021-04-27 21:51:28.431] [jointLog] [warning] Feature has no GFF ID
[2021-04-27 21:51:28.431] [jointLog] [warning] Feature has no GFF ID
[2021-04-27 21:51:28.431] [jointLog] [warning] Feature has no GFF ID
[2021-04-27 21:51:28.431] [jointLog] [warning] Feature has no GFF ID
[2021-04-27 21:51:28.431] [jointLog] [warning] Feature has no GFF ID
[2021-04-27 21:51:28.431] [jointLog] [warning] Feature has no GFF ID
[2021-04-27 21:51:28.431] [jointLog] [warning] Feature has no GFF ID
[2021-04-27 21:51:28.431] [jointLog] [warning] Feature has no GFF ID
[2021-04-27 21:51:28.431] [jointLog] [warning] Feature has no GFF ID
[2021-04-27 21:51:28.431] [jointLog] [warning] Feature has no GFF ID
[2021-04-27 21:51:28.431] [jointLog] [warning] Feature has no GFF ID
[2021-04-27 21:51:28.431] [jointLog] [warning] Feature has no GFF ID
[2021-04-27 21:51:28.431] [jointLog] [warning] Feature has no GFF ID
[2021-04-27 21:51:28.431] [jointLog] [warning] Feature has no GFF ID
[2021-04-27 21:51:28.431] [jointLog] [warning] Feature has no GFF ID
[2021-04-27 21:51:28.431] [jointLog] [warning] Feature has no GFF ID
[2021-04-27 21:51:28.431] [jointLog] [warning] Feature has no GFF ID
[2021-04-27 21:51:28.431] [jointLog] [warning] Feature has no GFF ID
[2021-04-27 21:51:28.431] [jointLog] [warning] Feature has no GFF ID
[2021-04-27 21:51:28.431] [jointLog] [warning] Feature has no GFF ID
[2021-04-27 21:51:28.431] [jointLog] [warning] Feature has no GFF ID
[2021-04-27 21:51:28.431] [jointLog] [warning] Feature has no GFF ID
[2021-04-27 21:51:28.705] [jointLog] [info] There were 142604 transcripts mapping to 55401 genes
[2021-04-27 21:51:28.705] [jointLog] [info] NOTE: We recommend using tximport (https://bioconductor.org/packages/release/bioc/html/tximport.html) for aggregating transcript-level salmon abundance estimates to the gene level.  It is more versatile, exposes more features, and allows considering multi-sample information during aggregation.
[2021-04-27 21:51:28.944] [jointLog] [warning] couldn't find transcript named [DQ459430] in transcript <-> gene map; returning transcript as it's own gene
[2021-04-27 21:51:28.944] [jointLog] [warning] couldn't find transcript named [DQ516784] in transcript <-> gene map; returning transcript as it's own gene
[2021-04-27 21:51:28.944] [jointLog] [warning] couldn't find transcript named [DQ516752] in transcript <-> gene map; returning transcript as it's own gene
[2021-04-27 21:51:28.944] [jointLog] [warning] couldn't find transcript named [DQ668364] in transcript <-> gene map; returning transcript as it's own gene
[2021-04-27 21:51:28.944] [jointLog] [warning] couldn't find transcript named [DQ883670] in transcript <-> gene map; returning transcript as it's own gene
[2021-04-27 21:51:28.944] [jointLog] [warning] couldn't find transcript named [EF011062] in transcript <-> gene map; returning transcript as it's own gene
[2021-04-27 21:51:28.944] [jointLog] [warning] couldn't find transcript named [DQ875385] in transcript <-> gene map; returning transcript as it's own gene
[2021-04-27 21:51:28.944] [jointLog] [warning] couldn't find transcript named [DQ883664] in transcript <-> gene map; returning transcript as it's own gene
[2021-04-27 21:51:28.944] [jointLog] [warning] couldn't find transcript named [DQ459420] in transcript <-> gene map; returning transcript as it's own gene
[2021-04-27 21:51:28.944] [jointLog] [warning] couldn't find transcript named [DQ883651] in transcript <-> gene map; returning transcript as it's own gene
[2021-04-27 21:51:28.944] [jointLog] [warning] couldn't find transcript named [DQ855004] in transcript <-> gene map; returning transcript as it's own gene
[2021-04-27 21:51:28.944] [jointLog] [warning] couldn't find transcript named [DQ854993] in transcript <-> gene map; returning transcript as it's own gene
[2021-04-27 21:51:28.944] [jointLog] [warning] couldn't find transcript named [DQ883689] in transcript <-> gene map; returning transcript as it's own gene
[2021-04-27 21:51:28.944] [jointLog] [warning] couldn't find transcript named [DQ459419] in transcript <-> gene map; returning transcript as it's own gene
[2021-04-27 21:51:28.944] [jointLog] [warning] couldn't find transcript named [DQ459431] in transcript <-> gene map; returning transcript as it's own gene
[2021-04-27 21:51:28.944] [jointLog] [warning] couldn't find transcript named [DQ516796] in transcript <-> gene map; returning transcript as it's own gene
[2021-04-27 21:51:28.944] [jointLog] [warning] couldn't find transcript named [DQ855001] in transcript <-> gene map; returning transcript as it's own gene
[2021-04-27 21:51:28.944] [jointLog] [warning] couldn't find transcript named [DQ459413] in transcript <-> gene map; returning transcript as it's own gene
[2021-04-27 21:51:28.944] [jointLog] [warning] couldn't find transcript named [DQ883656] in transcript <-> gene map; returning transcript as it's own gene
[2021-04-27 21:51:28.944] [jointLog] [warning] couldn't find transcript named [DQ883661] in transcript <-> gene map; returning transcript as it's own gene
[2021-04-27 21:51:28.944] [jointLog] [warning] couldn't find transcript named [EF011069] in transcript <-> gene map; returning transcript as it's own gene
[2021-04-27 21:51:28.944] [jointLog] [warning] couldn't find transcript named [DQ516783] in transcript <-> gene map; returning transcript as it's own gene
[2021-04-27 21:51:28.944] [jointLog] [warning] couldn't find transcript named [DQ516787] in transcript <-> gene map; returning transcript as it's own gene
[2021-04-27 21:51:28.944] [jointLog] [warning] couldn't find transcript named [DQ459424] in transcript <-> gene map; returning transcript as it's own gene
[2021-04-27 21:51:28.944] [jointLog] [warning] couldn't find transcript named [DQ516748] in transcript <-> gene map; returning transcript as it's own gene
[2021-04-27 21:51:28.944] [jointLog] [warning] couldn't find transcript named [DQ883671] in transcript <-> gene map; returning transcript as it's own gene
[2021-04-27 21:51:28.944] [jointLog] [warning] couldn't find transcript named [DQ516740] in transcript <-> gene map; returning transcript as it's own gene
[2021-04-27 21:51:28.944] [jointLog] [warning] couldn't find transcript named [DQ516785] in transcript <-> gene map; returning transcript as it's own gene
[2021-04-27 21:51:28.944] [jointLog] [warning] couldn't find transcript named [DQ516731] in transcript <-> gene map; returning transcript as it's own gene
[2021-04-27 21:51:28.944] [jointLog] [warning] couldn't find transcript named [DQ668366] in transcript <-> gene map; returning transcript as it's own gene
[2021-04-27 21:51:28.944] [jointLog] [warning] couldn't find transcript named [DQ459418] in transcript <-> gene map; returning transcript as it's own gene
[2021-04-27 21:51:28.944] [jointLog] [warning] couldn't find transcript named [DQ668356] in transcript <-> gene map; returning transcript as it's own gene
[2021-04-27 21:51:28.944] [jointLog] [warning] couldn't find transcript named [DQ516763] in transcript <-> gene map; returning transcript as it's own gene
[2021-04-27 21:51:28.944] [jointLog] [warning] couldn't find transcript named [DQ459426] in transcript <-> gene map; returning transcript as it's own gene
[2021-04-27 21:51:28.944] [jointLog] [warning] couldn't find transcript named [DQ516786] in transcript <-> gene map; returning transcript as it's own gene
[2021-04-27 21:51:28.944] [jointLog] [warning] couldn't find transcript named [DQ883653] in transcript <-> gene map; returning transcript as it's own gene
[2021-04-27 21:51:28.944] [jointLog] [warning] couldn't find transcript named [DQ459421] in transcript <-> gene map; returning transcript as it's own gene
[2021-04-27 21:51:28.944] [jointLog] [warning] couldn't find transcript named [DQ883654] in transcript <-> gene map; returning transcript as it's own gene
[2021-04-27 21:51:28.944] [jointLog] [warning] couldn't find transcript named [DQ668358] in transcript <-> gene map; returning transcript as it's own gene
[2021-04-27 21:51:28.944] [jointLog] [warning] couldn't find transcript named [DQ516754] in transcript <-> gene map; returning transcript as it's own gene
[2021-04-27 21:51:28.944] [jointLog] [warning] couldn't find transcript named [DQ516778] in transcript <-> gene map; returning transcript as it's own gene
[2021-04-27 21:51:28.944] [jointLog] [warning] couldn't find transcript named [DQ883650] in transcript <-> gene map; returning transcript as it's own gene
[2021-04-27 21:51:28.944] [jointLog] [warning] couldn't find transcript named [DQ516742] in transcript <-> gene map; returning transcript as it's own gene
[2021-04-27 21:51:28.944] [jointLog] [warning] couldn't find transcript named [DQ883673] in transcript <-> gene map; returning transcript as it's own gene
[2021-04-27 21:51:28.944] [jointLog] [warning] couldn't find transcript named [DQ883652] in transcript <-> gene map; returning transcript as it's own gene
[2021-04-27 21:51:28.944] [jointLog] [warning] couldn't find transcript named [DQ854991] in transcript <-> gene map; returning transcript as it's own gene
[2021-04-27 21:51:28.944] [jointLog] [warning] couldn't find transcript named [DQ516780] in transcript <-> gene map; returning transcript as it's own gene
[2021-04-27 21:51:28.944] [jointLog] [warning] couldn't find transcript named [DQ883682] in transcript <-> gene map; returning transcript as it's own gene
[2021-04-27 21:51:28.944] [jointLog] [warning] couldn't find transcript named [DQ883669] in transcript <-> gene map; returning transcript as it's own gene
[2021-04-27 21:51:28.944] [jointLog] [warning] couldn't find transcript named [DQ516791] in transcript <-> gene map; returning transcript as it's own gene
[2021-04-27 21:51:28.944] [jointLog] [warning] couldn't find transcript named [DQ459425] in transcript <-> gene map; returning transcript as it's own gene
[2021-04-27 21:51:28.944] [jointLog] [warning] couldn't find transcript named [DQ516759] in transcript <-> gene map; returning transcript as it's own gene
[2021-04-27 21:51:28.944] [jointLog] [warning] couldn't find transcript named [DQ459429] in transcript <-> gene map; returning transcript as it's own gene
[2021-04-27 21:51:28.944] [jointLog] [warning] couldn't find transcript named [DQ516758] in transcript <-> gene map; returning transcript as it's own gene
[2021-04-27 21:51:28.944] [jointLog] [warning] couldn't find transcript named [DQ459415] in transcript <-> gene map; returning transcript as it's own gene
[2021-04-27 21:51:28.944] [jointLog] [warning] couldn't find transcript named [DQ875387] in transcript <-> gene map; returning transcript as it's own gene
[2021-04-27 21:51:28.944] [jointLog] [warning] couldn't find transcript named [DQ516815] in transcript <-> gene map; returning transcript as it's own gene
[2021-04-27 21:51:28.944] [jointLog] [warning] couldn't find transcript named [DQ668365] in transcript <-> gene map; returning transcript as it's own gene
[2021-04-27 21:51:28.944] [jointLog] [warning] couldn't find transcript named [DQ854998] in transcript <-> gene map; returning transcript as it's own gene
[2021-04-27 21:51:28.944] [jointLog] [warning] couldn't find transcript named [DQ883685] in transcript <-> gene map; returning transcript as it's own gene
[2021-04-27 21:51:28.944] [jointLog] [warning] couldn't find transcript named [DQ459422] in transcript <-> gene map; returning transcript as it's own gene
[2021-04-27 21:51:28.944] [jointLog] [warning] couldn't find transcript named [DQ883663] in transcript <-> gene map; returning transcript as it's own gene
[2021-04-27 21:51:28.944] [jointLog] [warning] couldn't find transcript named [DQ668367] in transcript <-> gene map; returning transcript as it's own gene
[2021-04-27 21:51:28.944] [jointLog] [warning] couldn't find transcript named [DQ459412] in transcript <-> gene map; returning transcript as it's own gene
[2021-04-27 21:51:28.944] [jointLog] [warning] couldn't find transcript named [DQ854992] in transcript <-> gene map; returning transcript as it's own gene
[2021-04-27 21:51:28.944] [jointLog] [warning] couldn't find transcript named [DQ516782] in transcript <-> gene map; returning transcript as it's own gene
[2021-04-27 21:51:28.944] [jointLog] [warning] couldn't find transcript named [DQ459427] in transcript <-> gene map; returning transcript as it's own gene
[2021-04-27 21:51:28.944] [jointLog] [warning] couldn't find transcript named [EF011072] in transcript <-> gene map; returning transcript as it's own gene
[2021-04-27 21:51:28.944] [jointLog] [warning] couldn't find transcript named [DQ855003] in transcript <-> gene map; returning transcript as it's own gene
[2021-04-27 21:51:28.944] [jointLog] [warning] couldn't find transcript named [DQ516739] in transcript <-> gene map; returning transcript as it's own gene
[2021-04-27 21:51:28.944] [jointLog] [warning] couldn't find transcript named [EF011063] in transcript <-> gene map; returning transcript as it's own gene
[2021-04-27 21:51:28.944] [jointLog] [warning] couldn't find transcript named [DQ855000] in transcript <-> gene map; returning transcript as it's own gene
[2021-04-27 21:51:28.944] [jointLog] [warning] couldn't find transcript named [DQ516777] in transcript <-> gene map; returning transcript as it's own gene
[2021-04-27 21:51:28.944] [jointLog] [warning] couldn't find transcript named [DQ883646] in transcript <-> gene map; returning transcript as it's own gene
[2021-04-27 21:51:28.944] [jointLog] [warning] couldn't find transcript named [DQ668362] in transcript <-> gene map; returning transcript as it's own gene
[2021-04-27 21:51:28.944] [jointLog] [warning] couldn't find transcript named [DQ854995] in transcript <-> gene map; returning transcript as it's own gene
[2021-04-27 21:51:28.944] [jointLog] [warning] couldn't find transcript named [DQ875386] in transcript <-> gene map; returning transcript as it's own gene
[2021-04-27 21:51:28.944] [jointLog] [warning] couldn't find transcript named [DQ516790] in transcript <-> gene map; returning transcript as it's own gene
[2021-04-27 21:51:28.944] [jointLog] [warning] couldn't find transcript named [DQ883642] in transcript <-> gene map; returning transcript as it's own gene
[2021-04-27 21:51:28.944] [jointLog] [warning] couldn't find transcript named [DQ883659] in transcript <-> gene map; returning transcript as it's own gene
[2021-04-27 21:51:28.944] [jointLog] [warning] couldn't find transcript named [DQ854997] in transcript <-> gene map; returning transcript as it's own gene
[2021-04-27 21:51:28.944] [jointLog] [warning] couldn't find transcript named [DQ883643] in transcript <-> gene map; returning transcript as it's own gene
[2021-04-27 21:51:28.944] [jointLog] [warning] couldn't find transcript named [DQ839618] in transcript <-> gene map; returning transcript as it's own gene
[2021-04-27 21:51:28.944] [jointLog] [warning] couldn't find transcript named [DQ516795] in transcript <-> gene map; returning transcript as it's own gene
[2021-04-27 21:51:28.944] [jointLog] [warning] couldn't find transcript named [DQ883658] in transcript <-> gene map; returning transcript as it's own gene
[2021-04-27 21:51:28.944] [jointLog] [warning] couldn't find transcript named [DQ516750] in transcript <-> gene map; returning transcript as it's own gene
[2021-04-27 21:51:28.944] [jointLog] [warning] couldn't find transcript named [DQ668359] in transcript <-> gene map; returning transcript as it's own gene
[2021-04-27 21:51:28.944] [jointLog] [warning] couldn't find transcript named [DQ516779] in transcript <-> gene map; returning transcript as it's own gene
[2021-04-27 21:51:28.944] [jointLog] [warning] couldn't find transcript named [DQ668363] in transcript <-> gene map; returning transcript as it's own gene
[2021-04-27 21:51:28.944] [jointLog] [warning] couldn't find transcript named [DQ516776] in transcript <-> gene map; returning transcript as it's own gene
[2021-04-27 21:51:28.944] [jointLog] [warning] couldn't find transcript named [DQ516773] in transcript <-> gene map; returning transcript as it's own gene
[2021-04-27 21:51:28.944] [jointLog] [warning] couldn't find transcript named [DQ854994] in transcript <-> gene map; returning transcript as it's own gene
[2021-04-27 21:51:28.944] [jointLog] [info] Aggregating expressions to gene level
[2021-04-27 21:51:29.083] [jointLog] [info] done
