[2021-04-27 20:45:19.421] [jointLog] [info] setting maxHashResizeThreads to 6
[2021-04-27 20:45:19.421] [jointLog] [info] Fragment incompatibility prior below threshold.  Incompatible fragments will be ignored.
[2021-04-27 20:45:19.438] [jointLog] [info] numQuantThreads = 3
[2021-04-27 20:45:22.397] [jointLog] [info] replaced 4 non-ACGT nucleotides with random nucleotides
[2021-04-27 20:45:22.661] [fileLog] [info] quantification processed 0 fragments so far

[2021-04-27 20:45:25.706] [fileLog] [info] quantification processed 1000000 fragments so far

[2021-04-27 20:45:28.740] [fileLog] [info] quantification processed 2000000 fragments so far

[2021-04-27 20:45:30.364] [jointLog] [info] 

The alignment group queue pool has been exhausted.  3624193 extra fragments were allocated on the heap to saturate the pool.  No new fragments will be allocated


[2021-04-27 20:45:37.027] [fileLog] [info] quantification processed 3000000 fragments so far

[2021-04-27 20:45:50.612] [fileLog] [info] quantification processed 4000000 fragments so far

[2021-04-27 20:46:04.272] [fileLog] [info] quantification processed 5000000 fragments so far

[2021-04-27 20:46:17.782] [fileLog] [info] quantification processed 6000000 fragments so far

[2021-04-27 20:46:31.105] [fileLog] [info] quantification processed 7000000 fragments so far

[2021-04-27 20:46:34.190] [fileLog] [info] quantification processed 8000000 fragments so far

[2021-04-27 20:46:37.359] [fileLog] [info] quantification processed 9000000 fragments so far

[2021-04-27 20:46:40.477] [fileLog] [info] quantification processed 10000000 fragments so far

[2021-04-27 20:46:43.574] [fileLog] [info] quantification processed 11000000 fragments so far

[2021-04-27 20:46:46.590] [fileLog] [info] quantification processed 12000000 fragments so far

[2021-04-27 20:46:49.752] [fileLog] [info] quantification processed 13000000 fragments so far

[2021-04-27 20:46:52.953] [fileLog] [info] quantification processed 14000000 fragments so far

[2021-04-27 20:46:56.107] [fileLog] [info] quantification processed 15000000 fragments so far

[2021-04-27 20:46:59.187] [fileLog] [info] quantification processed 16000000 fragments so far

[2021-04-27 20:47:02.297] [fileLog] [info] quantification processed 17000000 fragments so far

[2021-04-27 20:47:05.298] [fileLog] [info] quantification processed 18000000 fragments so far

[2021-04-27 20:47:08.338] [fileLog] [info] quantification processed 19000000 fragments so far

[2021-04-27 20:47:11.346] [fileLog] [info] quantification processed 20000000 fragments so far

[2021-04-27 20:47:14.461] [fileLog] [info] quantification processed 21000000 fragments so far

[2021-04-27 20:47:17.605] [fileLog] [info] quantification processed 22000000 fragments so far

[2021-04-27 20:47:20.726] [fileLog] [info] quantification processed 23000000 fragments so far

[2021-04-27 20:47:23.784] [fileLog] [info] quantification processed 24000000 fragments so far

[2021-04-27 20:47:26.881] [fileLog] [info] quantification processed 25000000 fragments so far

[2021-04-27 20:47:29.932] [fileLog] [info] quantification processed 26000000 fragments so far

[2021-04-27 20:47:33.008] [fileLog] [info] quantification processed 27000000 fragments so far

[2021-04-27 20:47:36.208] [fileLog] [info] quantification processed 28000000 fragments so far

[2021-04-27 20:47:39.281] [fileLog] [info] quantification processed 29000000 fragments so far

[2021-04-27 20:47:42.266] [fileLog] [info] quantification processed 30000000 fragments so far

[2021-04-27 20:47:45.330] [fileLog] [info] quantification processed 31000000 fragments so far

[2021-04-27 20:47:48.447] [fileLog] [info] quantification processed 32000000 fragments so far

[2021-04-27 20:47:49.767] [fileLog] [info] quantification processed 32418519 fragments so far

[2021-04-27 20:47:55.658] [jointLog] [info] Thread saw mini-batch with a maximum of 16.90% zero probability fragments
[2021-04-27 20:47:55.660] [jointLog] [info] Thread saw mini-batch with a maximum of 14.90% zero probability fragments
[2021-04-27 20:47:55.661] [jointLog] [info] Thread saw mini-batch with a maximum of 15.50% zero probability fragments
[2021-04-27 20:47:55.661] [jointLog] [info] 


Completed first pass through the alignment file.
Total # of mapped reads : 32418519
# of uniquely mapped reads : 10849411
# ambiguously mapped reads : 21569108



[2021-04-27 20:47:55.812] [jointLog] [info] Computed 234445 rich equivalence classes for further processing
[2021-04-27 20:47:55.812] [jointLog] [info] Counted 32256536 total reads in the equivalence classes 
[2021-04-27 20:47:55.815] [jointLog] [info] starting optimizer
[2021-04-27 20:47:55.915] [jointLog] [info] Marked 0 weighted equivalence classes as degenerate
[2021-04-27 20:47:55.933] [jointLog] [info] iteration = 0 | max rel diff. = 7956.92
[2021-04-27 20:47:57.326] [jointLog] [info] iteration = 100 | max rel diff. = 19.727
[2021-04-27 20:47:58.700] [jointLog] [info] iteration = 200 | max rel diff. = 8.21999
[2021-04-27 20:48:00.078] [jointLog] [info] iteration = 300 | max rel diff. = 8.75488
[2021-04-27 20:48:01.510] [jointLog] [info] iteration = 400 | max rel diff. = 0.156248
[2021-04-27 20:48:02.905] [jointLog] [info] iteration = 500 | max rel diff. = 0.172351
[2021-04-27 20:48:04.317] [jointLog] [info] iteration = 600 | max rel diff. = 0.226004
[2021-04-27 20:48:05.833] [jointLog] [info] iteration = 700 | max rel diff. = 1.07666
[2021-04-27 20:48:07.343] [jointLog] [info] iteration = 800 | max rel diff. = 0.183981
[2021-04-27 20:48:08.827] [jointLog] [info] iteration = 900 | max rel diff. = 0.0912075
[2021-04-27 20:48:10.338] [jointLog] [info] iteration = 1000 | max rel diff. = 1.06409
[2021-04-27 20:48:11.801] [jointLog] [info] iteration = 1100 | max rel diff. = 0.154414
[2021-04-27 20:48:13.269] [jointLog] [info] iteration = 1200 | max rel diff. = 0.238921
[2021-04-27 20:48:14.676] [jointLog] [info] iteration = 1300 | max rel diff. = 0.0182995
[2021-04-27 20:48:16.123] [jointLog] [info] iteration = 1400 | max rel diff. = 0.140725
[2021-04-27 20:48:17.554] [jointLog] [info] iteration = 1500 | max rel diff. = 0.158611
[2021-04-27 20:48:19.029] [jointLog] [info] iteration = 1600 | max rel diff. = 0.0158417
[2021-04-27 20:48:20.053] [jointLog] [info] iteration = 1674 | max rel diff. = 0.00697832
[2021-04-27 20:48:20.083] [jointLog] [info] finished optimizer
[2021-04-27 20:48:20.083] [jointLog] [info] writing output
[2021-04-27 20:48:21.667] [jointLog] [info] Computing gene-level abundance estimates
[2021-04-27 20:48:48.929] [jointLog] [warning] Feature has no GFF ID
[2021-04-27 20:48:48.929] [jointLog] [warning] Feature has no GFF ID
[2021-04-27 20:48:48.929] [jointLog] [warning] Feature has no GFF ID
[2021-04-27 20:48:48.929] [jointLog] [warning] Feature has no GFF ID
[2021-04-27 20:48:48.929] [jointLog] [warning] Feature has no GFF ID
[2021-04-27 20:48:48.929] [jointLog] [warning] Feature has no GFF ID
[2021-04-27 20:48:48.929] [jointLog] [warning] Feature has no GFF ID
[2021-04-27 20:48:48.929] [jointLog] [warning] Feature has no GFF ID
[2021-04-27 20:48:48.929] [jointLog] [warning] Feature has no GFF ID
[2021-04-27 20:48:48.929] [jointLog] [warning] Feature has no GFF ID
[2021-04-27 20:48:48.929] [jointLog] [warning] Feature has no GFF ID
[2021-04-27 20:48:48.929] [jointLog] [warning] Feature has no GFF ID
[2021-04-27 20:48:48.929] [jointLog] [warning] Feature has no GFF ID
[2021-04-27 20:48:48.929] [jointLog] [warning] Feature has no GFF ID
[2021-04-27 20:48:48.929] [jointLog] [warning] Feature has no GFF ID
[2021-04-27 20:48:48.929] [jointLog] [warning] Feature has no GFF ID
[2021-04-27 20:48:48.929] [jointLog] [warning] Feature has no GFF ID
[2021-04-27 20:48:48.929] [jointLog] [warning] Feature has no GFF ID
[2021-04-27 20:48:48.929] [jointLog] [warning] Feature has no GFF ID
[2021-04-27 20:48:48.929] [jointLog] [warning] Feature has no GFF ID
[2021-04-27 20:48:48.929] [jointLog] [warning] Feature has no GFF ID
[2021-04-27 20:48:48.929] [jointLog] [warning] Feature has no GFF ID
[2021-04-27 20:48:48.929] [jointLog] [warning] Feature has no GFF ID
[2021-04-27 20:48:48.929] [jointLog] [warning] Feature has no GFF ID
[2021-04-27 20:48:48.929] [jointLog] [warning] Feature has no GFF ID
[2021-04-27 20:48:48.929] [jointLog] [warning] Feature has no GFF ID
[2021-04-27 20:48:48.929] [jointLog] [warning] Feature has no GFF ID
[2021-04-27 20:48:48.929] [jointLog] [warning] Feature has no GFF ID
[2021-04-27 20:48:48.929] [jointLog] [warning] Feature has no GFF ID
[2021-04-27 20:48:48.929] [jointLog] [warning] Feature has no GFF ID
[2021-04-27 20:48:48.929] [jointLog] [warning] Feature has no GFF ID
[2021-04-27 20:48:48.929] [jointLog] [warning] Feature has no GFF ID
[2021-04-27 20:48:48.929] [jointLog] [warning] Feature has no GFF ID
[2021-04-27 20:48:48.929] [jointLog] [warning] Feature has no GFF ID
[2021-04-27 20:48:48.929] [jointLog] [warning] Feature has no GFF ID
[2021-04-27 20:48:48.929] [jointLog] [warning] Feature has no GFF ID
[2021-04-27 20:48:48.929] [jointLog] [warning] Feature has no GFF ID
[2021-04-27 20:48:48.930] [jointLog] [warning] Feature has no GFF ID
[2021-04-27 20:48:48.930] [jointLog] [warning] Feature has no GFF ID
[2021-04-27 20:48:48.930] [jointLog] [warning] Feature has no GFF ID
[2021-04-27 20:48:48.930] [jointLog] [warning] Feature has no GFF ID
[2021-04-27 20:48:48.930] [jointLog] [warning] Feature has no GFF ID
[2021-04-27 20:48:48.930] [jointLog] [warning] Feature has no GFF ID
[2021-04-27 20:48:48.930] [jointLog] [warning] Feature has no GFF ID
[2021-04-27 20:48:48.930] [jointLog] [warning] Feature has no GFF ID
[2021-04-27 20:48:48.930] [jointLog] [warning] Feature has no GFF ID
[2021-04-27 20:48:48.930] [jointLog] [warning] Feature has no GFF ID
[2021-04-27 20:48:48.930] [jointLog] [warning] Feature has no GFF ID
[2021-04-27 20:48:48.930] [jointLog] [warning] Feature has no GFF ID
[2021-04-27 20:48:48.930] [jointLog] [warning] Feature has no GFF ID
[2021-04-27 20:48:48.930] [jointLog] [warning] Feature has no GFF ID
[2021-04-27 20:48:48.930] [jointLog] [warning] Feature has no GFF ID
[2021-04-27 20:48:48.930] [jointLog] [warning] Feature has no GFF ID
[2021-04-27 20:48:48.930] [jointLog] [warning] Feature has no GFF ID
[2021-04-27 20:48:48.930] [jointLog] [warning] Feature has no GFF ID
[2021-04-27 20:48:48.930] [jointLog] [warning] Feature has no GFF ID
[2021-04-27 20:48:48.930] [jointLog] [warning] Feature has no GFF ID
[2021-04-27 20:48:48.930] [jointLog] [warning] Feature has no GFF ID
[2021-04-27 20:48:48.930] [jointLog] [warning] Feature has no GFF ID
[2021-04-27 20:48:48.930] [jointLog] [warning] Feature has no GFF ID
[2021-04-27 20:48:48.930] [jointLog] [warning] Feature has no GFF ID
[2021-04-27 20:48:48.930] [jointLog] [warning] Feature has no GFF ID
[2021-04-27 20:48:48.930] [jointLog] [warning] Feature has no GFF ID
[2021-04-27 20:48:48.930] [jointLog] [warning] Feature has no GFF ID
[2021-04-27 20:48:48.930] [jointLog] [warning] Feature has no GFF ID
[2021-04-27 20:48:48.930] [jointLog] [warning] Feature has no GFF ID
[2021-04-27 20:48:48.930] [jointLog] [warning] Feature has no GFF ID
[2021-04-27 20:48:48.930] [jointLog] [warning] Feature has no GFF ID
[2021-04-27 20:48:48.930] [jointLog] [warning] Feature has no GFF ID
[2021-04-27 20:48:48.930] [jointLog] [warning] Feature has no GFF ID
[2021-04-27 20:48:48.930] [jointLog] [warning] Feature has no GFF ID
[2021-04-27 20:48:48.930] [jointLog] [warning] Feature has no GFF ID
[2021-04-27 20:48:48.930] [jointLog] [warning] Feature has no GFF ID
[2021-04-27 20:48:48.930] [jointLog] [warning] Feature has no GFF ID
[2021-04-27 20:48:48.930] [jointLog] [warning] Feature has no GFF ID
[2021-04-27 20:48:48.930] [jointLog] [warning] Feature has no GFF ID
[2021-04-27 20:48:48.930] [jointLog] [warning] Feature has no GFF ID
[2021-04-27 20:48:48.930] [jointLog] [warning] Feature has no GFF ID
[2021-04-27 20:48:48.930] [jointLog] [warning] Feature has no GFF ID
[2021-04-27 20:48:48.930] [jointLog] [warning] Feature has no GFF ID
[2021-04-27 20:48:48.930] [jointLog] [warning] Feature has no GFF ID
[2021-04-27 20:48:48.930] [jointLog] [warning] Feature has no GFF ID
[2021-04-27 20:48:48.930] [jointLog] [warning] Feature has no GFF ID
[2021-04-27 20:48:48.930] [jointLog] [warning] Feature has no GFF ID
[2021-04-27 20:48:48.930] [jointLog] [warning] Feature has no GFF ID
[2021-04-27 20:48:48.930] [jointLog] [warning] Feature has no GFF ID
[2021-04-27 20:48:48.930] [jointLog] [warning] Feature has no GFF ID
[2021-04-27 20:48:48.930] [jointLog] [warning] Feature has no GFF ID
[2021-04-27 20:48:48.930] [jointLog] [warning] Feature has no GFF ID
[2021-04-27 20:48:48.930] [jointLog] [warning] Feature has no GFF ID
[2021-04-27 20:48:48.930] [jointLog] [warning] Feature has no GFF ID
[2021-04-27 20:48:48.930] [jointLog] [warning] Feature has no GFF ID
[2021-04-27 20:48:49.240] [jointLog] [info] There were 142604 transcripts mapping to 55401 genes
[2021-04-27 20:48:49.240] [jointLog] [info] NOTE: We recommend using tximport (https://bioconductor.org/packages/release/bioc/html/tximport.html) for aggregating transcript-level salmon abundance estimates to the gene level.  It is more versatile, exposes more features, and allows considering multi-sample information during aggregation.
[2021-04-27 20:48:49.495] [jointLog] [warning] couldn't find transcript named [DQ459430] in transcript <-> gene map; returning transcript as it's own gene
[2021-04-27 20:48:49.495] [jointLog] [warning] couldn't find transcript named [DQ516784] in transcript <-> gene map; returning transcript as it's own gene
[2021-04-27 20:48:49.495] [jointLog] [warning] couldn't find transcript named [DQ516752] in transcript <-> gene map; returning transcript as it's own gene
[2021-04-27 20:48:49.495] [jointLog] [warning] couldn't find transcript named [DQ668364] in transcript <-> gene map; returning transcript as it's own gene
[2021-04-27 20:48:49.495] [jointLog] [warning] couldn't find transcript named [DQ883670] in transcript <-> gene map; returning transcript as it's own gene
[2021-04-27 20:48:49.495] [jointLog] [warning] couldn't find transcript named [EF011062] in transcript <-> gene map; returning transcript as it's own gene
[2021-04-27 20:48:49.495] [jointLog] [warning] couldn't find transcript named [DQ875385] in transcript <-> gene map; returning transcript as it's own gene
[2021-04-27 20:48:49.495] [jointLog] [warning] couldn't find transcript named [DQ883664] in transcript <-> gene map; returning transcript as it's own gene
[2021-04-27 20:48:49.495] [jointLog] [warning] couldn't find transcript named [DQ459420] in transcript <-> gene map; returning transcript as it's own gene
[2021-04-27 20:48:49.495] [jointLog] [warning] couldn't find transcript named [DQ883651] in transcript <-> gene map; returning transcript as it's own gene
[2021-04-27 20:48:49.495] [jointLog] [warning] couldn't find transcript named [DQ855004] in transcript <-> gene map; returning transcript as it's own gene
[2021-04-27 20:48:49.495] [jointLog] [warning] couldn't find transcript named [DQ854993] in transcript <-> gene map; returning transcript as it's own gene
[2021-04-27 20:48:49.495] [jointLog] [warning] couldn't find transcript named [DQ883689] in transcript <-> gene map; returning transcript as it's own gene
[2021-04-27 20:48:49.495] [jointLog] [warning] couldn't find transcript named [DQ459419] in transcript <-> gene map; returning transcript as it's own gene
[2021-04-27 20:48:49.495] [jointLog] [warning] couldn't find transcript named [DQ459431] in transcript <-> gene map; returning transcript as it's own gene
[2021-04-27 20:48:49.495] [jointLog] [warning] couldn't find transcript named [DQ516796] in transcript <-> gene map; returning transcript as it's own gene
[2021-04-27 20:48:49.495] [jointLog] [warning] couldn't find transcript named [DQ855001] in transcript <-> gene map; returning transcript as it's own gene
[2021-04-27 20:48:49.495] [jointLog] [warning] couldn't find transcript named [DQ459413] in transcript <-> gene map; returning transcript as it's own gene
[2021-04-27 20:48:49.495] [jointLog] [warning] couldn't find transcript named [DQ883656] in transcript <-> gene map; returning transcript as it's own gene
[2021-04-27 20:48:49.495] [jointLog] [warning] couldn't find transcript named [DQ883661] in transcript <-> gene map; returning transcript as it's own gene
[2021-04-27 20:48:49.495] [jointLog] [warning] couldn't find transcript named [EF011069] in transcript <-> gene map; returning transcript as it's own gene
[2021-04-27 20:48:49.495] [jointLog] [warning] couldn't find transcript named [DQ516783] in transcript <-> gene map; returning transcript as it's own gene
[2021-04-27 20:48:49.495] [jointLog] [warning] couldn't find transcript named [DQ516787] in transcript <-> gene map; returning transcript as it's own gene
[2021-04-27 20:48:49.495] [jointLog] [warning] couldn't find transcript named [DQ459424] in transcript <-> gene map; returning transcript as it's own gene
[2021-04-27 20:48:49.495] [jointLog] [warning] couldn't find transcript named [DQ516748] in transcript <-> gene map; returning transcript as it's own gene
[2021-04-27 20:48:49.495] [jointLog] [warning] couldn't find transcript named [DQ883671] in transcript <-> gene map; returning transcript as it's own gene
[2021-04-27 20:48:49.495] [jointLog] [warning] couldn't find transcript named [DQ516740] in transcript <-> gene map; returning transcript as it's own gene
[2021-04-27 20:48:49.495] [jointLog] [warning] couldn't find transcript named [DQ516785] in transcript <-> gene map; returning transcript as it's own gene
[2021-04-27 20:48:49.495] [jointLog] [warning] couldn't find transcript named [DQ516731] in transcript <-> gene map; returning transcript as it's own gene
[2021-04-27 20:48:49.495] [jointLog] [warning] couldn't find transcript named [DQ668366] in transcript <-> gene map; returning transcript as it's own gene
[2021-04-27 20:48:49.495] [jointLog] [warning] couldn't find transcript named [DQ459418] in transcript <-> gene map; returning transcript as it's own gene
[2021-04-27 20:48:49.495] [jointLog] [warning] couldn't find transcript named [DQ668356] in transcript <-> gene map; returning transcript as it's own gene
[2021-04-27 20:48:49.495] [jointLog] [warning] couldn't find transcript named [DQ516763] in transcript <-> gene map; returning transcript as it's own gene
[2021-04-27 20:48:49.495] [jointLog] [warning] couldn't find transcript named [DQ459426] in transcript <-> gene map; returning transcript as it's own gene
[2021-04-27 20:48:49.495] [jointLog] [warning] couldn't find transcript named [DQ516786] in transcript <-> gene map; returning transcript as it's own gene
[2021-04-27 20:48:49.495] [jointLog] [warning] couldn't find transcript named [DQ883653] in transcript <-> gene map; returning transcript as it's own gene
[2021-04-27 20:48:49.495] [jointLog] [warning] couldn't find transcript named [DQ459421] in transcript <-> gene map; returning transcript as it's own gene
[2021-04-27 20:48:49.495] [jointLog] [warning] couldn't find transcript named [DQ883654] in transcript <-> gene map; returning transcript as it's own gene
[2021-04-27 20:48:49.495] [jointLog] [warning] couldn't find transcript named [DQ668358] in transcript <-> gene map; returning transcript as it's own gene
[2021-04-27 20:48:49.495] [jointLog] [warning] couldn't find transcript named [DQ516754] in transcript <-> gene map; returning transcript as it's own gene
[2021-04-27 20:48:49.495] [jointLog] [warning] couldn't find transcript named [DQ516778] in transcript <-> gene map; returning transcript as it's own gene
[2021-04-27 20:48:49.495] [jointLog] [warning] couldn't find transcript named [DQ883650] in transcript <-> gene map; returning transcript as it's own gene
[2021-04-27 20:48:49.495] [jointLog] [warning] couldn't find transcript named [DQ516742] in transcript <-> gene map; returning transcript as it's own gene
[2021-04-27 20:48:49.495] [jointLog] [warning] couldn't find transcript named [DQ883673] in transcript <-> gene map; returning transcript as it's own gene
[2021-04-27 20:48:49.495] [jointLog] [warning] couldn't find transcript named [DQ883652] in transcript <-> gene map; returning transcript as it's own gene
[2021-04-27 20:48:49.495] [jointLog] [warning] couldn't find transcript named [DQ854991] in transcript <-> gene map; returning transcript as it's own gene
[2021-04-27 20:48:49.495] [jointLog] [warning] couldn't find transcript named [DQ516780] in transcript <-> gene map; returning transcript as it's own gene
[2021-04-27 20:48:49.495] [jointLog] [warning] couldn't find transcript named [DQ883682] in transcript <-> gene map; returning transcript as it's own gene
[2021-04-27 20:48:49.495] [jointLog] [warning] couldn't find transcript named [DQ883669] in transcript <-> gene map; returning transcript as it's own gene
[2021-04-27 20:48:49.495] [jointLog] [warning] couldn't find transcript named [DQ516791] in transcript <-> gene map; returning transcript as it's own gene
[2021-04-27 20:48:49.495] [jointLog] [warning] couldn't find transcript named [DQ459425] in transcript <-> gene map; returning transcript as it's own gene
[2021-04-27 20:48:49.495] [jointLog] [warning] couldn't find transcript named [DQ516759] in transcript <-> gene map; returning transcript as it's own gene
[2021-04-27 20:48:49.495] [jointLog] [warning] couldn't find transcript named [DQ459429] in transcript <-> gene map; returning transcript as it's own gene
[2021-04-27 20:48:49.495] [jointLog] [warning] couldn't find transcript named [DQ516758] in transcript <-> gene map; returning transcript as it's own gene
[2021-04-27 20:48:49.495] [jointLog] [warning] couldn't find transcript named [DQ459415] in transcript <-> gene map; returning transcript as it's own gene
[2021-04-27 20:48:49.495] [jointLog] [warning] couldn't find transcript named [DQ875387] in transcript <-> gene map; returning transcript as it's own gene
[2021-04-27 20:48:49.495] [jointLog] [warning] couldn't find transcript named [DQ516815] in transcript <-> gene map; returning transcript as it's own gene
[2021-04-27 20:48:49.495] [jointLog] [warning] couldn't find transcript named [DQ668365] in transcript <-> gene map; returning transcript as it's own gene
[2021-04-27 20:48:49.495] [jointLog] [warning] couldn't find transcript named [DQ854998] in transcript <-> gene map; returning transcript as it's own gene
[2021-04-27 20:48:49.495] [jointLog] [warning] couldn't find transcript named [DQ883685] in transcript <-> gene map; returning transcript as it's own gene
[2021-04-27 20:48:49.495] [jointLog] [warning] couldn't find transcript named [DQ459422] in transcript <-> gene map; returning transcript as it's own gene
[2021-04-27 20:48:49.495] [jointLog] [warning] couldn't find transcript named [DQ883663] in transcript <-> gene map; returning transcript as it's own gene
[2021-04-27 20:48:49.495] [jointLog] [warning] couldn't find transcript named [DQ668367] in transcript <-> gene map; returning transcript as it's own gene
[2021-04-27 20:48:49.495] [jointLog] [warning] couldn't find transcript named [DQ459412] in transcript <-> gene map; returning transcript as it's own gene
[2021-04-27 20:48:49.495] [jointLog] [warning] couldn't find transcript named [DQ854992] in transcript <-> gene map; returning transcript as it's own gene
[2021-04-27 20:48:49.495] [jointLog] [warning] couldn't find transcript named [DQ516782] in transcript <-> gene map; returning transcript as it's own gene
[2021-04-27 20:48:49.495] [jointLog] [warning] couldn't find transcript named [DQ459427] in transcript <-> gene map; returning transcript as it's own gene
[2021-04-27 20:48:49.495] [jointLog] [warning] couldn't find transcript named [EF011072] in transcript <-> gene map; returning transcript as it's own gene
[2021-04-27 20:48:49.495] [jointLog] [warning] couldn't find transcript named [DQ855003] in transcript <-> gene map; returning transcript as it's own gene
[2021-04-27 20:48:49.495] [jointLog] [warning] couldn't find transcript named [DQ516739] in transcript <-> gene map; returning transcript as it's own gene
[2021-04-27 20:48:49.495] [jointLog] [warning] couldn't find transcript named [EF011063] in transcript <-> gene map; returning transcript as it's own gene
[2021-04-27 20:48:49.495] [jointLog] [warning] couldn't find transcript named [DQ855000] in transcript <-> gene map; returning transcript as it's own gene
[2021-04-27 20:48:49.495] [jointLog] [warning] couldn't find transcript named [DQ516777] in transcript <-> gene map; returning transcript as it's own gene
[2021-04-27 20:48:49.495] [jointLog] [warning] couldn't find transcript named [DQ883646] in transcript <-> gene map; returning transcript as it's own gene
[2021-04-27 20:48:49.495] [jointLog] [warning] couldn't find transcript named [DQ668362] in transcript <-> gene map; returning transcript as it's own gene
[2021-04-27 20:48:49.495] [jointLog] [warning] couldn't find transcript named [DQ854995] in transcript <-> gene map; returning transcript as it's own gene
[2021-04-27 20:48:49.495] [jointLog] [warning] couldn't find transcript named [DQ875386] in transcript <-> gene map; returning transcript as it's own gene
[2021-04-27 20:48:49.495] [jointLog] [warning] couldn't find transcript named [DQ516790] in transcript <-> gene map; returning transcript as it's own gene
[2021-04-27 20:48:49.495] [jointLog] [warning] couldn't find transcript named [DQ883642] in transcript <-> gene map; returning transcript as it's own gene
[2021-04-27 20:48:49.495] [jointLog] [warning] couldn't find transcript named [DQ883659] in transcript <-> gene map; returning transcript as it's own gene
[2021-04-27 20:48:49.495] [jointLog] [warning] couldn't find transcript named [DQ854997] in transcript <-> gene map; returning transcript as it's own gene
[2021-04-27 20:48:49.495] [jointLog] [warning] couldn't find transcript named [DQ883643] in transcript <-> gene map; returning transcript as it's own gene
[2021-04-27 20:48:49.495] [jointLog] [warning] couldn't find transcript named [DQ839618] in transcript <-> gene map; returning transcript as it's own gene
[2021-04-27 20:48:49.495] [jointLog] [warning] couldn't find transcript named [DQ516795] in transcript <-> gene map; returning transcript as it's own gene
[2021-04-27 20:48:49.495] [jointLog] [warning] couldn't find transcript named [DQ883658] in transcript <-> gene map; returning transcript as it's own gene
[2021-04-27 20:48:49.495] [jointLog] [warning] couldn't find transcript named [DQ516750] in transcript <-> gene map; returning transcript as it's own gene
[2021-04-27 20:48:49.495] [jointLog] [warning] couldn't find transcript named [DQ668359] in transcript <-> gene map; returning transcript as it's own gene
[2021-04-27 20:48:49.495] [jointLog] [warning] couldn't find transcript named [DQ516779] in transcript <-> gene map; returning transcript as it's own gene
[2021-04-27 20:48:49.495] [jointLog] [warning] couldn't find transcript named [DQ668363] in transcript <-> gene map; returning transcript as it's own gene
[2021-04-27 20:48:49.495] [jointLog] [warning] couldn't find transcript named [DQ516776] in transcript <-> gene map; returning transcript as it's own gene
[2021-04-27 20:48:49.495] [jointLog] [warning] couldn't find transcript named [DQ516773] in transcript <-> gene map; returning transcript as it's own gene
[2021-04-27 20:48:49.495] [jointLog] [warning] couldn't find transcript named [DQ854994] in transcript <-> gene map; returning transcript as it's own gene
[2021-04-27 20:48:49.495] [jointLog] [info] Aggregating expressions to gene level
[2021-04-27 20:48:49.648] [jointLog] [info] done
