[2021-04-27 20:36:57.902] [jointLog] [info] setting maxHashResizeThreads to 6
[2021-04-27 20:36:57.902] [jointLog] [info] Fragment incompatibility prior below threshold.  Incompatible fragments will be ignored.
[2021-04-27 20:36:57.903] [jointLog] [info] numQuantThreads = 3
[2021-04-27 20:37:01.551] [fileLog] [info] quantification processed 0 fragments so far

[2021-04-27 20:37:01.293] [jointLog] [info] replaced 4 non-ACGT nucleotides with random nucleotides
[2021-04-27 20:37:04.572] [fileLog] [info] quantification processed 1000000 fragments so far

[2021-04-27 20:37:07.527] [fileLog] [info] quantification processed 2000000 fragments so far

[2021-04-27 20:37:09.073] [jointLog] [info] 

The alignment group queue pool has been exhausted.  3040037 extra fragments were allocated on the heap to saturate the pool.  No new fragments will be allocated


[2021-04-27 20:37:15.588] [fileLog] [info] quantification processed 3000000 fragments so far

[2021-04-27 20:37:29.152] [fileLog] [info] quantification processed 4000000 fragments so far

[2021-04-27 20:37:42.762] [fileLog] [info] quantification processed 5000000 fragments so far

[2021-04-27 20:37:56.260] [fileLog] [info] quantification processed 6000000 fragments so far

[2021-04-27 20:38:09.781] [fileLog] [info] quantification processed 7000000 fragments so far

[2021-04-27 20:38:12.810] [fileLog] [info] quantification processed 8000000 fragments so far

[2021-04-27 20:38:15.691] [fileLog] [info] quantification processed 9000000 fragments so far

[2021-04-27 20:38:18.611] [fileLog] [info] quantification processed 10000000 fragments so far

[2021-04-27 20:38:21.504] [fileLog] [info] quantification processed 11000000 fragments so far

[2021-04-27 20:38:24.361] [fileLog] [info] quantification processed 12000000 fragments so far

[2021-04-27 20:38:27.265] [fileLog] [info] quantification processed 13000000 fragments so far

[2021-04-27 20:38:30.139] [fileLog] [info] quantification processed 14000000 fragments so far

[2021-04-27 20:38:32.982] [fileLog] [info] quantification processed 15000000 fragments so far

[2021-04-27 20:38:35.837] [fileLog] [info] quantification processed 16000000 fragments so far

[2021-04-27 20:38:38.826] [fileLog] [info] quantification processed 17000000 fragments so far

[2021-04-27 20:38:41.699] [fileLog] [info] quantification processed 18000000 fragments so far

[2021-04-27 20:38:44.671] [fileLog] [info] quantification processed 19000000 fragments so far

[2021-04-27 20:38:47.553] [fileLog] [info] quantification processed 20000000 fragments so far

[2021-04-27 20:38:50.446] [fileLog] [info] quantification processed 21000000 fragments so far

[2021-04-27 20:38:53.298] [fileLog] [info] quantification processed 22000000 fragments so far

[2021-04-27 20:38:56.173] [fileLog] [info] quantification processed 23000000 fragments so far

[2021-04-27 20:38:59.072] [fileLog] [info] quantification processed 24000000 fragments so far

[2021-04-27 20:39:01.042] [fileLog] [info] quantification processed 24666648 fragments so far

[2021-04-27 20:39:06.194] [jointLog] [info] Thread saw mini-batch with a maximum of 2.60% zero probability fragments
[2021-04-27 20:39:06.196] [jointLog] [info] Thread saw mini-batch with a maximum of 2.20% zero probability fragments
[2021-04-27 20:39:06.198] [jointLog] [info] Thread saw mini-batch with a maximum of 2.90% zero probability fragments
[2021-04-27 20:39:06.198] [jointLog] [info] 


Completed first pass through the alignment file.
Total # of mapped reads : 24666648
# of uniquely mapped reads : 9686949
# ambiguously mapped reads : 14979699



[2021-04-27 20:39:06.320] [jointLog] [info] Computed 221194 rich equivalence classes for further processing
[2021-04-27 20:39:06.320] [jointLog] [info] Counted 24567728 total reads in the equivalence classes 
[2021-04-27 20:39:06.322] [jointLog] [info] starting optimizer
[2021-04-27 20:39:06.405] [jointLog] [info] Marked 0 weighted equivalence classes as degenerate
[2021-04-27 20:39:06.423] [jointLog] [info] iteration = 0 | max rel diff. = 8377.79
[2021-04-27 20:39:07.807] [jointLog] [info] iteration = 100 | max rel diff. = 6.48544
[2021-04-27 20:39:09.152] [jointLog] [info] iteration = 200 | max rel diff. = 1.12253
[2021-04-27 20:39:10.504] [jointLog] [info] iteration = 300 | max rel diff. = 7.53485
[2021-04-27 20:39:11.854] [jointLog] [info] iteration = 400 | max rel diff. = 3.09984
[2021-04-27 20:39:13.212] [jointLog] [info] iteration = 500 | max rel diff. = 0.837155
[2021-04-27 20:39:14.555] [jointLog] [info] iteration = 600 | max rel diff. = 0.683748
[2021-04-27 20:39:15.898] [jointLog] [info] iteration = 700 | max rel diff. = 0.287826
[2021-04-27 20:39:17.242] [jointLog] [info] iteration = 800 | max rel diff. = 3.54159
[2021-04-27 20:39:18.595] [jointLog] [info] iteration = 900 | max rel diff. = 0.0379907
[2021-04-27 20:39:19.937] [jointLog] [info] iteration = 1000 | max rel diff. = 0.178509
[2021-04-27 20:39:21.250] [jointLog] [info] iteration = 1100 | max rel diff. = 0.0660216
[2021-04-27 20:39:22.562] [jointLog] [info] iteration = 1200 | max rel diff. = 0.1708
[2021-04-27 20:39:23.889] [jointLog] [info] iteration = 1300 | max rel diff. = 0.147611
[2021-04-27 20:39:25.209] [jointLog] [info] iteration = 1400 | max rel diff. = 0.021073
[2021-04-27 20:39:26.522] [jointLog] [info] iteration = 1500 | max rel diff. = 0.0192092
[2021-04-27 20:39:27.846] [jointLog] [info] iteration = 1600 | max rel diff. = 0.0284626
[2021-04-27 20:39:29.169] [jointLog] [info] iteration = 1700 | max rel diff. = 0.016175
[2021-04-27 20:39:30.497] [jointLog] [info] iteration = 1800 | max rel diff. = 0.961551
[2021-04-27 20:39:31.812] [jointLog] [info] iteration = 1900 | max rel diff. = 0.0688109
[2021-04-27 20:39:32.655] [jointLog] [info] iteration = 1964 | max rel diff. = 0.00520576
[2021-04-27 20:39:32.682] [jointLog] [info] finished optimizer
[2021-04-27 20:39:32.682] [jointLog] [info] writing output
[2021-04-27 20:39:34.096] [jointLog] [info] Computing gene-level abundance estimates
[2021-04-27 20:39:58.831] [jointLog] [warning] Feature has no GFF ID
[2021-04-27 20:39:58.831] [jointLog] [warning] Feature has no GFF ID
[2021-04-27 20:39:58.831] [jointLog] [warning] Feature has no GFF ID
[2021-04-27 20:39:58.831] [jointLog] [warning] Feature has no GFF ID
[2021-04-27 20:39:58.831] [jointLog] [warning] Feature has no GFF ID
[2021-04-27 20:39:58.831] [jointLog] [warning] Feature has no GFF ID
[2021-04-27 20:39:58.831] [jointLog] [warning] Feature has no GFF ID
[2021-04-27 20:39:58.831] [jointLog] [warning] Feature has no GFF ID
[2021-04-27 20:39:58.831] [jointLog] [warning] Feature has no GFF ID
[2021-04-27 20:39:58.831] [jointLog] [warning] Feature has no GFF ID
[2021-04-27 20:39:58.831] [jointLog] [warning] Feature has no GFF ID
[2021-04-27 20:39:58.831] [jointLog] [warning] Feature has no GFF ID
[2021-04-27 20:39:58.831] [jointLog] [warning] Feature has no GFF ID
[2021-04-27 20:39:58.831] [jointLog] [warning] Feature has no GFF ID
[2021-04-27 20:39:58.831] [jointLog] [warning] Feature has no GFF ID
[2021-04-27 20:39:58.831] [jointLog] [warning] Feature has no GFF ID
[2021-04-27 20:39:58.831] [jointLog] [warning] Feature has no GFF ID
[2021-04-27 20:39:58.831] [jointLog] [warning] Feature has no GFF ID
[2021-04-27 20:39:58.831] [jointLog] [warning] Feature has no GFF ID
[2021-04-27 20:39:58.831] [jointLog] [warning] Feature has no GFF ID
[2021-04-27 20:39:58.831] [jointLog] [warning] Feature has no GFF ID
[2021-04-27 20:39:58.831] [jointLog] [warning] Feature has no GFF ID
[2021-04-27 20:39:58.831] [jointLog] [warning] Feature has no GFF ID
[2021-04-27 20:39:58.831] [jointLog] [warning] Feature has no GFF ID
[2021-04-27 20:39:58.831] [jointLog] [warning] Feature has no GFF ID
[2021-04-27 20:39:58.831] [jointLog] [warning] Feature has no GFF ID
[2021-04-27 20:39:58.831] [jointLog] [warning] Feature has no GFF ID
[2021-04-27 20:39:58.831] [jointLog] [warning] Feature has no GFF ID
[2021-04-27 20:39:58.831] [jointLog] [warning] Feature has no GFF ID
[2021-04-27 20:39:58.831] [jointLog] [warning] Feature has no GFF ID
[2021-04-27 20:39:58.831] [jointLog] [warning] Feature has no GFF ID
[2021-04-27 20:39:58.831] [jointLog] [warning] Feature has no GFF ID
[2021-04-27 20:39:58.831] [jointLog] [warning] Feature has no GFF ID
[2021-04-27 20:39:58.831] [jointLog] [warning] Feature has no GFF ID
[2021-04-27 20:39:58.831] [jointLog] [warning] Feature has no GFF ID
[2021-04-27 20:39:58.831] [jointLog] [warning] Feature has no GFF ID
[2021-04-27 20:39:58.831] [jointLog] [warning] Feature has no GFF ID
[2021-04-27 20:39:58.831] [jointLog] [warning] Feature has no GFF ID
[2021-04-27 20:39:58.831] [jointLog] [warning] Feature has no GFF ID
[2021-04-27 20:39:58.831] [jointLog] [warning] Feature has no GFF ID
[2021-04-27 20:39:58.831] [jointLog] [warning] Feature has no GFF ID
[2021-04-27 20:39:58.831] [jointLog] [warning] Feature has no GFF ID
[2021-04-27 20:39:58.831] [jointLog] [warning] Feature has no GFF ID
[2021-04-27 20:39:58.831] [jointLog] [warning] Feature has no GFF ID
[2021-04-27 20:39:58.831] [jointLog] [warning] Feature has no GFF ID
[2021-04-27 20:39:58.831] [jointLog] [warning] Feature has no GFF ID
[2021-04-27 20:39:58.831] [jointLog] [warning] Feature has no GFF ID
[2021-04-27 20:39:58.831] [jointLog] [warning] Feature has no GFF ID
[2021-04-27 20:39:58.831] [jointLog] [warning] Feature has no GFF ID
[2021-04-27 20:39:58.831] [jointLog] [warning] Feature has no GFF ID
[2021-04-27 20:39:58.831] [jointLog] [warning] Feature has no GFF ID
[2021-04-27 20:39:58.831] [jointLog] [warning] Feature has no GFF ID
[2021-04-27 20:39:58.831] [jointLog] [warning] Feature has no GFF ID
[2021-04-27 20:39:58.831] [jointLog] [warning] Feature has no GFF ID
[2021-04-27 20:39:58.831] [jointLog] [warning] Feature has no GFF ID
[2021-04-27 20:39:58.831] [jointLog] [warning] Feature has no GFF ID
[2021-04-27 20:39:58.831] [jointLog] [warning] Feature has no GFF ID
[2021-04-27 20:39:58.831] [jointLog] [warning] Feature has no GFF ID
[2021-04-27 20:39:58.831] [jointLog] [warning] Feature has no GFF ID
[2021-04-27 20:39:58.831] [jointLog] [warning] Feature has no GFF ID
[2021-04-27 20:39:58.831] [jointLog] [warning] Feature has no GFF ID
[2021-04-27 20:39:58.831] [jointLog] [warning] Feature has no GFF ID
[2021-04-27 20:39:58.831] [jointLog] [warning] Feature has no GFF ID
[2021-04-27 20:39:58.831] [jointLog] [warning] Feature has no GFF ID
[2021-04-27 20:39:58.831] [jointLog] [warning] Feature has no GFF ID
[2021-04-27 20:39:58.831] [jointLog] [warning] Feature has no GFF ID
[2021-04-27 20:39:58.831] [jointLog] [warning] Feature has no GFF ID
[2021-04-27 20:39:58.831] [jointLog] [warning] Feature has no GFF ID
[2021-04-27 20:39:58.831] [jointLog] [warning] Feature has no GFF ID
[2021-04-27 20:39:58.831] [jointLog] [warning] Feature has no GFF ID
[2021-04-27 20:39:58.831] [jointLog] [warning] Feature has no GFF ID
[2021-04-27 20:39:58.831] [jointLog] [warning] Feature has no GFF ID
[2021-04-27 20:39:58.831] [jointLog] [warning] Feature has no GFF ID
[2021-04-27 20:39:58.831] [jointLog] [warning] Feature has no GFF ID
[2021-04-27 20:39:58.831] [jointLog] [warning] Feature has no GFF ID
[2021-04-27 20:39:58.831] [jointLog] [warning] Feature has no GFF ID
[2021-04-27 20:39:58.831] [jointLog] [warning] Feature has no GFF ID
[2021-04-27 20:39:58.831] [jointLog] [warning] Feature has no GFF ID
[2021-04-27 20:39:58.831] [jointLog] [warning] Feature has no GFF ID
[2021-04-27 20:39:58.831] [jointLog] [warning] Feature has no GFF ID
[2021-04-27 20:39:58.831] [jointLog] [warning] Feature has no GFF ID
[2021-04-27 20:39:58.831] [jointLog] [warning] Feature has no GFF ID
[2021-04-27 20:39:58.831] [jointLog] [warning] Feature has no GFF ID
[2021-04-27 20:39:58.831] [jointLog] [warning] Feature has no GFF ID
[2021-04-27 20:39:58.831] [jointLog] [warning] Feature has no GFF ID
[2021-04-27 20:39:58.831] [jointLog] [warning] Feature has no GFF ID
[2021-04-27 20:39:58.831] [jointLog] [warning] Feature has no GFF ID
[2021-04-27 20:39:58.831] [jointLog] [warning] Feature has no GFF ID
[2021-04-27 20:39:58.831] [jointLog] [warning] Feature has no GFF ID
[2021-04-27 20:39:58.831] [jointLog] [warning] Feature has no GFF ID
[2021-04-27 20:39:58.831] [jointLog] [warning] Feature has no GFF ID
[2021-04-27 20:39:58.831] [jointLog] [warning] Feature has no GFF ID
[2021-04-27 20:39:59.094] [jointLog] [info] There were 142604 transcripts mapping to 55401 genes
[2021-04-27 20:39:59.094] [jointLog] [info] NOTE: We recommend using tximport (https://bioconductor.org/packages/release/bioc/html/tximport.html) for aggregating transcript-level salmon abundance estimates to the gene level.  It is more versatile, exposes more features, and allows considering multi-sample information during aggregation.
[2021-04-27 20:39:59.317] [jointLog] [warning] couldn't find transcript named [DQ459430] in transcript <-> gene map; returning transcript as it's own gene
[2021-04-27 20:39:59.317] [jointLog] [warning] couldn't find transcript named [DQ516784] in transcript <-> gene map; returning transcript as it's own gene
[2021-04-27 20:39:59.317] [jointLog] [warning] couldn't find transcript named [DQ516752] in transcript <-> gene map; returning transcript as it's own gene
[2021-04-27 20:39:59.317] [jointLog] [warning] couldn't find transcript named [DQ668364] in transcript <-> gene map; returning transcript as it's own gene
[2021-04-27 20:39:59.317] [jointLog] [warning] couldn't find transcript named [DQ883670] in transcript <-> gene map; returning transcript as it's own gene
[2021-04-27 20:39:59.317] [jointLog] [warning] couldn't find transcript named [EF011062] in transcript <-> gene map; returning transcript as it's own gene
[2021-04-27 20:39:59.317] [jointLog] [warning] couldn't find transcript named [DQ875385] in transcript <-> gene map; returning transcript as it's own gene
[2021-04-27 20:39:59.317] [jointLog] [warning] couldn't find transcript named [DQ883664] in transcript <-> gene map; returning transcript as it's own gene
[2021-04-27 20:39:59.317] [jointLog] [warning] couldn't find transcript named [DQ459420] in transcript <-> gene map; returning transcript as it's own gene
[2021-04-27 20:39:59.317] [jointLog] [warning] couldn't find transcript named [DQ883651] in transcript <-> gene map; returning transcript as it's own gene
[2021-04-27 20:39:59.317] [jointLog] [warning] couldn't find transcript named [DQ855004] in transcript <-> gene map; returning transcript as it's own gene
[2021-04-27 20:39:59.317] [jointLog] [warning] couldn't find transcript named [DQ854993] in transcript <-> gene map; returning transcript as it's own gene
[2021-04-27 20:39:59.317] [jointLog] [warning] couldn't find transcript named [DQ883689] in transcript <-> gene map; returning transcript as it's own gene
[2021-04-27 20:39:59.317] [jointLog] [warning] couldn't find transcript named [DQ459419] in transcript <-> gene map; returning transcript as it's own gene
[2021-04-27 20:39:59.317] [jointLog] [warning] couldn't find transcript named [DQ459431] in transcript <-> gene map; returning transcript as it's own gene
[2021-04-27 20:39:59.317] [jointLog] [warning] couldn't find transcript named [DQ516796] in transcript <-> gene map; returning transcript as it's own gene
[2021-04-27 20:39:59.317] [jointLog] [warning] couldn't find transcript named [DQ855001] in transcript <-> gene map; returning transcript as it's own gene
[2021-04-27 20:39:59.317] [jointLog] [warning] couldn't find transcript named [DQ459413] in transcript <-> gene map; returning transcript as it's own gene
[2021-04-27 20:39:59.317] [jointLog] [warning] couldn't find transcript named [DQ883656] in transcript <-> gene map; returning transcript as it's own gene
[2021-04-27 20:39:59.317] [jointLog] [warning] couldn't find transcript named [DQ883661] in transcript <-> gene map; returning transcript as it's own gene
[2021-04-27 20:39:59.317] [jointLog] [warning] couldn't find transcript named [EF011069] in transcript <-> gene map; returning transcript as it's own gene
[2021-04-27 20:39:59.317] [jointLog] [warning] couldn't find transcript named [DQ516783] in transcript <-> gene map; returning transcript as it's own gene
[2021-04-27 20:39:59.317] [jointLog] [warning] couldn't find transcript named [DQ516787] in transcript <-> gene map; returning transcript as it's own gene
[2021-04-27 20:39:59.317] [jointLog] [warning] couldn't find transcript named [DQ459424] in transcript <-> gene map; returning transcript as it's own gene
[2021-04-27 20:39:59.317] [jointLog] [warning] couldn't find transcript named [DQ516748] in transcript <-> gene map; returning transcript as it's own gene
[2021-04-27 20:39:59.317] [jointLog] [warning] couldn't find transcript named [DQ883671] in transcript <-> gene map; returning transcript as it's own gene
[2021-04-27 20:39:59.317] [jointLog] [warning] couldn't find transcript named [DQ516740] in transcript <-> gene map; returning transcript as it's own gene
[2021-04-27 20:39:59.317] [jointLog] [warning] couldn't find transcript named [DQ516785] in transcript <-> gene map; returning transcript as it's own gene
[2021-04-27 20:39:59.317] [jointLog] [warning] couldn't find transcript named [DQ516731] in transcript <-> gene map; returning transcript as it's own gene
[2021-04-27 20:39:59.317] [jointLog] [warning] couldn't find transcript named [DQ668366] in transcript <-> gene map; returning transcript as it's own gene
[2021-04-27 20:39:59.317] [jointLog] [warning] couldn't find transcript named [DQ459418] in transcript <-> gene map; returning transcript as it's own gene
[2021-04-27 20:39:59.317] [jointLog] [warning] couldn't find transcript named [DQ668356] in transcript <-> gene map; returning transcript as it's own gene
[2021-04-27 20:39:59.317] [jointLog] [warning] couldn't find transcript named [DQ516763] in transcript <-> gene map; returning transcript as it's own gene
[2021-04-27 20:39:59.317] [jointLog] [warning] couldn't find transcript named [DQ459426] in transcript <-> gene map; returning transcript as it's own gene
[2021-04-27 20:39:59.317] [jointLog] [warning] couldn't find transcript named [DQ516786] in transcript <-> gene map; returning transcript as it's own gene
[2021-04-27 20:39:59.317] [jointLog] [warning] couldn't find transcript named [DQ883653] in transcript <-> gene map; returning transcript as it's own gene
[2021-04-27 20:39:59.317] [jointLog] [warning] couldn't find transcript named [DQ459421] in transcript <-> gene map; returning transcript as it's own gene
[2021-04-27 20:39:59.317] [jointLog] [warning] couldn't find transcript named [DQ883654] in transcript <-> gene map; returning transcript as it's own gene
[2021-04-27 20:39:59.317] [jointLog] [warning] couldn't find transcript named [DQ668358] in transcript <-> gene map; returning transcript as it's own gene
[2021-04-27 20:39:59.317] [jointLog] [warning] couldn't find transcript named [DQ516754] in transcript <-> gene map; returning transcript as it's own gene
[2021-04-27 20:39:59.317] [jointLog] [warning] couldn't find transcript named [DQ516778] in transcript <-> gene map; returning transcript as it's own gene
[2021-04-27 20:39:59.317] [jointLog] [warning] couldn't find transcript named [DQ883650] in transcript <-> gene map; returning transcript as it's own gene
[2021-04-27 20:39:59.317] [jointLog] [warning] couldn't find transcript named [DQ516742] in transcript <-> gene map; returning transcript as it's own gene
[2021-04-27 20:39:59.317] [jointLog] [warning] couldn't find transcript named [DQ883673] in transcript <-> gene map; returning transcript as it's own gene
[2021-04-27 20:39:59.317] [jointLog] [warning] couldn't find transcript named [DQ883652] in transcript <-> gene map; returning transcript as it's own gene
[2021-04-27 20:39:59.317] [jointLog] [warning] couldn't find transcript named [DQ854991] in transcript <-> gene map; returning transcript as it's own gene
[2021-04-27 20:39:59.317] [jointLog] [warning] couldn't find transcript named [DQ516780] in transcript <-> gene map; returning transcript as it's own gene
[2021-04-27 20:39:59.317] [jointLog] [warning] couldn't find transcript named [DQ883682] in transcript <-> gene map; returning transcript as it's own gene
[2021-04-27 20:39:59.317] [jointLog] [warning] couldn't find transcript named [DQ883669] in transcript <-> gene map; returning transcript as it's own gene
[2021-04-27 20:39:59.317] [jointLog] [warning] couldn't find transcript named [DQ516791] in transcript <-> gene map; returning transcript as it's own gene
[2021-04-27 20:39:59.317] [jointLog] [warning] couldn't find transcript named [DQ459425] in transcript <-> gene map; returning transcript as it's own gene
[2021-04-27 20:39:59.317] [jointLog] [warning] couldn't find transcript named [DQ516759] in transcript <-> gene map; returning transcript as it's own gene
[2021-04-27 20:39:59.317] [jointLog] [warning] couldn't find transcript named [DQ459429] in transcript <-> gene map; returning transcript as it's own gene
[2021-04-27 20:39:59.317] [jointLog] [warning] couldn't find transcript named [DQ516758] in transcript <-> gene map; returning transcript as it's own gene
[2021-04-27 20:39:59.317] [jointLog] [warning] couldn't find transcript named [DQ459415] in transcript <-> gene map; returning transcript as it's own gene
[2021-04-27 20:39:59.317] [jointLog] [warning] couldn't find transcript named [DQ875387] in transcript <-> gene map; returning transcript as it's own gene
[2021-04-27 20:39:59.317] [jointLog] [warning] couldn't find transcript named [DQ516815] in transcript <-> gene map; returning transcript as it's own gene
[2021-04-27 20:39:59.317] [jointLog] [warning] couldn't find transcript named [DQ668365] in transcript <-> gene map; returning transcript as it's own gene
[2021-04-27 20:39:59.317] [jointLog] [warning] couldn't find transcript named [DQ854998] in transcript <-> gene map; returning transcript as it's own gene
[2021-04-27 20:39:59.317] [jointLog] [warning] couldn't find transcript named [DQ883685] in transcript <-> gene map; returning transcript as it's own gene
[2021-04-27 20:39:59.317] [jointLog] [warning] couldn't find transcript named [DQ459422] in transcript <-> gene map; returning transcript as it's own gene
[2021-04-27 20:39:59.317] [jointLog] [warning] couldn't find transcript named [DQ883663] in transcript <-> gene map; returning transcript as it's own gene
[2021-04-27 20:39:59.317] [jointLog] [warning] couldn't find transcript named [DQ668367] in transcript <-> gene map; returning transcript as it's own gene
[2021-04-27 20:39:59.317] [jointLog] [warning] couldn't find transcript named [DQ459412] in transcript <-> gene map; returning transcript as it's own gene
[2021-04-27 20:39:59.317] [jointLog] [warning] couldn't find transcript named [DQ854992] in transcript <-> gene map; returning transcript as it's own gene
[2021-04-27 20:39:59.317] [jointLog] [warning] couldn't find transcript named [DQ516782] in transcript <-> gene map; returning transcript as it's own gene
[2021-04-27 20:39:59.317] [jointLog] [warning] couldn't find transcript named [DQ459427] in transcript <-> gene map; returning transcript as it's own gene
[2021-04-27 20:39:59.317] [jointLog] [warning] couldn't find transcript named [EF011072] in transcript <-> gene map; returning transcript as it's own gene
[2021-04-27 20:39:59.317] [jointLog] [warning] couldn't find transcript named [DQ855003] in transcript <-> gene map; returning transcript as it's own gene
[2021-04-27 20:39:59.317] [jointLog] [warning] couldn't find transcript named [DQ516739] in transcript <-> gene map; returning transcript as it's own gene
[2021-04-27 20:39:59.317] [jointLog] [warning] couldn't find transcript named [EF011063] in transcript <-> gene map; returning transcript as it's own gene
[2021-04-27 20:39:59.317] [jointLog] [warning] couldn't find transcript named [DQ855000] in transcript <-> gene map; returning transcript as it's own gene
[2021-04-27 20:39:59.317] [jointLog] [warning] couldn't find transcript named [DQ516777] in transcript <-> gene map; returning transcript as it's own gene
[2021-04-27 20:39:59.317] [jointLog] [warning] couldn't find transcript named [DQ883646] in transcript <-> gene map; returning transcript as it's own gene
[2021-04-27 20:39:59.317] [jointLog] [warning] couldn't find transcript named [DQ668362] in transcript <-> gene map; returning transcript as it's own gene
[2021-04-27 20:39:59.317] [jointLog] [warning] couldn't find transcript named [DQ854995] in transcript <-> gene map; returning transcript as it's own gene
[2021-04-27 20:39:59.317] [jointLog] [warning] couldn't find transcript named [DQ875386] in transcript <-> gene map; returning transcript as it's own gene
[2021-04-27 20:39:59.317] [jointLog] [warning] couldn't find transcript named [DQ516790] in transcript <-> gene map; returning transcript as it's own gene
[2021-04-27 20:39:59.317] [jointLog] [warning] couldn't find transcript named [DQ883642] in transcript <-> gene map; returning transcript as it's own gene
[2021-04-27 20:39:59.317] [jointLog] [warning] couldn't find transcript named [DQ883659] in transcript <-> gene map; returning transcript as it's own gene
[2021-04-27 20:39:59.317] [jointLog] [warning] couldn't find transcript named [DQ854997] in transcript <-> gene map; returning transcript as it's own gene
[2021-04-27 20:39:59.317] [jointLog] [warning] couldn't find transcript named [DQ883643] in transcript <-> gene map; returning transcript as it's own gene
[2021-04-27 20:39:59.317] [jointLog] [warning] couldn't find transcript named [DQ839618] in transcript <-> gene map; returning transcript as it's own gene
[2021-04-27 20:39:59.317] [jointLog] [warning] couldn't find transcript named [DQ516795] in transcript <-> gene map; returning transcript as it's own gene
[2021-04-27 20:39:59.317] [jointLog] [warning] couldn't find transcript named [DQ883658] in transcript <-> gene map; returning transcript as it's own gene
[2021-04-27 20:39:59.317] [jointLog] [warning] couldn't find transcript named [DQ516750] in transcript <-> gene map; returning transcript as it's own gene
[2021-04-27 20:39:59.317] [jointLog] [warning] couldn't find transcript named [DQ668359] in transcript <-> gene map; returning transcript as it's own gene
[2021-04-27 20:39:59.317] [jointLog] [warning] couldn't find transcript named [DQ516779] in transcript <-> gene map; returning transcript as it's own gene
[2021-04-27 20:39:59.317] [jointLog] [warning] couldn't find transcript named [DQ668363] in transcript <-> gene map; returning transcript as it's own gene
[2021-04-27 20:39:59.317] [jointLog] [warning] couldn't find transcript named [DQ516776] in transcript <-> gene map; returning transcript as it's own gene
[2021-04-27 20:39:59.317] [jointLog] [warning] couldn't find transcript named [DQ516773] in transcript <-> gene map; returning transcript as it's own gene
[2021-04-27 20:39:59.317] [jointLog] [warning] couldn't find transcript named [DQ854994] in transcript <-> gene map; returning transcript as it's own gene
[2021-04-27 20:39:59.318] [jointLog] [info] Aggregating expressions to gene level
[2021-04-27 20:39:59.472] [jointLog] [info] done
