[2021-05-23 11:06:12.521] [jointLog] [info] setting maxHashResizeThreads to 6
[2021-05-23 11:06:12.521] [jointLog] [info] Fragment incompatibility prior below threshold.  Incompatible fragments will be ignored.
[2021-05-23 11:06:12.531] [jointLog] [info] numQuantThreads = 3
[2021-05-23 11:06:17.551] [jointLog] [info] replaced 4 non-ACGT nucleotides with random nucleotides
[2021-05-23 11:06:17.854] [fileLog] [info] quantification processed 0 fragments so far

[2021-05-23 11:06:20.792] [fileLog] [info] quantification processed 1000000 fragments so far

[2021-05-23 11:06:24.025] [fileLog] [info] quantification processed 2000000 fragments so far

[2021-05-23 11:06:25.474] [jointLog] [info] 

The alignment group queue pool has been exhausted.  3123156 extra fragments were allocated on the heap to saturate the pool.  No new fragments will be allocated


[2021-05-23 11:06:34.384] [fileLog] [info] quantification processed 3000000 fragments so far

[2021-05-23 11:06:50.439] [fileLog] [info] quantification processed 4000000 fragments so far

[2021-05-23 11:07:06.531] [fileLog] [info] quantification processed 5000000 fragments so far

[2021-05-23 11:07:22.466] [fileLog] [info] quantification processed 6000000 fragments so far

[2021-05-23 11:07:38.314] [fileLog] [info] quantification processed 7000000 fragments so far

[2021-05-23 11:07:41.937] [fileLog] [info] quantification processed 8000000 fragments so far

[2021-05-23 11:07:45.610] [fileLog] [info] quantification processed 9000000 fragments so far

[2021-05-23 11:07:49.272] [fileLog] [info] quantification processed 10000000 fragments so far

[2021-05-23 11:07:52.934] [fileLog] [info] quantification processed 11000000 fragments so far

[2021-05-23 11:07:56.525] [fileLog] [info] quantification processed 12000000 fragments so far

[2021-05-23 11:08:00.152] [fileLog] [info] quantification processed 13000000 fragments so far

[2021-05-23 11:08:03.799] [fileLog] [info] quantification processed 14000000 fragments so far

[2021-05-23 11:08:07.477] [fileLog] [info] quantification processed 15000000 fragments so far

[2021-05-23 11:08:11.108] [fileLog] [info] quantification processed 16000000 fragments so far

[2021-05-23 11:08:14.810] [fileLog] [info] quantification processed 17000000 fragments so far

[2021-05-23 11:08:18.450] [fileLog] [info] quantification processed 18000000 fragments so far

[2021-05-23 11:08:22.092] [fileLog] [info] quantification processed 19000000 fragments so far

[2021-05-23 11:08:25.908] [fileLog] [info] quantification processed 20000000 fragments so far

[2021-05-23 11:08:29.565] [fileLog] [info] quantification processed 21000000 fragments so far

[2021-05-23 11:08:33.209] [fileLog] [info] quantification processed 22000000 fragments so far

[2021-05-23 11:08:36.900] [fileLog] [info] quantification processed 23000000 fragments so far

[2021-05-23 11:08:40.534] [fileLog] [info] quantification processed 24000000 fragments so far

[2021-05-23 11:08:44.214] [fileLog] [info] quantification processed 25000000 fragments so far

[2021-05-23 11:08:47.946] [fileLog] [info] quantification processed 26000000 fragments so far

[2021-05-23 11:08:51.630] [fileLog] [info] quantification processed 27000000 fragments so far

[2021-05-23 11:08:55.322] [fileLog] [info] quantification processed 28000000 fragments so far

[2021-05-23 11:08:58.992] [fileLog] [info] quantification processed 29000000 fragments so far

[2021-05-23 11:09:02.634] [fileLog] [info] quantification processed 30000000 fragments so far

[2021-05-23 11:09:06.338] [fileLog] [info] quantification processed 31000000 fragments so far

[2021-05-23 11:09:09.990] [fileLog] [info] quantification processed 32000000 fragments so far

[2021-05-23 11:09:13.696] [fileLog] [info] quantification processed 33000000 fragments so far

[2021-05-23 11:09:17.398] [fileLog] [info] quantification processed 34000000 fragments so far

[2021-05-23 11:09:21.041] [fileLog] [info] quantification processed 35000000 fragments so far

[2021-05-23 11:09:24.789] [fileLog] [info] quantification processed 36000000 fragments so far

[2021-05-23 11:09:28.410] [fileLog] [info] quantification processed 37000000 fragments so far

[2021-05-23 11:09:32.098] [fileLog] [info] quantification processed 38000000 fragments so far

[2021-05-23 11:09:35.835] [fileLog] [info] quantification processed 39000000 fragments so far

[2021-05-23 11:09:39.476] [fileLog] [info] quantification processed 40000000 fragments so far

[2021-05-23 11:09:43.161] [fileLog] [info] quantification processed 41000000 fragments so far

[2021-05-23 11:09:46.809] [fileLog] [info] quantification processed 42000000 fragments so far

[2021-05-23 11:09:50.467] [fileLog] [info] quantification processed 43000000 fragments so far

[2021-05-23 11:09:54.171] [fileLog] [info] quantification processed 44000000 fragments so far

[2021-05-23 11:09:57.891] [fileLog] [info] quantification processed 45000000 fragments so far

[2021-05-23 11:10:01.602] [fileLog] [info] quantification processed 46000000 fragments so far

[2021-05-23 11:10:05.296] [fileLog] [info] quantification processed 47000000 fragments so far

[2021-05-23 11:10:08.932] [fileLog] [info] quantification processed 48000000 fragments so far

[2021-05-23 11:10:09.772] [fileLog] [info] quantification processed 48229982 fragments so far

[2021-05-23 11:10:16.755] [jointLog] [info] Thread saw mini-batch with a maximum of 5.50% zero probability fragments
[2021-05-23 11:10:16.756] [jointLog] [info] Thread saw mini-batch with a maximum of 4.40% zero probability fragments
[2021-05-23 11:10:16.765] [jointLog] [info] Thread saw mini-batch with a maximum of 5.70% zero probability fragments
[2021-05-23 11:10:16.766] [jointLog] [info] 


Completed first pass through the alignment file.
Total # of mapped reads : 48229982
# of uniquely mapped reads : 18831067
# ambiguously mapped reads : 29398915



[2021-05-23 11:10:16.931] [jointLog] [info] Computed 249186 rich equivalence classes for further processing
[2021-05-23 11:10:16.931] [jointLog] [info] Counted 48045254 total reads in the equivalence classes 
[2021-05-23 11:10:16.933] [jointLog] [info] starting optimizer
[2021-05-23 11:10:17.031] [jointLog] [info] Marked 0 weighted equivalence classes as degenerate
[2021-05-23 11:10:17.046] [jointLog] [info] iteration = 0 | max rel diff. = 1313.53
[2021-05-23 11:10:18.545] [jointLog] [info] iteration = 100 | max rel diff. = 1.14686
[2021-05-23 11:10:20.034] [jointLog] [info] iteration = 200 | max rel diff. = 6.33885
[2021-05-23 11:10:21.530] [jointLog] [info] iteration = 300 | max rel diff. = 6.75618
[2021-05-23 11:10:23.018] [jointLog] [info] iteration = 400 | max rel diff. = 1.63843
[2021-05-23 11:10:24.506] [jointLog] [info] iteration = 500 | max rel diff. = 1.69331
[2021-05-23 11:10:25.992] [jointLog] [info] iteration = 600 | max rel diff. = 0.909005
[2021-05-23 11:10:27.486] [jointLog] [info] iteration = 700 | max rel diff. = 0.504921
[2021-05-23 11:10:28.971] [jointLog] [info] iteration = 800 | max rel diff. = 0.581237
[2021-05-23 11:10:30.457] [jointLog] [info] iteration = 900 | max rel diff. = 0.222216
[2021-05-23 11:10:31.948] [jointLog] [info] iteration = 1000 | max rel diff. = 0.657528
[2021-05-23 11:10:33.434] [jointLog] [info] iteration = 1100 | max rel diff. = 0.182523
[2021-05-23 11:10:34.919] [jointLog] [info] iteration = 1200 | max rel diff. = 0.1091
[2021-05-23 11:10:36.403] [jointLog] [info] iteration = 1300 | max rel diff. = 0.0420179
[2021-05-23 11:10:37.894] [jointLog] [info] iteration = 1400 | max rel diff. = 0.274211
[2021-05-23 11:10:39.378] [jointLog] [info] iteration = 1500 | max rel diff. = 2.846
[2021-05-23 11:10:40.863] [jointLog] [info] iteration = 1600 | max rel diff. = 0.0744303
[2021-05-23 11:10:42.364] [jointLog] [info] iteration = 1700 | max rel diff. = 0.0815493
[2021-05-23 11:10:43.849] [jointLog] [info] iteration = 1800 | max rel diff. = 0.0199492
[2021-05-23 11:10:44.650] [jointLog] [info] iteration = 1855 | max rel diff. = 0.0095039
[2021-05-23 11:10:44.669] [jointLog] [info] finished optimizer
[2021-05-23 11:10:44.669] [jointLog] [info] writing output
[2021-05-23 11:10:46.325] [jointLog] [info] Computing gene-level abundance estimates
[2021-05-23 11:11:16.783] [jointLog] [warning] Feature has no GFF ID
[2021-05-23 11:11:16.783] [jointLog] [warning] Feature has no GFF ID
[2021-05-23 11:11:16.783] [jointLog] [warning] Feature has no GFF ID
[2021-05-23 11:11:16.783] [jointLog] [warning] Feature has no GFF ID
[2021-05-23 11:11:16.783] [jointLog] [warning] Feature has no GFF ID
[2021-05-23 11:11:16.783] [jointLog] [warning] Feature has no GFF ID
[2021-05-23 11:11:16.783] [jointLog] [warning] Feature has no GFF ID
[2021-05-23 11:11:16.783] [jointLog] [warning] Feature has no GFF ID
[2021-05-23 11:11:16.783] [jointLog] [warning] Feature has no GFF ID
[2021-05-23 11:11:16.783] [jointLog] [warning] Feature has no GFF ID
[2021-05-23 11:11:16.783] [jointLog] [warning] Feature has no GFF ID
[2021-05-23 11:11:16.783] [jointLog] [warning] Feature has no GFF ID
[2021-05-23 11:11:16.783] [jointLog] [warning] Feature has no GFF ID
[2021-05-23 11:11:16.783] [jointLog] [warning] Feature has no GFF ID
[2021-05-23 11:11:16.783] [jointLog] [warning] Feature has no GFF ID
[2021-05-23 11:11:16.783] [jointLog] [warning] Feature has no GFF ID
[2021-05-23 11:11:16.783] [jointLog] [warning] Feature has no GFF ID
[2021-05-23 11:11:16.783] [jointLog] [warning] Feature has no GFF ID
[2021-05-23 11:11:16.783] [jointLog] [warning] Feature has no GFF ID
[2021-05-23 11:11:16.783] [jointLog] [warning] Feature has no GFF ID
[2021-05-23 11:11:16.783] [jointLog] [warning] Feature has no GFF ID
[2021-05-23 11:11:16.783] [jointLog] [warning] Feature has no GFF ID
[2021-05-23 11:11:16.783] [jointLog] [warning] Feature has no GFF ID
[2021-05-23 11:11:16.783] [jointLog] [warning] Feature has no GFF ID
[2021-05-23 11:11:16.783] [jointLog] [warning] Feature has no GFF ID
[2021-05-23 11:11:16.783] [jointLog] [warning] Feature has no GFF ID
[2021-05-23 11:11:16.783] [jointLog] [warning] Feature has no GFF ID
[2021-05-23 11:11:16.783] [jointLog] [warning] Feature has no GFF ID
[2021-05-23 11:11:16.783] [jointLog] [warning] Feature has no GFF ID
[2021-05-23 11:11:16.783] [jointLog] [warning] Feature has no GFF ID
[2021-05-23 11:11:16.783] [jointLog] [warning] Feature has no GFF ID
[2021-05-23 11:11:16.783] [jointLog] [warning] Feature has no GFF ID
[2021-05-23 11:11:16.783] [jointLog] [warning] Feature has no GFF ID
[2021-05-23 11:11:16.783] [jointLog] [warning] Feature has no GFF ID
[2021-05-23 11:11:16.783] [jointLog] [warning] Feature has no GFF ID
[2021-05-23 11:11:16.783] [jointLog] [warning] Feature has no GFF ID
[2021-05-23 11:11:16.783] [jointLog] [warning] Feature has no GFF ID
[2021-05-23 11:11:16.783] [jointLog] [warning] Feature has no GFF ID
[2021-05-23 11:11:16.783] [jointLog] [warning] Feature has no GFF ID
[2021-05-23 11:11:16.783] [jointLog] [warning] Feature has no GFF ID
[2021-05-23 11:11:16.783] [jointLog] [warning] Feature has no GFF ID
[2021-05-23 11:11:16.783] [jointLog] [warning] Feature has no GFF ID
[2021-05-23 11:11:16.783] [jointLog] [warning] Feature has no GFF ID
[2021-05-23 11:11:16.783] [jointLog] [warning] Feature has no GFF ID
[2021-05-23 11:11:16.783] [jointLog] [warning] Feature has no GFF ID
[2021-05-23 11:11:16.783] [jointLog] [warning] Feature has no GFF ID
[2021-05-23 11:11:16.783] [jointLog] [warning] Feature has no GFF ID
[2021-05-23 11:11:16.783] [jointLog] [warning] Feature has no GFF ID
[2021-05-23 11:11:16.783] [jointLog] [warning] Feature has no GFF ID
[2021-05-23 11:11:16.783] [jointLog] [warning] Feature has no GFF ID
[2021-05-23 11:11:16.783] [jointLog] [warning] Feature has no GFF ID
[2021-05-23 11:11:16.783] [jointLog] [warning] Feature has no GFF ID
[2021-05-23 11:11:16.783] [jointLog] [warning] Feature has no GFF ID
[2021-05-23 11:11:16.783] [jointLog] [warning] Feature has no GFF ID
[2021-05-23 11:11:16.783] [jointLog] [warning] Feature has no GFF ID
[2021-05-23 11:11:16.783] [jointLog] [warning] Feature has no GFF ID
[2021-05-23 11:11:16.783] [jointLog] [warning] Feature has no GFF ID
[2021-05-23 11:11:16.783] [jointLog] [warning] Feature has no GFF ID
[2021-05-23 11:11:16.783] [jointLog] [warning] Feature has no GFF ID
[2021-05-23 11:11:16.783] [jointLog] [warning] Feature has no GFF ID
[2021-05-23 11:11:16.783] [jointLog] [warning] Feature has no GFF ID
[2021-05-23 11:11:16.783] [jointLog] [warning] Feature has no GFF ID
[2021-05-23 11:11:16.783] [jointLog] [warning] Feature has no GFF ID
[2021-05-23 11:11:16.783] [jointLog] [warning] Feature has no GFF ID
[2021-05-23 11:11:16.783] [jointLog] [warning] Feature has no GFF ID
[2021-05-23 11:11:16.783] [jointLog] [warning] Feature has no GFF ID
[2021-05-23 11:11:16.783] [jointLog] [warning] Feature has no GFF ID
[2021-05-23 11:11:16.783] [jointLog] [warning] Feature has no GFF ID
[2021-05-23 11:11:16.783] [jointLog] [warning] Feature has no GFF ID
[2021-05-23 11:11:16.783] [jointLog] [warning] Feature has no GFF ID
[2021-05-23 11:11:16.783] [jointLog] [warning] Feature has no GFF ID
[2021-05-23 11:11:16.783] [jointLog] [warning] Feature has no GFF ID
[2021-05-23 11:11:16.783] [jointLog] [warning] Feature has no GFF ID
[2021-05-23 11:11:16.783] [jointLog] [warning] Feature has no GFF ID
[2021-05-23 11:11:16.783] [jointLog] [warning] Feature has no GFF ID
[2021-05-23 11:11:16.783] [jointLog] [warning] Feature has no GFF ID
[2021-05-23 11:11:16.783] [jointLog] [warning] Feature has no GFF ID
[2021-05-23 11:11:16.783] [jointLog] [warning] Feature has no GFF ID
[2021-05-23 11:11:16.783] [jointLog] [warning] Feature has no GFF ID
[2021-05-23 11:11:16.783] [jointLog] [warning] Feature has no GFF ID
[2021-05-23 11:11:16.783] [jointLog] [warning] Feature has no GFF ID
[2021-05-23 11:11:16.783] [jointLog] [warning] Feature has no GFF ID
[2021-05-23 11:11:16.783] [jointLog] [warning] Feature has no GFF ID
[2021-05-23 11:11:16.783] [jointLog] [warning] Feature has no GFF ID
[2021-05-23 11:11:16.783] [jointLog] [warning] Feature has no GFF ID
[2021-05-23 11:11:16.783] [jointLog] [warning] Feature has no GFF ID
[2021-05-23 11:11:16.783] [jointLog] [warning] Feature has no GFF ID
[2021-05-23 11:11:16.783] [jointLog] [warning] Feature has no GFF ID
[2021-05-23 11:11:16.783] [jointLog] [warning] Feature has no GFF ID
[2021-05-23 11:11:16.783] [jointLog] [warning] Feature has no GFF ID
[2021-05-23 11:11:16.783] [jointLog] [warning] Feature has no GFF ID
[2021-05-23 11:11:16.783] [jointLog] [warning] Feature has no GFF ID
[2021-05-23 11:11:17.131] [jointLog] [info] There were 142604 transcripts mapping to 55401 genes
[2021-05-23 11:11:17.131] [jointLog] [info] NOTE: We recommend using tximport (https://bioconductor.org/packages/release/bioc/html/tximport.html) for aggregating transcript-level salmon abundance estimates to the gene level.  It is more versatile, exposes more features, and allows considering multi-sample information during aggregation.
[2021-05-23 11:11:17.458] [jointLog] [warning] couldn't find transcript named [DQ459430] in transcript <-> gene map; returning transcript as it's own gene
[2021-05-23 11:11:17.458] [jointLog] [warning] couldn't find transcript named [DQ516784] in transcript <-> gene map; returning transcript as it's own gene
[2021-05-23 11:11:17.458] [jointLog] [warning] couldn't find transcript named [DQ516752] in transcript <-> gene map; returning transcript as it's own gene
[2021-05-23 11:11:17.458] [jointLog] [warning] couldn't find transcript named [DQ668364] in transcript <-> gene map; returning transcript as it's own gene
[2021-05-23 11:11:17.458] [jointLog] [warning] couldn't find transcript named [DQ883670] in transcript <-> gene map; returning transcript as it's own gene
[2021-05-23 11:11:17.458] [jointLog] [warning] couldn't find transcript named [EF011062] in transcript <-> gene map; returning transcript as it's own gene
[2021-05-23 11:11:17.458] [jointLog] [warning] couldn't find transcript named [DQ875385] in transcript <-> gene map; returning transcript as it's own gene
[2021-05-23 11:11:17.458] [jointLog] [warning] couldn't find transcript named [DQ883664] in transcript <-> gene map; returning transcript as it's own gene
[2021-05-23 11:11:17.459] [jointLog] [warning] couldn't find transcript named [DQ459420] in transcript <-> gene map; returning transcript as it's own gene
[2021-05-23 11:11:17.459] [jointLog] [warning] couldn't find transcript named [DQ883651] in transcript <-> gene map; returning transcript as it's own gene
[2021-05-23 11:11:17.459] [jointLog] [warning] couldn't find transcript named [DQ855004] in transcript <-> gene map; returning transcript as it's own gene
[2021-05-23 11:11:17.459] [jointLog] [warning] couldn't find transcript named [DQ854993] in transcript <-> gene map; returning transcript as it's own gene
[2021-05-23 11:11:17.459] [jointLog] [warning] couldn't find transcript named [DQ883689] in transcript <-> gene map; returning transcript as it's own gene
[2021-05-23 11:11:17.459] [jointLog] [warning] couldn't find transcript named [DQ459419] in transcript <-> gene map; returning transcript as it's own gene
[2021-05-23 11:11:17.459] [jointLog] [warning] couldn't find transcript named [DQ459431] in transcript <-> gene map; returning transcript as it's own gene
[2021-05-23 11:11:17.459] [jointLog] [warning] couldn't find transcript named [DQ516796] in transcript <-> gene map; returning transcript as it's own gene
[2021-05-23 11:11:17.459] [jointLog] [warning] couldn't find transcript named [DQ855001] in transcript <-> gene map; returning transcript as it's own gene
[2021-05-23 11:11:17.459] [jointLog] [warning] couldn't find transcript named [DQ459413] in transcript <-> gene map; returning transcript as it's own gene
[2021-05-23 11:11:17.459] [jointLog] [warning] couldn't find transcript named [DQ883656] in transcript <-> gene map; returning transcript as it's own gene
[2021-05-23 11:11:17.459] [jointLog] [warning] couldn't find transcript named [DQ883661] in transcript <-> gene map; returning transcript as it's own gene
[2021-05-23 11:11:17.459] [jointLog] [warning] couldn't find transcript named [EF011069] in transcript <-> gene map; returning transcript as it's own gene
[2021-05-23 11:11:17.459] [jointLog] [warning] couldn't find transcript named [DQ516783] in transcript <-> gene map; returning transcript as it's own gene
[2021-05-23 11:11:17.459] [jointLog] [warning] couldn't find transcript named [DQ516787] in transcript <-> gene map; returning transcript as it's own gene
[2021-05-23 11:11:17.459] [jointLog] [warning] couldn't find transcript named [DQ459424] in transcript <-> gene map; returning transcript as it's own gene
[2021-05-23 11:11:17.459] [jointLog] [warning] couldn't find transcript named [DQ516748] in transcript <-> gene map; returning transcript as it's own gene
[2021-05-23 11:11:17.459] [jointLog] [warning] couldn't find transcript named [DQ883671] in transcript <-> gene map; returning transcript as it's own gene
[2021-05-23 11:11:17.459] [jointLog] [warning] couldn't find transcript named [DQ516740] in transcript <-> gene map; returning transcript as it's own gene
[2021-05-23 11:11:17.459] [jointLog] [warning] couldn't find transcript named [DQ516785] in transcript <-> gene map; returning transcript as it's own gene
[2021-05-23 11:11:17.459] [jointLog] [warning] couldn't find transcript named [DQ516731] in transcript <-> gene map; returning transcript as it's own gene
[2021-05-23 11:11:17.459] [jointLog] [warning] couldn't find transcript named [DQ668366] in transcript <-> gene map; returning transcript as it's own gene
[2021-05-23 11:11:17.459] [jointLog] [warning] couldn't find transcript named [DQ459418] in transcript <-> gene map; returning transcript as it's own gene
[2021-05-23 11:11:17.459] [jointLog] [warning] couldn't find transcript named [DQ668356] in transcript <-> gene map; returning transcript as it's own gene
[2021-05-23 11:11:17.459] [jointLog] [warning] couldn't find transcript named [DQ516763] in transcript <-> gene map; returning transcript as it's own gene
[2021-05-23 11:11:17.459] [jointLog] [warning] couldn't find transcript named [DQ459426] in transcript <-> gene map; returning transcript as it's own gene
[2021-05-23 11:11:17.459] [jointLog] [warning] couldn't find transcript named [DQ516786] in transcript <-> gene map; returning transcript as it's own gene
[2021-05-23 11:11:17.459] [jointLog] [warning] couldn't find transcript named [DQ883653] in transcript <-> gene map; returning transcript as it's own gene
[2021-05-23 11:11:17.459] [jointLog] [warning] couldn't find transcript named [DQ459421] in transcript <-> gene map; returning transcript as it's own gene
[2021-05-23 11:11:17.459] [jointLog] [warning] couldn't find transcript named [DQ883654] in transcript <-> gene map; returning transcript as it's own gene
[2021-05-23 11:11:17.459] [jointLog] [warning] couldn't find transcript named [DQ668358] in transcript <-> gene map; returning transcript as it's own gene
[2021-05-23 11:11:17.459] [jointLog] [warning] couldn't find transcript named [DQ516754] in transcript <-> gene map; returning transcript as it's own gene
[2021-05-23 11:11:17.459] [jointLog] [warning] couldn't find transcript named [DQ516778] in transcript <-> gene map; returning transcript as it's own gene
[2021-05-23 11:11:17.459] [jointLog] [warning] couldn't find transcript named [DQ883650] in transcript <-> gene map; returning transcript as it's own gene
[2021-05-23 11:11:17.459] [jointLog] [warning] couldn't find transcript named [DQ516742] in transcript <-> gene map; returning transcript as it's own gene
[2021-05-23 11:11:17.459] [jointLog] [warning] couldn't find transcript named [DQ883673] in transcript <-> gene map; returning transcript as it's own gene
[2021-05-23 11:11:17.459] [jointLog] [warning] couldn't find transcript named [DQ883652] in transcript <-> gene map; returning transcript as it's own gene
[2021-05-23 11:11:17.459] [jointLog] [warning] couldn't find transcript named [DQ854991] in transcript <-> gene map; returning transcript as it's own gene
[2021-05-23 11:11:17.459] [jointLog] [warning] couldn't find transcript named [DQ516780] in transcript <-> gene map; returning transcript as it's own gene
[2021-05-23 11:11:17.459] [jointLog] [warning] couldn't find transcript named [DQ883682] in transcript <-> gene map; returning transcript as it's own gene
[2021-05-23 11:11:17.459] [jointLog] [warning] couldn't find transcript named [DQ883669] in transcript <-> gene map; returning transcript as it's own gene
[2021-05-23 11:11:17.459] [jointLog] [warning] couldn't find transcript named [DQ516791] in transcript <-> gene map; returning transcript as it's own gene
[2021-05-23 11:11:17.459] [jointLog] [warning] couldn't find transcript named [DQ459425] in transcript <-> gene map; returning transcript as it's own gene
[2021-05-23 11:11:17.459] [jointLog] [warning] couldn't find transcript named [DQ516759] in transcript <-> gene map; returning transcript as it's own gene
[2021-05-23 11:11:17.459] [jointLog] [warning] couldn't find transcript named [DQ459429] in transcript <-> gene map; returning transcript as it's own gene
[2021-05-23 11:11:17.459] [jointLog] [warning] couldn't find transcript named [DQ516758] in transcript <-> gene map; returning transcript as it's own gene
[2021-05-23 11:11:17.459] [jointLog] [warning] couldn't find transcript named [DQ459415] in transcript <-> gene map; returning transcript as it's own gene
[2021-05-23 11:11:17.459] [jointLog] [warning] couldn't find transcript named [DQ875387] in transcript <-> gene map; returning transcript as it's own gene
[2021-05-23 11:11:17.459] [jointLog] [warning] couldn't find transcript named [DQ516815] in transcript <-> gene map; returning transcript as it's own gene
[2021-05-23 11:11:17.459] [jointLog] [warning] couldn't find transcript named [DQ668365] in transcript <-> gene map; returning transcript as it's own gene
[2021-05-23 11:11:17.459] [jointLog] [warning] couldn't find transcript named [DQ854998] in transcript <-> gene map; returning transcript as it's own gene
[2021-05-23 11:11:17.459] [jointLog] [warning] couldn't find transcript named [DQ883685] in transcript <-> gene map; returning transcript as it's own gene
[2021-05-23 11:11:17.459] [jointLog] [warning] couldn't find transcript named [DQ459422] in transcript <-> gene map; returning transcript as it's own gene
[2021-05-23 11:11:17.459] [jointLog] [warning] couldn't find transcript named [DQ883663] in transcript <-> gene map; returning transcript as it's own gene
[2021-05-23 11:11:17.459] [jointLog] [warning] couldn't find transcript named [DQ668367] in transcript <-> gene map; returning transcript as it's own gene
[2021-05-23 11:11:17.459] [jointLog] [warning] couldn't find transcript named [DQ459412] in transcript <-> gene map; returning transcript as it's own gene
[2021-05-23 11:11:17.459] [jointLog] [warning] couldn't find transcript named [DQ854992] in transcript <-> gene map; returning transcript as it's own gene
[2021-05-23 11:11:17.459] [jointLog] [warning] couldn't find transcript named [DQ516782] in transcript <-> gene map; returning transcript as it's own gene
[2021-05-23 11:11:17.459] [jointLog] [warning] couldn't find transcript named [DQ459427] in transcript <-> gene map; returning transcript as it's own gene
[2021-05-23 11:11:17.459] [jointLog] [warning] couldn't find transcript named [EF011072] in transcript <-> gene map; returning transcript as it's own gene
[2021-05-23 11:11:17.459] [jointLog] [warning] couldn't find transcript named [DQ855003] in transcript <-> gene map; returning transcript as it's own gene
[2021-05-23 11:11:17.459] [jointLog] [warning] couldn't find transcript named [DQ516739] in transcript <-> gene map; returning transcript as it's own gene
[2021-05-23 11:11:17.459] [jointLog] [warning] couldn't find transcript named [EF011063] in transcript <-> gene map; returning transcript as it's own gene
[2021-05-23 11:11:17.459] [jointLog] [warning] couldn't find transcript named [DQ855000] in transcript <-> gene map; returning transcript as it's own gene
[2021-05-23 11:11:17.459] [jointLog] [warning] couldn't find transcript named [DQ516777] in transcript <-> gene map; returning transcript as it's own gene
[2021-05-23 11:11:17.459] [jointLog] [warning] couldn't find transcript named [DQ883646] in transcript <-> gene map; returning transcript as it's own gene
[2021-05-23 11:11:17.459] [jointLog] [warning] couldn't find transcript named [DQ668362] in transcript <-> gene map; returning transcript as it's own gene
[2021-05-23 11:11:17.459] [jointLog] [warning] couldn't find transcript named [DQ854995] in transcript <-> gene map; returning transcript as it's own gene
[2021-05-23 11:11:17.459] [jointLog] [warning] couldn't find transcript named [DQ875386] in transcript <-> gene map; returning transcript as it's own gene
[2021-05-23 11:11:17.459] [jointLog] [warning] couldn't find transcript named [DQ516790] in transcript <-> gene map; returning transcript as it's own gene
[2021-05-23 11:11:17.459] [jointLog] [warning] couldn't find transcript named [DQ883642] in transcript <-> gene map; returning transcript as it's own gene
[2021-05-23 11:11:17.459] [jointLog] [warning] couldn't find transcript named [DQ883659] in transcript <-> gene map; returning transcript as it's own gene
[2021-05-23 11:11:17.459] [jointLog] [warning] couldn't find transcript named [DQ854997] in transcript <-> gene map; returning transcript as it's own gene
[2021-05-23 11:11:17.459] [jointLog] [warning] couldn't find transcript named [DQ883643] in transcript <-> gene map; returning transcript as it's own gene
[2021-05-23 11:11:17.459] [jointLog] [warning] couldn't find transcript named [DQ839618] in transcript <-> gene map; returning transcript as it's own gene
[2021-05-23 11:11:17.459] [jointLog] [warning] couldn't find transcript named [DQ516795] in transcript <-> gene map; returning transcript as it's own gene
[2021-05-23 11:11:17.459] [jointLog] [warning] couldn't find transcript named [DQ883658] in transcript <-> gene map; returning transcript as it's own gene
[2021-05-23 11:11:17.459] [jointLog] [warning] couldn't find transcript named [DQ516750] in transcript <-> gene map; returning transcript as it's own gene
[2021-05-23 11:11:17.459] [jointLog] [warning] couldn't find transcript named [DQ668359] in transcript <-> gene map; returning transcript as it's own gene
[2021-05-23 11:11:17.459] [jointLog] [warning] couldn't find transcript named [DQ516779] in transcript <-> gene map; returning transcript as it's own gene
[2021-05-23 11:11:17.459] [jointLog] [warning] couldn't find transcript named [DQ668363] in transcript <-> gene map; returning transcript as it's own gene
[2021-05-23 11:11:17.459] [jointLog] [warning] couldn't find transcript named [DQ516776] in transcript <-> gene map; returning transcript as it's own gene
[2021-05-23 11:11:17.459] [jointLog] [warning] couldn't find transcript named [DQ516773] in transcript <-> gene map; returning transcript as it's own gene
[2021-05-23 11:11:17.459] [jointLog] [warning] couldn't find transcript named [DQ854994] in transcript <-> gene map; returning transcript as it's own gene
[2021-05-23 11:11:17.459] [jointLog] [info] Aggregating expressions to gene level
[2021-05-23 11:11:17.634] [jointLog] [info] done
