[2021-04-27 20:15:53.581] [jointLog] [info] setting maxHashResizeThreads to 6
[2021-04-27 20:15:53.581] [jointLog] [info] Fragment incompatibility prior below threshold.  Incompatible fragments will be ignored.
[2021-04-27 20:15:53.583] [jointLog] [info] numQuantThreads = 3
[2021-04-27 20:15:57.567] [jointLog] [info] replaced 4 non-ACGT nucleotides with random nucleotides
[2021-04-27 20:15:57.854] [fileLog] [info] quantification processed 0 fragments so far

[2021-04-27 20:16:00.908] [fileLog] [info] quantification processed 1000000 fragments so far

[2021-04-27 20:16:04.088] [fileLog] [info] quantification processed 2000000 fragments so far

[2021-04-27 20:16:05.763] [jointLog] [info] 

The alignment group queue pool has been exhausted.  3214049 extra fragments were allocated on the heap to saturate the pool.  No new fragments will be allocated


[2021-04-27 20:16:12.467] [fileLog] [info] quantification processed 3000000 fragments so far

[2021-04-27 20:16:26.746] [fileLog] [info] quantification processed 4000000 fragments so far

[2021-04-27 20:16:41.041] [fileLog] [info] quantification processed 5000000 fragments so far

[2021-04-27 20:16:55.305] [fileLog] [info] quantification processed 6000000 fragments so far

[2021-04-27 20:17:09.525] [fileLog] [info] quantification processed 7000000 fragments so far

[2021-04-27 20:17:12.717] [fileLog] [info] quantification processed 8000000 fragments so far

[2021-04-27 20:17:15.885] [fileLog] [info] quantification processed 9000000 fragments so far

[2021-04-27 20:17:19.031] [fileLog] [info] quantification processed 10000000 fragments so far

[2021-04-27 20:17:22.182] [fileLog] [info] quantification processed 11000000 fragments so far

[2021-04-27 20:17:25.271] [fileLog] [info] quantification processed 12000000 fragments so far

[2021-04-27 20:17:28.372] [fileLog] [info] quantification processed 13000000 fragments so far

[2021-04-27 20:17:31.417] [fileLog] [info] quantification processed 14000000 fragments so far

[2021-04-27 20:17:34.510] [fileLog] [info] quantification processed 15000000 fragments so far

[2021-04-27 20:17:37.601] [fileLog] [info] quantification processed 16000000 fragments so far

[2021-04-27 20:17:40.688] [fileLog] [info] quantification processed 17000000 fragments so far

[2021-04-27 20:17:43.751] [fileLog] [info] quantification processed 18000000 fragments so far

[2021-04-27 20:17:46.832] [fileLog] [info] quantification processed 19000000 fragments so far

[2021-04-27 20:17:49.923] [fileLog] [info] quantification processed 20000000 fragments so far

[2021-04-27 20:17:52.992] [fileLog] [info] quantification processed 21000000 fragments so far

[2021-04-27 20:17:55.998] [fileLog] [info] quantification processed 22000000 fragments so far

[2021-04-27 20:17:59.068] [fileLog] [info] quantification processed 23000000 fragments so far

[2021-04-27 20:18:00.571] [fileLog] [info] quantification processed 23492841 fragments so far

[2021-04-27 20:18:06.538] [jointLog] [info] Thread saw mini-batch with a maximum of 3.00% zero probability fragments
[2021-04-27 20:18:06.542] [jointLog] [info] Thread saw mini-batch with a maximum of 2.60% zero probability fragments
[2021-04-27 20:18:06.543] [jointLog] [info] Thread saw mini-batch with a maximum of 2.90% zero probability fragments
[2021-04-27 20:18:06.543] [jointLog] [info] 


Completed first pass through the alignment file.
Total # of mapped reads : 23492841
# of uniquely mapped reads : 8695081
# ambiguously mapped reads : 14797760



[2021-04-27 20:18:06.671] [jointLog] [info] Computed 215444 rich equivalence classes for further processing
[2021-04-27 20:18:06.671] [jointLog] [info] Counted 23418439 total reads in the equivalence classes 
[2021-04-27 20:18:06.673] [jointLog] [info] starting optimizer
[2021-04-27 20:18:06.767] [jointLog] [info] Marked 0 weighted equivalence classes as degenerate
[2021-04-27 20:18:06.785] [jointLog] [info] iteration = 0 | max rel diff. = 8653.23
[2021-04-27 20:18:08.245] [jointLog] [info] iteration = 100 | max rel diff. = 19.5465
[2021-04-27 20:18:09.694] [jointLog] [info] iteration = 200 | max rel diff. = 7.20205
[2021-04-27 20:18:11.133] [jointLog] [info] iteration = 300 | max rel diff. = 4.20955
[2021-04-27 20:18:12.613] [jointLog] [info] iteration = 400 | max rel diff. = 10.0753
[2021-04-27 20:18:14.079] [jointLog] [info] iteration = 500 | max rel diff. = 0.139466
[2021-04-27 20:18:15.518] [jointLog] [info] iteration = 600 | max rel diff. = 0.155412
[2021-04-27 20:18:16.953] [jointLog] [info] iteration = 700 | max rel diff. = 0.360684
[2021-04-27 20:18:18.389] [jointLog] [info] iteration = 800 | max rel diff. = 1.45806
[2021-04-27 20:18:19.828] [jointLog] [info] iteration = 900 | max rel diff. = 0.0310299
[2021-04-27 20:18:21.269] [jointLog] [info] iteration = 1000 | max rel diff. = 0.213561
[2021-04-27 20:18:22.700] [jointLog] [info] iteration = 1100 | max rel diff. = 0.0601458
[2021-04-27 20:18:24.146] [jointLog] [info] iteration = 1200 | max rel diff. = 0.0768171
[2021-04-27 20:18:25.581] [jointLog] [info] iteration = 1300 | max rel diff. = 0.115857
[2021-04-27 20:18:27.032] [jointLog] [info] iteration = 1400 | max rel diff. = 0.0329785
[2021-04-27 20:18:28.466] [jointLog] [info] iteration = 1500 | max rel diff. = 0.0300482
[2021-04-27 20:18:29.908] [jointLog] [info] iteration = 1600 | max rel diff. = 0.0266789
[2021-04-27 20:18:31.340] [jointLog] [info] iteration = 1700 | max rel diff. = 0.0311782
[2021-04-27 20:18:31.811] [jointLog] [info] iteration = 1734 | max rel diff. = 0.0068521
[2021-04-27 20:18:31.841] [jointLog] [info] finished optimizer
[2021-04-27 20:18:31.841] [jointLog] [info] writing output
[2021-04-27 20:18:33.472] [jointLog] [info] Computing gene-level abundance estimates
[2021-04-27 20:19:02.266] [jointLog] [warning] Feature has no GFF ID
[2021-04-27 20:19:02.266] [jointLog] [warning] Feature has no GFF ID
[2021-04-27 20:19:02.266] [jointLog] [warning] Feature has no GFF ID
[2021-04-27 20:19:02.266] [jointLog] [warning] Feature has no GFF ID
[2021-04-27 20:19:02.266] [jointLog] [warning] Feature has no GFF ID
[2021-04-27 20:19:02.266] [jointLog] [warning] Feature has no GFF ID
[2021-04-27 20:19:02.266] [jointLog] [warning] Feature has no GFF ID
[2021-04-27 20:19:02.267] [jointLog] [warning] Feature has no GFF ID
[2021-04-27 20:19:02.267] [jointLog] [warning] Feature has no GFF ID
[2021-04-27 20:19:02.267] [jointLog] [warning] Feature has no GFF ID
[2021-04-27 20:19:02.267] [jointLog] [warning] Feature has no GFF ID
[2021-04-27 20:19:02.267] [jointLog] [warning] Feature has no GFF ID
[2021-04-27 20:19:02.267] [jointLog] [warning] Feature has no GFF ID
[2021-04-27 20:19:02.267] [jointLog] [warning] Feature has no GFF ID
[2021-04-27 20:19:02.267] [jointLog] [warning] Feature has no GFF ID
[2021-04-27 20:19:02.267] [jointLog] [warning] Feature has no GFF ID
[2021-04-27 20:19:02.267] [jointLog] [warning] Feature has no GFF ID
[2021-04-27 20:19:02.267] [jointLog] [warning] Feature has no GFF ID
[2021-04-27 20:19:02.267] [jointLog] [warning] Feature has no GFF ID
[2021-04-27 20:19:02.267] [jointLog] [warning] Feature has no GFF ID
[2021-04-27 20:19:02.267] [jointLog] [warning] Feature has no GFF ID
[2021-04-27 20:19:02.267] [jointLog] [warning] Feature has no GFF ID
[2021-04-27 20:19:02.267] [jointLog] [warning] Feature has no GFF ID
[2021-04-27 20:19:02.267] [jointLog] [warning] Feature has no GFF ID
[2021-04-27 20:19:02.267] [jointLog] [warning] Feature has no GFF ID
[2021-04-27 20:19:02.267] [jointLog] [warning] Feature has no GFF ID
[2021-04-27 20:19:02.267] [jointLog] [warning] Feature has no GFF ID
[2021-04-27 20:19:02.267] [jointLog] [warning] Feature has no GFF ID
[2021-04-27 20:19:02.267] [jointLog] [warning] Feature has no GFF ID
[2021-04-27 20:19:02.267] [jointLog] [warning] Feature has no GFF ID
[2021-04-27 20:19:02.267] [jointLog] [warning] Feature has no GFF ID
[2021-04-27 20:19:02.267] [jointLog] [warning] Feature has no GFF ID
[2021-04-27 20:19:02.267] [jointLog] [warning] Feature has no GFF ID
[2021-04-27 20:19:02.267] [jointLog] [warning] Feature has no GFF ID
[2021-04-27 20:19:02.267] [jointLog] [warning] Feature has no GFF ID
[2021-04-27 20:19:02.267] [jointLog] [warning] Feature has no GFF ID
[2021-04-27 20:19:02.267] [jointLog] [warning] Feature has no GFF ID
[2021-04-27 20:19:02.267] [jointLog] [warning] Feature has no GFF ID
[2021-04-27 20:19:02.267] [jointLog] [warning] Feature has no GFF ID
[2021-04-27 20:19:02.267] [jointLog] [warning] Feature has no GFF ID
[2021-04-27 20:19:02.267] [jointLog] [warning] Feature has no GFF ID
[2021-04-27 20:19:02.267] [jointLog] [warning] Feature has no GFF ID
[2021-04-27 20:19:02.267] [jointLog] [warning] Feature has no GFF ID
[2021-04-27 20:19:02.267] [jointLog] [warning] Feature has no GFF ID
[2021-04-27 20:19:02.267] [jointLog] [warning] Feature has no GFF ID
[2021-04-27 20:19:02.267] [jointLog] [warning] Feature has no GFF ID
[2021-04-27 20:19:02.267] [jointLog] [warning] Feature has no GFF ID
[2021-04-27 20:19:02.267] [jointLog] [warning] Feature has no GFF ID
[2021-04-27 20:19:02.267] [jointLog] [warning] Feature has no GFF ID
[2021-04-27 20:19:02.267] [jointLog] [warning] Feature has no GFF ID
[2021-04-27 20:19:02.267] [jointLog] [warning] Feature has no GFF ID
[2021-04-27 20:19:02.267] [jointLog] [warning] Feature has no GFF ID
[2021-04-27 20:19:02.267] [jointLog] [warning] Feature has no GFF ID
[2021-04-27 20:19:02.267] [jointLog] [warning] Feature has no GFF ID
[2021-04-27 20:19:02.267] [jointLog] [warning] Feature has no GFF ID
[2021-04-27 20:19:02.267] [jointLog] [warning] Feature has no GFF ID
[2021-04-27 20:19:02.267] [jointLog] [warning] Feature has no GFF ID
[2021-04-27 20:19:02.267] [jointLog] [warning] Feature has no GFF ID
[2021-04-27 20:19:02.267] [jointLog] [warning] Feature has no GFF ID
[2021-04-27 20:19:02.267] [jointLog] [warning] Feature has no GFF ID
[2021-04-27 20:19:02.267] [jointLog] [warning] Feature has no GFF ID
[2021-04-27 20:19:02.267] [jointLog] [warning] Feature has no GFF ID
[2021-04-27 20:19:02.267] [jointLog] [warning] Feature has no GFF ID
[2021-04-27 20:19:02.267] [jointLog] [warning] Feature has no GFF ID
[2021-04-27 20:19:02.267] [jointLog] [warning] Feature has no GFF ID
[2021-04-27 20:19:02.267] [jointLog] [warning] Feature has no GFF ID
[2021-04-27 20:19:02.267] [jointLog] [warning] Feature has no GFF ID
[2021-04-27 20:19:02.267] [jointLog] [warning] Feature has no GFF ID
[2021-04-27 20:19:02.267] [jointLog] [warning] Feature has no GFF ID
[2021-04-27 20:19:02.267] [jointLog] [warning] Feature has no GFF ID
[2021-04-27 20:19:02.267] [jointLog] [warning] Feature has no GFF ID
[2021-04-27 20:19:02.267] [jointLog] [warning] Feature has no GFF ID
[2021-04-27 20:19:02.267] [jointLog] [warning] Feature has no GFF ID
[2021-04-27 20:19:02.267] [jointLog] [warning] Feature has no GFF ID
[2021-04-27 20:19:02.267] [jointLog] [warning] Feature has no GFF ID
[2021-04-27 20:19:02.267] [jointLog] [warning] Feature has no GFF ID
[2021-04-27 20:19:02.267] [jointLog] [warning] Feature has no GFF ID
[2021-04-27 20:19:02.267] [jointLog] [warning] Feature has no GFF ID
[2021-04-27 20:19:02.267] [jointLog] [warning] Feature has no GFF ID
[2021-04-27 20:19:02.267] [jointLog] [warning] Feature has no GFF ID
[2021-04-27 20:19:02.267] [jointLog] [warning] Feature has no GFF ID
[2021-04-27 20:19:02.267] [jointLog] [warning] Feature has no GFF ID
[2021-04-27 20:19:02.267] [jointLog] [warning] Feature has no GFF ID
[2021-04-27 20:19:02.267] [jointLog] [warning] Feature has no GFF ID
[2021-04-27 20:19:02.267] [jointLog] [warning] Feature has no GFF ID
[2021-04-27 20:19:02.267] [jointLog] [warning] Feature has no GFF ID
[2021-04-27 20:19:02.267] [jointLog] [warning] Feature has no GFF ID
[2021-04-27 20:19:02.267] [jointLog] [warning] Feature has no GFF ID
[2021-04-27 20:19:02.267] [jointLog] [warning] Feature has no GFF ID
[2021-04-27 20:19:02.267] [jointLog] [warning] Feature has no GFF ID
[2021-04-27 20:19:02.267] [jointLog] [warning] Feature has no GFF ID
[2021-04-27 20:19:02.267] [jointLog] [warning] Feature has no GFF ID
[2021-04-27 20:19:02.562] [jointLog] [info] There were 142604 transcripts mapping to 55401 genes
[2021-04-27 20:19:02.562] [jointLog] [info] NOTE: We recommend using tximport (https://bioconductor.org/packages/release/bioc/html/tximport.html) for aggregating transcript-level salmon abundance estimates to the gene level.  It is more versatile, exposes more features, and allows considering multi-sample information during aggregation.
[2021-04-27 20:19:02.834] [jointLog] [warning] couldn't find transcript named [DQ459430] in transcript <-> gene map; returning transcript as it's own gene
[2021-04-27 20:19:02.834] [jointLog] [warning] couldn't find transcript named [DQ516784] in transcript <-> gene map; returning transcript as it's own gene
[2021-04-27 20:19:02.834] [jointLog] [warning] couldn't find transcript named [DQ516752] in transcript <-> gene map; returning transcript as it's own gene
[2021-04-27 20:19:02.834] [jointLog] [warning] couldn't find transcript named [DQ668364] in transcript <-> gene map; returning transcript as it's own gene
[2021-04-27 20:19:02.834] [jointLog] [warning] couldn't find transcript named [DQ883670] in transcript <-> gene map; returning transcript as it's own gene
[2021-04-27 20:19:02.834] [jointLog] [warning] couldn't find transcript named [EF011062] in transcript <-> gene map; returning transcript as it's own gene
[2021-04-27 20:19:02.834] [jointLog] [warning] couldn't find transcript named [DQ875385] in transcript <-> gene map; returning transcript as it's own gene
[2021-04-27 20:19:02.834] [jointLog] [warning] couldn't find transcript named [DQ883664] in transcript <-> gene map; returning transcript as it's own gene
[2021-04-27 20:19:02.834] [jointLog] [warning] couldn't find transcript named [DQ459420] in transcript <-> gene map; returning transcript as it's own gene
[2021-04-27 20:19:02.834] [jointLog] [warning] couldn't find transcript named [DQ883651] in transcript <-> gene map; returning transcript as it's own gene
[2021-04-27 20:19:02.834] [jointLog] [warning] couldn't find transcript named [DQ855004] in transcript <-> gene map; returning transcript as it's own gene
[2021-04-27 20:19:02.834] [jointLog] [warning] couldn't find transcript named [DQ854993] in transcript <-> gene map; returning transcript as it's own gene
[2021-04-27 20:19:02.834] [jointLog] [warning] couldn't find transcript named [DQ883689] in transcript <-> gene map; returning transcript as it's own gene
[2021-04-27 20:19:02.834] [jointLog] [warning] couldn't find transcript named [DQ459419] in transcript <-> gene map; returning transcript as it's own gene
[2021-04-27 20:19:02.834] [jointLog] [warning] couldn't find transcript named [DQ459431] in transcript <-> gene map; returning transcript as it's own gene
[2021-04-27 20:19:02.834] [jointLog] [warning] couldn't find transcript named [DQ516796] in transcript <-> gene map; returning transcript as it's own gene
[2021-04-27 20:19:02.834] [jointLog] [warning] couldn't find transcript named [DQ855001] in transcript <-> gene map; returning transcript as it's own gene
[2021-04-27 20:19:02.834] [jointLog] [warning] couldn't find transcript named [DQ459413] in transcript <-> gene map; returning transcript as it's own gene
[2021-04-27 20:19:02.834] [jointLog] [warning] couldn't find transcript named [DQ883656] in transcript <-> gene map; returning transcript as it's own gene
[2021-04-27 20:19:02.834] [jointLog] [warning] couldn't find transcript named [DQ883661] in transcript <-> gene map; returning transcript as it's own gene
[2021-04-27 20:19:02.834] [jointLog] [warning] couldn't find transcript named [EF011069] in transcript <-> gene map; returning transcript as it's own gene
[2021-04-27 20:19:02.834] [jointLog] [warning] couldn't find transcript named [DQ516783] in transcript <-> gene map; returning transcript as it's own gene
[2021-04-27 20:19:02.834] [jointLog] [warning] couldn't find transcript named [DQ516787] in transcript <-> gene map; returning transcript as it's own gene
[2021-04-27 20:19:02.834] [jointLog] [warning] couldn't find transcript named [DQ459424] in transcript <-> gene map; returning transcript as it's own gene
[2021-04-27 20:19:02.834] [jointLog] [warning] couldn't find transcript named [DQ516748] in transcript <-> gene map; returning transcript as it's own gene
[2021-04-27 20:19:02.834] [jointLog] [warning] couldn't find transcript named [DQ883671] in transcript <-> gene map; returning transcript as it's own gene
[2021-04-27 20:19:02.834] [jointLog] [warning] couldn't find transcript named [DQ516740] in transcript <-> gene map; returning transcript as it's own gene
[2021-04-27 20:19:02.834] [jointLog] [warning] couldn't find transcript named [DQ516785] in transcript <-> gene map; returning transcript as it's own gene
[2021-04-27 20:19:02.834] [jointLog] [warning] couldn't find transcript named [DQ516731] in transcript <-> gene map; returning transcript as it's own gene
[2021-04-27 20:19:02.834] [jointLog] [warning] couldn't find transcript named [DQ668366] in transcript <-> gene map; returning transcript as it's own gene
[2021-04-27 20:19:02.834] [jointLog] [warning] couldn't find transcript named [DQ459418] in transcript <-> gene map; returning transcript as it's own gene
[2021-04-27 20:19:02.834] [jointLog] [warning] couldn't find transcript named [DQ668356] in transcript <-> gene map; returning transcript as it's own gene
[2021-04-27 20:19:02.834] [jointLog] [warning] couldn't find transcript named [DQ516763] in transcript <-> gene map; returning transcript as it's own gene
[2021-04-27 20:19:02.834] [jointLog] [warning] couldn't find transcript named [DQ459426] in transcript <-> gene map; returning transcript as it's own gene
[2021-04-27 20:19:02.834] [jointLog] [warning] couldn't find transcript named [DQ516786] in transcript <-> gene map; returning transcript as it's own gene
[2021-04-27 20:19:02.834] [jointLog] [warning] couldn't find transcript named [DQ883653] in transcript <-> gene map; returning transcript as it's own gene
[2021-04-27 20:19:02.834] [jointLog] [warning] couldn't find transcript named [DQ459421] in transcript <-> gene map; returning transcript as it's own gene
[2021-04-27 20:19:02.834] [jointLog] [warning] couldn't find transcript named [DQ883654] in transcript <-> gene map; returning transcript as it's own gene
[2021-04-27 20:19:02.834] [jointLog] [warning] couldn't find transcript named [DQ668358] in transcript <-> gene map; returning transcript as it's own gene
[2021-04-27 20:19:02.834] [jointLog] [warning] couldn't find transcript named [DQ516754] in transcript <-> gene map; returning transcript as it's own gene
[2021-04-27 20:19:02.834] [jointLog] [warning] couldn't find transcript named [DQ516778] in transcript <-> gene map; returning transcript as it's own gene
[2021-04-27 20:19:02.834] [jointLog] [warning] couldn't find transcript named [DQ883650] in transcript <-> gene map; returning transcript as it's own gene
[2021-04-27 20:19:02.834] [jointLog] [warning] couldn't find transcript named [DQ516742] in transcript <-> gene map; returning transcript as it's own gene
[2021-04-27 20:19:02.834] [jointLog] [warning] couldn't find transcript named [DQ883673] in transcript <-> gene map; returning transcript as it's own gene
[2021-04-27 20:19:02.834] [jointLog] [warning] couldn't find transcript named [DQ883652] in transcript <-> gene map; returning transcript as it's own gene
[2021-04-27 20:19:02.834] [jointLog] [warning] couldn't find transcript named [DQ854991] in transcript <-> gene map; returning transcript as it's own gene
[2021-04-27 20:19:02.834] [jointLog] [warning] couldn't find transcript named [DQ516780] in transcript <-> gene map; returning transcript as it's own gene
[2021-04-27 20:19:02.834] [jointLog] [warning] couldn't find transcript named [DQ883682] in transcript <-> gene map; returning transcript as it's own gene
[2021-04-27 20:19:02.834] [jointLog] [warning] couldn't find transcript named [DQ883669] in transcript <-> gene map; returning transcript as it's own gene
[2021-04-27 20:19:02.834] [jointLog] [warning] couldn't find transcript named [DQ516791] in transcript <-> gene map; returning transcript as it's own gene
[2021-04-27 20:19:02.834] [jointLog] [warning] couldn't find transcript named [DQ459425] in transcript <-> gene map; returning transcript as it's own gene
[2021-04-27 20:19:02.834] [jointLog] [warning] couldn't find transcript named [DQ516759] in transcript <-> gene map; returning transcript as it's own gene
[2021-04-27 20:19:02.834] [jointLog] [warning] couldn't find transcript named [DQ459429] in transcript <-> gene map; returning transcript as it's own gene
[2021-04-27 20:19:02.834] [jointLog] [warning] couldn't find transcript named [DQ516758] in transcript <-> gene map; returning transcript as it's own gene
[2021-04-27 20:19:02.834] [jointLog] [warning] couldn't find transcript named [DQ459415] in transcript <-> gene map; returning transcript as it's own gene
[2021-04-27 20:19:02.834] [jointLog] [warning] couldn't find transcript named [DQ875387] in transcript <-> gene map; returning transcript as it's own gene
[2021-04-27 20:19:02.834] [jointLog] [warning] couldn't find transcript named [DQ516815] in transcript <-> gene map; returning transcript as it's own gene
[2021-04-27 20:19:02.834] [jointLog] [warning] couldn't find transcript named [DQ668365] in transcript <-> gene map; returning transcript as it's own gene
[2021-04-27 20:19:02.834] [jointLog] [warning] couldn't find transcript named [DQ854998] in transcript <-> gene map; returning transcript as it's own gene
[2021-04-27 20:19:02.834] [jointLog] [warning] couldn't find transcript named [DQ883685] in transcript <-> gene map; returning transcript as it's own gene
[2021-04-27 20:19:02.834] [jointLog] [warning] couldn't find transcript named [DQ459422] in transcript <-> gene map; returning transcript as it's own gene
[2021-04-27 20:19:02.834] [jointLog] [warning] couldn't find transcript named [DQ883663] in transcript <-> gene map; returning transcript as it's own gene
[2021-04-27 20:19:02.834] [jointLog] [warning] couldn't find transcript named [DQ668367] in transcript <-> gene map; returning transcript as it's own gene
[2021-04-27 20:19:02.834] [jointLog] [warning] couldn't find transcript named [DQ459412] in transcript <-> gene map; returning transcript as it's own gene
[2021-04-27 20:19:02.834] [jointLog] [warning] couldn't find transcript named [DQ854992] in transcript <-> gene map; returning transcript as it's own gene
[2021-04-27 20:19:02.834] [jointLog] [warning] couldn't find transcript named [DQ516782] in transcript <-> gene map; returning transcript as it's own gene
[2021-04-27 20:19:02.834] [jointLog] [warning] couldn't find transcript named [DQ459427] in transcript <-> gene map; returning transcript as it's own gene
[2021-04-27 20:19:02.834] [jointLog] [warning] couldn't find transcript named [EF011072] in transcript <-> gene map; returning transcript as it's own gene
[2021-04-27 20:19:02.834] [jointLog] [warning] couldn't find transcript named [DQ855003] in transcript <-> gene map; returning transcript as it's own gene
[2021-04-27 20:19:02.834] [jointLog] [warning] couldn't find transcript named [DQ516739] in transcript <-> gene map; returning transcript as it's own gene
[2021-04-27 20:19:02.834] [jointLog] [warning] couldn't find transcript named [EF011063] in transcript <-> gene map; returning transcript as it's own gene
[2021-04-27 20:19:02.834] [jointLog] [warning] couldn't find transcript named [DQ855000] in transcript <-> gene map; returning transcript as it's own gene
[2021-04-27 20:19:02.834] [jointLog] [warning] couldn't find transcript named [DQ516777] in transcript <-> gene map; returning transcript as it's own gene
[2021-04-27 20:19:02.834] [jointLog] [warning] couldn't find transcript named [DQ883646] in transcript <-> gene map; returning transcript as it's own gene
[2021-04-27 20:19:02.834] [jointLog] [warning] couldn't find transcript named [DQ668362] in transcript <-> gene map; returning transcript as it's own gene
[2021-04-27 20:19:02.834] [jointLog] [warning] couldn't find transcript named [DQ854995] in transcript <-> gene map; returning transcript as it's own gene
[2021-04-27 20:19:02.834] [jointLog] [warning] couldn't find transcript named [DQ875386] in transcript <-> gene map; returning transcript as it's own gene
[2021-04-27 20:19:02.834] [jointLog] [warning] couldn't find transcript named [DQ516790] in transcript <-> gene map; returning transcript as it's own gene
[2021-04-27 20:19:02.834] [jointLog] [warning] couldn't find transcript named [DQ883642] in transcript <-> gene map; returning transcript as it's own gene
[2021-04-27 20:19:02.834] [jointLog] [warning] couldn't find transcript named [DQ883659] in transcript <-> gene map; returning transcript as it's own gene
[2021-04-27 20:19:02.834] [jointLog] [warning] couldn't find transcript named [DQ854997] in transcript <-> gene map; returning transcript as it's own gene
[2021-04-27 20:19:02.834] [jointLog] [warning] couldn't find transcript named [DQ883643] in transcript <-> gene map; returning transcript as it's own gene
[2021-04-27 20:19:02.834] [jointLog] [warning] couldn't find transcript named [DQ839618] in transcript <-> gene map; returning transcript as it's own gene
[2021-04-27 20:19:02.834] [jointLog] [warning] couldn't find transcript named [DQ516795] in transcript <-> gene map; returning transcript as it's own gene
[2021-04-27 20:19:02.834] [jointLog] [warning] couldn't find transcript named [DQ883658] in transcript <-> gene map; returning transcript as it's own gene
[2021-04-27 20:19:02.834] [jointLog] [warning] couldn't find transcript named [DQ516750] in transcript <-> gene map; returning transcript as it's own gene
[2021-04-27 20:19:02.834] [jointLog] [warning] couldn't find transcript named [DQ668359] in transcript <-> gene map; returning transcript as it's own gene
[2021-04-27 20:19:02.834] [jointLog] [warning] couldn't find transcript named [DQ516779] in transcript <-> gene map; returning transcript as it's own gene
[2021-04-27 20:19:02.834] [jointLog] [warning] couldn't find transcript named [DQ668363] in transcript <-> gene map; returning transcript as it's own gene
[2021-04-27 20:19:02.834] [jointLog] [warning] couldn't find transcript named [DQ516776] in transcript <-> gene map; returning transcript as it's own gene
[2021-04-27 20:19:02.834] [jointLog] [warning] couldn't find transcript named [DQ516773] in transcript <-> gene map; returning transcript as it's own gene
[2021-04-27 20:19:02.834] [jointLog] [warning] couldn't find transcript named [DQ854994] in transcript <-> gene map; returning transcript as it's own gene
[2021-04-27 20:19:02.834] [jointLog] [info] Aggregating expressions to gene level
[2021-04-27 20:19:02.995] [jointLog] [info] done
