[2021-05-23 12:02:08.862] [jointLog] [info] setting maxHashResizeThreads to 6
[2021-05-23 12:02:08.862] [jointLog] [info] Fragment incompatibility prior below threshold.  Incompatible fragments will be ignored.
[2021-05-23 12:02:08.866] [jointLog] [info] numQuantThreads = 3
[2021-05-23 12:02:12.046] [fileLog] [info] quantification processed 0 fragments so far

[2021-05-23 12:02:11.724] [jointLog] [info] replaced 4 non-ACGT nucleotides with random nucleotides
[2021-05-23 12:02:16.792] [fileLog] [info] quantification processed 1000000 fragments so far

[2021-05-23 12:02:20.151] [fileLog] [info] quantification processed 2000000 fragments so far

[2021-05-23 12:02:21.326] [jointLog] [info] 

The alignment group queue pool has been exhausted.  2435467 extra fragments were allocated on the heap to saturate the pool.  No new fragments will be allocated


[2021-05-23 12:02:35.613] [fileLog] [info] quantification processed 3000000 fragments so far

[2021-05-23 12:02:59.247] [fileLog] [info] quantification processed 4000000 fragments so far

[2021-05-23 12:03:21.909] [fileLog] [info] quantification processed 5000000 fragments so far

[2021-05-23 12:03:40.813] [fileLog] [info] quantification processed 6000000 fragments so far

[2021-05-23 12:04:02.441] [fileLog] [info] quantification processed 7000000 fragments so far

[2021-05-23 12:04:06.772] [fileLog] [info] quantification processed 8000000 fragments so far

[2021-05-23 12:04:10.767] [fileLog] [info] quantification processed 9000000 fragments so far

[2021-05-23 12:04:14.320] [fileLog] [info] quantification processed 10000000 fragments so far

[2021-05-23 12:04:18.004] [fileLog] [info] quantification processed 11000000 fragments so far

[2021-05-23 12:04:21.699] [fileLog] [info] quantification processed 12000000 fragments so far

[2021-05-23 12:04:25.496] [fileLog] [info] quantification processed 13000000 fragments so far

[2021-05-23 12:04:29.185] [fileLog] [info] quantification processed 14000000 fragments so far

[2021-05-23 12:04:33.013] [fileLog] [info] quantification processed 15000000 fragments so far

[2021-05-23 12:04:37.122] [fileLog] [info] quantification processed 16000000 fragments so far

[2021-05-23 12:04:41.063] [fileLog] [info] quantification processed 17000000 fragments so far

[2021-05-23 12:04:44.666] [fileLog] [info] quantification processed 18000000 fragments so far

[2021-05-23 12:04:48.393] [fileLog] [info] quantification processed 19000000 fragments so far

[2021-05-23 12:04:52.343] [fileLog] [info] quantification processed 20000000 fragments so far

[2021-05-23 12:04:56.360] [fileLog] [info] quantification processed 21000000 fragments so far

[2021-05-23 12:05:00.123] [fileLog] [info] quantification processed 22000000 fragments so far

[2021-05-23 12:05:03.699] [fileLog] [info] quantification processed 23000000 fragments so far

[2021-05-23 12:05:07.443] [fileLog] [info] quantification processed 24000000 fragments so far

[2021-05-23 12:05:11.309] [fileLog] [info] quantification processed 25000000 fragments so far

[2021-05-23 12:05:15.207] [fileLog] [info] quantification processed 26000000 fragments so far

[2021-05-23 12:05:19.276] [fileLog] [info] quantification processed 27000000 fragments so far

[2021-05-23 12:05:22.902] [fileLog] [info] quantification processed 28000000 fragments so far

[2021-05-23 12:05:26.709] [fileLog] [info] quantification processed 29000000 fragments so far

[2021-05-23 12:05:30.527] [fileLog] [info] quantification processed 30000000 fragments so far

[2021-05-23 12:05:34.289] [fileLog] [info] quantification processed 31000000 fragments so far

[2021-05-23 12:05:37.967] [fileLog] [info] quantification processed 32000000 fragments so far

[2021-05-23 12:05:41.761] [fileLog] [info] quantification processed 33000000 fragments so far

[2021-05-23 12:05:45.491] [fileLog] [info] quantification processed 34000000 fragments so far

[2021-05-23 12:05:49.216] [fileLog] [info] quantification processed 35000000 fragments so far

[2021-05-23 12:05:52.845] [fileLog] [info] quantification processed 36000000 fragments so far

[2021-05-23 12:05:56.582] [fileLog] [info] quantification processed 37000000 fragments so far

[2021-05-23 12:06:00.373] [fileLog] [info] quantification processed 38000000 fragments so far

[2021-05-23 12:06:04.173] [fileLog] [info] quantification processed 39000000 fragments so far

[2021-05-23 12:06:07.972] [fileLog] [info] quantification processed 40000000 fragments so far

[2021-05-23 12:06:11.733] [fileLog] [info] quantification processed 41000000 fragments so far

[2021-05-23 12:06:15.405] [fileLog] [info] quantification processed 42000000 fragments so far

[2021-05-23 12:06:19.279] [fileLog] [info] quantification processed 43000000 fragments so far

[2021-05-23 12:06:23.323] [fileLog] [info] quantification processed 44000000 fragments so far

[2021-05-23 12:06:27.293] [fileLog] [info] quantification processed 45000000 fragments so far

[2021-05-23 12:06:31.131] [fileLog] [info] quantification processed 46000000 fragments so far

[2021-05-23 12:06:34.788] [fileLog] [info] quantification processed 47000000 fragments so far

[2021-05-23 12:06:38.491] [fileLog] [info] quantification processed 48000000 fragments so far

[2021-05-23 12:06:42.164] [fileLog] [info] quantification processed 49000000 fragments so far

[2021-05-23 12:06:45.925] [fileLog] [info] quantification processed 50000000 fragments so far

[2021-05-23 12:06:49.758] [fileLog] [info] quantification processed 51000000 fragments so far

[2021-05-23 12:06:53.671] [fileLog] [info] quantification processed 52000000 fragments so far

[2021-05-23 12:06:57.755] [fileLog] [info] quantification processed 53000000 fragments so far

[2021-05-23 12:07:01.713] [fileLog] [info] quantification processed 54000000 fragments so far

[2021-05-23 12:07:05.466] [fileLog] [info] quantification processed 55000000 fragments so far

[2021-05-23 12:07:09.261] [fileLog] [info] quantification processed 56000000 fragments so far

[2021-05-23 12:07:13.221] [fileLog] [info] quantification processed 57000000 fragments so far

[2021-05-23 12:07:17.125] [fileLog] [info] quantification processed 58000000 fragments so far

[2021-05-23 12:07:20.978] [fileLog] [info] quantification processed 59000000 fragments so far

[2021-05-23 12:07:24.947] [fileLog] [info] quantification processed 60000000 fragments so far

[2021-05-23 12:07:29.134] [fileLog] [info] quantification processed 61000000 fragments so far

[2021-05-23 12:07:33.136] [fileLog] [info] quantification processed 62000000 fragments so far

[2021-05-23 12:07:37.042] [fileLog] [info] quantification processed 63000000 fragments so far

[2021-05-23 12:07:41.041] [fileLog] [info] quantification processed 64000000 fragments so far

[2021-05-23 12:07:45.334] [fileLog] [info] quantification processed 65000000 fragments so far

[2021-05-23 12:07:49.695] [fileLog] [info] quantification processed 66000000 fragments so far

[2021-05-23 12:07:54.107] [fileLog] [info] quantification processed 67000000 fragments so far

[2021-05-23 12:07:58.516] [fileLog] [info] quantification processed 68000000 fragments so far

[2021-05-23 12:08:02.522] [fileLog] [info] quantification processed 69000000 fragments so far

[2021-05-23 12:08:06.898] [fileLog] [info] quantification processed 70000000 fragments so far

[2021-05-23 12:08:11.181] [fileLog] [info] quantification processed 71000000 fragments so far

[2021-05-23 12:08:12.304] [fileLog] [info] quantification processed 71255048 fragments so far

[2021-05-23 12:08:20.146] [jointLog] [info] Thread saw mini-batch with a maximum of 7.70% zero probability fragments
[2021-05-23 12:08:20.149] [jointLog] [info] Thread saw mini-batch with a maximum of 13.90% zero probability fragments
[2021-05-23 12:08:20.156] [jointLog] [info] Thread saw mini-batch with a maximum of 8.50% zero probability fragments
[2021-05-23 12:08:20.157] [jointLog] [info] 


Completed first pass through the alignment file.
Total # of mapped reads : 71255048
# of uniquely mapped reads : 36666459
# ambiguously mapped reads : 34588589



[2021-05-23 12:08:20.268] [jointLog] [info] Computed 102795 rich equivalence classes for further processing
[2021-05-23 12:08:20.268] [jointLog] [info] Counted 70827927 total reads in the equivalence classes 
[2021-05-23 12:08:20.270] [jointLog] [info] starting optimizer
[2021-05-23 12:08:20.368] [jointLog] [info] Marked 0 weighted equivalence classes as degenerate
[2021-05-23 12:08:20.384] [jointLog] [info] iteration = 0 | max rel diff. = 48.6002
[2021-05-23 12:08:21.674] [jointLog] [info] iteration = 100 | max rel diff. = 13.4168
[2021-05-23 12:08:22.964] [jointLog] [info] iteration = 200 | max rel diff. = 10.3887
[2021-05-23 12:08:24.266] [jointLog] [info] iteration = 300 | max rel diff. = 7.88921
[2021-05-23 12:08:25.555] [jointLog] [info] iteration = 400 | max rel diff. = 10.3899
[2021-05-23 12:08:26.848] [jointLog] [info] iteration = 500 | max rel diff. = 1.44246
[2021-05-23 12:08:28.190] [jointLog] [info] iteration = 600 | max rel diff. = 0.896706
[2021-05-23 12:08:29.474] [jointLog] [info] iteration = 700 | max rel diff. = 0.764985
[2021-05-23 12:08:30.755] [jointLog] [info] iteration = 800 | max rel diff. = 0.728103
[2021-05-23 12:08:32.057] [jointLog] [info] iteration = 900 | max rel diff. = 0.146929
[2021-05-23 12:08:33.358] [jointLog] [info] iteration = 1000 | max rel diff. = 0.344032
[2021-05-23 12:08:34.665] [jointLog] [info] iteration = 1100 | max rel diff. = 0.193385
[2021-05-23 12:08:35.959] [jointLog] [info] iteration = 1200 | max rel diff. = 0.179111
[2021-05-23 12:08:37.281] [jointLog] [info] iteration = 1300 | max rel diff. = 0.53969
[2021-05-23 12:08:38.570] [jointLog] [info] iteration = 1400 | max rel diff. = 1.74745
[2021-05-23 12:08:39.841] [jointLog] [info] iteration = 1500 | max rel diff. = 0.0170564
[2021-05-23 12:08:41.107] [jointLog] [info] iteration = 1600 | max rel diff. = 0.173208
[2021-05-23 12:08:42.372] [jointLog] [info] iteration = 1700 | max rel diff. = 0.117406
[2021-05-23 12:08:43.646] [jointLog] [info] iteration = 1800 | max rel diff. = 0.639471
[2021-05-23 12:08:44.930] [jointLog] [info] iteration = 1900 | max rel diff. = 0.0886542
[2021-05-23 12:08:46.240] [jointLog] [info] iteration = 2000 | max rel diff. = 0.416727
[2021-05-23 12:08:47.522] [jointLog] [info] iteration = 2100 | max rel diff. = 0.0373154
[2021-05-23 12:08:48.887] [jointLog] [info] iteration = 2200 | max rel diff. = 0.211468
[2021-05-23 12:08:50.158] [jointLog] [info] iteration = 2300 | max rel diff. = 0.734159
[2021-05-23 12:08:51.459] [jointLog] [info] iteration = 2400 | max rel diff. = 0.0285153
[2021-05-23 12:08:52.740] [jointLog] [info] iteration = 2500 | max rel diff. = 0.0184688
[2021-05-23 12:08:54.012] [jointLog] [info] iteration = 2600 | max rel diff. = 0.0272477
[2021-05-23 12:08:55.281] [jointLog] [info] iteration = 2700 | max rel diff. = 0.0510318
[2021-05-23 12:08:56.546] [jointLog] [info] iteration = 2800 | max rel diff. = 0.114119
[2021-05-23 12:08:56.774] [jointLog] [info] iteration = 2819 | max rel diff. = 0.00688804
[2021-05-23 12:08:56.810] [jointLog] [info] finished optimizer
[2021-05-23 12:08:56.810] [jointLog] [info] writing output
[2021-05-23 12:08:59.043] [jointLog] [info] Computing gene-level abundance estimates
[2021-05-23 12:09:31.786] [jointLog] [warning] Feature has no GFF ID
[2021-05-23 12:09:31.786] [jointLog] [warning] Feature has no GFF ID
[2021-05-23 12:09:31.786] [jointLog] [warning] Feature has no GFF ID
[2021-05-23 12:09:31.786] [jointLog] [warning] Feature has no GFF ID
[2021-05-23 12:09:31.786] [jointLog] [warning] Feature has no GFF ID
[2021-05-23 12:09:31.786] [jointLog] [warning] Feature has no GFF ID
[2021-05-23 12:09:31.786] [jointLog] [warning] Feature has no GFF ID
[2021-05-23 12:09:31.786] [jointLog] [warning] Feature has no GFF ID
[2021-05-23 12:09:31.786] [jointLog] [warning] Feature has no GFF ID
[2021-05-23 12:09:31.786] [jointLog] [warning] Feature has no GFF ID
[2021-05-23 12:09:31.786] [jointLog] [warning] Feature has no GFF ID
[2021-05-23 12:09:31.786] [jointLog] [warning] Feature has no GFF ID
[2021-05-23 12:09:31.786] [jointLog] [warning] Feature has no GFF ID
[2021-05-23 12:09:31.786] [jointLog] [warning] Feature has no GFF ID
[2021-05-23 12:09:31.786] [jointLog] [warning] Feature has no GFF ID
[2021-05-23 12:09:31.786] [jointLog] [warning] Feature has no GFF ID
[2021-05-23 12:09:31.786] [jointLog] [warning] Feature has no GFF ID
[2021-05-23 12:09:31.786] [jointLog] [warning] Feature has no GFF ID
[2021-05-23 12:09:31.786] [jointLog] [warning] Feature has no GFF ID
[2021-05-23 12:09:31.786] [jointLog] [warning] Feature has no GFF ID
[2021-05-23 12:09:31.786] [jointLog] [warning] Feature has no GFF ID
[2021-05-23 12:09:31.786] [jointLog] [warning] Feature has no GFF ID
[2021-05-23 12:09:31.786] [jointLog] [warning] Feature has no GFF ID
[2021-05-23 12:09:31.786] [jointLog] [warning] Feature has no GFF ID
[2021-05-23 12:09:31.786] [jointLog] [warning] Feature has no GFF ID
[2021-05-23 12:09:31.786] [jointLog] [warning] Feature has no GFF ID
[2021-05-23 12:09:31.786] [jointLog] [warning] Feature has no GFF ID
[2021-05-23 12:09:31.786] [jointLog] [warning] Feature has no GFF ID
[2021-05-23 12:09:31.786] [jointLog] [warning] Feature has no GFF ID
[2021-05-23 12:09:31.786] [jointLog] [warning] Feature has no GFF ID
[2021-05-23 12:09:31.786] [jointLog] [warning] Feature has no GFF ID
[2021-05-23 12:09:31.786] [jointLog] [warning] Feature has no GFF ID
[2021-05-23 12:09:31.786] [jointLog] [warning] Feature has no GFF ID
[2021-05-23 12:09:31.786] [jointLog] [warning] Feature has no GFF ID
[2021-05-23 12:09:31.786] [jointLog] [warning] Feature has no GFF ID
[2021-05-23 12:09:31.786] [jointLog] [warning] Feature has no GFF ID
[2021-05-23 12:09:31.786] [jointLog] [warning] Feature has no GFF ID
[2021-05-23 12:09:31.786] [jointLog] [warning] Feature has no GFF ID
[2021-05-23 12:09:31.786] [jointLog] [warning] Feature has no GFF ID
[2021-05-23 12:09:31.786] [jointLog] [warning] Feature has no GFF ID
[2021-05-23 12:09:31.786] [jointLog] [warning] Feature has no GFF ID
[2021-05-23 12:09:31.786] [jointLog] [warning] Feature has no GFF ID
[2021-05-23 12:09:31.786] [jointLog] [warning] Feature has no GFF ID
[2021-05-23 12:09:31.786] [jointLog] [warning] Feature has no GFF ID
[2021-05-23 12:09:31.786] [jointLog] [warning] Feature has no GFF ID
[2021-05-23 12:09:31.786] [jointLog] [warning] Feature has no GFF ID
[2021-05-23 12:09:31.786] [jointLog] [warning] Feature has no GFF ID
[2021-05-23 12:09:31.786] [jointLog] [warning] Feature has no GFF ID
[2021-05-23 12:09:31.786] [jointLog] [warning] Feature has no GFF ID
[2021-05-23 12:09:31.786] [jointLog] [warning] Feature has no GFF ID
[2021-05-23 12:09:31.786] [jointLog] [warning] Feature has no GFF ID
[2021-05-23 12:09:31.786] [jointLog] [warning] Feature has no GFF ID
[2021-05-23 12:09:31.786] [jointLog] [warning] Feature has no GFF ID
[2021-05-23 12:09:31.786] [jointLog] [warning] Feature has no GFF ID
[2021-05-23 12:09:31.786] [jointLog] [warning] Feature has no GFF ID
[2021-05-23 12:09:31.786] [jointLog] [warning] Feature has no GFF ID
[2021-05-23 12:09:31.786] [jointLog] [warning] Feature has no GFF ID
[2021-05-23 12:09:31.786] [jointLog] [warning] Feature has no GFF ID
[2021-05-23 12:09:31.786] [jointLog] [warning] Feature has no GFF ID
[2021-05-23 12:09:31.786] [jointLog] [warning] Feature has no GFF ID
[2021-05-23 12:09:31.786] [jointLog] [warning] Feature has no GFF ID
[2021-05-23 12:09:31.786] [jointLog] [warning] Feature has no GFF ID
[2021-05-23 12:09:31.786] [jointLog] [warning] Feature has no GFF ID
[2021-05-23 12:09:31.786] [jointLog] [warning] Feature has no GFF ID
[2021-05-23 12:09:31.786] [jointLog] [warning] Feature has no GFF ID
[2021-05-23 12:09:31.786] [jointLog] [warning] Feature has no GFF ID
[2021-05-23 12:09:31.786] [jointLog] [warning] Feature has no GFF ID
[2021-05-23 12:09:31.786] [jointLog] [warning] Feature has no GFF ID
[2021-05-23 12:09:31.786] [jointLog] [warning] Feature has no GFF ID
[2021-05-23 12:09:31.786] [jointLog] [warning] Feature has no GFF ID
[2021-05-23 12:09:31.786] [jointLog] [warning] Feature has no GFF ID
[2021-05-23 12:09:31.786] [jointLog] [warning] Feature has no GFF ID
[2021-05-23 12:09:31.786] [jointLog] [warning] Feature has no GFF ID
[2021-05-23 12:09:31.786] [jointLog] [warning] Feature has no GFF ID
[2021-05-23 12:09:31.786] [jointLog] [warning] Feature has no GFF ID
[2021-05-23 12:09:31.786] [jointLog] [warning] Feature has no GFF ID
[2021-05-23 12:09:31.786] [jointLog] [warning] Feature has no GFF ID
[2021-05-23 12:09:31.786] [jointLog] [warning] Feature has no GFF ID
[2021-05-23 12:09:31.786] [jointLog] [warning] Feature has no GFF ID
[2021-05-23 12:09:31.786] [jointLog] [warning] Feature has no GFF ID
[2021-05-23 12:09:31.786] [jointLog] [warning] Feature has no GFF ID
[2021-05-23 12:09:31.786] [jointLog] [warning] Feature has no GFF ID
[2021-05-23 12:09:31.786] [jointLog] [warning] Feature has no GFF ID
[2021-05-23 12:09:31.786] [jointLog] [warning] Feature has no GFF ID
[2021-05-23 12:09:31.786] [jointLog] [warning] Feature has no GFF ID
[2021-05-23 12:09:31.786] [jointLog] [warning] Feature has no GFF ID
[2021-05-23 12:09:31.786] [jointLog] [warning] Feature has no GFF ID
[2021-05-23 12:09:31.786] [jointLog] [warning] Feature has no GFF ID
[2021-05-23 12:09:31.786] [jointLog] [warning] Feature has no GFF ID
[2021-05-23 12:09:31.786] [jointLog] [warning] Feature has no GFF ID
[2021-05-23 12:09:31.786] [jointLog] [warning] Feature has no GFF ID
[2021-05-23 12:09:31.786] [jointLog] [warning] Feature has no GFF ID
[2021-05-23 12:09:32.174] [jointLog] [info] There were 142604 transcripts mapping to 55401 genes
[2021-05-23 12:09:32.174] [jointLog] [info] NOTE: We recommend using tximport (https://bioconductor.org/packages/release/bioc/html/tximport.html) for aggregating transcript-level salmon abundance estimates to the gene level.  It is more versatile, exposes more features, and allows considering multi-sample information during aggregation.
[2021-05-23 12:09:32.531] [jointLog] [warning] couldn't find transcript named [DQ459430] in transcript <-> gene map; returning transcript as it's own gene
[2021-05-23 12:09:32.531] [jointLog] [warning] couldn't find transcript named [DQ516784] in transcript <-> gene map; returning transcript as it's own gene
[2021-05-23 12:09:32.531] [jointLog] [warning] couldn't find transcript named [DQ516752] in transcript <-> gene map; returning transcript as it's own gene
[2021-05-23 12:09:32.531] [jointLog] [warning] couldn't find transcript named [DQ668364] in transcript <-> gene map; returning transcript as it's own gene
[2021-05-23 12:09:32.531] [jointLog] [warning] couldn't find transcript named [DQ883670] in transcript <-> gene map; returning transcript as it's own gene
[2021-05-23 12:09:32.531] [jointLog] [warning] couldn't find transcript named [EF011062] in transcript <-> gene map; returning transcript as it's own gene
[2021-05-23 12:09:32.531] [jointLog] [warning] couldn't find transcript named [DQ875385] in transcript <-> gene map; returning transcript as it's own gene
[2021-05-23 12:09:32.531] [jointLog] [warning] couldn't find transcript named [DQ883664] in transcript <-> gene map; returning transcript as it's own gene
[2021-05-23 12:09:32.531] [jointLog] [warning] couldn't find transcript named [DQ459420] in transcript <-> gene map; returning transcript as it's own gene
[2021-05-23 12:09:32.531] [jointLog] [warning] couldn't find transcript named [DQ883651] in transcript <-> gene map; returning transcript as it's own gene
[2021-05-23 12:09:32.531] [jointLog] [warning] couldn't find transcript named [DQ855004] in transcript <-> gene map; returning transcript as it's own gene
[2021-05-23 12:09:32.531] [jointLog] [warning] couldn't find transcript named [DQ854993] in transcript <-> gene map; returning transcript as it's own gene
[2021-05-23 12:09:32.531] [jointLog] [warning] couldn't find transcript named [DQ883689] in transcript <-> gene map; returning transcript as it's own gene
[2021-05-23 12:09:32.531] [jointLog] [warning] couldn't find transcript named [DQ459419] in transcript <-> gene map; returning transcript as it's own gene
[2021-05-23 12:09:32.531] [jointLog] [warning] couldn't find transcript named [DQ459431] in transcript <-> gene map; returning transcript as it's own gene
[2021-05-23 12:09:32.531] [jointLog] [warning] couldn't find transcript named [DQ516796] in transcript <-> gene map; returning transcript as it's own gene
[2021-05-23 12:09:32.531] [jointLog] [warning] couldn't find transcript named [DQ855001] in transcript <-> gene map; returning transcript as it's own gene
[2021-05-23 12:09:32.531] [jointLog] [warning] couldn't find transcript named [DQ459413] in transcript <-> gene map; returning transcript as it's own gene
[2021-05-23 12:09:32.531] [jointLog] [warning] couldn't find transcript named [DQ883656] in transcript <-> gene map; returning transcript as it's own gene
[2021-05-23 12:09:32.531] [jointLog] [warning] couldn't find transcript named [DQ883661] in transcript <-> gene map; returning transcript as it's own gene
[2021-05-23 12:09:32.531] [jointLog] [warning] couldn't find transcript named [EF011069] in transcript <-> gene map; returning transcript as it's own gene
[2021-05-23 12:09:32.531] [jointLog] [warning] couldn't find transcript named [DQ516783] in transcript <-> gene map; returning transcript as it's own gene
[2021-05-23 12:09:32.531] [jointLog] [warning] couldn't find transcript named [DQ516787] in transcript <-> gene map; returning transcript as it's own gene
[2021-05-23 12:09:32.531] [jointLog] [warning] couldn't find transcript named [DQ459424] in transcript <-> gene map; returning transcript as it's own gene
[2021-05-23 12:09:32.531] [jointLog] [warning] couldn't find transcript named [DQ516748] in transcript <-> gene map; returning transcript as it's own gene
[2021-05-23 12:09:32.531] [jointLog] [warning] couldn't find transcript named [DQ883671] in transcript <-> gene map; returning transcript as it's own gene
[2021-05-23 12:09:32.531] [jointLog] [warning] couldn't find transcript named [DQ516740] in transcript <-> gene map; returning transcript as it's own gene
[2021-05-23 12:09:32.531] [jointLog] [warning] couldn't find transcript named [DQ516785] in transcript <-> gene map; returning transcript as it's own gene
[2021-05-23 12:09:32.531] [jointLog] [warning] couldn't find transcript named [DQ516731] in transcript <-> gene map; returning transcript as it's own gene
[2021-05-23 12:09:32.531] [jointLog] [warning] couldn't find transcript named [DQ668366] in transcript <-> gene map; returning transcript as it's own gene
[2021-05-23 12:09:32.531] [jointLog] [warning] couldn't find transcript named [DQ459418] in transcript <-> gene map; returning transcript as it's own gene
[2021-05-23 12:09:32.531] [jointLog] [warning] couldn't find transcript named [DQ668356] in transcript <-> gene map; returning transcript as it's own gene
[2021-05-23 12:09:32.531] [jointLog] [warning] couldn't find transcript named [DQ516763] in transcript <-> gene map; returning transcript as it's own gene
[2021-05-23 12:09:32.531] [jointLog] [warning] couldn't find transcript named [DQ459426] in transcript <-> gene map; returning transcript as it's own gene
[2021-05-23 12:09:32.531] [jointLog] [warning] couldn't find transcript named [DQ516786] in transcript <-> gene map; returning transcript as it's own gene
[2021-05-23 12:09:32.531] [jointLog] [warning] couldn't find transcript named [DQ883653] in transcript <-> gene map; returning transcript as it's own gene
[2021-05-23 12:09:32.531] [jointLog] [warning] couldn't find transcript named [DQ459421] in transcript <-> gene map; returning transcript as it's own gene
[2021-05-23 12:09:32.531] [jointLog] [warning] couldn't find transcript named [DQ883654] in transcript <-> gene map; returning transcript as it's own gene
[2021-05-23 12:09:32.531] [jointLog] [warning] couldn't find transcript named [DQ668358] in transcript <-> gene map; returning transcript as it's own gene
[2021-05-23 12:09:32.531] [jointLog] [warning] couldn't find transcript named [DQ516754] in transcript <-> gene map; returning transcript as it's own gene
[2021-05-23 12:09:32.531] [jointLog] [warning] couldn't find transcript named [DQ516778] in transcript <-> gene map; returning transcript as it's own gene
[2021-05-23 12:09:32.531] [jointLog] [warning] couldn't find transcript named [DQ883650] in transcript <-> gene map; returning transcript as it's own gene
[2021-05-23 12:09:32.531] [jointLog] [warning] couldn't find transcript named [DQ516742] in transcript <-> gene map; returning transcript as it's own gene
[2021-05-23 12:09:32.531] [jointLog] [warning] couldn't find transcript named [DQ883673] in transcript <-> gene map; returning transcript as it's own gene
[2021-05-23 12:09:32.531] [jointLog] [warning] couldn't find transcript named [DQ883652] in transcript <-> gene map; returning transcript as it's own gene
[2021-05-23 12:09:32.531] [jointLog] [warning] couldn't find transcript named [DQ854991] in transcript <-> gene map; returning transcript as it's own gene
[2021-05-23 12:09:32.531] [jointLog] [warning] couldn't find transcript named [DQ516780] in transcript <-> gene map; returning transcript as it's own gene
[2021-05-23 12:09:32.531] [jointLog] [warning] couldn't find transcript named [DQ883682] in transcript <-> gene map; returning transcript as it's own gene
[2021-05-23 12:09:32.531] [jointLog] [warning] couldn't find transcript named [DQ883669] in transcript <-> gene map; returning transcript as it's own gene
[2021-05-23 12:09:32.531] [jointLog] [warning] couldn't find transcript named [DQ516791] in transcript <-> gene map; returning transcript as it's own gene
[2021-05-23 12:09:32.531] [jointLog] [warning] couldn't find transcript named [DQ459425] in transcript <-> gene map; returning transcript as it's own gene
[2021-05-23 12:09:32.531] [jointLog] [warning] couldn't find transcript named [DQ516759] in transcript <-> gene map; returning transcript as it's own gene
[2021-05-23 12:09:32.531] [jointLog] [warning] couldn't find transcript named [DQ459429] in transcript <-> gene map; returning transcript as it's own gene
[2021-05-23 12:09:32.531] [jointLog] [warning] couldn't find transcript named [DQ516758] in transcript <-> gene map; returning transcript as it's own gene
[2021-05-23 12:09:32.531] [jointLog] [warning] couldn't find transcript named [DQ459415] in transcript <-> gene map; returning transcript as it's own gene
[2021-05-23 12:09:32.531] [jointLog] [warning] couldn't find transcript named [DQ875387] in transcript <-> gene map; returning transcript as it's own gene
[2021-05-23 12:09:32.531] [jointLog] [warning] couldn't find transcript named [DQ516815] in transcript <-> gene map; returning transcript as it's own gene
[2021-05-23 12:09:32.531] [jointLog] [warning] couldn't find transcript named [DQ668365] in transcript <-> gene map; returning transcript as it's own gene
[2021-05-23 12:09:32.531] [jointLog] [warning] couldn't find transcript named [DQ854998] in transcript <-> gene map; returning transcript as it's own gene
[2021-05-23 12:09:32.531] [jointLog] [warning] couldn't find transcript named [DQ883685] in transcript <-> gene map; returning transcript as it's own gene
[2021-05-23 12:09:32.531] [jointLog] [warning] couldn't find transcript named [DQ459422] in transcript <-> gene map; returning transcript as it's own gene
[2021-05-23 12:09:32.531] [jointLog] [warning] couldn't find transcript named [DQ883663] in transcript <-> gene map; returning transcript as it's own gene
[2021-05-23 12:09:32.531] [jointLog] [warning] couldn't find transcript named [DQ668367] in transcript <-> gene map; returning transcript as it's own gene
[2021-05-23 12:09:32.531] [jointLog] [warning] couldn't find transcript named [DQ459412] in transcript <-> gene map; returning transcript as it's own gene
[2021-05-23 12:09:32.531] [jointLog] [warning] couldn't find transcript named [DQ854992] in transcript <-> gene map; returning transcript as it's own gene
[2021-05-23 12:09:32.531] [jointLog] [warning] couldn't find transcript named [DQ516782] in transcript <-> gene map; returning transcript as it's own gene
[2021-05-23 12:09:32.531] [jointLog] [warning] couldn't find transcript named [DQ459427] in transcript <-> gene map; returning transcript as it's own gene
[2021-05-23 12:09:32.531] [jointLog] [warning] couldn't find transcript named [EF011072] in transcript <-> gene map; returning transcript as it's own gene
[2021-05-23 12:09:32.531] [jointLog] [warning] couldn't find transcript named [DQ855003] in transcript <-> gene map; returning transcript as it's own gene
[2021-05-23 12:09:32.531] [jointLog] [warning] couldn't find transcript named [DQ516739] in transcript <-> gene map; returning transcript as it's own gene
[2021-05-23 12:09:32.531] [jointLog] [warning] couldn't find transcript named [EF011063] in transcript <-> gene map; returning transcript as it's own gene
[2021-05-23 12:09:32.531] [jointLog] [warning] couldn't find transcript named [DQ855000] in transcript <-> gene map; returning transcript as it's own gene
[2021-05-23 12:09:32.531] [jointLog] [warning] couldn't find transcript named [DQ516777] in transcript <-> gene map; returning transcript as it's own gene
[2021-05-23 12:09:32.531] [jointLog] [warning] couldn't find transcript named [DQ883646] in transcript <-> gene map; returning transcript as it's own gene
[2021-05-23 12:09:32.531] [jointLog] [warning] couldn't find transcript named [DQ668362] in transcript <-> gene map; returning transcript as it's own gene
[2021-05-23 12:09:32.531] [jointLog] [warning] couldn't find transcript named [DQ854995] in transcript <-> gene map; returning transcript as it's own gene
[2021-05-23 12:09:32.531] [jointLog] [warning] couldn't find transcript named [DQ875386] in transcript <-> gene map; returning transcript as it's own gene
[2021-05-23 12:09:32.531] [jointLog] [warning] couldn't find transcript named [DQ516790] in transcript <-> gene map; returning transcript as it's own gene
[2021-05-23 12:09:32.531] [jointLog] [warning] couldn't find transcript named [DQ883642] in transcript <-> gene map; returning transcript as it's own gene
[2021-05-23 12:09:32.531] [jointLog] [warning] couldn't find transcript named [DQ883659] in transcript <-> gene map; returning transcript as it's own gene
[2021-05-23 12:09:32.531] [jointLog] [warning] couldn't find transcript named [DQ854997] in transcript <-> gene map; returning transcript as it's own gene
[2021-05-23 12:09:32.531] [jointLog] [warning] couldn't find transcript named [DQ883643] in transcript <-> gene map; returning transcript as it's own gene
[2021-05-23 12:09:32.531] [jointLog] [warning] couldn't find transcript named [DQ839618] in transcript <-> gene map; returning transcript as it's own gene
[2021-05-23 12:09:32.531] [jointLog] [warning] couldn't find transcript named [DQ516795] in transcript <-> gene map; returning transcript as it's own gene
[2021-05-23 12:09:32.531] [jointLog] [warning] couldn't find transcript named [DQ883658] in transcript <-> gene map; returning transcript as it's own gene
[2021-05-23 12:09:32.531] [jointLog] [warning] couldn't find transcript named [DQ516750] in transcript <-> gene map; returning transcript as it's own gene
[2021-05-23 12:09:32.531] [jointLog] [warning] couldn't find transcript named [DQ668359] in transcript <-> gene map; returning transcript as it's own gene
[2021-05-23 12:09:32.531] [jointLog] [warning] couldn't find transcript named [DQ516779] in transcript <-> gene map; returning transcript as it's own gene
[2021-05-23 12:09:32.531] [jointLog] [warning] couldn't find transcript named [DQ668363] in transcript <-> gene map; returning transcript as it's own gene
[2021-05-23 12:09:32.531] [jointLog] [warning] couldn't find transcript named [DQ516776] in transcript <-> gene map; returning transcript as it's own gene
[2021-05-23 12:09:32.531] [jointLog] [warning] couldn't find transcript named [DQ516773] in transcript <-> gene map; returning transcript as it's own gene
[2021-05-23 12:09:32.531] [jointLog] [warning] couldn't find transcript named [DQ854994] in transcript <-> gene map; returning transcript as it's own gene
[2021-05-23 12:09:32.531] [jointLog] [info] Aggregating expressions to gene level
[2021-05-23 12:09:32.715] [jointLog] [info] done
