[2021-05-21 18:30:01.562] [jointLog] [info] setting maxHashResizeThreads to 6
[2021-05-21 18:30:01.562] [jointLog] [info] Fragment incompatibility prior below threshold.  Incompatible fragments will be ignored.
[2021-05-21 18:30:01.563] [jointLog] [info] numQuantThreads = 3
[2021-05-21 18:30:06.713] [fileLog] [info] quantification processed 0 fragments so far

[2021-05-21 18:30:06.457] [jointLog] [info] replaced 4 non-ACGT nucleotides with random nucleotides
[2021-05-21 18:30:09.613] [fileLog] [info] quantification processed 1000000 fragments so far

[2021-05-21 18:30:12.448] [fileLog] [info] quantification processed 2000000 fragments so far

[2021-05-21 18:30:13.950] [jointLog] [info] 

The alignment group queue pool has been exhausted.  3074972 extra fragments were allocated on the heap to saturate the pool.  No new fragments will be allocated


[2021-05-21 18:30:20.197] [fileLog] [info] quantification processed 3000000 fragments so far

[2021-05-21 18:30:33.385] [fileLog] [info] quantification processed 4000000 fragments so far

[2021-05-21 18:30:46.375] [fileLog] [info] quantification processed 5000000 fragments so far

[2021-05-21 18:30:59.379] [fileLog] [info] quantification processed 6000000 fragments so far

[2021-05-21 18:31:12.315] [fileLog] [info] quantification processed 7000000 fragments so far

[2021-05-21 18:31:15.100] [fileLog] [info] quantification processed 8000000 fragments so far

[2021-05-21 18:31:17.929] [fileLog] [info] quantification processed 9000000 fragments so far

[2021-05-21 18:31:20.687] [fileLog] [info] quantification processed 10000000 fragments so far

[2021-05-21 18:31:23.436] [fileLog] [info] quantification processed 11000000 fragments so far

[2021-05-21 18:31:26.183] [fileLog] [info] quantification processed 12000000 fragments so far

[2021-05-21 18:31:28.894] [fileLog] [info] quantification processed 13000000 fragments so far

[2021-05-21 18:31:31.617] [fileLog] [info] quantification processed 14000000 fragments so far

[2021-05-21 18:31:34.406] [fileLog] [info] quantification processed 15000000 fragments so far

[2021-05-21 18:31:37.127] [fileLog] [info] quantification processed 16000000 fragments so far

[2021-05-21 18:31:39.833] [fileLog] [info] quantification processed 17000000 fragments so far

[2021-05-21 18:31:42.634] [fileLog] [info] quantification processed 18000000 fragments so far

[2021-05-21 18:31:45.580] [fileLog] [info] quantification processed 19000000 fragments so far

[2021-05-21 18:31:48.487] [fileLog] [info] quantification processed 20000000 fragments so far

[2021-05-21 18:31:51.205] [fileLog] [info] quantification processed 21000000 fragments so far

[2021-05-21 18:31:53.938] [fileLog] [info] quantification processed 22000000 fragments so far

[2021-05-21 18:31:56.699] [fileLog] [info] quantification processed 23000000 fragments so far

[2021-05-21 18:31:59.458] [fileLog] [info] quantification processed 24000000 fragments so far

[2021-05-21 18:32:02.243] [fileLog] [info] quantification processed 25000000 fragments so far

[2021-05-21 18:32:04.952] [fileLog] [info] quantification processed 26000000 fragments so far

[2021-05-21 18:32:07.735] [fileLog] [info] quantification processed 27000000 fragments so far

[2021-05-21 18:32:10.463] [fileLog] [info] quantification processed 28000000 fragments so far

[2021-05-21 18:32:13.235] [fileLog] [info] quantification processed 29000000 fragments so far

[2021-05-21 18:32:15.964] [fileLog] [info] quantification processed 30000000 fragments so far

[2021-05-21 18:32:18.714] [fileLog] [info] quantification processed 31000000 fragments so far

[2021-05-21 18:32:21.460] [fileLog] [info] quantification processed 32000000 fragments so far

[2021-05-21 18:32:24.228] [fileLog] [info] quantification processed 33000000 fragments so far

[2021-05-21 18:32:25.837] [fileLog] [info] quantification processed 33590629 fragments so far

[2021-05-21 18:32:30.805] [jointLog] [info] Thread saw mini-batch with a maximum of 19.80% zero probability fragments
[2021-05-21 18:32:30.808] [jointLog] [info] Thread saw mini-batch with a maximum of 18.90% zero probability fragments
[2021-05-21 18:32:30.809] [jointLog] [info] Thread saw mini-batch with a maximum of 19.30% zero probability fragments
[2021-05-21 18:32:30.809] [jointLog] [info] 


Completed first pass through the alignment file.
Total # of mapped reads : 33590629
# of uniquely mapped reads : 13386177
# ambiguously mapped reads : 20204452



[2021-05-21 18:32:30.917] [jointLog] [info] Computed 167764 rich equivalence classes for further processing
[2021-05-21 18:32:30.917] [jointLog] [info] Counted 33407557 total reads in the equivalence classes 
[2021-05-21 18:32:30.920] [jointLog] [info] starting optimizer
[2021-05-21 18:32:31.004] [jointLog] [info] Marked 0 weighted equivalence classes as degenerate
[2021-05-21 18:32:31.021] [jointLog] [info] iteration = 0 | max rel diff. = 7698.29
[2021-05-21 18:32:32.290] [jointLog] [info] iteration = 100 | max rel diff. = 14.4317
[2021-05-21 18:32:33.522] [jointLog] [info] iteration = 200 | max rel diff. = 10.7986
[2021-05-21 18:32:34.771] [jointLog] [info] iteration = 300 | max rel diff. = 5.44365
[2021-05-21 18:32:35.999] [jointLog] [info] iteration = 400 | max rel diff. = 15.7862
[2021-05-21 18:32:37.234] [jointLog] [info] iteration = 500 | max rel diff. = 1.11957
[2021-05-21 18:32:38.475] [jointLog] [info] iteration = 600 | max rel diff. = 19.1753
[2021-05-21 18:32:39.702] [jointLog] [info] iteration = 700 | max rel diff. = 0.52595
[2021-05-21 18:32:40.920] [jointLog] [info] iteration = 800 | max rel diff. = 0.190412
[2021-05-21 18:32:42.160] [jointLog] [info] iteration = 900 | max rel diff. = 14.4352
[2021-05-21 18:32:43.395] [jointLog] [info] iteration = 1000 | max rel diff. = 0.0886001
[2021-05-21 18:32:44.621] [jointLog] [info] iteration = 1100 | max rel diff. = 0.12703
[2021-05-21 18:32:45.858] [jointLog] [info] iteration = 1200 | max rel diff. = 0.116803
[2021-05-21 18:32:47.194] [jointLog] [info] iteration = 1300 | max rel diff. = 0.070797
[2021-05-21 18:32:48.552] [jointLog] [info] iteration = 1400 | max rel diff. = 1.18205
[2021-05-21 18:32:49.897] [jointLog] [info] iteration = 1500 | max rel diff. = 0.0736936
[2021-05-21 18:32:51.172] [jointLog] [info] iteration = 1600 | max rel diff. = 0.0356621
[2021-05-21 18:32:52.484] [jointLog] [info] iteration = 1700 | max rel diff. = 0.0231207
[2021-05-21 18:32:53.708] [jointLog] [info] iteration = 1800 | max rel diff. = 0.0614809
[2021-05-21 18:32:53.929] [jointLog] [info] iteration = 1819 | max rel diff. = 0.0081102
[2021-05-21 18:32:53.956] [jointLog] [info] finished optimizer
[2021-05-21 18:32:53.956] [jointLog] [info] writing output
[2021-05-21 18:32:55.496] [jointLog] [info] Computing gene-level abundance estimates
[2021-05-21 18:33:20.590] [jointLog] [warning] Feature has no GFF ID
[2021-05-21 18:33:20.590] [jointLog] [warning] Feature has no GFF ID
[2021-05-21 18:33:20.590] [jointLog] [warning] Feature has no GFF ID
[2021-05-21 18:33:20.590] [jointLog] [warning] Feature has no GFF ID
[2021-05-21 18:33:20.590] [jointLog] [warning] Feature has no GFF ID
[2021-05-21 18:33:20.590] [jointLog] [warning] Feature has no GFF ID
[2021-05-21 18:33:20.590] [jointLog] [warning] Feature has no GFF ID
[2021-05-21 18:33:20.590] [jointLog] [warning] Feature has no GFF ID
[2021-05-21 18:33:20.590] [jointLog] [warning] Feature has no GFF ID
[2021-05-21 18:33:20.590] [jointLog] [warning] Feature has no GFF ID
[2021-05-21 18:33:20.590] [jointLog] [warning] Feature has no GFF ID
[2021-05-21 18:33:20.590] [jointLog] [warning] Feature has no GFF ID
[2021-05-21 18:33:20.590] [jointLog] [warning] Feature has no GFF ID
[2021-05-21 18:33:20.590] [jointLog] [warning] Feature has no GFF ID
[2021-05-21 18:33:20.590] [jointLog] [warning] Feature has no GFF ID
[2021-05-21 18:33:20.590] [jointLog] [warning] Feature has no GFF ID
[2021-05-21 18:33:20.590] [jointLog] [warning] Feature has no GFF ID
[2021-05-21 18:33:20.590] [jointLog] [warning] Feature has no GFF ID
[2021-05-21 18:33:20.590] [jointLog] [warning] Feature has no GFF ID
[2021-05-21 18:33:20.590] [jointLog] [warning] Feature has no GFF ID
[2021-05-21 18:33:20.590] [jointLog] [warning] Feature has no GFF ID
[2021-05-21 18:33:20.590] [jointLog] [warning] Feature has no GFF ID
[2021-05-21 18:33:20.590] [jointLog] [warning] Feature has no GFF ID
[2021-05-21 18:33:20.590] [jointLog] [warning] Feature has no GFF ID
[2021-05-21 18:33:20.590] [jointLog] [warning] Feature has no GFF ID
[2021-05-21 18:33:20.590] [jointLog] [warning] Feature has no GFF ID
[2021-05-21 18:33:20.590] [jointLog] [warning] Feature has no GFF ID
[2021-05-21 18:33:20.590] [jointLog] [warning] Feature has no GFF ID
[2021-05-21 18:33:20.590] [jointLog] [warning] Feature has no GFF ID
[2021-05-21 18:33:20.590] [jointLog] [warning] Feature has no GFF ID
[2021-05-21 18:33:20.590] [jointLog] [warning] Feature has no GFF ID
[2021-05-21 18:33:20.590] [jointLog] [warning] Feature has no GFF ID
[2021-05-21 18:33:20.590] [jointLog] [warning] Feature has no GFF ID
[2021-05-21 18:33:20.590] [jointLog] [warning] Feature has no GFF ID
[2021-05-21 18:33:20.590] [jointLog] [warning] Feature has no GFF ID
[2021-05-21 18:33:20.590] [jointLog] [warning] Feature has no GFF ID
[2021-05-21 18:33:20.590] [jointLog] [warning] Feature has no GFF ID
[2021-05-21 18:33:20.590] [jointLog] [warning] Feature has no GFF ID
[2021-05-21 18:33:20.590] [jointLog] [warning] Feature has no GFF ID
[2021-05-21 18:33:20.590] [jointLog] [warning] Feature has no GFF ID
[2021-05-21 18:33:20.590] [jointLog] [warning] Feature has no GFF ID
[2021-05-21 18:33:20.590] [jointLog] [warning] Feature has no GFF ID
[2021-05-21 18:33:20.590] [jointLog] [warning] Feature has no GFF ID
[2021-05-21 18:33:20.590] [jointLog] [warning] Feature has no GFF ID
[2021-05-21 18:33:20.590] [jointLog] [warning] Feature has no GFF ID
[2021-05-21 18:33:20.590] [jointLog] [warning] Feature has no GFF ID
[2021-05-21 18:33:20.590] [jointLog] [warning] Feature has no GFF ID
[2021-05-21 18:33:20.590] [jointLog] [warning] Feature has no GFF ID
[2021-05-21 18:33:20.590] [jointLog] [warning] Feature has no GFF ID
[2021-05-21 18:33:20.590] [jointLog] [warning] Feature has no GFF ID
[2021-05-21 18:33:20.590] [jointLog] [warning] Feature has no GFF ID
[2021-05-21 18:33:20.590] [jointLog] [warning] Feature has no GFF ID
[2021-05-21 18:33:20.590] [jointLog] [warning] Feature has no GFF ID
[2021-05-21 18:33:20.590] [jointLog] [warning] Feature has no GFF ID
[2021-05-21 18:33:20.590] [jointLog] [warning] Feature has no GFF ID
[2021-05-21 18:33:20.590] [jointLog] [warning] Feature has no GFF ID
[2021-05-21 18:33:20.590] [jointLog] [warning] Feature has no GFF ID
[2021-05-21 18:33:20.590] [jointLog] [warning] Feature has no GFF ID
[2021-05-21 18:33:20.590] [jointLog] [warning] Feature has no GFF ID
[2021-05-21 18:33:20.590] [jointLog] [warning] Feature has no GFF ID
[2021-05-21 18:33:20.590] [jointLog] [warning] Feature has no GFF ID
[2021-05-21 18:33:20.590] [jointLog] [warning] Feature has no GFF ID
[2021-05-21 18:33:20.590] [jointLog] [warning] Feature has no GFF ID
[2021-05-21 18:33:20.590] [jointLog] [warning] Feature has no GFF ID
[2021-05-21 18:33:20.590] [jointLog] [warning] Feature has no GFF ID
[2021-05-21 18:33:20.590] [jointLog] [warning] Feature has no GFF ID
[2021-05-21 18:33:20.590] [jointLog] [warning] Feature has no GFF ID
[2021-05-21 18:33:20.590] [jointLog] [warning] Feature has no GFF ID
[2021-05-21 18:33:20.590] [jointLog] [warning] Feature has no GFF ID
[2021-05-21 18:33:20.590] [jointLog] [warning] Feature has no GFF ID
[2021-05-21 18:33:20.590] [jointLog] [warning] Feature has no GFF ID
[2021-05-21 18:33:20.590] [jointLog] [warning] Feature has no GFF ID
[2021-05-21 18:33:20.590] [jointLog] [warning] Feature has no GFF ID
[2021-05-21 18:33:20.590] [jointLog] [warning] Feature has no GFF ID
[2021-05-21 18:33:20.590] [jointLog] [warning] Feature has no GFF ID
[2021-05-21 18:33:20.590] [jointLog] [warning] Feature has no GFF ID
[2021-05-21 18:33:20.590] [jointLog] [warning] Feature has no GFF ID
[2021-05-21 18:33:20.590] [jointLog] [warning] Feature has no GFF ID
[2021-05-21 18:33:20.590] [jointLog] [warning] Feature has no GFF ID
[2021-05-21 18:33:20.590] [jointLog] [warning] Feature has no GFF ID
[2021-05-21 18:33:20.590] [jointLog] [warning] Feature has no GFF ID
[2021-05-21 18:33:20.590] [jointLog] [warning] Feature has no GFF ID
[2021-05-21 18:33:20.590] [jointLog] [warning] Feature has no GFF ID
[2021-05-21 18:33:20.590] [jointLog] [warning] Feature has no GFF ID
[2021-05-21 18:33:20.590] [jointLog] [warning] Feature has no GFF ID
[2021-05-21 18:33:20.590] [jointLog] [warning] Feature has no GFF ID
[2021-05-21 18:33:20.590] [jointLog] [warning] Feature has no GFF ID
[2021-05-21 18:33:20.590] [jointLog] [warning] Feature has no GFF ID
[2021-05-21 18:33:20.590] [jointLog] [warning] Feature has no GFF ID
[2021-05-21 18:33:20.590] [jointLog] [warning] Feature has no GFF ID
[2021-05-21 18:33:20.590] [jointLog] [warning] Feature has no GFF ID
[2021-05-21 18:33:20.590] [jointLog] [warning] Feature has no GFF ID
[2021-05-21 18:33:20.856] [jointLog] [info] There were 142604 transcripts mapping to 55401 genes
[2021-05-21 18:33:20.856] [jointLog] [info] NOTE: We recommend using tximport (https://bioconductor.org/packages/release/bioc/html/tximport.html) for aggregating transcript-level salmon abundance estimates to the gene level.  It is more versatile, exposes more features, and allows considering multi-sample information during aggregation.
[2021-05-21 18:33:21.078] [jointLog] [warning] couldn't find transcript named [DQ459430] in transcript <-> gene map; returning transcript as it's own gene
[2021-05-21 18:33:21.078] [jointLog] [warning] couldn't find transcript named [DQ516784] in transcript <-> gene map; returning transcript as it's own gene
[2021-05-21 18:33:21.078] [jointLog] [warning] couldn't find transcript named [DQ516752] in transcript <-> gene map; returning transcript as it's own gene
[2021-05-21 18:33:21.078] [jointLog] [warning] couldn't find transcript named [DQ668364] in transcript <-> gene map; returning transcript as it's own gene
[2021-05-21 18:33:21.078] [jointLog] [warning] couldn't find transcript named [DQ883670] in transcript <-> gene map; returning transcript as it's own gene
[2021-05-21 18:33:21.078] [jointLog] [warning] couldn't find transcript named [EF011062] in transcript <-> gene map; returning transcript as it's own gene
[2021-05-21 18:33:21.078] [jointLog] [warning] couldn't find transcript named [DQ875385] in transcript <-> gene map; returning transcript as it's own gene
[2021-05-21 18:33:21.078] [jointLog] [warning] couldn't find transcript named [DQ883664] in transcript <-> gene map; returning transcript as it's own gene
[2021-05-21 18:33:21.078] [jointLog] [warning] couldn't find transcript named [DQ459420] in transcript <-> gene map; returning transcript as it's own gene
[2021-05-21 18:33:21.078] [jointLog] [warning] couldn't find transcript named [DQ883651] in transcript <-> gene map; returning transcript as it's own gene
[2021-05-21 18:33:21.078] [jointLog] [warning] couldn't find transcript named [DQ855004] in transcript <-> gene map; returning transcript as it's own gene
[2021-05-21 18:33:21.078] [jointLog] [warning] couldn't find transcript named [DQ854993] in transcript <-> gene map; returning transcript as it's own gene
[2021-05-21 18:33:21.078] [jointLog] [warning] couldn't find transcript named [DQ883689] in transcript <-> gene map; returning transcript as it's own gene
[2021-05-21 18:33:21.078] [jointLog] [warning] couldn't find transcript named [DQ459419] in transcript <-> gene map; returning transcript as it's own gene
[2021-05-21 18:33:21.078] [jointLog] [warning] couldn't find transcript named [DQ459431] in transcript <-> gene map; returning transcript as it's own gene
[2021-05-21 18:33:21.078] [jointLog] [warning] couldn't find transcript named [DQ516796] in transcript <-> gene map; returning transcript as it's own gene
[2021-05-21 18:33:21.078] [jointLog] [warning] couldn't find transcript named [DQ855001] in transcript <-> gene map; returning transcript as it's own gene
[2021-05-21 18:33:21.078] [jointLog] [warning] couldn't find transcript named [DQ459413] in transcript <-> gene map; returning transcript as it's own gene
[2021-05-21 18:33:21.078] [jointLog] [warning] couldn't find transcript named [DQ883656] in transcript <-> gene map; returning transcript as it's own gene
[2021-05-21 18:33:21.078] [jointLog] [warning] couldn't find transcript named [DQ883661] in transcript <-> gene map; returning transcript as it's own gene
[2021-05-21 18:33:21.078] [jointLog] [warning] couldn't find transcript named [EF011069] in transcript <-> gene map; returning transcript as it's own gene
[2021-05-21 18:33:21.078] [jointLog] [warning] couldn't find transcript named [DQ516783] in transcript <-> gene map; returning transcript as it's own gene
[2021-05-21 18:33:21.078] [jointLog] [warning] couldn't find transcript named [DQ516787] in transcript <-> gene map; returning transcript as it's own gene
[2021-05-21 18:33:21.078] [jointLog] [warning] couldn't find transcript named [DQ459424] in transcript <-> gene map; returning transcript as it's own gene
[2021-05-21 18:33:21.078] [jointLog] [warning] couldn't find transcript named [DQ516748] in transcript <-> gene map; returning transcript as it's own gene
[2021-05-21 18:33:21.078] [jointLog] [warning] couldn't find transcript named [DQ883671] in transcript <-> gene map; returning transcript as it's own gene
[2021-05-21 18:33:21.078] [jointLog] [warning] couldn't find transcript named [DQ516740] in transcript <-> gene map; returning transcript as it's own gene
[2021-05-21 18:33:21.078] [jointLog] [warning] couldn't find transcript named [DQ516785] in transcript <-> gene map; returning transcript as it's own gene
[2021-05-21 18:33:21.078] [jointLog] [warning] couldn't find transcript named [DQ516731] in transcript <-> gene map; returning transcript as it's own gene
[2021-05-21 18:33:21.078] [jointLog] [warning] couldn't find transcript named [DQ668366] in transcript <-> gene map; returning transcript as it's own gene
[2021-05-21 18:33:21.078] [jointLog] [warning] couldn't find transcript named [DQ459418] in transcript <-> gene map; returning transcript as it's own gene
[2021-05-21 18:33:21.078] [jointLog] [warning] couldn't find transcript named [DQ668356] in transcript <-> gene map; returning transcript as it's own gene
[2021-05-21 18:33:21.078] [jointLog] [warning] couldn't find transcript named [DQ516763] in transcript <-> gene map; returning transcript as it's own gene
[2021-05-21 18:33:21.078] [jointLog] [warning] couldn't find transcript named [DQ459426] in transcript <-> gene map; returning transcript as it's own gene
[2021-05-21 18:33:21.078] [jointLog] [warning] couldn't find transcript named [DQ516786] in transcript <-> gene map; returning transcript as it's own gene
[2021-05-21 18:33:21.078] [jointLog] [warning] couldn't find transcript named [DQ883653] in transcript <-> gene map; returning transcript as it's own gene
[2021-05-21 18:33:21.078] [jointLog] [warning] couldn't find transcript named [DQ459421] in transcript <-> gene map; returning transcript as it's own gene
[2021-05-21 18:33:21.078] [jointLog] [warning] couldn't find transcript named [DQ883654] in transcript <-> gene map; returning transcript as it's own gene
[2021-05-21 18:33:21.078] [jointLog] [warning] couldn't find transcript named [DQ668358] in transcript <-> gene map; returning transcript as it's own gene
[2021-05-21 18:33:21.078] [jointLog] [warning] couldn't find transcript named [DQ516754] in transcript <-> gene map; returning transcript as it's own gene
[2021-05-21 18:33:21.078] [jointLog] [warning] couldn't find transcript named [DQ516778] in transcript <-> gene map; returning transcript as it's own gene
[2021-05-21 18:33:21.078] [jointLog] [warning] couldn't find transcript named [DQ883650] in transcript <-> gene map; returning transcript as it's own gene
[2021-05-21 18:33:21.078] [jointLog] [warning] couldn't find transcript named [DQ516742] in transcript <-> gene map; returning transcript as it's own gene
[2021-05-21 18:33:21.078] [jointLog] [warning] couldn't find transcript named [DQ883673] in transcript <-> gene map; returning transcript as it's own gene
[2021-05-21 18:33:21.078] [jointLog] [warning] couldn't find transcript named [DQ883652] in transcript <-> gene map; returning transcript as it's own gene
[2021-05-21 18:33:21.078] [jointLog] [warning] couldn't find transcript named [DQ854991] in transcript <-> gene map; returning transcript as it's own gene
[2021-05-21 18:33:21.078] [jointLog] [warning] couldn't find transcript named [DQ516780] in transcript <-> gene map; returning transcript as it's own gene
[2021-05-21 18:33:21.078] [jointLog] [warning] couldn't find transcript named [DQ883682] in transcript <-> gene map; returning transcript as it's own gene
[2021-05-21 18:33:21.078] [jointLog] [warning] couldn't find transcript named [DQ883669] in transcript <-> gene map; returning transcript as it's own gene
[2021-05-21 18:33:21.078] [jointLog] [warning] couldn't find transcript named [DQ516791] in transcript <-> gene map; returning transcript as it's own gene
[2021-05-21 18:33:21.078] [jointLog] [warning] couldn't find transcript named [DQ459425] in transcript <-> gene map; returning transcript as it's own gene
[2021-05-21 18:33:21.078] [jointLog] [warning] couldn't find transcript named [DQ516759] in transcript <-> gene map; returning transcript as it's own gene
[2021-05-21 18:33:21.078] [jointLog] [warning] couldn't find transcript named [DQ459429] in transcript <-> gene map; returning transcript as it's own gene
[2021-05-21 18:33:21.078] [jointLog] [warning] couldn't find transcript named [DQ516758] in transcript <-> gene map; returning transcript as it's own gene
[2021-05-21 18:33:21.078] [jointLog] [warning] couldn't find transcript named [DQ459415] in transcript <-> gene map; returning transcript as it's own gene
[2021-05-21 18:33:21.078] [jointLog] [warning] couldn't find transcript named [DQ875387] in transcript <-> gene map; returning transcript as it's own gene
[2021-05-21 18:33:21.078] [jointLog] [warning] couldn't find transcript named [DQ516815] in transcript <-> gene map; returning transcript as it's own gene
[2021-05-21 18:33:21.078] [jointLog] [warning] couldn't find transcript named [DQ668365] in transcript <-> gene map; returning transcript as it's own gene
[2021-05-21 18:33:21.078] [jointLog] [warning] couldn't find transcript named [DQ854998] in transcript <-> gene map; returning transcript as it's own gene
[2021-05-21 18:33:21.078] [jointLog] [warning] couldn't find transcript named [DQ883685] in transcript <-> gene map; returning transcript as it's own gene
[2021-05-21 18:33:21.078] [jointLog] [warning] couldn't find transcript named [DQ459422] in transcript <-> gene map; returning transcript as it's own gene
[2021-05-21 18:33:21.078] [jointLog] [warning] couldn't find transcript named [DQ883663] in transcript <-> gene map; returning transcript as it's own gene
[2021-05-21 18:33:21.078] [jointLog] [warning] couldn't find transcript named [DQ668367] in transcript <-> gene map; returning transcript as it's own gene
[2021-05-21 18:33:21.078] [jointLog] [warning] couldn't find transcript named [DQ459412] in transcript <-> gene map; returning transcript as it's own gene
[2021-05-21 18:33:21.078] [jointLog] [warning] couldn't find transcript named [DQ854992] in transcript <-> gene map; returning transcript as it's own gene
[2021-05-21 18:33:21.078] [jointLog] [warning] couldn't find transcript named [DQ516782] in transcript <-> gene map; returning transcript as it's own gene
[2021-05-21 18:33:21.078] [jointLog] [warning] couldn't find transcript named [DQ459427] in transcript <-> gene map; returning transcript as it's own gene
[2021-05-21 18:33:21.078] [jointLog] [warning] couldn't find transcript named [EF011072] in transcript <-> gene map; returning transcript as it's own gene
[2021-05-21 18:33:21.078] [jointLog] [warning] couldn't find transcript named [DQ855003] in transcript <-> gene map; returning transcript as it's own gene
[2021-05-21 18:33:21.078] [jointLog] [warning] couldn't find transcript named [DQ516739] in transcript <-> gene map; returning transcript as it's own gene
[2021-05-21 18:33:21.078] [jointLog] [warning] couldn't find transcript named [EF011063] in transcript <-> gene map; returning transcript as it's own gene
[2021-05-21 18:33:21.078] [jointLog] [warning] couldn't find transcript named [DQ855000] in transcript <-> gene map; returning transcript as it's own gene
[2021-05-21 18:33:21.078] [jointLog] [warning] couldn't find transcript named [DQ516777] in transcript <-> gene map; returning transcript as it's own gene
[2021-05-21 18:33:21.078] [jointLog] [warning] couldn't find transcript named [DQ883646] in transcript <-> gene map; returning transcript as it's own gene
[2021-05-21 18:33:21.078] [jointLog] [warning] couldn't find transcript named [DQ668362] in transcript <-> gene map; returning transcript as it's own gene
[2021-05-21 18:33:21.078] [jointLog] [warning] couldn't find transcript named [DQ854995] in transcript <-> gene map; returning transcript as it's own gene
[2021-05-21 18:33:21.078] [jointLog] [warning] couldn't find transcript named [DQ875386] in transcript <-> gene map; returning transcript as it's own gene
[2021-05-21 18:33:21.078] [jointLog] [warning] couldn't find transcript named [DQ516790] in transcript <-> gene map; returning transcript as it's own gene
[2021-05-21 18:33:21.078] [jointLog] [warning] couldn't find transcript named [DQ883642] in transcript <-> gene map; returning transcript as it's own gene
[2021-05-21 18:33:21.078] [jointLog] [warning] couldn't find transcript named [DQ883659] in transcript <-> gene map; returning transcript as it's own gene
[2021-05-21 18:33:21.078] [jointLog] [warning] couldn't find transcript named [DQ854997] in transcript <-> gene map; returning transcript as it's own gene
[2021-05-21 18:33:21.078] [jointLog] [warning] couldn't find transcript named [DQ883643] in transcript <-> gene map; returning transcript as it's own gene
[2021-05-21 18:33:21.078] [jointLog] [warning] couldn't find transcript named [DQ839618] in transcript <-> gene map; returning transcript as it's own gene
[2021-05-21 18:33:21.078] [jointLog] [warning] couldn't find transcript named [DQ516795] in transcript <-> gene map; returning transcript as it's own gene
[2021-05-21 18:33:21.078] [jointLog] [warning] couldn't find transcript named [DQ883658] in transcript <-> gene map; returning transcript as it's own gene
[2021-05-21 18:33:21.078] [jointLog] [warning] couldn't find transcript named [DQ516750] in transcript <-> gene map; returning transcript as it's own gene
[2021-05-21 18:33:21.078] [jointLog] [warning] couldn't find transcript named [DQ668359] in transcript <-> gene map; returning transcript as it's own gene
[2021-05-21 18:33:21.078] [jointLog] [warning] couldn't find transcript named [DQ516779] in transcript <-> gene map; returning transcript as it's own gene
[2021-05-21 18:33:21.078] [jointLog] [warning] couldn't find transcript named [DQ668363] in transcript <-> gene map; returning transcript as it's own gene
[2021-05-21 18:33:21.078] [jointLog] [warning] couldn't find transcript named [DQ516776] in transcript <-> gene map; returning transcript as it's own gene
[2021-05-21 18:33:21.078] [jointLog] [warning] couldn't find transcript named [DQ516773] in transcript <-> gene map; returning transcript as it's own gene
[2021-05-21 18:33:21.078] [jointLog] [warning] couldn't find transcript named [DQ854994] in transcript <-> gene map; returning transcript as it's own gene
[2021-05-21 18:33:21.078] [jointLog] [info] Aggregating expressions to gene level
[2021-05-21 18:33:21.212] [jointLog] [info] done
