[2021-04-27 20:49:33.024] [jointLog] [info] setting maxHashResizeThreads to 6
[2021-04-27 20:49:33.024] [jointLog] [info] Fragment incompatibility prior below threshold.  Incompatible fragments will be ignored.
[2021-04-27 20:49:33.025] [jointLog] [info] numQuantThreads = 3
[2021-04-27 20:49:38.537] [jointLog] [info] replaced 4 non-ACGT nucleotides with random nucleotides
[2021-04-27 20:49:38.798] [fileLog] [info] quantification processed 0 fragments so far

[2021-04-27 20:49:41.862] [fileLog] [info] quantification processed 1000000 fragments so far

[2021-04-27 20:49:44.896] [fileLog] [info] quantification processed 2000000 fragments so far

[2021-04-27 20:49:46.458] [jointLog] [info] 

The alignment group queue pool has been exhausted.  3164545 extra fragments were allocated on the heap to saturate the pool.  No new fragments will be allocated


[2021-04-27 20:49:53.367] [fileLog] [info] quantification processed 3000000 fragments so far

[2021-04-27 20:50:07.628] [fileLog] [info] quantification processed 4000000 fragments so far

[2021-04-27 20:50:21.836] [fileLog] [info] quantification processed 5000000 fragments so far

[2021-04-27 20:50:35.959] [fileLog] [info] quantification processed 6000000 fragments so far

[2021-04-27 20:50:50.096] [fileLog] [info] quantification processed 7000000 fragments so far

[2021-04-27 20:50:53.186] [fileLog] [info] quantification processed 8000000 fragments so far

[2021-04-27 20:50:56.267] [fileLog] [info] quantification processed 9000000 fragments so far

[2021-04-27 20:50:59.342] [fileLog] [info] quantification processed 10000000 fragments so far

[2021-04-27 20:51:02.426] [fileLog] [info] quantification processed 11000000 fragments so far

[2021-04-27 20:51:05.452] [fileLog] [info] quantification processed 12000000 fragments so far

[2021-04-27 20:51:08.511] [fileLog] [info] quantification processed 13000000 fragments so far

[2021-04-27 20:51:11.603] [fileLog] [info] quantification processed 14000000 fragments so far

[2021-04-27 20:51:14.658] [fileLog] [info] quantification processed 15000000 fragments so far

[2021-04-27 20:51:17.748] [fileLog] [info] quantification processed 16000000 fragments so far

[2021-04-27 20:51:20.847] [fileLog] [info] quantification processed 17000000 fragments so far

[2021-04-27 20:51:23.954] [fileLog] [info] quantification processed 18000000 fragments so far

[2021-04-27 20:51:27.032] [fileLog] [info] quantification processed 19000000 fragments so far

[2021-04-27 20:51:30.070] [fileLog] [info] quantification processed 20000000 fragments so far

[2021-04-27 20:51:33.138] [fileLog] [info] quantification processed 21000000 fragments so far

[2021-04-27 20:51:36.157] [fileLog] [info] quantification processed 22000000 fragments so far

[2021-04-27 20:51:39.218] [fileLog] [info] quantification processed 23000000 fragments so far

[2021-04-27 20:51:42.245] [fileLog] [info] quantification processed 24000000 fragments so far

[2021-04-27 20:51:45.365] [fileLog] [info] quantification processed 25000000 fragments so far

[2021-04-27 20:51:48.467] [fileLog] [info] quantification processed 26000000 fragments so far

[2021-04-27 20:51:51.522] [fileLog] [info] quantification processed 27000000 fragments so far

[2021-04-27 20:51:54.576] [fileLog] [info] quantification processed 28000000 fragments so far

[2021-04-27 20:51:57.676] [fileLog] [info] quantification processed 29000000 fragments so far

[2021-04-27 20:52:00.736] [fileLog] [info] quantification processed 30000000 fragments so far

[2021-04-27 20:52:03.860] [fileLog] [info] quantification processed 31000000 fragments so far

[2021-04-27 20:52:06.925] [fileLog] [info] quantification processed 32000000 fragments so far

[2021-04-27 20:52:10.011] [fileLog] [info] quantification processed 33000000 fragments so far

[2021-04-27 20:52:13.054] [fileLog] [info] quantification processed 34000000 fragments so far

[2021-04-27 20:52:16.133] [fileLog] [info] quantification processed 35000000 fragments so far

[2021-04-27 20:52:17.836] [fileLog] [info] quantification processed 35548285 fragments so far

[2021-04-27 20:52:23.841] [jointLog] [info] Thread saw mini-batch with a maximum of 5.40% zero probability fragments
[2021-04-27 20:52:23.844] [jointLog] [info] Thread saw mini-batch with a maximum of 6.60% zero probability fragments
[2021-04-27 20:52:23.850] [jointLog] [info] Thread saw mini-batch with a maximum of 3.90% zero probability fragments
[2021-04-27 20:52:23.850] [jointLog] [info] 


Completed first pass through the alignment file.
Total # of mapped reads : 35548285
# of uniquely mapped reads : 13465001
# ambiguously mapped reads : 22083284



[2021-04-27 20:52:23.990] [jointLog] [info] Computed 241803 rich equivalence classes for further processing
[2021-04-27 20:52:23.990] [jointLog] [info] Counted 35324097 total reads in the equivalence classes 
[2021-04-27 20:52:23.992] [jointLog] [info] starting optimizer
[2021-04-27 20:52:24.090] [jointLog] [info] Marked 0 weighted equivalence classes as degenerate
[2021-04-27 20:52:24.109] [jointLog] [info] iteration = 0 | max rel diff. = 7022.04
[2021-04-27 20:52:25.639] [jointLog] [info] iteration = 100 | max rel diff. = 18.9375
[2021-04-27 20:52:27.136] [jointLog] [info] iteration = 200 | max rel diff. = 14.7709
[2021-04-27 20:52:28.635] [jointLog] [info] iteration = 300 | max rel diff. = 0.864099
[2021-04-27 20:52:30.144] [jointLog] [info] iteration = 400 | max rel diff. = 13.0848
[2021-04-27 20:52:31.643] [jointLog] [info] iteration = 500 | max rel diff. = 0.361221
[2021-04-27 20:52:33.152] [jointLog] [info] iteration = 600 | max rel diff. = 1.83363
[2021-04-27 20:52:34.658] [jointLog] [info] iteration = 700 | max rel diff. = 2.91905
[2021-04-27 20:52:36.163] [jointLog] [info] iteration = 800 | max rel diff. = 0.310372
[2021-04-27 20:52:37.664] [jointLog] [info] iteration = 900 | max rel diff. = 0.158888
[2021-04-27 20:52:39.162] [jointLog] [info] iteration = 1000 | max rel diff. = 0.430293
[2021-04-27 20:52:40.665] [jointLog] [info] iteration = 1100 | max rel diff. = 0.0291976
[2021-04-27 20:52:42.172] [jointLog] [info] iteration = 1200 | max rel diff. = 0.0192451
[2021-04-27 20:52:43.666] [jointLog] [info] iteration = 1300 | max rel diff. = 0.134379
[2021-04-27 20:52:45.168] [jointLog] [info] iteration = 1400 | max rel diff. = 0.119962
[2021-04-27 20:52:46.665] [jointLog] [info] iteration = 1500 | max rel diff. = 0.0266033
[2021-04-27 20:52:48.161] [jointLog] [info] iteration = 1600 | max rel diff. = 0.0367159
[2021-04-27 20:52:49.664] [jointLog] [info] iteration = 1700 | max rel diff. = 0.05604
[2021-04-27 20:52:51.158] [jointLog] [info] iteration = 1800 | max rel diff. = 0.0659974
[2021-04-27 20:52:51.472] [jointLog] [info] iteration = 1822 | max rel diff. = 0.00725413
[2021-04-27 20:52:51.501] [jointLog] [info] finished optimizer
[2021-04-27 20:52:51.501] [jointLog] [info] writing output
[2021-04-27 20:52:53.218] [jointLog] [info] Computing gene-level abundance estimates
[2021-04-27 20:53:21.875] [jointLog] [warning] Feature has no GFF ID
[2021-04-27 20:53:21.875] [jointLog] [warning] Feature has no GFF ID
[2021-04-27 20:53:21.875] [jointLog] [warning] Feature has no GFF ID
[2021-04-27 20:53:21.875] [jointLog] [warning] Feature has no GFF ID
[2021-04-27 20:53:21.875] [jointLog] [warning] Feature has no GFF ID
[2021-04-27 20:53:21.875] [jointLog] [warning] Feature has no GFF ID
[2021-04-27 20:53:21.875] [jointLog] [warning] Feature has no GFF ID
[2021-04-27 20:53:21.875] [jointLog] [warning] Feature has no GFF ID
[2021-04-27 20:53:21.875] [jointLog] [warning] Feature has no GFF ID
[2021-04-27 20:53:21.875] [jointLog] [warning] Feature has no GFF ID
[2021-04-27 20:53:21.875] [jointLog] [warning] Feature has no GFF ID
[2021-04-27 20:53:21.875] [jointLog] [warning] Feature has no GFF ID
[2021-04-27 20:53:21.875] [jointLog] [warning] Feature has no GFF ID
[2021-04-27 20:53:21.875] [jointLog] [warning] Feature has no GFF ID
[2021-04-27 20:53:21.875] [jointLog] [warning] Feature has no GFF ID
[2021-04-27 20:53:21.875] [jointLog] [warning] Feature has no GFF ID
[2021-04-27 20:53:21.875] [jointLog] [warning] Feature has no GFF ID
[2021-04-27 20:53:21.875] [jointLog] [warning] Feature has no GFF ID
[2021-04-27 20:53:21.875] [jointLog] [warning] Feature has no GFF ID
[2021-04-27 20:53:21.875] [jointLog] [warning] Feature has no GFF ID
[2021-04-27 20:53:21.875] [jointLog] [warning] Feature has no GFF ID
[2021-04-27 20:53:21.875] [jointLog] [warning] Feature has no GFF ID
[2021-04-27 20:53:21.875] [jointLog] [warning] Feature has no GFF ID
[2021-04-27 20:53:21.875] [jointLog] [warning] Feature has no GFF ID
[2021-04-27 20:53:21.875] [jointLog] [warning] Feature has no GFF ID
[2021-04-27 20:53:21.875] [jointLog] [warning] Feature has no GFF ID
[2021-04-27 20:53:21.875] [jointLog] [warning] Feature has no GFF ID
[2021-04-27 20:53:21.875] [jointLog] [warning] Feature has no GFF ID
[2021-04-27 20:53:21.875] [jointLog] [warning] Feature has no GFF ID
[2021-04-27 20:53:21.875] [jointLog] [warning] Feature has no GFF ID
[2021-04-27 20:53:21.875] [jointLog] [warning] Feature has no GFF ID
[2021-04-27 20:53:21.875] [jointLog] [warning] Feature has no GFF ID
[2021-04-27 20:53:21.875] [jointLog] [warning] Feature has no GFF ID
[2021-04-27 20:53:21.875] [jointLog] [warning] Feature has no GFF ID
[2021-04-27 20:53:21.875] [jointLog] [warning] Feature has no GFF ID
[2021-04-27 20:53:21.875] [jointLog] [warning] Feature has no GFF ID
[2021-04-27 20:53:21.875] [jointLog] [warning] Feature has no GFF ID
[2021-04-27 20:53:21.875] [jointLog] [warning] Feature has no GFF ID
[2021-04-27 20:53:21.875] [jointLog] [warning] Feature has no GFF ID
[2021-04-27 20:53:21.875] [jointLog] [warning] Feature has no GFF ID
[2021-04-27 20:53:21.875] [jointLog] [warning] Feature has no GFF ID
[2021-04-27 20:53:21.875] [jointLog] [warning] Feature has no GFF ID
[2021-04-27 20:53:21.875] [jointLog] [warning] Feature has no GFF ID
[2021-04-27 20:53:21.875] [jointLog] [warning] Feature has no GFF ID
[2021-04-27 20:53:21.875] [jointLog] [warning] Feature has no GFF ID
[2021-04-27 20:53:21.875] [jointLog] [warning] Feature has no GFF ID
[2021-04-27 20:53:21.875] [jointLog] [warning] Feature has no GFF ID
[2021-04-27 20:53:21.875] [jointLog] [warning] Feature has no GFF ID
[2021-04-27 20:53:21.875] [jointLog] [warning] Feature has no GFF ID
[2021-04-27 20:53:21.875] [jointLog] [warning] Feature has no GFF ID
[2021-04-27 20:53:21.875] [jointLog] [warning] Feature has no GFF ID
[2021-04-27 20:53:21.875] [jointLog] [warning] Feature has no GFF ID
[2021-04-27 20:53:21.875] [jointLog] [warning] Feature has no GFF ID
[2021-04-27 20:53:21.875] [jointLog] [warning] Feature has no GFF ID
[2021-04-27 20:53:21.875] [jointLog] [warning] Feature has no GFF ID
[2021-04-27 20:53:21.875] [jointLog] [warning] Feature has no GFF ID
[2021-04-27 20:53:21.875] [jointLog] [warning] Feature has no GFF ID
[2021-04-27 20:53:21.875] [jointLog] [warning] Feature has no GFF ID
[2021-04-27 20:53:21.875] [jointLog] [warning] Feature has no GFF ID
[2021-04-27 20:53:21.875] [jointLog] [warning] Feature has no GFF ID
[2021-04-27 20:53:21.875] [jointLog] [warning] Feature has no GFF ID
[2021-04-27 20:53:21.875] [jointLog] [warning] Feature has no GFF ID
[2021-04-27 20:53:21.875] [jointLog] [warning] Feature has no GFF ID
[2021-04-27 20:53:21.875] [jointLog] [warning] Feature has no GFF ID
[2021-04-27 20:53:21.875] [jointLog] [warning] Feature has no GFF ID
[2021-04-27 20:53:21.875] [jointLog] [warning] Feature has no GFF ID
[2021-04-27 20:53:21.875] [jointLog] [warning] Feature has no GFF ID
[2021-04-27 20:53:21.875] [jointLog] [warning] Feature has no GFF ID
[2021-04-27 20:53:21.875] [jointLog] [warning] Feature has no GFF ID
[2021-04-27 20:53:21.875] [jointLog] [warning] Feature has no GFF ID
[2021-04-27 20:53:21.875] [jointLog] [warning] Feature has no GFF ID
[2021-04-27 20:53:21.875] [jointLog] [warning] Feature has no GFF ID
[2021-04-27 20:53:21.875] [jointLog] [warning] Feature has no GFF ID
[2021-04-27 20:53:21.875] [jointLog] [warning] Feature has no GFF ID
[2021-04-27 20:53:21.875] [jointLog] [warning] Feature has no GFF ID
[2021-04-27 20:53:21.875] [jointLog] [warning] Feature has no GFF ID
[2021-04-27 20:53:21.875] [jointLog] [warning] Feature has no GFF ID
[2021-04-27 20:53:21.875] [jointLog] [warning] Feature has no GFF ID
[2021-04-27 20:53:21.875] [jointLog] [warning] Feature has no GFF ID
[2021-04-27 20:53:21.875] [jointLog] [warning] Feature has no GFF ID
[2021-04-27 20:53:21.875] [jointLog] [warning] Feature has no GFF ID
[2021-04-27 20:53:21.875] [jointLog] [warning] Feature has no GFF ID
[2021-04-27 20:53:21.875] [jointLog] [warning] Feature has no GFF ID
[2021-04-27 20:53:21.875] [jointLog] [warning] Feature has no GFF ID
[2021-04-27 20:53:21.875] [jointLog] [warning] Feature has no GFF ID
[2021-04-27 20:53:21.875] [jointLog] [warning] Feature has no GFF ID
[2021-04-27 20:53:21.875] [jointLog] [warning] Feature has no GFF ID
[2021-04-27 20:53:21.875] [jointLog] [warning] Feature has no GFF ID
[2021-04-27 20:53:21.875] [jointLog] [warning] Feature has no GFF ID
[2021-04-27 20:53:21.875] [jointLog] [warning] Feature has no GFF ID
[2021-04-27 20:53:21.875] [jointLog] [warning] Feature has no GFF ID
[2021-04-27 20:53:21.875] [jointLog] [warning] Feature has no GFF ID
[2021-04-27 20:53:22.175] [jointLog] [info] There were 142604 transcripts mapping to 55401 genes
[2021-04-27 20:53:22.175] [jointLog] [info] NOTE: We recommend using tximport (https://bioconductor.org/packages/release/bioc/html/tximport.html) for aggregating transcript-level salmon abundance estimates to the gene level.  It is more versatile, exposes more features, and allows considering multi-sample information during aggregation.
[2021-04-27 20:53:22.439] [jointLog] [warning] couldn't find transcript named [DQ459430] in transcript <-> gene map; returning transcript as it's own gene
[2021-04-27 20:53:22.439] [jointLog] [warning] couldn't find transcript named [DQ516784] in transcript <-> gene map; returning transcript as it's own gene
[2021-04-27 20:53:22.439] [jointLog] [warning] couldn't find transcript named [DQ516752] in transcript <-> gene map; returning transcript as it's own gene
[2021-04-27 20:53:22.439] [jointLog] [warning] couldn't find transcript named [DQ668364] in transcript <-> gene map; returning transcript as it's own gene
[2021-04-27 20:53:22.439] [jointLog] [warning] couldn't find transcript named [DQ883670] in transcript <-> gene map; returning transcript as it's own gene
[2021-04-27 20:53:22.439] [jointLog] [warning] couldn't find transcript named [EF011062] in transcript <-> gene map; returning transcript as it's own gene
[2021-04-27 20:53:22.439] [jointLog] [warning] couldn't find transcript named [DQ875385] in transcript <-> gene map; returning transcript as it's own gene
[2021-04-27 20:53:22.439] [jointLog] [warning] couldn't find transcript named [DQ883664] in transcript <-> gene map; returning transcript as it's own gene
[2021-04-27 20:53:22.439] [jointLog] [warning] couldn't find transcript named [DQ459420] in transcript <-> gene map; returning transcript as it's own gene
[2021-04-27 20:53:22.439] [jointLog] [warning] couldn't find transcript named [DQ883651] in transcript <-> gene map; returning transcript as it's own gene
[2021-04-27 20:53:22.439] [jointLog] [warning] couldn't find transcript named [DQ855004] in transcript <-> gene map; returning transcript as it's own gene
[2021-04-27 20:53:22.439] [jointLog] [warning] couldn't find transcript named [DQ854993] in transcript <-> gene map; returning transcript as it's own gene
[2021-04-27 20:53:22.439] [jointLog] [warning] couldn't find transcript named [DQ883689] in transcript <-> gene map; returning transcript as it's own gene
[2021-04-27 20:53:22.439] [jointLog] [warning] couldn't find transcript named [DQ459419] in transcript <-> gene map; returning transcript as it's own gene
[2021-04-27 20:53:22.439] [jointLog] [warning] couldn't find transcript named [DQ459431] in transcript <-> gene map; returning transcript as it's own gene
[2021-04-27 20:53:22.439] [jointLog] [warning] couldn't find transcript named [DQ516796] in transcript <-> gene map; returning transcript as it's own gene
[2021-04-27 20:53:22.439] [jointLog] [warning] couldn't find transcript named [DQ855001] in transcript <-> gene map; returning transcript as it's own gene
[2021-04-27 20:53:22.439] [jointLog] [warning] couldn't find transcript named [DQ459413] in transcript <-> gene map; returning transcript as it's own gene
[2021-04-27 20:53:22.439] [jointLog] [warning] couldn't find transcript named [DQ883656] in transcript <-> gene map; returning transcript as it's own gene
[2021-04-27 20:53:22.439] [jointLog] [warning] couldn't find transcript named [DQ883661] in transcript <-> gene map; returning transcript as it's own gene
[2021-04-27 20:53:22.439] [jointLog] [warning] couldn't find transcript named [EF011069] in transcript <-> gene map; returning transcript as it's own gene
[2021-04-27 20:53:22.439] [jointLog] [warning] couldn't find transcript named [DQ516783] in transcript <-> gene map; returning transcript as it's own gene
[2021-04-27 20:53:22.439] [jointLog] [warning] couldn't find transcript named [DQ516787] in transcript <-> gene map; returning transcript as it's own gene
[2021-04-27 20:53:22.439] [jointLog] [warning] couldn't find transcript named [DQ459424] in transcript <-> gene map; returning transcript as it's own gene
[2021-04-27 20:53:22.439] [jointLog] [warning] couldn't find transcript named [DQ516748] in transcript <-> gene map; returning transcript as it's own gene
[2021-04-27 20:53:22.439] [jointLog] [warning] couldn't find transcript named [DQ883671] in transcript <-> gene map; returning transcript as it's own gene
[2021-04-27 20:53:22.439] [jointLog] [warning] couldn't find transcript named [DQ516740] in transcript <-> gene map; returning transcript as it's own gene
[2021-04-27 20:53:22.439] [jointLog] [warning] couldn't find transcript named [DQ516785] in transcript <-> gene map; returning transcript as it's own gene
[2021-04-27 20:53:22.439] [jointLog] [warning] couldn't find transcript named [DQ516731] in transcript <-> gene map; returning transcript as it's own gene
[2021-04-27 20:53:22.439] [jointLog] [warning] couldn't find transcript named [DQ668366] in transcript <-> gene map; returning transcript as it's own gene
[2021-04-27 20:53:22.439] [jointLog] [warning] couldn't find transcript named [DQ459418] in transcript <-> gene map; returning transcript as it's own gene
[2021-04-27 20:53:22.439] [jointLog] [warning] couldn't find transcript named [DQ668356] in transcript <-> gene map; returning transcript as it's own gene
[2021-04-27 20:53:22.439] [jointLog] [warning] couldn't find transcript named [DQ516763] in transcript <-> gene map; returning transcript as it's own gene
[2021-04-27 20:53:22.439] [jointLog] [warning] couldn't find transcript named [DQ459426] in transcript <-> gene map; returning transcript as it's own gene
[2021-04-27 20:53:22.439] [jointLog] [warning] couldn't find transcript named [DQ516786] in transcript <-> gene map; returning transcript as it's own gene
[2021-04-27 20:53:22.439] [jointLog] [warning] couldn't find transcript named [DQ883653] in transcript <-> gene map; returning transcript as it's own gene
[2021-04-27 20:53:22.439] [jointLog] [warning] couldn't find transcript named [DQ459421] in transcript <-> gene map; returning transcript as it's own gene
[2021-04-27 20:53:22.439] [jointLog] [warning] couldn't find transcript named [DQ883654] in transcript <-> gene map; returning transcript as it's own gene
[2021-04-27 20:53:22.439] [jointLog] [warning] couldn't find transcript named [DQ668358] in transcript <-> gene map; returning transcript as it's own gene
[2021-04-27 20:53:22.439] [jointLog] [warning] couldn't find transcript named [DQ516754] in transcript <-> gene map; returning transcript as it's own gene
[2021-04-27 20:53:22.439] [jointLog] [warning] couldn't find transcript named [DQ516778] in transcript <-> gene map; returning transcript as it's own gene
[2021-04-27 20:53:22.439] [jointLog] [warning] couldn't find transcript named [DQ883650] in transcript <-> gene map; returning transcript as it's own gene
[2021-04-27 20:53:22.439] [jointLog] [warning] couldn't find transcript named [DQ516742] in transcript <-> gene map; returning transcript as it's own gene
[2021-04-27 20:53:22.439] [jointLog] [warning] couldn't find transcript named [DQ883673] in transcript <-> gene map; returning transcript as it's own gene
[2021-04-27 20:53:22.439] [jointLog] [warning] couldn't find transcript named [DQ883652] in transcript <-> gene map; returning transcript as it's own gene
[2021-04-27 20:53:22.439] [jointLog] [warning] couldn't find transcript named [DQ854991] in transcript <-> gene map; returning transcript as it's own gene
[2021-04-27 20:53:22.439] [jointLog] [warning] couldn't find transcript named [DQ516780] in transcript <-> gene map; returning transcript as it's own gene
[2021-04-27 20:53:22.439] [jointLog] [warning] couldn't find transcript named [DQ883682] in transcript <-> gene map; returning transcript as it's own gene
[2021-04-27 20:53:22.439] [jointLog] [warning] couldn't find transcript named [DQ883669] in transcript <-> gene map; returning transcript as it's own gene
[2021-04-27 20:53:22.439] [jointLog] [warning] couldn't find transcript named [DQ516791] in transcript <-> gene map; returning transcript as it's own gene
[2021-04-27 20:53:22.439] [jointLog] [warning] couldn't find transcript named [DQ459425] in transcript <-> gene map; returning transcript as it's own gene
[2021-04-27 20:53:22.439] [jointLog] [warning] couldn't find transcript named [DQ516759] in transcript <-> gene map; returning transcript as it's own gene
[2021-04-27 20:53:22.439] [jointLog] [warning] couldn't find transcript named [DQ459429] in transcript <-> gene map; returning transcript as it's own gene
[2021-04-27 20:53:22.439] [jointLog] [warning] couldn't find transcript named [DQ516758] in transcript <-> gene map; returning transcript as it's own gene
[2021-04-27 20:53:22.439] [jointLog] [warning] couldn't find transcript named [DQ459415] in transcript <-> gene map; returning transcript as it's own gene
[2021-04-27 20:53:22.439] [jointLog] [warning] couldn't find transcript named [DQ875387] in transcript <-> gene map; returning transcript as it's own gene
[2021-04-27 20:53:22.439] [jointLog] [warning] couldn't find transcript named [DQ516815] in transcript <-> gene map; returning transcript as it's own gene
[2021-04-27 20:53:22.439] [jointLog] [warning] couldn't find transcript named [DQ668365] in transcript <-> gene map; returning transcript as it's own gene
[2021-04-27 20:53:22.439] [jointLog] [warning] couldn't find transcript named [DQ854998] in transcript <-> gene map; returning transcript as it's own gene
[2021-04-27 20:53:22.439] [jointLog] [warning] couldn't find transcript named [DQ883685] in transcript <-> gene map; returning transcript as it's own gene
[2021-04-27 20:53:22.439] [jointLog] [warning] couldn't find transcript named [DQ459422] in transcript <-> gene map; returning transcript as it's own gene
[2021-04-27 20:53:22.439] [jointLog] [warning] couldn't find transcript named [DQ883663] in transcript <-> gene map; returning transcript as it's own gene
[2021-04-27 20:53:22.439] [jointLog] [warning] couldn't find transcript named [DQ668367] in transcript <-> gene map; returning transcript as it's own gene
[2021-04-27 20:53:22.439] [jointLog] [warning] couldn't find transcript named [DQ459412] in transcript <-> gene map; returning transcript as it's own gene
[2021-04-27 20:53:22.439] [jointLog] [warning] couldn't find transcript named [DQ854992] in transcript <-> gene map; returning transcript as it's own gene
[2021-04-27 20:53:22.439] [jointLog] [warning] couldn't find transcript named [DQ516782] in transcript <-> gene map; returning transcript as it's own gene
[2021-04-27 20:53:22.439] [jointLog] [warning] couldn't find transcript named [DQ459427] in transcript <-> gene map; returning transcript as it's own gene
[2021-04-27 20:53:22.439] [jointLog] [warning] couldn't find transcript named [EF011072] in transcript <-> gene map; returning transcript as it's own gene
[2021-04-27 20:53:22.439] [jointLog] [warning] couldn't find transcript named [DQ855003] in transcript <-> gene map; returning transcript as it's own gene
[2021-04-27 20:53:22.439] [jointLog] [warning] couldn't find transcript named [DQ516739] in transcript <-> gene map; returning transcript as it's own gene
[2021-04-27 20:53:22.439] [jointLog] [warning] couldn't find transcript named [EF011063] in transcript <-> gene map; returning transcript as it's own gene
[2021-04-27 20:53:22.439] [jointLog] [warning] couldn't find transcript named [DQ855000] in transcript <-> gene map; returning transcript as it's own gene
[2021-04-27 20:53:22.439] [jointLog] [warning] couldn't find transcript named [DQ516777] in transcript <-> gene map; returning transcript as it's own gene
[2021-04-27 20:53:22.439] [jointLog] [warning] couldn't find transcript named [DQ883646] in transcript <-> gene map; returning transcript as it's own gene
[2021-04-27 20:53:22.439] [jointLog] [warning] couldn't find transcript named [DQ668362] in transcript <-> gene map; returning transcript as it's own gene
[2021-04-27 20:53:22.439] [jointLog] [warning] couldn't find transcript named [DQ854995] in transcript <-> gene map; returning transcript as it's own gene
[2021-04-27 20:53:22.439] [jointLog] [warning] couldn't find transcript named [DQ875386] in transcript <-> gene map; returning transcript as it's own gene
[2021-04-27 20:53:22.439] [jointLog] [warning] couldn't find transcript named [DQ516790] in transcript <-> gene map; returning transcript as it's own gene
[2021-04-27 20:53:22.439] [jointLog] [warning] couldn't find transcript named [DQ883642] in transcript <-> gene map; returning transcript as it's own gene
[2021-04-27 20:53:22.439] [jointLog] [warning] couldn't find transcript named [DQ883659] in transcript <-> gene map; returning transcript as it's own gene
[2021-04-27 20:53:22.439] [jointLog] [warning] couldn't find transcript named [DQ854997] in transcript <-> gene map; returning transcript as it's own gene
[2021-04-27 20:53:22.439] [jointLog] [warning] couldn't find transcript named [DQ883643] in transcript <-> gene map; returning transcript as it's own gene
[2021-04-27 20:53:22.439] [jointLog] [warning] couldn't find transcript named [DQ839618] in transcript <-> gene map; returning transcript as it's own gene
[2021-04-27 20:53:22.439] [jointLog] [warning] couldn't find transcript named [DQ516795] in transcript <-> gene map; returning transcript as it's own gene
[2021-04-27 20:53:22.439] [jointLog] [warning] couldn't find transcript named [DQ883658] in transcript <-> gene map; returning transcript as it's own gene
[2021-04-27 20:53:22.439] [jointLog] [warning] couldn't find transcript named [DQ516750] in transcript <-> gene map; returning transcript as it's own gene
[2021-04-27 20:53:22.439] [jointLog] [warning] couldn't find transcript named [DQ668359] in transcript <-> gene map; returning transcript as it's own gene
[2021-04-27 20:53:22.439] [jointLog] [warning] couldn't find transcript named [DQ516779] in transcript <-> gene map; returning transcript as it's own gene
[2021-04-27 20:53:22.439] [jointLog] [warning] couldn't find transcript named [DQ668363] in transcript <-> gene map; returning transcript as it's own gene
[2021-04-27 20:53:22.439] [jointLog] [warning] couldn't find transcript named [DQ516776] in transcript <-> gene map; returning transcript as it's own gene
[2021-04-27 20:53:22.439] [jointLog] [warning] couldn't find transcript named [DQ516773] in transcript <-> gene map; returning transcript as it's own gene
[2021-04-27 20:53:22.439] [jointLog] [warning] couldn't find transcript named [DQ854994] in transcript <-> gene map; returning transcript as it's own gene
[2021-04-27 20:53:22.440] [jointLog] [info] Aggregating expressions to gene level
[2021-04-27 20:53:22.609] [jointLog] [info] done
