[2021-04-27 20:53:42.654] [jointLog] [info] setting maxHashResizeThreads to 6
[2021-04-27 20:53:42.654] [jointLog] [info] Fragment incompatibility prior below threshold.  Incompatible fragments will be ignored.
[2021-04-27 20:53:42.655] [jointLog] [info] numQuantThreads = 3
[2021-04-27 20:53:47.614] [jointLog] [info] replaced 4 non-ACGT nucleotides with random nucleotides
[2021-04-27 20:53:47.870] [fileLog] [info] quantification processed 0 fragments so far

[2021-04-27 20:53:50.821] [fileLog] [info] quantification processed 1000000 fragments so far

[2021-04-27 20:53:53.810] [fileLog] [info] quantification processed 2000000 fragments so far

[2021-04-27 20:53:55.442] [jointLog] [info] 

The alignment group queue pool has been exhausted.  3506719 extra fragments were allocated on the heap to saturate the pool.  No new fragments will be allocated


[2021-04-27 20:54:01.924] [fileLog] [info] quantification processed 3000000 fragments so far

[2021-04-27 20:54:15.344] [fileLog] [info] quantification processed 4000000 fragments so far

[2021-04-27 20:54:28.771] [fileLog] [info] quantification processed 5000000 fragments so far

[2021-04-27 20:54:42.159] [fileLog] [info] quantification processed 6000000 fragments so far

[2021-04-27 20:54:55.545] [fileLog] [info] quantification processed 7000000 fragments so far

[2021-04-27 20:54:58.773] [fileLog] [info] quantification processed 8000000 fragments so far

[2021-04-27 20:55:01.882] [fileLog] [info] quantification processed 9000000 fragments so far

[2021-04-27 20:55:04.975] [fileLog] [info] quantification processed 10000000 fragments so far

[2021-04-27 20:55:08.091] [fileLog] [info] quantification processed 11000000 fragments so far

[2021-04-27 20:55:11.119] [fileLog] [info] quantification processed 12000000 fragments so far

[2021-04-27 20:55:14.090] [fileLog] [info] quantification processed 13000000 fragments so far

[2021-04-27 20:55:17.142] [fileLog] [info] quantification processed 14000000 fragments so far

[2021-04-27 20:55:20.191] [fileLog] [info] quantification processed 15000000 fragments so far

[2021-04-27 20:55:23.194] [fileLog] [info] quantification processed 16000000 fragments so far

[2021-04-27 20:55:26.211] [fileLog] [info] quantification processed 17000000 fragments so far

[2021-04-27 20:55:29.249] [fileLog] [info] quantification processed 18000000 fragments so far

[2021-04-27 20:55:32.357] [fileLog] [info] quantification processed 19000000 fragments so far

[2021-04-27 20:55:35.430] [fileLog] [info] quantification processed 20000000 fragments so far

[2021-04-27 20:55:38.397] [fileLog] [info] quantification processed 21000000 fragments so far

[2021-04-27 20:55:41.461] [fileLog] [info] quantification processed 22000000 fragments so far

[2021-04-27 20:55:44.637] [fileLog] [info] quantification processed 23000000 fragments so far

[2021-04-27 20:55:47.803] [fileLog] [info] quantification processed 24000000 fragments so far

[2021-04-27 20:55:50.779] [fileLog] [info] quantification processed 25000000 fragments so far

[2021-04-27 20:55:53.684] [fileLog] [info] quantification processed 26000000 fragments so far

[2021-04-27 20:55:56.740] [fileLog] [info] quantification processed 27000000 fragments so far

[2021-04-27 20:55:59.820] [fileLog] [info] quantification processed 28000000 fragments so far

[2021-04-27 20:56:02.974] [fileLog] [info] quantification processed 29000000 fragments so far

[2021-04-27 20:56:05.941] [fileLog] [info] quantification processed 30000000 fragments so far

[2021-04-27 20:56:08.994] [fileLog] [info] quantification processed 31000000 fragments so far

[2021-04-27 20:56:12.092] [fileLog] [info] quantification processed 32000000 fragments so far

[2021-04-27 20:56:15.201] [fileLog] [info] quantification processed 33000000 fragments so far

[2021-04-27 20:56:18.183] [fileLog] [info] quantification processed 34000000 fragments so far

[2021-04-27 20:56:21.196] [fileLog] [info] quantification processed 35000000 fragments so far

[2021-04-27 20:56:24.204] [fileLog] [info] quantification processed 36000000 fragments so far

[2021-04-27 20:56:27.303] [fileLog] [info] quantification processed 37000000 fragments so far

[2021-04-27 20:56:30.454] [fileLog] [info] quantification processed 38000000 fragments so far

[2021-04-27 20:56:33.549] [fileLog] [info] quantification processed 39000000 fragments so far

[2021-04-27 20:56:36.591] [fileLog] [info] quantification processed 40000000 fragments so far

[2021-04-27 20:56:39.759] [fileLog] [info] quantification processed 41000000 fragments so far

[2021-04-27 20:56:42.855] [fileLog] [info] quantification processed 42000000 fragments so far

[2021-04-27 20:56:45.812] [fileLog] [info] quantification processed 43000000 fragments so far

[2021-04-27 20:56:48.851] [fileLog] [info] quantification processed 44000000 fragments so far

[2021-04-27 20:56:49.704] [fileLog] [info] quantification processed 44240233 fragments so far

[2021-04-27 20:56:55.393] [jointLog] [info] Thread saw mini-batch with a maximum of 18.70% zero probability fragments
[2021-04-27 20:56:55.396] [jointLog] [info] Thread saw mini-batch with a maximum of 18.00% zero probability fragments
[2021-04-27 20:56:55.399] [jointLog] [info] Thread saw mini-batch with a maximum of 18.70% zero probability fragments
[2021-04-27 20:56:55.400] [jointLog] [info] 


Completed first pass through the alignment file.
Total # of mapped reads : 44240233
# of uniquely mapped reads : 15082953
# ambiguously mapped reads : 29157280



[2021-04-27 20:56:55.527] [jointLog] [info] Computed 191375 rich equivalence classes for further processing
[2021-04-27 20:56:55.527] [jointLog] [info] Counted 43979386 total reads in the equivalence classes 
[2021-04-27 20:56:55.530] [jointLog] [info] starting optimizer
[2021-04-27 20:56:55.619] [jointLog] [info] Marked 0 weighted equivalence classes as degenerate
[2021-04-27 20:56:55.637] [jointLog] [info] iteration = 0 | max rel diff. = 3659.39
[2021-04-27 20:56:57.066] [jointLog] [info] iteration = 100 | max rel diff. = 4.53821
[2021-04-27 20:56:58.447] [jointLog] [info] iteration = 200 | max rel diff. = 2.78074
[2021-04-27 20:56:59.845] [jointLog] [info] iteration = 300 | max rel diff. = 2.99352
[2021-04-27 20:57:01.194] [jointLog] [info] iteration = 400 | max rel diff. = 2.68131
[2021-04-27 20:57:02.600] [jointLog] [info] iteration = 500 | max rel diff. = 6.65969
[2021-04-27 20:57:04.028] [jointLog] [info] iteration = 600 | max rel diff. = 2.64891
[2021-04-27 20:57:05.446] [jointLog] [info] iteration = 700 | max rel diff. = 0.406414
[2021-04-27 20:57:06.874] [jointLog] [info] iteration = 800 | max rel diff. = 0.169608
[2021-04-27 20:57:08.280] [jointLog] [info] iteration = 900 | max rel diff. = 0.0589597
[2021-04-27 20:57:09.671] [jointLog] [info] iteration = 1000 | max rel diff. = 0.303038
[2021-04-27 20:57:11.027] [jointLog] [info] iteration = 1100 | max rel diff. = 0.145941
[2021-04-27 20:57:12.406] [jointLog] [info] iteration = 1200 | max rel diff. = 0.0537367
[2021-04-27 20:57:13.812] [jointLog] [info] iteration = 1300 | max rel diff. = 0.156482
[2021-04-27 20:57:15.205] [jointLog] [info] iteration = 1400 | max rel diff. = 4.49796
[2021-04-27 20:57:16.610] [jointLog] [info] iteration = 1500 | max rel diff. = 10.6034
[2021-04-27 20:57:18.016] [jointLog] [info] iteration = 1600 | max rel diff. = 0.0178256
[2021-04-27 20:57:19.421] [jointLog] [info] iteration = 1700 | max rel diff. = 0.0781505
[2021-04-27 20:57:20.850] [jointLog] [info] iteration = 1800 | max rel diff. = 0.0397376
[2021-04-27 20:57:22.208] [jointLog] [info] iteration = 1900 | max rel diff. = 0.017058
[2021-04-27 20:57:23.620] [jointLog] [info] iteration = 2000 | max rel diff. = 0.0280618
[2021-04-27 20:57:25.032] [jointLog] [info] iteration = 2100 | max rel diff. = 0.019278
[2021-04-27 20:57:25.767] [jointLog] [info] iteration = 2153 | max rel diff. = 0.0076022
[2021-04-27 20:57:25.797] [jointLog] [info] finished optimizer
[2021-04-27 20:57:25.797] [jointLog] [info] writing output
[2021-04-27 20:57:27.450] [jointLog] [info] Computing gene-level abundance estimates
[2021-04-27 20:57:54.171] [jointLog] [warning] Feature has no GFF ID
[2021-04-27 20:57:54.171] [jointLog] [warning] Feature has no GFF ID
[2021-04-27 20:57:54.171] [jointLog] [warning] Feature has no GFF ID
[2021-04-27 20:57:54.171] [jointLog] [warning] Feature has no GFF ID
[2021-04-27 20:57:54.171] [jointLog] [warning] Feature has no GFF ID
[2021-04-27 20:57:54.171] [jointLog] [warning] Feature has no GFF ID
[2021-04-27 20:57:54.171] [jointLog] [warning] Feature has no GFF ID
[2021-04-27 20:57:54.171] [jointLog] [warning] Feature has no GFF ID
[2021-04-27 20:57:54.171] [jointLog] [warning] Feature has no GFF ID
[2021-04-27 20:57:54.171] [jointLog] [warning] Feature has no GFF ID
[2021-04-27 20:57:54.171] [jointLog] [warning] Feature has no GFF ID
[2021-04-27 20:57:54.171] [jointLog] [warning] Feature has no GFF ID
[2021-04-27 20:57:54.171] [jointLog] [warning] Feature has no GFF ID
[2021-04-27 20:57:54.171] [jointLog] [warning] Feature has no GFF ID
[2021-04-27 20:57:54.171] [jointLog] [warning] Feature has no GFF ID
[2021-04-27 20:57:54.171] [jointLog] [warning] Feature has no GFF ID
[2021-04-27 20:57:54.171] [jointLog] [warning] Feature has no GFF ID
[2021-04-27 20:57:54.171] [jointLog] [warning] Feature has no GFF ID
[2021-04-27 20:57:54.171] [jointLog] [warning] Feature has no GFF ID
[2021-04-27 20:57:54.171] [jointLog] [warning] Feature has no GFF ID
[2021-04-27 20:57:54.171] [jointLog] [warning] Feature has no GFF ID
[2021-04-27 20:57:54.171] [jointLog] [warning] Feature has no GFF ID
[2021-04-27 20:57:54.171] [jointLog] [warning] Feature has no GFF ID
[2021-04-27 20:57:54.171] [jointLog] [warning] Feature has no GFF ID
[2021-04-27 20:57:54.171] [jointLog] [warning] Feature has no GFF ID
[2021-04-27 20:57:54.171] [jointLog] [warning] Feature has no GFF ID
[2021-04-27 20:57:54.171] [jointLog] [warning] Feature has no GFF ID
[2021-04-27 20:57:54.171] [jointLog] [warning] Feature has no GFF ID
[2021-04-27 20:57:54.171] [jointLog] [warning] Feature has no GFF ID
[2021-04-27 20:57:54.171] [jointLog] [warning] Feature has no GFF ID
[2021-04-27 20:57:54.171] [jointLog] [warning] Feature has no GFF ID
[2021-04-27 20:57:54.171] [jointLog] [warning] Feature has no GFF ID
[2021-04-27 20:57:54.171] [jointLog] [warning] Feature has no GFF ID
[2021-04-27 20:57:54.171] [jointLog] [warning] Feature has no GFF ID
[2021-04-27 20:57:54.171] [jointLog] [warning] Feature has no GFF ID
[2021-04-27 20:57:54.171] [jointLog] [warning] Feature has no GFF ID
[2021-04-27 20:57:54.171] [jointLog] [warning] Feature has no GFF ID
[2021-04-27 20:57:54.171] [jointLog] [warning] Feature has no GFF ID
[2021-04-27 20:57:54.171] [jointLog] [warning] Feature has no GFF ID
[2021-04-27 20:57:54.171] [jointLog] [warning] Feature has no GFF ID
[2021-04-27 20:57:54.171] [jointLog] [warning] Feature has no GFF ID
[2021-04-27 20:57:54.171] [jointLog] [warning] Feature has no GFF ID
[2021-04-27 20:57:54.171] [jointLog] [warning] Feature has no GFF ID
[2021-04-27 20:57:54.171] [jointLog] [warning] Feature has no GFF ID
[2021-04-27 20:57:54.171] [jointLog] [warning] Feature has no GFF ID
[2021-04-27 20:57:54.171] [jointLog] [warning] Feature has no GFF ID
[2021-04-27 20:57:54.171] [jointLog] [warning] Feature has no GFF ID
[2021-04-27 20:57:54.171] [jointLog] [warning] Feature has no GFF ID
[2021-04-27 20:57:54.171] [jointLog] [warning] Feature has no GFF ID
[2021-04-27 20:57:54.171] [jointLog] [warning] Feature has no GFF ID
[2021-04-27 20:57:54.171] [jointLog] [warning] Feature has no GFF ID
[2021-04-27 20:57:54.171] [jointLog] [warning] Feature has no GFF ID
[2021-04-27 20:57:54.171] [jointLog] [warning] Feature has no GFF ID
[2021-04-27 20:57:54.171] [jointLog] [warning] Feature has no GFF ID
[2021-04-27 20:57:54.171] [jointLog] [warning] Feature has no GFF ID
[2021-04-27 20:57:54.171] [jointLog] [warning] Feature has no GFF ID
[2021-04-27 20:57:54.171] [jointLog] [warning] Feature has no GFF ID
[2021-04-27 20:57:54.171] [jointLog] [warning] Feature has no GFF ID
[2021-04-27 20:57:54.171] [jointLog] [warning] Feature has no GFF ID
[2021-04-27 20:57:54.171] [jointLog] [warning] Feature has no GFF ID
[2021-04-27 20:57:54.171] [jointLog] [warning] Feature has no GFF ID
[2021-04-27 20:57:54.171] [jointLog] [warning] Feature has no GFF ID
[2021-04-27 20:57:54.171] [jointLog] [warning] Feature has no GFF ID
[2021-04-27 20:57:54.171] [jointLog] [warning] Feature has no GFF ID
[2021-04-27 20:57:54.171] [jointLog] [warning] Feature has no GFF ID
[2021-04-27 20:57:54.171] [jointLog] [warning] Feature has no GFF ID
[2021-04-27 20:57:54.171] [jointLog] [warning] Feature has no GFF ID
[2021-04-27 20:57:54.171] [jointLog] [warning] Feature has no GFF ID
[2021-04-27 20:57:54.171] [jointLog] [warning] Feature has no GFF ID
[2021-04-27 20:57:54.171] [jointLog] [warning] Feature has no GFF ID
[2021-04-27 20:57:54.171] [jointLog] [warning] Feature has no GFF ID
[2021-04-27 20:57:54.171] [jointLog] [warning] Feature has no GFF ID
[2021-04-27 20:57:54.171] [jointLog] [warning] Feature has no GFF ID
[2021-04-27 20:57:54.171] [jointLog] [warning] Feature has no GFF ID
[2021-04-27 20:57:54.171] [jointLog] [warning] Feature has no GFF ID
[2021-04-27 20:57:54.171] [jointLog] [warning] Feature has no GFF ID
[2021-04-27 20:57:54.171] [jointLog] [warning] Feature has no GFF ID
[2021-04-27 20:57:54.171] [jointLog] [warning] Feature has no GFF ID
[2021-04-27 20:57:54.171] [jointLog] [warning] Feature has no GFF ID
[2021-04-27 20:57:54.171] [jointLog] [warning] Feature has no GFF ID
[2021-04-27 20:57:54.171] [jointLog] [warning] Feature has no GFF ID
[2021-04-27 20:57:54.171] [jointLog] [warning] Feature has no GFF ID
[2021-04-27 20:57:54.171] [jointLog] [warning] Feature has no GFF ID
[2021-04-27 20:57:54.171] [jointLog] [warning] Feature has no GFF ID
[2021-04-27 20:57:54.171] [jointLog] [warning] Feature has no GFF ID
[2021-04-27 20:57:54.171] [jointLog] [warning] Feature has no GFF ID
[2021-04-27 20:57:54.171] [jointLog] [warning] Feature has no GFF ID
[2021-04-27 20:57:54.171] [jointLog] [warning] Feature has no GFF ID
[2021-04-27 20:57:54.171] [jointLog] [warning] Feature has no GFF ID
[2021-04-27 20:57:54.171] [jointLog] [warning] Feature has no GFF ID
[2021-04-27 20:57:54.171] [jointLog] [warning] Feature has no GFF ID
[2021-04-27 20:57:54.171] [jointLog] [warning] Feature has no GFF ID
[2021-04-27 20:57:54.456] [jointLog] [info] There were 142604 transcripts mapping to 55401 genes
[2021-04-27 20:57:54.456] [jointLog] [info] NOTE: We recommend using tximport (https://bioconductor.org/packages/release/bioc/html/tximport.html) for aggregating transcript-level salmon abundance estimates to the gene level.  It is more versatile, exposes more features, and allows considering multi-sample information during aggregation.
[2021-04-27 20:57:54.707] [jointLog] [warning] couldn't find transcript named [DQ459430] in transcript <-> gene map; returning transcript as it's own gene
[2021-04-27 20:57:54.707] [jointLog] [warning] couldn't find transcript named [DQ516784] in transcript <-> gene map; returning transcript as it's own gene
[2021-04-27 20:57:54.707] [jointLog] [warning] couldn't find transcript named [DQ516752] in transcript <-> gene map; returning transcript as it's own gene
[2021-04-27 20:57:54.707] [jointLog] [warning] couldn't find transcript named [DQ668364] in transcript <-> gene map; returning transcript as it's own gene
[2021-04-27 20:57:54.707] [jointLog] [warning] couldn't find transcript named [DQ883670] in transcript <-> gene map; returning transcript as it's own gene
[2021-04-27 20:57:54.707] [jointLog] [warning] couldn't find transcript named [EF011062] in transcript <-> gene map; returning transcript as it's own gene
[2021-04-27 20:57:54.707] [jointLog] [warning] couldn't find transcript named [DQ875385] in transcript <-> gene map; returning transcript as it's own gene
[2021-04-27 20:57:54.707] [jointLog] [warning] couldn't find transcript named [DQ883664] in transcript <-> gene map; returning transcript as it's own gene
[2021-04-27 20:57:54.707] [jointLog] [warning] couldn't find transcript named [DQ459420] in transcript <-> gene map; returning transcript as it's own gene
[2021-04-27 20:57:54.707] [jointLog] [warning] couldn't find transcript named [DQ883651] in transcript <-> gene map; returning transcript as it's own gene
[2021-04-27 20:57:54.707] [jointLog] [warning] couldn't find transcript named [DQ855004] in transcript <-> gene map; returning transcript as it's own gene
[2021-04-27 20:57:54.707] [jointLog] [warning] couldn't find transcript named [DQ854993] in transcript <-> gene map; returning transcript as it's own gene
[2021-04-27 20:57:54.707] [jointLog] [warning] couldn't find transcript named [DQ883689] in transcript <-> gene map; returning transcript as it's own gene
[2021-04-27 20:57:54.707] [jointLog] [warning] couldn't find transcript named [DQ459419] in transcript <-> gene map; returning transcript as it's own gene
[2021-04-27 20:57:54.707] [jointLog] [warning] couldn't find transcript named [DQ459431] in transcript <-> gene map; returning transcript as it's own gene
[2021-04-27 20:57:54.707] [jointLog] [warning] couldn't find transcript named [DQ516796] in transcript <-> gene map; returning transcript as it's own gene
[2021-04-27 20:57:54.707] [jointLog] [warning] couldn't find transcript named [DQ855001] in transcript <-> gene map; returning transcript as it's own gene
[2021-04-27 20:57:54.707] [jointLog] [warning] couldn't find transcript named [DQ459413] in transcript <-> gene map; returning transcript as it's own gene
[2021-04-27 20:57:54.707] [jointLog] [warning] couldn't find transcript named [DQ883656] in transcript <-> gene map; returning transcript as it's own gene
[2021-04-27 20:57:54.707] [jointLog] [warning] couldn't find transcript named [DQ883661] in transcript <-> gene map; returning transcript as it's own gene
[2021-04-27 20:57:54.707] [jointLog] [warning] couldn't find transcript named [EF011069] in transcript <-> gene map; returning transcript as it's own gene
[2021-04-27 20:57:54.707] [jointLog] [warning] couldn't find transcript named [DQ516783] in transcript <-> gene map; returning transcript as it's own gene
[2021-04-27 20:57:54.707] [jointLog] [warning] couldn't find transcript named [DQ516787] in transcript <-> gene map; returning transcript as it's own gene
[2021-04-27 20:57:54.707] [jointLog] [warning] couldn't find transcript named [DQ459424] in transcript <-> gene map; returning transcript as it's own gene
[2021-04-27 20:57:54.707] [jointLog] [warning] couldn't find transcript named [DQ516748] in transcript <-> gene map; returning transcript as it's own gene
[2021-04-27 20:57:54.707] [jointLog] [warning] couldn't find transcript named [DQ883671] in transcript <-> gene map; returning transcript as it's own gene
[2021-04-27 20:57:54.707] [jointLog] [warning] couldn't find transcript named [DQ516740] in transcript <-> gene map; returning transcript as it's own gene
[2021-04-27 20:57:54.707] [jointLog] [warning] couldn't find transcript named [DQ516785] in transcript <-> gene map; returning transcript as it's own gene
[2021-04-27 20:57:54.707] [jointLog] [warning] couldn't find transcript named [DQ516731] in transcript <-> gene map; returning transcript as it's own gene
[2021-04-27 20:57:54.707] [jointLog] [warning] couldn't find transcript named [DQ668366] in transcript <-> gene map; returning transcript as it's own gene
[2021-04-27 20:57:54.707] [jointLog] [warning] couldn't find transcript named [DQ459418] in transcript <-> gene map; returning transcript as it's own gene
[2021-04-27 20:57:54.707] [jointLog] [warning] couldn't find transcript named [DQ668356] in transcript <-> gene map; returning transcript as it's own gene
[2021-04-27 20:57:54.707] [jointLog] [warning] couldn't find transcript named [DQ516763] in transcript <-> gene map; returning transcript as it's own gene
[2021-04-27 20:57:54.707] [jointLog] [warning] couldn't find transcript named [DQ459426] in transcript <-> gene map; returning transcript as it's own gene
[2021-04-27 20:57:54.707] [jointLog] [warning] couldn't find transcript named [DQ516786] in transcript <-> gene map; returning transcript as it's own gene
[2021-04-27 20:57:54.707] [jointLog] [warning] couldn't find transcript named [DQ883653] in transcript <-> gene map; returning transcript as it's own gene
[2021-04-27 20:57:54.707] [jointLog] [warning] couldn't find transcript named [DQ459421] in transcript <-> gene map; returning transcript as it's own gene
[2021-04-27 20:57:54.707] [jointLog] [warning] couldn't find transcript named [DQ883654] in transcript <-> gene map; returning transcript as it's own gene
[2021-04-27 20:57:54.707] [jointLog] [warning] couldn't find transcript named [DQ668358] in transcript <-> gene map; returning transcript as it's own gene
[2021-04-27 20:57:54.707] [jointLog] [warning] couldn't find transcript named [DQ516754] in transcript <-> gene map; returning transcript as it's own gene
[2021-04-27 20:57:54.707] [jointLog] [warning] couldn't find transcript named [DQ516778] in transcript <-> gene map; returning transcript as it's own gene
[2021-04-27 20:57:54.707] [jointLog] [warning] couldn't find transcript named [DQ883650] in transcript <-> gene map; returning transcript as it's own gene
[2021-04-27 20:57:54.707] [jointLog] [warning] couldn't find transcript named [DQ516742] in transcript <-> gene map; returning transcript as it's own gene
[2021-04-27 20:57:54.707] [jointLog] [warning] couldn't find transcript named [DQ883673] in transcript <-> gene map; returning transcript as it's own gene
[2021-04-27 20:57:54.707] [jointLog] [warning] couldn't find transcript named [DQ883652] in transcript <-> gene map; returning transcript as it's own gene
[2021-04-27 20:57:54.707] [jointLog] [warning] couldn't find transcript named [DQ854991] in transcript <-> gene map; returning transcript as it's own gene
[2021-04-27 20:57:54.707] [jointLog] [warning] couldn't find transcript named [DQ516780] in transcript <-> gene map; returning transcript as it's own gene
[2021-04-27 20:57:54.707] [jointLog] [warning] couldn't find transcript named [DQ883682] in transcript <-> gene map; returning transcript as it's own gene
[2021-04-27 20:57:54.707] [jointLog] [warning] couldn't find transcript named [DQ883669] in transcript <-> gene map; returning transcript as it's own gene
[2021-04-27 20:57:54.707] [jointLog] [warning] couldn't find transcript named [DQ516791] in transcript <-> gene map; returning transcript as it's own gene
[2021-04-27 20:57:54.707] [jointLog] [warning] couldn't find transcript named [DQ459425] in transcript <-> gene map; returning transcript as it's own gene
[2021-04-27 20:57:54.707] [jointLog] [warning] couldn't find transcript named [DQ516759] in transcript <-> gene map; returning transcript as it's own gene
[2021-04-27 20:57:54.707] [jointLog] [warning] couldn't find transcript named [DQ459429] in transcript <-> gene map; returning transcript as it's own gene
[2021-04-27 20:57:54.707] [jointLog] [warning] couldn't find transcript named [DQ516758] in transcript <-> gene map; returning transcript as it's own gene
[2021-04-27 20:57:54.707] [jointLog] [warning] couldn't find transcript named [DQ459415] in transcript <-> gene map; returning transcript as it's own gene
[2021-04-27 20:57:54.707] [jointLog] [warning] couldn't find transcript named [DQ875387] in transcript <-> gene map; returning transcript as it's own gene
[2021-04-27 20:57:54.707] [jointLog] [warning] couldn't find transcript named [DQ516815] in transcript <-> gene map; returning transcript as it's own gene
[2021-04-27 20:57:54.707] [jointLog] [warning] couldn't find transcript named [DQ668365] in transcript <-> gene map; returning transcript as it's own gene
[2021-04-27 20:57:54.707] [jointLog] [warning] couldn't find transcript named [DQ854998] in transcript <-> gene map; returning transcript as it's own gene
[2021-04-27 20:57:54.707] [jointLog] [warning] couldn't find transcript named [DQ883685] in transcript <-> gene map; returning transcript as it's own gene
[2021-04-27 20:57:54.707] [jointLog] [warning] couldn't find transcript named [DQ459422] in transcript <-> gene map; returning transcript as it's own gene
[2021-04-27 20:57:54.707] [jointLog] [warning] couldn't find transcript named [DQ883663] in transcript <-> gene map; returning transcript as it's own gene
[2021-04-27 20:57:54.707] [jointLog] [warning] couldn't find transcript named [DQ668367] in transcript <-> gene map; returning transcript as it's own gene
[2021-04-27 20:57:54.707] [jointLog] [warning] couldn't find transcript named [DQ459412] in transcript <-> gene map; returning transcript as it's own gene
[2021-04-27 20:57:54.707] [jointLog] [warning] couldn't find transcript named [DQ854992] in transcript <-> gene map; returning transcript as it's own gene
[2021-04-27 20:57:54.707] [jointLog] [warning] couldn't find transcript named [DQ516782] in transcript <-> gene map; returning transcript as it's own gene
[2021-04-27 20:57:54.707] [jointLog] [warning] couldn't find transcript named [DQ459427] in transcript <-> gene map; returning transcript as it's own gene
[2021-04-27 20:57:54.707] [jointLog] [warning] couldn't find transcript named [EF011072] in transcript <-> gene map; returning transcript as it's own gene
[2021-04-27 20:57:54.707] [jointLog] [warning] couldn't find transcript named [DQ855003] in transcript <-> gene map; returning transcript as it's own gene
[2021-04-27 20:57:54.707] [jointLog] [warning] couldn't find transcript named [DQ516739] in transcript <-> gene map; returning transcript as it's own gene
[2021-04-27 20:57:54.707] [jointLog] [warning] couldn't find transcript named [EF011063] in transcript <-> gene map; returning transcript as it's own gene
[2021-04-27 20:57:54.707] [jointLog] [warning] couldn't find transcript named [DQ855000] in transcript <-> gene map; returning transcript as it's own gene
[2021-04-27 20:57:54.707] [jointLog] [warning] couldn't find transcript named [DQ516777] in transcript <-> gene map; returning transcript as it's own gene
[2021-04-27 20:57:54.707] [jointLog] [warning] couldn't find transcript named [DQ883646] in transcript <-> gene map; returning transcript as it's own gene
[2021-04-27 20:57:54.707] [jointLog] [warning] couldn't find transcript named [DQ668362] in transcript <-> gene map; returning transcript as it's own gene
[2021-04-27 20:57:54.707] [jointLog] [warning] couldn't find transcript named [DQ854995] in transcript <-> gene map; returning transcript as it's own gene
[2021-04-27 20:57:54.707] [jointLog] [warning] couldn't find transcript named [DQ875386] in transcript <-> gene map; returning transcript as it's own gene
[2021-04-27 20:57:54.707] [jointLog] [warning] couldn't find transcript named [DQ516790] in transcript <-> gene map; returning transcript as it's own gene
[2021-04-27 20:57:54.707] [jointLog] [warning] couldn't find transcript named [DQ883642] in transcript <-> gene map; returning transcript as it's own gene
[2021-04-27 20:57:54.707] [jointLog] [warning] couldn't find transcript named [DQ883659] in transcript <-> gene map; returning transcript as it's own gene
[2021-04-27 20:57:54.707] [jointLog] [warning] couldn't find transcript named [DQ854997] in transcript <-> gene map; returning transcript as it's own gene
[2021-04-27 20:57:54.707] [jointLog] [warning] couldn't find transcript named [DQ883643] in transcript <-> gene map; returning transcript as it's own gene
[2021-04-27 20:57:54.707] [jointLog] [warning] couldn't find transcript named [DQ839618] in transcript <-> gene map; returning transcript as it's own gene
[2021-04-27 20:57:54.707] [jointLog] [warning] couldn't find transcript named [DQ516795] in transcript <-> gene map; returning transcript as it's own gene
[2021-04-27 20:57:54.707] [jointLog] [warning] couldn't find transcript named [DQ883658] in transcript <-> gene map; returning transcript as it's own gene
[2021-04-27 20:57:54.707] [jointLog] [warning] couldn't find transcript named [DQ516750] in transcript <-> gene map; returning transcript as it's own gene
[2021-04-27 20:57:54.707] [jointLog] [warning] couldn't find transcript named [DQ668359] in transcript <-> gene map; returning transcript as it's own gene
[2021-04-27 20:57:54.707] [jointLog] [warning] couldn't find transcript named [DQ516779] in transcript <-> gene map; returning transcript as it's own gene
[2021-04-27 20:57:54.707] [jointLog] [warning] couldn't find transcript named [DQ668363] in transcript <-> gene map; returning transcript as it's own gene
[2021-04-27 20:57:54.707] [jointLog] [warning] couldn't find transcript named [DQ516776] in transcript <-> gene map; returning transcript as it's own gene
[2021-04-27 20:57:54.707] [jointLog] [warning] couldn't find transcript named [DQ516773] in transcript <-> gene map; returning transcript as it's own gene
[2021-04-27 20:57:54.707] [jointLog] [warning] couldn't find transcript named [DQ854994] in transcript <-> gene map; returning transcript as it's own gene
[2021-04-27 20:57:54.707] [jointLog] [info] Aggregating expressions to gene level
[2021-04-27 20:57:54.853] [jointLog] [info] done
