[2021-04-27 20:28:42.072] [jointLog] [info] setting maxHashResizeThreads to 6
[2021-04-27 20:28:42.072] [jointLog] [info] Fragment incompatibility prior below threshold.  Incompatible fragments will be ignored.
[2021-04-27 20:28:42.075] [jointLog] [info] numQuantThreads = 3
[2021-04-27 20:28:45.233] [fileLog] [info] quantification processed 0 fragments so far

[2021-04-27 20:28:44.974] [jointLog] [info] replaced 4 non-ACGT nucleotides with random nucleotides
[2021-04-27 20:28:48.287] [fileLog] [info] quantification processed 1000000 fragments so far

[2021-04-27 20:28:51.199] [fileLog] [info] quantification processed 2000000 fragments so far

[2021-04-27 20:28:52.766] [jointLog] [info] 

The alignment group queue pool has been exhausted.  3041940 extra fragments were allocated on the heap to saturate the pool.  No new fragments will be allocated


[2021-04-27 20:28:59.618] [fileLog] [info] quantification processed 3000000 fragments so far

[2021-04-27 20:29:13.576] [fileLog] [info] quantification processed 4000000 fragments so far

[2021-04-27 20:29:27.549] [fileLog] [info] quantification processed 5000000 fragments so far

[2021-04-27 20:29:41.596] [fileLog] [info] quantification processed 6000000 fragments so far

[2021-04-27 20:29:55.441] [fileLog] [info] quantification processed 7000000 fragments so far

[2021-04-27 20:29:58.430] [fileLog] [info] quantification processed 8000000 fragments so far

[2021-04-27 20:30:01.453] [fileLog] [info] quantification processed 9000000 fragments so far

[2021-04-27 20:30:04.454] [fileLog] [info] quantification processed 10000000 fragments so far

[2021-04-27 20:30:07.369] [fileLog] [info] quantification processed 11000000 fragments so far

[2021-04-27 20:30:10.315] [fileLog] [info] quantification processed 12000000 fragments so far

[2021-04-27 20:30:13.296] [fileLog] [info] quantification processed 13000000 fragments so far

[2021-04-27 20:30:16.262] [fileLog] [info] quantification processed 14000000 fragments so far

[2021-04-27 20:30:19.210] [fileLog] [info] quantification processed 15000000 fragments so far

[2021-04-27 20:30:22.176] [fileLog] [info] quantification processed 16000000 fragments so far

[2021-04-27 20:30:25.110] [fileLog] [info] quantification processed 17000000 fragments so far

[2021-04-27 20:30:28.104] [fileLog] [info] quantification processed 18000000 fragments so far

[2021-04-27 20:30:31.031] [fileLog] [info] quantification processed 19000000 fragments so far

[2021-04-27 20:30:33.960] [fileLog] [info] quantification processed 20000000 fragments so far

[2021-04-27 20:30:36.962] [fileLog] [info] quantification processed 21000000 fragments so far

[2021-04-27 20:30:39.921] [fileLog] [info] quantification processed 22000000 fragments so far

[2021-04-27 20:30:42.871] [fileLog] [info] quantification processed 23000000 fragments so far

[2021-04-27 20:30:45.809] [fileLog] [info] quantification processed 24000000 fragments so far

[2021-04-27 20:30:48.791] [fileLog] [info] quantification processed 25000000 fragments so far

[2021-04-27 20:30:51.768] [fileLog] [info] quantification processed 26000000 fragments so far

[2021-04-27 20:30:54.728] [fileLog] [info] quantification processed 27000000 fragments so far

[2021-04-27 20:30:57.751] [fileLog] [info] quantification processed 28000000 fragments so far

[2021-04-27 20:31:00.681] [fileLog] [info] quantification processed 29000000 fragments so far

[2021-04-27 20:31:03.676] [fileLog] [info] quantification processed 30000000 fragments so far

[2021-04-27 20:31:06.658] [fileLog] [info] quantification processed 31000000 fragments so far

[2021-04-27 20:31:07.520] [fileLog] [info] quantification processed 31258053 fragments so far

[2021-04-27 20:31:12.887] [jointLog] [info] Thread saw mini-batch with a maximum of 2.90% zero probability fragments
[2021-04-27 20:31:12.890] [jointLog] [info] Thread saw mini-batch with a maximum of 2.30% zero probability fragments
[2021-04-27 20:31:12.894] [jointLog] [info] Thread saw mini-batch with a maximum of 2.80% zero probability fragments
[2021-04-27 20:31:12.895] [jointLog] [info] 


Completed first pass through the alignment file.
Total # of mapped reads : 31258053
# of uniquely mapped reads : 12032415
# ambiguously mapped reads : 19225638



[2021-04-27 20:31:13.035] [jointLog] [info] Computed 254702 rich equivalence classes for further processing
[2021-04-27 20:31:13.035] [jointLog] [info] Counted 31018504 total reads in the equivalence classes 
[2021-04-27 20:31:13.037] [jointLog] [info] starting optimizer
[2021-04-27 20:31:13.134] [jointLog] [info] Marked 0 weighted equivalence classes as degenerate
[2021-04-27 20:31:13.152] [jointLog] [info] iteration = 0 | max rel diff. = 8051.32
[2021-04-27 20:31:14.650] [jointLog] [info] iteration = 100 | max rel diff. = 19.3399
[2021-04-27 20:31:16.124] [jointLog] [info] iteration = 200 | max rel diff. = 2.25442
[2021-04-27 20:31:17.597] [jointLog] [info] iteration = 300 | max rel diff. = 0.877705
[2021-04-27 20:31:19.077] [jointLog] [info] iteration = 400 | max rel diff. = 2.26237
[2021-04-27 20:31:20.550] [jointLog] [info] iteration = 500 | max rel diff. = 0.361376
[2021-04-27 20:31:22.027] [jointLog] [info] iteration = 600 | max rel diff. = 0.344779
[2021-04-27 20:31:23.510] [jointLog] [info] iteration = 700 | max rel diff. = 1.49239
[2021-04-27 20:31:24.981] [jointLog] [info] iteration = 800 | max rel diff. = 0.492132
[2021-04-27 20:31:26.459] [jointLog] [info] iteration = 900 | max rel diff. = 1.60874
[2021-04-27 20:31:27.931] [jointLog] [info] iteration = 1000 | max rel diff. = 0.162584
[2021-04-27 20:31:29.411] [jointLog] [info] iteration = 1100 | max rel diff. = 0.193859
[2021-04-27 20:31:30.881] [jointLog] [info] iteration = 1200 | max rel diff. = 0.0721378
[2021-04-27 20:31:32.352] [jointLog] [info] iteration = 1300 | max rel diff. = 0.0698306
[2021-04-27 20:31:33.834] [jointLog] [info] iteration = 1400 | max rel diff. = 0.122721
[2021-04-27 20:31:35.304] [jointLog] [info] iteration = 1500 | max rel diff. = 0.031036
[2021-04-27 20:31:36.776] [jointLog] [info] iteration = 1600 | max rel diff. = 0.336571
[2021-04-27 20:31:38.258] [jointLog] [info] iteration = 1700 | max rel diff. = 0.208953
[2021-04-27 20:31:39.729] [jointLog] [info] iteration = 1800 | max rel diff. = 1.96588
[2021-04-27 20:31:41.199] [jointLog] [info] iteration = 1900 | max rel diff. = 0.0124119
[2021-04-27 20:31:42.677] [jointLog] [info] iteration = 2000 | max rel diff. = 0.0328209
[2021-04-27 20:31:43.088] [jointLog] [info] iteration = 2029 | max rel diff. = 0.00541476
[2021-04-27 20:31:43.116] [jointLog] [info] finished optimizer
[2021-04-27 20:31:43.116] [jointLog] [info] writing output
[2021-04-27 20:31:44.723] [jointLog] [info] Computing gene-level abundance estimates
[2021-04-27 20:32:12.503] [jointLog] [warning] Feature has no GFF ID
[2021-04-27 20:32:12.503] [jointLog] [warning] Feature has no GFF ID
[2021-04-27 20:32:12.503] [jointLog] [warning] Feature has no GFF ID
[2021-04-27 20:32:12.503] [jointLog] [warning] Feature has no GFF ID
[2021-04-27 20:32:12.503] [jointLog] [warning] Feature has no GFF ID
[2021-04-27 20:32:12.503] [jointLog] [warning] Feature has no GFF ID
[2021-04-27 20:32:12.503] [jointLog] [warning] Feature has no GFF ID
[2021-04-27 20:32:12.503] [jointLog] [warning] Feature has no GFF ID
[2021-04-27 20:32:12.503] [jointLog] [warning] Feature has no GFF ID
[2021-04-27 20:32:12.503] [jointLog] [warning] Feature has no GFF ID
[2021-04-27 20:32:12.503] [jointLog] [warning] Feature has no GFF ID
[2021-04-27 20:32:12.503] [jointLog] [warning] Feature has no GFF ID
[2021-04-27 20:32:12.503] [jointLog] [warning] Feature has no GFF ID
[2021-04-27 20:32:12.503] [jointLog] [warning] Feature has no GFF ID
[2021-04-27 20:32:12.503] [jointLog] [warning] Feature has no GFF ID
[2021-04-27 20:32:12.503] [jointLog] [warning] Feature has no GFF ID
[2021-04-27 20:32:12.503] [jointLog] [warning] Feature has no GFF ID
[2021-04-27 20:32:12.503] [jointLog] [warning] Feature has no GFF ID
[2021-04-27 20:32:12.503] [jointLog] [warning] Feature has no GFF ID
[2021-04-27 20:32:12.503] [jointLog] [warning] Feature has no GFF ID
[2021-04-27 20:32:12.503] [jointLog] [warning] Feature has no GFF ID
[2021-04-27 20:32:12.503] [jointLog] [warning] Feature has no GFF ID
[2021-04-27 20:32:12.503] [jointLog] [warning] Feature has no GFF ID
[2021-04-27 20:32:12.503] [jointLog] [warning] Feature has no GFF ID
[2021-04-27 20:32:12.503] [jointLog] [warning] Feature has no GFF ID
[2021-04-27 20:32:12.503] [jointLog] [warning] Feature has no GFF ID
[2021-04-27 20:32:12.503] [jointLog] [warning] Feature has no GFF ID
[2021-04-27 20:32:12.503] [jointLog] [warning] Feature has no GFF ID
[2021-04-27 20:32:12.503] [jointLog] [warning] Feature has no GFF ID
[2021-04-27 20:32:12.503] [jointLog] [warning] Feature has no GFF ID
[2021-04-27 20:32:12.503] [jointLog] [warning] Feature has no GFF ID
[2021-04-27 20:32:12.503] [jointLog] [warning] Feature has no GFF ID
[2021-04-27 20:32:12.503] [jointLog] [warning] Feature has no GFF ID
[2021-04-27 20:32:12.503] [jointLog] [warning] Feature has no GFF ID
[2021-04-27 20:32:12.503] [jointLog] [warning] Feature has no GFF ID
[2021-04-27 20:32:12.503] [jointLog] [warning] Feature has no GFF ID
[2021-04-27 20:32:12.503] [jointLog] [warning] Feature has no GFF ID
[2021-04-27 20:32:12.503] [jointLog] [warning] Feature has no GFF ID
[2021-04-27 20:32:12.503] [jointLog] [warning] Feature has no GFF ID
[2021-04-27 20:32:12.503] [jointLog] [warning] Feature has no GFF ID
[2021-04-27 20:32:12.503] [jointLog] [warning] Feature has no GFF ID
[2021-04-27 20:32:12.503] [jointLog] [warning] Feature has no GFF ID
[2021-04-27 20:32:12.503] [jointLog] [warning] Feature has no GFF ID
[2021-04-27 20:32:12.503] [jointLog] [warning] Feature has no GFF ID
[2021-04-27 20:32:12.503] [jointLog] [warning] Feature has no GFF ID
[2021-04-27 20:32:12.503] [jointLog] [warning] Feature has no GFF ID
[2021-04-27 20:32:12.503] [jointLog] [warning] Feature has no GFF ID
[2021-04-27 20:32:12.503] [jointLog] [warning] Feature has no GFF ID
[2021-04-27 20:32:12.503] [jointLog] [warning] Feature has no GFF ID
[2021-04-27 20:32:12.503] [jointLog] [warning] Feature has no GFF ID
[2021-04-27 20:32:12.503] [jointLog] [warning] Feature has no GFF ID
[2021-04-27 20:32:12.503] [jointLog] [warning] Feature has no GFF ID
[2021-04-27 20:32:12.503] [jointLog] [warning] Feature has no GFF ID
[2021-04-27 20:32:12.503] [jointLog] [warning] Feature has no GFF ID
[2021-04-27 20:32:12.503] [jointLog] [warning] Feature has no GFF ID
[2021-04-27 20:32:12.503] [jointLog] [warning] Feature has no GFF ID
[2021-04-27 20:32:12.503] [jointLog] [warning] Feature has no GFF ID
[2021-04-27 20:32:12.503] [jointLog] [warning] Feature has no GFF ID
[2021-04-27 20:32:12.503] [jointLog] [warning] Feature has no GFF ID
[2021-04-27 20:32:12.503] [jointLog] [warning] Feature has no GFF ID
[2021-04-27 20:32:12.503] [jointLog] [warning] Feature has no GFF ID
[2021-04-27 20:32:12.503] [jointLog] [warning] Feature has no GFF ID
[2021-04-27 20:32:12.503] [jointLog] [warning] Feature has no GFF ID
[2021-04-27 20:32:12.503] [jointLog] [warning] Feature has no GFF ID
[2021-04-27 20:32:12.503] [jointLog] [warning] Feature has no GFF ID
[2021-04-27 20:32:12.503] [jointLog] [warning] Feature has no GFF ID
[2021-04-27 20:32:12.503] [jointLog] [warning] Feature has no GFF ID
[2021-04-27 20:32:12.503] [jointLog] [warning] Feature has no GFF ID
[2021-04-27 20:32:12.503] [jointLog] [warning] Feature has no GFF ID
[2021-04-27 20:32:12.503] [jointLog] [warning] Feature has no GFF ID
[2021-04-27 20:32:12.503] [jointLog] [warning] Feature has no GFF ID
[2021-04-27 20:32:12.503] [jointLog] [warning] Feature has no GFF ID
[2021-04-27 20:32:12.503] [jointLog] [warning] Feature has no GFF ID
[2021-04-27 20:32:12.503] [jointLog] [warning] Feature has no GFF ID
[2021-04-27 20:32:12.503] [jointLog] [warning] Feature has no GFF ID
[2021-04-27 20:32:12.503] [jointLog] [warning] Feature has no GFF ID
[2021-04-27 20:32:12.503] [jointLog] [warning] Feature has no GFF ID
[2021-04-27 20:32:12.503] [jointLog] [warning] Feature has no GFF ID
[2021-04-27 20:32:12.503] [jointLog] [warning] Feature has no GFF ID
[2021-04-27 20:32:12.503] [jointLog] [warning] Feature has no GFF ID
[2021-04-27 20:32:12.503] [jointLog] [warning] Feature has no GFF ID
[2021-04-27 20:32:12.503] [jointLog] [warning] Feature has no GFF ID
[2021-04-27 20:32:12.503] [jointLog] [warning] Feature has no GFF ID
[2021-04-27 20:32:12.503] [jointLog] [warning] Feature has no GFF ID
[2021-04-27 20:32:12.503] [jointLog] [warning] Feature has no GFF ID
[2021-04-27 20:32:12.503] [jointLog] [warning] Feature has no GFF ID
[2021-04-27 20:32:12.503] [jointLog] [warning] Feature has no GFF ID
[2021-04-27 20:32:12.503] [jointLog] [warning] Feature has no GFF ID
[2021-04-27 20:32:12.503] [jointLog] [warning] Feature has no GFF ID
[2021-04-27 20:32:12.503] [jointLog] [warning] Feature has no GFF ID
[2021-04-27 20:32:12.503] [jointLog] [warning] Feature has no GFF ID
[2021-04-27 20:32:12.503] [jointLog] [warning] Feature has no GFF ID
[2021-04-27 20:32:12.787] [jointLog] [info] There were 142604 transcripts mapping to 55401 genes
[2021-04-27 20:32:12.787] [jointLog] [info] NOTE: We recommend using tximport (https://bioconductor.org/packages/release/bioc/html/tximport.html) for aggregating transcript-level salmon abundance estimates to the gene level.  It is more versatile, exposes more features, and allows considering multi-sample information during aggregation.
[2021-04-27 20:32:13.045] [jointLog] [warning] couldn't find transcript named [DQ459430] in transcript <-> gene map; returning transcript as it's own gene
[2021-04-27 20:32:13.045] [jointLog] [warning] couldn't find transcript named [DQ516784] in transcript <-> gene map; returning transcript as it's own gene
[2021-04-27 20:32:13.045] [jointLog] [warning] couldn't find transcript named [DQ516752] in transcript <-> gene map; returning transcript as it's own gene
[2021-04-27 20:32:13.045] [jointLog] [warning] couldn't find transcript named [DQ668364] in transcript <-> gene map; returning transcript as it's own gene
[2021-04-27 20:32:13.045] [jointLog] [warning] couldn't find transcript named [DQ883670] in transcript <-> gene map; returning transcript as it's own gene
[2021-04-27 20:32:13.045] [jointLog] [warning] couldn't find transcript named [EF011062] in transcript <-> gene map; returning transcript as it's own gene
[2021-04-27 20:32:13.045] [jointLog] [warning] couldn't find transcript named [DQ875385] in transcript <-> gene map; returning transcript as it's own gene
[2021-04-27 20:32:13.045] [jointLog] [warning] couldn't find transcript named [DQ883664] in transcript <-> gene map; returning transcript as it's own gene
[2021-04-27 20:32:13.045] [jointLog] [warning] couldn't find transcript named [DQ459420] in transcript <-> gene map; returning transcript as it's own gene
[2021-04-27 20:32:13.045] [jointLog] [warning] couldn't find transcript named [DQ883651] in transcript <-> gene map; returning transcript as it's own gene
[2021-04-27 20:32:13.045] [jointLog] [warning] couldn't find transcript named [DQ855004] in transcript <-> gene map; returning transcript as it's own gene
[2021-04-27 20:32:13.045] [jointLog] [warning] couldn't find transcript named [DQ854993] in transcript <-> gene map; returning transcript as it's own gene
[2021-04-27 20:32:13.045] [jointLog] [warning] couldn't find transcript named [DQ883689] in transcript <-> gene map; returning transcript as it's own gene
[2021-04-27 20:32:13.045] [jointLog] [warning] couldn't find transcript named [DQ459419] in transcript <-> gene map; returning transcript as it's own gene
[2021-04-27 20:32:13.045] [jointLog] [warning] couldn't find transcript named [DQ459431] in transcript <-> gene map; returning transcript as it's own gene
[2021-04-27 20:32:13.045] [jointLog] [warning] couldn't find transcript named [DQ516796] in transcript <-> gene map; returning transcript as it's own gene
[2021-04-27 20:32:13.045] [jointLog] [warning] couldn't find transcript named [DQ855001] in transcript <-> gene map; returning transcript as it's own gene
[2021-04-27 20:32:13.045] [jointLog] [warning] couldn't find transcript named [DQ459413] in transcript <-> gene map; returning transcript as it's own gene
[2021-04-27 20:32:13.045] [jointLog] [warning] couldn't find transcript named [DQ883656] in transcript <-> gene map; returning transcript as it's own gene
[2021-04-27 20:32:13.045] [jointLog] [warning] couldn't find transcript named [DQ883661] in transcript <-> gene map; returning transcript as it's own gene
[2021-04-27 20:32:13.045] [jointLog] [warning] couldn't find transcript named [EF011069] in transcript <-> gene map; returning transcript as it's own gene
[2021-04-27 20:32:13.045] [jointLog] [warning] couldn't find transcript named [DQ516783] in transcript <-> gene map; returning transcript as it's own gene
[2021-04-27 20:32:13.045] [jointLog] [warning] couldn't find transcript named [DQ516787] in transcript <-> gene map; returning transcript as it's own gene
[2021-04-27 20:32:13.045] [jointLog] [warning] couldn't find transcript named [DQ459424] in transcript <-> gene map; returning transcript as it's own gene
[2021-04-27 20:32:13.045] [jointLog] [warning] couldn't find transcript named [DQ516748] in transcript <-> gene map; returning transcript as it's own gene
[2021-04-27 20:32:13.045] [jointLog] [warning] couldn't find transcript named [DQ883671] in transcript <-> gene map; returning transcript as it's own gene
[2021-04-27 20:32:13.045] [jointLog] [warning] couldn't find transcript named [DQ516740] in transcript <-> gene map; returning transcript as it's own gene
[2021-04-27 20:32:13.045] [jointLog] [warning] couldn't find transcript named [DQ516785] in transcript <-> gene map; returning transcript as it's own gene
[2021-04-27 20:32:13.045] [jointLog] [warning] couldn't find transcript named [DQ516731] in transcript <-> gene map; returning transcript as it's own gene
[2021-04-27 20:32:13.045] [jointLog] [warning] couldn't find transcript named [DQ668366] in transcript <-> gene map; returning transcript as it's own gene
[2021-04-27 20:32:13.045] [jointLog] [warning] couldn't find transcript named [DQ459418] in transcript <-> gene map; returning transcript as it's own gene
[2021-04-27 20:32:13.045] [jointLog] [warning] couldn't find transcript named [DQ668356] in transcript <-> gene map; returning transcript as it's own gene
[2021-04-27 20:32:13.045] [jointLog] [warning] couldn't find transcript named [DQ516763] in transcript <-> gene map; returning transcript as it's own gene
[2021-04-27 20:32:13.045] [jointLog] [warning] couldn't find transcript named [DQ459426] in transcript <-> gene map; returning transcript as it's own gene
[2021-04-27 20:32:13.045] [jointLog] [warning] couldn't find transcript named [DQ516786] in transcript <-> gene map; returning transcript as it's own gene
[2021-04-27 20:32:13.045] [jointLog] [warning] couldn't find transcript named [DQ883653] in transcript <-> gene map; returning transcript as it's own gene
[2021-04-27 20:32:13.045] [jointLog] [warning] couldn't find transcript named [DQ459421] in transcript <-> gene map; returning transcript as it's own gene
[2021-04-27 20:32:13.045] [jointLog] [warning] couldn't find transcript named [DQ883654] in transcript <-> gene map; returning transcript as it's own gene
[2021-04-27 20:32:13.045] [jointLog] [warning] couldn't find transcript named [DQ668358] in transcript <-> gene map; returning transcript as it's own gene
[2021-04-27 20:32:13.045] [jointLog] [warning] couldn't find transcript named [DQ516754] in transcript <-> gene map; returning transcript as it's own gene
[2021-04-27 20:32:13.045] [jointLog] [warning] couldn't find transcript named [DQ516778] in transcript <-> gene map; returning transcript as it's own gene
[2021-04-27 20:32:13.045] [jointLog] [warning] couldn't find transcript named [DQ883650] in transcript <-> gene map; returning transcript as it's own gene
[2021-04-27 20:32:13.045] [jointLog] [warning] couldn't find transcript named [DQ516742] in transcript <-> gene map; returning transcript as it's own gene
[2021-04-27 20:32:13.045] [jointLog] [warning] couldn't find transcript named [DQ883673] in transcript <-> gene map; returning transcript as it's own gene
[2021-04-27 20:32:13.045] [jointLog] [warning] couldn't find transcript named [DQ883652] in transcript <-> gene map; returning transcript as it's own gene
[2021-04-27 20:32:13.045] [jointLog] [warning] couldn't find transcript named [DQ854991] in transcript <-> gene map; returning transcript as it's own gene
[2021-04-27 20:32:13.045] [jointLog] [warning] couldn't find transcript named [DQ516780] in transcript <-> gene map; returning transcript as it's own gene
[2021-04-27 20:32:13.045] [jointLog] [warning] couldn't find transcript named [DQ883682] in transcript <-> gene map; returning transcript as it's own gene
[2021-04-27 20:32:13.045] [jointLog] [warning] couldn't find transcript named [DQ883669] in transcript <-> gene map; returning transcript as it's own gene
[2021-04-27 20:32:13.045] [jointLog] [warning] couldn't find transcript named [DQ516791] in transcript <-> gene map; returning transcript as it's own gene
[2021-04-27 20:32:13.045] [jointLog] [warning] couldn't find transcript named [DQ459425] in transcript <-> gene map; returning transcript as it's own gene
[2021-04-27 20:32:13.045] [jointLog] [warning] couldn't find transcript named [DQ516759] in transcript <-> gene map; returning transcript as it's own gene
[2021-04-27 20:32:13.045] [jointLog] [warning] couldn't find transcript named [DQ459429] in transcript <-> gene map; returning transcript as it's own gene
[2021-04-27 20:32:13.045] [jointLog] [warning] couldn't find transcript named [DQ516758] in transcript <-> gene map; returning transcript as it's own gene
[2021-04-27 20:32:13.045] [jointLog] [warning] couldn't find transcript named [DQ459415] in transcript <-> gene map; returning transcript as it's own gene
[2021-04-27 20:32:13.045] [jointLog] [warning] couldn't find transcript named [DQ875387] in transcript <-> gene map; returning transcript as it's own gene
[2021-04-27 20:32:13.045] [jointLog] [warning] couldn't find transcript named [DQ516815] in transcript <-> gene map; returning transcript as it's own gene
[2021-04-27 20:32:13.045] [jointLog] [warning] couldn't find transcript named [DQ668365] in transcript <-> gene map; returning transcript as it's own gene
[2021-04-27 20:32:13.045] [jointLog] [warning] couldn't find transcript named [DQ854998] in transcript <-> gene map; returning transcript as it's own gene
[2021-04-27 20:32:13.045] [jointLog] [warning] couldn't find transcript named [DQ883685] in transcript <-> gene map; returning transcript as it's own gene
[2021-04-27 20:32:13.045] [jointLog] [warning] couldn't find transcript named [DQ459422] in transcript <-> gene map; returning transcript as it's own gene
[2021-04-27 20:32:13.045] [jointLog] [warning] couldn't find transcript named [DQ883663] in transcript <-> gene map; returning transcript as it's own gene
[2021-04-27 20:32:13.045] [jointLog] [warning] couldn't find transcript named [DQ668367] in transcript <-> gene map; returning transcript as it's own gene
[2021-04-27 20:32:13.045] [jointLog] [warning] couldn't find transcript named [DQ459412] in transcript <-> gene map; returning transcript as it's own gene
[2021-04-27 20:32:13.045] [jointLog] [warning] couldn't find transcript named [DQ854992] in transcript <-> gene map; returning transcript as it's own gene
[2021-04-27 20:32:13.045] [jointLog] [warning] couldn't find transcript named [DQ516782] in transcript <-> gene map; returning transcript as it's own gene
[2021-04-27 20:32:13.045] [jointLog] [warning] couldn't find transcript named [DQ459427] in transcript <-> gene map; returning transcript as it's own gene
[2021-04-27 20:32:13.045] [jointLog] [warning] couldn't find transcript named [EF011072] in transcript <-> gene map; returning transcript as it's own gene
[2021-04-27 20:32:13.045] [jointLog] [warning] couldn't find transcript named [DQ855003] in transcript <-> gene map; returning transcript as it's own gene
[2021-04-27 20:32:13.045] [jointLog] [warning] couldn't find transcript named [DQ516739] in transcript <-> gene map; returning transcript as it's own gene
[2021-04-27 20:32:13.045] [jointLog] [warning] couldn't find transcript named [EF011063] in transcript <-> gene map; returning transcript as it's own gene
[2021-04-27 20:32:13.045] [jointLog] [warning] couldn't find transcript named [DQ855000] in transcript <-> gene map; returning transcript as it's own gene
[2021-04-27 20:32:13.045] [jointLog] [warning] couldn't find transcript named [DQ516777] in transcript <-> gene map; returning transcript as it's own gene
[2021-04-27 20:32:13.045] [jointLog] [warning] couldn't find transcript named [DQ883646] in transcript <-> gene map; returning transcript as it's own gene
[2021-04-27 20:32:13.045] [jointLog] [warning] couldn't find transcript named [DQ668362] in transcript <-> gene map; returning transcript as it's own gene
[2021-04-27 20:32:13.045] [jointLog] [warning] couldn't find transcript named [DQ854995] in transcript <-> gene map; returning transcript as it's own gene
[2021-04-27 20:32:13.045] [jointLog] [warning] couldn't find transcript named [DQ875386] in transcript <-> gene map; returning transcript as it's own gene
[2021-04-27 20:32:13.045] [jointLog] [warning] couldn't find transcript named [DQ516790] in transcript <-> gene map; returning transcript as it's own gene
[2021-04-27 20:32:13.045] [jointLog] [warning] couldn't find transcript named [DQ883642] in transcript <-> gene map; returning transcript as it's own gene
[2021-04-27 20:32:13.045] [jointLog] [warning] couldn't find transcript named [DQ883659] in transcript <-> gene map; returning transcript as it's own gene
[2021-04-27 20:32:13.045] [jointLog] [warning] couldn't find transcript named [DQ854997] in transcript <-> gene map; returning transcript as it's own gene
[2021-04-27 20:32:13.045] [jointLog] [warning] couldn't find transcript named [DQ883643] in transcript <-> gene map; returning transcript as it's own gene
[2021-04-27 20:32:13.045] [jointLog] [warning] couldn't find transcript named [DQ839618] in transcript <-> gene map; returning transcript as it's own gene
[2021-04-27 20:32:13.045] [jointLog] [warning] couldn't find transcript named [DQ516795] in transcript <-> gene map; returning transcript as it's own gene
[2021-04-27 20:32:13.045] [jointLog] [warning] couldn't find transcript named [DQ883658] in transcript <-> gene map; returning transcript as it's own gene
[2021-04-27 20:32:13.045] [jointLog] [warning] couldn't find transcript named [DQ516750] in transcript <-> gene map; returning transcript as it's own gene
[2021-04-27 20:32:13.045] [jointLog] [warning] couldn't find transcript named [DQ668359] in transcript <-> gene map; returning transcript as it's own gene
[2021-04-27 20:32:13.045] [jointLog] [warning] couldn't find transcript named [DQ516779] in transcript <-> gene map; returning transcript as it's own gene
[2021-04-27 20:32:13.045] [jointLog] [warning] couldn't find transcript named [DQ668363] in transcript <-> gene map; returning transcript as it's own gene
[2021-04-27 20:32:13.045] [jointLog] [warning] couldn't find transcript named [DQ516776] in transcript <-> gene map; returning transcript as it's own gene
[2021-04-27 20:32:13.045] [jointLog] [warning] couldn't find transcript named [DQ516773] in transcript <-> gene map; returning transcript as it's own gene
[2021-04-27 20:32:13.045] [jointLog] [warning] couldn't find transcript named [DQ854994] in transcript <-> gene map; returning transcript as it's own gene
[2021-04-27 20:32:13.045] [jointLog] [info] Aggregating expressions to gene level
[2021-04-27 20:32:13.209] [jointLog] [info] done
