[2021-04-27 21:06:55.346] [jointLog] [info] setting maxHashResizeThreads to 6
[2021-04-27 21:06:55.346] [jointLog] [info] Fragment incompatibility prior below threshold.  Incompatible fragments will be ignored.
[2021-04-27 21:06:55.347] [jointLog] [info] numQuantThreads = 3
[2021-04-27 21:07:00.364] [fileLog] [info] quantification processed 0 fragments so far

[2021-04-27 21:07:00.101] [jointLog] [info] replaced 4 non-ACGT nucleotides with random nucleotides
[2021-04-27 21:07:03.499] [fileLog] [info] quantification processed 1000000 fragments so far

[2021-04-27 21:07:06.598] [fileLog] [info] quantification processed 2000000 fragments so far

[2021-04-27 21:07:08.289] [jointLog] [info] 

The alignment group queue pool has been exhausted.  3089482 extra fragments were allocated on the heap to saturate the pool.  No new fragments will be allocated


[2021-04-27 21:07:14.977] [fileLog] [info] quantification processed 3000000 fragments so far

[2021-04-27 21:07:29.148] [fileLog] [info] quantification processed 4000000 fragments so far

[2021-04-27 21:07:43.348] [fileLog] [info] quantification processed 5000000 fragments so far

[2021-04-27 21:07:57.370] [fileLog] [info] quantification processed 6000000 fragments so far

[2021-04-27 21:08:11.361] [fileLog] [info] quantification processed 7000000 fragments so far

[2021-04-27 21:08:14.380] [fileLog] [info] quantification processed 8000000 fragments so far

[2021-04-27 21:08:17.502] [fileLog] [info] quantification processed 9000000 fragments so far

[2021-04-27 21:08:20.632] [fileLog] [info] quantification processed 10000000 fragments so far

[2021-04-27 21:08:23.653] [fileLog] [info] quantification processed 11000000 fragments so far

[2021-04-27 21:08:26.701] [fileLog] [info] quantification processed 12000000 fragments so far

[2021-04-27 21:08:29.706] [fileLog] [info] quantification processed 13000000 fragments so far

[2021-04-27 21:08:32.784] [fileLog] [info] quantification processed 14000000 fragments so far

[2021-04-27 21:08:35.867] [fileLog] [info] quantification processed 15000000 fragments so far

[2021-04-27 21:08:38.878] [fileLog] [info] quantification processed 16000000 fragments so far

[2021-04-27 21:08:41.929] [fileLog] [info] quantification processed 17000000 fragments so far

[2021-04-27 21:08:44.943] [fileLog] [info] quantification processed 18000000 fragments so far

[2021-04-27 21:08:47.945] [fileLog] [info] quantification processed 19000000 fragments so far

[2021-04-27 21:08:50.998] [fileLog] [info] quantification processed 20000000 fragments so far

[2021-04-27 21:08:54.044] [fileLog] [info] quantification processed 21000000 fragments so far

[2021-04-27 21:08:57.091] [fileLog] [info] quantification processed 22000000 fragments so far

[2021-04-27 21:09:00.115] [fileLog] [info] quantification processed 23000000 fragments so far

[2021-04-27 21:09:03.165] [fileLog] [info] quantification processed 24000000 fragments so far

[2021-04-27 21:09:06.258] [fileLog] [info] quantification processed 25000000 fragments so far

[2021-04-27 21:09:09.415] [fileLog] [info] quantification processed 26000000 fragments so far

[2021-04-27 21:09:12.388] [fileLog] [info] quantification processed 27000000 fragments so far

[2021-04-27 21:09:15.374] [fileLog] [info] quantification processed 28000000 fragments so far

[2021-04-27 21:09:18.471] [fileLog] [info] quantification processed 29000000 fragments so far

[2021-04-27 21:09:21.576] [fileLog] [info] quantification processed 30000000 fragments so far

[2021-04-27 21:09:24.674] [fileLog] [info] quantification processed 31000000 fragments so far

[2021-04-27 21:09:27.688] [fileLog] [info] quantification processed 32000000 fragments so far

[2021-04-27 21:09:30.736] [fileLog] [info] quantification processed 33000000 fragments so far

[2021-04-27 21:09:33.792] [fileLog] [info] quantification processed 34000000 fragments so far

[2021-04-27 21:09:36.876] [fileLog] [info] quantification processed 35000000 fragments so far

[2021-04-27 21:09:39.924] [fileLog] [info] quantification processed 36000000 fragments so far

[2021-04-27 21:09:42.995] [fileLog] [info] quantification processed 37000000 fragments so far

[2021-04-27 21:09:46.047] [fileLog] [info] quantification processed 38000000 fragments so far

[2021-04-27 21:09:49.122] [fileLog] [info] quantification processed 39000000 fragments so far

[2021-04-27 21:09:52.162] [fileLog] [info] quantification processed 40000000 fragments so far

[2021-04-27 21:09:55.217] [fileLog] [info] quantification processed 41000000 fragments so far

[2021-04-27 21:09:58.278] [fileLog] [info] quantification processed 42000000 fragments so far

[2021-04-27 21:10:01.380] [fileLog] [info] quantification processed 43000000 fragments so far

[2021-04-27 21:10:04.448] [fileLog] [info] quantification processed 44000000 fragments so far

[2021-04-27 21:10:07.520] [fileLog] [info] quantification processed 45000000 fragments so far

[2021-04-27 21:10:10.575] [fileLog] [info] quantification processed 45987418 fragments so far

[2021-04-27 21:10:16.157] [jointLog] [info] Thread saw mini-batch with a maximum of 2.20% zero probability fragments
[2021-04-27 21:10:16.160] [jointLog] [info] Thread saw mini-batch with a maximum of 1.90% zero probability fragments
[2021-04-27 21:10:16.165] [jointLog] [info] Thread saw mini-batch with a maximum of 2.30% zero probability fragments
[2021-04-27 21:10:16.165] [jointLog] [info] 


Completed first pass through the alignment file.
Total # of mapped reads : 45987418
# of uniquely mapped reads : 17434055
# ambiguously mapped reads : 28553363



[2021-04-27 21:10:16.305] [jointLog] [info] Computed 256493 rich equivalence classes for further processing
[2021-04-27 21:10:16.305] [jointLog] [info] Counted 45749921 total reads in the equivalence classes 
[2021-04-27 21:10:16.307] [jointLog] [info] starting optimizer
[2021-04-27 21:10:16.404] [jointLog] [info] Marked 0 weighted equivalence classes as degenerate
[2021-04-27 21:10:16.423] [jointLog] [info] iteration = 0 | max rel diff. = 2708.49
[2021-04-27 21:10:17.928] [jointLog] [info] iteration = 100 | max rel diff. = 17.2504
[2021-04-27 21:10:19.427] [jointLog] [info] iteration = 200 | max rel diff. = 13.5643
[2021-04-27 21:10:20.914] [jointLog] [info] iteration = 300 | max rel diff. = 8.52513
[2021-04-27 21:10:22.396] [jointLog] [info] iteration = 400 | max rel diff. = 0.180112
[2021-04-27 21:10:23.891] [jointLog] [info] iteration = 500 | max rel diff. = 6.02542
[2021-04-27 21:10:25.384] [jointLog] [info] iteration = 600 | max rel diff. = 0.65344
[2021-04-27 21:10:26.874] [jointLog] [info] iteration = 700 | max rel diff. = 0.159512
[2021-04-27 21:10:28.373] [jointLog] [info] iteration = 800 | max rel diff. = 0.689198
[2021-04-27 21:10:29.860] [jointLog] [info] iteration = 900 | max rel diff. = 0.205176
[2021-04-27 21:10:31.343] [jointLog] [info] iteration = 1000 | max rel diff. = 0.265384
[2021-04-27 21:10:32.825] [jointLog] [info] iteration = 1100 | max rel diff. = 0.886748
[2021-04-27 21:10:34.315] [jointLog] [info] iteration = 1200 | max rel diff. = 2.74768
[2021-04-27 21:10:35.806] [jointLog] [info] iteration = 1300 | max rel diff. = 0.076393
[2021-04-27 21:10:37.288] [jointLog] [info] iteration = 1400 | max rel diff. = 19.3796
[2021-04-27 21:10:38.780] [jointLog] [info] iteration = 1500 | max rel diff. = 0.0311314
[2021-04-27 21:10:40.264] [jointLog] [info] iteration = 1600 | max rel diff. = 0.0974107
[2021-04-27 21:10:40.752] [jointLog] [info] iteration = 1634 | max rel diff. = 0.00857966
[2021-04-27 21:10:40.782] [jointLog] [info] finished optimizer
[2021-04-27 21:10:40.782] [jointLog] [info] writing output
[2021-04-27 21:10:42.504] [jointLog] [info] Computing gene-level abundance estimates
[2021-04-27 21:11:09.538] [jointLog] [warning] Feature has no GFF ID
[2021-04-27 21:11:09.538] [jointLog] [warning] Feature has no GFF ID
[2021-04-27 21:11:09.538] [jointLog] [warning] Feature has no GFF ID
[2021-04-27 21:11:09.538] [jointLog] [warning] Feature has no GFF ID
[2021-04-27 21:11:09.538] [jointLog] [warning] Feature has no GFF ID
[2021-04-27 21:11:09.538] [jointLog] [warning] Feature has no GFF ID
[2021-04-27 21:11:09.538] [jointLog] [warning] Feature has no GFF ID
[2021-04-27 21:11:09.538] [jointLog] [warning] Feature has no GFF ID
[2021-04-27 21:11:09.538] [jointLog] [warning] Feature has no GFF ID
[2021-04-27 21:11:09.538] [jointLog] [warning] Feature has no GFF ID
[2021-04-27 21:11:09.538] [jointLog] [warning] Feature has no GFF ID
[2021-04-27 21:11:09.538] [jointLog] [warning] Feature has no GFF ID
[2021-04-27 21:11:09.538] [jointLog] [warning] Feature has no GFF ID
[2021-04-27 21:11:09.538] [jointLog] [warning] Feature has no GFF ID
[2021-04-27 21:11:09.538] [jointLog] [warning] Feature has no GFF ID
[2021-04-27 21:11:09.538] [jointLog] [warning] Feature has no GFF ID
[2021-04-27 21:11:09.538] [jointLog] [warning] Feature has no GFF ID
[2021-04-27 21:11:09.538] [jointLog] [warning] Feature has no GFF ID
[2021-04-27 21:11:09.538] [jointLog] [warning] Feature has no GFF ID
[2021-04-27 21:11:09.538] [jointLog] [warning] Feature has no GFF ID
[2021-04-27 21:11:09.538] [jointLog] [warning] Feature has no GFF ID
[2021-04-27 21:11:09.538] [jointLog] [warning] Feature has no GFF ID
[2021-04-27 21:11:09.538] [jointLog] [warning] Feature has no GFF ID
[2021-04-27 21:11:09.538] [jointLog] [warning] Feature has no GFF ID
[2021-04-27 21:11:09.538] [jointLog] [warning] Feature has no GFF ID
[2021-04-27 21:11:09.538] [jointLog] [warning] Feature has no GFF ID
[2021-04-27 21:11:09.538] [jointLog] [warning] Feature has no GFF ID
[2021-04-27 21:11:09.538] [jointLog] [warning] Feature has no GFF ID
[2021-04-27 21:11:09.538] [jointLog] [warning] Feature has no GFF ID
[2021-04-27 21:11:09.538] [jointLog] [warning] Feature has no GFF ID
[2021-04-27 21:11:09.538] [jointLog] [warning] Feature has no GFF ID
[2021-04-27 21:11:09.538] [jointLog] [warning] Feature has no GFF ID
[2021-04-27 21:11:09.538] [jointLog] [warning] Feature has no GFF ID
[2021-04-27 21:11:09.538] [jointLog] [warning] Feature has no GFF ID
[2021-04-27 21:11:09.538] [jointLog] [warning] Feature has no GFF ID
[2021-04-27 21:11:09.538] [jointLog] [warning] Feature has no GFF ID
[2021-04-27 21:11:09.538] [jointLog] [warning] Feature has no GFF ID
[2021-04-27 21:11:09.538] [jointLog] [warning] Feature has no GFF ID
[2021-04-27 21:11:09.538] [jointLog] [warning] Feature has no GFF ID
[2021-04-27 21:11:09.538] [jointLog] [warning] Feature has no GFF ID
[2021-04-27 21:11:09.538] [jointLog] [warning] Feature has no GFF ID
[2021-04-27 21:11:09.538] [jointLog] [warning] Feature has no GFF ID
[2021-04-27 21:11:09.538] [jointLog] [warning] Feature has no GFF ID
[2021-04-27 21:11:09.538] [jointLog] [warning] Feature has no GFF ID
[2021-04-27 21:11:09.538] [jointLog] [warning] Feature has no GFF ID
[2021-04-27 21:11:09.538] [jointLog] [warning] Feature has no GFF ID
[2021-04-27 21:11:09.538] [jointLog] [warning] Feature has no GFF ID
[2021-04-27 21:11:09.538] [jointLog] [warning] Feature has no GFF ID
[2021-04-27 21:11:09.538] [jointLog] [warning] Feature has no GFF ID
[2021-04-27 21:11:09.538] [jointLog] [warning] Feature has no GFF ID
[2021-04-27 21:11:09.538] [jointLog] [warning] Feature has no GFF ID
[2021-04-27 21:11:09.538] [jointLog] [warning] Feature has no GFF ID
[2021-04-27 21:11:09.538] [jointLog] [warning] Feature has no GFF ID
[2021-04-27 21:11:09.538] [jointLog] [warning] Feature has no GFF ID
[2021-04-27 21:11:09.538] [jointLog] [warning] Feature has no GFF ID
[2021-04-27 21:11:09.538] [jointLog] [warning] Feature has no GFF ID
[2021-04-27 21:11:09.538] [jointLog] [warning] Feature has no GFF ID
[2021-04-27 21:11:09.538] [jointLog] [warning] Feature has no GFF ID
[2021-04-27 21:11:09.538] [jointLog] [warning] Feature has no GFF ID
[2021-04-27 21:11:09.538] [jointLog] [warning] Feature has no GFF ID
[2021-04-27 21:11:09.538] [jointLog] [warning] Feature has no GFF ID
[2021-04-27 21:11:09.538] [jointLog] [warning] Feature has no GFF ID
[2021-04-27 21:11:09.538] [jointLog] [warning] Feature has no GFF ID
[2021-04-27 21:11:09.538] [jointLog] [warning] Feature has no GFF ID
[2021-04-27 21:11:09.538] [jointLog] [warning] Feature has no GFF ID
[2021-04-27 21:11:09.538] [jointLog] [warning] Feature has no GFF ID
[2021-04-27 21:11:09.538] [jointLog] [warning] Feature has no GFF ID
[2021-04-27 21:11:09.538] [jointLog] [warning] Feature has no GFF ID
[2021-04-27 21:11:09.538] [jointLog] [warning] Feature has no GFF ID
[2021-04-27 21:11:09.538] [jointLog] [warning] Feature has no GFF ID
[2021-04-27 21:11:09.538] [jointLog] [warning] Feature has no GFF ID
[2021-04-27 21:11:09.538] [jointLog] [warning] Feature has no GFF ID
[2021-04-27 21:11:09.538] [jointLog] [warning] Feature has no GFF ID
[2021-04-27 21:11:09.538] [jointLog] [warning] Feature has no GFF ID
[2021-04-27 21:11:09.538] [jointLog] [warning] Feature has no GFF ID
[2021-04-27 21:11:09.538] [jointLog] [warning] Feature has no GFF ID
[2021-04-27 21:11:09.538] [jointLog] [warning] Feature has no GFF ID
[2021-04-27 21:11:09.538] [jointLog] [warning] Feature has no GFF ID
[2021-04-27 21:11:09.538] [jointLog] [warning] Feature has no GFF ID
[2021-04-27 21:11:09.538] [jointLog] [warning] Feature has no GFF ID
[2021-04-27 21:11:09.538] [jointLog] [warning] Feature has no GFF ID
[2021-04-27 21:11:09.538] [jointLog] [warning] Feature has no GFF ID
[2021-04-27 21:11:09.538] [jointLog] [warning] Feature has no GFF ID
[2021-04-27 21:11:09.538] [jointLog] [warning] Feature has no GFF ID
[2021-04-27 21:11:09.538] [jointLog] [warning] Feature has no GFF ID
[2021-04-27 21:11:09.538] [jointLog] [warning] Feature has no GFF ID
[2021-04-27 21:11:09.538] [jointLog] [warning] Feature has no GFF ID
[2021-04-27 21:11:09.538] [jointLog] [warning] Feature has no GFF ID
[2021-04-27 21:11:09.538] [jointLog] [warning] Feature has no GFF ID
[2021-04-27 21:11:09.538] [jointLog] [warning] Feature has no GFF ID
[2021-04-27 21:11:09.538] [jointLog] [warning] Feature has no GFF ID
[2021-04-27 21:11:09.538] [jointLog] [warning] Feature has no GFF ID
[2021-04-27 21:11:09.827] [jointLog] [info] There were 142604 transcripts mapping to 55401 genes
[2021-04-27 21:11:09.827] [jointLog] [info] NOTE: We recommend using tximport (https://bioconductor.org/packages/release/bioc/html/tximport.html) for aggregating transcript-level salmon abundance estimates to the gene level.  It is more versatile, exposes more features, and allows considering multi-sample information during aggregation.
[2021-04-27 21:11:10.080] [jointLog] [warning] couldn't find transcript named [DQ459430] in transcript <-> gene map; returning transcript as it's own gene
[2021-04-27 21:11:10.080] [jointLog] [warning] couldn't find transcript named [DQ516784] in transcript <-> gene map; returning transcript as it's own gene
[2021-04-27 21:11:10.080] [jointLog] [warning] couldn't find transcript named [DQ516752] in transcript <-> gene map; returning transcript as it's own gene
[2021-04-27 21:11:10.080] [jointLog] [warning] couldn't find transcript named [DQ668364] in transcript <-> gene map; returning transcript as it's own gene
[2021-04-27 21:11:10.080] [jointLog] [warning] couldn't find transcript named [DQ883670] in transcript <-> gene map; returning transcript as it's own gene
[2021-04-27 21:11:10.080] [jointLog] [warning] couldn't find transcript named [EF011062] in transcript <-> gene map; returning transcript as it's own gene
[2021-04-27 21:11:10.080] [jointLog] [warning] couldn't find transcript named [DQ875385] in transcript <-> gene map; returning transcript as it's own gene
[2021-04-27 21:11:10.080] [jointLog] [warning] couldn't find transcript named [DQ883664] in transcript <-> gene map; returning transcript as it's own gene
[2021-04-27 21:11:10.080] [jointLog] [warning] couldn't find transcript named [DQ459420] in transcript <-> gene map; returning transcript as it's own gene
[2021-04-27 21:11:10.080] [jointLog] [warning] couldn't find transcript named [DQ883651] in transcript <-> gene map; returning transcript as it's own gene
[2021-04-27 21:11:10.080] [jointLog] [warning] couldn't find transcript named [DQ855004] in transcript <-> gene map; returning transcript as it's own gene
[2021-04-27 21:11:10.080] [jointLog] [warning] couldn't find transcript named [DQ854993] in transcript <-> gene map; returning transcript as it's own gene
[2021-04-27 21:11:10.080] [jointLog] [warning] couldn't find transcript named [DQ883689] in transcript <-> gene map; returning transcript as it's own gene
[2021-04-27 21:11:10.080] [jointLog] [warning] couldn't find transcript named [DQ459419] in transcript <-> gene map; returning transcript as it's own gene
[2021-04-27 21:11:10.080] [jointLog] [warning] couldn't find transcript named [DQ459431] in transcript <-> gene map; returning transcript as it's own gene
[2021-04-27 21:11:10.080] [jointLog] [warning] couldn't find transcript named [DQ516796] in transcript <-> gene map; returning transcript as it's own gene
[2021-04-27 21:11:10.080] [jointLog] [warning] couldn't find transcript named [DQ855001] in transcript <-> gene map; returning transcript as it's own gene
[2021-04-27 21:11:10.080] [jointLog] [warning] couldn't find transcript named [DQ459413] in transcript <-> gene map; returning transcript as it's own gene
[2021-04-27 21:11:10.080] [jointLog] [warning] couldn't find transcript named [DQ883656] in transcript <-> gene map; returning transcript as it's own gene
[2021-04-27 21:11:10.080] [jointLog] [warning] couldn't find transcript named [DQ883661] in transcript <-> gene map; returning transcript as it's own gene
[2021-04-27 21:11:10.080] [jointLog] [warning] couldn't find transcript named [EF011069] in transcript <-> gene map; returning transcript as it's own gene
[2021-04-27 21:11:10.080] [jointLog] [warning] couldn't find transcript named [DQ516783] in transcript <-> gene map; returning transcript as it's own gene
[2021-04-27 21:11:10.080] [jointLog] [warning] couldn't find transcript named [DQ516787] in transcript <-> gene map; returning transcript as it's own gene
[2021-04-27 21:11:10.080] [jointLog] [warning] couldn't find transcript named [DQ459424] in transcript <-> gene map; returning transcript as it's own gene
[2021-04-27 21:11:10.080] [jointLog] [warning] couldn't find transcript named [DQ516748] in transcript <-> gene map; returning transcript as it's own gene
[2021-04-27 21:11:10.080] [jointLog] [warning] couldn't find transcript named [DQ883671] in transcript <-> gene map; returning transcript as it's own gene
[2021-04-27 21:11:10.080] [jointLog] [warning] couldn't find transcript named [DQ516740] in transcript <-> gene map; returning transcript as it's own gene
[2021-04-27 21:11:10.080] [jointLog] [warning] couldn't find transcript named [DQ516785] in transcript <-> gene map; returning transcript as it's own gene
[2021-04-27 21:11:10.080] [jointLog] [warning] couldn't find transcript named [DQ516731] in transcript <-> gene map; returning transcript as it's own gene
[2021-04-27 21:11:10.080] [jointLog] [warning] couldn't find transcript named [DQ668366] in transcript <-> gene map; returning transcript as it's own gene
[2021-04-27 21:11:10.080] [jointLog] [warning] couldn't find transcript named [DQ459418] in transcript <-> gene map; returning transcript as it's own gene
[2021-04-27 21:11:10.080] [jointLog] [warning] couldn't find transcript named [DQ668356] in transcript <-> gene map; returning transcript as it's own gene
[2021-04-27 21:11:10.080] [jointLog] [warning] couldn't find transcript named [DQ516763] in transcript <-> gene map; returning transcript as it's own gene
[2021-04-27 21:11:10.080] [jointLog] [warning] couldn't find transcript named [DQ459426] in transcript <-> gene map; returning transcript as it's own gene
[2021-04-27 21:11:10.080] [jointLog] [warning] couldn't find transcript named [DQ516786] in transcript <-> gene map; returning transcript as it's own gene
[2021-04-27 21:11:10.080] [jointLog] [warning] couldn't find transcript named [DQ883653] in transcript <-> gene map; returning transcript as it's own gene
[2021-04-27 21:11:10.080] [jointLog] [warning] couldn't find transcript named [DQ459421] in transcript <-> gene map; returning transcript as it's own gene
[2021-04-27 21:11:10.080] [jointLog] [warning] couldn't find transcript named [DQ883654] in transcript <-> gene map; returning transcript as it's own gene
[2021-04-27 21:11:10.080] [jointLog] [warning] couldn't find transcript named [DQ668358] in transcript <-> gene map; returning transcript as it's own gene
[2021-04-27 21:11:10.080] [jointLog] [warning] couldn't find transcript named [DQ516754] in transcript <-> gene map; returning transcript as it's own gene
[2021-04-27 21:11:10.080] [jointLog] [warning] couldn't find transcript named [DQ516778] in transcript <-> gene map; returning transcript as it's own gene
[2021-04-27 21:11:10.080] [jointLog] [warning] couldn't find transcript named [DQ883650] in transcript <-> gene map; returning transcript as it's own gene
[2021-04-27 21:11:10.080] [jointLog] [warning] couldn't find transcript named [DQ516742] in transcript <-> gene map; returning transcript as it's own gene
[2021-04-27 21:11:10.080] [jointLog] [warning] couldn't find transcript named [DQ883673] in transcript <-> gene map; returning transcript as it's own gene
[2021-04-27 21:11:10.080] [jointLog] [warning] couldn't find transcript named [DQ883652] in transcript <-> gene map; returning transcript as it's own gene
[2021-04-27 21:11:10.080] [jointLog] [warning] couldn't find transcript named [DQ854991] in transcript <-> gene map; returning transcript as it's own gene
[2021-04-27 21:11:10.080] [jointLog] [warning] couldn't find transcript named [DQ516780] in transcript <-> gene map; returning transcript as it's own gene
[2021-04-27 21:11:10.080] [jointLog] [warning] couldn't find transcript named [DQ883682] in transcript <-> gene map; returning transcript as it's own gene
[2021-04-27 21:11:10.080] [jointLog] [warning] couldn't find transcript named [DQ883669] in transcript <-> gene map; returning transcript as it's own gene
[2021-04-27 21:11:10.080] [jointLog] [warning] couldn't find transcript named [DQ516791] in transcript <-> gene map; returning transcript as it's own gene
[2021-04-27 21:11:10.080] [jointLog] [warning] couldn't find transcript named [DQ459425] in transcript <-> gene map; returning transcript as it's own gene
[2021-04-27 21:11:10.080] [jointLog] [warning] couldn't find transcript named [DQ516759] in transcript <-> gene map; returning transcript as it's own gene
[2021-04-27 21:11:10.080] [jointLog] [warning] couldn't find transcript named [DQ459429] in transcript <-> gene map; returning transcript as it's own gene
[2021-04-27 21:11:10.080] [jointLog] [warning] couldn't find transcript named [DQ516758] in transcript <-> gene map; returning transcript as it's own gene
[2021-04-27 21:11:10.080] [jointLog] [warning] couldn't find transcript named [DQ459415] in transcript <-> gene map; returning transcript as it's own gene
[2021-04-27 21:11:10.080] [jointLog] [warning] couldn't find transcript named [DQ875387] in transcript <-> gene map; returning transcript as it's own gene
[2021-04-27 21:11:10.080] [jointLog] [warning] couldn't find transcript named [DQ516815] in transcript <-> gene map; returning transcript as it's own gene
[2021-04-27 21:11:10.080] [jointLog] [warning] couldn't find transcript named [DQ668365] in transcript <-> gene map; returning transcript as it's own gene
[2021-04-27 21:11:10.080] [jointLog] [warning] couldn't find transcript named [DQ854998] in transcript <-> gene map; returning transcript as it's own gene
[2021-04-27 21:11:10.080] [jointLog] [warning] couldn't find transcript named [DQ883685] in transcript <-> gene map; returning transcript as it's own gene
[2021-04-27 21:11:10.080] [jointLog] [warning] couldn't find transcript named [DQ459422] in transcript <-> gene map; returning transcript as it's own gene
[2021-04-27 21:11:10.080] [jointLog] [warning] couldn't find transcript named [DQ883663] in transcript <-> gene map; returning transcript as it's own gene
[2021-04-27 21:11:10.080] [jointLog] [warning] couldn't find transcript named [DQ668367] in transcript <-> gene map; returning transcript as it's own gene
[2021-04-27 21:11:10.080] [jointLog] [warning] couldn't find transcript named [DQ459412] in transcript <-> gene map; returning transcript as it's own gene
[2021-04-27 21:11:10.080] [jointLog] [warning] couldn't find transcript named [DQ854992] in transcript <-> gene map; returning transcript as it's own gene
[2021-04-27 21:11:10.080] [jointLog] [warning] couldn't find transcript named [DQ516782] in transcript <-> gene map; returning transcript as it's own gene
[2021-04-27 21:11:10.080] [jointLog] [warning] couldn't find transcript named [DQ459427] in transcript <-> gene map; returning transcript as it's own gene
[2021-04-27 21:11:10.080] [jointLog] [warning] couldn't find transcript named [EF011072] in transcript <-> gene map; returning transcript as it's own gene
[2021-04-27 21:11:10.080] [jointLog] [warning] couldn't find transcript named [DQ855003] in transcript <-> gene map; returning transcript as it's own gene
[2021-04-27 21:11:10.080] [jointLog] [warning] couldn't find transcript named [DQ516739] in transcript <-> gene map; returning transcript as it's own gene
[2021-04-27 21:11:10.080] [jointLog] [warning] couldn't find transcript named [EF011063] in transcript <-> gene map; returning transcript as it's own gene
[2021-04-27 21:11:10.080] [jointLog] [warning] couldn't find transcript named [DQ855000] in transcript <-> gene map; returning transcript as it's own gene
[2021-04-27 21:11:10.080] [jointLog] [warning] couldn't find transcript named [DQ516777] in transcript <-> gene map; returning transcript as it's own gene
[2021-04-27 21:11:10.080] [jointLog] [warning] couldn't find transcript named [DQ883646] in transcript <-> gene map; returning transcript as it's own gene
[2021-04-27 21:11:10.080] [jointLog] [warning] couldn't find transcript named [DQ668362] in transcript <-> gene map; returning transcript as it's own gene
[2021-04-27 21:11:10.080] [jointLog] [warning] couldn't find transcript named [DQ854995] in transcript <-> gene map; returning transcript as it's own gene
[2021-04-27 21:11:10.080] [jointLog] [warning] couldn't find transcript named [DQ875386] in transcript <-> gene map; returning transcript as it's own gene
[2021-04-27 21:11:10.080] [jointLog] [warning] couldn't find transcript named [DQ516790] in transcript <-> gene map; returning transcript as it's own gene
[2021-04-27 21:11:10.080] [jointLog] [warning] couldn't find transcript named [DQ883642] in transcript <-> gene map; returning transcript as it's own gene
[2021-04-27 21:11:10.080] [jointLog] [warning] couldn't find transcript named [DQ883659] in transcript <-> gene map; returning transcript as it's own gene
[2021-04-27 21:11:10.080] [jointLog] [warning] couldn't find transcript named [DQ854997] in transcript <-> gene map; returning transcript as it's own gene
[2021-04-27 21:11:10.080] [jointLog] [warning] couldn't find transcript named [DQ883643] in transcript <-> gene map; returning transcript as it's own gene
[2021-04-27 21:11:10.080] [jointLog] [warning] couldn't find transcript named [DQ839618] in transcript <-> gene map; returning transcript as it's own gene
[2021-04-27 21:11:10.080] [jointLog] [warning] couldn't find transcript named [DQ516795] in transcript <-> gene map; returning transcript as it's own gene
[2021-04-27 21:11:10.080] [jointLog] [warning] couldn't find transcript named [DQ883658] in transcript <-> gene map; returning transcript as it's own gene
[2021-04-27 21:11:10.080] [jointLog] [warning] couldn't find transcript named [DQ516750] in transcript <-> gene map; returning transcript as it's own gene
[2021-04-27 21:11:10.080] [jointLog] [warning] couldn't find transcript named [DQ668359] in transcript <-> gene map; returning transcript as it's own gene
[2021-04-27 21:11:10.080] [jointLog] [warning] couldn't find transcript named [DQ516779] in transcript <-> gene map; returning transcript as it's own gene
[2021-04-27 21:11:10.080] [jointLog] [warning] couldn't find transcript named [DQ668363] in transcript <-> gene map; returning transcript as it's own gene
[2021-04-27 21:11:10.080] [jointLog] [warning] couldn't find transcript named [DQ516776] in transcript <-> gene map; returning transcript as it's own gene
[2021-04-27 21:11:10.080] [jointLog] [warning] couldn't find transcript named [DQ516773] in transcript <-> gene map; returning transcript as it's own gene
[2021-04-27 21:11:10.080] [jointLog] [warning] couldn't find transcript named [DQ854994] in transcript <-> gene map; returning transcript as it's own gene
[2021-04-27 21:11:10.081] [jointLog] [info] Aggregating expressions to gene level
[2021-04-27 21:11:10.228] [jointLog] [info] done
