[2021-05-23 10:50:12.979] [jointLog] [info] setting maxHashResizeThreads to 6
[2021-05-23 10:50:12.979] [jointLog] [info] Fragment incompatibility prior below threshold.  Incompatible fragments will be ignored.
[2021-05-23 10:50:12.981] [jointLog] [info] numQuantThreads = 3
[2021-05-23 10:50:18.384] [jointLog] [info] replaced 4 non-ACGT nucleotides with random nucleotides
[2021-05-23 10:50:18.699] [fileLog] [info] quantification processed 0 fragments so far

[2021-05-23 10:50:22.573] [fileLog] [info] quantification processed 1000000 fragments so far

[2021-05-23 10:50:25.912] [fileLog] [info] quantification processed 2000000 fragments so far

[2021-05-23 10:50:27.782] [jointLog] [info] 

The alignment group queue pool has been exhausted.  3406198 extra fragments were allocated on the heap to saturate the pool.  No new fragments will be allocated


[2021-05-23 10:50:42.054] [fileLog] [info] quantification processed 3000000 fragments so far

[2021-05-23 10:51:04.877] [fileLog] [info] quantification processed 4000000 fragments so far

[2021-05-23 10:51:27.867] [fileLog] [info] quantification processed 5000000 fragments so far

[2021-05-23 10:51:50.593] [fileLog] [info] quantification processed 6000000 fragments so far

[2021-05-23 10:52:13.449] [fileLog] [info] quantification processed 7000000 fragments so far

[2021-05-23 10:52:18.200] [fileLog] [info] quantification processed 8000000 fragments so far

[2021-05-23 10:52:22.861] [fileLog] [info] quantification processed 9000000 fragments so far

[2021-05-23 10:52:27.333] [fileLog] [info] quantification processed 10000000 fragments so far

[2021-05-23 10:52:32.376] [fileLog] [info] quantification processed 11000000 fragments so far

[2021-05-23 10:52:36.895] [fileLog] [info] quantification processed 12000000 fragments so far

[2021-05-23 10:52:41.493] [fileLog] [info] quantification processed 13000000 fragments so far

[2021-05-23 10:52:46.197] [fileLog] [info] quantification processed 14000000 fragments so far

[2021-05-23 10:52:50.690] [fileLog] [info] quantification processed 15000000 fragments so far

[2021-05-23 10:52:55.074] [fileLog] [info] quantification processed 16000000 fragments so far

[2021-05-23 10:52:59.667] [fileLog] [info] quantification processed 17000000 fragments so far

[2021-05-23 10:53:04.342] [fileLog] [info] quantification processed 18000000 fragments so far

[2021-05-23 10:53:08.771] [fileLog] [info] quantification processed 19000000 fragments so far

[2021-05-23 10:53:13.240] [fileLog] [info] quantification processed 20000000 fragments so far

[2021-05-23 10:53:17.709] [fileLog] [info] quantification processed 21000000 fragments so far

[2021-05-23 10:53:22.310] [fileLog] [info] quantification processed 22000000 fragments so far

[2021-05-23 10:53:26.564] [fileLog] [info] quantification processed 23000000 fragments so far

[2021-05-23 10:53:30.959] [fileLog] [info] quantification processed 24000000 fragments so far

[2021-05-23 10:53:35.595] [fileLog] [info] quantification processed 25000000 fragments so far

[2021-05-23 10:53:40.031] [fileLog] [info] quantification processed 26000000 fragments so far

[2021-05-23 10:53:44.630] [fileLog] [info] quantification processed 27000000 fragments so far

[2021-05-23 10:53:49.201] [fileLog] [info] quantification processed 28000000 fragments so far

[2021-05-23 10:53:53.797] [fileLog] [info] quantification processed 29000000 fragments so far

[2021-05-23 10:53:58.509] [fileLog] [info] quantification processed 30000000 fragments so far

[2021-05-23 10:54:02.841] [fileLog] [info] quantification processed 31000000 fragments so far

[2021-05-23 10:54:07.477] [fileLog] [info] quantification processed 32000000 fragments so far

[2021-05-23 10:54:11.990] [fileLog] [info] quantification processed 33000000 fragments so far

[2021-05-23 10:54:16.368] [fileLog] [info] quantification processed 34000000 fragments so far

[2021-05-23 10:54:20.773] [fileLog] [info] quantification processed 35000000 fragments so far

[2021-05-23 10:54:25.212] [fileLog] [info] quantification processed 36000000 fragments so far

[2021-05-23 10:54:29.721] [fileLog] [info] quantification processed 37000000 fragments so far

[2021-05-23 10:54:34.515] [fileLog] [info] quantification processed 38000000 fragments so far

[2021-05-23 10:54:38.995] [fileLog] [info] quantification processed 39000000 fragments so far

[2021-05-23 10:54:43.268] [fileLog] [info] quantification processed 40000000 fragments so far

[2021-05-23 10:54:47.206] [fileLog] [info] quantification processed 41000000 fragments so far

[2021-05-23 10:54:48.125] [fileLog] [info] quantification processed 41187809 fragments so far

[2021-05-23 10:54:57.107] [jointLog] [info] Thread saw mini-batch with a maximum of 11.20% zero probability fragments
[2021-05-23 10:54:57.117] [jointLog] [info] Thread saw mini-batch with a maximum of 11.30% zero probability fragments
[2021-05-23 10:54:57.118] [jointLog] [info] Thread saw mini-batch with a maximum of 10.60% zero probability fragments
[2021-05-23 10:54:57.119] [jointLog] [info] 


Completed first pass through the alignment file.
Total # of mapped reads : 41187809
# of uniquely mapped reads : 14523315
# ambiguously mapped reads : 26664494



[2021-05-23 10:54:57.303] [jointLog] [info] Computed 209803 rich equivalence classes for further processing
[2021-05-23 10:54:57.303] [jointLog] [info] Counted 41020925 total reads in the equivalence classes 
[2021-05-23 10:54:57.306] [jointLog] [info] starting optimizer
[2021-05-23 10:54:57.425] [jointLog] [info] Marked 0 weighted equivalence classes as degenerate
[2021-05-23 10:54:57.444] [jointLog] [info] iteration = 0 | max rel diff. = 5155.04
[2021-05-23 10:54:59.295] [jointLog] [info] iteration = 100 | max rel diff. = 10.5233
[2021-05-23 10:55:01.128] [jointLog] [info] iteration = 200 | max rel diff. = 3.44993
[2021-05-23 10:55:03.008] [jointLog] [info] iteration = 300 | max rel diff. = 11.4382
[2021-05-23 10:55:04.711] [jointLog] [info] iteration = 400 | max rel diff. = 0.441922
[2021-05-23 10:55:06.400] [jointLog] [info] iteration = 500 | max rel diff. = 1.39719
[2021-05-23 10:55:08.083] [jointLog] [info] iteration = 600 | max rel diff. = 0.565183
[2021-05-23 10:55:09.843] [jointLog] [info] iteration = 700 | max rel diff. = 1.83097
[2021-05-23 10:55:11.706] [jointLog] [info] iteration = 800 | max rel diff. = 0.0516901
[2021-05-23 10:55:13.514] [jointLog] [info] iteration = 900 | max rel diff. = 10.4108
[2021-05-23 10:55:15.294] [jointLog] [info] iteration = 1000 | max rel diff. = 0.061922
[2021-05-23 10:55:17.030] [jointLog] [info] iteration = 1100 | max rel diff. = 0.0487203
[2021-05-23 10:55:18.773] [jointLog] [info] iteration = 1200 | max rel diff. = 0.0737177
[2021-05-23 10:55:20.476] [jointLog] [info] iteration = 1300 | max rel diff. = 0.0453429
[2021-05-23 10:55:22.116] [jointLog] [info] iteration = 1400 | max rel diff. = 0.0922937
[2021-05-23 10:55:23.896] [jointLog] [info] iteration = 1500 | max rel diff. = 0.210162
[2021-05-23 10:55:25.705] [jointLog] [info] iteration = 1600 | max rel diff. = 0.0596392
[2021-05-23 10:55:27.536] [jointLog] [info] iteration = 1700 | max rel diff. = 0.0108639
[2021-05-23 10:55:29.176] [jointLog] [info] iteration = 1800 | max rel diff. = 0.0768479
[2021-05-23 10:55:30.484] [jointLog] [info] iteration = 1878 | max rel diff. = 0.0088281
[2021-05-23 10:55:30.524] [jointLog] [info] finished optimizer
[2021-05-23 10:55:30.524] [jointLog] [info] writing output
[2021-05-23 10:55:32.753] [jointLog] [info] Computing gene-level abundance estimates
[2021-05-23 10:56:04.919] [jointLog] [warning] Feature has no GFF ID
[2021-05-23 10:56:04.919] [jointLog] [warning] Feature has no GFF ID
[2021-05-23 10:56:04.919] [jointLog] [warning] Feature has no GFF ID
[2021-05-23 10:56:04.919] [jointLog] [warning] Feature has no GFF ID
[2021-05-23 10:56:04.919] [jointLog] [warning] Feature has no GFF ID
[2021-05-23 10:56:04.919] [jointLog] [warning] Feature has no GFF ID
[2021-05-23 10:56:04.919] [jointLog] [warning] Feature has no GFF ID
[2021-05-23 10:56:04.919] [jointLog] [warning] Feature has no GFF ID
[2021-05-23 10:56:04.919] [jointLog] [warning] Feature has no GFF ID
[2021-05-23 10:56:04.919] [jointLog] [warning] Feature has no GFF ID
[2021-05-23 10:56:04.919] [jointLog] [warning] Feature has no GFF ID
[2021-05-23 10:56:04.919] [jointLog] [warning] Feature has no GFF ID
[2021-05-23 10:56:04.919] [jointLog] [warning] Feature has no GFF ID
[2021-05-23 10:56:04.919] [jointLog] [warning] Feature has no GFF ID
[2021-05-23 10:56:04.919] [jointLog] [warning] Feature has no GFF ID
[2021-05-23 10:56:04.919] [jointLog] [warning] Feature has no GFF ID
[2021-05-23 10:56:04.919] [jointLog] [warning] Feature has no GFF ID
[2021-05-23 10:56:04.919] [jointLog] [warning] Feature has no GFF ID
[2021-05-23 10:56:04.919] [jointLog] [warning] Feature has no GFF ID
[2021-05-23 10:56:04.919] [jointLog] [warning] Feature has no GFF ID
[2021-05-23 10:56:04.919] [jointLog] [warning] Feature has no GFF ID
[2021-05-23 10:56:04.919] [jointLog] [warning] Feature has no GFF ID
[2021-05-23 10:56:04.919] [jointLog] [warning] Feature has no GFF ID
[2021-05-23 10:56:04.919] [jointLog] [warning] Feature has no GFF ID
[2021-05-23 10:56:04.919] [jointLog] [warning] Feature has no GFF ID
[2021-05-23 10:56:04.919] [jointLog] [warning] Feature has no GFF ID
[2021-05-23 10:56:04.919] [jointLog] [warning] Feature has no GFF ID
[2021-05-23 10:56:04.919] [jointLog] [warning] Feature has no GFF ID
[2021-05-23 10:56:04.919] [jointLog] [warning] Feature has no GFF ID
[2021-05-23 10:56:04.919] [jointLog] [warning] Feature has no GFF ID
[2021-05-23 10:56:04.919] [jointLog] [warning] Feature has no GFF ID
[2021-05-23 10:56:04.919] [jointLog] [warning] Feature has no GFF ID
[2021-05-23 10:56:04.919] [jointLog] [warning] Feature has no GFF ID
[2021-05-23 10:56:04.919] [jointLog] [warning] Feature has no GFF ID
[2021-05-23 10:56:04.919] [jointLog] [warning] Feature has no GFF ID
[2021-05-23 10:56:04.919] [jointLog] [warning] Feature has no GFF ID
[2021-05-23 10:56:04.919] [jointLog] [warning] Feature has no GFF ID
[2021-05-23 10:56:04.919] [jointLog] [warning] Feature has no GFF ID
[2021-05-23 10:56:04.919] [jointLog] [warning] Feature has no GFF ID
[2021-05-23 10:56:04.919] [jointLog] [warning] Feature has no GFF ID
[2021-05-23 10:56:04.919] [jointLog] [warning] Feature has no GFF ID
[2021-05-23 10:56:04.919] [jointLog] [warning] Feature has no GFF ID
[2021-05-23 10:56:04.919] [jointLog] [warning] Feature has no GFF ID
[2021-05-23 10:56:04.919] [jointLog] [warning] Feature has no GFF ID
[2021-05-23 10:56:04.919] [jointLog] [warning] Feature has no GFF ID
[2021-05-23 10:56:04.919] [jointLog] [warning] Feature has no GFF ID
[2021-05-23 10:56:04.919] [jointLog] [warning] Feature has no GFF ID
[2021-05-23 10:56:04.919] [jointLog] [warning] Feature has no GFF ID
[2021-05-23 10:56:04.919] [jointLog] [warning] Feature has no GFF ID
[2021-05-23 10:56:04.919] [jointLog] [warning] Feature has no GFF ID
[2021-05-23 10:56:04.919] [jointLog] [warning] Feature has no GFF ID
[2021-05-23 10:56:04.919] [jointLog] [warning] Feature has no GFF ID
[2021-05-23 10:56:04.919] [jointLog] [warning] Feature has no GFF ID
[2021-05-23 10:56:04.919] [jointLog] [warning] Feature has no GFF ID
[2021-05-23 10:56:04.919] [jointLog] [warning] Feature has no GFF ID
[2021-05-23 10:56:04.919] [jointLog] [warning] Feature has no GFF ID
[2021-05-23 10:56:04.919] [jointLog] [warning] Feature has no GFF ID
[2021-05-23 10:56:04.919] [jointLog] [warning] Feature has no GFF ID
[2021-05-23 10:56:04.919] [jointLog] [warning] Feature has no GFF ID
[2021-05-23 10:56:04.919] [jointLog] [warning] Feature has no GFF ID
[2021-05-23 10:56:04.919] [jointLog] [warning] Feature has no GFF ID
[2021-05-23 10:56:04.919] [jointLog] [warning] Feature has no GFF ID
[2021-05-23 10:56:04.919] [jointLog] [warning] Feature has no GFF ID
[2021-05-23 10:56:04.919] [jointLog] [warning] Feature has no GFF ID
[2021-05-23 10:56:04.919] [jointLog] [warning] Feature has no GFF ID
[2021-05-23 10:56:04.919] [jointLog] [warning] Feature has no GFF ID
[2021-05-23 10:56:04.919] [jointLog] [warning] Feature has no GFF ID
[2021-05-23 10:56:04.919] [jointLog] [warning] Feature has no GFF ID
[2021-05-23 10:56:04.919] [jointLog] [warning] Feature has no GFF ID
[2021-05-23 10:56:04.919] [jointLog] [warning] Feature has no GFF ID
[2021-05-23 10:56:04.919] [jointLog] [warning] Feature has no GFF ID
[2021-05-23 10:56:04.919] [jointLog] [warning] Feature has no GFF ID
[2021-05-23 10:56:04.919] [jointLog] [warning] Feature has no GFF ID
[2021-05-23 10:56:04.919] [jointLog] [warning] Feature has no GFF ID
[2021-05-23 10:56:04.919] [jointLog] [warning] Feature has no GFF ID
[2021-05-23 10:56:04.919] [jointLog] [warning] Feature has no GFF ID
[2021-05-23 10:56:04.919] [jointLog] [warning] Feature has no GFF ID
[2021-05-23 10:56:04.919] [jointLog] [warning] Feature has no GFF ID
[2021-05-23 10:56:04.919] [jointLog] [warning] Feature has no GFF ID
[2021-05-23 10:56:04.919] [jointLog] [warning] Feature has no GFF ID
[2021-05-23 10:56:04.919] [jointLog] [warning] Feature has no GFF ID
[2021-05-23 10:56:04.919] [jointLog] [warning] Feature has no GFF ID
[2021-05-23 10:56:04.919] [jointLog] [warning] Feature has no GFF ID
[2021-05-23 10:56:04.919] [jointLog] [warning] Feature has no GFF ID
[2021-05-23 10:56:04.919] [jointLog] [warning] Feature has no GFF ID
[2021-05-23 10:56:04.919] [jointLog] [warning] Feature has no GFF ID
[2021-05-23 10:56:04.919] [jointLog] [warning] Feature has no GFF ID
[2021-05-23 10:56:04.919] [jointLog] [warning] Feature has no GFF ID
[2021-05-23 10:56:04.919] [jointLog] [warning] Feature has no GFF ID
[2021-05-23 10:56:04.919] [jointLog] [warning] Feature has no GFF ID
[2021-05-23 10:56:04.919] [jointLog] [warning] Feature has no GFF ID
[2021-05-23 10:56:04.919] [jointLog] [warning] Feature has no GFF ID
[2021-05-23 10:56:05.272] [jointLog] [info] There were 142604 transcripts mapping to 55401 genes
[2021-05-23 10:56:05.272] [jointLog] [info] NOTE: We recommend using tximport (https://bioconductor.org/packages/release/bioc/html/tximport.html) for aggregating transcript-level salmon abundance estimates to the gene level.  It is more versatile, exposes more features, and allows considering multi-sample information during aggregation.
[2021-05-23 10:56:05.588] [jointLog] [warning] couldn't find transcript named [DQ459430] in transcript <-> gene map; returning transcript as it's own gene
[2021-05-23 10:56:05.588] [jointLog] [warning] couldn't find transcript named [DQ516784] in transcript <-> gene map; returning transcript as it's own gene
[2021-05-23 10:56:05.588] [jointLog] [warning] couldn't find transcript named [DQ516752] in transcript <-> gene map; returning transcript as it's own gene
[2021-05-23 10:56:05.588] [jointLog] [warning] couldn't find transcript named [DQ668364] in transcript <-> gene map; returning transcript as it's own gene
[2021-05-23 10:56:05.588] [jointLog] [warning] couldn't find transcript named [DQ883670] in transcript <-> gene map; returning transcript as it's own gene
[2021-05-23 10:56:05.588] [jointLog] [warning] couldn't find transcript named [EF011062] in transcript <-> gene map; returning transcript as it's own gene
[2021-05-23 10:56:05.588] [jointLog] [warning] couldn't find transcript named [DQ875385] in transcript <-> gene map; returning transcript as it's own gene
[2021-05-23 10:56:05.588] [jointLog] [warning] couldn't find transcript named [DQ883664] in transcript <-> gene map; returning transcript as it's own gene
[2021-05-23 10:56:05.588] [jointLog] [warning] couldn't find transcript named [DQ459420] in transcript <-> gene map; returning transcript as it's own gene
[2021-05-23 10:56:05.588] [jointLog] [warning] couldn't find transcript named [DQ883651] in transcript <-> gene map; returning transcript as it's own gene
[2021-05-23 10:56:05.588] [jointLog] [warning] couldn't find transcript named [DQ855004] in transcript <-> gene map; returning transcript as it's own gene
[2021-05-23 10:56:05.588] [jointLog] [warning] couldn't find transcript named [DQ854993] in transcript <-> gene map; returning transcript as it's own gene
[2021-05-23 10:56:05.588] [jointLog] [warning] couldn't find transcript named [DQ883689] in transcript <-> gene map; returning transcript as it's own gene
[2021-05-23 10:56:05.588] [jointLog] [warning] couldn't find transcript named [DQ459419] in transcript <-> gene map; returning transcript as it's own gene
[2021-05-23 10:56:05.588] [jointLog] [warning] couldn't find transcript named [DQ459431] in transcript <-> gene map; returning transcript as it's own gene
[2021-05-23 10:56:05.588] [jointLog] [warning] couldn't find transcript named [DQ516796] in transcript <-> gene map; returning transcript as it's own gene
[2021-05-23 10:56:05.588] [jointLog] [warning] couldn't find transcript named [DQ855001] in transcript <-> gene map; returning transcript as it's own gene
[2021-05-23 10:56:05.588] [jointLog] [warning] couldn't find transcript named [DQ459413] in transcript <-> gene map; returning transcript as it's own gene
[2021-05-23 10:56:05.588] [jointLog] [warning] couldn't find transcript named [DQ883656] in transcript <-> gene map; returning transcript as it's own gene
[2021-05-23 10:56:05.588] [jointLog] [warning] couldn't find transcript named [DQ883661] in transcript <-> gene map; returning transcript as it's own gene
[2021-05-23 10:56:05.588] [jointLog] [warning] couldn't find transcript named [EF011069] in transcript <-> gene map; returning transcript as it's own gene
[2021-05-23 10:56:05.588] [jointLog] [warning] couldn't find transcript named [DQ516783] in transcript <-> gene map; returning transcript as it's own gene
[2021-05-23 10:56:05.588] [jointLog] [warning] couldn't find transcript named [DQ516787] in transcript <-> gene map; returning transcript as it's own gene
[2021-05-23 10:56:05.588] [jointLog] [warning] couldn't find transcript named [DQ459424] in transcript <-> gene map; returning transcript as it's own gene
[2021-05-23 10:56:05.588] [jointLog] [warning] couldn't find transcript named [DQ516748] in transcript <-> gene map; returning transcript as it's own gene
[2021-05-23 10:56:05.588] [jointLog] [warning] couldn't find transcript named [DQ883671] in transcript <-> gene map; returning transcript as it's own gene
[2021-05-23 10:56:05.588] [jointLog] [warning] couldn't find transcript named [DQ516740] in transcript <-> gene map; returning transcript as it's own gene
[2021-05-23 10:56:05.588] [jointLog] [warning] couldn't find transcript named [DQ516785] in transcript <-> gene map; returning transcript as it's own gene
[2021-05-23 10:56:05.588] [jointLog] [warning] couldn't find transcript named [DQ516731] in transcript <-> gene map; returning transcript as it's own gene
[2021-05-23 10:56:05.588] [jointLog] [warning] couldn't find transcript named [DQ668366] in transcript <-> gene map; returning transcript as it's own gene
[2021-05-23 10:56:05.588] [jointLog] [warning] couldn't find transcript named [DQ459418] in transcript <-> gene map; returning transcript as it's own gene
[2021-05-23 10:56:05.588] [jointLog] [warning] couldn't find transcript named [DQ668356] in transcript <-> gene map; returning transcript as it's own gene
[2021-05-23 10:56:05.588] [jointLog] [warning] couldn't find transcript named [DQ516763] in transcript <-> gene map; returning transcript as it's own gene
[2021-05-23 10:56:05.588] [jointLog] [warning] couldn't find transcript named [DQ459426] in transcript <-> gene map; returning transcript as it's own gene
[2021-05-23 10:56:05.588] [jointLog] [warning] couldn't find transcript named [DQ516786] in transcript <-> gene map; returning transcript as it's own gene
[2021-05-23 10:56:05.588] [jointLog] [warning] couldn't find transcript named [DQ883653] in transcript <-> gene map; returning transcript as it's own gene
[2021-05-23 10:56:05.588] [jointLog] [warning] couldn't find transcript named [DQ459421] in transcript <-> gene map; returning transcript as it's own gene
[2021-05-23 10:56:05.589] [jointLog] [warning] couldn't find transcript named [DQ883654] in transcript <-> gene map; returning transcript as it's own gene
[2021-05-23 10:56:05.589] [jointLog] [warning] couldn't find transcript named [DQ668358] in transcript <-> gene map; returning transcript as it's own gene
[2021-05-23 10:56:05.589] [jointLog] [warning] couldn't find transcript named [DQ516754] in transcript <-> gene map; returning transcript as it's own gene
[2021-05-23 10:56:05.589] [jointLog] [warning] couldn't find transcript named [DQ516778] in transcript <-> gene map; returning transcript as it's own gene
[2021-05-23 10:56:05.589] [jointLog] [warning] couldn't find transcript named [DQ883650] in transcript <-> gene map; returning transcript as it's own gene
[2021-05-23 10:56:05.589] [jointLog] [warning] couldn't find transcript named [DQ516742] in transcript <-> gene map; returning transcript as it's own gene
[2021-05-23 10:56:05.589] [jointLog] [warning] couldn't find transcript named [DQ883673] in transcript <-> gene map; returning transcript as it's own gene
[2021-05-23 10:56:05.589] [jointLog] [warning] couldn't find transcript named [DQ883652] in transcript <-> gene map; returning transcript as it's own gene
[2021-05-23 10:56:05.589] [jointLog] [warning] couldn't find transcript named [DQ854991] in transcript <-> gene map; returning transcript as it's own gene
[2021-05-23 10:56:05.589] [jointLog] [warning] couldn't find transcript named [DQ516780] in transcript <-> gene map; returning transcript as it's own gene
[2021-05-23 10:56:05.589] [jointLog] [warning] couldn't find transcript named [DQ883682] in transcript <-> gene map; returning transcript as it's own gene
[2021-05-23 10:56:05.589] [jointLog] [warning] couldn't find transcript named [DQ883669] in transcript <-> gene map; returning transcript as it's own gene
[2021-05-23 10:56:05.589] [jointLog] [warning] couldn't find transcript named [DQ516791] in transcript <-> gene map; returning transcript as it's own gene
[2021-05-23 10:56:05.589] [jointLog] [warning] couldn't find transcript named [DQ459425] in transcript <-> gene map; returning transcript as it's own gene
[2021-05-23 10:56:05.589] [jointLog] [warning] couldn't find transcript named [DQ516759] in transcript <-> gene map; returning transcript as it's own gene
[2021-05-23 10:56:05.589] [jointLog] [warning] couldn't find transcript named [DQ459429] in transcript <-> gene map; returning transcript as it's own gene
[2021-05-23 10:56:05.589] [jointLog] [warning] couldn't find transcript named [DQ516758] in transcript <-> gene map; returning transcript as it's own gene
[2021-05-23 10:56:05.589] [jointLog] [warning] couldn't find transcript named [DQ459415] in transcript <-> gene map; returning transcript as it's own gene
[2021-05-23 10:56:05.589] [jointLog] [warning] couldn't find transcript named [DQ875387] in transcript <-> gene map; returning transcript as it's own gene
[2021-05-23 10:56:05.589] [jointLog] [warning] couldn't find transcript named [DQ516815] in transcript <-> gene map; returning transcript as it's own gene
[2021-05-23 10:56:05.589] [jointLog] [warning] couldn't find transcript named [DQ668365] in transcript <-> gene map; returning transcript as it's own gene
[2021-05-23 10:56:05.589] [jointLog] [warning] couldn't find transcript named [DQ854998] in transcript <-> gene map; returning transcript as it's own gene
[2021-05-23 10:56:05.589] [jointLog] [warning] couldn't find transcript named [DQ883685] in transcript <-> gene map; returning transcript as it's own gene
[2021-05-23 10:56:05.589] [jointLog] [warning] couldn't find transcript named [DQ459422] in transcript <-> gene map; returning transcript as it's own gene
[2021-05-23 10:56:05.589] [jointLog] [warning] couldn't find transcript named [DQ883663] in transcript <-> gene map; returning transcript as it's own gene
[2021-05-23 10:56:05.589] [jointLog] [warning] couldn't find transcript named [DQ668367] in transcript <-> gene map; returning transcript as it's own gene
[2021-05-23 10:56:05.589] [jointLog] [warning] couldn't find transcript named [DQ459412] in transcript <-> gene map; returning transcript as it's own gene
[2021-05-23 10:56:05.589] [jointLog] [warning] couldn't find transcript named [DQ854992] in transcript <-> gene map; returning transcript as it's own gene
[2021-05-23 10:56:05.589] [jointLog] [warning] couldn't find transcript named [DQ516782] in transcript <-> gene map; returning transcript as it's own gene
[2021-05-23 10:56:05.589] [jointLog] [warning] couldn't find transcript named [DQ459427] in transcript <-> gene map; returning transcript as it's own gene
[2021-05-23 10:56:05.589] [jointLog] [warning] couldn't find transcript named [EF011072] in transcript <-> gene map; returning transcript as it's own gene
[2021-05-23 10:56:05.589] [jointLog] [warning] couldn't find transcript named [DQ855003] in transcript <-> gene map; returning transcript as it's own gene
[2021-05-23 10:56:05.589] [jointLog] [warning] couldn't find transcript named [DQ516739] in transcript <-> gene map; returning transcript as it's own gene
[2021-05-23 10:56:05.589] [jointLog] [warning] couldn't find transcript named [EF011063] in transcript <-> gene map; returning transcript as it's own gene
[2021-05-23 10:56:05.589] [jointLog] [warning] couldn't find transcript named [DQ855000] in transcript <-> gene map; returning transcript as it's own gene
[2021-05-23 10:56:05.589] [jointLog] [warning] couldn't find transcript named [DQ516777] in transcript <-> gene map; returning transcript as it's own gene
[2021-05-23 10:56:05.589] [jointLog] [warning] couldn't find transcript named [DQ883646] in transcript <-> gene map; returning transcript as it's own gene
[2021-05-23 10:56:05.589] [jointLog] [warning] couldn't find transcript named [DQ668362] in transcript <-> gene map; returning transcript as it's own gene
[2021-05-23 10:56:05.589] [jointLog] [warning] couldn't find transcript named [DQ854995] in transcript <-> gene map; returning transcript as it's own gene
[2021-05-23 10:56:05.589] [jointLog] [warning] couldn't find transcript named [DQ875386] in transcript <-> gene map; returning transcript as it's own gene
[2021-05-23 10:56:05.589] [jointLog] [warning] couldn't find transcript named [DQ516790] in transcript <-> gene map; returning transcript as it's own gene
[2021-05-23 10:56:05.589] [jointLog] [warning] couldn't find transcript named [DQ883642] in transcript <-> gene map; returning transcript as it's own gene
[2021-05-23 10:56:05.589] [jointLog] [warning] couldn't find transcript named [DQ883659] in transcript <-> gene map; returning transcript as it's own gene
[2021-05-23 10:56:05.589] [jointLog] [warning] couldn't find transcript named [DQ854997] in transcript <-> gene map; returning transcript as it's own gene
[2021-05-23 10:56:05.589] [jointLog] [warning] couldn't find transcript named [DQ883643] in transcript <-> gene map; returning transcript as it's own gene
[2021-05-23 10:56:05.589] [jointLog] [warning] couldn't find transcript named [DQ839618] in transcript <-> gene map; returning transcript as it's own gene
[2021-05-23 10:56:05.589] [jointLog] [warning] couldn't find transcript named [DQ516795] in transcript <-> gene map; returning transcript as it's own gene
[2021-05-23 10:56:05.589] [jointLog] [warning] couldn't find transcript named [DQ883658] in transcript <-> gene map; returning transcript as it's own gene
[2021-05-23 10:56:05.589] [jointLog] [warning] couldn't find transcript named [DQ516750] in transcript <-> gene map; returning transcript as it's own gene
[2021-05-23 10:56:05.589] [jointLog] [warning] couldn't find transcript named [DQ668359] in transcript <-> gene map; returning transcript as it's own gene
[2021-05-23 10:56:05.589] [jointLog] [warning] couldn't find transcript named [DQ516779] in transcript <-> gene map; returning transcript as it's own gene
[2021-05-23 10:56:05.589] [jointLog] [warning] couldn't find transcript named [DQ668363] in transcript <-> gene map; returning transcript as it's own gene
[2021-05-23 10:56:05.589] [jointLog] [warning] couldn't find transcript named [DQ516776] in transcript <-> gene map; returning transcript as it's own gene
[2021-05-23 10:56:05.589] [jointLog] [warning] couldn't find transcript named [DQ516773] in transcript <-> gene map; returning transcript as it's own gene
[2021-05-23 10:56:05.589] [jointLog] [warning] couldn't find transcript named [DQ854994] in transcript <-> gene map; returning transcript as it's own gene
[2021-05-23 10:56:05.589] [jointLog] [info] Aggregating expressions to gene level
[2021-05-23 10:56:05.792] [jointLog] [info] done
