[2021-04-27 20:24:34.870] [jointLog] [info] setting maxHashResizeThreads to 6
[2021-04-27 20:24:34.870] [jointLog] [info] Fragment incompatibility prior below threshold.  Incompatible fragments will be ignored.
[2021-04-27 20:24:34.871] [jointLog] [info] numQuantThreads = 3
[2021-04-27 20:24:39.490] [fileLog] [info] quantification processed 0 fragments so far

[2021-04-27 20:24:39.242] [jointLog] [info] replaced 4 non-ACGT nucleotides with random nucleotides
[2021-04-27 20:24:42.363] [fileLog] [info] quantification processed 1000000 fragments so far

[2021-04-27 20:24:45.154] [fileLog] [info] quantification processed 2000000 fragments so far

[2021-04-27 20:24:46.387] [jointLog] [info] 

The alignment group queue pool has been exhausted.  3433927 extra fragments were allocated on the heap to saturate the pool.  No new fragments will be allocated


[2021-04-27 20:24:54.108] [fileLog] [info] quantification processed 3000000 fragments so far

[2021-04-27 20:25:07.996] [fileLog] [info] quantification processed 4000000 fragments so far

[2021-04-27 20:25:21.761] [fileLog] [info] quantification processed 5000000 fragments so far

[2021-04-27 20:25:35.415] [fileLog] [info] quantification processed 6000000 fragments so far

[2021-04-27 20:25:49.116] [fileLog] [info] quantification processed 7000000 fragments so far

[2021-04-27 20:25:53.065] [fileLog] [info] quantification processed 8000000 fragments so far

[2021-04-27 20:25:56.175] [fileLog] [info] quantification processed 9000000 fragments so far

[2021-04-27 20:25:58.800] [fileLog] [info] quantification processed 10000000 fragments so far

[2021-04-27 20:26:01.624] [fileLog] [info] quantification processed 11000000 fragments so far

[2021-04-27 20:26:05.352] [fileLog] [info] quantification processed 12000000 fragments so far

[2021-04-27 20:26:08.224] [fileLog] [info] quantification processed 13000000 fragments so far

[2021-04-27 20:26:11.080] [fileLog] [info] quantification processed 14000000 fragments so far

[2021-04-27 20:26:14.240] [fileLog] [info] quantification processed 15000000 fragments so far

[2021-04-27 20:26:17.279] [fileLog] [info] quantification processed 16000000 fragments so far

[2021-04-27 20:26:20.348] [fileLog] [info] quantification processed 17000000 fragments so far

[2021-04-27 20:26:23.553] [fileLog] [info] quantification processed 18000000 fragments so far

[2021-04-27 20:26:26.906] [fileLog] [info] quantification processed 19000000 fragments so far

[2021-04-27 20:26:30.147] [fileLog] [info] quantification processed 20000000 fragments so far

[2021-04-27 20:26:33.378] [fileLog] [info] quantification processed 21000000 fragments so far

[2021-04-27 20:26:36.635] [fileLog] [info] quantification processed 22000000 fragments so far

[2021-04-27 20:26:39.775] [fileLog] [info] quantification processed 23000000 fragments so far

[2021-04-27 20:26:43.101] [fileLog] [info] quantification processed 24000000 fragments so far

[2021-04-27 20:26:45.862] [fileLog] [info] quantification processed 25000000 fragments so far

[2021-04-27 20:26:48.949] [fileLog] [info] quantification processed 26000000 fragments so far

[2021-04-27 20:26:52.174] [fileLog] [info] quantification processed 27000000 fragments so far

[2021-04-27 20:26:55.397] [fileLog] [info] quantification processed 28000000 fragments so far

[2021-04-27 20:26:58.979] [fileLog] [info] quantification processed 29000000 fragments so far

[2021-04-27 20:27:01.753] [fileLog] [info] quantification processed 30000000 fragments so far

[2021-04-27 20:27:05.090] [fileLog] [info] quantification processed 31000000 fragments so far

[2021-04-27 20:27:07.999] [fileLog] [info] quantification processed 32000000 fragments so far

[2021-04-27 20:27:08.742] [fileLog] [info] quantification processed 32227642 fragments so far

[2021-04-27 20:27:14.880] [jointLog] [info] Thread saw mini-batch with a maximum of 18.80% zero probability fragments
[2021-04-27 20:27:14.884] [jointLog] [info] Thread saw mini-batch with a maximum of 18.30% zero probability fragments
[2021-04-27 20:27:14.886] [jointLog] [info] Thread saw mini-batch with a maximum of 17.60% zero probability fragments
[2021-04-27 20:27:14.887] [jointLog] [info] 


Completed first pass through the alignment file.
Total # of mapped reads : 32227642
# of uniquely mapped reads : 11278620
# ambiguously mapped reads : 20949022



[2021-04-27 20:27:15.059] [jointLog] [info] Computed 214249 rich equivalence classes for further processing
[2021-04-27 20:27:15.059] [jointLog] [info] Counted 32059261 total reads in the equivalence classes 
[2021-04-27 20:27:15.061] [jointLog] [info] starting optimizer
[2021-04-27 20:27:15.189] [jointLog] [info] Marked 0 weighted equivalence classes as degenerate
[2021-04-27 20:27:15.208] [jointLog] [info] iteration = 0 | max rel diff. = 8052.66
[2021-04-27 20:27:16.790] [jointLog] [info] iteration = 100 | max rel diff. = 19.2349
[2021-04-27 20:27:18.325] [jointLog] [info] iteration = 200 | max rel diff. = 5.30748
[2021-04-27 20:27:19.854] [jointLog] [info] iteration = 300 | max rel diff. = 2.08824
[2021-04-27 20:27:21.394] [jointLog] [info] iteration = 400 | max rel diff. = 4.54896
[2021-04-27 20:27:22.939] [jointLog] [info] iteration = 500 | max rel diff. = 0.760211
[2021-04-27 20:27:24.468] [jointLog] [info] iteration = 600 | max rel diff. = 0.802748
[2021-04-27 20:27:25.989] [jointLog] [info] iteration = 700 | max rel diff. = 0.354034
[2021-04-27 20:27:27.519] [jointLog] [info] iteration = 800 | max rel diff. = 0.429962
[2021-04-27 20:27:29.031] [jointLog] [info] iteration = 900 | max rel diff. = 2.70117
[2021-04-27 20:27:30.548] [jointLog] [info] iteration = 1000 | max rel diff. = 0.0531103
[2021-04-27 20:27:32.052] [jointLog] [info] iteration = 1100 | max rel diff. = 0.0412037
[2021-04-27 20:27:33.564] [jointLog] [info] iteration = 1200 | max rel diff. = 0.537042
[2021-04-27 20:27:35.116] [jointLog] [info] iteration = 1300 | max rel diff. = 0.0632683
[2021-04-27 20:27:36.670] [jointLog] [info] iteration = 1400 | max rel diff. = 0.0357132
[2021-04-27 20:27:38.238] [jointLog] [info] iteration = 1500 | max rel diff. = 0.0525578
[2021-04-27 20:27:39.711] [jointLog] [info] iteration = 1596 | max rel diff. = 0.00944712
[2021-04-27 20:27:39.750] [jointLog] [info] finished optimizer
[2021-04-27 20:27:39.750] [jointLog] [info] writing output
[2021-04-27 20:27:41.604] [jointLog] [info] Computing gene-level abundance estimates
[2021-04-27 20:28:09.719] [jointLog] [warning] Feature has no GFF ID
[2021-04-27 20:28:09.719] [jointLog] [warning] Feature has no GFF ID
[2021-04-27 20:28:09.719] [jointLog] [warning] Feature has no GFF ID
[2021-04-27 20:28:09.719] [jointLog] [warning] Feature has no GFF ID
[2021-04-27 20:28:09.719] [jointLog] [warning] Feature has no GFF ID
[2021-04-27 20:28:09.719] [jointLog] [warning] Feature has no GFF ID
[2021-04-27 20:28:09.719] [jointLog] [warning] Feature has no GFF ID
[2021-04-27 20:28:09.719] [jointLog] [warning] Feature has no GFF ID
[2021-04-27 20:28:09.719] [jointLog] [warning] Feature has no GFF ID
[2021-04-27 20:28:09.719] [jointLog] [warning] Feature has no GFF ID
[2021-04-27 20:28:09.719] [jointLog] [warning] Feature has no GFF ID
[2021-04-27 20:28:09.719] [jointLog] [warning] Feature has no GFF ID
[2021-04-27 20:28:09.719] [jointLog] [warning] Feature has no GFF ID
[2021-04-27 20:28:09.719] [jointLog] [warning] Feature has no GFF ID
[2021-04-27 20:28:09.719] [jointLog] [warning] Feature has no GFF ID
[2021-04-27 20:28:09.719] [jointLog] [warning] Feature has no GFF ID
[2021-04-27 20:28:09.719] [jointLog] [warning] Feature has no GFF ID
[2021-04-27 20:28:09.719] [jointLog] [warning] Feature has no GFF ID
[2021-04-27 20:28:09.719] [jointLog] [warning] Feature has no GFF ID
[2021-04-27 20:28:09.719] [jointLog] [warning] Feature has no GFF ID
[2021-04-27 20:28:09.719] [jointLog] [warning] Feature has no GFF ID
[2021-04-27 20:28:09.719] [jointLog] [warning] Feature has no GFF ID
[2021-04-27 20:28:09.719] [jointLog] [warning] Feature has no GFF ID
[2021-04-27 20:28:09.719] [jointLog] [warning] Feature has no GFF ID
[2021-04-27 20:28:09.719] [jointLog] [warning] Feature has no GFF ID
[2021-04-27 20:28:09.719] [jointLog] [warning] Feature has no GFF ID
[2021-04-27 20:28:09.719] [jointLog] [warning] Feature has no GFF ID
[2021-04-27 20:28:09.719] [jointLog] [warning] Feature has no GFF ID
[2021-04-27 20:28:09.719] [jointLog] [warning] Feature has no GFF ID
[2021-04-27 20:28:09.719] [jointLog] [warning] Feature has no GFF ID
[2021-04-27 20:28:09.719] [jointLog] [warning] Feature has no GFF ID
[2021-04-27 20:28:09.719] [jointLog] [warning] Feature has no GFF ID
[2021-04-27 20:28:09.719] [jointLog] [warning] Feature has no GFF ID
[2021-04-27 20:28:09.719] [jointLog] [warning] Feature has no GFF ID
[2021-04-27 20:28:09.719] [jointLog] [warning] Feature has no GFF ID
[2021-04-27 20:28:09.719] [jointLog] [warning] Feature has no GFF ID
[2021-04-27 20:28:09.719] [jointLog] [warning] Feature has no GFF ID
[2021-04-27 20:28:09.719] [jointLog] [warning] Feature has no GFF ID
[2021-04-27 20:28:09.719] [jointLog] [warning] Feature has no GFF ID
[2021-04-27 20:28:09.719] [jointLog] [warning] Feature has no GFF ID
[2021-04-27 20:28:09.719] [jointLog] [warning] Feature has no GFF ID
[2021-04-27 20:28:09.719] [jointLog] [warning] Feature has no GFF ID
[2021-04-27 20:28:09.719] [jointLog] [warning] Feature has no GFF ID
[2021-04-27 20:28:09.719] [jointLog] [warning] Feature has no GFF ID
[2021-04-27 20:28:09.719] [jointLog] [warning] Feature has no GFF ID
[2021-04-27 20:28:09.719] [jointLog] [warning] Feature has no GFF ID
[2021-04-27 20:28:09.719] [jointLog] [warning] Feature has no GFF ID
[2021-04-27 20:28:09.719] [jointLog] [warning] Feature has no GFF ID
[2021-04-27 20:28:09.719] [jointLog] [warning] Feature has no GFF ID
[2021-04-27 20:28:09.719] [jointLog] [warning] Feature has no GFF ID
[2021-04-27 20:28:09.719] [jointLog] [warning] Feature has no GFF ID
[2021-04-27 20:28:09.719] [jointLog] [warning] Feature has no GFF ID
[2021-04-27 20:28:09.719] [jointLog] [warning] Feature has no GFF ID
[2021-04-27 20:28:09.719] [jointLog] [warning] Feature has no GFF ID
[2021-04-27 20:28:09.719] [jointLog] [warning] Feature has no GFF ID
[2021-04-27 20:28:09.719] [jointLog] [warning] Feature has no GFF ID
[2021-04-27 20:28:09.719] [jointLog] [warning] Feature has no GFF ID
[2021-04-27 20:28:09.719] [jointLog] [warning] Feature has no GFF ID
[2021-04-27 20:28:09.719] [jointLog] [warning] Feature has no GFF ID
[2021-04-27 20:28:09.719] [jointLog] [warning] Feature has no GFF ID
[2021-04-27 20:28:09.719] [jointLog] [warning] Feature has no GFF ID
[2021-04-27 20:28:09.719] [jointLog] [warning] Feature has no GFF ID
[2021-04-27 20:28:09.719] [jointLog] [warning] Feature has no GFF ID
[2021-04-27 20:28:09.719] [jointLog] [warning] Feature has no GFF ID
[2021-04-27 20:28:09.719] [jointLog] [warning] Feature has no GFF ID
[2021-04-27 20:28:09.719] [jointLog] [warning] Feature has no GFF ID
[2021-04-27 20:28:09.719] [jointLog] [warning] Feature has no GFF ID
[2021-04-27 20:28:09.719] [jointLog] [warning] Feature has no GFF ID
[2021-04-27 20:28:09.719] [jointLog] [warning] Feature has no GFF ID
[2021-04-27 20:28:09.719] [jointLog] [warning] Feature has no GFF ID
[2021-04-27 20:28:09.719] [jointLog] [warning] Feature has no GFF ID
[2021-04-27 20:28:09.719] [jointLog] [warning] Feature has no GFF ID
[2021-04-27 20:28:09.719] [jointLog] [warning] Feature has no GFF ID
[2021-04-27 20:28:09.719] [jointLog] [warning] Feature has no GFF ID
[2021-04-27 20:28:09.719] [jointLog] [warning] Feature has no GFF ID
[2021-04-27 20:28:09.719] [jointLog] [warning] Feature has no GFF ID
[2021-04-27 20:28:09.719] [jointLog] [warning] Feature has no GFF ID
[2021-04-27 20:28:09.719] [jointLog] [warning] Feature has no GFF ID
[2021-04-27 20:28:09.719] [jointLog] [warning] Feature has no GFF ID
[2021-04-27 20:28:09.719] [jointLog] [warning] Feature has no GFF ID
[2021-04-27 20:28:09.719] [jointLog] [warning] Feature has no GFF ID
[2021-04-27 20:28:09.719] [jointLog] [warning] Feature has no GFF ID
[2021-04-27 20:28:09.719] [jointLog] [warning] Feature has no GFF ID
[2021-04-27 20:28:09.719] [jointLog] [warning] Feature has no GFF ID
[2021-04-27 20:28:09.719] [jointLog] [warning] Feature has no GFF ID
[2021-04-27 20:28:09.719] [jointLog] [warning] Feature has no GFF ID
[2021-04-27 20:28:09.719] [jointLog] [warning] Feature has no GFF ID
[2021-04-27 20:28:09.719] [jointLog] [warning] Feature has no GFF ID
[2021-04-27 20:28:09.719] [jointLog] [warning] Feature has no GFF ID
[2021-04-27 20:28:09.719] [jointLog] [warning] Feature has no GFF ID
[2021-04-27 20:28:09.719] [jointLog] [warning] Feature has no GFF ID
[2021-04-27 20:28:09.719] [jointLog] [warning] Feature has no GFF ID
[2021-04-27 20:28:10.034] [jointLog] [info] There were 142604 transcripts mapping to 55401 genes
[2021-04-27 20:28:10.034] [jointLog] [info] NOTE: We recommend using tximport (https://bioconductor.org/packages/release/bioc/html/tximport.html) for aggregating transcript-level salmon abundance estimates to the gene level.  It is more versatile, exposes more features, and allows considering multi-sample information during aggregation.
[2021-04-27 20:28:10.329] [jointLog] [warning] couldn't find transcript named [DQ459430] in transcript <-> gene map; returning transcript as it's own gene
[2021-04-27 20:28:10.329] [jointLog] [warning] couldn't find transcript named [DQ516784] in transcript <-> gene map; returning transcript as it's own gene
[2021-04-27 20:28:10.329] [jointLog] [warning] couldn't find transcript named [DQ516752] in transcript <-> gene map; returning transcript as it's own gene
[2021-04-27 20:28:10.329] [jointLog] [warning] couldn't find transcript named [DQ668364] in transcript <-> gene map; returning transcript as it's own gene
[2021-04-27 20:28:10.329] [jointLog] [warning] couldn't find transcript named [DQ883670] in transcript <-> gene map; returning transcript as it's own gene
[2021-04-27 20:28:10.329] [jointLog] [warning] couldn't find transcript named [EF011062] in transcript <-> gene map; returning transcript as it's own gene
[2021-04-27 20:28:10.329] [jointLog] [warning] couldn't find transcript named [DQ875385] in transcript <-> gene map; returning transcript as it's own gene
[2021-04-27 20:28:10.329] [jointLog] [warning] couldn't find transcript named [DQ883664] in transcript <-> gene map; returning transcript as it's own gene
[2021-04-27 20:28:10.329] [jointLog] [warning] couldn't find transcript named [DQ459420] in transcript <-> gene map; returning transcript as it's own gene
[2021-04-27 20:28:10.329] [jointLog] [warning] couldn't find transcript named [DQ883651] in transcript <-> gene map; returning transcript as it's own gene
[2021-04-27 20:28:10.329] [jointLog] [warning] couldn't find transcript named [DQ855004] in transcript <-> gene map; returning transcript as it's own gene
[2021-04-27 20:28:10.329] [jointLog] [warning] couldn't find transcript named [DQ854993] in transcript <-> gene map; returning transcript as it's own gene
[2021-04-27 20:28:10.329] [jointLog] [warning] couldn't find transcript named [DQ883689] in transcript <-> gene map; returning transcript as it's own gene
[2021-04-27 20:28:10.329] [jointLog] [warning] couldn't find transcript named [DQ459419] in transcript <-> gene map; returning transcript as it's own gene
[2021-04-27 20:28:10.329] [jointLog] [warning] couldn't find transcript named [DQ459431] in transcript <-> gene map; returning transcript as it's own gene
[2021-04-27 20:28:10.329] [jointLog] [warning] couldn't find transcript named [DQ516796] in transcript <-> gene map; returning transcript as it's own gene
[2021-04-27 20:28:10.329] [jointLog] [warning] couldn't find transcript named [DQ855001] in transcript <-> gene map; returning transcript as it's own gene
[2021-04-27 20:28:10.329] [jointLog] [warning] couldn't find transcript named [DQ459413] in transcript <-> gene map; returning transcript as it's own gene
[2021-04-27 20:28:10.329] [jointLog] [warning] couldn't find transcript named [DQ883656] in transcript <-> gene map; returning transcript as it's own gene
[2021-04-27 20:28:10.329] [jointLog] [warning] couldn't find transcript named [DQ883661] in transcript <-> gene map; returning transcript as it's own gene
[2021-04-27 20:28:10.329] [jointLog] [warning] couldn't find transcript named [EF011069] in transcript <-> gene map; returning transcript as it's own gene
[2021-04-27 20:28:10.329] [jointLog] [warning] couldn't find transcript named [DQ516783] in transcript <-> gene map; returning transcript as it's own gene
[2021-04-27 20:28:10.329] [jointLog] [warning] couldn't find transcript named [DQ516787] in transcript <-> gene map; returning transcript as it's own gene
[2021-04-27 20:28:10.329] [jointLog] [warning] couldn't find transcript named [DQ459424] in transcript <-> gene map; returning transcript as it's own gene
[2021-04-27 20:28:10.329] [jointLog] [warning] couldn't find transcript named [DQ516748] in transcript <-> gene map; returning transcript as it's own gene
[2021-04-27 20:28:10.329] [jointLog] [warning] couldn't find transcript named [DQ883671] in transcript <-> gene map; returning transcript as it's own gene
[2021-04-27 20:28:10.329] [jointLog] [warning] couldn't find transcript named [DQ516740] in transcript <-> gene map; returning transcript as it's own gene
[2021-04-27 20:28:10.329] [jointLog] [warning] couldn't find transcript named [DQ516785] in transcript <-> gene map; returning transcript as it's own gene
[2021-04-27 20:28:10.329] [jointLog] [warning] couldn't find transcript named [DQ516731] in transcript <-> gene map; returning transcript as it's own gene
[2021-04-27 20:28:10.329] [jointLog] [warning] couldn't find transcript named [DQ668366] in transcript <-> gene map; returning transcript as it's own gene
[2021-04-27 20:28:10.329] [jointLog] [warning] couldn't find transcript named [DQ459418] in transcript <-> gene map; returning transcript as it's own gene
[2021-04-27 20:28:10.329] [jointLog] [warning] couldn't find transcript named [DQ668356] in transcript <-> gene map; returning transcript as it's own gene
[2021-04-27 20:28:10.329] [jointLog] [warning] couldn't find transcript named [DQ516763] in transcript <-> gene map; returning transcript as it's own gene
[2021-04-27 20:28:10.329] [jointLog] [warning] couldn't find transcript named [DQ459426] in transcript <-> gene map; returning transcript as it's own gene
[2021-04-27 20:28:10.329] [jointLog] [warning] couldn't find transcript named [DQ516786] in transcript <-> gene map; returning transcript as it's own gene
[2021-04-27 20:28:10.329] [jointLog] [warning] couldn't find transcript named [DQ883653] in transcript <-> gene map; returning transcript as it's own gene
[2021-04-27 20:28:10.329] [jointLog] [warning] couldn't find transcript named [DQ459421] in transcript <-> gene map; returning transcript as it's own gene
[2021-04-27 20:28:10.329] [jointLog] [warning] couldn't find transcript named [DQ883654] in transcript <-> gene map; returning transcript as it's own gene
[2021-04-27 20:28:10.329] [jointLog] [warning] couldn't find transcript named [DQ668358] in transcript <-> gene map; returning transcript as it's own gene
[2021-04-27 20:28:10.329] [jointLog] [warning] couldn't find transcript named [DQ516754] in transcript <-> gene map; returning transcript as it's own gene
[2021-04-27 20:28:10.329] [jointLog] [warning] couldn't find transcript named [DQ516778] in transcript <-> gene map; returning transcript as it's own gene
[2021-04-27 20:28:10.329] [jointLog] [warning] couldn't find transcript named [DQ883650] in transcript <-> gene map; returning transcript as it's own gene
[2021-04-27 20:28:10.329] [jointLog] [warning] couldn't find transcript named [DQ516742] in transcript <-> gene map; returning transcript as it's own gene
[2021-04-27 20:28:10.329] [jointLog] [warning] couldn't find transcript named [DQ883673] in transcript <-> gene map; returning transcript as it's own gene
[2021-04-27 20:28:10.329] [jointLog] [warning] couldn't find transcript named [DQ883652] in transcript <-> gene map; returning transcript as it's own gene
[2021-04-27 20:28:10.329] [jointLog] [warning] couldn't find transcript named [DQ854991] in transcript <-> gene map; returning transcript as it's own gene
[2021-04-27 20:28:10.329] [jointLog] [warning] couldn't find transcript named [DQ516780] in transcript <-> gene map; returning transcript as it's own gene
[2021-04-27 20:28:10.329] [jointLog] [warning] couldn't find transcript named [DQ883682] in transcript <-> gene map; returning transcript as it's own gene
[2021-04-27 20:28:10.329] [jointLog] [warning] couldn't find transcript named [DQ883669] in transcript <-> gene map; returning transcript as it's own gene
[2021-04-27 20:28:10.329] [jointLog] [warning] couldn't find transcript named [DQ516791] in transcript <-> gene map; returning transcript as it's own gene
[2021-04-27 20:28:10.329] [jointLog] [warning] couldn't find transcript named [DQ459425] in transcript <-> gene map; returning transcript as it's own gene
[2021-04-27 20:28:10.329] [jointLog] [warning] couldn't find transcript named [DQ516759] in transcript <-> gene map; returning transcript as it's own gene
[2021-04-27 20:28:10.329] [jointLog] [warning] couldn't find transcript named [DQ459429] in transcript <-> gene map; returning transcript as it's own gene
[2021-04-27 20:28:10.329] [jointLog] [warning] couldn't find transcript named [DQ516758] in transcript <-> gene map; returning transcript as it's own gene
[2021-04-27 20:28:10.329] [jointLog] [warning] couldn't find transcript named [DQ459415] in transcript <-> gene map; returning transcript as it's own gene
[2021-04-27 20:28:10.329] [jointLog] [warning] couldn't find transcript named [DQ875387] in transcript <-> gene map; returning transcript as it's own gene
[2021-04-27 20:28:10.329] [jointLog] [warning] couldn't find transcript named [DQ516815] in transcript <-> gene map; returning transcript as it's own gene
[2021-04-27 20:28:10.329] [jointLog] [warning] couldn't find transcript named [DQ668365] in transcript <-> gene map; returning transcript as it's own gene
[2021-04-27 20:28:10.329] [jointLog] [warning] couldn't find transcript named [DQ854998] in transcript <-> gene map; returning transcript as it's own gene
[2021-04-27 20:28:10.329] [jointLog] [warning] couldn't find transcript named [DQ883685] in transcript <-> gene map; returning transcript as it's own gene
[2021-04-27 20:28:10.329] [jointLog] [warning] couldn't find transcript named [DQ459422] in transcript <-> gene map; returning transcript as it's own gene
[2021-04-27 20:28:10.329] [jointLog] [warning] couldn't find transcript named [DQ883663] in transcript <-> gene map; returning transcript as it's own gene
[2021-04-27 20:28:10.329] [jointLog] [warning] couldn't find transcript named [DQ668367] in transcript <-> gene map; returning transcript as it's own gene
[2021-04-27 20:28:10.329] [jointLog] [warning] couldn't find transcript named [DQ459412] in transcript <-> gene map; returning transcript as it's own gene
[2021-04-27 20:28:10.329] [jointLog] [warning] couldn't find transcript named [DQ854992] in transcript <-> gene map; returning transcript as it's own gene
[2021-04-27 20:28:10.329] [jointLog] [warning] couldn't find transcript named [DQ516782] in transcript <-> gene map; returning transcript as it's own gene
[2021-04-27 20:28:10.329] [jointLog] [warning] couldn't find transcript named [DQ459427] in transcript <-> gene map; returning transcript as it's own gene
[2021-04-27 20:28:10.329] [jointLog] [warning] couldn't find transcript named [EF011072] in transcript <-> gene map; returning transcript as it's own gene
[2021-04-27 20:28:10.329] [jointLog] [warning] couldn't find transcript named [DQ855003] in transcript <-> gene map; returning transcript as it's own gene
[2021-04-27 20:28:10.329] [jointLog] [warning] couldn't find transcript named [DQ516739] in transcript <-> gene map; returning transcript as it's own gene
[2021-04-27 20:28:10.329] [jointLog] [warning] couldn't find transcript named [EF011063] in transcript <-> gene map; returning transcript as it's own gene
[2021-04-27 20:28:10.329] [jointLog] [warning] couldn't find transcript named [DQ855000] in transcript <-> gene map; returning transcript as it's own gene
[2021-04-27 20:28:10.329] [jointLog] [warning] couldn't find transcript named [DQ516777] in transcript <-> gene map; returning transcript as it's own gene
[2021-04-27 20:28:10.329] [jointLog] [warning] couldn't find transcript named [DQ883646] in transcript <-> gene map; returning transcript as it's own gene
[2021-04-27 20:28:10.329] [jointLog] [warning] couldn't find transcript named [DQ668362] in transcript <-> gene map; returning transcript as it's own gene
[2021-04-27 20:28:10.329] [jointLog] [warning] couldn't find transcript named [DQ854995] in transcript <-> gene map; returning transcript as it's own gene
[2021-04-27 20:28:10.329] [jointLog] [warning] couldn't find transcript named [DQ875386] in transcript <-> gene map; returning transcript as it's own gene
[2021-04-27 20:28:10.329] [jointLog] [warning] couldn't find transcript named [DQ516790] in transcript <-> gene map; returning transcript as it's own gene
[2021-04-27 20:28:10.329] [jointLog] [warning] couldn't find transcript named [DQ883642] in transcript <-> gene map; returning transcript as it's own gene
[2021-04-27 20:28:10.329] [jointLog] [warning] couldn't find transcript named [DQ883659] in transcript <-> gene map; returning transcript as it's own gene
[2021-04-27 20:28:10.329] [jointLog] [warning] couldn't find transcript named [DQ854997] in transcript <-> gene map; returning transcript as it's own gene
[2021-04-27 20:28:10.329] [jointLog] [warning] couldn't find transcript named [DQ883643] in transcript <-> gene map; returning transcript as it's own gene
[2021-04-27 20:28:10.329] [jointLog] [warning] couldn't find transcript named [DQ839618] in transcript <-> gene map; returning transcript as it's own gene
[2021-04-27 20:28:10.329] [jointLog] [warning] couldn't find transcript named [DQ516795] in transcript <-> gene map; returning transcript as it's own gene
[2021-04-27 20:28:10.329] [jointLog] [warning] couldn't find transcript named [DQ883658] in transcript <-> gene map; returning transcript as it's own gene
[2021-04-27 20:28:10.329] [jointLog] [warning] couldn't find transcript named [DQ516750] in transcript <-> gene map; returning transcript as it's own gene
[2021-04-27 20:28:10.329] [jointLog] [warning] couldn't find transcript named [DQ668359] in transcript <-> gene map; returning transcript as it's own gene
[2021-04-27 20:28:10.329] [jointLog] [warning] couldn't find transcript named [DQ516779] in transcript <-> gene map; returning transcript as it's own gene
[2021-04-27 20:28:10.329] [jointLog] [warning] couldn't find transcript named [DQ668363] in transcript <-> gene map; returning transcript as it's own gene
[2021-04-27 20:28:10.329] [jointLog] [warning] couldn't find transcript named [DQ516776] in transcript <-> gene map; returning transcript as it's own gene
[2021-04-27 20:28:10.329] [jointLog] [warning] couldn't find transcript named [DQ516773] in transcript <-> gene map; returning transcript as it's own gene
[2021-04-27 20:28:10.329] [jointLog] [warning] couldn't find transcript named [DQ854994] in transcript <-> gene map; returning transcript as it's own gene
[2021-04-27 20:28:10.330] [jointLog] [info] Aggregating expressions to gene level
[2021-04-27 20:28:10.514] [jointLog] [info] done
