[2021-04-27 20:53:42.330] [jointLog] [info] setting maxHashResizeThreads to 6
[2021-04-27 20:53:42.330] [jointLog] [info] Fragment incompatibility prior below threshold.  Incompatible fragments will be ignored.
[2021-04-27 20:53:42.331] [jointLog] [info] numQuantThreads = 3
[2021-04-27 20:53:46.978] [fileLog] [info] quantification processed 0 fragments so far

[2021-04-27 20:53:46.714] [jointLog] [info] replaced 4 non-ACGT nucleotides with random nucleotides
[2021-04-27 20:53:50.132] [fileLog] [info] quantification processed 1000000 fragments so far

[2021-04-27 20:53:53.125] [fileLog] [info] quantification processed 2000000 fragments so far

[2021-04-27 20:53:54.737] [jointLog] [info] 

The alignment group queue pool has been exhausted.  3004322 extra fragments were allocated on the heap to saturate the pool.  No new fragments will be allocated


[2021-04-27 20:54:01.450] [fileLog] [info] quantification processed 3000000 fragments so far

[2021-04-27 20:54:15.566] [fileLog] [info] quantification processed 4000000 fragments so far

[2021-04-27 20:54:29.782] [fileLog] [info] quantification processed 5000000 fragments so far

[2021-04-27 20:54:43.872] [fileLog] [info] quantification processed 6000000 fragments so far

[2021-04-27 20:54:57.948] [fileLog] [info] quantification processed 7000000 fragments so far

[2021-04-27 20:55:01.062] [fileLog] [info] quantification processed 8000000 fragments so far

[2021-04-27 20:55:04.106] [fileLog] [info] quantification processed 9000000 fragments so far

[2021-04-27 20:55:07.086] [fileLog] [info] quantification processed 10000000 fragments so far

[2021-04-27 20:55:10.014] [fileLog] [info] quantification processed 11000000 fragments so far

[2021-04-27 20:55:12.927] [fileLog] [info] quantification processed 12000000 fragments so far

[2021-04-27 20:55:15.874] [fileLog] [info] quantification processed 13000000 fragments so far

[2021-04-27 20:55:18.846] [fileLog] [info] quantification processed 14000000 fragments so far

[2021-04-27 20:55:21.842] [fileLog] [info] quantification processed 15000000 fragments so far

[2021-04-27 20:55:24.850] [fileLog] [info] quantification processed 16000000 fragments so far

[2021-04-27 20:55:27.837] [fileLog] [info] quantification processed 17000000 fragments so far

[2021-04-27 20:55:30.786] [fileLog] [info] quantification processed 18000000 fragments so far

[2021-04-27 20:55:33.718] [fileLog] [info] quantification processed 19000000 fragments so far

[2021-04-27 20:55:36.656] [fileLog] [info] quantification processed 20000000 fragments so far

[2021-04-27 20:55:39.647] [fileLog] [info] quantification processed 21000000 fragments so far

[2021-04-27 20:55:42.688] [fileLog] [info] quantification processed 22000000 fragments so far

[2021-04-27 20:55:45.668] [fileLog] [info] quantification processed 23000000 fragments so far

[2021-04-27 20:55:48.662] [fileLog] [info] quantification processed 24000000 fragments so far

[2021-04-27 20:55:51.665] [fileLog] [info] quantification processed 25000000 fragments so far

[2021-04-27 20:55:54.655] [fileLog] [info] quantification processed 26000000 fragments so far

[2021-04-27 20:55:57.642] [fileLog] [info] quantification processed 27000000 fragments so far

[2021-04-27 20:56:00.585] [fileLog] [info] quantification processed 28000000 fragments so far

[2021-04-27 20:56:03.597] [fileLog] [info] quantification processed 29000000 fragments so far

[2021-04-27 20:56:06.601] [fileLog] [info] quantification processed 30000000 fragments so far

[2021-04-27 20:56:09.603] [fileLog] [info] quantification processed 31000000 fragments so far

[2021-04-27 20:56:12.585] [fileLog] [info] quantification processed 32000000 fragments so far

[2021-04-27 20:56:15.589] [fileLog] [info] quantification processed 33000000 fragments so far

[2021-04-27 20:56:18.565] [fileLog] [info] quantification processed 34000000 fragments so far

[2021-04-27 20:56:21.587] [fileLog] [info] quantification processed 35000000 fragments so far

[2021-04-27 20:56:24.571] [fileLog] [info] quantification processed 36000000 fragments so far

[2021-04-27 20:56:27.600] [fileLog] [info] quantification processed 37000000 fragments so far

[2021-04-27 20:56:30.641] [fileLog] [info] quantification processed 38000000 fragments so far

[2021-04-27 20:56:33.692] [fileLog] [info] quantification processed 39000000 fragments so far

[2021-04-27 20:56:36.658] [fileLog] [info] quantification processed 40000000 fragments so far

[2021-04-27 20:56:39.681] [fileLog] [info] quantification processed 41000000 fragments so far

[2021-04-27 20:56:42.661] [fileLog] [info] quantification processed 42000000 fragments so far

[2021-04-27 20:56:45.614] [fileLog] [info] quantification processed 43000000 fragments so far

[2021-04-27 20:56:48.589] [fileLog] [info] quantification processed 44000000 fragments so far

[2021-04-27 20:56:50.550] [fileLog] [info] quantification processed 44663260 fragments so far

[2021-04-27 20:56:56.313] [jointLog] [info] Thread saw mini-batch with a maximum of 3.30% zero probability fragments
[2021-04-27 20:56:56.314] [jointLog] [info] Thread saw mini-batch with a maximum of 3.20% zero probability fragments
[2021-04-27 20:56:56.317] [jointLog] [info] Thread saw mini-batch with a maximum of 4.30% zero probability fragments
[2021-04-27 20:56:56.317] [jointLog] [info] 


Completed first pass through the alignment file.
Total # of mapped reads : 44663260
# of uniquely mapped reads : 17861793
# ambiguously mapped reads : 26801467



[2021-04-27 20:56:56.453] [jointLog] [info] Computed 234381 rich equivalence classes for further processing
[2021-04-27 20:56:56.453] [jointLog] [info] Counted 44523297 total reads in the equivalence classes 
[2021-04-27 20:56:56.455] [jointLog] [info] starting optimizer
[2021-04-27 20:56:56.552] [jointLog] [info] Marked 0 weighted equivalence classes as degenerate
[2021-04-27 20:56:56.570] [jointLog] [info] iteration = 0 | max rel diff. = 3355.44
[2021-04-27 20:56:58.038] [jointLog] [info] iteration = 100 | max rel diff. = 14.4528
[2021-04-27 20:56:59.498] [jointLog] [info] iteration = 200 | max rel diff. = 18.8517
[2021-04-27 20:57:00.980] [jointLog] [info] iteration = 300 | max rel diff. = 4.404
[2021-04-27 20:57:02.442] [jointLog] [info] iteration = 400 | max rel diff. = 0.710501
[2021-04-27 20:57:03.907] [jointLog] [info] iteration = 500 | max rel diff. = 0.873809
[2021-04-27 20:57:05.382] [jointLog] [info] iteration = 600 | max rel diff. = 0.362584
[2021-04-27 20:57:06.831] [jointLog] [info] iteration = 700 | max rel diff. = 3.06691
[2021-04-27 20:57:08.293] [jointLog] [info] iteration = 800 | max rel diff. = 0.984673
[2021-04-27 20:57:09.754] [jointLog] [info] iteration = 900 | max rel diff. = 0.188283
[2021-04-27 20:57:11.246] [jointLog] [info] iteration = 1000 | max rel diff. = 0.190186
[2021-04-27 20:57:12.717] [jointLog] [info] iteration = 1100 | max rel diff. = 1.29746
[2021-04-27 20:57:14.194] [jointLog] [info] iteration = 1200 | max rel diff. = 10.848
[2021-04-27 20:57:15.657] [jointLog] [info] iteration = 1300 | max rel diff. = 0.0163217
[2021-04-27 20:57:17.119] [jointLog] [info] iteration = 1400 | max rel diff. = 0.0353148
[2021-04-27 20:57:18.599] [jointLog] [info] iteration = 1500 | max rel diff. = 0.277668
[2021-04-27 20:57:20.055] [jointLog] [info] iteration = 1600 | max rel diff. = 0.280803
[2021-04-27 20:57:21.546] [jointLog] [info] iteration = 1700 | max rel diff. = 0.035784
[2021-04-27 20:57:23.009] [jointLog] [info] iteration = 1800 | max rel diff. = 0.0521509
[2021-04-27 20:57:24.466] [jointLog] [info] iteration = 1900 | max rel diff. = 0.0555118
[2021-04-27 20:57:25.923] [jointLog] [info] iteration = 2000 | max rel diff. = 0.252005
[2021-04-27 20:57:26.449] [jointLog] [info] iteration = 2037 | max rel diff. = 0.0079704
[2021-04-27 20:57:26.478] [jointLog] [info] finished optimizer
[2021-04-27 20:57:26.478] [jointLog] [info] writing output
[2021-04-27 20:57:28.308] [jointLog] [info] Computing gene-level abundance estimates
[2021-04-27 20:57:57.007] [jointLog] [warning] Feature has no GFF ID
[2021-04-27 20:57:57.007] [jointLog] [warning] Feature has no GFF ID
[2021-04-27 20:57:57.007] [jointLog] [warning] Feature has no GFF ID
[2021-04-27 20:57:57.007] [jointLog] [warning] Feature has no GFF ID
[2021-04-27 20:57:57.007] [jointLog] [warning] Feature has no GFF ID
[2021-04-27 20:57:57.007] [jointLog] [warning] Feature has no GFF ID
[2021-04-27 20:57:57.007] [jointLog] [warning] Feature has no GFF ID
[2021-04-27 20:57:57.007] [jointLog] [warning] Feature has no GFF ID
[2021-04-27 20:57:57.007] [jointLog] [warning] Feature has no GFF ID
[2021-04-27 20:57:57.007] [jointLog] [warning] Feature has no GFF ID
[2021-04-27 20:57:57.007] [jointLog] [warning] Feature has no GFF ID
[2021-04-27 20:57:57.007] [jointLog] [warning] Feature has no GFF ID
[2021-04-27 20:57:57.007] [jointLog] [warning] Feature has no GFF ID
[2021-04-27 20:57:57.007] [jointLog] [warning] Feature has no GFF ID
[2021-04-27 20:57:57.007] [jointLog] [warning] Feature has no GFF ID
[2021-04-27 20:57:57.007] [jointLog] [warning] Feature has no GFF ID
[2021-04-27 20:57:57.007] [jointLog] [warning] Feature has no GFF ID
[2021-04-27 20:57:57.007] [jointLog] [warning] Feature has no GFF ID
[2021-04-27 20:57:57.007] [jointLog] [warning] Feature has no GFF ID
[2021-04-27 20:57:57.007] [jointLog] [warning] Feature has no GFF ID
[2021-04-27 20:57:57.007] [jointLog] [warning] Feature has no GFF ID
[2021-04-27 20:57:57.007] [jointLog] [warning] Feature has no GFF ID
[2021-04-27 20:57:57.007] [jointLog] [warning] Feature has no GFF ID
[2021-04-27 20:57:57.007] [jointLog] [warning] Feature has no GFF ID
[2021-04-27 20:57:57.007] [jointLog] [warning] Feature has no GFF ID
[2021-04-27 20:57:57.007] [jointLog] [warning] Feature has no GFF ID
[2021-04-27 20:57:57.007] [jointLog] [warning] Feature has no GFF ID
[2021-04-27 20:57:57.007] [jointLog] [warning] Feature has no GFF ID
[2021-04-27 20:57:57.007] [jointLog] [warning] Feature has no GFF ID
[2021-04-27 20:57:57.007] [jointLog] [warning] Feature has no GFF ID
[2021-04-27 20:57:57.007] [jointLog] [warning] Feature has no GFF ID
[2021-04-27 20:57:57.007] [jointLog] [warning] Feature has no GFF ID
[2021-04-27 20:57:57.007] [jointLog] [warning] Feature has no GFF ID
[2021-04-27 20:57:57.007] [jointLog] [warning] Feature has no GFF ID
[2021-04-27 20:57:57.007] [jointLog] [warning] Feature has no GFF ID
[2021-04-27 20:57:57.007] [jointLog] [warning] Feature has no GFF ID
[2021-04-27 20:57:57.007] [jointLog] [warning] Feature has no GFF ID
[2021-04-27 20:57:57.007] [jointLog] [warning] Feature has no GFF ID
[2021-04-27 20:57:57.007] [jointLog] [warning] Feature has no GFF ID
[2021-04-27 20:57:57.007] [jointLog] [warning] Feature has no GFF ID
[2021-04-27 20:57:57.007] [jointLog] [warning] Feature has no GFF ID
[2021-04-27 20:57:57.007] [jointLog] [warning] Feature has no GFF ID
[2021-04-27 20:57:57.007] [jointLog] [warning] Feature has no GFF ID
[2021-04-27 20:57:57.007] [jointLog] [warning] Feature has no GFF ID
[2021-04-27 20:57:57.007] [jointLog] [warning] Feature has no GFF ID
[2021-04-27 20:57:57.007] [jointLog] [warning] Feature has no GFF ID
[2021-04-27 20:57:57.007] [jointLog] [warning] Feature has no GFF ID
[2021-04-27 20:57:57.007] [jointLog] [warning] Feature has no GFF ID
[2021-04-27 20:57:57.007] [jointLog] [warning] Feature has no GFF ID
[2021-04-27 20:57:57.007] [jointLog] [warning] Feature has no GFF ID
[2021-04-27 20:57:57.007] [jointLog] [warning] Feature has no GFF ID
[2021-04-27 20:57:57.007] [jointLog] [warning] Feature has no GFF ID
[2021-04-27 20:57:57.007] [jointLog] [warning] Feature has no GFF ID
[2021-04-27 20:57:57.007] [jointLog] [warning] Feature has no GFF ID
[2021-04-27 20:57:57.007] [jointLog] [warning] Feature has no GFF ID
[2021-04-27 20:57:57.007] [jointLog] [warning] Feature has no GFF ID
[2021-04-27 20:57:57.007] [jointLog] [warning] Feature has no GFF ID
[2021-04-27 20:57:57.007] [jointLog] [warning] Feature has no GFF ID
[2021-04-27 20:57:57.007] [jointLog] [warning] Feature has no GFF ID
[2021-04-27 20:57:57.007] [jointLog] [warning] Feature has no GFF ID
[2021-04-27 20:57:57.007] [jointLog] [warning] Feature has no GFF ID
[2021-04-27 20:57:57.007] [jointLog] [warning] Feature has no GFF ID
[2021-04-27 20:57:57.007] [jointLog] [warning] Feature has no GFF ID
[2021-04-27 20:57:57.007] [jointLog] [warning] Feature has no GFF ID
[2021-04-27 20:57:57.007] [jointLog] [warning] Feature has no GFF ID
[2021-04-27 20:57:57.007] [jointLog] [warning] Feature has no GFF ID
[2021-04-27 20:57:57.007] [jointLog] [warning] Feature has no GFF ID
[2021-04-27 20:57:57.007] [jointLog] [warning] Feature has no GFF ID
[2021-04-27 20:57:57.007] [jointLog] [warning] Feature has no GFF ID
[2021-04-27 20:57:57.007] [jointLog] [warning] Feature has no GFF ID
[2021-04-27 20:57:57.007] [jointLog] [warning] Feature has no GFF ID
[2021-04-27 20:57:57.007] [jointLog] [warning] Feature has no GFF ID
[2021-04-27 20:57:57.007] [jointLog] [warning] Feature has no GFF ID
[2021-04-27 20:57:57.007] [jointLog] [warning] Feature has no GFF ID
[2021-04-27 20:57:57.007] [jointLog] [warning] Feature has no GFF ID
[2021-04-27 20:57:57.007] [jointLog] [warning] Feature has no GFF ID
[2021-04-27 20:57:57.007] [jointLog] [warning] Feature has no GFF ID
[2021-04-27 20:57:57.007] [jointLog] [warning] Feature has no GFF ID
[2021-04-27 20:57:57.007] [jointLog] [warning] Feature has no GFF ID
[2021-04-27 20:57:57.007] [jointLog] [warning] Feature has no GFF ID
[2021-04-27 20:57:57.007] [jointLog] [warning] Feature has no GFF ID
[2021-04-27 20:57:57.007] [jointLog] [warning] Feature has no GFF ID
[2021-04-27 20:57:57.007] [jointLog] [warning] Feature has no GFF ID
[2021-04-27 20:57:57.007] [jointLog] [warning] Feature has no GFF ID
[2021-04-27 20:57:57.007] [jointLog] [warning] Feature has no GFF ID
[2021-04-27 20:57:57.007] [jointLog] [warning] Feature has no GFF ID
[2021-04-27 20:57:57.007] [jointLog] [warning] Feature has no GFF ID
[2021-04-27 20:57:57.007] [jointLog] [warning] Feature has no GFF ID
[2021-04-27 20:57:57.007] [jointLog] [warning] Feature has no GFF ID
[2021-04-27 20:57:57.007] [jointLog] [warning] Feature has no GFF ID
[2021-04-27 20:57:57.007] [jointLog] [warning] Feature has no GFF ID
[2021-04-27 20:57:57.007] [jointLog] [warning] Feature has no GFF ID
[2021-04-27 20:57:57.309] [jointLog] [info] There were 142604 transcripts mapping to 55401 genes
[2021-04-27 20:57:57.310] [jointLog] [info] NOTE: We recommend using tximport (https://bioconductor.org/packages/release/bioc/html/tximport.html) for aggregating transcript-level salmon abundance estimates to the gene level.  It is more versatile, exposes more features, and allows considering multi-sample information during aggregation.
[2021-04-27 20:57:57.578] [jointLog] [warning] couldn't find transcript named [DQ459430] in transcript <-> gene map; returning transcript as it's own gene
[2021-04-27 20:57:57.578] [jointLog] [warning] couldn't find transcript named [DQ516784] in transcript <-> gene map; returning transcript as it's own gene
[2021-04-27 20:57:57.578] [jointLog] [warning] couldn't find transcript named [DQ516752] in transcript <-> gene map; returning transcript as it's own gene
[2021-04-27 20:57:57.578] [jointLog] [warning] couldn't find transcript named [DQ668364] in transcript <-> gene map; returning transcript as it's own gene
[2021-04-27 20:57:57.578] [jointLog] [warning] couldn't find transcript named [DQ883670] in transcript <-> gene map; returning transcript as it's own gene
[2021-04-27 20:57:57.578] [jointLog] [warning] couldn't find transcript named [EF011062] in transcript <-> gene map; returning transcript as it's own gene
[2021-04-27 20:57:57.578] [jointLog] [warning] couldn't find transcript named [DQ875385] in transcript <-> gene map; returning transcript as it's own gene
[2021-04-27 20:57:57.578] [jointLog] [warning] couldn't find transcript named [DQ883664] in transcript <-> gene map; returning transcript as it's own gene
[2021-04-27 20:57:57.578] [jointLog] [warning] couldn't find transcript named [DQ459420] in transcript <-> gene map; returning transcript as it's own gene
[2021-04-27 20:57:57.578] [jointLog] [warning] couldn't find transcript named [DQ883651] in transcript <-> gene map; returning transcript as it's own gene
[2021-04-27 20:57:57.578] [jointLog] [warning] couldn't find transcript named [DQ855004] in transcript <-> gene map; returning transcript as it's own gene
[2021-04-27 20:57:57.578] [jointLog] [warning] couldn't find transcript named [DQ854993] in transcript <-> gene map; returning transcript as it's own gene
[2021-04-27 20:57:57.578] [jointLog] [warning] couldn't find transcript named [DQ883689] in transcript <-> gene map; returning transcript as it's own gene
[2021-04-27 20:57:57.578] [jointLog] [warning] couldn't find transcript named [DQ459419] in transcript <-> gene map; returning transcript as it's own gene
[2021-04-27 20:57:57.578] [jointLog] [warning] couldn't find transcript named [DQ459431] in transcript <-> gene map; returning transcript as it's own gene
[2021-04-27 20:57:57.578] [jointLog] [warning] couldn't find transcript named [DQ516796] in transcript <-> gene map; returning transcript as it's own gene
[2021-04-27 20:57:57.578] [jointLog] [warning] couldn't find transcript named [DQ855001] in transcript <-> gene map; returning transcript as it's own gene
[2021-04-27 20:57:57.578] [jointLog] [warning] couldn't find transcript named [DQ459413] in transcript <-> gene map; returning transcript as it's own gene
[2021-04-27 20:57:57.578] [jointLog] [warning] couldn't find transcript named [DQ883656] in transcript <-> gene map; returning transcript as it's own gene
[2021-04-27 20:57:57.578] [jointLog] [warning] couldn't find transcript named [DQ883661] in transcript <-> gene map; returning transcript as it's own gene
[2021-04-27 20:57:57.578] [jointLog] [warning] couldn't find transcript named [EF011069] in transcript <-> gene map; returning transcript as it's own gene
[2021-04-27 20:57:57.578] [jointLog] [warning] couldn't find transcript named [DQ516783] in transcript <-> gene map; returning transcript as it's own gene
[2021-04-27 20:57:57.578] [jointLog] [warning] couldn't find transcript named [DQ516787] in transcript <-> gene map; returning transcript as it's own gene
[2021-04-27 20:57:57.578] [jointLog] [warning] couldn't find transcript named [DQ459424] in transcript <-> gene map; returning transcript as it's own gene
[2021-04-27 20:57:57.578] [jointLog] [warning] couldn't find transcript named [DQ516748] in transcript <-> gene map; returning transcript as it's own gene
[2021-04-27 20:57:57.578] [jointLog] [warning] couldn't find transcript named [DQ883671] in transcript <-> gene map; returning transcript as it's own gene
[2021-04-27 20:57:57.578] [jointLog] [warning] couldn't find transcript named [DQ516740] in transcript <-> gene map; returning transcript as it's own gene
[2021-04-27 20:57:57.578] [jointLog] [warning] couldn't find transcript named [DQ516785] in transcript <-> gene map; returning transcript as it's own gene
[2021-04-27 20:57:57.578] [jointLog] [warning] couldn't find transcript named [DQ516731] in transcript <-> gene map; returning transcript as it's own gene
[2021-04-27 20:57:57.578] [jointLog] [warning] couldn't find transcript named [DQ668366] in transcript <-> gene map; returning transcript as it's own gene
[2021-04-27 20:57:57.578] [jointLog] [warning] couldn't find transcript named [DQ459418] in transcript <-> gene map; returning transcript as it's own gene
[2021-04-27 20:57:57.578] [jointLog] [warning] couldn't find transcript named [DQ668356] in transcript <-> gene map; returning transcript as it's own gene
[2021-04-27 20:57:57.578] [jointLog] [warning] couldn't find transcript named [DQ516763] in transcript <-> gene map; returning transcript as it's own gene
[2021-04-27 20:57:57.578] [jointLog] [warning] couldn't find transcript named [DQ459426] in transcript <-> gene map; returning transcript as it's own gene
[2021-04-27 20:57:57.578] [jointLog] [warning] couldn't find transcript named [DQ516786] in transcript <-> gene map; returning transcript as it's own gene
[2021-04-27 20:57:57.578] [jointLog] [warning] couldn't find transcript named [DQ883653] in transcript <-> gene map; returning transcript as it's own gene
[2021-04-27 20:57:57.578] [jointLog] [warning] couldn't find transcript named [DQ459421] in transcript <-> gene map; returning transcript as it's own gene
[2021-04-27 20:57:57.578] [jointLog] [warning] couldn't find transcript named [DQ883654] in transcript <-> gene map; returning transcript as it's own gene
[2021-04-27 20:57:57.578] [jointLog] [warning] couldn't find transcript named [DQ668358] in transcript <-> gene map; returning transcript as it's own gene
[2021-04-27 20:57:57.578] [jointLog] [warning] couldn't find transcript named [DQ516754] in transcript <-> gene map; returning transcript as it's own gene
[2021-04-27 20:57:57.578] [jointLog] [warning] couldn't find transcript named [DQ516778] in transcript <-> gene map; returning transcript as it's own gene
[2021-04-27 20:57:57.578] [jointLog] [warning] couldn't find transcript named [DQ883650] in transcript <-> gene map; returning transcript as it's own gene
[2021-04-27 20:57:57.578] [jointLog] [warning] couldn't find transcript named [DQ516742] in transcript <-> gene map; returning transcript as it's own gene
[2021-04-27 20:57:57.578] [jointLog] [warning] couldn't find transcript named [DQ883673] in transcript <-> gene map; returning transcript as it's own gene
[2021-04-27 20:57:57.578] [jointLog] [warning] couldn't find transcript named [DQ883652] in transcript <-> gene map; returning transcript as it's own gene
[2021-04-27 20:57:57.578] [jointLog] [warning] couldn't find transcript named [DQ854991] in transcript <-> gene map; returning transcript as it's own gene
[2021-04-27 20:57:57.578] [jointLog] [warning] couldn't find transcript named [DQ516780] in transcript <-> gene map; returning transcript as it's own gene
[2021-04-27 20:57:57.578] [jointLog] [warning] couldn't find transcript named [DQ883682] in transcript <-> gene map; returning transcript as it's own gene
[2021-04-27 20:57:57.578] [jointLog] [warning] couldn't find transcript named [DQ883669] in transcript <-> gene map; returning transcript as it's own gene
[2021-04-27 20:57:57.578] [jointLog] [warning] couldn't find transcript named [DQ516791] in transcript <-> gene map; returning transcript as it's own gene
[2021-04-27 20:57:57.578] [jointLog] [warning] couldn't find transcript named [DQ459425] in transcript <-> gene map; returning transcript as it's own gene
[2021-04-27 20:57:57.578] [jointLog] [warning] couldn't find transcript named [DQ516759] in transcript <-> gene map; returning transcript as it's own gene
[2021-04-27 20:57:57.578] [jointLog] [warning] couldn't find transcript named [DQ459429] in transcript <-> gene map; returning transcript as it's own gene
[2021-04-27 20:57:57.578] [jointLog] [warning] couldn't find transcript named [DQ516758] in transcript <-> gene map; returning transcript as it's own gene
[2021-04-27 20:57:57.578] [jointLog] [warning] couldn't find transcript named [DQ459415] in transcript <-> gene map; returning transcript as it's own gene
[2021-04-27 20:57:57.578] [jointLog] [warning] couldn't find transcript named [DQ875387] in transcript <-> gene map; returning transcript as it's own gene
[2021-04-27 20:57:57.578] [jointLog] [warning] couldn't find transcript named [DQ516815] in transcript <-> gene map; returning transcript as it's own gene
[2021-04-27 20:57:57.578] [jointLog] [warning] couldn't find transcript named [DQ668365] in transcript <-> gene map; returning transcript as it's own gene
[2021-04-27 20:57:57.578] [jointLog] [warning] couldn't find transcript named [DQ854998] in transcript <-> gene map; returning transcript as it's own gene
[2021-04-27 20:57:57.578] [jointLog] [warning] couldn't find transcript named [DQ883685] in transcript <-> gene map; returning transcript as it's own gene
[2021-04-27 20:57:57.578] [jointLog] [warning] couldn't find transcript named [DQ459422] in transcript <-> gene map; returning transcript as it's own gene
[2021-04-27 20:57:57.578] [jointLog] [warning] couldn't find transcript named [DQ883663] in transcript <-> gene map; returning transcript as it's own gene
[2021-04-27 20:57:57.578] [jointLog] [warning] couldn't find transcript named [DQ668367] in transcript <-> gene map; returning transcript as it's own gene
[2021-04-27 20:57:57.578] [jointLog] [warning] couldn't find transcript named [DQ459412] in transcript <-> gene map; returning transcript as it's own gene
[2021-04-27 20:57:57.578] [jointLog] [warning] couldn't find transcript named [DQ854992] in transcript <-> gene map; returning transcript as it's own gene
[2021-04-27 20:57:57.578] [jointLog] [warning] couldn't find transcript named [DQ516782] in transcript <-> gene map; returning transcript as it's own gene
[2021-04-27 20:57:57.578] [jointLog] [warning] couldn't find transcript named [DQ459427] in transcript <-> gene map; returning transcript as it's own gene
[2021-04-27 20:57:57.578] [jointLog] [warning] couldn't find transcript named [EF011072] in transcript <-> gene map; returning transcript as it's own gene
[2021-04-27 20:57:57.578] [jointLog] [warning] couldn't find transcript named [DQ855003] in transcript <-> gene map; returning transcript as it's own gene
[2021-04-27 20:57:57.578] [jointLog] [warning] couldn't find transcript named [DQ516739] in transcript <-> gene map; returning transcript as it's own gene
[2021-04-27 20:57:57.578] [jointLog] [warning] couldn't find transcript named [EF011063] in transcript <-> gene map; returning transcript as it's own gene
[2021-04-27 20:57:57.578] [jointLog] [warning] couldn't find transcript named [DQ855000] in transcript <-> gene map; returning transcript as it's own gene
[2021-04-27 20:57:57.578] [jointLog] [warning] couldn't find transcript named [DQ516777] in transcript <-> gene map; returning transcript as it's own gene
[2021-04-27 20:57:57.578] [jointLog] [warning] couldn't find transcript named [DQ883646] in transcript <-> gene map; returning transcript as it's own gene
[2021-04-27 20:57:57.578] [jointLog] [warning] couldn't find transcript named [DQ668362] in transcript <-> gene map; returning transcript as it's own gene
[2021-04-27 20:57:57.578] [jointLog] [warning] couldn't find transcript named [DQ854995] in transcript <-> gene map; returning transcript as it's own gene
[2021-04-27 20:57:57.578] [jointLog] [warning] couldn't find transcript named [DQ875386] in transcript <-> gene map; returning transcript as it's own gene
[2021-04-27 20:57:57.578] [jointLog] [warning] couldn't find transcript named [DQ516790] in transcript <-> gene map; returning transcript as it's own gene
[2021-04-27 20:57:57.578] [jointLog] [warning] couldn't find transcript named [DQ883642] in transcript <-> gene map; returning transcript as it's own gene
[2021-04-27 20:57:57.578] [jointLog] [warning] couldn't find transcript named [DQ883659] in transcript <-> gene map; returning transcript as it's own gene
[2021-04-27 20:57:57.578] [jointLog] [warning] couldn't find transcript named [DQ854997] in transcript <-> gene map; returning transcript as it's own gene
[2021-04-27 20:57:57.578] [jointLog] [warning] couldn't find transcript named [DQ883643] in transcript <-> gene map; returning transcript as it's own gene
[2021-04-27 20:57:57.578] [jointLog] [warning] couldn't find transcript named [DQ839618] in transcript <-> gene map; returning transcript as it's own gene
[2021-04-27 20:57:57.578] [jointLog] [warning] couldn't find transcript named [DQ516795] in transcript <-> gene map; returning transcript as it's own gene
[2021-04-27 20:57:57.578] [jointLog] [warning] couldn't find transcript named [DQ883658] in transcript <-> gene map; returning transcript as it's own gene
[2021-04-27 20:57:57.578] [jointLog] [warning] couldn't find transcript named [DQ516750] in transcript <-> gene map; returning transcript as it's own gene
[2021-04-27 20:57:57.578] [jointLog] [warning] couldn't find transcript named [DQ668359] in transcript <-> gene map; returning transcript as it's own gene
[2021-04-27 20:57:57.578] [jointLog] [warning] couldn't find transcript named [DQ516779] in transcript <-> gene map; returning transcript as it's own gene
[2021-04-27 20:57:57.579] [jointLog] [warning] couldn't find transcript named [DQ668363] in transcript <-> gene map; returning transcript as it's own gene
[2021-04-27 20:57:57.579] [jointLog] [warning] couldn't find transcript named [DQ516776] in transcript <-> gene map; returning transcript as it's own gene
[2021-04-27 20:57:57.579] [jointLog] [warning] couldn't find transcript named [DQ516773] in transcript <-> gene map; returning transcript as it's own gene
[2021-04-27 20:57:57.579] [jointLog] [warning] couldn't find transcript named [DQ854994] in transcript <-> gene map; returning transcript as it's own gene
[2021-04-27 20:57:57.579] [jointLog] [info] Aggregating expressions to gene level
[2021-04-27 20:57:57.735] [jointLog] [info] done
