[2021-05-20 19:13:52.406] [jointLog] [info] setting maxHashResizeThreads to 6
[2021-05-20 19:13:52.406] [jointLog] [info] Fragment incompatibility prior below threshold.  Incompatible fragments will be ignored.
[2021-05-20 19:13:52.413] [jointLog] [info] numQuantThreads = 3
[2021-05-20 19:13:56.532] [jointLog] [info] replaced 4 non-ACGT nucleotides with random nucleotides
[2021-05-20 19:13:56.844] [fileLog] [info] quantification processed 0 fragments so far

[2021-05-20 19:13:59.797] [fileLog] [info] quantification processed 1000000 fragments so far

[2021-05-20 19:14:03.008] [fileLog] [info] quantification processed 2000000 fragments so far

[2021-05-20 19:14:04.478] [jointLog] [info] 

The alignment group queue pool has been exhausted.  3016487 extra fragments were allocated on the heap to saturate the pool.  No new fragments will be allocated


[2021-05-20 19:14:13.572] [fileLog] [info] quantification processed 3000000 fragments so far

[2021-05-20 19:14:30.053] [fileLog] [info] quantification processed 4000000 fragments so far

[2021-05-20 19:14:46.556] [fileLog] [info] quantification processed 5000000 fragments so far

[2021-05-20 19:15:02.988] [fileLog] [info] quantification processed 6000000 fragments so far

[2021-05-20 19:15:19.378] [fileLog] [info] quantification processed 7000000 fragments so far

[2021-05-20 19:15:23.196] [fileLog] [info] quantification processed 8000000 fragments so far

[2021-05-20 19:15:26.883] [fileLog] [info] quantification processed 9000000 fragments so far

[2021-05-20 19:15:30.449] [fileLog] [info] quantification processed 10000000 fragments so far

[2021-05-20 19:15:34.077] [fileLog] [info] quantification processed 11000000 fragments so far

[2021-05-20 19:15:37.666] [fileLog] [info] quantification processed 12000000 fragments so far

[2021-05-20 19:15:41.258] [fileLog] [info] quantification processed 13000000 fragments so far

[2021-05-20 19:15:44.848] [fileLog] [info] quantification processed 14000000 fragments so far

[2021-05-20 19:15:48.468] [fileLog] [info] quantification processed 15000000 fragments so far

[2021-05-20 19:15:52.088] [fileLog] [info] quantification processed 16000000 fragments so far

[2021-05-20 19:15:55.725] [fileLog] [info] quantification processed 17000000 fragments so far

[2021-05-20 19:15:59.281] [fileLog] [info] quantification processed 18000000 fragments so far

[2021-05-20 19:16:02.880] [fileLog] [info] quantification processed 19000000 fragments so far

[2021-05-20 19:16:06.525] [fileLog] [info] quantification processed 20000000 fragments so far

[2021-05-20 19:16:10.122] [fileLog] [info] quantification processed 21000000 fragments so far

[2021-05-20 19:16:13.756] [fileLog] [info] quantification processed 22000000 fragments so far

[2021-05-20 19:16:17.387] [fileLog] [info] quantification processed 23000000 fragments so far

[2021-05-20 19:16:20.967] [fileLog] [info] quantification processed 24000000 fragments so far

[2021-05-20 19:16:24.674] [fileLog] [info] quantification processed 25000000 fragments so far

[2021-05-20 19:16:28.247] [fileLog] [info] quantification processed 26000000 fragments so far

[2021-05-20 19:16:31.880] [fileLog] [info] quantification processed 27000000 fragments so far

[2021-05-20 19:16:35.475] [fileLog] [info] quantification processed 28000000 fragments so far

[2021-05-20 19:16:39.074] [fileLog] [info] quantification processed 29000000 fragments so far

[2021-05-20 19:16:42.733] [fileLog] [info] quantification processed 30000000 fragments so far

[2021-05-20 19:16:46.404] [fileLog] [info] quantification processed 31000000 fragments so far

[2021-05-20 19:16:49.998] [fileLog] [info] quantification processed 32000000 fragments so far

[2021-05-20 19:16:53.606] [fileLog] [info] quantification processed 33000000 fragments so far

[2021-05-20 19:16:57.179] [fileLog] [info] quantification processed 34000000 fragments so far

[2021-05-20 19:17:00.727] [fileLog] [info] quantification processed 35000000 fragments so far

[2021-05-20 19:17:01.616] [fileLog] [info] quantification processed 35250321 fragments so far

[2021-05-20 19:17:08.345] [jointLog] [info] Thread saw mini-batch with a maximum of 4.10% zero probability fragments
[2021-05-20 19:17:08.351] [jointLog] [info] Thread saw mini-batch with a maximum of 2.50% zero probability fragments
[2021-05-20 19:17:08.352] [jointLog] [info] Thread saw mini-batch with a maximum of 4.00% zero probability fragments
[2021-05-20 19:17:08.352] [jointLog] [info] 


Completed first pass through the alignment file.
Total # of mapped reads : 35250321
# of uniquely mapped reads : 14152970
# ambiguously mapped reads : 21097351



[2021-05-20 19:17:08.514] [jointLog] [info] Computed 228591 rich equivalence classes for further processing
[2021-05-20 19:17:08.514] [jointLog] [info] Counted 35129041 total reads in the equivalence classes 
[2021-05-20 19:17:08.517] [jointLog] [info] starting optimizer
[2021-05-20 19:17:08.618] [jointLog] [info] Marked 0 weighted equivalence classes as degenerate
[2021-05-20 19:17:08.633] [jointLog] [info] iteration = 0 | max rel diff. = 7203.89
[2021-05-20 19:17:10.076] [jointLog] [info] iteration = 100 | max rel diff. = 17.4894
[2021-05-20 19:17:11.502] [jointLog] [info] iteration = 200 | max rel diff. = 3.79058
[2021-05-20 19:17:12.933] [jointLog] [info] iteration = 300 | max rel diff. = 1.20678
[2021-05-20 19:17:14.369] [jointLog] [info] iteration = 400 | max rel diff. = 2.32633
[2021-05-20 19:17:15.806] [jointLog] [info] iteration = 500 | max rel diff. = 1.66033
[2021-05-20 19:17:17.242] [jointLog] [info] iteration = 600 | max rel diff. = 3.48554
[2021-05-20 19:17:18.669] [jointLog] [info] iteration = 700 | max rel diff. = 1.01125
[2021-05-20 19:17:20.114] [jointLog] [info] iteration = 800 | max rel diff. = 0.115991
[2021-05-20 19:17:21.535] [jointLog] [info] iteration = 900 | max rel diff. = 4.14245
[2021-05-20 19:17:22.976] [jointLog] [info] iteration = 1000 | max rel diff. = 0.708262
[2021-05-20 19:17:24.394] [jointLog] [info] iteration = 1100 | max rel diff. = 1.25268
[2021-05-20 19:17:25.822] [jointLog] [info] iteration = 1200 | max rel diff. = 4.39533
[2021-05-20 19:17:27.242] [jointLog] [info] iteration = 1300 | max rel diff. = 0.0209571
[2021-05-20 19:17:28.676] [jointLog] [info] iteration = 1400 | max rel diff. = 0.0478891
[2021-05-20 19:17:30.095] [jointLog] [info] iteration = 1500 | max rel diff. = 0.106568
[2021-05-20 19:17:31.518] [jointLog] [info] iteration = 1600 | max rel diff. = 0.0448779
[2021-05-20 19:17:32.944] [jointLog] [info] iteration = 1700 | max rel diff. = 0.33074
[2021-05-20 19:17:34.364] [jointLog] [info] iteration = 1800 | max rel diff. = 0.142396
[2021-05-20 19:17:34.477] [jointLog] [info] iteration = 1809 | max rel diff. = 0.00601526
[2021-05-20 19:17:34.508] [jointLog] [info] finished optimizer
[2021-05-20 19:17:34.508] [jointLog] [info] writing output
[2021-05-20 19:17:36.369] [jointLog] [info] Computing gene-level abundance estimates
[2021-05-20 19:18:07.445] [jointLog] [warning] Feature has no GFF ID
[2021-05-20 19:18:07.445] [jointLog] [warning] Feature has no GFF ID
[2021-05-20 19:18:07.445] [jointLog] [warning] Feature has no GFF ID
[2021-05-20 19:18:07.445] [jointLog] [warning] Feature has no GFF ID
[2021-05-20 19:18:07.445] [jointLog] [warning] Feature has no GFF ID
[2021-05-20 19:18:07.445] [jointLog] [warning] Feature has no GFF ID
[2021-05-20 19:18:07.445] [jointLog] [warning] Feature has no GFF ID
[2021-05-20 19:18:07.445] [jointLog] [warning] Feature has no GFF ID
[2021-05-20 19:18:07.445] [jointLog] [warning] Feature has no GFF ID
[2021-05-20 19:18:07.445] [jointLog] [warning] Feature has no GFF ID
[2021-05-20 19:18:07.445] [jointLog] [warning] Feature has no GFF ID
[2021-05-20 19:18:07.445] [jointLog] [warning] Feature has no GFF ID
[2021-05-20 19:18:07.445] [jointLog] [warning] Feature has no GFF ID
[2021-05-20 19:18:07.445] [jointLog] [warning] Feature has no GFF ID
[2021-05-20 19:18:07.445] [jointLog] [warning] Feature has no GFF ID
[2021-05-20 19:18:07.445] [jointLog] [warning] Feature has no GFF ID
[2021-05-20 19:18:07.445] [jointLog] [warning] Feature has no GFF ID
[2021-05-20 19:18:07.445] [jointLog] [warning] Feature has no GFF ID
[2021-05-20 19:18:07.445] [jointLog] [warning] Feature has no GFF ID
[2021-05-20 19:18:07.445] [jointLog] [warning] Feature has no GFF ID
[2021-05-20 19:18:07.445] [jointLog] [warning] Feature has no GFF ID
[2021-05-20 19:18:07.445] [jointLog] [warning] Feature has no GFF ID
[2021-05-20 19:18:07.445] [jointLog] [warning] Feature has no GFF ID
[2021-05-20 19:18:07.445] [jointLog] [warning] Feature has no GFF ID
[2021-05-20 19:18:07.445] [jointLog] [warning] Feature has no GFF ID
[2021-05-20 19:18:07.445] [jointLog] [warning] Feature has no GFF ID
[2021-05-20 19:18:07.445] [jointLog] [warning] Feature has no GFF ID
[2021-05-20 19:18:07.445] [jointLog] [warning] Feature has no GFF ID
[2021-05-20 19:18:07.445] [jointLog] [warning] Feature has no GFF ID
[2021-05-20 19:18:07.445] [jointLog] [warning] Feature has no GFF ID
[2021-05-20 19:18:07.445] [jointLog] [warning] Feature has no GFF ID
[2021-05-20 19:18:07.445] [jointLog] [warning] Feature has no GFF ID
[2021-05-20 19:18:07.445] [jointLog] [warning] Feature has no GFF ID
[2021-05-20 19:18:07.445] [jointLog] [warning] Feature has no GFF ID
[2021-05-20 19:18:07.445] [jointLog] [warning] Feature has no GFF ID
[2021-05-20 19:18:07.445] [jointLog] [warning] Feature has no GFF ID
[2021-05-20 19:18:07.445] [jointLog] [warning] Feature has no GFF ID
[2021-05-20 19:18:07.445] [jointLog] [warning] Feature has no GFF ID
[2021-05-20 19:18:07.445] [jointLog] [warning] Feature has no GFF ID
[2021-05-20 19:18:07.445] [jointLog] [warning] Feature has no GFF ID
[2021-05-20 19:18:07.445] [jointLog] [warning] Feature has no GFF ID
[2021-05-20 19:18:07.445] [jointLog] [warning] Feature has no GFF ID
[2021-05-20 19:18:07.445] [jointLog] [warning] Feature has no GFF ID
[2021-05-20 19:18:07.445] [jointLog] [warning] Feature has no GFF ID
[2021-05-20 19:18:07.445] [jointLog] [warning] Feature has no GFF ID
[2021-05-20 19:18:07.445] [jointLog] [warning] Feature has no GFF ID
[2021-05-20 19:18:07.445] [jointLog] [warning] Feature has no GFF ID
[2021-05-20 19:18:07.445] [jointLog] [warning] Feature has no GFF ID
[2021-05-20 19:18:07.445] [jointLog] [warning] Feature has no GFF ID
[2021-05-20 19:18:07.445] [jointLog] [warning] Feature has no GFF ID
[2021-05-20 19:18:07.445] [jointLog] [warning] Feature has no GFF ID
[2021-05-20 19:18:07.445] [jointLog] [warning] Feature has no GFF ID
[2021-05-20 19:18:07.445] [jointLog] [warning] Feature has no GFF ID
[2021-05-20 19:18:07.445] [jointLog] [warning] Feature has no GFF ID
[2021-05-20 19:18:07.445] [jointLog] [warning] Feature has no GFF ID
[2021-05-20 19:18:07.445] [jointLog] [warning] Feature has no GFF ID
[2021-05-20 19:18:07.445] [jointLog] [warning] Feature has no GFF ID
[2021-05-20 19:18:07.445] [jointLog] [warning] Feature has no GFF ID
[2021-05-20 19:18:07.445] [jointLog] [warning] Feature has no GFF ID
[2021-05-20 19:18:07.445] [jointLog] [warning] Feature has no GFF ID
[2021-05-20 19:18:07.445] [jointLog] [warning] Feature has no GFF ID
[2021-05-20 19:18:07.445] [jointLog] [warning] Feature has no GFF ID
[2021-05-20 19:18:07.445] [jointLog] [warning] Feature has no GFF ID
[2021-05-20 19:18:07.445] [jointLog] [warning] Feature has no GFF ID
[2021-05-20 19:18:07.445] [jointLog] [warning] Feature has no GFF ID
[2021-05-20 19:18:07.445] [jointLog] [warning] Feature has no GFF ID
[2021-05-20 19:18:07.445] [jointLog] [warning] Feature has no GFF ID
[2021-05-20 19:18:07.445] [jointLog] [warning] Feature has no GFF ID
[2021-05-20 19:18:07.445] [jointLog] [warning] Feature has no GFF ID
[2021-05-20 19:18:07.445] [jointLog] [warning] Feature has no GFF ID
[2021-05-20 19:18:07.445] [jointLog] [warning] Feature has no GFF ID
[2021-05-20 19:18:07.445] [jointLog] [warning] Feature has no GFF ID
[2021-05-20 19:18:07.445] [jointLog] [warning] Feature has no GFF ID
[2021-05-20 19:18:07.445] [jointLog] [warning] Feature has no GFF ID
[2021-05-20 19:18:07.445] [jointLog] [warning] Feature has no GFF ID
[2021-05-20 19:18:07.445] [jointLog] [warning] Feature has no GFF ID
[2021-05-20 19:18:07.445] [jointLog] [warning] Feature has no GFF ID
[2021-05-20 19:18:07.445] [jointLog] [warning] Feature has no GFF ID
[2021-05-20 19:18:07.445] [jointLog] [warning] Feature has no GFF ID
[2021-05-20 19:18:07.445] [jointLog] [warning] Feature has no GFF ID
[2021-05-20 19:18:07.445] [jointLog] [warning] Feature has no GFF ID
[2021-05-20 19:18:07.445] [jointLog] [warning] Feature has no GFF ID
[2021-05-20 19:18:07.445] [jointLog] [warning] Feature has no GFF ID
[2021-05-20 19:18:07.445] [jointLog] [warning] Feature has no GFF ID
[2021-05-20 19:18:07.445] [jointLog] [warning] Feature has no GFF ID
[2021-05-20 19:18:07.445] [jointLog] [warning] Feature has no GFF ID
[2021-05-20 19:18:07.445] [jointLog] [warning] Feature has no GFF ID
[2021-05-20 19:18:07.445] [jointLog] [warning] Feature has no GFF ID
[2021-05-20 19:18:07.445] [jointLog] [warning] Feature has no GFF ID
[2021-05-20 19:18:07.445] [jointLog] [warning] Feature has no GFF ID
[2021-05-20 19:18:07.445] [jointLog] [warning] Feature has no GFF ID
[2021-05-20 19:18:07.445] [jointLog] [warning] Feature has no GFF ID
[2021-05-20 19:18:07.801] [jointLog] [info] There were 142604 transcripts mapping to 55401 genes
[2021-05-20 19:18:07.801] [jointLog] [info] NOTE: We recommend using tximport (https://bioconductor.org/packages/release/bioc/html/tximport.html) for aggregating transcript-level salmon abundance estimates to the gene level.  It is more versatile, exposes more features, and allows considering multi-sample information during aggregation.
[2021-05-20 19:18:08.136] [jointLog] [warning] couldn't find transcript named [DQ459430] in transcript <-> gene map; returning transcript as it's own gene
[2021-05-20 19:18:08.136] [jointLog] [warning] couldn't find transcript named [DQ516784] in transcript <-> gene map; returning transcript as it's own gene
[2021-05-20 19:18:08.136] [jointLog] [warning] couldn't find transcript named [DQ516752] in transcript <-> gene map; returning transcript as it's own gene
[2021-05-20 19:18:08.136] [jointLog] [warning] couldn't find transcript named [DQ668364] in transcript <-> gene map; returning transcript as it's own gene
[2021-05-20 19:18:08.136] [jointLog] [warning] couldn't find transcript named [DQ883670] in transcript <-> gene map; returning transcript as it's own gene
[2021-05-20 19:18:08.136] [jointLog] [warning] couldn't find transcript named [EF011062] in transcript <-> gene map; returning transcript as it's own gene
[2021-05-20 19:18:08.136] [jointLog] [warning] couldn't find transcript named [DQ875385] in transcript <-> gene map; returning transcript as it's own gene
[2021-05-20 19:18:08.136] [jointLog] [warning] couldn't find transcript named [DQ883664] in transcript <-> gene map; returning transcript as it's own gene
[2021-05-20 19:18:08.136] [jointLog] [warning] couldn't find transcript named [DQ459420] in transcript <-> gene map; returning transcript as it's own gene
[2021-05-20 19:18:08.136] [jointLog] [warning] couldn't find transcript named [DQ883651] in transcript <-> gene map; returning transcript as it's own gene
[2021-05-20 19:18:08.136] [jointLog] [warning] couldn't find transcript named [DQ855004] in transcript <-> gene map; returning transcript as it's own gene
[2021-05-20 19:18:08.136] [jointLog] [warning] couldn't find transcript named [DQ854993] in transcript <-> gene map; returning transcript as it's own gene
[2021-05-20 19:18:08.136] [jointLog] [warning] couldn't find transcript named [DQ883689] in transcript <-> gene map; returning transcript as it's own gene
[2021-05-20 19:18:08.136] [jointLog] [warning] couldn't find transcript named [DQ459419] in transcript <-> gene map; returning transcript as it's own gene
[2021-05-20 19:18:08.136] [jointLog] [warning] couldn't find transcript named [DQ459431] in transcript <-> gene map; returning transcript as it's own gene
[2021-05-20 19:18:08.136] [jointLog] [warning] couldn't find transcript named [DQ516796] in transcript <-> gene map; returning transcript as it's own gene
[2021-05-20 19:18:08.136] [jointLog] [warning] couldn't find transcript named [DQ855001] in transcript <-> gene map; returning transcript as it's own gene
[2021-05-20 19:18:08.136] [jointLog] [warning] couldn't find transcript named [DQ459413] in transcript <-> gene map; returning transcript as it's own gene
[2021-05-20 19:18:08.136] [jointLog] [warning] couldn't find transcript named [DQ883656] in transcript <-> gene map; returning transcript as it's own gene
[2021-05-20 19:18:08.136] [jointLog] [warning] couldn't find transcript named [DQ883661] in transcript <-> gene map; returning transcript as it's own gene
[2021-05-20 19:18:08.136] [jointLog] [warning] couldn't find transcript named [EF011069] in transcript <-> gene map; returning transcript as it's own gene
[2021-05-20 19:18:08.136] [jointLog] [warning] couldn't find transcript named [DQ516783] in transcript <-> gene map; returning transcript as it's own gene
[2021-05-20 19:18:08.136] [jointLog] [warning] couldn't find transcript named [DQ516787] in transcript <-> gene map; returning transcript as it's own gene
[2021-05-20 19:18:08.136] [jointLog] [warning] couldn't find transcript named [DQ459424] in transcript <-> gene map; returning transcript as it's own gene
[2021-05-20 19:18:08.137] [jointLog] [warning] couldn't find transcript named [DQ516748] in transcript <-> gene map; returning transcript as it's own gene
[2021-05-20 19:18:08.137] [jointLog] [warning] couldn't find transcript named [DQ883671] in transcript <-> gene map; returning transcript as it's own gene
[2021-05-20 19:18:08.137] [jointLog] [warning] couldn't find transcript named [DQ516740] in transcript <-> gene map; returning transcript as it's own gene
[2021-05-20 19:18:08.137] [jointLog] [warning] couldn't find transcript named [DQ516785] in transcript <-> gene map; returning transcript as it's own gene
[2021-05-20 19:18:08.137] [jointLog] [warning] couldn't find transcript named [DQ516731] in transcript <-> gene map; returning transcript as it's own gene
[2021-05-20 19:18:08.137] [jointLog] [warning] couldn't find transcript named [DQ668366] in transcript <-> gene map; returning transcript as it's own gene
[2021-05-20 19:18:08.137] [jointLog] [warning] couldn't find transcript named [DQ459418] in transcript <-> gene map; returning transcript as it's own gene
[2021-05-20 19:18:08.137] [jointLog] [warning] couldn't find transcript named [DQ668356] in transcript <-> gene map; returning transcript as it's own gene
[2021-05-20 19:18:08.137] [jointLog] [warning] couldn't find transcript named [DQ516763] in transcript <-> gene map; returning transcript as it's own gene
[2021-05-20 19:18:08.137] [jointLog] [warning] couldn't find transcript named [DQ459426] in transcript <-> gene map; returning transcript as it's own gene
[2021-05-20 19:18:08.137] [jointLog] [warning] couldn't find transcript named [DQ516786] in transcript <-> gene map; returning transcript as it's own gene
[2021-05-20 19:18:08.137] [jointLog] [warning] couldn't find transcript named [DQ883653] in transcript <-> gene map; returning transcript as it's own gene
[2021-05-20 19:18:08.137] [jointLog] [warning] couldn't find transcript named [DQ459421] in transcript <-> gene map; returning transcript as it's own gene
[2021-05-20 19:18:08.137] [jointLog] [warning] couldn't find transcript named [DQ883654] in transcript <-> gene map; returning transcript as it's own gene
[2021-05-20 19:18:08.137] [jointLog] [warning] couldn't find transcript named [DQ668358] in transcript <-> gene map; returning transcript as it's own gene
[2021-05-20 19:18:08.137] [jointLog] [warning] couldn't find transcript named [DQ516754] in transcript <-> gene map; returning transcript as it's own gene
[2021-05-20 19:18:08.137] [jointLog] [warning] couldn't find transcript named [DQ516778] in transcript <-> gene map; returning transcript as it's own gene
[2021-05-20 19:18:08.137] [jointLog] [warning] couldn't find transcript named [DQ883650] in transcript <-> gene map; returning transcript as it's own gene
[2021-05-20 19:18:08.137] [jointLog] [warning] couldn't find transcript named [DQ516742] in transcript <-> gene map; returning transcript as it's own gene
[2021-05-20 19:18:08.137] [jointLog] [warning] couldn't find transcript named [DQ883673] in transcript <-> gene map; returning transcript as it's own gene
[2021-05-20 19:18:08.137] [jointLog] [warning] couldn't find transcript named [DQ883652] in transcript <-> gene map; returning transcript as it's own gene
[2021-05-20 19:18:08.137] [jointLog] [warning] couldn't find transcript named [DQ854991] in transcript <-> gene map; returning transcript as it's own gene
[2021-05-20 19:18:08.137] [jointLog] [warning] couldn't find transcript named [DQ516780] in transcript <-> gene map; returning transcript as it's own gene
[2021-05-20 19:18:08.137] [jointLog] [warning] couldn't find transcript named [DQ883682] in transcript <-> gene map; returning transcript as it's own gene
[2021-05-20 19:18:08.137] [jointLog] [warning] couldn't find transcript named [DQ883669] in transcript <-> gene map; returning transcript as it's own gene
[2021-05-20 19:18:08.137] [jointLog] [warning] couldn't find transcript named [DQ516791] in transcript <-> gene map; returning transcript as it's own gene
[2021-05-20 19:18:08.137] [jointLog] [warning] couldn't find transcript named [DQ459425] in transcript <-> gene map; returning transcript as it's own gene
[2021-05-20 19:18:08.137] [jointLog] [warning] couldn't find transcript named [DQ516759] in transcript <-> gene map; returning transcript as it's own gene
[2021-05-20 19:18:08.137] [jointLog] [warning] couldn't find transcript named [DQ459429] in transcript <-> gene map; returning transcript as it's own gene
[2021-05-20 19:18:08.137] [jointLog] [warning] couldn't find transcript named [DQ516758] in transcript <-> gene map; returning transcript as it's own gene
[2021-05-20 19:18:08.137] [jointLog] [warning] couldn't find transcript named [DQ459415] in transcript <-> gene map; returning transcript as it's own gene
[2021-05-20 19:18:08.137] [jointLog] [warning] couldn't find transcript named [DQ875387] in transcript <-> gene map; returning transcript as it's own gene
[2021-05-20 19:18:08.137] [jointLog] [warning] couldn't find transcript named [DQ516815] in transcript <-> gene map; returning transcript as it's own gene
[2021-05-20 19:18:08.137] [jointLog] [warning] couldn't find transcript named [DQ668365] in transcript <-> gene map; returning transcript as it's own gene
[2021-05-20 19:18:08.137] [jointLog] [warning] couldn't find transcript named [DQ854998] in transcript <-> gene map; returning transcript as it's own gene
[2021-05-20 19:18:08.137] [jointLog] [warning] couldn't find transcript named [DQ883685] in transcript <-> gene map; returning transcript as it's own gene
[2021-05-20 19:18:08.137] [jointLog] [warning] couldn't find transcript named [DQ459422] in transcript <-> gene map; returning transcript as it's own gene
[2021-05-20 19:18:08.137] [jointLog] [warning] couldn't find transcript named [DQ883663] in transcript <-> gene map; returning transcript as it's own gene
[2021-05-20 19:18:08.137] [jointLog] [warning] couldn't find transcript named [DQ668367] in transcript <-> gene map; returning transcript as it's own gene
[2021-05-20 19:18:08.137] [jointLog] [warning] couldn't find transcript named [DQ459412] in transcript <-> gene map; returning transcript as it's own gene
[2021-05-20 19:18:08.137] [jointLog] [warning] couldn't find transcript named [DQ854992] in transcript <-> gene map; returning transcript as it's own gene
[2021-05-20 19:18:08.137] [jointLog] [warning] couldn't find transcript named [DQ516782] in transcript <-> gene map; returning transcript as it's own gene
[2021-05-20 19:18:08.137] [jointLog] [warning] couldn't find transcript named [DQ459427] in transcript <-> gene map; returning transcript as it's own gene
[2021-05-20 19:18:08.137] [jointLog] [warning] couldn't find transcript named [EF011072] in transcript <-> gene map; returning transcript as it's own gene
[2021-05-20 19:18:08.137] [jointLog] [warning] couldn't find transcript named [DQ855003] in transcript <-> gene map; returning transcript as it's own gene
[2021-05-20 19:18:08.137] [jointLog] [warning] couldn't find transcript named [DQ516739] in transcript <-> gene map; returning transcript as it's own gene
[2021-05-20 19:18:08.137] [jointLog] [warning] couldn't find transcript named [EF011063] in transcript <-> gene map; returning transcript as it's own gene
[2021-05-20 19:18:08.137] [jointLog] [warning] couldn't find transcript named [DQ855000] in transcript <-> gene map; returning transcript as it's own gene
[2021-05-20 19:18:08.137] [jointLog] [warning] couldn't find transcript named [DQ516777] in transcript <-> gene map; returning transcript as it's own gene
[2021-05-20 19:18:08.137] [jointLog] [warning] couldn't find transcript named [DQ883646] in transcript <-> gene map; returning transcript as it's own gene
[2021-05-20 19:18:08.137] [jointLog] [warning] couldn't find transcript named [DQ668362] in transcript <-> gene map; returning transcript as it's own gene
[2021-05-20 19:18:08.137] [jointLog] [warning] couldn't find transcript named [DQ854995] in transcript <-> gene map; returning transcript as it's own gene
[2021-05-20 19:18:08.137] [jointLog] [warning] couldn't find transcript named [DQ875386] in transcript <-> gene map; returning transcript as it's own gene
[2021-05-20 19:18:08.137] [jointLog] [warning] couldn't find transcript named [DQ516790] in transcript <-> gene map; returning transcript as it's own gene
[2021-05-20 19:18:08.137] [jointLog] [warning] couldn't find transcript named [DQ883642] in transcript <-> gene map; returning transcript as it's own gene
[2021-05-20 19:18:08.137] [jointLog] [warning] couldn't find transcript named [DQ883659] in transcript <-> gene map; returning transcript as it's own gene
[2021-05-20 19:18:08.137] [jointLog] [warning] couldn't find transcript named [DQ854997] in transcript <-> gene map; returning transcript as it's own gene
[2021-05-20 19:18:08.137] [jointLog] [warning] couldn't find transcript named [DQ883643] in transcript <-> gene map; returning transcript as it's own gene
[2021-05-20 19:18:08.137] [jointLog] [warning] couldn't find transcript named [DQ839618] in transcript <-> gene map; returning transcript as it's own gene
[2021-05-20 19:18:08.137] [jointLog] [warning] couldn't find transcript named [DQ516795] in transcript <-> gene map; returning transcript as it's own gene
[2021-05-20 19:18:08.137] [jointLog] [warning] couldn't find transcript named [DQ883658] in transcript <-> gene map; returning transcript as it's own gene
[2021-05-20 19:18:08.137] [jointLog] [warning] couldn't find transcript named [DQ516750] in transcript <-> gene map; returning transcript as it's own gene
[2021-05-20 19:18:08.137] [jointLog] [warning] couldn't find transcript named [DQ668359] in transcript <-> gene map; returning transcript as it's own gene
[2021-05-20 19:18:08.137] [jointLog] [warning] couldn't find transcript named [DQ516779] in transcript <-> gene map; returning transcript as it's own gene
[2021-05-20 19:18:08.137] [jointLog] [warning] couldn't find transcript named [DQ668363] in transcript <-> gene map; returning transcript as it's own gene
[2021-05-20 19:18:08.137] [jointLog] [warning] couldn't find transcript named [DQ516776] in transcript <-> gene map; returning transcript as it's own gene
[2021-05-20 19:18:08.137] [jointLog] [warning] couldn't find transcript named [DQ516773] in transcript <-> gene map; returning transcript as it's own gene
[2021-05-20 19:18:08.137] [jointLog] [warning] couldn't find transcript named [DQ854994] in transcript <-> gene map; returning transcript as it's own gene
[2021-05-20 19:18:08.137] [jointLog] [info] Aggregating expressions to gene level
[2021-05-20 19:18:08.316] [jointLog] [info] done
