[2021-05-23 10:58:09.830] [jointLog] [info] setting maxHashResizeThreads to 6
[2021-05-23 10:58:09.830] [jointLog] [info] Fragment incompatibility prior below threshold.  Incompatible fragments will be ignored.
[2021-05-23 10:58:09.832] [jointLog] [info] numQuantThreads = 3
[2021-05-23 10:58:12.799] [jointLog] [info] replaced 4 non-ACGT nucleotides with random nucleotides
[2021-05-23 10:58:13.128] [fileLog] [info] quantification processed 0 fragments so far

[2021-05-23 10:58:16.891] [fileLog] [info] quantification processed 1000000 fragments so far

[2021-05-23 10:58:20.533] [fileLog] [info] quantification processed 2000000 fragments so far

[2021-05-23 10:58:21.991] [jointLog] [info] 

The alignment group queue pool has been exhausted.  3692191 extra fragments were allocated on the heap to saturate the pool.  No new fragments will be allocated


[2021-05-23 10:58:34.712] [fileLog] [info] quantification processed 3000000 fragments so far

[2021-05-23 10:58:57.737] [fileLog] [info] quantification processed 4000000 fragments so far

[2021-05-23 10:59:20.550] [fileLog] [info] quantification processed 5000000 fragments so far

[2021-05-23 10:59:42.505] [fileLog] [info] quantification processed 6000000 fragments so far

[2021-05-23 11:00:04.223] [fileLog] [info] quantification processed 7000000 fragments so far

[2021-05-23 11:00:09.026] [fileLog] [info] quantification processed 8000000 fragments so far

[2021-05-23 11:00:13.905] [fileLog] [info] quantification processed 9000000 fragments so far

[2021-05-23 11:00:18.531] [fileLog] [info] quantification processed 10000000 fragments so far

[2021-05-23 11:00:23.297] [fileLog] [info] quantification processed 11000000 fragments so far

[2021-05-23 11:00:28.066] [fileLog] [info] quantification processed 12000000 fragments so far

[2021-05-23 11:00:32.916] [fileLog] [info] quantification processed 13000000 fragments so far

[2021-05-23 11:00:37.685] [fileLog] [info] quantification processed 14000000 fragments so far

[2021-05-23 11:00:42.499] [fileLog] [info] quantification processed 15000000 fragments so far

[2021-05-23 11:00:47.085] [fileLog] [info] quantification processed 16000000 fragments so far

[2021-05-23 11:00:51.832] [fileLog] [info] quantification processed 17000000 fragments so far

[2021-05-23 11:00:56.631] [fileLog] [info] quantification processed 18000000 fragments so far

[2021-05-23 11:01:01.593] [fileLog] [info] quantification processed 19000000 fragments so far

[2021-05-23 11:01:06.412] [fileLog] [info] quantification processed 20000000 fragments so far

[2021-05-23 11:01:11.236] [fileLog] [info] quantification processed 21000000 fragments so far

[2021-05-23 11:01:15.913] [fileLog] [info] quantification processed 22000000 fragments so far

[2021-05-23 11:01:20.681] [fileLog] [info] quantification processed 23000000 fragments so far

[2021-05-23 11:01:25.443] [fileLog] [info] quantification processed 24000000 fragments so far

[2021-05-23 11:01:30.347] [fileLog] [info] quantification processed 25000000 fragments so far

[2021-05-23 11:01:35.356] [fileLog] [info] quantification processed 26000000 fragments so far

[2021-05-23 11:01:40.264] [fileLog] [info] quantification processed 27000000 fragments so far

[2021-05-23 11:01:45.167] [fileLog] [info] quantification processed 28000000 fragments so far

[2021-05-23 11:01:50.095] [fileLog] [info] quantification processed 29000000 fragments so far

[2021-05-23 11:01:54.850] [fileLog] [info] quantification processed 30000000 fragments so far

[2021-05-23 11:01:59.665] [fileLog] [info] quantification processed 31000000 fragments so far

[2021-05-23 11:02:04.586] [fileLog] [info] quantification processed 32000000 fragments so far

[2021-05-23 11:02:09.392] [fileLog] [info] quantification processed 33000000 fragments so far

[2021-05-23 11:02:14.183] [fileLog] [info] quantification processed 34000000 fragments so far

[2021-05-23 11:02:18.961] [fileLog] [info] quantification processed 35000000 fragments so far

[2021-05-23 11:02:23.748] [fileLog] [info] quantification processed 36000000 fragments so far

[2021-05-23 11:02:28.541] [fileLog] [info] quantification processed 37000000 fragments so far

[2021-05-23 11:02:33.461] [fileLog] [info] quantification processed 38000000 fragments so far

[2021-05-23 11:02:38.309] [fileLog] [info] quantification processed 39000000 fragments so far

[2021-05-23 11:02:43.356] [fileLog] [info] quantification processed 40000000 fragments so far

[2021-05-23 11:02:48.064] [fileLog] [info] quantification processed 41000000 fragments so far

[2021-05-23 11:02:53.062] [fileLog] [info] quantification processed 42000000 fragments so far

[2021-05-23 11:02:54.796] [fileLog] [info] quantification processed 42355338 fragments so far

[2021-05-23 11:03:04.153] [jointLog] [info] Thread saw mini-batch with a maximum of 28.20% zero probability fragments
[2021-05-23 11:03:04.156] [jointLog] [info] Thread saw mini-batch with a maximum of 25.80% zero probability fragments
[2021-05-23 11:03:04.165] [jointLog] [info] Thread saw mini-batch with a maximum of 29.20% zero probability fragments
[2021-05-23 11:03:04.167] [jointLog] [info] 


Completed first pass through the alignment file.
Total # of mapped reads : 42355338
# of uniquely mapped reads : 14044770
# ambiguously mapped reads : 28310568



[2021-05-23 11:03:04.381] [jointLog] [info] Computed 201071 rich equivalence classes for further processing
[2021-05-23 11:03:04.381] [jointLog] [info] Counted 42079603 total reads in the equivalence classes 
[2021-05-23 11:03:04.384] [jointLog] [info] starting optimizer
[2021-05-23 11:03:04.509] [jointLog] [info] Marked 0 weighted equivalence classes as degenerate
[2021-05-23 11:03:04.528] [jointLog] [info] iteration = 0 | max rel diff. = 4573.55
[2021-05-23 11:03:06.155] [jointLog] [info] iteration = 100 | max rel diff. = 9.98316
[2021-05-23 11:03:07.780] [jointLog] [info] iteration = 200 | max rel diff. = 17.1419
[2021-05-23 11:03:09.396] [jointLog] [info] iteration = 300 | max rel diff. = 0.817688
[2021-05-23 11:03:11.019] [jointLog] [info] iteration = 400 | max rel diff. = 3.63899
[2021-05-23 11:03:12.655] [jointLog] [info] iteration = 500 | max rel diff. = 0.216164
[2021-05-23 11:03:14.272] [jointLog] [info] iteration = 600 | max rel diff. = 1.5099
[2021-05-23 11:03:15.940] [jointLog] [info] iteration = 700 | max rel diff. = 2.41192
[2021-05-23 11:03:17.602] [jointLog] [info] iteration = 800 | max rel diff. = 0.106901
[2021-05-23 11:03:19.243] [jointLog] [info] iteration = 900 | max rel diff. = 0.0714628
[2021-05-23 11:03:20.874] [jointLog] [info] iteration = 1000 | max rel diff. = 0.0416772
[2021-05-23 11:03:22.485] [jointLog] [info] iteration = 1100 | max rel diff. = 1.33646
[2021-05-23 11:03:24.102] [jointLog] [info] iteration = 1200 | max rel diff. = 0.504726
[2021-05-23 11:03:25.709] [jointLog] [info] iteration = 1300 | max rel diff. = 0.560449
[2021-05-23 11:03:27.395] [jointLog] [info] iteration = 1400 | max rel diff. = 0.0890124
[2021-05-23 11:03:29.070] [jointLog] [info] iteration = 1500 | max rel diff. = 0.0660294
[2021-05-23 11:03:30.721] [jointLog] [info] iteration = 1600 | max rel diff. = 0.0644107
[2021-05-23 11:03:32.371] [jointLog] [info] iteration = 1700 | max rel diff. = 0.0232121
[2021-05-23 11:03:34.044] [jointLog] [info] iteration = 1800 | max rel diff. = 0.0479829
[2021-05-23 11:03:35.669] [jointLog] [info] iteration = 1900 | max rel diff. = 0.0420835
[2021-05-23 11:03:37.321] [jointLog] [info] iteration = 2000 | max rel diff. = 0.0720859
[2021-05-23 11:03:38.949] [jointLog] [info] iteration = 2100 | max rel diff. = 0.0278255
[2021-05-23 11:03:40.584] [jointLog] [info] iteration = 2200 | max rel diff. = 0.168089
[2021-05-23 11:03:42.240] [jointLog] [info] iteration = 2300 | max rel diff. = 0.417468
[2021-05-23 11:03:42.654] [jointLog] [info] iteration = 2326 | max rel diff. = 0.00340466
[2021-05-23 11:03:42.692] [jointLog] [info] finished optimizer
[2021-05-23 11:03:42.692] [jointLog] [info] writing output
[2021-05-23 11:03:45.192] [jointLog] [info] Computing gene-level abundance estimates
[2021-05-23 11:04:18.464] [jointLog] [warning] Feature has no GFF ID
[2021-05-23 11:04:18.464] [jointLog] [warning] Feature has no GFF ID
[2021-05-23 11:04:18.464] [jointLog] [warning] Feature has no GFF ID
[2021-05-23 11:04:18.464] [jointLog] [warning] Feature has no GFF ID
[2021-05-23 11:04:18.464] [jointLog] [warning] Feature has no GFF ID
[2021-05-23 11:04:18.464] [jointLog] [warning] Feature has no GFF ID
[2021-05-23 11:04:18.464] [jointLog] [warning] Feature has no GFF ID
[2021-05-23 11:04:18.464] [jointLog] [warning] Feature has no GFF ID
[2021-05-23 11:04:18.464] [jointLog] [warning] Feature has no GFF ID
[2021-05-23 11:04:18.464] [jointLog] [warning] Feature has no GFF ID
[2021-05-23 11:04:18.464] [jointLog] [warning] Feature has no GFF ID
[2021-05-23 11:04:18.464] [jointLog] [warning] Feature has no GFF ID
[2021-05-23 11:04:18.464] [jointLog] [warning] Feature has no GFF ID
[2021-05-23 11:04:18.464] [jointLog] [warning] Feature has no GFF ID
[2021-05-23 11:04:18.464] [jointLog] [warning] Feature has no GFF ID
[2021-05-23 11:04:18.464] [jointLog] [warning] Feature has no GFF ID
[2021-05-23 11:04:18.464] [jointLog] [warning] Feature has no GFF ID
[2021-05-23 11:04:18.464] [jointLog] [warning] Feature has no GFF ID
[2021-05-23 11:04:18.464] [jointLog] [warning] Feature has no GFF ID
[2021-05-23 11:04:18.464] [jointLog] [warning] Feature has no GFF ID
[2021-05-23 11:04:18.464] [jointLog] [warning] Feature has no GFF ID
[2021-05-23 11:04:18.464] [jointLog] [warning] Feature has no GFF ID
[2021-05-23 11:04:18.464] [jointLog] [warning] Feature has no GFF ID
[2021-05-23 11:04:18.464] [jointLog] [warning] Feature has no GFF ID
[2021-05-23 11:04:18.464] [jointLog] [warning] Feature has no GFF ID
[2021-05-23 11:04:18.464] [jointLog] [warning] Feature has no GFF ID
[2021-05-23 11:04:18.464] [jointLog] [warning] Feature has no GFF ID
[2021-05-23 11:04:18.464] [jointLog] [warning] Feature has no GFF ID
[2021-05-23 11:04:18.464] [jointLog] [warning] Feature has no GFF ID
[2021-05-23 11:04:18.464] [jointLog] [warning] Feature has no GFF ID
[2021-05-23 11:04:18.464] [jointLog] [warning] Feature has no GFF ID
[2021-05-23 11:04:18.464] [jointLog] [warning] Feature has no GFF ID
[2021-05-23 11:04:18.464] [jointLog] [warning] Feature has no GFF ID
[2021-05-23 11:04:18.464] [jointLog] [warning] Feature has no GFF ID
[2021-05-23 11:04:18.464] [jointLog] [warning] Feature has no GFF ID
[2021-05-23 11:04:18.464] [jointLog] [warning] Feature has no GFF ID
[2021-05-23 11:04:18.464] [jointLog] [warning] Feature has no GFF ID
[2021-05-23 11:04:18.464] [jointLog] [warning] Feature has no GFF ID
[2021-05-23 11:04:18.464] [jointLog] [warning] Feature has no GFF ID
[2021-05-23 11:04:18.464] [jointLog] [warning] Feature has no GFF ID
[2021-05-23 11:04:18.464] [jointLog] [warning] Feature has no GFF ID
[2021-05-23 11:04:18.464] [jointLog] [warning] Feature has no GFF ID
[2021-05-23 11:04:18.464] [jointLog] [warning] Feature has no GFF ID
[2021-05-23 11:04:18.464] [jointLog] [warning] Feature has no GFF ID
[2021-05-23 11:04:18.464] [jointLog] [warning] Feature has no GFF ID
[2021-05-23 11:04:18.464] [jointLog] [warning] Feature has no GFF ID
[2021-05-23 11:04:18.464] [jointLog] [warning] Feature has no GFF ID
[2021-05-23 11:04:18.464] [jointLog] [warning] Feature has no GFF ID
[2021-05-23 11:04:18.464] [jointLog] [warning] Feature has no GFF ID
[2021-05-23 11:04:18.464] [jointLog] [warning] Feature has no GFF ID
[2021-05-23 11:04:18.464] [jointLog] [warning] Feature has no GFF ID
[2021-05-23 11:04:18.464] [jointLog] [warning] Feature has no GFF ID
[2021-05-23 11:04:18.464] [jointLog] [warning] Feature has no GFF ID
[2021-05-23 11:04:18.464] [jointLog] [warning] Feature has no GFF ID
[2021-05-23 11:04:18.464] [jointLog] [warning] Feature has no GFF ID
[2021-05-23 11:04:18.464] [jointLog] [warning] Feature has no GFF ID
[2021-05-23 11:04:18.464] [jointLog] [warning] Feature has no GFF ID
[2021-05-23 11:04:18.464] [jointLog] [warning] Feature has no GFF ID
[2021-05-23 11:04:18.464] [jointLog] [warning] Feature has no GFF ID
[2021-05-23 11:04:18.464] [jointLog] [warning] Feature has no GFF ID
[2021-05-23 11:04:18.465] [jointLog] [warning] Feature has no GFF ID
[2021-05-23 11:04:18.465] [jointLog] [warning] Feature has no GFF ID
[2021-05-23 11:04:18.465] [jointLog] [warning] Feature has no GFF ID
[2021-05-23 11:04:18.465] [jointLog] [warning] Feature has no GFF ID
[2021-05-23 11:04:18.465] [jointLog] [warning] Feature has no GFF ID
[2021-05-23 11:04:18.465] [jointLog] [warning] Feature has no GFF ID
[2021-05-23 11:04:18.465] [jointLog] [warning] Feature has no GFF ID
[2021-05-23 11:04:18.465] [jointLog] [warning] Feature has no GFF ID
[2021-05-23 11:04:18.465] [jointLog] [warning] Feature has no GFF ID
[2021-05-23 11:04:18.465] [jointLog] [warning] Feature has no GFF ID
[2021-05-23 11:04:18.465] [jointLog] [warning] Feature has no GFF ID
[2021-05-23 11:04:18.465] [jointLog] [warning] Feature has no GFF ID
[2021-05-23 11:04:18.465] [jointLog] [warning] Feature has no GFF ID
[2021-05-23 11:04:18.465] [jointLog] [warning] Feature has no GFF ID
[2021-05-23 11:04:18.465] [jointLog] [warning] Feature has no GFF ID
[2021-05-23 11:04:18.465] [jointLog] [warning] Feature has no GFF ID
[2021-05-23 11:04:18.465] [jointLog] [warning] Feature has no GFF ID
[2021-05-23 11:04:18.465] [jointLog] [warning] Feature has no GFF ID
[2021-05-23 11:04:18.465] [jointLog] [warning] Feature has no GFF ID
[2021-05-23 11:04:18.465] [jointLog] [warning] Feature has no GFF ID
[2021-05-23 11:04:18.465] [jointLog] [warning] Feature has no GFF ID
[2021-05-23 11:04:18.465] [jointLog] [warning] Feature has no GFF ID
[2021-05-23 11:04:18.465] [jointLog] [warning] Feature has no GFF ID
[2021-05-23 11:04:18.465] [jointLog] [warning] Feature has no GFF ID
[2021-05-23 11:04:18.465] [jointLog] [warning] Feature has no GFF ID
[2021-05-23 11:04:18.465] [jointLog] [warning] Feature has no GFF ID
[2021-05-23 11:04:18.465] [jointLog] [warning] Feature has no GFF ID
[2021-05-23 11:04:18.465] [jointLog] [warning] Feature has no GFF ID
[2021-05-23 11:04:18.465] [jointLog] [warning] Feature has no GFF ID
[2021-05-23 11:04:18.465] [jointLog] [warning] Feature has no GFF ID
[2021-05-23 11:04:18.465] [jointLog] [warning] Feature has no GFF ID
[2021-05-23 11:04:18.465] [jointLog] [warning] Feature has no GFF ID
[2021-05-23 11:04:18.863] [jointLog] [info] There were 142604 transcripts mapping to 55401 genes
[2021-05-23 11:04:18.863] [jointLog] [info] NOTE: We recommend using tximport (https://bioconductor.org/packages/release/bioc/html/tximport.html) for aggregating transcript-level salmon abundance estimates to the gene level.  It is more versatile, exposes more features, and allows considering multi-sample information during aggregation.
[2021-05-23 11:04:19.240] [jointLog] [warning] couldn't find transcript named [DQ459430] in transcript <-> gene map; returning transcript as it's own gene
[2021-05-23 11:04:19.240] [jointLog] [warning] couldn't find transcript named [DQ516784] in transcript <-> gene map; returning transcript as it's own gene
[2021-05-23 11:04:19.240] [jointLog] [warning] couldn't find transcript named [DQ516752] in transcript <-> gene map; returning transcript as it's own gene
[2021-05-23 11:04:19.240] [jointLog] [warning] couldn't find transcript named [DQ668364] in transcript <-> gene map; returning transcript as it's own gene
[2021-05-23 11:04:19.240] [jointLog] [warning] couldn't find transcript named [DQ883670] in transcript <-> gene map; returning transcript as it's own gene
[2021-05-23 11:04:19.240] [jointLog] [warning] couldn't find transcript named [EF011062] in transcript <-> gene map; returning transcript as it's own gene
[2021-05-23 11:04:19.240] [jointLog] [warning] couldn't find transcript named [DQ875385] in transcript <-> gene map; returning transcript as it's own gene
[2021-05-23 11:04:19.240] [jointLog] [warning] couldn't find transcript named [DQ883664] in transcript <-> gene map; returning transcript as it's own gene
[2021-05-23 11:04:19.240] [jointLog] [warning] couldn't find transcript named [DQ459420] in transcript <-> gene map; returning transcript as it's own gene
[2021-05-23 11:04:19.240] [jointLog] [warning] couldn't find transcript named [DQ883651] in transcript <-> gene map; returning transcript as it's own gene
[2021-05-23 11:04:19.240] [jointLog] [warning] couldn't find transcript named [DQ855004] in transcript <-> gene map; returning transcript as it's own gene
[2021-05-23 11:04:19.240] [jointLog] [warning] couldn't find transcript named [DQ854993] in transcript <-> gene map; returning transcript as it's own gene
[2021-05-23 11:04:19.240] [jointLog] [warning] couldn't find transcript named [DQ883689] in transcript <-> gene map; returning transcript as it's own gene
[2021-05-23 11:04:19.240] [jointLog] [warning] couldn't find transcript named [DQ459419] in transcript <-> gene map; returning transcript as it's own gene
[2021-05-23 11:04:19.240] [jointLog] [warning] couldn't find transcript named [DQ459431] in transcript <-> gene map; returning transcript as it's own gene
[2021-05-23 11:04:19.240] [jointLog] [warning] couldn't find transcript named [DQ516796] in transcript <-> gene map; returning transcript as it's own gene
[2021-05-23 11:04:19.240] [jointLog] [warning] couldn't find transcript named [DQ855001] in transcript <-> gene map; returning transcript as it's own gene
[2021-05-23 11:04:19.240] [jointLog] [warning] couldn't find transcript named [DQ459413] in transcript <-> gene map; returning transcript as it's own gene
[2021-05-23 11:04:19.240] [jointLog] [warning] couldn't find transcript named [DQ883656] in transcript <-> gene map; returning transcript as it's own gene
[2021-05-23 11:04:19.240] [jointLog] [warning] couldn't find transcript named [DQ883661] in transcript <-> gene map; returning transcript as it's own gene
[2021-05-23 11:04:19.240] [jointLog] [warning] couldn't find transcript named [EF011069] in transcript <-> gene map; returning transcript as it's own gene
[2021-05-23 11:04:19.240] [jointLog] [warning] couldn't find transcript named [DQ516783] in transcript <-> gene map; returning transcript as it's own gene
[2021-05-23 11:04:19.240] [jointLog] [warning] couldn't find transcript named [DQ516787] in transcript <-> gene map; returning transcript as it's own gene
[2021-05-23 11:04:19.240] [jointLog] [warning] couldn't find transcript named [DQ459424] in transcript <-> gene map; returning transcript as it's own gene
[2021-05-23 11:04:19.240] [jointLog] [warning] couldn't find transcript named [DQ516748] in transcript <-> gene map; returning transcript as it's own gene
[2021-05-23 11:04:19.240] [jointLog] [warning] couldn't find transcript named [DQ883671] in transcript <-> gene map; returning transcript as it's own gene
[2021-05-23 11:04:19.240] [jointLog] [warning] couldn't find transcript named [DQ516740] in transcript <-> gene map; returning transcript as it's own gene
[2021-05-23 11:04:19.240] [jointLog] [warning] couldn't find transcript named [DQ516785] in transcript <-> gene map; returning transcript as it's own gene
[2021-05-23 11:04:19.240] [jointLog] [warning] couldn't find transcript named [DQ516731] in transcript <-> gene map; returning transcript as it's own gene
[2021-05-23 11:04:19.240] [jointLog] [warning] couldn't find transcript named [DQ668366] in transcript <-> gene map; returning transcript as it's own gene
[2021-05-23 11:04:19.240] [jointLog] [warning] couldn't find transcript named [DQ459418] in transcript <-> gene map; returning transcript as it's own gene
[2021-05-23 11:04:19.240] [jointLog] [warning] couldn't find transcript named [DQ668356] in transcript <-> gene map; returning transcript as it's own gene
[2021-05-23 11:04:19.240] [jointLog] [warning] couldn't find transcript named [DQ516763] in transcript <-> gene map; returning transcript as it's own gene
[2021-05-23 11:04:19.240] [jointLog] [warning] couldn't find transcript named [DQ459426] in transcript <-> gene map; returning transcript as it's own gene
[2021-05-23 11:04:19.240] [jointLog] [warning] couldn't find transcript named [DQ516786] in transcript <-> gene map; returning transcript as it's own gene
[2021-05-23 11:04:19.240] [jointLog] [warning] couldn't find transcript named [DQ883653] in transcript <-> gene map; returning transcript as it's own gene
[2021-05-23 11:04:19.240] [jointLog] [warning] couldn't find transcript named [DQ459421] in transcript <-> gene map; returning transcript as it's own gene
[2021-05-23 11:04:19.240] [jointLog] [warning] couldn't find transcript named [DQ883654] in transcript <-> gene map; returning transcript as it's own gene
[2021-05-23 11:04:19.240] [jointLog] [warning] couldn't find transcript named [DQ668358] in transcript <-> gene map; returning transcript as it's own gene
[2021-05-23 11:04:19.240] [jointLog] [warning] couldn't find transcript named [DQ516754] in transcript <-> gene map; returning transcript as it's own gene
[2021-05-23 11:04:19.240] [jointLog] [warning] couldn't find transcript named [DQ516778] in transcript <-> gene map; returning transcript as it's own gene
[2021-05-23 11:04:19.240] [jointLog] [warning] couldn't find transcript named [DQ883650] in transcript <-> gene map; returning transcript as it's own gene
[2021-05-23 11:04:19.240] [jointLog] [warning] couldn't find transcript named [DQ516742] in transcript <-> gene map; returning transcript as it's own gene
[2021-05-23 11:04:19.240] [jointLog] [warning] couldn't find transcript named [DQ883673] in transcript <-> gene map; returning transcript as it's own gene
[2021-05-23 11:04:19.240] [jointLog] [warning] couldn't find transcript named [DQ883652] in transcript <-> gene map; returning transcript as it's own gene
[2021-05-23 11:04:19.240] [jointLog] [warning] couldn't find transcript named [DQ854991] in transcript <-> gene map; returning transcript as it's own gene
[2021-05-23 11:04:19.240] [jointLog] [warning] couldn't find transcript named [DQ516780] in transcript <-> gene map; returning transcript as it's own gene
[2021-05-23 11:04:19.240] [jointLog] [warning] couldn't find transcript named [DQ883682] in transcript <-> gene map; returning transcript as it's own gene
[2021-05-23 11:04:19.240] [jointLog] [warning] couldn't find transcript named [DQ883669] in transcript <-> gene map; returning transcript as it's own gene
[2021-05-23 11:04:19.240] [jointLog] [warning] couldn't find transcript named [DQ516791] in transcript <-> gene map; returning transcript as it's own gene
[2021-05-23 11:04:19.240] [jointLog] [warning] couldn't find transcript named [DQ459425] in transcript <-> gene map; returning transcript as it's own gene
[2021-05-23 11:04:19.240] [jointLog] [warning] couldn't find transcript named [DQ516759] in transcript <-> gene map; returning transcript as it's own gene
[2021-05-23 11:04:19.240] [jointLog] [warning] couldn't find transcript named [DQ459429] in transcript <-> gene map; returning transcript as it's own gene
[2021-05-23 11:04:19.240] [jointLog] [warning] couldn't find transcript named [DQ516758] in transcript <-> gene map; returning transcript as it's own gene
[2021-05-23 11:04:19.240] [jointLog] [warning] couldn't find transcript named [DQ459415] in transcript <-> gene map; returning transcript as it's own gene
[2021-05-23 11:04:19.240] [jointLog] [warning] couldn't find transcript named [DQ875387] in transcript <-> gene map; returning transcript as it's own gene
[2021-05-23 11:04:19.240] [jointLog] [warning] couldn't find transcript named [DQ516815] in transcript <-> gene map; returning transcript as it's own gene
[2021-05-23 11:04:19.240] [jointLog] [warning] couldn't find transcript named [DQ668365] in transcript <-> gene map; returning transcript as it's own gene
[2021-05-23 11:04:19.240] [jointLog] [warning] couldn't find transcript named [DQ854998] in transcript <-> gene map; returning transcript as it's own gene
[2021-05-23 11:04:19.240] [jointLog] [warning] couldn't find transcript named [DQ883685] in transcript <-> gene map; returning transcript as it's own gene
[2021-05-23 11:04:19.240] [jointLog] [warning] couldn't find transcript named [DQ459422] in transcript <-> gene map; returning transcript as it's own gene
[2021-05-23 11:04:19.240] [jointLog] [warning] couldn't find transcript named [DQ883663] in transcript <-> gene map; returning transcript as it's own gene
[2021-05-23 11:04:19.240] [jointLog] [warning] couldn't find transcript named [DQ668367] in transcript <-> gene map; returning transcript as it's own gene
[2021-05-23 11:04:19.240] [jointLog] [warning] couldn't find transcript named [DQ459412] in transcript <-> gene map; returning transcript as it's own gene
[2021-05-23 11:04:19.240] [jointLog] [warning] couldn't find transcript named [DQ854992] in transcript <-> gene map; returning transcript as it's own gene
[2021-05-23 11:04:19.240] [jointLog] [warning] couldn't find transcript named [DQ516782] in transcript <-> gene map; returning transcript as it's own gene
[2021-05-23 11:04:19.240] [jointLog] [warning] couldn't find transcript named [DQ459427] in transcript <-> gene map; returning transcript as it's own gene
[2021-05-23 11:04:19.240] [jointLog] [warning] couldn't find transcript named [EF011072] in transcript <-> gene map; returning transcript as it's own gene
[2021-05-23 11:04:19.240] [jointLog] [warning] couldn't find transcript named [DQ855003] in transcript <-> gene map; returning transcript as it's own gene
[2021-05-23 11:04:19.240] [jointLog] [warning] couldn't find transcript named [DQ516739] in transcript <-> gene map; returning transcript as it's own gene
[2021-05-23 11:04:19.240] [jointLog] [warning] couldn't find transcript named [EF011063] in transcript <-> gene map; returning transcript as it's own gene
[2021-05-23 11:04:19.240] [jointLog] [warning] couldn't find transcript named [DQ855000] in transcript <-> gene map; returning transcript as it's own gene
[2021-05-23 11:04:19.240] [jointLog] [warning] couldn't find transcript named [DQ516777] in transcript <-> gene map; returning transcript as it's own gene
[2021-05-23 11:04:19.240] [jointLog] [warning] couldn't find transcript named [DQ883646] in transcript <-> gene map; returning transcript as it's own gene
[2021-05-23 11:04:19.240] [jointLog] [warning] couldn't find transcript named [DQ668362] in transcript <-> gene map; returning transcript as it's own gene
[2021-05-23 11:04:19.240] [jointLog] [warning] couldn't find transcript named [DQ854995] in transcript <-> gene map; returning transcript as it's own gene
[2021-05-23 11:04:19.240] [jointLog] [warning] couldn't find transcript named [DQ875386] in transcript <-> gene map; returning transcript as it's own gene
[2021-05-23 11:04:19.240] [jointLog] [warning] couldn't find transcript named [DQ516790] in transcript <-> gene map; returning transcript as it's own gene
[2021-05-23 11:04:19.240] [jointLog] [warning] couldn't find transcript named [DQ883642] in transcript <-> gene map; returning transcript as it's own gene
[2021-05-23 11:04:19.240] [jointLog] [warning] couldn't find transcript named [DQ883659] in transcript <-> gene map; returning transcript as it's own gene
[2021-05-23 11:04:19.240] [jointLog] [warning] couldn't find transcript named [DQ854997] in transcript <-> gene map; returning transcript as it's own gene
[2021-05-23 11:04:19.240] [jointLog] [warning] couldn't find transcript named [DQ883643] in transcript <-> gene map; returning transcript as it's own gene
[2021-05-23 11:04:19.240] [jointLog] [warning] couldn't find transcript named [DQ839618] in transcript <-> gene map; returning transcript as it's own gene
[2021-05-23 11:04:19.240] [jointLog] [warning] couldn't find transcript named [DQ516795] in transcript <-> gene map; returning transcript as it's own gene
[2021-05-23 11:04:19.240] [jointLog] [warning] couldn't find transcript named [DQ883658] in transcript <-> gene map; returning transcript as it's own gene
[2021-05-23 11:04:19.240] [jointLog] [warning] couldn't find transcript named [DQ516750] in transcript <-> gene map; returning transcript as it's own gene
[2021-05-23 11:04:19.240] [jointLog] [warning] couldn't find transcript named [DQ668359] in transcript <-> gene map; returning transcript as it's own gene
[2021-05-23 11:04:19.240] [jointLog] [warning] couldn't find transcript named [DQ516779] in transcript <-> gene map; returning transcript as it's own gene
[2021-05-23 11:04:19.240] [jointLog] [warning] couldn't find transcript named [DQ668363] in transcript <-> gene map; returning transcript as it's own gene
[2021-05-23 11:04:19.240] [jointLog] [warning] couldn't find transcript named [DQ516776] in transcript <-> gene map; returning transcript as it's own gene
[2021-05-23 11:04:19.240] [jointLog] [warning] couldn't find transcript named [DQ516773] in transcript <-> gene map; returning transcript as it's own gene
[2021-05-23 11:04:19.240] [jointLog] [warning] couldn't find transcript named [DQ854994] in transcript <-> gene map; returning transcript as it's own gene
[2021-05-23 11:04:19.241] [jointLog] [info] Aggregating expressions to gene level
[2021-05-23 11:04:19.426] [jointLog] [info] done
