[2021-04-27 21:02:20.588] [jointLog] [info] setting maxHashResizeThreads to 6
[2021-04-27 21:02:20.588] [jointLog] [info] Fragment incompatibility prior below threshold.  Incompatible fragments will be ignored.
[2021-04-27 21:02:20.589] [jointLog] [info] numQuantThreads = 3
[2021-04-27 21:02:25.672] [jointLog] [info] replaced 4 non-ACGT nucleotides with random nucleotides
[2021-04-27 21:02:25.935] [fileLog] [info] quantification processed 0 fragments so far

[2021-04-27 21:02:28.938] [fileLog] [info] quantification processed 1000000 fragments so far

[2021-04-27 21:02:32.005] [fileLog] [info] quantification processed 2000000 fragments so far

[2021-04-27 21:02:33.601] [jointLog] [info] 

The alignment group queue pool has been exhausted.  3026711 extra fragments were allocated on the heap to saturate the pool.  No new fragments will be allocated


[2021-04-27 21:02:40.446] [fileLog] [info] quantification processed 3000000 fragments so far

[2021-04-27 21:02:54.562] [fileLog] [info] quantification processed 4000000 fragments so far

[2021-04-27 21:03:08.736] [fileLog] [info] quantification processed 5000000 fragments so far

[2021-04-27 21:03:22.742] [fileLog] [info] quantification processed 6000000 fragments so far

[2021-04-27 21:03:36.781] [fileLog] [info] quantification processed 7000000 fragments so far

[2021-04-27 21:03:39.864] [fileLog] [info] quantification processed 8000000 fragments so far

[2021-04-27 21:03:42.941] [fileLog] [info] quantification processed 9000000 fragments so far

[2021-04-27 21:03:45.951] [fileLog] [info] quantification processed 10000000 fragments so far

[2021-04-27 21:03:48.943] [fileLog] [info] quantification processed 11000000 fragments so far

[2021-04-27 21:03:51.971] [fileLog] [info] quantification processed 12000000 fragments so far

[2021-04-27 21:03:55.051] [fileLog] [info] quantification processed 13000000 fragments so far

[2021-04-27 21:03:58.040] [fileLog] [info] quantification processed 14000000 fragments so far

[2021-04-27 21:04:01.035] [fileLog] [info] quantification processed 15000000 fragments so far

[2021-04-27 21:04:04.102] [fileLog] [info] quantification processed 16000000 fragments so far

[2021-04-27 21:04:07.203] [fileLog] [info] quantification processed 17000000 fragments so far

[2021-04-27 21:04:10.236] [fileLog] [info] quantification processed 18000000 fragments so far

[2021-04-27 21:04:13.290] [fileLog] [info] quantification processed 19000000 fragments so far

[2021-04-27 21:04:16.287] [fileLog] [info] quantification processed 20000000 fragments so far

[2021-04-27 21:04:19.294] [fileLog] [info] quantification processed 21000000 fragments so far

[2021-04-27 21:04:22.354] [fileLog] [info] quantification processed 22000000 fragments so far

[2021-04-27 21:04:25.367] [fileLog] [info] quantification processed 23000000 fragments so far

[2021-04-27 21:04:28.393] [fileLog] [info] quantification processed 24000000 fragments so far

[2021-04-27 21:04:31.441] [fileLog] [info] quantification processed 25000000 fragments so far

[2021-04-27 21:04:34.577] [fileLog] [info] quantification processed 26000000 fragments so far

[2021-04-27 21:04:37.623] [fileLog] [info] quantification processed 27000000 fragments so far

[2021-04-27 21:04:40.690] [fileLog] [info] quantification processed 28000000 fragments so far

[2021-04-27 21:04:43.870] [fileLog] [info] quantification processed 29000000 fragments so far

[2021-04-27 21:04:46.948] [fileLog] [info] quantification processed 30000000 fragments so far

[2021-04-27 21:04:49.951] [fileLog] [info] quantification processed 31000000 fragments so far

[2021-04-27 21:04:53.008] [fileLog] [info] quantification processed 32000000 fragments so far

[2021-04-27 21:04:56.091] [fileLog] [info] quantification processed 33000000 fragments so far

[2021-04-27 21:04:59.173] [fileLog] [info] quantification processed 34000000 fragments so far

[2021-04-27 21:05:02.221] [fileLog] [info] quantification processed 35000000 fragments so far

[2021-04-27 21:05:05.301] [fileLog] [info] quantification processed 36000000 fragments so far

[2021-04-27 21:05:08.365] [fileLog] [info] quantification processed 37000000 fragments so far

[2021-04-27 21:05:11.442] [fileLog] [info] quantification processed 38000000 fragments so far

[2021-04-27 21:05:14.501] [fileLog] [info] quantification processed 39000000 fragments so far

[2021-04-27 21:05:17.554] [fileLog] [info] quantification processed 40000000 fragments so far

[2021-04-27 21:05:20.594] [fileLog] [info] quantification processed 41000000 fragments so far

[2021-04-27 21:05:23.631] [fileLog] [info] quantification processed 42000000 fragments so far

[2021-04-27 21:05:26.691] [fileLog] [info] quantification processed 43000000 fragments so far

[2021-04-27 21:05:29.779] [fileLog] [info] quantification processed 44000000 fragments so far

[2021-04-27 21:05:32.849] [fileLog] [info] quantification processed 45000000 fragments so far

[2021-04-27 21:05:35.910] [fileLog] [info] quantification processed 46000000 fragments so far

[2021-04-27 21:05:39.019] [fileLog] [info] quantification processed 47000000 fragments so far

[2021-04-27 21:05:42.027] [fileLog] [info] quantification processed 48000000 fragments so far

[2021-04-27 21:05:42.042] [fileLog] [info] quantification processed 48004391 fragments so far

[2021-04-27 21:05:47.627] [jointLog] [info] Thread saw mini-batch with a maximum of 2.10% zero probability fragments
[2021-04-27 21:05:47.629] [jointLog] [info] Thread saw mini-batch with a maximum of 2.50% zero probability fragments
[2021-04-27 21:05:47.629] [jointLog] [info] Thread saw mini-batch with a maximum of 2.50% zero probability fragments
[2021-04-27 21:05:47.630] [jointLog] [info] 


Completed first pass through the alignment file.
Total # of mapped reads : 48004391
# of uniquely mapped reads : 18653599
# ambiguously mapped reads : 29350792



[2021-04-27 21:05:47.828] [jointLog] [info] Computed 270766 rich equivalence classes for further processing
[2021-04-27 21:05:47.828] [jointLog] [info] Counted 47740041 total reads in the equivalence classes 
[2021-04-27 21:05:47.830] [jointLog] [info] starting optimizer
[2021-04-27 21:05:47.929] [jointLog] [info] Marked 0 weighted equivalence classes as degenerate
[2021-04-27 21:05:47.948] [jointLog] [info] iteration = 0 | max rel diff. = 1495.19
[2021-04-27 21:05:49.493] [jointLog] [info] iteration = 100 | max rel diff. = 12.655
[2021-04-27 21:05:51.010] [jointLog] [info] iteration = 200 | max rel diff. = 4.68629
[2021-04-27 21:05:52.519] [jointLog] [info] iteration = 300 | max rel diff. = 1.44907
[2021-04-27 21:05:54.043] [jointLog] [info] iteration = 400 | max rel diff. = 12.2203
[2021-04-27 21:05:55.552] [jointLog] [info] iteration = 500 | max rel diff. = 2.32394
[2021-04-27 21:05:57.062] [jointLog] [info] iteration = 600 | max rel diff. = 1.60694
[2021-04-27 21:05:58.580] [jointLog] [info] iteration = 700 | max rel diff. = 0.249783
[2021-04-27 21:06:00.092] [jointLog] [info] iteration = 800 | max rel diff. = 2.21414
[2021-04-27 21:06:01.606] [jointLog] [info] iteration = 900 | max rel diff. = 0.0377548
[2021-04-27 21:06:03.120] [jointLog] [info] iteration = 1000 | max rel diff. = 0.0959813
[2021-04-27 21:06:04.636] [jointLog] [info] iteration = 1100 | max rel diff. = 0.281928
[2021-04-27 21:06:06.145] [jointLog] [info] iteration = 1200 | max rel diff. = 0.0218237
[2021-04-27 21:06:07.653] [jointLog] [info] iteration = 1300 | max rel diff. = 0.136555
[2021-04-27 21:06:09.181] [jointLog] [info] iteration = 1400 | max rel diff. = 0.0496086
[2021-04-27 21:06:10.695] [jointLog] [info] iteration = 1500 | max rel diff. = 0.0175382
[2021-04-27 21:06:12.207] [jointLog] [info] iteration = 1600 | max rel diff. = 0.842837
[2021-04-27 21:06:13.744] [jointLog] [info] iteration = 1700 | max rel diff. = 0.0285896
[2021-04-27 21:06:14.606] [jointLog] [info] iteration = 1758 | max rel diff. = 0.00864604
[2021-04-27 21:06:14.634] [jointLog] [info] finished optimizer
[2021-04-27 21:06:14.634] [jointLog] [info] writing output
[2021-04-27 21:06:16.261] [jointLog] [info] Computing gene-level abundance estimates
[2021-04-27 21:06:42.935] [jointLog] [warning] Feature has no GFF ID
[2021-04-27 21:06:42.935] [jointLog] [warning] Feature has no GFF ID
[2021-04-27 21:06:42.935] [jointLog] [warning] Feature has no GFF ID
[2021-04-27 21:06:42.935] [jointLog] [warning] Feature has no GFF ID
[2021-04-27 21:06:42.935] [jointLog] [warning] Feature has no GFF ID
[2021-04-27 21:06:42.935] [jointLog] [warning] Feature has no GFF ID
[2021-04-27 21:06:42.935] [jointLog] [warning] Feature has no GFF ID
[2021-04-27 21:06:42.935] [jointLog] [warning] Feature has no GFF ID
[2021-04-27 21:06:42.935] [jointLog] [warning] Feature has no GFF ID
[2021-04-27 21:06:42.935] [jointLog] [warning] Feature has no GFF ID
[2021-04-27 21:06:42.935] [jointLog] [warning] Feature has no GFF ID
[2021-04-27 21:06:42.935] [jointLog] [warning] Feature has no GFF ID
[2021-04-27 21:06:42.935] [jointLog] [warning] Feature has no GFF ID
[2021-04-27 21:06:42.935] [jointLog] [warning] Feature has no GFF ID
[2021-04-27 21:06:42.935] [jointLog] [warning] Feature has no GFF ID
[2021-04-27 21:06:42.935] [jointLog] [warning] Feature has no GFF ID
[2021-04-27 21:06:42.935] [jointLog] [warning] Feature has no GFF ID
[2021-04-27 21:06:42.935] [jointLog] [warning] Feature has no GFF ID
[2021-04-27 21:06:42.935] [jointLog] [warning] Feature has no GFF ID
[2021-04-27 21:06:42.935] [jointLog] [warning] Feature has no GFF ID
[2021-04-27 21:06:42.935] [jointLog] [warning] Feature has no GFF ID
[2021-04-27 21:06:42.935] [jointLog] [warning] Feature has no GFF ID
[2021-04-27 21:06:42.935] [jointLog] [warning] Feature has no GFF ID
[2021-04-27 21:06:42.935] [jointLog] [warning] Feature has no GFF ID
[2021-04-27 21:06:42.935] [jointLog] [warning] Feature has no GFF ID
[2021-04-27 21:06:42.935] [jointLog] [warning] Feature has no GFF ID
[2021-04-27 21:06:42.935] [jointLog] [warning] Feature has no GFF ID
[2021-04-27 21:06:42.935] [jointLog] [warning] Feature has no GFF ID
[2021-04-27 21:06:42.935] [jointLog] [warning] Feature has no GFF ID
[2021-04-27 21:06:42.935] [jointLog] [warning] Feature has no GFF ID
[2021-04-27 21:06:42.935] [jointLog] [warning] Feature has no GFF ID
[2021-04-27 21:06:42.935] [jointLog] [warning] Feature has no GFF ID
[2021-04-27 21:06:42.935] [jointLog] [warning] Feature has no GFF ID
[2021-04-27 21:06:42.935] [jointLog] [warning] Feature has no GFF ID
[2021-04-27 21:06:42.935] [jointLog] [warning] Feature has no GFF ID
[2021-04-27 21:06:42.935] [jointLog] [warning] Feature has no GFF ID
[2021-04-27 21:06:42.935] [jointLog] [warning] Feature has no GFF ID
[2021-04-27 21:06:42.935] [jointLog] [warning] Feature has no GFF ID
[2021-04-27 21:06:42.935] [jointLog] [warning] Feature has no GFF ID
[2021-04-27 21:06:42.935] [jointLog] [warning] Feature has no GFF ID
[2021-04-27 21:06:42.935] [jointLog] [warning] Feature has no GFF ID
[2021-04-27 21:06:42.935] [jointLog] [warning] Feature has no GFF ID
[2021-04-27 21:06:42.935] [jointLog] [warning] Feature has no GFF ID
[2021-04-27 21:06:42.935] [jointLog] [warning] Feature has no GFF ID
[2021-04-27 21:06:42.935] [jointLog] [warning] Feature has no GFF ID
[2021-04-27 21:06:42.935] [jointLog] [warning] Feature has no GFF ID
[2021-04-27 21:06:42.935] [jointLog] [warning] Feature has no GFF ID
[2021-04-27 21:06:42.935] [jointLog] [warning] Feature has no GFF ID
[2021-04-27 21:06:42.935] [jointLog] [warning] Feature has no GFF ID
[2021-04-27 21:06:42.935] [jointLog] [warning] Feature has no GFF ID
[2021-04-27 21:06:42.935] [jointLog] [warning] Feature has no GFF ID
[2021-04-27 21:06:42.935] [jointLog] [warning] Feature has no GFF ID
[2021-04-27 21:06:42.935] [jointLog] [warning] Feature has no GFF ID
[2021-04-27 21:06:42.935] [jointLog] [warning] Feature has no GFF ID
[2021-04-27 21:06:42.935] [jointLog] [warning] Feature has no GFF ID
[2021-04-27 21:06:42.935] [jointLog] [warning] Feature has no GFF ID
[2021-04-27 21:06:42.935] [jointLog] [warning] Feature has no GFF ID
[2021-04-27 21:06:42.935] [jointLog] [warning] Feature has no GFF ID
[2021-04-27 21:06:42.935] [jointLog] [warning] Feature has no GFF ID
[2021-04-27 21:06:42.935] [jointLog] [warning] Feature has no GFF ID
[2021-04-27 21:06:42.935] [jointLog] [warning] Feature has no GFF ID
[2021-04-27 21:06:42.935] [jointLog] [warning] Feature has no GFF ID
[2021-04-27 21:06:42.935] [jointLog] [warning] Feature has no GFF ID
[2021-04-27 21:06:42.935] [jointLog] [warning] Feature has no GFF ID
[2021-04-27 21:06:42.935] [jointLog] [warning] Feature has no GFF ID
[2021-04-27 21:06:42.935] [jointLog] [warning] Feature has no GFF ID
[2021-04-27 21:06:42.935] [jointLog] [warning] Feature has no GFF ID
[2021-04-27 21:06:42.935] [jointLog] [warning] Feature has no GFF ID
[2021-04-27 21:06:42.935] [jointLog] [warning] Feature has no GFF ID
[2021-04-27 21:06:42.935] [jointLog] [warning] Feature has no GFF ID
[2021-04-27 21:06:42.935] [jointLog] [warning] Feature has no GFF ID
[2021-04-27 21:06:42.935] [jointLog] [warning] Feature has no GFF ID
[2021-04-27 21:06:42.935] [jointLog] [warning] Feature has no GFF ID
[2021-04-27 21:06:42.935] [jointLog] [warning] Feature has no GFF ID
[2021-04-27 21:06:42.935] [jointLog] [warning] Feature has no GFF ID
[2021-04-27 21:06:42.935] [jointLog] [warning] Feature has no GFF ID
[2021-04-27 21:06:42.935] [jointLog] [warning] Feature has no GFF ID
[2021-04-27 21:06:42.935] [jointLog] [warning] Feature has no GFF ID
[2021-04-27 21:06:42.935] [jointLog] [warning] Feature has no GFF ID
[2021-04-27 21:06:42.935] [jointLog] [warning] Feature has no GFF ID
[2021-04-27 21:06:42.935] [jointLog] [warning] Feature has no GFF ID
[2021-04-27 21:06:42.935] [jointLog] [warning] Feature has no GFF ID
[2021-04-27 21:06:42.935] [jointLog] [warning] Feature has no GFF ID
[2021-04-27 21:06:42.935] [jointLog] [warning] Feature has no GFF ID
[2021-04-27 21:06:42.935] [jointLog] [warning] Feature has no GFF ID
[2021-04-27 21:06:42.935] [jointLog] [warning] Feature has no GFF ID
[2021-04-27 21:06:42.935] [jointLog] [warning] Feature has no GFF ID
[2021-04-27 21:06:42.935] [jointLog] [warning] Feature has no GFF ID
[2021-04-27 21:06:42.935] [jointLog] [warning] Feature has no GFF ID
[2021-04-27 21:06:42.935] [jointLog] [warning] Feature has no GFF ID
[2021-04-27 21:06:42.935] [jointLog] [warning] Feature has no GFF ID
[2021-04-27 21:06:42.935] [jointLog] [warning] Feature has no GFF ID
[2021-04-27 21:06:43.233] [jointLog] [info] There were 142604 transcripts mapping to 55401 genes
[2021-04-27 21:06:43.233] [jointLog] [info] NOTE: We recommend using tximport (https://bioconductor.org/packages/release/bioc/html/tximport.html) for aggregating transcript-level salmon abundance estimates to the gene level.  It is more versatile, exposes more features, and allows considering multi-sample information during aggregation.
[2021-04-27 21:06:43.499] [jointLog] [warning] couldn't find transcript named [DQ459430] in transcript <-> gene map; returning transcript as it's own gene
[2021-04-27 21:06:43.499] [jointLog] [warning] couldn't find transcript named [DQ516784] in transcript <-> gene map; returning transcript as it's own gene
[2021-04-27 21:06:43.499] [jointLog] [warning] couldn't find transcript named [DQ516752] in transcript <-> gene map; returning transcript as it's own gene
[2021-04-27 21:06:43.499] [jointLog] [warning] couldn't find transcript named [DQ668364] in transcript <-> gene map; returning transcript as it's own gene
[2021-04-27 21:06:43.499] [jointLog] [warning] couldn't find transcript named [DQ883670] in transcript <-> gene map; returning transcript as it's own gene
[2021-04-27 21:06:43.499] [jointLog] [warning] couldn't find transcript named [EF011062] in transcript <-> gene map; returning transcript as it's own gene
[2021-04-27 21:06:43.499] [jointLog] [warning] couldn't find transcript named [DQ875385] in transcript <-> gene map; returning transcript as it's own gene
[2021-04-27 21:06:43.499] [jointLog] [warning] couldn't find transcript named [DQ883664] in transcript <-> gene map; returning transcript as it's own gene
[2021-04-27 21:06:43.499] [jointLog] [warning] couldn't find transcript named [DQ459420] in transcript <-> gene map; returning transcript as it's own gene
[2021-04-27 21:06:43.499] [jointLog] [warning] couldn't find transcript named [DQ883651] in transcript <-> gene map; returning transcript as it's own gene
[2021-04-27 21:06:43.499] [jointLog] [warning] couldn't find transcript named [DQ855004] in transcript <-> gene map; returning transcript as it's own gene
[2021-04-27 21:06:43.499] [jointLog] [warning] couldn't find transcript named [DQ854993] in transcript <-> gene map; returning transcript as it's own gene
[2021-04-27 21:06:43.499] [jointLog] [warning] couldn't find transcript named [DQ883689] in transcript <-> gene map; returning transcript as it's own gene
[2021-04-27 21:06:43.499] [jointLog] [warning] couldn't find transcript named [DQ459419] in transcript <-> gene map; returning transcript as it's own gene
[2021-04-27 21:06:43.499] [jointLog] [warning] couldn't find transcript named [DQ459431] in transcript <-> gene map; returning transcript as it's own gene
[2021-04-27 21:06:43.499] [jointLog] [warning] couldn't find transcript named [DQ516796] in transcript <-> gene map; returning transcript as it's own gene
[2021-04-27 21:06:43.499] [jointLog] [warning] couldn't find transcript named [DQ855001] in transcript <-> gene map; returning transcript as it's own gene
[2021-04-27 21:06:43.499] [jointLog] [warning] couldn't find transcript named [DQ459413] in transcript <-> gene map; returning transcript as it's own gene
[2021-04-27 21:06:43.499] [jointLog] [warning] couldn't find transcript named [DQ883656] in transcript <-> gene map; returning transcript as it's own gene
[2021-04-27 21:06:43.499] [jointLog] [warning] couldn't find transcript named [DQ883661] in transcript <-> gene map; returning transcript as it's own gene
[2021-04-27 21:06:43.499] [jointLog] [warning] couldn't find transcript named [EF011069] in transcript <-> gene map; returning transcript as it's own gene
[2021-04-27 21:06:43.499] [jointLog] [warning] couldn't find transcript named [DQ516783] in transcript <-> gene map; returning transcript as it's own gene
[2021-04-27 21:06:43.499] [jointLog] [warning] couldn't find transcript named [DQ516787] in transcript <-> gene map; returning transcript as it's own gene
[2021-04-27 21:06:43.499] [jointLog] [warning] couldn't find transcript named [DQ459424] in transcript <-> gene map; returning transcript as it's own gene
[2021-04-27 21:06:43.499] [jointLog] [warning] couldn't find transcript named [DQ516748] in transcript <-> gene map; returning transcript as it's own gene
[2021-04-27 21:06:43.499] [jointLog] [warning] couldn't find transcript named [DQ883671] in transcript <-> gene map; returning transcript as it's own gene
[2021-04-27 21:06:43.499] [jointLog] [warning] couldn't find transcript named [DQ516740] in transcript <-> gene map; returning transcript as it's own gene
[2021-04-27 21:06:43.499] [jointLog] [warning] couldn't find transcript named [DQ516785] in transcript <-> gene map; returning transcript as it's own gene
[2021-04-27 21:06:43.499] [jointLog] [warning] couldn't find transcript named [DQ516731] in transcript <-> gene map; returning transcript as it's own gene
[2021-04-27 21:06:43.499] [jointLog] [warning] couldn't find transcript named [DQ668366] in transcript <-> gene map; returning transcript as it's own gene
[2021-04-27 21:06:43.499] [jointLog] [warning] couldn't find transcript named [DQ459418] in transcript <-> gene map; returning transcript as it's own gene
[2021-04-27 21:06:43.499] [jointLog] [warning] couldn't find transcript named [DQ668356] in transcript <-> gene map; returning transcript as it's own gene
[2021-04-27 21:06:43.499] [jointLog] [warning] couldn't find transcript named [DQ516763] in transcript <-> gene map; returning transcript as it's own gene
[2021-04-27 21:06:43.499] [jointLog] [warning] couldn't find transcript named [DQ459426] in transcript <-> gene map; returning transcript as it's own gene
[2021-04-27 21:06:43.499] [jointLog] [warning] couldn't find transcript named [DQ516786] in transcript <-> gene map; returning transcript as it's own gene
[2021-04-27 21:06:43.499] [jointLog] [warning] couldn't find transcript named [DQ883653] in transcript <-> gene map; returning transcript as it's own gene
[2021-04-27 21:06:43.499] [jointLog] [warning] couldn't find transcript named [DQ459421] in transcript <-> gene map; returning transcript as it's own gene
[2021-04-27 21:06:43.499] [jointLog] [warning] couldn't find transcript named [DQ883654] in transcript <-> gene map; returning transcript as it's own gene
[2021-04-27 21:06:43.499] [jointLog] [warning] couldn't find transcript named [DQ668358] in transcript <-> gene map; returning transcript as it's own gene
[2021-04-27 21:06:43.499] [jointLog] [warning] couldn't find transcript named [DQ516754] in transcript <-> gene map; returning transcript as it's own gene
[2021-04-27 21:06:43.499] [jointLog] [warning] couldn't find transcript named [DQ516778] in transcript <-> gene map; returning transcript as it's own gene
[2021-04-27 21:06:43.499] [jointLog] [warning] couldn't find transcript named [DQ883650] in transcript <-> gene map; returning transcript as it's own gene
[2021-04-27 21:06:43.499] [jointLog] [warning] couldn't find transcript named [DQ516742] in transcript <-> gene map; returning transcript as it's own gene
[2021-04-27 21:06:43.499] [jointLog] [warning] couldn't find transcript named [DQ883673] in transcript <-> gene map; returning transcript as it's own gene
[2021-04-27 21:06:43.499] [jointLog] [warning] couldn't find transcript named [DQ883652] in transcript <-> gene map; returning transcript as it's own gene
[2021-04-27 21:06:43.499] [jointLog] [warning] couldn't find transcript named [DQ854991] in transcript <-> gene map; returning transcript as it's own gene
[2021-04-27 21:06:43.499] [jointLog] [warning] couldn't find transcript named [DQ516780] in transcript <-> gene map; returning transcript as it's own gene
[2021-04-27 21:06:43.499] [jointLog] [warning] couldn't find transcript named [DQ883682] in transcript <-> gene map; returning transcript as it's own gene
[2021-04-27 21:06:43.499] [jointLog] [warning] couldn't find transcript named [DQ883669] in transcript <-> gene map; returning transcript as it's own gene
[2021-04-27 21:06:43.499] [jointLog] [warning] couldn't find transcript named [DQ516791] in transcript <-> gene map; returning transcript as it's own gene
[2021-04-27 21:06:43.499] [jointLog] [warning] couldn't find transcript named [DQ459425] in transcript <-> gene map; returning transcript as it's own gene
[2021-04-27 21:06:43.499] [jointLog] [warning] couldn't find transcript named [DQ516759] in transcript <-> gene map; returning transcript as it's own gene
[2021-04-27 21:06:43.499] [jointLog] [warning] couldn't find transcript named [DQ459429] in transcript <-> gene map; returning transcript as it's own gene
[2021-04-27 21:06:43.499] [jointLog] [warning] couldn't find transcript named [DQ516758] in transcript <-> gene map; returning transcript as it's own gene
[2021-04-27 21:06:43.499] [jointLog] [warning] couldn't find transcript named [DQ459415] in transcript <-> gene map; returning transcript as it's own gene
[2021-04-27 21:06:43.499] [jointLog] [warning] couldn't find transcript named [DQ875387] in transcript <-> gene map; returning transcript as it's own gene
[2021-04-27 21:06:43.499] [jointLog] [warning] couldn't find transcript named [DQ516815] in transcript <-> gene map; returning transcript as it's own gene
[2021-04-27 21:06:43.499] [jointLog] [warning] couldn't find transcript named [DQ668365] in transcript <-> gene map; returning transcript as it's own gene
[2021-04-27 21:06:43.499] [jointLog] [warning] couldn't find transcript named [DQ854998] in transcript <-> gene map; returning transcript as it's own gene
[2021-04-27 21:06:43.499] [jointLog] [warning] couldn't find transcript named [DQ883685] in transcript <-> gene map; returning transcript as it's own gene
[2021-04-27 21:06:43.499] [jointLog] [warning] couldn't find transcript named [DQ459422] in transcript <-> gene map; returning transcript as it's own gene
[2021-04-27 21:06:43.499] [jointLog] [warning] couldn't find transcript named [DQ883663] in transcript <-> gene map; returning transcript as it's own gene
[2021-04-27 21:06:43.499] [jointLog] [warning] couldn't find transcript named [DQ668367] in transcript <-> gene map; returning transcript as it's own gene
[2021-04-27 21:06:43.499] [jointLog] [warning] couldn't find transcript named [DQ459412] in transcript <-> gene map; returning transcript as it's own gene
[2021-04-27 21:06:43.499] [jointLog] [warning] couldn't find transcript named [DQ854992] in transcript <-> gene map; returning transcript as it's own gene
[2021-04-27 21:06:43.499] [jointLog] [warning] couldn't find transcript named [DQ516782] in transcript <-> gene map; returning transcript as it's own gene
[2021-04-27 21:06:43.499] [jointLog] [warning] couldn't find transcript named [DQ459427] in transcript <-> gene map; returning transcript as it's own gene
[2021-04-27 21:06:43.499] [jointLog] [warning] couldn't find transcript named [EF011072] in transcript <-> gene map; returning transcript as it's own gene
[2021-04-27 21:06:43.499] [jointLog] [warning] couldn't find transcript named [DQ855003] in transcript <-> gene map; returning transcript as it's own gene
[2021-04-27 21:06:43.499] [jointLog] [warning] couldn't find transcript named [DQ516739] in transcript <-> gene map; returning transcript as it's own gene
[2021-04-27 21:06:43.499] [jointLog] [warning] couldn't find transcript named [EF011063] in transcript <-> gene map; returning transcript as it's own gene
[2021-04-27 21:06:43.499] [jointLog] [warning] couldn't find transcript named [DQ855000] in transcript <-> gene map; returning transcript as it's own gene
[2021-04-27 21:06:43.499] [jointLog] [warning] couldn't find transcript named [DQ516777] in transcript <-> gene map; returning transcript as it's own gene
[2021-04-27 21:06:43.499] [jointLog] [warning] couldn't find transcript named [DQ883646] in transcript <-> gene map; returning transcript as it's own gene
[2021-04-27 21:06:43.499] [jointLog] [warning] couldn't find transcript named [DQ668362] in transcript <-> gene map; returning transcript as it's own gene
[2021-04-27 21:06:43.499] [jointLog] [warning] couldn't find transcript named [DQ854995] in transcript <-> gene map; returning transcript as it's own gene
[2021-04-27 21:06:43.499] [jointLog] [warning] couldn't find transcript named [DQ875386] in transcript <-> gene map; returning transcript as it's own gene
[2021-04-27 21:06:43.499] [jointLog] [warning] couldn't find transcript named [DQ516790] in transcript <-> gene map; returning transcript as it's own gene
[2021-04-27 21:06:43.499] [jointLog] [warning] couldn't find transcript named [DQ883642] in transcript <-> gene map; returning transcript as it's own gene
[2021-04-27 21:06:43.499] [jointLog] [warning] couldn't find transcript named [DQ883659] in transcript <-> gene map; returning transcript as it's own gene
[2021-04-27 21:06:43.499] [jointLog] [warning] couldn't find transcript named [DQ854997] in transcript <-> gene map; returning transcript as it's own gene
[2021-04-27 21:06:43.499] [jointLog] [warning] couldn't find transcript named [DQ883643] in transcript <-> gene map; returning transcript as it's own gene
[2021-04-27 21:06:43.499] [jointLog] [warning] couldn't find transcript named [DQ839618] in transcript <-> gene map; returning transcript as it's own gene
[2021-04-27 21:06:43.499] [jointLog] [warning] couldn't find transcript named [DQ516795] in transcript <-> gene map; returning transcript as it's own gene
[2021-04-27 21:06:43.499] [jointLog] [warning] couldn't find transcript named [DQ883658] in transcript <-> gene map; returning transcript as it's own gene
[2021-04-27 21:06:43.499] [jointLog] [warning] couldn't find transcript named [DQ516750] in transcript <-> gene map; returning transcript as it's own gene
[2021-04-27 21:06:43.499] [jointLog] [warning] couldn't find transcript named [DQ668359] in transcript <-> gene map; returning transcript as it's own gene
[2021-04-27 21:06:43.499] [jointLog] [warning] couldn't find transcript named [DQ516779] in transcript <-> gene map; returning transcript as it's own gene
[2021-04-27 21:06:43.499] [jointLog] [warning] couldn't find transcript named [DQ668363] in transcript <-> gene map; returning transcript as it's own gene
[2021-04-27 21:06:43.499] [jointLog] [warning] couldn't find transcript named [DQ516776] in transcript <-> gene map; returning transcript as it's own gene
[2021-04-27 21:06:43.499] [jointLog] [warning] couldn't find transcript named [DQ516773] in transcript <-> gene map; returning transcript as it's own gene
[2021-04-27 21:06:43.499] [jointLog] [warning] couldn't find transcript named [DQ854994] in transcript <-> gene map; returning transcript as it's own gene
[2021-04-27 21:06:43.499] [jointLog] [info] Aggregating expressions to gene level
[2021-04-27 21:06:43.649] [jointLog] [info] done
