[2021-05-20 19:17:52.481] [jointLog] [info] setting maxHashResizeThreads to 6
[2021-05-20 19:17:52.481] [jointLog] [info] Fragment incompatibility prior below threshold.  Incompatible fragments will be ignored.
[2021-05-20 19:17:52.483] [jointLog] [info] numQuantThreads = 3
[2021-05-20 19:17:55.522] [fileLog] [info] quantification processed 0 fragments so far

[2021-05-20 19:17:55.222] [jointLog] [info] replaced 4 non-ACGT nucleotides with random nucleotides
[2021-05-20 19:17:58.449] [fileLog] [info] quantification processed 1000000 fragments so far

[2021-05-20 19:18:01.488] [fileLog] [info] quantification processed 2000000 fragments so far

[2021-05-20 19:18:02.841] [jointLog] [info] 

The alignment group queue pool has been exhausted.  2988669 extra fragments were allocated on the heap to saturate the pool.  No new fragments will be allocated


[2021-05-20 19:18:11.751] [fileLog] [info] quantification processed 3000000 fragments so far

[2021-05-20 19:18:27.767] [fileLog] [info] quantification processed 4000000 fragments so far

[2021-05-20 19:18:43.707] [fileLog] [info] quantification processed 5000000 fragments so far

[2021-05-20 19:18:59.526] [fileLog] [info] quantification processed 6000000 fragments so far

[2021-05-20 19:19:15.616] [fileLog] [info] quantification processed 7000000 fragments so far

[2021-05-20 19:19:19.143] [fileLog] [info] quantification processed 8000000 fragments so far

[2021-05-20 19:19:22.654] [fileLog] [info] quantification processed 9000000 fragments so far

[2021-05-20 19:19:26.241] [fileLog] [info] quantification processed 10000000 fragments so far

[2021-05-20 19:19:29.745] [fileLog] [info] quantification processed 11000000 fragments so far

[2021-05-20 19:19:33.191] [fileLog] [info] quantification processed 12000000 fragments so far

[2021-05-20 19:19:36.652] [fileLog] [info] quantification processed 13000000 fragments so far

[2021-05-20 19:19:40.127] [fileLog] [info] quantification processed 14000000 fragments so far

[2021-05-20 19:19:43.643] [fileLog] [info] quantification processed 15000000 fragments so far

[2021-05-20 19:19:47.081] [fileLog] [info] quantification processed 16000000 fragments so far

[2021-05-20 19:19:50.549] [fileLog] [info] quantification processed 17000000 fragments so far

[2021-05-20 19:19:54.033] [fileLog] [info] quantification processed 18000000 fragments so far

[2021-05-20 19:19:57.489] [fileLog] [info] quantification processed 19000000 fragments so far

[2021-05-20 19:20:00.946] [fileLog] [info] quantification processed 20000000 fragments so far

[2021-05-20 19:20:04.464] [fileLog] [info] quantification processed 21000000 fragments so far

[2021-05-20 19:20:07.901] [fileLog] [info] quantification processed 22000000 fragments so far

[2021-05-20 19:20:11.359] [fileLog] [info] quantification processed 23000000 fragments so far

[2021-05-20 19:20:14.916] [fileLog] [info] quantification processed 24000000 fragments so far

[2021-05-20 19:20:18.369] [fileLog] [info] quantification processed 25000000 fragments so far

[2021-05-20 19:20:21.863] [fileLog] [info] quantification processed 26000000 fragments so far

[2021-05-20 19:20:25.363] [fileLog] [info] quantification processed 27000000 fragments so far

[2021-05-20 19:20:28.794] [fileLog] [info] quantification processed 28000000 fragments so far

[2021-05-20 19:20:32.318] [fileLog] [info] quantification processed 29000000 fragments so far

[2021-05-20 19:20:35.752] [fileLog] [info] quantification processed 30000000 fragments so far

[2021-05-20 19:20:39.306] [fileLog] [info] quantification processed 31000000 fragments so far

[2021-05-20 19:20:42.766] [fileLog] [info] quantification processed 32000000 fragments so far

[2021-05-20 19:20:46.228] [fileLog] [info] quantification processed 33000000 fragments so far

[2021-05-20 19:20:49.737] [fileLog] [info] quantification processed 34000000 fragments so far

[2021-05-20 19:20:53.271] [fileLog] [info] quantification processed 35000000 fragments so far

[2021-05-20 19:20:56.779] [fileLog] [info] quantification processed 36000000 fragments so far

[2021-05-20 19:21:00.256] [fileLog] [info] quantification processed 37000000 fragments so far

[2021-05-20 19:21:03.770] [fileLog] [info] quantification processed 38000000 fragments so far

[2021-05-20 19:21:07.349] [fileLog] [info] quantification processed 39000000 fragments so far

[2021-05-20 19:21:10.850] [fileLog] [info] quantification processed 40000000 fragments so far

[2021-05-20 19:21:14.368] [fileLog] [info] quantification processed 41000000 fragments so far

[2021-05-20 19:21:17.954] [fileLog] [info] quantification processed 42000000 fragments so far

[2021-05-20 19:21:21.390] [fileLog] [info] quantification processed 43000000 fragments so far

[2021-05-20 19:21:21.724] [fileLog] [info] quantification processed 43097428 fragments so far

[2021-05-20 19:21:28.359] [jointLog] [info] Thread saw mini-batch with a maximum of 1.60% zero probability fragments
[2021-05-20 19:21:28.359] [jointLog] [info] Thread saw mini-batch with a maximum of 2.60% zero probability fragments
[2021-05-20 19:21:28.364] [jointLog] [info] Thread saw mini-batch with a maximum of 1.80% zero probability fragments
[2021-05-20 19:21:28.364] [jointLog] [info] 


Completed first pass through the alignment file.
Total # of mapped reads : 43097428
# of uniquely mapped reads : 17282814
# ambiguously mapped reads : 25814614



[2021-05-20 19:21:28.520] [jointLog] [info] Computed 233340 rich equivalence classes for further processing
[2021-05-20 19:21:28.520] [jointLog] [info] Counted 42962772 total reads in the equivalence classes 
[2021-05-20 19:21:28.522] [jointLog] [info] starting optimizer
[2021-05-20 19:21:28.622] [jointLog] [info] Marked 0 weighted equivalence classes as degenerate
[2021-05-20 19:21:28.637] [jointLog] [info] iteration = 0 | max rel diff. = 4186.31
[2021-05-20 19:21:30.068] [jointLog] [info] iteration = 100 | max rel diff. = 11.0539
[2021-05-20 19:21:31.505] [jointLog] [info] iteration = 200 | max rel diff. = 2.35288
[2021-05-20 19:21:32.923] [jointLog] [info] iteration = 300 | max rel diff. = 6.1238
[2021-05-20 19:21:34.339] [jointLog] [info] iteration = 400 | max rel diff. = 2.47523
[2021-05-20 19:21:35.764] [jointLog] [info] iteration = 500 | max rel diff. = 5.49963
[2021-05-20 19:21:37.203] [jointLog] [info] iteration = 600 | max rel diff. = 12.8926
[2021-05-20 19:21:38.625] [jointLog] [info] iteration = 700 | max rel diff. = 0.201039
[2021-05-20 19:21:40.047] [jointLog] [info] iteration = 800 | max rel diff. = 0.277319
[2021-05-20 19:21:41.495] [jointLog] [info] iteration = 900 | max rel diff. = 0.160209
[2021-05-20 19:21:42.915] [jointLog] [info] iteration = 1000 | max rel diff. = 0.0718695
[2021-05-20 19:21:44.330] [jointLog] [info] iteration = 1100 | max rel diff. = 0.0563526
[2021-05-20 19:21:45.758] [jointLog] [info] iteration = 1200 | max rel diff. = 0.167184
[2021-05-20 19:21:47.191] [jointLog] [info] iteration = 1300 | max rel diff. = 0.753755
[2021-05-20 19:21:48.603] [jointLog] [info] iteration = 1400 | max rel diff. = 0.0591678
[2021-05-20 19:21:50.018] [jointLog] [info] iteration = 1500 | max rel diff. = 0.060926
[2021-05-20 19:21:51.436] [jointLog] [info] iteration = 1600 | max rel diff. = 0.0579302
[2021-05-20 19:21:52.865] [jointLog] [info] iteration = 1700 | max rel diff. = 0.0268562
[2021-05-20 19:21:54.284] [jointLog] [info] iteration = 1800 | max rel diff. = 0.0494769
[2021-05-20 19:21:55.695] [jointLog] [info] iteration = 1900 | max rel diff. = 0.193803
[2021-05-20 19:21:57.117] [jointLog] [info] iteration = 2000 | max rel diff. = 0.021561
[2021-05-20 19:21:58.528] [jointLog] [info] iteration = 2100 | max rel diff. = 0.0298791
[2021-05-20 19:21:59.940] [jointLog] [info] iteration = 2200 | max rel diff. = 0.0243246
[2021-05-20 19:22:01.357] [jointLog] [info] iteration = 2300 | max rel diff. = 0.057749
[2021-05-20 19:22:02.789] [jointLog] [info] iteration = 2400 | max rel diff. = 0.0274414
[2021-05-20 19:22:03.297] [jointLog] [info] iteration = 2437 | max rel diff. = 0.00360566
[2021-05-20 19:22:03.328] [jointLog] [info] finished optimizer
[2021-05-20 19:22:03.328] [jointLog] [info] writing output
[2021-05-20 19:22:05.122] [jointLog] [info] Computing gene-level abundance estimates
[2021-05-20 19:22:35.634] [jointLog] [warning] Feature has no GFF ID
[2021-05-20 19:22:35.634] [jointLog] [warning] Feature has no GFF ID
[2021-05-20 19:22:35.634] [jointLog] [warning] Feature has no GFF ID
[2021-05-20 19:22:35.634] [jointLog] [warning] Feature has no GFF ID
[2021-05-20 19:22:35.634] [jointLog] [warning] Feature has no GFF ID
[2021-05-20 19:22:35.634] [jointLog] [warning] Feature has no GFF ID
[2021-05-20 19:22:35.634] [jointLog] [warning] Feature has no GFF ID
[2021-05-20 19:22:35.634] [jointLog] [warning] Feature has no GFF ID
[2021-05-20 19:22:35.634] [jointLog] [warning] Feature has no GFF ID
[2021-05-20 19:22:35.634] [jointLog] [warning] Feature has no GFF ID
[2021-05-20 19:22:35.634] [jointLog] [warning] Feature has no GFF ID
[2021-05-20 19:22:35.634] [jointLog] [warning] Feature has no GFF ID
[2021-05-20 19:22:35.634] [jointLog] [warning] Feature has no GFF ID
[2021-05-20 19:22:35.634] [jointLog] [warning] Feature has no GFF ID
[2021-05-20 19:22:35.634] [jointLog] [warning] Feature has no GFF ID
[2021-05-20 19:22:35.634] [jointLog] [warning] Feature has no GFF ID
[2021-05-20 19:22:35.634] [jointLog] [warning] Feature has no GFF ID
[2021-05-20 19:22:35.634] [jointLog] [warning] Feature has no GFF ID
[2021-05-20 19:22:35.634] [jointLog] [warning] Feature has no GFF ID
[2021-05-20 19:22:35.634] [jointLog] [warning] Feature has no GFF ID
[2021-05-20 19:22:35.634] [jointLog] [warning] Feature has no GFF ID
[2021-05-20 19:22:35.634] [jointLog] [warning] Feature has no GFF ID
[2021-05-20 19:22:35.634] [jointLog] [warning] Feature has no GFF ID
[2021-05-20 19:22:35.634] [jointLog] [warning] Feature has no GFF ID
[2021-05-20 19:22:35.634] [jointLog] [warning] Feature has no GFF ID
[2021-05-20 19:22:35.634] [jointLog] [warning] Feature has no GFF ID
[2021-05-20 19:22:35.634] [jointLog] [warning] Feature has no GFF ID
[2021-05-20 19:22:35.634] [jointLog] [warning] Feature has no GFF ID
[2021-05-20 19:22:35.634] [jointLog] [warning] Feature has no GFF ID
[2021-05-20 19:22:35.634] [jointLog] [warning] Feature has no GFF ID
[2021-05-20 19:22:35.634] [jointLog] [warning] Feature has no GFF ID
[2021-05-20 19:22:35.634] [jointLog] [warning] Feature has no GFF ID
[2021-05-20 19:22:35.634] [jointLog] [warning] Feature has no GFF ID
[2021-05-20 19:22:35.634] [jointLog] [warning] Feature has no GFF ID
[2021-05-20 19:22:35.634] [jointLog] [warning] Feature has no GFF ID
[2021-05-20 19:22:35.634] [jointLog] [warning] Feature has no GFF ID
[2021-05-20 19:22:35.634] [jointLog] [warning] Feature has no GFF ID
[2021-05-20 19:22:35.634] [jointLog] [warning] Feature has no GFF ID
[2021-05-20 19:22:35.634] [jointLog] [warning] Feature has no GFF ID
[2021-05-20 19:22:35.634] [jointLog] [warning] Feature has no GFF ID
[2021-05-20 19:22:35.634] [jointLog] [warning] Feature has no GFF ID
[2021-05-20 19:22:35.634] [jointLog] [warning] Feature has no GFF ID
[2021-05-20 19:22:35.634] [jointLog] [warning] Feature has no GFF ID
[2021-05-20 19:22:35.634] [jointLog] [warning] Feature has no GFF ID
[2021-05-20 19:22:35.634] [jointLog] [warning] Feature has no GFF ID
[2021-05-20 19:22:35.634] [jointLog] [warning] Feature has no GFF ID
[2021-05-20 19:22:35.634] [jointLog] [warning] Feature has no GFF ID
[2021-05-20 19:22:35.634] [jointLog] [warning] Feature has no GFF ID
[2021-05-20 19:22:35.634] [jointLog] [warning] Feature has no GFF ID
[2021-05-20 19:22:35.634] [jointLog] [warning] Feature has no GFF ID
[2021-05-20 19:22:35.634] [jointLog] [warning] Feature has no GFF ID
[2021-05-20 19:22:35.634] [jointLog] [warning] Feature has no GFF ID
[2021-05-20 19:22:35.634] [jointLog] [warning] Feature has no GFF ID
[2021-05-20 19:22:35.634] [jointLog] [warning] Feature has no GFF ID
[2021-05-20 19:22:35.634] [jointLog] [warning] Feature has no GFF ID
[2021-05-20 19:22:35.634] [jointLog] [warning] Feature has no GFF ID
[2021-05-20 19:22:35.634] [jointLog] [warning] Feature has no GFF ID
[2021-05-20 19:22:35.634] [jointLog] [warning] Feature has no GFF ID
[2021-05-20 19:22:35.634] [jointLog] [warning] Feature has no GFF ID
[2021-05-20 19:22:35.634] [jointLog] [warning] Feature has no GFF ID
[2021-05-20 19:22:35.634] [jointLog] [warning] Feature has no GFF ID
[2021-05-20 19:22:35.634] [jointLog] [warning] Feature has no GFF ID
[2021-05-20 19:22:35.634] [jointLog] [warning] Feature has no GFF ID
[2021-05-20 19:22:35.634] [jointLog] [warning] Feature has no GFF ID
[2021-05-20 19:22:35.634] [jointLog] [warning] Feature has no GFF ID
[2021-05-20 19:22:35.634] [jointLog] [warning] Feature has no GFF ID
[2021-05-20 19:22:35.634] [jointLog] [warning] Feature has no GFF ID
[2021-05-20 19:22:35.634] [jointLog] [warning] Feature has no GFF ID
[2021-05-20 19:22:35.634] [jointLog] [warning] Feature has no GFF ID
[2021-05-20 19:22:35.634] [jointLog] [warning] Feature has no GFF ID
[2021-05-20 19:22:35.634] [jointLog] [warning] Feature has no GFF ID
[2021-05-20 19:22:35.634] [jointLog] [warning] Feature has no GFF ID
[2021-05-20 19:22:35.634] [jointLog] [warning] Feature has no GFF ID
[2021-05-20 19:22:35.634] [jointLog] [warning] Feature has no GFF ID
[2021-05-20 19:22:35.634] [jointLog] [warning] Feature has no GFF ID
[2021-05-20 19:22:35.634] [jointLog] [warning] Feature has no GFF ID
[2021-05-20 19:22:35.634] [jointLog] [warning] Feature has no GFF ID
[2021-05-20 19:22:35.634] [jointLog] [warning] Feature has no GFF ID
[2021-05-20 19:22:35.634] [jointLog] [warning] Feature has no GFF ID
[2021-05-20 19:22:35.634] [jointLog] [warning] Feature has no GFF ID
[2021-05-20 19:22:35.634] [jointLog] [warning] Feature has no GFF ID
[2021-05-20 19:22:35.634] [jointLog] [warning] Feature has no GFF ID
[2021-05-20 19:22:35.634] [jointLog] [warning] Feature has no GFF ID
[2021-05-20 19:22:35.634] [jointLog] [warning] Feature has no GFF ID
[2021-05-20 19:22:35.634] [jointLog] [warning] Feature has no GFF ID
[2021-05-20 19:22:35.634] [jointLog] [warning] Feature has no GFF ID
[2021-05-20 19:22:35.634] [jointLog] [warning] Feature has no GFF ID
[2021-05-20 19:22:35.635] [jointLog] [warning] Feature has no GFF ID
[2021-05-20 19:22:35.635] [jointLog] [warning] Feature has no GFF ID
[2021-05-20 19:22:35.635] [jointLog] [warning] Feature has no GFF ID
[2021-05-20 19:22:35.635] [jointLog] [warning] Feature has no GFF ID
[2021-05-20 19:22:35.635] [jointLog] [warning] Feature has no GFF ID
[2021-05-20 19:22:35.969] [jointLog] [info] There were 142604 transcripts mapping to 55401 genes
[2021-05-20 19:22:35.969] [jointLog] [info] NOTE: We recommend using tximport (https://bioconductor.org/packages/release/bioc/html/tximport.html) for aggregating transcript-level salmon abundance estimates to the gene level.  It is more versatile, exposes more features, and allows considering multi-sample information during aggregation.
[2021-05-20 19:22:36.267] [jointLog] [warning] couldn't find transcript named [DQ459430] in transcript <-> gene map; returning transcript as it's own gene
[2021-05-20 19:22:36.267] [jointLog] [warning] couldn't find transcript named [DQ516784] in transcript <-> gene map; returning transcript as it's own gene
[2021-05-20 19:22:36.267] [jointLog] [warning] couldn't find transcript named [DQ516752] in transcript <-> gene map; returning transcript as it's own gene
[2021-05-20 19:22:36.267] [jointLog] [warning] couldn't find transcript named [DQ668364] in transcript <-> gene map; returning transcript as it's own gene
[2021-05-20 19:22:36.267] [jointLog] [warning] couldn't find transcript named [DQ883670] in transcript <-> gene map; returning transcript as it's own gene
[2021-05-20 19:22:36.267] [jointLog] [warning] couldn't find transcript named [EF011062] in transcript <-> gene map; returning transcript as it's own gene
[2021-05-20 19:22:36.267] [jointLog] [warning] couldn't find transcript named [DQ875385] in transcript <-> gene map; returning transcript as it's own gene
[2021-05-20 19:22:36.267] [jointLog] [warning] couldn't find transcript named [DQ883664] in transcript <-> gene map; returning transcript as it's own gene
[2021-05-20 19:22:36.267] [jointLog] [warning] couldn't find transcript named [DQ459420] in transcript <-> gene map; returning transcript as it's own gene
[2021-05-20 19:22:36.267] [jointLog] [warning] couldn't find transcript named [DQ883651] in transcript <-> gene map; returning transcript as it's own gene
[2021-05-20 19:22:36.267] [jointLog] [warning] couldn't find transcript named [DQ855004] in transcript <-> gene map; returning transcript as it's own gene
[2021-05-20 19:22:36.267] [jointLog] [warning] couldn't find transcript named [DQ854993] in transcript <-> gene map; returning transcript as it's own gene
[2021-05-20 19:22:36.267] [jointLog] [warning] couldn't find transcript named [DQ883689] in transcript <-> gene map; returning transcript as it's own gene
[2021-05-20 19:22:36.267] [jointLog] [warning] couldn't find transcript named [DQ459419] in transcript <-> gene map; returning transcript as it's own gene
[2021-05-20 19:22:36.267] [jointLog] [warning] couldn't find transcript named [DQ459431] in transcript <-> gene map; returning transcript as it's own gene
[2021-05-20 19:22:36.267] [jointLog] [warning] couldn't find transcript named [DQ516796] in transcript <-> gene map; returning transcript as it's own gene
[2021-05-20 19:22:36.267] [jointLog] [warning] couldn't find transcript named [DQ855001] in transcript <-> gene map; returning transcript as it's own gene
[2021-05-20 19:22:36.267] [jointLog] [warning] couldn't find transcript named [DQ459413] in transcript <-> gene map; returning transcript as it's own gene
[2021-05-20 19:22:36.267] [jointLog] [warning] couldn't find transcript named [DQ883656] in transcript <-> gene map; returning transcript as it's own gene
[2021-05-20 19:22:36.267] [jointLog] [warning] couldn't find transcript named [DQ883661] in transcript <-> gene map; returning transcript as it's own gene
[2021-05-20 19:22:36.267] [jointLog] [warning] couldn't find transcript named [EF011069] in transcript <-> gene map; returning transcript as it's own gene
[2021-05-20 19:22:36.267] [jointLog] [warning] couldn't find transcript named [DQ516783] in transcript <-> gene map; returning transcript as it's own gene
[2021-05-20 19:22:36.267] [jointLog] [warning] couldn't find transcript named [DQ516787] in transcript <-> gene map; returning transcript as it's own gene
[2021-05-20 19:22:36.267] [jointLog] [warning] couldn't find transcript named [DQ459424] in transcript <-> gene map; returning transcript as it's own gene
[2021-05-20 19:22:36.267] [jointLog] [warning] couldn't find transcript named [DQ516748] in transcript <-> gene map; returning transcript as it's own gene
[2021-05-20 19:22:36.267] [jointLog] [warning] couldn't find transcript named [DQ883671] in transcript <-> gene map; returning transcript as it's own gene
[2021-05-20 19:22:36.267] [jointLog] [warning] couldn't find transcript named [DQ516740] in transcript <-> gene map; returning transcript as it's own gene
[2021-05-20 19:22:36.267] [jointLog] [warning] couldn't find transcript named [DQ516785] in transcript <-> gene map; returning transcript as it's own gene
[2021-05-20 19:22:36.267] [jointLog] [warning] couldn't find transcript named [DQ516731] in transcript <-> gene map; returning transcript as it's own gene
[2021-05-20 19:22:36.267] [jointLog] [warning] couldn't find transcript named [DQ668366] in transcript <-> gene map; returning transcript as it's own gene
[2021-05-20 19:22:36.267] [jointLog] [warning] couldn't find transcript named [DQ459418] in transcript <-> gene map; returning transcript as it's own gene
[2021-05-20 19:22:36.267] [jointLog] [warning] couldn't find transcript named [DQ668356] in transcript <-> gene map; returning transcript as it's own gene
[2021-05-20 19:22:36.267] [jointLog] [warning] couldn't find transcript named [DQ516763] in transcript <-> gene map; returning transcript as it's own gene
[2021-05-20 19:22:36.267] [jointLog] [warning] couldn't find transcript named [DQ459426] in transcript <-> gene map; returning transcript as it's own gene
[2021-05-20 19:22:36.267] [jointLog] [warning] couldn't find transcript named [DQ516786] in transcript <-> gene map; returning transcript as it's own gene
[2021-05-20 19:22:36.267] [jointLog] [warning] couldn't find transcript named [DQ883653] in transcript <-> gene map; returning transcript as it's own gene
[2021-05-20 19:22:36.267] [jointLog] [warning] couldn't find transcript named [DQ459421] in transcript <-> gene map; returning transcript as it's own gene
[2021-05-20 19:22:36.267] [jointLog] [warning] couldn't find transcript named [DQ883654] in transcript <-> gene map; returning transcript as it's own gene
[2021-05-20 19:22:36.267] [jointLog] [warning] couldn't find transcript named [DQ668358] in transcript <-> gene map; returning transcript as it's own gene
[2021-05-20 19:22:36.267] [jointLog] [warning] couldn't find transcript named [DQ516754] in transcript <-> gene map; returning transcript as it's own gene
[2021-05-20 19:22:36.267] [jointLog] [warning] couldn't find transcript named [DQ516778] in transcript <-> gene map; returning transcript as it's own gene
[2021-05-20 19:22:36.267] [jointLog] [warning] couldn't find transcript named [DQ883650] in transcript <-> gene map; returning transcript as it's own gene
[2021-05-20 19:22:36.267] [jointLog] [warning] couldn't find transcript named [DQ516742] in transcript <-> gene map; returning transcript as it's own gene
[2021-05-20 19:22:36.267] [jointLog] [warning] couldn't find transcript named [DQ883673] in transcript <-> gene map; returning transcript as it's own gene
[2021-05-20 19:22:36.267] [jointLog] [warning] couldn't find transcript named [DQ883652] in transcript <-> gene map; returning transcript as it's own gene
[2021-05-20 19:22:36.267] [jointLog] [warning] couldn't find transcript named [DQ854991] in transcript <-> gene map; returning transcript as it's own gene
[2021-05-20 19:22:36.267] [jointLog] [warning] couldn't find transcript named [DQ516780] in transcript <-> gene map; returning transcript as it's own gene
[2021-05-20 19:22:36.267] [jointLog] [warning] couldn't find transcript named [DQ883682] in transcript <-> gene map; returning transcript as it's own gene
[2021-05-20 19:22:36.267] [jointLog] [warning] couldn't find transcript named [DQ883669] in transcript <-> gene map; returning transcript as it's own gene
[2021-05-20 19:22:36.267] [jointLog] [warning] couldn't find transcript named [DQ516791] in transcript <-> gene map; returning transcript as it's own gene
[2021-05-20 19:22:36.267] [jointLog] [warning] couldn't find transcript named [DQ459425] in transcript <-> gene map; returning transcript as it's own gene
[2021-05-20 19:22:36.267] [jointLog] [warning] couldn't find transcript named [DQ516759] in transcript <-> gene map; returning transcript as it's own gene
[2021-05-20 19:22:36.267] [jointLog] [warning] couldn't find transcript named [DQ459429] in transcript <-> gene map; returning transcript as it's own gene
[2021-05-20 19:22:36.267] [jointLog] [warning] couldn't find transcript named [DQ516758] in transcript <-> gene map; returning transcript as it's own gene
[2021-05-20 19:22:36.267] [jointLog] [warning] couldn't find transcript named [DQ459415] in transcript <-> gene map; returning transcript as it's own gene
[2021-05-20 19:22:36.267] [jointLog] [warning] couldn't find transcript named [DQ875387] in transcript <-> gene map; returning transcript as it's own gene
[2021-05-20 19:22:36.267] [jointLog] [warning] couldn't find transcript named [DQ516815] in transcript <-> gene map; returning transcript as it's own gene
[2021-05-20 19:22:36.267] [jointLog] [warning] couldn't find transcript named [DQ668365] in transcript <-> gene map; returning transcript as it's own gene
[2021-05-20 19:22:36.267] [jointLog] [warning] couldn't find transcript named [DQ854998] in transcript <-> gene map; returning transcript as it's own gene
[2021-05-20 19:22:36.267] [jointLog] [warning] couldn't find transcript named [DQ883685] in transcript <-> gene map; returning transcript as it's own gene
[2021-05-20 19:22:36.267] [jointLog] [warning] couldn't find transcript named [DQ459422] in transcript <-> gene map; returning transcript as it's own gene
[2021-05-20 19:22:36.267] [jointLog] [warning] couldn't find transcript named [DQ883663] in transcript <-> gene map; returning transcript as it's own gene
[2021-05-20 19:22:36.267] [jointLog] [warning] couldn't find transcript named [DQ668367] in transcript <-> gene map; returning transcript as it's own gene
[2021-05-20 19:22:36.267] [jointLog] [warning] couldn't find transcript named [DQ459412] in transcript <-> gene map; returning transcript as it's own gene
[2021-05-20 19:22:36.267] [jointLog] [warning] couldn't find transcript named [DQ854992] in transcript <-> gene map; returning transcript as it's own gene
[2021-05-20 19:22:36.267] [jointLog] [warning] couldn't find transcript named [DQ516782] in transcript <-> gene map; returning transcript as it's own gene
[2021-05-20 19:22:36.267] [jointLog] [warning] couldn't find transcript named [DQ459427] in transcript <-> gene map; returning transcript as it's own gene
[2021-05-20 19:22:36.267] [jointLog] [warning] couldn't find transcript named [EF011072] in transcript <-> gene map; returning transcript as it's own gene
[2021-05-20 19:22:36.267] [jointLog] [warning] couldn't find transcript named [DQ855003] in transcript <-> gene map; returning transcript as it's own gene
[2021-05-20 19:22:36.267] [jointLog] [warning] couldn't find transcript named [DQ516739] in transcript <-> gene map; returning transcript as it's own gene
[2021-05-20 19:22:36.267] [jointLog] [warning] couldn't find transcript named [EF011063] in transcript <-> gene map; returning transcript as it's own gene
[2021-05-20 19:22:36.267] [jointLog] [warning] couldn't find transcript named [DQ855000] in transcript <-> gene map; returning transcript as it's own gene
[2021-05-20 19:22:36.267] [jointLog] [warning] couldn't find transcript named [DQ516777] in transcript <-> gene map; returning transcript as it's own gene
[2021-05-20 19:22:36.267] [jointLog] [warning] couldn't find transcript named [DQ883646] in transcript <-> gene map; returning transcript as it's own gene
[2021-05-20 19:22:36.267] [jointLog] [warning] couldn't find transcript named [DQ668362] in transcript <-> gene map; returning transcript as it's own gene
[2021-05-20 19:22:36.267] [jointLog] [warning] couldn't find transcript named [DQ854995] in transcript <-> gene map; returning transcript as it's own gene
[2021-05-20 19:22:36.267] [jointLog] [warning] couldn't find transcript named [DQ875386] in transcript <-> gene map; returning transcript as it's own gene
[2021-05-20 19:22:36.267] [jointLog] [warning] couldn't find transcript named [DQ516790] in transcript <-> gene map; returning transcript as it's own gene
[2021-05-20 19:22:36.267] [jointLog] [warning] couldn't find transcript named [DQ883642] in transcript <-> gene map; returning transcript as it's own gene
[2021-05-20 19:22:36.267] [jointLog] [warning] couldn't find transcript named [DQ883659] in transcript <-> gene map; returning transcript as it's own gene
[2021-05-20 19:22:36.267] [jointLog] [warning] couldn't find transcript named [DQ854997] in transcript <-> gene map; returning transcript as it's own gene
[2021-05-20 19:22:36.267] [jointLog] [warning] couldn't find transcript named [DQ883643] in transcript <-> gene map; returning transcript as it's own gene
[2021-05-20 19:22:36.267] [jointLog] [warning] couldn't find transcript named [DQ839618] in transcript <-> gene map; returning transcript as it's own gene
[2021-05-20 19:22:36.267] [jointLog] [warning] couldn't find transcript named [DQ516795] in transcript <-> gene map; returning transcript as it's own gene
[2021-05-20 19:22:36.267] [jointLog] [warning] couldn't find transcript named [DQ883658] in transcript <-> gene map; returning transcript as it's own gene
[2021-05-20 19:22:36.267] [jointLog] [warning] couldn't find transcript named [DQ516750] in transcript <-> gene map; returning transcript as it's own gene
[2021-05-20 19:22:36.267] [jointLog] [warning] couldn't find transcript named [DQ668359] in transcript <-> gene map; returning transcript as it's own gene
[2021-05-20 19:22:36.267] [jointLog] [warning] couldn't find transcript named [DQ516779] in transcript <-> gene map; returning transcript as it's own gene
[2021-05-20 19:22:36.267] [jointLog] [warning] couldn't find transcript named [DQ668363] in transcript <-> gene map; returning transcript as it's own gene
[2021-05-20 19:22:36.267] [jointLog] [warning] couldn't find transcript named [DQ516776] in transcript <-> gene map; returning transcript as it's own gene
[2021-05-20 19:22:36.267] [jointLog] [warning] couldn't find transcript named [DQ516773] in transcript <-> gene map; returning transcript as it's own gene
[2021-05-20 19:22:36.267] [jointLog] [warning] couldn't find transcript named [DQ854994] in transcript <-> gene map; returning transcript as it's own gene
[2021-05-20 19:22:36.268] [jointLog] [info] Aggregating expressions to gene level
[2021-05-20 19:22:36.466] [jointLog] [info] done
