[2021-04-27 20:49:33.009] [jointLog] [info] setting maxHashResizeThreads to 6
[2021-04-27 20:49:33.009] [jointLog] [info] Fragment incompatibility prior below threshold.  Incompatible fragments will be ignored.
[2021-04-27 20:49:33.010] [jointLog] [info] numQuantThreads = 3
[2021-04-27 20:49:36.103] [fileLog] [info] quantification processed 0 fragments so far

[2021-04-27 20:49:35.855] [jointLog] [info] replaced 4 non-ACGT nucleotides with random nucleotides
[2021-04-27 20:49:39.922] [fileLog] [info] quantification processed 1000000 fragments so far

[2021-04-27 20:49:43.870] [fileLog] [info] quantification processed 2000000 fragments so far

[2021-04-27 20:49:46.850] [jointLog] [info] 

The alignment group queue pool has been exhausted.  3130941 extra fragments were allocated on the heap to saturate the pool.  No new fragments will be allocated


[2021-04-27 20:49:50.008] [fileLog] [info] quantification processed 3000000 fragments so far

[2021-04-27 20:50:04.247] [fileLog] [info] quantification processed 4000000 fragments so far

[2021-04-27 20:50:17.796] [fileLog] [info] quantification processed 5000000 fragments so far

[2021-04-27 20:50:30.544] [fileLog] [info] quantification processed 6000000 fragments so far

[2021-04-27 20:50:43.217] [fileLog] [info] quantification processed 7000000 fragments so far

[2021-04-27 20:50:46.135] [fileLog] [info] quantification processed 8000000 fragments so far

[2021-04-27 20:50:49.083] [fileLog] [info] quantification processed 9000000 fragments so far

[2021-04-27 20:50:51.825] [fileLog] [info] quantification processed 10000000 fragments so far

[2021-04-27 20:50:54.659] [fileLog] [info] quantification processed 11000000 fragments so far

[2021-04-27 20:50:57.446] [fileLog] [info] quantification processed 12000000 fragments so far

[2021-04-27 20:51:00.664] [fileLog] [info] quantification processed 13000000 fragments so far

[2021-04-27 20:51:04.898] [fileLog] [info] quantification processed 14000000 fragments so far

[2021-04-27 20:51:08.201] [fileLog] [info] quantification processed 15000000 fragments so far

[2021-04-27 20:51:11.183] [fileLog] [info] quantification processed 16000000 fragments so far

[2021-04-27 20:51:13.788] [fileLog] [info] quantification processed 17000000 fragments so far

[2021-04-27 20:51:16.559] [fileLog] [info] quantification processed 18000000 fragments so far

[2021-04-27 20:51:20.569] [fileLog] [info] quantification processed 19000000 fragments so far

[2021-04-27 20:51:23.694] [fileLog] [info] quantification processed 20000000 fragments so far

[2021-04-27 20:51:26.499] [fileLog] [info] quantification processed 21000000 fragments so far

[2021-04-27 20:51:29.843] [fileLog] [info] quantification processed 22000000 fragments so far

[2021-04-27 20:51:32.586] [fileLog] [info] quantification processed 23000000 fragments so far

[2021-04-27 20:51:35.340] [fileLog] [info] quantification processed 24000000 fragments so far

[2021-04-27 20:51:38.204] [fileLog] [info] quantification processed 25000000 fragments so far

[2021-04-27 20:51:40.949] [fileLog] [info] quantification processed 26000000 fragments so far

[2021-04-27 20:51:43.244] [fileLog] [info] quantification processed 27000000 fragments so far

[2021-04-27 20:51:47.551] [fileLog] [info] quantification processed 28000000 fragments so far

[2021-04-27 20:51:50.474] [fileLog] [info] quantification processed 29000000 fragments so far

[2021-04-27 20:51:53.328] [fileLog] [info] quantification processed 30000000 fragments so far

[2021-04-27 20:51:56.246] [fileLog] [info] quantification processed 31000000 fragments so far

[2021-04-27 20:51:57.023] [jointLog] [info] Thread saw mini-batch with a maximum of 4.90% zero probability fragments
[2021-04-27 20:51:57.026] [jointLog] [info] Thread saw mini-batch with a maximum of 4.20% zero probability fragments
[2021-04-27 20:51:57.031] [jointLog] [info] Thread saw mini-batch with a maximum of 3.70% zero probability fragments
[2021-04-27 20:51:57.032] [jointLog] [info] 


Completed first pass through the alignment file.
Total # of mapped reads : 31247167
# of uniquely mapped reads : 11759540
# ambiguously mapped reads : 19487627



[2021-04-27 20:51:57.009] [fileLog] [info] quantification processed 31247167 fragments so far

[2021-04-27 20:51:57.174] [jointLog] [info] Computed 239161 rich equivalence classes for further processing
[2021-04-27 20:51:57.174] [jointLog] [info] Counted 31131704 total reads in the equivalence classes 
[2021-04-27 20:51:57.176] [jointLog] [info] starting optimizer
[2021-04-27 20:51:57.272] [jointLog] [info] Marked 0 weighted equivalence classes as degenerate
[2021-04-27 20:51:57.293] [jointLog] [info] iteration = 0 | max rel diff. = 8152.04
[2021-04-27 20:51:58.950] [jointLog] [info] iteration = 100 | max rel diff. = 15.1216
[2021-04-27 20:52:00.583] [jointLog] [info] iteration = 200 | max rel diff. = 7.76568
[2021-04-27 20:52:02.174] [jointLog] [info] iteration = 300 | max rel diff. = 1.94873
[2021-04-27 20:52:03.708] [jointLog] [info] iteration = 400 | max rel diff. = 0.641988
[2021-04-27 20:52:05.237] [jointLog] [info] iteration = 500 | max rel diff. = 0.357403
[2021-04-27 20:52:06.774] [jointLog] [info] iteration = 600 | max rel diff. = 0.0589082
[2021-04-27 20:52:08.299] [jointLog] [info] iteration = 700 | max rel diff. = 13.1828
[2021-04-27 20:52:09.804] [jointLog] [info] iteration = 800 | max rel diff. = 14.532
[2021-04-27 20:52:11.309] [jointLog] [info] iteration = 900 | max rel diff. = 0.21185
[2021-04-27 20:52:12.837] [jointLog] [info] iteration = 1000 | max rel diff. = 0.142204
[2021-04-27 20:52:14.375] [jointLog] [info] iteration = 1100 | max rel diff. = 0.0752052
[2021-04-27 20:52:15.908] [jointLog] [info] iteration = 1200 | max rel diff. = 0.0986083
[2021-04-27 20:52:17.400] [jointLog] [info] iteration = 1300 | max rel diff. = 0.270399
[2021-04-27 20:52:18.865] [jointLog] [info] iteration = 1400 | max rel diff. = 0.0558142
[2021-04-27 20:52:20.311] [jointLog] [info] iteration = 1500 | max rel diff. = 0.0977103
[2021-04-27 20:52:20.643] [jointLog] [info] iteration = 1524 | max rel diff. = 0.00627308
[2021-04-27 20:52:20.673] [jointLog] [info] finished optimizer
[2021-04-27 20:52:20.673] [jointLog] [info] writing output
[2021-04-27 20:52:22.343] [jointLog] [info] Computing gene-level abundance estimates
[2021-04-27 20:52:47.901] [jointLog] [warning] Feature has no GFF ID
[2021-04-27 20:52:47.901] [jointLog] [warning] Feature has no GFF ID
[2021-04-27 20:52:47.901] [jointLog] [warning] Feature has no GFF ID
[2021-04-27 20:52:47.901] [jointLog] [warning] Feature has no GFF ID
[2021-04-27 20:52:47.901] [jointLog] [warning] Feature has no GFF ID
[2021-04-27 20:52:47.901] [jointLog] [warning] Feature has no GFF ID
[2021-04-27 20:52:47.901] [jointLog] [warning] Feature has no GFF ID
[2021-04-27 20:52:47.901] [jointLog] [warning] Feature has no GFF ID
[2021-04-27 20:52:47.901] [jointLog] [warning] Feature has no GFF ID
[2021-04-27 20:52:47.901] [jointLog] [warning] Feature has no GFF ID
[2021-04-27 20:52:47.901] [jointLog] [warning] Feature has no GFF ID
[2021-04-27 20:52:47.901] [jointLog] [warning] Feature has no GFF ID
[2021-04-27 20:52:47.901] [jointLog] [warning] Feature has no GFF ID
[2021-04-27 20:52:47.901] [jointLog] [warning] Feature has no GFF ID
[2021-04-27 20:52:47.901] [jointLog] [warning] Feature has no GFF ID
[2021-04-27 20:52:47.901] [jointLog] [warning] Feature has no GFF ID
[2021-04-27 20:52:47.901] [jointLog] [warning] Feature has no GFF ID
[2021-04-27 20:52:47.901] [jointLog] [warning] Feature has no GFF ID
[2021-04-27 20:52:47.901] [jointLog] [warning] Feature has no GFF ID
[2021-04-27 20:52:47.901] [jointLog] [warning] Feature has no GFF ID
[2021-04-27 20:52:47.901] [jointLog] [warning] Feature has no GFF ID
[2021-04-27 20:52:47.901] [jointLog] [warning] Feature has no GFF ID
[2021-04-27 20:52:47.901] [jointLog] [warning] Feature has no GFF ID
[2021-04-27 20:52:47.901] [jointLog] [warning] Feature has no GFF ID
[2021-04-27 20:52:47.901] [jointLog] [warning] Feature has no GFF ID
[2021-04-27 20:52:47.901] [jointLog] [warning] Feature has no GFF ID
[2021-04-27 20:52:47.901] [jointLog] [warning] Feature has no GFF ID
[2021-04-27 20:52:47.901] [jointLog] [warning] Feature has no GFF ID
[2021-04-27 20:52:47.901] [jointLog] [warning] Feature has no GFF ID
[2021-04-27 20:52:47.901] [jointLog] [warning] Feature has no GFF ID
[2021-04-27 20:52:47.901] [jointLog] [warning] Feature has no GFF ID
[2021-04-27 20:52:47.901] [jointLog] [warning] Feature has no GFF ID
[2021-04-27 20:52:47.901] [jointLog] [warning] Feature has no GFF ID
[2021-04-27 20:52:47.901] [jointLog] [warning] Feature has no GFF ID
[2021-04-27 20:52:47.901] [jointLog] [warning] Feature has no GFF ID
[2021-04-27 20:52:47.901] [jointLog] [warning] Feature has no GFF ID
[2021-04-27 20:52:47.901] [jointLog] [warning] Feature has no GFF ID
[2021-04-27 20:52:47.901] [jointLog] [warning] Feature has no GFF ID
[2021-04-27 20:52:47.901] [jointLog] [warning] Feature has no GFF ID
[2021-04-27 20:52:47.901] [jointLog] [warning] Feature has no GFF ID
[2021-04-27 20:52:47.901] [jointLog] [warning] Feature has no GFF ID
[2021-04-27 20:52:47.901] [jointLog] [warning] Feature has no GFF ID
[2021-04-27 20:52:47.901] [jointLog] [warning] Feature has no GFF ID
[2021-04-27 20:52:47.901] [jointLog] [warning] Feature has no GFF ID
[2021-04-27 20:52:47.901] [jointLog] [warning] Feature has no GFF ID
[2021-04-27 20:52:47.901] [jointLog] [warning] Feature has no GFF ID
[2021-04-27 20:52:47.901] [jointLog] [warning] Feature has no GFF ID
[2021-04-27 20:52:47.901] [jointLog] [warning] Feature has no GFF ID
[2021-04-27 20:52:47.901] [jointLog] [warning] Feature has no GFF ID
[2021-04-27 20:52:47.901] [jointLog] [warning] Feature has no GFF ID
[2021-04-27 20:52:47.901] [jointLog] [warning] Feature has no GFF ID
[2021-04-27 20:52:47.901] [jointLog] [warning] Feature has no GFF ID
[2021-04-27 20:52:47.901] [jointLog] [warning] Feature has no GFF ID
[2021-04-27 20:52:47.901] [jointLog] [warning] Feature has no GFF ID
[2021-04-27 20:52:47.901] [jointLog] [warning] Feature has no GFF ID
[2021-04-27 20:52:47.901] [jointLog] [warning] Feature has no GFF ID
[2021-04-27 20:52:47.901] [jointLog] [warning] Feature has no GFF ID
[2021-04-27 20:52:47.901] [jointLog] [warning] Feature has no GFF ID
[2021-04-27 20:52:47.901] [jointLog] [warning] Feature has no GFF ID
[2021-04-27 20:52:47.901] [jointLog] [warning] Feature has no GFF ID
[2021-04-27 20:52:47.901] [jointLog] [warning] Feature has no GFF ID
[2021-04-27 20:52:47.901] [jointLog] [warning] Feature has no GFF ID
[2021-04-27 20:52:47.901] [jointLog] [warning] Feature has no GFF ID
[2021-04-27 20:52:47.901] [jointLog] [warning] Feature has no GFF ID
[2021-04-27 20:52:47.901] [jointLog] [warning] Feature has no GFF ID
[2021-04-27 20:52:47.901] [jointLog] [warning] Feature has no GFF ID
[2021-04-27 20:52:47.901] [jointLog] [warning] Feature has no GFF ID
[2021-04-27 20:52:47.901] [jointLog] [warning] Feature has no GFF ID
[2021-04-27 20:52:47.901] [jointLog] [warning] Feature has no GFF ID
[2021-04-27 20:52:47.901] [jointLog] [warning] Feature has no GFF ID
[2021-04-27 20:52:47.901] [jointLog] [warning] Feature has no GFF ID
[2021-04-27 20:52:47.901] [jointLog] [warning] Feature has no GFF ID
[2021-04-27 20:52:47.901] [jointLog] [warning] Feature has no GFF ID
[2021-04-27 20:52:47.901] [jointLog] [warning] Feature has no GFF ID
[2021-04-27 20:52:47.901] [jointLog] [warning] Feature has no GFF ID
[2021-04-27 20:52:47.901] [jointLog] [warning] Feature has no GFF ID
[2021-04-27 20:52:47.901] [jointLog] [warning] Feature has no GFF ID
[2021-04-27 20:52:47.901] [jointLog] [warning] Feature has no GFF ID
[2021-04-27 20:52:47.901] [jointLog] [warning] Feature has no GFF ID
[2021-04-27 20:52:47.901] [jointLog] [warning] Feature has no GFF ID
[2021-04-27 20:52:47.901] [jointLog] [warning] Feature has no GFF ID
[2021-04-27 20:52:47.901] [jointLog] [warning] Feature has no GFF ID
[2021-04-27 20:52:47.901] [jointLog] [warning] Feature has no GFF ID
[2021-04-27 20:52:47.901] [jointLog] [warning] Feature has no GFF ID
[2021-04-27 20:52:47.901] [jointLog] [warning] Feature has no GFF ID
[2021-04-27 20:52:47.901] [jointLog] [warning] Feature has no GFF ID
[2021-04-27 20:52:47.901] [jointLog] [warning] Feature has no GFF ID
[2021-04-27 20:52:47.901] [jointLog] [warning] Feature has no GFF ID
[2021-04-27 20:52:47.901] [jointLog] [warning] Feature has no GFF ID
[2021-04-27 20:52:47.901] [jointLog] [warning] Feature has no GFF ID
[2021-04-27 20:52:47.901] [jointLog] [warning] Feature has no GFF ID
[2021-04-27 20:52:47.901] [jointLog] [warning] Feature has no GFF ID
[2021-04-27 20:52:48.173] [jointLog] [info] There were 142604 transcripts mapping to 55401 genes
[2021-04-27 20:52:48.173] [jointLog] [info] NOTE: We recommend using tximport (https://bioconductor.org/packages/release/bioc/html/tximport.html) for aggregating transcript-level salmon abundance estimates to the gene level.  It is more versatile, exposes more features, and allows considering multi-sample information during aggregation.
[2021-04-27 20:52:48.414] [jointLog] [warning] couldn't find transcript named [DQ459430] in transcript <-> gene map; returning transcript as it's own gene
[2021-04-27 20:52:48.414] [jointLog] [warning] couldn't find transcript named [DQ516784] in transcript <-> gene map; returning transcript as it's own gene
[2021-04-27 20:52:48.414] [jointLog] [warning] couldn't find transcript named [DQ516752] in transcript <-> gene map; returning transcript as it's own gene
[2021-04-27 20:52:48.414] [jointLog] [warning] couldn't find transcript named [DQ668364] in transcript <-> gene map; returning transcript as it's own gene
[2021-04-27 20:52:48.414] [jointLog] [warning] couldn't find transcript named [DQ883670] in transcript <-> gene map; returning transcript as it's own gene
[2021-04-27 20:52:48.414] [jointLog] [warning] couldn't find transcript named [EF011062] in transcript <-> gene map; returning transcript as it's own gene
[2021-04-27 20:52:48.414] [jointLog] [warning] couldn't find transcript named [DQ875385] in transcript <-> gene map; returning transcript as it's own gene
[2021-04-27 20:52:48.414] [jointLog] [warning] couldn't find transcript named [DQ883664] in transcript <-> gene map; returning transcript as it's own gene
[2021-04-27 20:52:48.414] [jointLog] [warning] couldn't find transcript named [DQ459420] in transcript <-> gene map; returning transcript as it's own gene
[2021-04-27 20:52:48.414] [jointLog] [warning] couldn't find transcript named [DQ883651] in transcript <-> gene map; returning transcript as it's own gene
[2021-04-27 20:52:48.414] [jointLog] [warning] couldn't find transcript named [DQ855004] in transcript <-> gene map; returning transcript as it's own gene
[2021-04-27 20:52:48.414] [jointLog] [warning] couldn't find transcript named [DQ854993] in transcript <-> gene map; returning transcript as it's own gene
[2021-04-27 20:52:48.414] [jointLog] [warning] couldn't find transcript named [DQ883689] in transcript <-> gene map; returning transcript as it's own gene
[2021-04-27 20:52:48.414] [jointLog] [warning] couldn't find transcript named [DQ459419] in transcript <-> gene map; returning transcript as it's own gene
[2021-04-27 20:52:48.414] [jointLog] [warning] couldn't find transcript named [DQ459431] in transcript <-> gene map; returning transcript as it's own gene
[2021-04-27 20:52:48.414] [jointLog] [warning] couldn't find transcript named [DQ516796] in transcript <-> gene map; returning transcript as it's own gene
[2021-04-27 20:52:48.414] [jointLog] [warning] couldn't find transcript named [DQ855001] in transcript <-> gene map; returning transcript as it's own gene
[2021-04-27 20:52:48.414] [jointLog] [warning] couldn't find transcript named [DQ459413] in transcript <-> gene map; returning transcript as it's own gene
[2021-04-27 20:52:48.414] [jointLog] [warning] couldn't find transcript named [DQ883656] in transcript <-> gene map; returning transcript as it's own gene
[2021-04-27 20:52:48.414] [jointLog] [warning] couldn't find transcript named [DQ883661] in transcript <-> gene map; returning transcript as it's own gene
[2021-04-27 20:52:48.414] [jointLog] [warning] couldn't find transcript named [EF011069] in transcript <-> gene map; returning transcript as it's own gene
[2021-04-27 20:52:48.414] [jointLog] [warning] couldn't find transcript named [DQ516783] in transcript <-> gene map; returning transcript as it's own gene
[2021-04-27 20:52:48.414] [jointLog] [warning] couldn't find transcript named [DQ516787] in transcript <-> gene map; returning transcript as it's own gene
[2021-04-27 20:52:48.414] [jointLog] [warning] couldn't find transcript named [DQ459424] in transcript <-> gene map; returning transcript as it's own gene
[2021-04-27 20:52:48.414] [jointLog] [warning] couldn't find transcript named [DQ516748] in transcript <-> gene map; returning transcript as it's own gene
[2021-04-27 20:52:48.414] [jointLog] [warning] couldn't find transcript named [DQ883671] in transcript <-> gene map; returning transcript as it's own gene
[2021-04-27 20:52:48.414] [jointLog] [warning] couldn't find transcript named [DQ516740] in transcript <-> gene map; returning transcript as it's own gene
[2021-04-27 20:52:48.414] [jointLog] [warning] couldn't find transcript named [DQ516785] in transcript <-> gene map; returning transcript as it's own gene
[2021-04-27 20:52:48.414] [jointLog] [warning] couldn't find transcript named [DQ516731] in transcript <-> gene map; returning transcript as it's own gene
[2021-04-27 20:52:48.414] [jointLog] [warning] couldn't find transcript named [DQ668366] in transcript <-> gene map; returning transcript as it's own gene
[2021-04-27 20:52:48.414] [jointLog] [warning] couldn't find transcript named [DQ459418] in transcript <-> gene map; returning transcript as it's own gene
[2021-04-27 20:52:48.414] [jointLog] [warning] couldn't find transcript named [DQ668356] in transcript <-> gene map; returning transcript as it's own gene
[2021-04-27 20:52:48.414] [jointLog] [warning] couldn't find transcript named [DQ516763] in transcript <-> gene map; returning transcript as it's own gene
[2021-04-27 20:52:48.414] [jointLog] [warning] couldn't find transcript named [DQ459426] in transcript <-> gene map; returning transcript as it's own gene
[2021-04-27 20:52:48.414] [jointLog] [warning] couldn't find transcript named [DQ516786] in transcript <-> gene map; returning transcript as it's own gene
[2021-04-27 20:52:48.414] [jointLog] [warning] couldn't find transcript named [DQ883653] in transcript <-> gene map; returning transcript as it's own gene
[2021-04-27 20:52:48.414] [jointLog] [warning] couldn't find transcript named [DQ459421] in transcript <-> gene map; returning transcript as it's own gene
[2021-04-27 20:52:48.414] [jointLog] [warning] couldn't find transcript named [DQ883654] in transcript <-> gene map; returning transcript as it's own gene
[2021-04-27 20:52:48.414] [jointLog] [warning] couldn't find transcript named [DQ668358] in transcript <-> gene map; returning transcript as it's own gene
[2021-04-27 20:52:48.414] [jointLog] [warning] couldn't find transcript named [DQ516754] in transcript <-> gene map; returning transcript as it's own gene
[2021-04-27 20:52:48.414] [jointLog] [warning] couldn't find transcript named [DQ516778] in transcript <-> gene map; returning transcript as it's own gene
[2021-04-27 20:52:48.414] [jointLog] [warning] couldn't find transcript named [DQ883650] in transcript <-> gene map; returning transcript as it's own gene
[2021-04-27 20:52:48.414] [jointLog] [warning] couldn't find transcript named [DQ516742] in transcript <-> gene map; returning transcript as it's own gene
[2021-04-27 20:52:48.414] [jointLog] [warning] couldn't find transcript named [DQ883673] in transcript <-> gene map; returning transcript as it's own gene
[2021-04-27 20:52:48.414] [jointLog] [warning] couldn't find transcript named [DQ883652] in transcript <-> gene map; returning transcript as it's own gene
[2021-04-27 20:52:48.414] [jointLog] [warning] couldn't find transcript named [DQ854991] in transcript <-> gene map; returning transcript as it's own gene
[2021-04-27 20:52:48.414] [jointLog] [warning] couldn't find transcript named [DQ516780] in transcript <-> gene map; returning transcript as it's own gene
[2021-04-27 20:52:48.414] [jointLog] [warning] couldn't find transcript named [DQ883682] in transcript <-> gene map; returning transcript as it's own gene
[2021-04-27 20:52:48.414] [jointLog] [warning] couldn't find transcript named [DQ883669] in transcript <-> gene map; returning transcript as it's own gene
[2021-04-27 20:52:48.414] [jointLog] [warning] couldn't find transcript named [DQ516791] in transcript <-> gene map; returning transcript as it's own gene
[2021-04-27 20:52:48.414] [jointLog] [warning] couldn't find transcript named [DQ459425] in transcript <-> gene map; returning transcript as it's own gene
[2021-04-27 20:52:48.414] [jointLog] [warning] couldn't find transcript named [DQ516759] in transcript <-> gene map; returning transcript as it's own gene
[2021-04-27 20:52:48.414] [jointLog] [warning] couldn't find transcript named [DQ459429] in transcript <-> gene map; returning transcript as it's own gene
[2021-04-27 20:52:48.414] [jointLog] [warning] couldn't find transcript named [DQ516758] in transcript <-> gene map; returning transcript as it's own gene
[2021-04-27 20:52:48.414] [jointLog] [warning] couldn't find transcript named [DQ459415] in transcript <-> gene map; returning transcript as it's own gene
[2021-04-27 20:52:48.414] [jointLog] [warning] couldn't find transcript named [DQ875387] in transcript <-> gene map; returning transcript as it's own gene
[2021-04-27 20:52:48.414] [jointLog] [warning] couldn't find transcript named [DQ516815] in transcript <-> gene map; returning transcript as it's own gene
[2021-04-27 20:52:48.414] [jointLog] [warning] couldn't find transcript named [DQ668365] in transcript <-> gene map; returning transcript as it's own gene
[2021-04-27 20:52:48.414] [jointLog] [warning] couldn't find transcript named [DQ854998] in transcript <-> gene map; returning transcript as it's own gene
[2021-04-27 20:52:48.414] [jointLog] [warning] couldn't find transcript named [DQ883685] in transcript <-> gene map; returning transcript as it's own gene
[2021-04-27 20:52:48.414] [jointLog] [warning] couldn't find transcript named [DQ459422] in transcript <-> gene map; returning transcript as it's own gene
[2021-04-27 20:52:48.414] [jointLog] [warning] couldn't find transcript named [DQ883663] in transcript <-> gene map; returning transcript as it's own gene
[2021-04-27 20:52:48.414] [jointLog] [warning] couldn't find transcript named [DQ668367] in transcript <-> gene map; returning transcript as it's own gene
[2021-04-27 20:52:48.414] [jointLog] [warning] couldn't find transcript named [DQ459412] in transcript <-> gene map; returning transcript as it's own gene
[2021-04-27 20:52:48.414] [jointLog] [warning] couldn't find transcript named [DQ854992] in transcript <-> gene map; returning transcript as it's own gene
[2021-04-27 20:52:48.414] [jointLog] [warning] couldn't find transcript named [DQ516782] in transcript <-> gene map; returning transcript as it's own gene
[2021-04-27 20:52:48.414] [jointLog] [warning] couldn't find transcript named [DQ459427] in transcript <-> gene map; returning transcript as it's own gene
[2021-04-27 20:52:48.414] [jointLog] [warning] couldn't find transcript named [EF011072] in transcript <-> gene map; returning transcript as it's own gene
[2021-04-27 20:52:48.414] [jointLog] [warning] couldn't find transcript named [DQ855003] in transcript <-> gene map; returning transcript as it's own gene
[2021-04-27 20:52:48.414] [jointLog] [warning] couldn't find transcript named [DQ516739] in transcript <-> gene map; returning transcript as it's own gene
[2021-04-27 20:52:48.414] [jointLog] [warning] couldn't find transcript named [EF011063] in transcript <-> gene map; returning transcript as it's own gene
[2021-04-27 20:52:48.414] [jointLog] [warning] couldn't find transcript named [DQ855000] in transcript <-> gene map; returning transcript as it's own gene
[2021-04-27 20:52:48.414] [jointLog] [warning] couldn't find transcript named [DQ516777] in transcript <-> gene map; returning transcript as it's own gene
[2021-04-27 20:52:48.414] [jointLog] [warning] couldn't find transcript named [DQ883646] in transcript <-> gene map; returning transcript as it's own gene
[2021-04-27 20:52:48.414] [jointLog] [warning] couldn't find transcript named [DQ668362] in transcript <-> gene map; returning transcript as it's own gene
[2021-04-27 20:52:48.414] [jointLog] [warning] couldn't find transcript named [DQ854995] in transcript <-> gene map; returning transcript as it's own gene
[2021-04-27 20:52:48.414] [jointLog] [warning] couldn't find transcript named [DQ875386] in transcript <-> gene map; returning transcript as it's own gene
[2021-04-27 20:52:48.414] [jointLog] [warning] couldn't find transcript named [DQ516790] in transcript <-> gene map; returning transcript as it's own gene
[2021-04-27 20:52:48.414] [jointLog] [warning] couldn't find transcript named [DQ883642] in transcript <-> gene map; returning transcript as it's own gene
[2021-04-27 20:52:48.414] [jointLog] [warning] couldn't find transcript named [DQ883659] in transcript <-> gene map; returning transcript as it's own gene
[2021-04-27 20:52:48.414] [jointLog] [warning] couldn't find transcript named [DQ854997] in transcript <-> gene map; returning transcript as it's own gene
[2021-04-27 20:52:48.414] [jointLog] [warning] couldn't find transcript named [DQ883643] in transcript <-> gene map; returning transcript as it's own gene
[2021-04-27 20:52:48.414] [jointLog] [warning] couldn't find transcript named [DQ839618] in transcript <-> gene map; returning transcript as it's own gene
[2021-04-27 20:52:48.414] [jointLog] [warning] couldn't find transcript named [DQ516795] in transcript <-> gene map; returning transcript as it's own gene
[2021-04-27 20:52:48.414] [jointLog] [warning] couldn't find transcript named [DQ883658] in transcript <-> gene map; returning transcript as it's own gene
[2021-04-27 20:52:48.414] [jointLog] [warning] couldn't find transcript named [DQ516750] in transcript <-> gene map; returning transcript as it's own gene
[2021-04-27 20:52:48.414] [jointLog] [warning] couldn't find transcript named [DQ668359] in transcript <-> gene map; returning transcript as it's own gene
[2021-04-27 20:52:48.414] [jointLog] [warning] couldn't find transcript named [DQ516779] in transcript <-> gene map; returning transcript as it's own gene
[2021-04-27 20:52:48.414] [jointLog] [warning] couldn't find transcript named [DQ668363] in transcript <-> gene map; returning transcript as it's own gene
[2021-04-27 20:52:48.414] [jointLog] [warning] couldn't find transcript named [DQ516776] in transcript <-> gene map; returning transcript as it's own gene
[2021-04-27 20:52:48.414] [jointLog] [warning] couldn't find transcript named [DQ516773] in transcript <-> gene map; returning transcript as it's own gene
[2021-04-27 20:52:48.414] [jointLog] [warning] couldn't find transcript named [DQ854994] in transcript <-> gene map; returning transcript as it's own gene
[2021-04-27 20:52:48.414] [jointLog] [info] Aggregating expressions to gene level
[2021-04-27 20:52:48.560] [jointLog] [info] done
