[2021-04-27 20:45:19.413] [jointLog] [info] setting maxHashResizeThreads to 6
[2021-04-27 20:45:19.413] [jointLog] [info] Fragment incompatibility prior below threshold.  Incompatible fragments will be ignored.
[2021-04-27 20:45:19.414] [jointLog] [info] numQuantThreads = 3
[2021-04-27 20:45:24.194] [jointLog] [info] replaced 4 non-ACGT nucleotides with random nucleotides
[2021-04-27 20:45:24.442] [fileLog] [info] quantification processed 0 fragments so far

[2021-04-27 20:45:28.573] [fileLog] [info] quantification processed 1000000 fragments so far

[2021-04-27 20:45:31.199] [fileLog] [info] quantification processed 2000000 fragments so far

[2021-04-27 20:45:32.139] [jointLog] [info] 

The alignment group queue pool has been exhausted.  3719482 extra fragments were allocated on the heap to saturate the pool.  No new fragments will be allocated


[2021-04-27 20:45:43.987] [fileLog] [info] quantification processed 3000000 fragments so far

[2021-04-27 20:46:03.083] [fileLog] [info] quantification processed 4000000 fragments so far

[2021-04-27 20:46:22.001] [fileLog] [info] quantification processed 5000000 fragments so far

[2021-04-27 20:46:40.198] [fileLog] [info] quantification processed 6000000 fragments so far

[2021-04-27 20:46:58.422] [fileLog] [info] quantification processed 7000000 fragments so far

[2021-04-27 20:47:02.042] [fileLog] [info] quantification processed 8000000 fragments so far

[2021-04-27 20:47:05.507] [fileLog] [info] quantification processed 9000000 fragments so far

[2021-04-27 20:47:08.859] [fileLog] [info] quantification processed 10000000 fragments so far

[2021-04-27 20:47:12.073] [fileLog] [info] quantification processed 11000000 fragments so far

[2021-04-27 20:47:15.384] [fileLog] [info] quantification processed 12000000 fragments so far

[2021-04-27 20:47:18.633] [fileLog] [info] quantification processed 13000000 fragments so far

[2021-04-27 20:47:21.772] [fileLog] [info] quantification processed 14000000 fragments so far

[2021-04-27 20:47:25.090] [fileLog] [info] quantification processed 15000000 fragments so far

[2021-04-27 20:47:28.500] [fileLog] [info] quantification processed 16000000 fragments so far

[2021-04-27 20:47:32.023] [fileLog] [info] quantification processed 17000000 fragments so far

[2021-04-27 20:47:35.443] [fileLog] [info] quantification processed 18000000 fragments so far

[2021-04-27 20:47:38.877] [fileLog] [info] quantification processed 19000000 fragments so far

[2021-04-27 20:47:42.180] [fileLog] [info] quantification processed 20000000 fragments so far

[2021-04-27 20:47:45.510] [fileLog] [info] quantification processed 21000000 fragments so far

[2021-04-27 20:47:48.724] [fileLog] [info] quantification processed 22000000 fragments so far

[2021-04-27 20:47:51.858] [fileLog] [info] quantification processed 23000000 fragments so far

[2021-04-27 20:47:55.087] [fileLog] [info] quantification processed 24000000 fragments so far

[2021-04-27 20:47:58.878] [fileLog] [info] quantification processed 25000000 fragments so far

[2021-04-27 20:48:01.956] [fileLog] [info] quantification processed 26000000 fragments so far

[2021-04-27 20:48:05.487] [fileLog] [info] quantification processed 27000000 fragments so far

[2021-04-27 20:48:08.786] [fileLog] [info] quantification processed 28000000 fragments so far

[2021-04-27 20:48:12.235] [fileLog] [info] quantification processed 29000000 fragments so far

[2021-04-27 20:48:15.480] [fileLog] [info] quantification processed 30000000 fragments so far

[2021-04-27 20:48:18.778] [fileLog] [info] quantification processed 31000000 fragments so far

[2021-04-27 20:48:22.104] [fileLog] [info] quantification processed 32000000 fragments so far

[2021-04-27 20:48:25.523] [fileLog] [info] quantification processed 33000000 fragments so far

[2021-04-27 20:48:28.704] [fileLog] [info] quantification processed 34000000 fragments so far

[2021-04-27 20:48:31.896] [fileLog] [info] quantification processed 35000000 fragments so far

[2021-04-27 20:48:35.322] [fileLog] [info] quantification processed 36000000 fragments so far

[2021-04-27 20:48:38.900] [fileLog] [info] quantification processed 37000000 fragments so far

[2021-04-27 20:48:42.426] [fileLog] [info] quantification processed 38000000 fragments so far

[2021-04-27 20:48:45.824] [fileLog] [info] quantification processed 39000000 fragments so far

[2021-04-27 20:48:50.097] [fileLog] [info] quantification processed 40000000 fragments so far

[2021-04-27 20:48:53.620] [fileLog] [info] quantification processed 41000000 fragments so far

[2021-04-27 20:48:56.566] [fileLog] [info] quantification processed 42000000 fragments so far

[2021-04-27 20:48:59.424] [fileLog] [info] quantification processed 43000000 fragments so far

[2021-04-27 20:49:02.641] [fileLog] [info] quantification processed 44000000 fragments so far

[2021-04-27 20:49:05.392] [fileLog] [info] quantification processed 44717050 fragments so far

[2021-04-27 20:49:11.836] [jointLog] [info] Thread saw mini-batch with a maximum of 27.10% zero probability fragments
[2021-04-27 20:49:11.845] [jointLog] [info] Thread saw mini-batch with a maximum of 27.50% zero probability fragments
[2021-04-27 20:49:11.847] [jointLog] [info] Thread saw mini-batch with a maximum of 27.80% zero probability fragments
[2021-04-27 20:49:11.848] [jointLog] [info] 


Completed first pass through the alignment file.
Total # of mapped reads : 44717050
# of uniquely mapped reads : 14745360
# ambiguously mapped reads : 29971690



[2021-04-27 20:49:11.995] [jointLog] [info] Computed 202465 rich equivalence classes for further processing
[2021-04-27 20:49:11.995] [jointLog] [info] Counted 44431136 total reads in the equivalence classes 
[2021-04-27 20:49:11.997] [jointLog] [info] starting optimizer
[2021-04-27 20:49:12.100] [jointLog] [info] Marked 0 weighted equivalence classes as degenerate
[2021-04-27 20:49:12.122] [jointLog] [info] iteration = 0 | max rel diff. = 3305.88
[2021-04-27 20:49:13.587] [jointLog] [info] iteration = 100 | max rel diff. = 18.3765
[2021-04-27 20:49:15.036] [jointLog] [info] iteration = 200 | max rel diff. = 5.3672
[2021-04-27 20:49:16.461] [jointLog] [info] iteration = 300 | max rel diff. = 9.23366
[2021-04-27 20:49:17.948] [jointLog] [info] iteration = 400 | max rel diff. = 8.00523
[2021-04-27 20:49:19.449] [jointLog] [info] iteration = 500 | max rel diff. = 0.43356
[2021-04-27 20:49:20.908] [jointLog] [info] iteration = 600 | max rel diff. = 0.87402
[2021-04-27 20:49:22.386] [jointLog] [info] iteration = 700 | max rel diff. = 1.09473
[2021-04-27 20:49:23.828] [jointLog] [info] iteration = 800 | max rel diff. = 2.06035
[2021-04-27 20:49:25.265] [jointLog] [info] iteration = 900 | max rel diff. = 0.203277
[2021-04-27 20:49:26.734] [jointLog] [info] iteration = 1000 | max rel diff. = 0.288527
[2021-04-27 20:49:28.203] [jointLog] [info] iteration = 1100 | max rel diff. = 0.23109
[2021-04-27 20:49:29.649] [jointLog] [info] iteration = 1200 | max rel diff. = 0.0329467
[2021-04-27 20:49:31.093] [jointLog] [info] iteration = 1300 | max rel diff. = 0.025774
[2021-04-27 20:49:32.606] [jointLog] [info] iteration = 1400 | max rel diff. = 0.416952
[2021-04-27 20:49:34.158] [jointLog] [info] iteration = 1500 | max rel diff. = 1.83493
[2021-04-27 20:49:35.733] [jointLog] [info] iteration = 1600 | max rel diff. = 0.0768092
[2021-04-27 20:49:37.340] [jointLog] [info] iteration = 1700 | max rel diff. = 0.0448543
[2021-04-27 20:49:38.956] [jointLog] [info] iteration = 1800 | max rel diff. = 0.511556
[2021-04-27 20:49:40.658] [jointLog] [info] iteration = 1900 | max rel diff. = 0.461979
[2021-04-27 20:49:42.308] [jointLog] [info] iteration = 2000 | max rel diff. = 0.113192
[2021-04-27 20:49:43.937] [jointLog] [info] iteration = 2100 | max rel diff. = 1.19586
[2021-04-27 20:49:45.715] [jointLog] [info] iteration = 2200 | max rel diff. = 0.0507692
[2021-04-27 20:49:46.080] [jointLog] [info] iteration = 2222 | max rel diff. = 0.00993624
[2021-04-27 20:49:46.117] [jointLog] [info] finished optimizer
[2021-04-27 20:49:46.117] [jointLog] [info] writing output
[2021-04-27 20:49:48.376] [jointLog] [info] Computing gene-level abundance estimates
[2021-04-27 20:50:18.413] [jointLog] [warning] Feature has no GFF ID
[2021-04-27 20:50:18.413] [jointLog] [warning] Feature has no GFF ID
[2021-04-27 20:50:18.413] [jointLog] [warning] Feature has no GFF ID
[2021-04-27 20:50:18.413] [jointLog] [warning] Feature has no GFF ID
[2021-04-27 20:50:18.413] [jointLog] [warning] Feature has no GFF ID
[2021-04-27 20:50:18.413] [jointLog] [warning] Feature has no GFF ID
[2021-04-27 20:50:18.413] [jointLog] [warning] Feature has no GFF ID
[2021-04-27 20:50:18.413] [jointLog] [warning] Feature has no GFF ID
[2021-04-27 20:50:18.413] [jointLog] [warning] Feature has no GFF ID
[2021-04-27 20:50:18.413] [jointLog] [warning] Feature has no GFF ID
[2021-04-27 20:50:18.413] [jointLog] [warning] Feature has no GFF ID
[2021-04-27 20:50:18.413] [jointLog] [warning] Feature has no GFF ID
[2021-04-27 20:50:18.413] [jointLog] [warning] Feature has no GFF ID
[2021-04-27 20:50:18.413] [jointLog] [warning] Feature has no GFF ID
[2021-04-27 20:50:18.413] [jointLog] [warning] Feature has no GFF ID
[2021-04-27 20:50:18.413] [jointLog] [warning] Feature has no GFF ID
[2021-04-27 20:50:18.413] [jointLog] [warning] Feature has no GFF ID
[2021-04-27 20:50:18.413] [jointLog] [warning] Feature has no GFF ID
[2021-04-27 20:50:18.413] [jointLog] [warning] Feature has no GFF ID
[2021-04-27 20:50:18.413] [jointLog] [warning] Feature has no GFF ID
[2021-04-27 20:50:18.413] [jointLog] [warning] Feature has no GFF ID
[2021-04-27 20:50:18.413] [jointLog] [warning] Feature has no GFF ID
[2021-04-27 20:50:18.413] [jointLog] [warning] Feature has no GFF ID
[2021-04-27 20:50:18.413] [jointLog] [warning] Feature has no GFF ID
[2021-04-27 20:50:18.413] [jointLog] [warning] Feature has no GFF ID
[2021-04-27 20:50:18.413] [jointLog] [warning] Feature has no GFF ID
[2021-04-27 20:50:18.413] [jointLog] [warning] Feature has no GFF ID
[2021-04-27 20:50:18.413] [jointLog] [warning] Feature has no GFF ID
[2021-04-27 20:50:18.413] [jointLog] [warning] Feature has no GFF ID
[2021-04-27 20:50:18.413] [jointLog] [warning] Feature has no GFF ID
[2021-04-27 20:50:18.413] [jointLog] [warning] Feature has no GFF ID
[2021-04-27 20:50:18.413] [jointLog] [warning] Feature has no GFF ID
[2021-04-27 20:50:18.413] [jointLog] [warning] Feature has no GFF ID
[2021-04-27 20:50:18.413] [jointLog] [warning] Feature has no GFF ID
[2021-04-27 20:50:18.413] [jointLog] [warning] Feature has no GFF ID
[2021-04-27 20:50:18.413] [jointLog] [warning] Feature has no GFF ID
[2021-04-27 20:50:18.413] [jointLog] [warning] Feature has no GFF ID
[2021-04-27 20:50:18.413] [jointLog] [warning] Feature has no GFF ID
[2021-04-27 20:50:18.413] [jointLog] [warning] Feature has no GFF ID
[2021-04-27 20:50:18.413] [jointLog] [warning] Feature has no GFF ID
[2021-04-27 20:50:18.413] [jointLog] [warning] Feature has no GFF ID
[2021-04-27 20:50:18.413] [jointLog] [warning] Feature has no GFF ID
[2021-04-27 20:50:18.413] [jointLog] [warning] Feature has no GFF ID
[2021-04-27 20:50:18.413] [jointLog] [warning] Feature has no GFF ID
[2021-04-27 20:50:18.413] [jointLog] [warning] Feature has no GFF ID
[2021-04-27 20:50:18.413] [jointLog] [warning] Feature has no GFF ID
[2021-04-27 20:50:18.413] [jointLog] [warning] Feature has no GFF ID
[2021-04-27 20:50:18.413] [jointLog] [warning] Feature has no GFF ID
[2021-04-27 20:50:18.413] [jointLog] [warning] Feature has no GFF ID
[2021-04-27 20:50:18.413] [jointLog] [warning] Feature has no GFF ID
[2021-04-27 20:50:18.413] [jointLog] [warning] Feature has no GFF ID
[2021-04-27 20:50:18.413] [jointLog] [warning] Feature has no GFF ID
[2021-04-27 20:50:18.413] [jointLog] [warning] Feature has no GFF ID
[2021-04-27 20:50:18.413] [jointLog] [warning] Feature has no GFF ID
[2021-04-27 20:50:18.413] [jointLog] [warning] Feature has no GFF ID
[2021-04-27 20:50:18.413] [jointLog] [warning] Feature has no GFF ID
[2021-04-27 20:50:18.413] [jointLog] [warning] Feature has no GFF ID
[2021-04-27 20:50:18.413] [jointLog] [warning] Feature has no GFF ID
[2021-04-27 20:50:18.413] [jointLog] [warning] Feature has no GFF ID
[2021-04-27 20:50:18.413] [jointLog] [warning] Feature has no GFF ID
[2021-04-27 20:50:18.413] [jointLog] [warning] Feature has no GFF ID
[2021-04-27 20:50:18.413] [jointLog] [warning] Feature has no GFF ID
[2021-04-27 20:50:18.413] [jointLog] [warning] Feature has no GFF ID
[2021-04-27 20:50:18.413] [jointLog] [warning] Feature has no GFF ID
[2021-04-27 20:50:18.413] [jointLog] [warning] Feature has no GFF ID
[2021-04-27 20:50:18.413] [jointLog] [warning] Feature has no GFF ID
[2021-04-27 20:50:18.413] [jointLog] [warning] Feature has no GFF ID
[2021-04-27 20:50:18.413] [jointLog] [warning] Feature has no GFF ID
[2021-04-27 20:50:18.413] [jointLog] [warning] Feature has no GFF ID
[2021-04-27 20:50:18.413] [jointLog] [warning] Feature has no GFF ID
[2021-04-27 20:50:18.413] [jointLog] [warning] Feature has no GFF ID
[2021-04-27 20:50:18.413] [jointLog] [warning] Feature has no GFF ID
[2021-04-27 20:50:18.413] [jointLog] [warning] Feature has no GFF ID
[2021-04-27 20:50:18.413] [jointLog] [warning] Feature has no GFF ID
[2021-04-27 20:50:18.413] [jointLog] [warning] Feature has no GFF ID
[2021-04-27 20:50:18.413] [jointLog] [warning] Feature has no GFF ID
[2021-04-27 20:50:18.413] [jointLog] [warning] Feature has no GFF ID
[2021-04-27 20:50:18.413] [jointLog] [warning] Feature has no GFF ID
[2021-04-27 20:50:18.413] [jointLog] [warning] Feature has no GFF ID
[2021-04-27 20:50:18.413] [jointLog] [warning] Feature has no GFF ID
[2021-04-27 20:50:18.413] [jointLog] [warning] Feature has no GFF ID
[2021-04-27 20:50:18.413] [jointLog] [warning] Feature has no GFF ID
[2021-04-27 20:50:18.413] [jointLog] [warning] Feature has no GFF ID
[2021-04-27 20:50:18.413] [jointLog] [warning] Feature has no GFF ID
[2021-04-27 20:50:18.413] [jointLog] [warning] Feature has no GFF ID
[2021-04-27 20:50:18.413] [jointLog] [warning] Feature has no GFF ID
[2021-04-27 20:50:18.413] [jointLog] [warning] Feature has no GFF ID
[2021-04-27 20:50:18.413] [jointLog] [warning] Feature has no GFF ID
[2021-04-27 20:50:18.413] [jointLog] [warning] Feature has no GFF ID
[2021-04-27 20:50:18.413] [jointLog] [warning] Feature has no GFF ID
[2021-04-27 20:50:18.413] [jointLog] [warning] Feature has no GFF ID
[2021-04-27 20:50:18.413] [jointLog] [warning] Feature has no GFF ID
[2021-04-27 20:50:18.736] [jointLog] [info] There were 142604 transcripts mapping to 55401 genes
[2021-04-27 20:50:18.736] [jointLog] [info] NOTE: We recommend using tximport (https://bioconductor.org/packages/release/bioc/html/tximport.html) for aggregating transcript-level salmon abundance estimates to the gene level.  It is more versatile, exposes more features, and allows considering multi-sample information during aggregation.
[2021-04-27 20:50:19.038] [jointLog] [warning] couldn't find transcript named [DQ459430] in transcript <-> gene map; returning transcript as it's own gene
[2021-04-27 20:50:19.038] [jointLog] [warning] couldn't find transcript named [DQ516784] in transcript <-> gene map; returning transcript as it's own gene
[2021-04-27 20:50:19.038] [jointLog] [warning] couldn't find transcript named [DQ516752] in transcript <-> gene map; returning transcript as it's own gene
[2021-04-27 20:50:19.038] [jointLog] [warning] couldn't find transcript named [DQ668364] in transcript <-> gene map; returning transcript as it's own gene
[2021-04-27 20:50:19.038] [jointLog] [warning] couldn't find transcript named [DQ883670] in transcript <-> gene map; returning transcript as it's own gene
[2021-04-27 20:50:19.038] [jointLog] [warning] couldn't find transcript named [EF011062] in transcript <-> gene map; returning transcript as it's own gene
[2021-04-27 20:50:19.038] [jointLog] [warning] couldn't find transcript named [DQ875385] in transcript <-> gene map; returning transcript as it's own gene
[2021-04-27 20:50:19.038] [jointLog] [warning] couldn't find transcript named [DQ883664] in transcript <-> gene map; returning transcript as it's own gene
[2021-04-27 20:50:19.038] [jointLog] [warning] couldn't find transcript named [DQ459420] in transcript <-> gene map; returning transcript as it's own gene
[2021-04-27 20:50:19.038] [jointLog] [warning] couldn't find transcript named [DQ883651] in transcript <-> gene map; returning transcript as it's own gene
[2021-04-27 20:50:19.038] [jointLog] [warning] couldn't find transcript named [DQ855004] in transcript <-> gene map; returning transcript as it's own gene
[2021-04-27 20:50:19.038] [jointLog] [warning] couldn't find transcript named [DQ854993] in transcript <-> gene map; returning transcript as it's own gene
[2021-04-27 20:50:19.038] [jointLog] [warning] couldn't find transcript named [DQ883689] in transcript <-> gene map; returning transcript as it's own gene
[2021-04-27 20:50:19.038] [jointLog] [warning] couldn't find transcript named [DQ459419] in transcript <-> gene map; returning transcript as it's own gene
[2021-04-27 20:50:19.038] [jointLog] [warning] couldn't find transcript named [DQ459431] in transcript <-> gene map; returning transcript as it's own gene
[2021-04-27 20:50:19.038] [jointLog] [warning] couldn't find transcript named [DQ516796] in transcript <-> gene map; returning transcript as it's own gene
[2021-04-27 20:50:19.038] [jointLog] [warning] couldn't find transcript named [DQ855001] in transcript <-> gene map; returning transcript as it's own gene
[2021-04-27 20:50:19.038] [jointLog] [warning] couldn't find transcript named [DQ459413] in transcript <-> gene map; returning transcript as it's own gene
[2021-04-27 20:50:19.038] [jointLog] [warning] couldn't find transcript named [DQ883656] in transcript <-> gene map; returning transcript as it's own gene
[2021-04-27 20:50:19.038] [jointLog] [warning] couldn't find transcript named [DQ883661] in transcript <-> gene map; returning transcript as it's own gene
[2021-04-27 20:50:19.038] [jointLog] [warning] couldn't find transcript named [EF011069] in transcript <-> gene map; returning transcript as it's own gene
[2021-04-27 20:50:19.038] [jointLog] [warning] couldn't find transcript named [DQ516783] in transcript <-> gene map; returning transcript as it's own gene
[2021-04-27 20:50:19.038] [jointLog] [warning] couldn't find transcript named [DQ516787] in transcript <-> gene map; returning transcript as it's own gene
[2021-04-27 20:50:19.038] [jointLog] [warning] couldn't find transcript named [DQ459424] in transcript <-> gene map; returning transcript as it's own gene
[2021-04-27 20:50:19.038] [jointLog] [warning] couldn't find transcript named [DQ516748] in transcript <-> gene map; returning transcript as it's own gene
[2021-04-27 20:50:19.038] [jointLog] [warning] couldn't find transcript named [DQ883671] in transcript <-> gene map; returning transcript as it's own gene
[2021-04-27 20:50:19.038] [jointLog] [warning] couldn't find transcript named [DQ516740] in transcript <-> gene map; returning transcript as it's own gene
[2021-04-27 20:50:19.038] [jointLog] [warning] couldn't find transcript named [DQ516785] in transcript <-> gene map; returning transcript as it's own gene
[2021-04-27 20:50:19.038] [jointLog] [warning] couldn't find transcript named [DQ516731] in transcript <-> gene map; returning transcript as it's own gene
[2021-04-27 20:50:19.038] [jointLog] [warning] couldn't find transcript named [DQ668366] in transcript <-> gene map; returning transcript as it's own gene
[2021-04-27 20:50:19.038] [jointLog] [warning] couldn't find transcript named [DQ459418] in transcript <-> gene map; returning transcript as it's own gene
[2021-04-27 20:50:19.038] [jointLog] [warning] couldn't find transcript named [DQ668356] in transcript <-> gene map; returning transcript as it's own gene
[2021-04-27 20:50:19.038] [jointLog] [warning] couldn't find transcript named [DQ516763] in transcript <-> gene map; returning transcript as it's own gene
[2021-04-27 20:50:19.038] [jointLog] [warning] couldn't find transcript named [DQ459426] in transcript <-> gene map; returning transcript as it's own gene
[2021-04-27 20:50:19.038] [jointLog] [warning] couldn't find transcript named [DQ516786] in transcript <-> gene map; returning transcript as it's own gene
[2021-04-27 20:50:19.038] [jointLog] [warning] couldn't find transcript named [DQ883653] in transcript <-> gene map; returning transcript as it's own gene
[2021-04-27 20:50:19.038] [jointLog] [warning] couldn't find transcript named [DQ459421] in transcript <-> gene map; returning transcript as it's own gene
[2021-04-27 20:50:19.038] [jointLog] [warning] couldn't find transcript named [DQ883654] in transcript <-> gene map; returning transcript as it's own gene
[2021-04-27 20:50:19.038] [jointLog] [warning] couldn't find transcript named [DQ668358] in transcript <-> gene map; returning transcript as it's own gene
[2021-04-27 20:50:19.038] [jointLog] [warning] couldn't find transcript named [DQ516754] in transcript <-> gene map; returning transcript as it's own gene
[2021-04-27 20:50:19.038] [jointLog] [warning] couldn't find transcript named [DQ516778] in transcript <-> gene map; returning transcript as it's own gene
[2021-04-27 20:50:19.038] [jointLog] [warning] couldn't find transcript named [DQ883650] in transcript <-> gene map; returning transcript as it's own gene
[2021-04-27 20:50:19.038] [jointLog] [warning] couldn't find transcript named [DQ516742] in transcript <-> gene map; returning transcript as it's own gene
[2021-04-27 20:50:19.038] [jointLog] [warning] couldn't find transcript named [DQ883673] in transcript <-> gene map; returning transcript as it's own gene
[2021-04-27 20:50:19.038] [jointLog] [warning] couldn't find transcript named [DQ883652] in transcript <-> gene map; returning transcript as it's own gene
[2021-04-27 20:50:19.038] [jointLog] [warning] couldn't find transcript named [DQ854991] in transcript <-> gene map; returning transcript as it's own gene
[2021-04-27 20:50:19.038] [jointLog] [warning] couldn't find transcript named [DQ516780] in transcript <-> gene map; returning transcript as it's own gene
[2021-04-27 20:50:19.038] [jointLog] [warning] couldn't find transcript named [DQ883682] in transcript <-> gene map; returning transcript as it's own gene
[2021-04-27 20:50:19.038] [jointLog] [warning] couldn't find transcript named [DQ883669] in transcript <-> gene map; returning transcript as it's own gene
[2021-04-27 20:50:19.038] [jointLog] [warning] couldn't find transcript named [DQ516791] in transcript <-> gene map; returning transcript as it's own gene
[2021-04-27 20:50:19.038] [jointLog] [warning] couldn't find transcript named [DQ459425] in transcript <-> gene map; returning transcript as it's own gene
[2021-04-27 20:50:19.038] [jointLog] [warning] couldn't find transcript named [DQ516759] in transcript <-> gene map; returning transcript as it's own gene
[2021-04-27 20:50:19.038] [jointLog] [warning] couldn't find transcript named [DQ459429] in transcript <-> gene map; returning transcript as it's own gene
[2021-04-27 20:50:19.038] [jointLog] [warning] couldn't find transcript named [DQ516758] in transcript <-> gene map; returning transcript as it's own gene
[2021-04-27 20:50:19.038] [jointLog] [warning] couldn't find transcript named [DQ459415] in transcript <-> gene map; returning transcript as it's own gene
[2021-04-27 20:50:19.038] [jointLog] [warning] couldn't find transcript named [DQ875387] in transcript <-> gene map; returning transcript as it's own gene
[2021-04-27 20:50:19.038] [jointLog] [warning] couldn't find transcript named [DQ516815] in transcript <-> gene map; returning transcript as it's own gene
[2021-04-27 20:50:19.038] [jointLog] [warning] couldn't find transcript named [DQ668365] in transcript <-> gene map; returning transcript as it's own gene
[2021-04-27 20:50:19.038] [jointLog] [warning] couldn't find transcript named [DQ854998] in transcript <-> gene map; returning transcript as it's own gene
[2021-04-27 20:50:19.038] [jointLog] [warning] couldn't find transcript named [DQ883685] in transcript <-> gene map; returning transcript as it's own gene
[2021-04-27 20:50:19.038] [jointLog] [warning] couldn't find transcript named [DQ459422] in transcript <-> gene map; returning transcript as it's own gene
[2021-04-27 20:50:19.038] [jointLog] [warning] couldn't find transcript named [DQ883663] in transcript <-> gene map; returning transcript as it's own gene
[2021-04-27 20:50:19.038] [jointLog] [warning] couldn't find transcript named [DQ668367] in transcript <-> gene map; returning transcript as it's own gene
[2021-04-27 20:50:19.038] [jointLog] [warning] couldn't find transcript named [DQ459412] in transcript <-> gene map; returning transcript as it's own gene
[2021-04-27 20:50:19.038] [jointLog] [warning] couldn't find transcript named [DQ854992] in transcript <-> gene map; returning transcript as it's own gene
[2021-04-27 20:50:19.038] [jointLog] [warning] couldn't find transcript named [DQ516782] in transcript <-> gene map; returning transcript as it's own gene
[2021-04-27 20:50:19.038] [jointLog] [warning] couldn't find transcript named [DQ459427] in transcript <-> gene map; returning transcript as it's own gene
[2021-04-27 20:50:19.038] [jointLog] [warning] couldn't find transcript named [EF011072] in transcript <-> gene map; returning transcript as it's own gene
[2021-04-27 20:50:19.038] [jointLog] [warning] couldn't find transcript named [DQ855003] in transcript <-> gene map; returning transcript as it's own gene
[2021-04-27 20:50:19.038] [jointLog] [warning] couldn't find transcript named [DQ516739] in transcript <-> gene map; returning transcript as it's own gene
[2021-04-27 20:50:19.038] [jointLog] [warning] couldn't find transcript named [EF011063] in transcript <-> gene map; returning transcript as it's own gene
[2021-04-27 20:50:19.038] [jointLog] [warning] couldn't find transcript named [DQ855000] in transcript <-> gene map; returning transcript as it's own gene
[2021-04-27 20:50:19.038] [jointLog] [warning] couldn't find transcript named [DQ516777] in transcript <-> gene map; returning transcript as it's own gene
[2021-04-27 20:50:19.038] [jointLog] [warning] couldn't find transcript named [DQ883646] in transcript <-> gene map; returning transcript as it's own gene
[2021-04-27 20:50:19.038] [jointLog] [warning] couldn't find transcript named [DQ668362] in transcript <-> gene map; returning transcript as it's own gene
[2021-04-27 20:50:19.038] [jointLog] [warning] couldn't find transcript named [DQ854995] in transcript <-> gene map; returning transcript as it's own gene
[2021-04-27 20:50:19.038] [jointLog] [warning] couldn't find transcript named [DQ875386] in transcript <-> gene map; returning transcript as it's own gene
[2021-04-27 20:50:19.038] [jointLog] [warning] couldn't find transcript named [DQ516790] in transcript <-> gene map; returning transcript as it's own gene
[2021-04-27 20:50:19.038] [jointLog] [warning] couldn't find transcript named [DQ883642] in transcript <-> gene map; returning transcript as it's own gene
[2021-04-27 20:50:19.038] [jointLog] [warning] couldn't find transcript named [DQ883659] in transcript <-> gene map; returning transcript as it's own gene
[2021-04-27 20:50:19.038] [jointLog] [warning] couldn't find transcript named [DQ854997] in transcript <-> gene map; returning transcript as it's own gene
[2021-04-27 20:50:19.038] [jointLog] [warning] couldn't find transcript named [DQ883643] in transcript <-> gene map; returning transcript as it's own gene
[2021-04-27 20:50:19.038] [jointLog] [warning] couldn't find transcript named [DQ839618] in transcript <-> gene map; returning transcript as it's own gene
[2021-04-27 20:50:19.038] [jointLog] [warning] couldn't find transcript named [DQ516795] in transcript <-> gene map; returning transcript as it's own gene
[2021-04-27 20:50:19.038] [jointLog] [warning] couldn't find transcript named [DQ883658] in transcript <-> gene map; returning transcript as it's own gene
[2021-04-27 20:50:19.038] [jointLog] [warning] couldn't find transcript named [DQ516750] in transcript <-> gene map; returning transcript as it's own gene
[2021-04-27 20:50:19.038] [jointLog] [warning] couldn't find transcript named [DQ668359] in transcript <-> gene map; returning transcript as it's own gene
[2021-04-27 20:50:19.038] [jointLog] [warning] couldn't find transcript named [DQ516779] in transcript <-> gene map; returning transcript as it's own gene
[2021-04-27 20:50:19.038] [jointLog] [warning] couldn't find transcript named [DQ668363] in transcript <-> gene map; returning transcript as it's own gene
[2021-04-27 20:50:19.038] [jointLog] [warning] couldn't find transcript named [DQ516776] in transcript <-> gene map; returning transcript as it's own gene
[2021-04-27 20:50:19.038] [jointLog] [warning] couldn't find transcript named [DQ516773] in transcript <-> gene map; returning transcript as it's own gene
[2021-04-27 20:50:19.038] [jointLog] [warning] couldn't find transcript named [DQ854994] in transcript <-> gene map; returning transcript as it's own gene
[2021-04-27 20:50:19.039] [jointLog] [info] Aggregating expressions to gene level
[2021-04-27 20:50:19.222] [jointLog] [info] done
