[2021-04-27 20:41:01.386] [jointLog] [info] setting maxHashResizeThreads to 6
[2021-04-27 20:41:01.386] [jointLog] [info] Fragment incompatibility prior below threshold.  Incompatible fragments will be ignored.
[2021-04-27 20:41:01.387] [jointLog] [info] numQuantThreads = 3
[2021-04-27 20:41:05.429] [fileLog] [info] quantification processed 0 fragments so far

[2021-04-27 20:41:05.175] [jointLog] [info] replaced 4 non-ACGT nucleotides with random nucleotides
[2021-04-27 20:41:09.644] [fileLog] [info] quantification processed 1000000 fragments so far

[2021-04-27 20:41:12.888] [fileLog] [info] quantification processed 2000000 fragments so far

[2021-04-27 20:41:14.492] [jointLog] [info] 

The alignment group queue pool has been exhausted.  3134550 extra fragments were allocated on the heap to saturate the pool.  No new fragments will be allocated


[2021-04-27 20:41:20.950] [fileLog] [info] quantification processed 3000000 fragments so far

[2021-04-27 20:41:36.824] [fileLog] [info] quantification processed 4000000 fragments so far

[2021-04-27 20:41:56.322] [fileLog] [info] quantification processed 5000000 fragments so far

[2021-04-27 20:42:15.791] [fileLog] [info] quantification processed 6000000 fragments so far

[2021-04-27 20:42:35.113] [fileLog] [info] quantification processed 7000000 fragments so far

[2021-04-27 20:42:38.559] [fileLog] [info] quantification processed 8000000 fragments so far

[2021-04-27 20:42:41.904] [fileLog] [info] quantification processed 9000000 fragments so far

[2021-04-27 20:42:45.180] [fileLog] [info] quantification processed 10000000 fragments so far

[2021-04-27 20:42:48.418] [fileLog] [info] quantification processed 11000000 fragments so far

[2021-04-27 20:42:51.383] [fileLog] [info] quantification processed 12000000 fragments so far

[2021-04-27 20:42:54.451] [fileLog] [info] quantification processed 13000000 fragments so far

[2021-04-27 20:42:57.491] [fileLog] [info] quantification processed 14000000 fragments so far

[2021-04-27 20:43:00.638] [fileLog] [info] quantification processed 15000000 fragments so far

[2021-04-27 20:43:03.710] [fileLog] [info] quantification processed 16000000 fragments so far

[2021-04-27 20:43:06.604] [fileLog] [info] quantification processed 17000000 fragments so far

[2021-04-27 20:43:09.635] [fileLog] [info] quantification processed 18000000 fragments so far

[2021-04-27 20:43:12.784] [fileLog] [info] quantification processed 19000000 fragments so far

[2021-04-27 20:43:15.695] [fileLog] [info] quantification processed 20000000 fragments so far

[2021-04-27 20:43:18.680] [fileLog] [info] quantification processed 21000000 fragments so far

[2021-04-27 20:43:21.805] [fileLog] [info] quantification processed 22000000 fragments so far

[2021-04-27 20:43:24.911] [fileLog] [info] quantification processed 23000000 fragments so far

[2021-04-27 20:43:27.906] [fileLog] [info] quantification processed 24000000 fragments so far

[2021-04-27 20:43:31.085] [fileLog] [info] quantification processed 25000000 fragments so far

[2021-04-27 20:43:34.368] [fileLog] [info] quantification processed 26000000 fragments so far

[2021-04-27 20:43:37.496] [fileLog] [info] quantification processed 27000000 fragments so far

[2021-04-27 20:43:40.703] [fileLog] [info] quantification processed 28000000 fragments so far

[2021-04-27 20:43:43.902] [fileLog] [info] quantification processed 29000000 fragments so far

[2021-04-27 20:43:47.016] [fileLog] [info] quantification processed 30000000 fragments so far

[2021-04-27 20:43:48.360] [fileLog] [info] quantification processed 30446313 fragments so far

[2021-04-27 20:43:54.391] [jointLog] [info] Thread saw mini-batch with a maximum of 2.10% zero probability fragments
[2021-04-27 20:43:54.392] [jointLog] [info] Thread saw mini-batch with a maximum of 4.70% zero probability fragments
[2021-04-27 20:43:54.395] [jointLog] [info] Thread saw mini-batch with a maximum of 4.20% zero probability fragments
[2021-04-27 20:43:54.396] [jointLog] [info] 


Completed first pass through the alignment file.
Total # of mapped reads : 30446313
# of uniquely mapped reads : 11424672
# ambiguously mapped reads : 19021641



[2021-04-27 20:43:54.550] [jointLog] [info] Computed 249961 rich equivalence classes for further processing
[2021-04-27 20:43:54.550] [jointLog] [info] Counted 30349157 total reads in the equivalence classes 
[2021-04-27 20:43:54.552] [jointLog] [info] starting optimizer
[2021-04-27 20:43:54.653] [jointLog] [info] Marked 0 weighted equivalence classes as degenerate
[2021-04-27 20:43:54.673] [jointLog] [info] iteration = 0 | max rel diff. = 8266.58
[2021-04-27 20:43:56.379] [jointLog] [info] iteration = 100 | max rel diff. = 19.1323
[2021-04-27 20:43:58.145] [jointLog] [info] iteration = 200 | max rel diff. = 1.52735
[2021-04-27 20:43:59.754] [jointLog] [info] iteration = 300 | max rel diff. = 0.131515
[2021-04-27 20:44:01.406] [jointLog] [info] iteration = 400 | max rel diff. = 0.727313
[2021-04-27 20:44:03.065] [jointLog] [info] iteration = 500 | max rel diff. = 2.13023
[2021-04-27 20:44:04.687] [jointLog] [info] iteration = 600 | max rel diff. = 3.77025
[2021-04-27 20:44:06.321] [jointLog] [info] iteration = 700 | max rel diff. = 0.589653
[2021-04-27 20:44:07.938] [jointLog] [info] iteration = 800 | max rel diff. = 0.556526
[2021-04-27 20:44:09.552] [jointLog] [info] iteration = 900 | max rel diff. = 0.499983
[2021-04-27 20:44:11.162] [jointLog] [info] iteration = 1000 | max rel diff. = 0.0842101
[2021-04-27 20:44:12.832] [jointLog] [info] iteration = 1100 | max rel diff. = 0.0593511
[2021-04-27 20:44:14.430] [jointLog] [info] iteration = 1200 | max rel diff. = 1.30653
[2021-04-27 20:44:16.049] [jointLog] [info] iteration = 1300 | max rel diff. = 0.0802788
[2021-04-27 20:44:17.657] [jointLog] [info] iteration = 1400 | max rel diff. = 0.145874
[2021-04-27 20:44:19.299] [jointLog] [info] iteration = 1500 | max rel diff. = 0.0412602
[2021-04-27 20:44:20.932] [jointLog] [info] iteration = 1600 | max rel diff. = 0.0247278
[2021-04-27 20:44:22.573] [jointLog] [info] iteration = 1700 | max rel diff. = 2.00749
[2021-04-27 20:44:24.078] [jointLog] [info] iteration = 1792 | max rel diff. = 0.00952551
[2021-04-27 20:44:24.109] [jointLog] [info] finished optimizer
[2021-04-27 20:44:24.109] [jointLog] [info] writing output
[2021-04-27 20:44:25.802] [jointLog] [info] Computing gene-level abundance estimates
[2021-04-27 20:44:52.889] [jointLog] [warning] Feature has no GFF ID
[2021-04-27 20:44:52.889] [jointLog] [warning] Feature has no GFF ID
[2021-04-27 20:44:52.889] [jointLog] [warning] Feature has no GFF ID
[2021-04-27 20:44:52.889] [jointLog] [warning] Feature has no GFF ID
[2021-04-27 20:44:52.889] [jointLog] [warning] Feature has no GFF ID
[2021-04-27 20:44:52.889] [jointLog] [warning] Feature has no GFF ID
[2021-04-27 20:44:52.889] [jointLog] [warning] Feature has no GFF ID
[2021-04-27 20:44:52.889] [jointLog] [warning] Feature has no GFF ID
[2021-04-27 20:44:52.889] [jointLog] [warning] Feature has no GFF ID
[2021-04-27 20:44:52.889] [jointLog] [warning] Feature has no GFF ID
[2021-04-27 20:44:52.889] [jointLog] [warning] Feature has no GFF ID
[2021-04-27 20:44:52.889] [jointLog] [warning] Feature has no GFF ID
[2021-04-27 20:44:52.889] [jointLog] [warning] Feature has no GFF ID
[2021-04-27 20:44:52.889] [jointLog] [warning] Feature has no GFF ID
[2021-04-27 20:44:52.889] [jointLog] [warning] Feature has no GFF ID
[2021-04-27 20:44:52.889] [jointLog] [warning] Feature has no GFF ID
[2021-04-27 20:44:52.889] [jointLog] [warning] Feature has no GFF ID
[2021-04-27 20:44:52.889] [jointLog] [warning] Feature has no GFF ID
[2021-04-27 20:44:52.889] [jointLog] [warning] Feature has no GFF ID
[2021-04-27 20:44:52.889] [jointLog] [warning] Feature has no GFF ID
[2021-04-27 20:44:52.889] [jointLog] [warning] Feature has no GFF ID
[2021-04-27 20:44:52.889] [jointLog] [warning] Feature has no GFF ID
[2021-04-27 20:44:52.889] [jointLog] [warning] Feature has no GFF ID
[2021-04-27 20:44:52.889] [jointLog] [warning] Feature has no GFF ID
[2021-04-27 20:44:52.889] [jointLog] [warning] Feature has no GFF ID
[2021-04-27 20:44:52.889] [jointLog] [warning] Feature has no GFF ID
[2021-04-27 20:44:52.889] [jointLog] [warning] Feature has no GFF ID
[2021-04-27 20:44:52.889] [jointLog] [warning] Feature has no GFF ID
[2021-04-27 20:44:52.889] [jointLog] [warning] Feature has no GFF ID
[2021-04-27 20:44:52.889] [jointLog] [warning] Feature has no GFF ID
[2021-04-27 20:44:52.889] [jointLog] [warning] Feature has no GFF ID
[2021-04-27 20:44:52.889] [jointLog] [warning] Feature has no GFF ID
[2021-04-27 20:44:52.889] [jointLog] [warning] Feature has no GFF ID
[2021-04-27 20:44:52.889] [jointLog] [warning] Feature has no GFF ID
[2021-04-27 20:44:52.889] [jointLog] [warning] Feature has no GFF ID
[2021-04-27 20:44:52.889] [jointLog] [warning] Feature has no GFF ID
[2021-04-27 20:44:52.889] [jointLog] [warning] Feature has no GFF ID
[2021-04-27 20:44:52.889] [jointLog] [warning] Feature has no GFF ID
[2021-04-27 20:44:52.889] [jointLog] [warning] Feature has no GFF ID
[2021-04-27 20:44:52.889] [jointLog] [warning] Feature has no GFF ID
[2021-04-27 20:44:52.889] [jointLog] [warning] Feature has no GFF ID
[2021-04-27 20:44:52.889] [jointLog] [warning] Feature has no GFF ID
[2021-04-27 20:44:52.889] [jointLog] [warning] Feature has no GFF ID
[2021-04-27 20:44:52.889] [jointLog] [warning] Feature has no GFF ID
[2021-04-27 20:44:52.889] [jointLog] [warning] Feature has no GFF ID
[2021-04-27 20:44:52.889] [jointLog] [warning] Feature has no GFF ID
[2021-04-27 20:44:52.889] [jointLog] [warning] Feature has no GFF ID
[2021-04-27 20:44:52.889] [jointLog] [warning] Feature has no GFF ID
[2021-04-27 20:44:52.889] [jointLog] [warning] Feature has no GFF ID
[2021-04-27 20:44:52.889] [jointLog] [warning] Feature has no GFF ID
[2021-04-27 20:44:52.889] [jointLog] [warning] Feature has no GFF ID
[2021-04-27 20:44:52.889] [jointLog] [warning] Feature has no GFF ID
[2021-04-27 20:44:52.889] [jointLog] [warning] Feature has no GFF ID
[2021-04-27 20:44:52.889] [jointLog] [warning] Feature has no GFF ID
[2021-04-27 20:44:52.889] [jointLog] [warning] Feature has no GFF ID
[2021-04-27 20:44:52.889] [jointLog] [warning] Feature has no GFF ID
[2021-04-27 20:44:52.889] [jointLog] [warning] Feature has no GFF ID
[2021-04-27 20:44:52.889] [jointLog] [warning] Feature has no GFF ID
[2021-04-27 20:44:52.889] [jointLog] [warning] Feature has no GFF ID
[2021-04-27 20:44:52.889] [jointLog] [warning] Feature has no GFF ID
[2021-04-27 20:44:52.889] [jointLog] [warning] Feature has no GFF ID
[2021-04-27 20:44:52.889] [jointLog] [warning] Feature has no GFF ID
[2021-04-27 20:44:52.889] [jointLog] [warning] Feature has no GFF ID
[2021-04-27 20:44:52.889] [jointLog] [warning] Feature has no GFF ID
[2021-04-27 20:44:52.889] [jointLog] [warning] Feature has no GFF ID
[2021-04-27 20:44:52.889] [jointLog] [warning] Feature has no GFF ID
[2021-04-27 20:44:52.889] [jointLog] [warning] Feature has no GFF ID
[2021-04-27 20:44:52.889] [jointLog] [warning] Feature has no GFF ID
[2021-04-27 20:44:52.889] [jointLog] [warning] Feature has no GFF ID
[2021-04-27 20:44:52.889] [jointLog] [warning] Feature has no GFF ID
[2021-04-27 20:44:52.889] [jointLog] [warning] Feature has no GFF ID
[2021-04-27 20:44:52.889] [jointLog] [warning] Feature has no GFF ID
[2021-04-27 20:44:52.889] [jointLog] [warning] Feature has no GFF ID
[2021-04-27 20:44:52.889] [jointLog] [warning] Feature has no GFF ID
[2021-04-27 20:44:52.889] [jointLog] [warning] Feature has no GFF ID
[2021-04-27 20:44:52.889] [jointLog] [warning] Feature has no GFF ID
[2021-04-27 20:44:52.889] [jointLog] [warning] Feature has no GFF ID
[2021-04-27 20:44:52.889] [jointLog] [warning] Feature has no GFF ID
[2021-04-27 20:44:52.889] [jointLog] [warning] Feature has no GFF ID
[2021-04-27 20:44:52.889] [jointLog] [warning] Feature has no GFF ID
[2021-04-27 20:44:52.889] [jointLog] [warning] Feature has no GFF ID
[2021-04-27 20:44:52.889] [jointLog] [warning] Feature has no GFF ID
[2021-04-27 20:44:52.889] [jointLog] [warning] Feature has no GFF ID
[2021-04-27 20:44:52.889] [jointLog] [warning] Feature has no GFF ID
[2021-04-27 20:44:52.889] [jointLog] [warning] Feature has no GFF ID
[2021-04-27 20:44:52.889] [jointLog] [warning] Feature has no GFF ID
[2021-04-27 20:44:52.889] [jointLog] [warning] Feature has no GFF ID
[2021-04-27 20:44:52.889] [jointLog] [warning] Feature has no GFF ID
[2021-04-27 20:44:52.889] [jointLog] [warning] Feature has no GFF ID
[2021-04-27 20:44:52.889] [jointLog] [warning] Feature has no GFF ID
[2021-04-27 20:44:52.889] [jointLog] [warning] Feature has no GFF ID
[2021-04-27 20:44:52.889] [jointLog] [warning] Feature has no GFF ID
[2021-04-27 20:44:53.180] [jointLog] [info] There were 142604 transcripts mapping to 55401 genes
[2021-04-27 20:44:53.180] [jointLog] [info] NOTE: We recommend using tximport (https://bioconductor.org/packages/release/bioc/html/tximport.html) for aggregating transcript-level salmon abundance estimates to the gene level.  It is more versatile, exposes more features, and allows considering multi-sample information during aggregation.
[2021-04-27 20:44:53.458] [jointLog] [warning] couldn't find transcript named [DQ459430] in transcript <-> gene map; returning transcript as it's own gene
[2021-04-27 20:44:53.458] [jointLog] [warning] couldn't find transcript named [DQ516784] in transcript <-> gene map; returning transcript as it's own gene
[2021-04-27 20:44:53.458] [jointLog] [warning] couldn't find transcript named [DQ516752] in transcript <-> gene map; returning transcript as it's own gene
[2021-04-27 20:44:53.458] [jointLog] [warning] couldn't find transcript named [DQ668364] in transcript <-> gene map; returning transcript as it's own gene
[2021-04-27 20:44:53.458] [jointLog] [warning] couldn't find transcript named [DQ883670] in transcript <-> gene map; returning transcript as it's own gene
[2021-04-27 20:44:53.458] [jointLog] [warning] couldn't find transcript named [EF011062] in transcript <-> gene map; returning transcript as it's own gene
[2021-04-27 20:44:53.458] [jointLog] [warning] couldn't find transcript named [DQ875385] in transcript <-> gene map; returning transcript as it's own gene
[2021-04-27 20:44:53.458] [jointLog] [warning] couldn't find transcript named [DQ883664] in transcript <-> gene map; returning transcript as it's own gene
[2021-04-27 20:44:53.458] [jointLog] [warning] couldn't find transcript named [DQ459420] in transcript <-> gene map; returning transcript as it's own gene
[2021-04-27 20:44:53.458] [jointLog] [warning] couldn't find transcript named [DQ883651] in transcript <-> gene map; returning transcript as it's own gene
[2021-04-27 20:44:53.458] [jointLog] [warning] couldn't find transcript named [DQ855004] in transcript <-> gene map; returning transcript as it's own gene
[2021-04-27 20:44:53.458] [jointLog] [warning] couldn't find transcript named [DQ854993] in transcript <-> gene map; returning transcript as it's own gene
[2021-04-27 20:44:53.458] [jointLog] [warning] couldn't find transcript named [DQ883689] in transcript <-> gene map; returning transcript as it's own gene
[2021-04-27 20:44:53.458] [jointLog] [warning] couldn't find transcript named [DQ459419] in transcript <-> gene map; returning transcript as it's own gene
[2021-04-27 20:44:53.458] [jointLog] [warning] couldn't find transcript named [DQ459431] in transcript <-> gene map; returning transcript as it's own gene
[2021-04-27 20:44:53.458] [jointLog] [warning] couldn't find transcript named [DQ516796] in transcript <-> gene map; returning transcript as it's own gene
[2021-04-27 20:44:53.458] [jointLog] [warning] couldn't find transcript named [DQ855001] in transcript <-> gene map; returning transcript as it's own gene
[2021-04-27 20:44:53.458] [jointLog] [warning] couldn't find transcript named [DQ459413] in transcript <-> gene map; returning transcript as it's own gene
[2021-04-27 20:44:53.458] [jointLog] [warning] couldn't find transcript named [DQ883656] in transcript <-> gene map; returning transcript as it's own gene
[2021-04-27 20:44:53.458] [jointLog] [warning] couldn't find transcript named [DQ883661] in transcript <-> gene map; returning transcript as it's own gene
[2021-04-27 20:44:53.458] [jointLog] [warning] couldn't find transcript named [EF011069] in transcript <-> gene map; returning transcript as it's own gene
[2021-04-27 20:44:53.458] [jointLog] [warning] couldn't find transcript named [DQ516783] in transcript <-> gene map; returning transcript as it's own gene
[2021-04-27 20:44:53.458] [jointLog] [warning] couldn't find transcript named [DQ516787] in transcript <-> gene map; returning transcript as it's own gene
[2021-04-27 20:44:53.458] [jointLog] [warning] couldn't find transcript named [DQ459424] in transcript <-> gene map; returning transcript as it's own gene
[2021-04-27 20:44:53.458] [jointLog] [warning] couldn't find transcript named [DQ516748] in transcript <-> gene map; returning transcript as it's own gene
[2021-04-27 20:44:53.458] [jointLog] [warning] couldn't find transcript named [DQ883671] in transcript <-> gene map; returning transcript as it's own gene
[2021-04-27 20:44:53.458] [jointLog] [warning] couldn't find transcript named [DQ516740] in transcript <-> gene map; returning transcript as it's own gene
[2021-04-27 20:44:53.458] [jointLog] [warning] couldn't find transcript named [DQ516785] in transcript <-> gene map; returning transcript as it's own gene
[2021-04-27 20:44:53.458] [jointLog] [warning] couldn't find transcript named [DQ516731] in transcript <-> gene map; returning transcript as it's own gene
[2021-04-27 20:44:53.458] [jointLog] [warning] couldn't find transcript named [DQ668366] in transcript <-> gene map; returning transcript as it's own gene
[2021-04-27 20:44:53.458] [jointLog] [warning] couldn't find transcript named [DQ459418] in transcript <-> gene map; returning transcript as it's own gene
[2021-04-27 20:44:53.458] [jointLog] [warning] couldn't find transcript named [DQ668356] in transcript <-> gene map; returning transcript as it's own gene
[2021-04-27 20:44:53.458] [jointLog] [warning] couldn't find transcript named [DQ516763] in transcript <-> gene map; returning transcript as it's own gene
[2021-04-27 20:44:53.458] [jointLog] [warning] couldn't find transcript named [DQ459426] in transcript <-> gene map; returning transcript as it's own gene
[2021-04-27 20:44:53.458] [jointLog] [warning] couldn't find transcript named [DQ516786] in transcript <-> gene map; returning transcript as it's own gene
[2021-04-27 20:44:53.458] [jointLog] [warning] couldn't find transcript named [DQ883653] in transcript <-> gene map; returning transcript as it's own gene
[2021-04-27 20:44:53.458] [jointLog] [warning] couldn't find transcript named [DQ459421] in transcript <-> gene map; returning transcript as it's own gene
[2021-04-27 20:44:53.458] [jointLog] [warning] couldn't find transcript named [DQ883654] in transcript <-> gene map; returning transcript as it's own gene
[2021-04-27 20:44:53.458] [jointLog] [warning] couldn't find transcript named [DQ668358] in transcript <-> gene map; returning transcript as it's own gene
[2021-04-27 20:44:53.458] [jointLog] [warning] couldn't find transcript named [DQ516754] in transcript <-> gene map; returning transcript as it's own gene
[2021-04-27 20:44:53.458] [jointLog] [warning] couldn't find transcript named [DQ516778] in transcript <-> gene map; returning transcript as it's own gene
[2021-04-27 20:44:53.458] [jointLog] [warning] couldn't find transcript named [DQ883650] in transcript <-> gene map; returning transcript as it's own gene
[2021-04-27 20:44:53.458] [jointLog] [warning] couldn't find transcript named [DQ516742] in transcript <-> gene map; returning transcript as it's own gene
[2021-04-27 20:44:53.458] [jointLog] [warning] couldn't find transcript named [DQ883673] in transcript <-> gene map; returning transcript as it's own gene
[2021-04-27 20:44:53.458] [jointLog] [warning] couldn't find transcript named [DQ883652] in transcript <-> gene map; returning transcript as it's own gene
[2021-04-27 20:44:53.458] [jointLog] [warning] couldn't find transcript named [DQ854991] in transcript <-> gene map; returning transcript as it's own gene
[2021-04-27 20:44:53.458] [jointLog] [warning] couldn't find transcript named [DQ516780] in transcript <-> gene map; returning transcript as it's own gene
[2021-04-27 20:44:53.458] [jointLog] [warning] couldn't find transcript named [DQ883682] in transcript <-> gene map; returning transcript as it's own gene
[2021-04-27 20:44:53.458] [jointLog] [warning] couldn't find transcript named [DQ883669] in transcript <-> gene map; returning transcript as it's own gene
[2021-04-27 20:44:53.458] [jointLog] [warning] couldn't find transcript named [DQ516791] in transcript <-> gene map; returning transcript as it's own gene
[2021-04-27 20:44:53.458] [jointLog] [warning] couldn't find transcript named [DQ459425] in transcript <-> gene map; returning transcript as it's own gene
[2021-04-27 20:44:53.458] [jointLog] [warning] couldn't find transcript named [DQ516759] in transcript <-> gene map; returning transcript as it's own gene
[2021-04-27 20:44:53.458] [jointLog] [warning] couldn't find transcript named [DQ459429] in transcript <-> gene map; returning transcript as it's own gene
[2021-04-27 20:44:53.458] [jointLog] [warning] couldn't find transcript named [DQ516758] in transcript <-> gene map; returning transcript as it's own gene
[2021-04-27 20:44:53.458] [jointLog] [warning] couldn't find transcript named [DQ459415] in transcript <-> gene map; returning transcript as it's own gene
[2021-04-27 20:44:53.458] [jointLog] [warning] couldn't find transcript named [DQ875387] in transcript <-> gene map; returning transcript as it's own gene
[2021-04-27 20:44:53.458] [jointLog] [warning] couldn't find transcript named [DQ516815] in transcript <-> gene map; returning transcript as it's own gene
[2021-04-27 20:44:53.458] [jointLog] [warning] couldn't find transcript named [DQ668365] in transcript <-> gene map; returning transcript as it's own gene
[2021-04-27 20:44:53.458] [jointLog] [warning] couldn't find transcript named [DQ854998] in transcript <-> gene map; returning transcript as it's own gene
[2021-04-27 20:44:53.458] [jointLog] [warning] couldn't find transcript named [DQ883685] in transcript <-> gene map; returning transcript as it's own gene
[2021-04-27 20:44:53.458] [jointLog] [warning] couldn't find transcript named [DQ459422] in transcript <-> gene map; returning transcript as it's own gene
[2021-04-27 20:44:53.458] [jointLog] [warning] couldn't find transcript named [DQ883663] in transcript <-> gene map; returning transcript as it's own gene
[2021-04-27 20:44:53.458] [jointLog] [warning] couldn't find transcript named [DQ668367] in transcript <-> gene map; returning transcript as it's own gene
[2021-04-27 20:44:53.458] [jointLog] [warning] couldn't find transcript named [DQ459412] in transcript <-> gene map; returning transcript as it's own gene
[2021-04-27 20:44:53.458] [jointLog] [warning] couldn't find transcript named [DQ854992] in transcript <-> gene map; returning transcript as it's own gene
[2021-04-27 20:44:53.458] [jointLog] [warning] couldn't find transcript named [DQ516782] in transcript <-> gene map; returning transcript as it's own gene
[2021-04-27 20:44:53.458] [jointLog] [warning] couldn't find transcript named [DQ459427] in transcript <-> gene map; returning transcript as it's own gene
[2021-04-27 20:44:53.458] [jointLog] [warning] couldn't find transcript named [EF011072] in transcript <-> gene map; returning transcript as it's own gene
[2021-04-27 20:44:53.458] [jointLog] [warning] couldn't find transcript named [DQ855003] in transcript <-> gene map; returning transcript as it's own gene
[2021-04-27 20:44:53.458] [jointLog] [warning] couldn't find transcript named [DQ516739] in transcript <-> gene map; returning transcript as it's own gene
[2021-04-27 20:44:53.458] [jointLog] [warning] couldn't find transcript named [EF011063] in transcript <-> gene map; returning transcript as it's own gene
[2021-04-27 20:44:53.458] [jointLog] [warning] couldn't find transcript named [DQ855000] in transcript <-> gene map; returning transcript as it's own gene
[2021-04-27 20:44:53.458] [jointLog] [warning] couldn't find transcript named [DQ516777] in transcript <-> gene map; returning transcript as it's own gene
[2021-04-27 20:44:53.458] [jointLog] [warning] couldn't find transcript named [DQ883646] in transcript <-> gene map; returning transcript as it's own gene
[2021-04-27 20:44:53.458] [jointLog] [warning] couldn't find transcript named [DQ668362] in transcript <-> gene map; returning transcript as it's own gene
[2021-04-27 20:44:53.458] [jointLog] [warning] couldn't find transcript named [DQ854995] in transcript <-> gene map; returning transcript as it's own gene
[2021-04-27 20:44:53.458] [jointLog] [warning] couldn't find transcript named [DQ875386] in transcript <-> gene map; returning transcript as it's own gene
[2021-04-27 20:44:53.458] [jointLog] [warning] couldn't find transcript named [DQ516790] in transcript <-> gene map; returning transcript as it's own gene
[2021-04-27 20:44:53.458] [jointLog] [warning] couldn't find transcript named [DQ883642] in transcript <-> gene map; returning transcript as it's own gene
[2021-04-27 20:44:53.458] [jointLog] [warning] couldn't find transcript named [DQ883659] in transcript <-> gene map; returning transcript as it's own gene
[2021-04-27 20:44:53.458] [jointLog] [warning] couldn't find transcript named [DQ854997] in transcript <-> gene map; returning transcript as it's own gene
[2021-04-27 20:44:53.458] [jointLog] [warning] couldn't find transcript named [DQ883643] in transcript <-> gene map; returning transcript as it's own gene
[2021-04-27 20:44:53.458] [jointLog] [warning] couldn't find transcript named [DQ839618] in transcript <-> gene map; returning transcript as it's own gene
[2021-04-27 20:44:53.458] [jointLog] [warning] couldn't find transcript named [DQ516795] in transcript <-> gene map; returning transcript as it's own gene
[2021-04-27 20:44:53.458] [jointLog] [warning] couldn't find transcript named [DQ883658] in transcript <-> gene map; returning transcript as it's own gene
[2021-04-27 20:44:53.458] [jointLog] [warning] couldn't find transcript named [DQ516750] in transcript <-> gene map; returning transcript as it's own gene
[2021-04-27 20:44:53.458] [jointLog] [warning] couldn't find transcript named [DQ668359] in transcript <-> gene map; returning transcript as it's own gene
[2021-04-27 20:44:53.458] [jointLog] [warning] couldn't find transcript named [DQ516779] in transcript <-> gene map; returning transcript as it's own gene
[2021-04-27 20:44:53.458] [jointLog] [warning] couldn't find transcript named [DQ668363] in transcript <-> gene map; returning transcript as it's own gene
[2021-04-27 20:44:53.458] [jointLog] [warning] couldn't find transcript named [DQ516776] in transcript <-> gene map; returning transcript as it's own gene
[2021-04-27 20:44:53.458] [jointLog] [warning] couldn't find transcript named [DQ516773] in transcript <-> gene map; returning transcript as it's own gene
[2021-04-27 20:44:53.458] [jointLog] [warning] couldn't find transcript named [DQ854994] in transcript <-> gene map; returning transcript as it's own gene
[2021-04-27 20:44:53.458] [jointLog] [info] Aggregating expressions to gene level
[2021-04-27 20:44:53.631] [jointLog] [info] done
