[2021-05-23 10:50:12.998] [jointLog] [info] setting maxHashResizeThreads to 6
[2021-05-23 10:50:12.998] [jointLog] [info] Fragment incompatibility prior below threshold.  Incompatible fragments will be ignored.
[2021-05-23 10:50:13.005] [jointLog] [info] numQuantThreads = 3
[2021-05-23 10:50:18.705] [jointLog] [info] replaced 4 non-ACGT nucleotides with random nucleotides
[2021-05-23 10:50:19.000] [fileLog] [info] quantification processed 0 fragments so far

[2021-05-23 10:50:23.601] [fileLog] [info] quantification processed 1000000 fragments so far

[2021-05-23 10:50:28.033] [fileLog] [info] quantification processed 2000000 fragments so far

[2021-05-23 10:50:30.818] [jointLog] [info] 

The alignment group queue pool has been exhausted.  3102413 extra fragments were allocated on the heap to saturate the pool.  No new fragments will be allocated


[2021-05-23 10:50:36.881] [fileLog] [info] quantification processed 3000000 fragments so far

[2021-05-23 10:50:53.703] [fileLog] [info] quantification processed 4000000 fragments so far

[2021-05-23 10:51:11.173] [fileLog] [info] quantification processed 5000000 fragments so far

[2021-05-23 10:51:27.983] [fileLog] [info] quantification processed 6000000 fragments so far

[2021-05-23 10:51:44.446] [fileLog] [info] quantification processed 7000000 fragments so far

[2021-05-23 10:51:48.662] [fileLog] [info] quantification processed 8000000 fragments so far

[2021-05-23 10:51:52.652] [fileLog] [info] quantification processed 9000000 fragments so far

[2021-05-23 10:51:56.922] [fileLog] [info] quantification processed 10000000 fragments so far

[2021-05-23 10:52:01.307] [fileLog] [info] quantification processed 11000000 fragments so far

[2021-05-23 10:52:05.498] [fileLog] [info] quantification processed 12000000 fragments so far

[2021-05-23 10:52:09.675] [fileLog] [info] quantification processed 13000000 fragments so far

[2021-05-23 10:52:13.664] [fileLog] [info] quantification processed 14000000 fragments so far

[2021-05-23 10:52:17.695] [fileLog] [info] quantification processed 15000000 fragments so far

[2021-05-23 10:52:22.087] [fileLog] [info] quantification processed 16000000 fragments so far

[2021-05-23 10:52:26.174] [fileLog] [info] quantification processed 17000000 fragments so far

[2021-05-23 10:52:30.414] [fileLog] [info] quantification processed 18000000 fragments so far

[2021-05-23 10:52:34.427] [fileLog] [info] quantification processed 19000000 fragments so far

[2021-05-23 10:52:38.440] [fileLog] [info] quantification processed 20000000 fragments so far

[2021-05-23 10:52:42.495] [fileLog] [info] quantification processed 21000000 fragments so far

[2021-05-23 10:52:46.459] [fileLog] [info] quantification processed 22000000 fragments so far

[2021-05-23 10:52:50.480] [fileLog] [info] quantification processed 23000000 fragments so far

[2021-05-23 10:52:54.793] [fileLog] [info] quantification processed 24000000 fragments so far

[2021-05-23 10:52:58.848] [fileLog] [info] quantification processed 25000000 fragments so far

[2021-05-23 10:53:02.856] [fileLog] [info] quantification processed 26000000 fragments so far

[2021-05-23 10:53:07.121] [fileLog] [info] quantification processed 27000000 fragments so far

[2021-05-23 10:53:11.066] [fileLog] [info] quantification processed 28000000 fragments so far

[2021-05-23 10:53:15.269] [fileLog] [info] quantification processed 29000000 fragments so far

[2021-05-23 10:53:19.624] [fileLog] [info] quantification processed 30000000 fragments so far

[2021-05-23 10:53:23.656] [fileLog] [info] quantification processed 31000000 fragments so far

[2021-05-23 10:53:27.558] [fileLog] [info] quantification processed 32000000 fragments so far

[2021-05-23 10:53:31.547] [fileLog] [info] quantification processed 33000000 fragments so far

[2021-05-23 10:53:35.556] [fileLog] [info] quantification processed 34000000 fragments so far

[2021-05-23 10:53:39.475] [fileLog] [info] quantification processed 35000000 fragments so far

[2021-05-23 10:53:43.446] [fileLog] [info] quantification processed 36000000 fragments so far

[2021-05-23 10:53:47.971] [fileLog] [info] quantification processed 37000000 fragments so far

[2021-05-23 10:53:51.315] [fileLog] [info] quantification processed 37852542 fragments so far

[2021-05-23 10:53:59.449] [jointLog] [info] Thread saw mini-batch with a maximum of 3.50% zero probability fragments
[2021-05-23 10:53:59.452] [jointLog] [info] Thread saw mini-batch with a maximum of 2.50% zero probability fragments
[2021-05-23 10:53:59.452] [jointLog] [info] Thread saw mini-batch with a maximum of 3.70% zero probability fragments
[2021-05-23 10:53:59.455] [jointLog] [info] 


Completed first pass through the alignment file.
Total # of mapped reads : 37852542
# of uniquely mapped reads : 14429894
# ambiguously mapped reads : 23422648



[2021-05-23 10:53:59.659] [jointLog] [info] Computed 230844 rich equivalence classes for further processing
[2021-05-23 10:53:59.659] [jointLog] [info] Counted 37519528 total reads in the equivalence classes 
[2021-05-23 10:53:59.662] [jointLog] [info] starting optimizer
[2021-05-23 10:53:59.787] [jointLog] [info] Marked 0 weighted equivalence classes as degenerate
[2021-05-23 10:53:59.811] [jointLog] [info] iteration = 0 | max rel diff. = 6557.58
[2021-05-23 10:54:01.578] [jointLog] [info] iteration = 100 | max rel diff. = 17.8725
[2021-05-23 10:54:03.278] [jointLog] [info] iteration = 200 | max rel diff. = 7.65165
[2021-05-23 10:54:05.154] [jointLog] [info] iteration = 300 | max rel diff. = 0.805685
[2021-05-23 10:54:07.000] [jointLog] [info] iteration = 400 | max rel diff. = 0.322254
[2021-05-23 10:54:08.909] [jointLog] [info] iteration = 500 | max rel diff. = 2.98095
[2021-05-23 10:54:10.771] [jointLog] [info] iteration = 600 | max rel diff. = 1.24548
[2021-05-23 10:54:12.549] [jointLog] [info] iteration = 700 | max rel diff. = 0.0845747
[2021-05-23 10:54:14.319] [jointLog] [info] iteration = 800 | max rel diff. = 0.111217
[2021-05-23 10:54:15.957] [jointLog] [info] iteration = 900 | max rel diff. = 0.797619
[2021-05-23 10:54:17.597] [jointLog] [info] iteration = 1000 | max rel diff. = 4.82227
[2021-05-23 10:54:19.241] [jointLog] [info] iteration = 1100 | max rel diff. = 0.275925
[2021-05-23 10:54:20.866] [jointLog] [info] iteration = 1200 | max rel diff. = 0.126801
[2021-05-23 10:54:22.481] [jointLog] [info] iteration = 1300 | max rel diff. = 0.0674918
[2021-05-23 10:54:24.212] [jointLog] [info] iteration = 1400 | max rel diff. = 0.291916
[2021-05-23 10:54:26.036] [jointLog] [info] iteration = 1500 | max rel diff. = 0.543433
[2021-05-23 10:54:27.718] [jointLog] [info] iteration = 1600 | max rel diff. = 0.165439
[2021-05-23 10:54:29.348] [jointLog] [info] iteration = 1700 | max rel diff. = 0.017601
[2021-05-23 10:54:30.958] [jointLog] [info] iteration = 1800 | max rel diff. = 0.106506
[2021-05-23 10:54:32.566] [jointLog] [info] iteration = 1900 | max rel diff. = 0.022226
[2021-05-23 10:54:34.187] [jointLog] [info] iteration = 2000 | max rel diff. = 0.0231493
[2021-05-23 10:54:35.801] [jointLog] [info] iteration = 2100 | max rel diff. = 0.0364884
[2021-05-23 10:54:36.474] [jointLog] [info] iteration = 2143 | max rel diff. = 0.00228778
[2021-05-23 10:54:36.514] [jointLog] [info] finished optimizer
[2021-05-23 10:54:36.514] [jointLog] [info] writing output
[2021-05-23 10:54:38.651] [jointLog] [info] Computing gene-level abundance estimates
[2021-05-23 10:55:09.215] [jointLog] [warning] Feature has no GFF ID
[2021-05-23 10:55:09.215] [jointLog] [warning] Feature has no GFF ID
[2021-05-23 10:55:09.215] [jointLog] [warning] Feature has no GFF ID
[2021-05-23 10:55:09.215] [jointLog] [warning] Feature has no GFF ID
[2021-05-23 10:55:09.215] [jointLog] [warning] Feature has no GFF ID
[2021-05-23 10:55:09.215] [jointLog] [warning] Feature has no GFF ID
[2021-05-23 10:55:09.215] [jointLog] [warning] Feature has no GFF ID
[2021-05-23 10:55:09.215] [jointLog] [warning] Feature has no GFF ID
[2021-05-23 10:55:09.215] [jointLog] [warning] Feature has no GFF ID
[2021-05-23 10:55:09.215] [jointLog] [warning] Feature has no GFF ID
[2021-05-23 10:55:09.215] [jointLog] [warning] Feature has no GFF ID
[2021-05-23 10:55:09.215] [jointLog] [warning] Feature has no GFF ID
[2021-05-23 10:55:09.215] [jointLog] [warning] Feature has no GFF ID
[2021-05-23 10:55:09.215] [jointLog] [warning] Feature has no GFF ID
[2021-05-23 10:55:09.215] [jointLog] [warning] Feature has no GFF ID
[2021-05-23 10:55:09.215] [jointLog] [warning] Feature has no GFF ID
[2021-05-23 10:55:09.215] [jointLog] [warning] Feature has no GFF ID
[2021-05-23 10:55:09.215] [jointLog] [warning] Feature has no GFF ID
[2021-05-23 10:55:09.215] [jointLog] [warning] Feature has no GFF ID
[2021-05-23 10:55:09.215] [jointLog] [warning] Feature has no GFF ID
[2021-05-23 10:55:09.215] [jointLog] [warning] Feature has no GFF ID
[2021-05-23 10:55:09.215] [jointLog] [warning] Feature has no GFF ID
[2021-05-23 10:55:09.215] [jointLog] [warning] Feature has no GFF ID
[2021-05-23 10:55:09.215] [jointLog] [warning] Feature has no GFF ID
[2021-05-23 10:55:09.215] [jointLog] [warning] Feature has no GFF ID
[2021-05-23 10:55:09.215] [jointLog] [warning] Feature has no GFF ID
[2021-05-23 10:55:09.215] [jointLog] [warning] Feature has no GFF ID
[2021-05-23 10:55:09.215] [jointLog] [warning] Feature has no GFF ID
[2021-05-23 10:55:09.215] [jointLog] [warning] Feature has no GFF ID
[2021-05-23 10:55:09.215] [jointLog] [warning] Feature has no GFF ID
[2021-05-23 10:55:09.215] [jointLog] [warning] Feature has no GFF ID
[2021-05-23 10:55:09.215] [jointLog] [warning] Feature has no GFF ID
[2021-05-23 10:55:09.215] [jointLog] [warning] Feature has no GFF ID
[2021-05-23 10:55:09.215] [jointLog] [warning] Feature has no GFF ID
[2021-05-23 10:55:09.215] [jointLog] [warning] Feature has no GFF ID
[2021-05-23 10:55:09.215] [jointLog] [warning] Feature has no GFF ID
[2021-05-23 10:55:09.215] [jointLog] [warning] Feature has no GFF ID
[2021-05-23 10:55:09.215] [jointLog] [warning] Feature has no GFF ID
[2021-05-23 10:55:09.215] [jointLog] [warning] Feature has no GFF ID
[2021-05-23 10:55:09.215] [jointLog] [warning] Feature has no GFF ID
[2021-05-23 10:55:09.215] [jointLog] [warning] Feature has no GFF ID
[2021-05-23 10:55:09.215] [jointLog] [warning] Feature has no GFF ID
[2021-05-23 10:55:09.215] [jointLog] [warning] Feature has no GFF ID
[2021-05-23 10:55:09.215] [jointLog] [warning] Feature has no GFF ID
[2021-05-23 10:55:09.215] [jointLog] [warning] Feature has no GFF ID
[2021-05-23 10:55:09.215] [jointLog] [warning] Feature has no GFF ID
[2021-05-23 10:55:09.215] [jointLog] [warning] Feature has no GFF ID
[2021-05-23 10:55:09.215] [jointLog] [warning] Feature has no GFF ID
[2021-05-23 10:55:09.215] [jointLog] [warning] Feature has no GFF ID
[2021-05-23 10:55:09.215] [jointLog] [warning] Feature has no GFF ID
[2021-05-23 10:55:09.215] [jointLog] [warning] Feature has no GFF ID
[2021-05-23 10:55:09.215] [jointLog] [warning] Feature has no GFF ID
[2021-05-23 10:55:09.215] [jointLog] [warning] Feature has no GFF ID
[2021-05-23 10:55:09.215] [jointLog] [warning] Feature has no GFF ID
[2021-05-23 10:55:09.215] [jointLog] [warning] Feature has no GFF ID
[2021-05-23 10:55:09.215] [jointLog] [warning] Feature has no GFF ID
[2021-05-23 10:55:09.215] [jointLog] [warning] Feature has no GFF ID
[2021-05-23 10:55:09.215] [jointLog] [warning] Feature has no GFF ID
[2021-05-23 10:55:09.215] [jointLog] [warning] Feature has no GFF ID
[2021-05-23 10:55:09.215] [jointLog] [warning] Feature has no GFF ID
[2021-05-23 10:55:09.215] [jointLog] [warning] Feature has no GFF ID
[2021-05-23 10:55:09.215] [jointLog] [warning] Feature has no GFF ID
[2021-05-23 10:55:09.215] [jointLog] [warning] Feature has no GFF ID
[2021-05-23 10:55:09.215] [jointLog] [warning] Feature has no GFF ID
[2021-05-23 10:55:09.215] [jointLog] [warning] Feature has no GFF ID
[2021-05-23 10:55:09.215] [jointLog] [warning] Feature has no GFF ID
[2021-05-23 10:55:09.215] [jointLog] [warning] Feature has no GFF ID
[2021-05-23 10:55:09.215] [jointLog] [warning] Feature has no GFF ID
[2021-05-23 10:55:09.215] [jointLog] [warning] Feature has no GFF ID
[2021-05-23 10:55:09.215] [jointLog] [warning] Feature has no GFF ID
[2021-05-23 10:55:09.215] [jointLog] [warning] Feature has no GFF ID
[2021-05-23 10:55:09.215] [jointLog] [warning] Feature has no GFF ID
[2021-05-23 10:55:09.215] [jointLog] [warning] Feature has no GFF ID
[2021-05-23 10:55:09.215] [jointLog] [warning] Feature has no GFF ID
[2021-05-23 10:55:09.215] [jointLog] [warning] Feature has no GFF ID
[2021-05-23 10:55:09.215] [jointLog] [warning] Feature has no GFF ID
[2021-05-23 10:55:09.215] [jointLog] [warning] Feature has no GFF ID
[2021-05-23 10:55:09.215] [jointLog] [warning] Feature has no GFF ID
[2021-05-23 10:55:09.215] [jointLog] [warning] Feature has no GFF ID
[2021-05-23 10:55:09.215] [jointLog] [warning] Feature has no GFF ID
[2021-05-23 10:55:09.215] [jointLog] [warning] Feature has no GFF ID
[2021-05-23 10:55:09.215] [jointLog] [warning] Feature has no GFF ID
[2021-05-23 10:55:09.215] [jointLog] [warning] Feature has no GFF ID
[2021-05-23 10:55:09.215] [jointLog] [warning] Feature has no GFF ID
[2021-05-23 10:55:09.215] [jointLog] [warning] Feature has no GFF ID
[2021-05-23 10:55:09.215] [jointLog] [warning] Feature has no GFF ID
[2021-05-23 10:55:09.215] [jointLog] [warning] Feature has no GFF ID
[2021-05-23 10:55:09.215] [jointLog] [warning] Feature has no GFF ID
[2021-05-23 10:55:09.215] [jointLog] [warning] Feature has no GFF ID
[2021-05-23 10:55:09.215] [jointLog] [warning] Feature has no GFF ID
[2021-05-23 10:55:09.215] [jointLog] [warning] Feature has no GFF ID
[2021-05-23 10:55:09.215] [jointLog] [warning] Feature has no GFF ID
[2021-05-23 10:55:09.611] [jointLog] [info] There were 142604 transcripts mapping to 55401 genes
[2021-05-23 10:55:09.611] [jointLog] [info] NOTE: We recommend using tximport (https://bioconductor.org/packages/release/bioc/html/tximport.html) for aggregating transcript-level salmon abundance estimates to the gene level.  It is more versatile, exposes more features, and allows considering multi-sample information during aggregation.
[2021-05-23 10:55:09.915] [jointLog] [warning] couldn't find transcript named [DQ459430] in transcript <-> gene map; returning transcript as it's own gene
[2021-05-23 10:55:09.915] [jointLog] [warning] couldn't find transcript named [DQ516784] in transcript <-> gene map; returning transcript as it's own gene
[2021-05-23 10:55:09.915] [jointLog] [warning] couldn't find transcript named [DQ516752] in transcript <-> gene map; returning transcript as it's own gene
[2021-05-23 10:55:09.916] [jointLog] [warning] couldn't find transcript named [DQ668364] in transcript <-> gene map; returning transcript as it's own gene
[2021-05-23 10:55:09.916] [jointLog] [warning] couldn't find transcript named [DQ883670] in transcript <-> gene map; returning transcript as it's own gene
[2021-05-23 10:55:09.916] [jointLog] [warning] couldn't find transcript named [EF011062] in transcript <-> gene map; returning transcript as it's own gene
[2021-05-23 10:55:09.916] [jointLog] [warning] couldn't find transcript named [DQ875385] in transcript <-> gene map; returning transcript as it's own gene
[2021-05-23 10:55:09.916] [jointLog] [warning] couldn't find transcript named [DQ883664] in transcript <-> gene map; returning transcript as it's own gene
[2021-05-23 10:55:09.916] [jointLog] [warning] couldn't find transcript named [DQ459420] in transcript <-> gene map; returning transcript as it's own gene
[2021-05-23 10:55:09.916] [jointLog] [warning] couldn't find transcript named [DQ883651] in transcript <-> gene map; returning transcript as it's own gene
[2021-05-23 10:55:09.916] [jointLog] [warning] couldn't find transcript named [DQ855004] in transcript <-> gene map; returning transcript as it's own gene
[2021-05-23 10:55:09.916] [jointLog] [warning] couldn't find transcript named [DQ854993] in transcript <-> gene map; returning transcript as it's own gene
[2021-05-23 10:55:09.916] [jointLog] [warning] couldn't find transcript named [DQ883689] in transcript <-> gene map; returning transcript as it's own gene
[2021-05-23 10:55:09.916] [jointLog] [warning] couldn't find transcript named [DQ459419] in transcript <-> gene map; returning transcript as it's own gene
[2021-05-23 10:55:09.916] [jointLog] [warning] couldn't find transcript named [DQ459431] in transcript <-> gene map; returning transcript as it's own gene
[2021-05-23 10:55:09.916] [jointLog] [warning] couldn't find transcript named [DQ516796] in transcript <-> gene map; returning transcript as it's own gene
[2021-05-23 10:55:09.916] [jointLog] [warning] couldn't find transcript named [DQ855001] in transcript <-> gene map; returning transcript as it's own gene
[2021-05-23 10:55:09.916] [jointLog] [warning] couldn't find transcript named [DQ459413] in transcript <-> gene map; returning transcript as it's own gene
[2021-05-23 10:55:09.916] [jointLog] [warning] couldn't find transcript named [DQ883656] in transcript <-> gene map; returning transcript as it's own gene
[2021-05-23 10:55:09.916] [jointLog] [warning] couldn't find transcript named [DQ883661] in transcript <-> gene map; returning transcript as it's own gene
[2021-05-23 10:55:09.916] [jointLog] [warning] couldn't find transcript named [EF011069] in transcript <-> gene map; returning transcript as it's own gene
[2021-05-23 10:55:09.916] [jointLog] [warning] couldn't find transcript named [DQ516783] in transcript <-> gene map; returning transcript as it's own gene
[2021-05-23 10:55:09.916] [jointLog] [warning] couldn't find transcript named [DQ516787] in transcript <-> gene map; returning transcript as it's own gene
[2021-05-23 10:55:09.916] [jointLog] [warning] couldn't find transcript named [DQ459424] in transcript <-> gene map; returning transcript as it's own gene
[2021-05-23 10:55:09.916] [jointLog] [warning] couldn't find transcript named [DQ516748] in transcript <-> gene map; returning transcript as it's own gene
[2021-05-23 10:55:09.916] [jointLog] [warning] couldn't find transcript named [DQ883671] in transcript <-> gene map; returning transcript as it's own gene
[2021-05-23 10:55:09.916] [jointLog] [warning] couldn't find transcript named [DQ516740] in transcript <-> gene map; returning transcript as it's own gene
[2021-05-23 10:55:09.916] [jointLog] [warning] couldn't find transcript named [DQ516785] in transcript <-> gene map; returning transcript as it's own gene
[2021-05-23 10:55:09.916] [jointLog] [warning] couldn't find transcript named [DQ516731] in transcript <-> gene map; returning transcript as it's own gene
[2021-05-23 10:55:09.916] [jointLog] [warning] couldn't find transcript named [DQ668366] in transcript <-> gene map; returning transcript as it's own gene
[2021-05-23 10:55:09.916] [jointLog] [warning] couldn't find transcript named [DQ459418] in transcript <-> gene map; returning transcript as it's own gene
[2021-05-23 10:55:09.916] [jointLog] [warning] couldn't find transcript named [DQ668356] in transcript <-> gene map; returning transcript as it's own gene
[2021-05-23 10:55:09.916] [jointLog] [warning] couldn't find transcript named [DQ516763] in transcript <-> gene map; returning transcript as it's own gene
[2021-05-23 10:55:09.916] [jointLog] [warning] couldn't find transcript named [DQ459426] in transcript <-> gene map; returning transcript as it's own gene
[2021-05-23 10:55:09.916] [jointLog] [warning] couldn't find transcript named [DQ516786] in transcript <-> gene map; returning transcript as it's own gene
[2021-05-23 10:55:09.916] [jointLog] [warning] couldn't find transcript named [DQ883653] in transcript <-> gene map; returning transcript as it's own gene
[2021-05-23 10:55:09.916] [jointLog] [warning] couldn't find transcript named [DQ459421] in transcript <-> gene map; returning transcript as it's own gene
[2021-05-23 10:55:09.916] [jointLog] [warning] couldn't find transcript named [DQ883654] in transcript <-> gene map; returning transcript as it's own gene
[2021-05-23 10:55:09.916] [jointLog] [warning] couldn't find transcript named [DQ668358] in transcript <-> gene map; returning transcript as it's own gene
[2021-05-23 10:55:09.916] [jointLog] [warning] couldn't find transcript named [DQ516754] in transcript <-> gene map; returning transcript as it's own gene
[2021-05-23 10:55:09.916] [jointLog] [warning] couldn't find transcript named [DQ516778] in transcript <-> gene map; returning transcript as it's own gene
[2021-05-23 10:55:09.916] [jointLog] [warning] couldn't find transcript named [DQ883650] in transcript <-> gene map; returning transcript as it's own gene
[2021-05-23 10:55:09.916] [jointLog] [warning] couldn't find transcript named [DQ516742] in transcript <-> gene map; returning transcript as it's own gene
[2021-05-23 10:55:09.916] [jointLog] [warning] couldn't find transcript named [DQ883673] in transcript <-> gene map; returning transcript as it's own gene
[2021-05-23 10:55:09.916] [jointLog] [warning] couldn't find transcript named [DQ883652] in transcript <-> gene map; returning transcript as it's own gene
[2021-05-23 10:55:09.916] [jointLog] [warning] couldn't find transcript named [DQ854991] in transcript <-> gene map; returning transcript as it's own gene
[2021-05-23 10:55:09.916] [jointLog] [warning] couldn't find transcript named [DQ516780] in transcript <-> gene map; returning transcript as it's own gene
[2021-05-23 10:55:09.916] [jointLog] [warning] couldn't find transcript named [DQ883682] in transcript <-> gene map; returning transcript as it's own gene
[2021-05-23 10:55:09.916] [jointLog] [warning] couldn't find transcript named [DQ883669] in transcript <-> gene map; returning transcript as it's own gene
[2021-05-23 10:55:09.916] [jointLog] [warning] couldn't find transcript named [DQ516791] in transcript <-> gene map; returning transcript as it's own gene
[2021-05-23 10:55:09.916] [jointLog] [warning] couldn't find transcript named [DQ459425] in transcript <-> gene map; returning transcript as it's own gene
[2021-05-23 10:55:09.916] [jointLog] [warning] couldn't find transcript named [DQ516759] in transcript <-> gene map; returning transcript as it's own gene
[2021-05-23 10:55:09.916] [jointLog] [warning] couldn't find transcript named [DQ459429] in transcript <-> gene map; returning transcript as it's own gene
[2021-05-23 10:55:09.916] [jointLog] [warning] couldn't find transcript named [DQ516758] in transcript <-> gene map; returning transcript as it's own gene
[2021-05-23 10:55:09.916] [jointLog] [warning] couldn't find transcript named [DQ459415] in transcript <-> gene map; returning transcript as it's own gene
[2021-05-23 10:55:09.916] [jointLog] [warning] couldn't find transcript named [DQ875387] in transcript <-> gene map; returning transcript as it's own gene
[2021-05-23 10:55:09.916] [jointLog] [warning] couldn't find transcript named [DQ516815] in transcript <-> gene map; returning transcript as it's own gene
[2021-05-23 10:55:09.916] [jointLog] [warning] couldn't find transcript named [DQ668365] in transcript <-> gene map; returning transcript as it's own gene
[2021-05-23 10:55:09.916] [jointLog] [warning] couldn't find transcript named [DQ854998] in transcript <-> gene map; returning transcript as it's own gene
[2021-05-23 10:55:09.916] [jointLog] [warning] couldn't find transcript named [DQ883685] in transcript <-> gene map; returning transcript as it's own gene
[2021-05-23 10:55:09.916] [jointLog] [warning] couldn't find transcript named [DQ459422] in transcript <-> gene map; returning transcript as it's own gene
[2021-05-23 10:55:09.916] [jointLog] [warning] couldn't find transcript named [DQ883663] in transcript <-> gene map; returning transcript as it's own gene
[2021-05-23 10:55:09.916] [jointLog] [warning] couldn't find transcript named [DQ668367] in transcript <-> gene map; returning transcript as it's own gene
[2021-05-23 10:55:09.916] [jointLog] [warning] couldn't find transcript named [DQ459412] in transcript <-> gene map; returning transcript as it's own gene
[2021-05-23 10:55:09.916] [jointLog] [warning] couldn't find transcript named [DQ854992] in transcript <-> gene map; returning transcript as it's own gene
[2021-05-23 10:55:09.916] [jointLog] [warning] couldn't find transcript named [DQ516782] in transcript <-> gene map; returning transcript as it's own gene
[2021-05-23 10:55:09.916] [jointLog] [warning] couldn't find transcript named [DQ459427] in transcript <-> gene map; returning transcript as it's own gene
[2021-05-23 10:55:09.916] [jointLog] [warning] couldn't find transcript named [EF011072] in transcript <-> gene map; returning transcript as it's own gene
[2021-05-23 10:55:09.916] [jointLog] [warning] couldn't find transcript named [DQ855003] in transcript <-> gene map; returning transcript as it's own gene
[2021-05-23 10:55:09.916] [jointLog] [warning] couldn't find transcript named [DQ516739] in transcript <-> gene map; returning transcript as it's own gene
[2021-05-23 10:55:09.916] [jointLog] [warning] couldn't find transcript named [EF011063] in transcript <-> gene map; returning transcript as it's own gene
[2021-05-23 10:55:09.916] [jointLog] [warning] couldn't find transcript named [DQ855000] in transcript <-> gene map; returning transcript as it's own gene
[2021-05-23 10:55:09.916] [jointLog] [warning] couldn't find transcript named [DQ516777] in transcript <-> gene map; returning transcript as it's own gene
[2021-05-23 10:55:09.916] [jointLog] [warning] couldn't find transcript named [DQ883646] in transcript <-> gene map; returning transcript as it's own gene
[2021-05-23 10:55:09.916] [jointLog] [warning] couldn't find transcript named [DQ668362] in transcript <-> gene map; returning transcript as it's own gene
[2021-05-23 10:55:09.916] [jointLog] [warning] couldn't find transcript named [DQ854995] in transcript <-> gene map; returning transcript as it's own gene
[2021-05-23 10:55:09.916] [jointLog] [warning] couldn't find transcript named [DQ875386] in transcript <-> gene map; returning transcript as it's own gene
[2021-05-23 10:55:09.916] [jointLog] [warning] couldn't find transcript named [DQ516790] in transcript <-> gene map; returning transcript as it's own gene
[2021-05-23 10:55:09.916] [jointLog] [warning] couldn't find transcript named [DQ883642] in transcript <-> gene map; returning transcript as it's own gene
[2021-05-23 10:55:09.916] [jointLog] [warning] couldn't find transcript named [DQ883659] in transcript <-> gene map; returning transcript as it's own gene
[2021-05-23 10:55:09.916] [jointLog] [warning] couldn't find transcript named [DQ854997] in transcript <-> gene map; returning transcript as it's own gene
[2021-05-23 10:55:09.916] [jointLog] [warning] couldn't find transcript named [DQ883643] in transcript <-> gene map; returning transcript as it's own gene
[2021-05-23 10:55:09.916] [jointLog] [warning] couldn't find transcript named [DQ839618] in transcript <-> gene map; returning transcript as it's own gene
[2021-05-23 10:55:09.916] [jointLog] [warning] couldn't find transcript named [DQ516795] in transcript <-> gene map; returning transcript as it's own gene
[2021-05-23 10:55:09.916] [jointLog] [warning] couldn't find transcript named [DQ883658] in transcript <-> gene map; returning transcript as it's own gene
[2021-05-23 10:55:09.916] [jointLog] [warning] couldn't find transcript named [DQ516750] in transcript <-> gene map; returning transcript as it's own gene
[2021-05-23 10:55:09.916] [jointLog] [warning] couldn't find transcript named [DQ668359] in transcript <-> gene map; returning transcript as it's own gene
[2021-05-23 10:55:09.916] [jointLog] [warning] couldn't find transcript named [DQ516779] in transcript <-> gene map; returning transcript as it's own gene
[2021-05-23 10:55:09.916] [jointLog] [warning] couldn't find transcript named [DQ668363] in transcript <-> gene map; returning transcript as it's own gene
[2021-05-23 10:55:09.916] [jointLog] [warning] couldn't find transcript named [DQ516776] in transcript <-> gene map; returning transcript as it's own gene
[2021-05-23 10:55:09.916] [jointLog] [warning] couldn't find transcript named [DQ516773] in transcript <-> gene map; returning transcript as it's own gene
[2021-05-23 10:55:09.916] [jointLog] [warning] couldn't find transcript named [DQ854994] in transcript <-> gene map; returning transcript as it's own gene
[2021-05-23 10:55:09.916] [jointLog] [info] Aggregating expressions to gene level
[2021-05-23 10:55:10.117] [jointLog] [info] done
