[2021-04-27 20:49:33.081] [jointLog] [info] setting maxHashResizeThreads to 6
[2021-04-27 20:49:33.081] [jointLog] [info] Fragment incompatibility prior below threshold.  Incompatible fragments will be ignored.
[2021-04-27 20:49:33.082] [jointLog] [info] numQuantThreads = 3
[2021-04-27 20:49:37.544] [fileLog] [info] quantification processed 0 fragments so far

[2021-04-27 20:49:37.303] [jointLog] [info] replaced 4 non-ACGT nucleotides with random nucleotides
[2021-04-27 20:49:41.664] [fileLog] [info] quantification processed 1000000 fragments so far

[2021-04-27 20:49:44.400] [fileLog] [info] quantification processed 2000000 fragments so far

[2021-04-27 20:49:45.692] [jointLog] [info] 

The alignment group queue pool has been exhausted.  2984538 extra fragments were allocated on the heap to saturate the pool.  No new fragments will be allocated


[2021-04-27 20:49:53.721] [fileLog] [info] quantification processed 3000000 fragments so far

[2021-04-27 20:50:07.603] [fileLog] [info] quantification processed 4000000 fragments so far

[2021-04-27 20:50:20.962] [fileLog] [info] quantification processed 5000000 fragments so far

[2021-04-27 20:50:34.185] [fileLog] [info] quantification processed 6000000 fragments so far

[2021-04-27 20:50:47.523] [fileLog] [info] quantification processed 7000000 fragments so far

[2021-04-27 20:50:50.448] [fileLog] [info] quantification processed 8000000 fragments so far

[2021-04-27 20:50:53.214] [fileLog] [info] quantification processed 9000000 fragments so far

[2021-04-27 20:50:55.871] [fileLog] [info] quantification processed 10000000 fragments so far

[2021-04-27 20:50:58.607] [fileLog] [info] quantification processed 11000000 fragments so far

[2021-04-27 20:51:01.282] [fileLog] [info] quantification processed 12000000 fragments so far

[2021-04-27 20:51:03.989] [fileLog] [info] quantification processed 13000000 fragments so far

[2021-04-27 20:51:06.645] [fileLog] [info] quantification processed 14000000 fragments so far

[2021-04-27 20:51:09.321] [fileLog] [info] quantification processed 15000000 fragments so far

[2021-04-27 20:51:12.001] [fileLog] [info] quantification processed 16000000 fragments so far

[2021-04-27 20:51:14.667] [fileLog] [info] quantification processed 17000000 fragments so far

[2021-04-27 20:51:17.434] [fileLog] [info] quantification processed 18000000 fragments so far

[2021-04-27 20:51:20.226] [fileLog] [info] quantification processed 19000000 fragments so far

[2021-04-27 20:51:23.214] [fileLog] [info] quantification processed 20000000 fragments so far

[2021-04-27 20:51:26.325] [fileLog] [info] quantification processed 21000000 fragments so far

[2021-04-27 20:51:29.714] [fileLog] [info] quantification processed 22000000 fragments so far

[2021-04-27 20:51:32.422] [fileLog] [info] quantification processed 23000000 fragments so far

[2021-04-27 20:51:35.082] [fileLog] [info] quantification processed 24000000 fragments so far

[2021-04-27 20:51:37.795] [fileLog] [info] quantification processed 25000000 fragments so far

[2021-04-27 20:51:40.504] [fileLog] [info] quantification processed 26000000 fragments so far

[2021-04-27 20:51:43.275] [fileLog] [info] quantification processed 27000000 fragments so far

[2021-04-27 20:51:46.076] [fileLog] [info] quantification processed 28000000 fragments so far

[2021-04-27 20:51:48.823] [fileLog] [info] quantification processed 29000000 fragments so far

[2021-04-27 20:51:51.590] [fileLog] [info] quantification processed 30000000 fragments so far

[2021-04-27 20:51:54.494] [fileLog] [info] quantification processed 31000000 fragments so far

[2021-04-27 20:51:57.389] [fileLog] [info] quantification processed 32000000 fragments so far

[2021-04-27 20:52:00.188] [fileLog] [info] quantification processed 33000000 fragments so far

[2021-04-27 20:52:02.936] [fileLog] [info] quantification processed 34000000 fragments so far

[2021-04-27 20:52:05.134] [fileLog] [info] quantification processed 34797045 fragments so far

[2021-04-27 20:52:10.420] [jointLog] [info] Thread saw mini-batch with a maximum of 1.70% zero probability fragments
[2021-04-27 20:52:10.424] [jointLog] [info] Thread saw mini-batch with a maximum of 1.90% zero probability fragments
[2021-04-27 20:52:10.425] [jointLog] [info] Thread saw mini-batch with a maximum of 1.70% zero probability fragments
[2021-04-27 20:52:10.426] [jointLog] [info] 


Completed first pass through the alignment file.
Total # of mapped reads : 34797045
# of uniquely mapped reads : 13435928
# ambiguously mapped reads : 21361117



[2021-04-27 20:52:10.559] [jointLog] [info] Computed 235161 rich equivalence classes for further processing
[2021-04-27 20:52:10.559] [jointLog] [info] Counted 34652841 total reads in the equivalence classes 
[2021-04-27 20:52:10.561] [jointLog] [info] starting optimizer
[2021-04-27 20:52:10.658] [jointLog] [info] Marked 0 weighted equivalence classes as degenerate
[2021-04-27 20:52:10.677] [jointLog] [info] iteration = 0 | max rel diff. = 7425.7
[2021-04-27 20:52:12.205] [jointLog] [info] iteration = 100 | max rel diff. = 11.8089
[2021-04-27 20:52:13.715] [jointLog] [info] iteration = 200 | max rel diff. = 13.1206
[2021-04-27 20:52:15.231] [jointLog] [info] iteration = 300 | max rel diff. = 3.42063
[2021-04-27 20:52:16.758] [jointLog] [info] iteration = 400 | max rel diff. = 1.93486
[2021-04-27 20:52:18.359] [jointLog] [info] iteration = 500 | max rel diff. = 0.576481
[2021-04-27 20:52:19.952] [jointLog] [info] iteration = 600 | max rel diff. = 0.603664
[2021-04-27 20:52:21.473] [jointLog] [info] iteration = 700 | max rel diff. = 0.48544
[2021-04-27 20:52:23.026] [jointLog] [info] iteration = 800 | max rel diff. = 0.105481
[2021-04-27 20:52:24.566] [jointLog] [info] iteration = 900 | max rel diff. = 0.0698242
[2021-04-27 20:52:26.076] [jointLog] [info] iteration = 1000 | max rel diff. = 2.56157
[2021-04-27 20:52:27.607] [jointLog] [info] iteration = 1100 | max rel diff. = 0.0841845
[2021-04-27 20:52:29.126] [jointLog] [info] iteration = 1200 | max rel diff. = 0.139178
[2021-04-27 20:52:30.642] [jointLog] [info] iteration = 1300 | max rel diff. = 0.039374
[2021-04-27 20:52:32.177] [jointLog] [info] iteration = 1400 | max rel diff. = 0.0387417
[2021-04-27 20:52:33.709] [jointLog] [info] iteration = 1500 | max rel diff. = 0.179695
[2021-04-27 20:52:35.298] [jointLog] [info] iteration = 1600 | max rel diff. = 0.0353767
[2021-04-27 20:52:36.817] [jointLog] [info] iteration = 1700 | max rel diff. = 0.312391
[2021-04-27 20:52:38.344] [jointLog] [info] iteration = 1800 | max rel diff. = 0.201624
[2021-04-27 20:52:39.870] [jointLog] [info] iteration = 1900 | max rel diff. = 0.014337
[2021-04-27 20:52:40.977] [jointLog] [info] iteration = 1974 | max rel diff. = 0.00786692
[2021-04-27 20:52:41.008] [jointLog] [info] finished optimizer
[2021-04-27 20:52:41.008] [jointLog] [info] writing output
[2021-04-27 20:52:42.650] [jointLog] [info] Computing gene-level abundance estimates
[2021-04-27 20:53:07.938] [jointLog] [warning] Feature has no GFF ID
[2021-04-27 20:53:07.938] [jointLog] [warning] Feature has no GFF ID
[2021-04-27 20:53:07.938] [jointLog] [warning] Feature has no GFF ID
[2021-04-27 20:53:07.938] [jointLog] [warning] Feature has no GFF ID
[2021-04-27 20:53:07.938] [jointLog] [warning] Feature has no GFF ID
[2021-04-27 20:53:07.938] [jointLog] [warning] Feature has no GFF ID
[2021-04-27 20:53:07.938] [jointLog] [warning] Feature has no GFF ID
[2021-04-27 20:53:07.938] [jointLog] [warning] Feature has no GFF ID
[2021-04-27 20:53:07.938] [jointLog] [warning] Feature has no GFF ID
[2021-04-27 20:53:07.938] [jointLog] [warning] Feature has no GFF ID
[2021-04-27 20:53:07.938] [jointLog] [warning] Feature has no GFF ID
[2021-04-27 20:53:07.938] [jointLog] [warning] Feature has no GFF ID
[2021-04-27 20:53:07.938] [jointLog] [warning] Feature has no GFF ID
[2021-04-27 20:53:07.938] [jointLog] [warning] Feature has no GFF ID
[2021-04-27 20:53:07.938] [jointLog] [warning] Feature has no GFF ID
[2021-04-27 20:53:07.938] [jointLog] [warning] Feature has no GFF ID
[2021-04-27 20:53:07.938] [jointLog] [warning] Feature has no GFF ID
[2021-04-27 20:53:07.938] [jointLog] [warning] Feature has no GFF ID
[2021-04-27 20:53:07.938] [jointLog] [warning] Feature has no GFF ID
[2021-04-27 20:53:07.938] [jointLog] [warning] Feature has no GFF ID
[2021-04-27 20:53:07.938] [jointLog] [warning] Feature has no GFF ID
[2021-04-27 20:53:07.938] [jointLog] [warning] Feature has no GFF ID
[2021-04-27 20:53:07.938] [jointLog] [warning] Feature has no GFF ID
[2021-04-27 20:53:07.938] [jointLog] [warning] Feature has no GFF ID
[2021-04-27 20:53:07.938] [jointLog] [warning] Feature has no GFF ID
[2021-04-27 20:53:07.938] [jointLog] [warning] Feature has no GFF ID
[2021-04-27 20:53:07.938] [jointLog] [warning] Feature has no GFF ID
[2021-04-27 20:53:07.938] [jointLog] [warning] Feature has no GFF ID
[2021-04-27 20:53:07.938] [jointLog] [warning] Feature has no GFF ID
[2021-04-27 20:53:07.938] [jointLog] [warning] Feature has no GFF ID
[2021-04-27 20:53:07.938] [jointLog] [warning] Feature has no GFF ID
[2021-04-27 20:53:07.938] [jointLog] [warning] Feature has no GFF ID
[2021-04-27 20:53:07.938] [jointLog] [warning] Feature has no GFF ID
[2021-04-27 20:53:07.938] [jointLog] [warning] Feature has no GFF ID
[2021-04-27 20:53:07.938] [jointLog] [warning] Feature has no GFF ID
[2021-04-27 20:53:07.938] [jointLog] [warning] Feature has no GFF ID
[2021-04-27 20:53:07.938] [jointLog] [warning] Feature has no GFF ID
[2021-04-27 20:53:07.938] [jointLog] [warning] Feature has no GFF ID
[2021-04-27 20:53:07.938] [jointLog] [warning] Feature has no GFF ID
[2021-04-27 20:53:07.938] [jointLog] [warning] Feature has no GFF ID
[2021-04-27 20:53:07.938] [jointLog] [warning] Feature has no GFF ID
[2021-04-27 20:53:07.938] [jointLog] [warning] Feature has no GFF ID
[2021-04-27 20:53:07.938] [jointLog] [warning] Feature has no GFF ID
[2021-04-27 20:53:07.938] [jointLog] [warning] Feature has no GFF ID
[2021-04-27 20:53:07.938] [jointLog] [warning] Feature has no GFF ID
[2021-04-27 20:53:07.938] [jointLog] [warning] Feature has no GFF ID
[2021-04-27 20:53:07.938] [jointLog] [warning] Feature has no GFF ID
[2021-04-27 20:53:07.938] [jointLog] [warning] Feature has no GFF ID
[2021-04-27 20:53:07.938] [jointLog] [warning] Feature has no GFF ID
[2021-04-27 20:53:07.938] [jointLog] [warning] Feature has no GFF ID
[2021-04-27 20:53:07.938] [jointLog] [warning] Feature has no GFF ID
[2021-04-27 20:53:07.938] [jointLog] [warning] Feature has no GFF ID
[2021-04-27 20:53:07.938] [jointLog] [warning] Feature has no GFF ID
[2021-04-27 20:53:07.938] [jointLog] [warning] Feature has no GFF ID
[2021-04-27 20:53:07.938] [jointLog] [warning] Feature has no GFF ID
[2021-04-27 20:53:07.938] [jointLog] [warning] Feature has no GFF ID
[2021-04-27 20:53:07.938] [jointLog] [warning] Feature has no GFF ID
[2021-04-27 20:53:07.938] [jointLog] [warning] Feature has no GFF ID
[2021-04-27 20:53:07.938] [jointLog] [warning] Feature has no GFF ID
[2021-04-27 20:53:07.938] [jointLog] [warning] Feature has no GFF ID
[2021-04-27 20:53:07.938] [jointLog] [warning] Feature has no GFF ID
[2021-04-27 20:53:07.938] [jointLog] [warning] Feature has no GFF ID
[2021-04-27 20:53:07.938] [jointLog] [warning] Feature has no GFF ID
[2021-04-27 20:53:07.938] [jointLog] [warning] Feature has no GFF ID
[2021-04-27 20:53:07.938] [jointLog] [warning] Feature has no GFF ID
[2021-04-27 20:53:07.938] [jointLog] [warning] Feature has no GFF ID
[2021-04-27 20:53:07.938] [jointLog] [warning] Feature has no GFF ID
[2021-04-27 20:53:07.938] [jointLog] [warning] Feature has no GFF ID
[2021-04-27 20:53:07.938] [jointLog] [warning] Feature has no GFF ID
[2021-04-27 20:53:07.938] [jointLog] [warning] Feature has no GFF ID
[2021-04-27 20:53:07.938] [jointLog] [warning] Feature has no GFF ID
[2021-04-27 20:53:07.938] [jointLog] [warning] Feature has no GFF ID
[2021-04-27 20:53:07.938] [jointLog] [warning] Feature has no GFF ID
[2021-04-27 20:53:07.938] [jointLog] [warning] Feature has no GFF ID
[2021-04-27 20:53:07.938] [jointLog] [warning] Feature has no GFF ID
[2021-04-27 20:53:07.938] [jointLog] [warning] Feature has no GFF ID
[2021-04-27 20:53:07.938] [jointLog] [warning] Feature has no GFF ID
[2021-04-27 20:53:07.938] [jointLog] [warning] Feature has no GFF ID
[2021-04-27 20:53:07.938] [jointLog] [warning] Feature has no GFF ID
[2021-04-27 20:53:07.938] [jointLog] [warning] Feature has no GFF ID
[2021-04-27 20:53:07.938] [jointLog] [warning] Feature has no GFF ID
[2021-04-27 20:53:07.938] [jointLog] [warning] Feature has no GFF ID
[2021-04-27 20:53:07.938] [jointLog] [warning] Feature has no GFF ID
[2021-04-27 20:53:07.938] [jointLog] [warning] Feature has no GFF ID
[2021-04-27 20:53:07.938] [jointLog] [warning] Feature has no GFF ID
[2021-04-27 20:53:07.938] [jointLog] [warning] Feature has no GFF ID
[2021-04-27 20:53:07.938] [jointLog] [warning] Feature has no GFF ID
[2021-04-27 20:53:07.938] [jointLog] [warning] Feature has no GFF ID
[2021-04-27 20:53:07.938] [jointLog] [warning] Feature has no GFF ID
[2021-04-27 20:53:07.938] [jointLog] [warning] Feature has no GFF ID
[2021-04-27 20:53:07.938] [jointLog] [warning] Feature has no GFF ID
[2021-04-27 20:53:07.938] [jointLog] [warning] Feature has no GFF ID
[2021-04-27 20:53:08.226] [jointLog] [info] There were 142604 transcripts mapping to 55401 genes
[2021-04-27 20:53:08.226] [jointLog] [info] NOTE: We recommend using tximport (https://bioconductor.org/packages/release/bioc/html/tximport.html) for aggregating transcript-level salmon abundance estimates to the gene level.  It is more versatile, exposes more features, and allows considering multi-sample information during aggregation.
[2021-04-27 20:53:08.483] [jointLog] [warning] couldn't find transcript named [DQ459430] in transcript <-> gene map; returning transcript as it's own gene
[2021-04-27 20:53:08.483] [jointLog] [warning] couldn't find transcript named [DQ516784] in transcript <-> gene map; returning transcript as it's own gene
[2021-04-27 20:53:08.483] [jointLog] [warning] couldn't find transcript named [DQ516752] in transcript <-> gene map; returning transcript as it's own gene
[2021-04-27 20:53:08.483] [jointLog] [warning] couldn't find transcript named [DQ668364] in transcript <-> gene map; returning transcript as it's own gene
[2021-04-27 20:53:08.483] [jointLog] [warning] couldn't find transcript named [DQ883670] in transcript <-> gene map; returning transcript as it's own gene
[2021-04-27 20:53:08.483] [jointLog] [warning] couldn't find transcript named [EF011062] in transcript <-> gene map; returning transcript as it's own gene
[2021-04-27 20:53:08.483] [jointLog] [warning] couldn't find transcript named [DQ875385] in transcript <-> gene map; returning transcript as it's own gene
[2021-04-27 20:53:08.483] [jointLog] [warning] couldn't find transcript named [DQ883664] in transcript <-> gene map; returning transcript as it's own gene
[2021-04-27 20:53:08.483] [jointLog] [warning] couldn't find transcript named [DQ459420] in transcript <-> gene map; returning transcript as it's own gene
[2021-04-27 20:53:08.483] [jointLog] [warning] couldn't find transcript named [DQ883651] in transcript <-> gene map; returning transcript as it's own gene
[2021-04-27 20:53:08.483] [jointLog] [warning] couldn't find transcript named [DQ855004] in transcript <-> gene map; returning transcript as it's own gene
[2021-04-27 20:53:08.483] [jointLog] [warning] couldn't find transcript named [DQ854993] in transcript <-> gene map; returning transcript as it's own gene
[2021-04-27 20:53:08.483] [jointLog] [warning] couldn't find transcript named [DQ883689] in transcript <-> gene map; returning transcript as it's own gene
[2021-04-27 20:53:08.483] [jointLog] [warning] couldn't find transcript named [DQ459419] in transcript <-> gene map; returning transcript as it's own gene
[2021-04-27 20:53:08.483] [jointLog] [warning] couldn't find transcript named [DQ459431] in transcript <-> gene map; returning transcript as it's own gene
[2021-04-27 20:53:08.483] [jointLog] [warning] couldn't find transcript named [DQ516796] in transcript <-> gene map; returning transcript as it's own gene
[2021-04-27 20:53:08.483] [jointLog] [warning] couldn't find transcript named [DQ855001] in transcript <-> gene map; returning transcript as it's own gene
[2021-04-27 20:53:08.483] [jointLog] [warning] couldn't find transcript named [DQ459413] in transcript <-> gene map; returning transcript as it's own gene
[2021-04-27 20:53:08.483] [jointLog] [warning] couldn't find transcript named [DQ883656] in transcript <-> gene map; returning transcript as it's own gene
[2021-04-27 20:53:08.483] [jointLog] [warning] couldn't find transcript named [DQ883661] in transcript <-> gene map; returning transcript as it's own gene
[2021-04-27 20:53:08.483] [jointLog] [warning] couldn't find transcript named [EF011069] in transcript <-> gene map; returning transcript as it's own gene
[2021-04-27 20:53:08.483] [jointLog] [warning] couldn't find transcript named [DQ516783] in transcript <-> gene map; returning transcript as it's own gene
[2021-04-27 20:53:08.483] [jointLog] [warning] couldn't find transcript named [DQ516787] in transcript <-> gene map; returning transcript as it's own gene
[2021-04-27 20:53:08.483] [jointLog] [warning] couldn't find transcript named [DQ459424] in transcript <-> gene map; returning transcript as it's own gene
[2021-04-27 20:53:08.483] [jointLog] [warning] couldn't find transcript named [DQ516748] in transcript <-> gene map; returning transcript as it's own gene
[2021-04-27 20:53:08.483] [jointLog] [warning] couldn't find transcript named [DQ883671] in transcript <-> gene map; returning transcript as it's own gene
[2021-04-27 20:53:08.483] [jointLog] [warning] couldn't find transcript named [DQ516740] in transcript <-> gene map; returning transcript as it's own gene
[2021-04-27 20:53:08.483] [jointLog] [warning] couldn't find transcript named [DQ516785] in transcript <-> gene map; returning transcript as it's own gene
[2021-04-27 20:53:08.483] [jointLog] [warning] couldn't find transcript named [DQ516731] in transcript <-> gene map; returning transcript as it's own gene
[2021-04-27 20:53:08.483] [jointLog] [warning] couldn't find transcript named [DQ668366] in transcript <-> gene map; returning transcript as it's own gene
[2021-04-27 20:53:08.483] [jointLog] [warning] couldn't find transcript named [DQ459418] in transcript <-> gene map; returning transcript as it's own gene
[2021-04-27 20:53:08.483] [jointLog] [warning] couldn't find transcript named [DQ668356] in transcript <-> gene map; returning transcript as it's own gene
[2021-04-27 20:53:08.483] [jointLog] [warning] couldn't find transcript named [DQ516763] in transcript <-> gene map; returning transcript as it's own gene
[2021-04-27 20:53:08.483] [jointLog] [warning] couldn't find transcript named [DQ459426] in transcript <-> gene map; returning transcript as it's own gene
[2021-04-27 20:53:08.483] [jointLog] [warning] couldn't find transcript named [DQ516786] in transcript <-> gene map; returning transcript as it's own gene
[2021-04-27 20:53:08.483] [jointLog] [warning] couldn't find transcript named [DQ883653] in transcript <-> gene map; returning transcript as it's own gene
[2021-04-27 20:53:08.483] [jointLog] [warning] couldn't find transcript named [DQ459421] in transcript <-> gene map; returning transcript as it's own gene
[2021-04-27 20:53:08.483] [jointLog] [warning] couldn't find transcript named [DQ883654] in transcript <-> gene map; returning transcript as it's own gene
[2021-04-27 20:53:08.483] [jointLog] [warning] couldn't find transcript named [DQ668358] in transcript <-> gene map; returning transcript as it's own gene
[2021-04-27 20:53:08.483] [jointLog] [warning] couldn't find transcript named [DQ516754] in transcript <-> gene map; returning transcript as it's own gene
[2021-04-27 20:53:08.483] [jointLog] [warning] couldn't find transcript named [DQ516778] in transcript <-> gene map; returning transcript as it's own gene
[2021-04-27 20:53:08.483] [jointLog] [warning] couldn't find transcript named [DQ883650] in transcript <-> gene map; returning transcript as it's own gene
[2021-04-27 20:53:08.483] [jointLog] [warning] couldn't find transcript named [DQ516742] in transcript <-> gene map; returning transcript as it's own gene
[2021-04-27 20:53:08.483] [jointLog] [warning] couldn't find transcript named [DQ883673] in transcript <-> gene map; returning transcript as it's own gene
[2021-04-27 20:53:08.483] [jointLog] [warning] couldn't find transcript named [DQ883652] in transcript <-> gene map; returning transcript as it's own gene
[2021-04-27 20:53:08.483] [jointLog] [warning] couldn't find transcript named [DQ854991] in transcript <-> gene map; returning transcript as it's own gene
[2021-04-27 20:53:08.483] [jointLog] [warning] couldn't find transcript named [DQ516780] in transcript <-> gene map; returning transcript as it's own gene
[2021-04-27 20:53:08.483] [jointLog] [warning] couldn't find transcript named [DQ883682] in transcript <-> gene map; returning transcript as it's own gene
[2021-04-27 20:53:08.483] [jointLog] [warning] couldn't find transcript named [DQ883669] in transcript <-> gene map; returning transcript as it's own gene
[2021-04-27 20:53:08.483] [jointLog] [warning] couldn't find transcript named [DQ516791] in transcript <-> gene map; returning transcript as it's own gene
[2021-04-27 20:53:08.483] [jointLog] [warning] couldn't find transcript named [DQ459425] in transcript <-> gene map; returning transcript as it's own gene
[2021-04-27 20:53:08.483] [jointLog] [warning] couldn't find transcript named [DQ516759] in transcript <-> gene map; returning transcript as it's own gene
[2021-04-27 20:53:08.483] [jointLog] [warning] couldn't find transcript named [DQ459429] in transcript <-> gene map; returning transcript as it's own gene
[2021-04-27 20:53:08.483] [jointLog] [warning] couldn't find transcript named [DQ516758] in transcript <-> gene map; returning transcript as it's own gene
[2021-04-27 20:53:08.483] [jointLog] [warning] couldn't find transcript named [DQ459415] in transcript <-> gene map; returning transcript as it's own gene
[2021-04-27 20:53:08.483] [jointLog] [warning] couldn't find transcript named [DQ875387] in transcript <-> gene map; returning transcript as it's own gene
[2021-04-27 20:53:08.483] [jointLog] [warning] couldn't find transcript named [DQ516815] in transcript <-> gene map; returning transcript as it's own gene
[2021-04-27 20:53:08.483] [jointLog] [warning] couldn't find transcript named [DQ668365] in transcript <-> gene map; returning transcript as it's own gene
[2021-04-27 20:53:08.483] [jointLog] [warning] couldn't find transcript named [DQ854998] in transcript <-> gene map; returning transcript as it's own gene
[2021-04-27 20:53:08.483] [jointLog] [warning] couldn't find transcript named [DQ883685] in transcript <-> gene map; returning transcript as it's own gene
[2021-04-27 20:53:08.483] [jointLog] [warning] couldn't find transcript named [DQ459422] in transcript <-> gene map; returning transcript as it's own gene
[2021-04-27 20:53:08.483] [jointLog] [warning] couldn't find transcript named [DQ883663] in transcript <-> gene map; returning transcript as it's own gene
[2021-04-27 20:53:08.483] [jointLog] [warning] couldn't find transcript named [DQ668367] in transcript <-> gene map; returning transcript as it's own gene
[2021-04-27 20:53:08.483] [jointLog] [warning] couldn't find transcript named [DQ459412] in transcript <-> gene map; returning transcript as it's own gene
[2021-04-27 20:53:08.483] [jointLog] [warning] couldn't find transcript named [DQ854992] in transcript <-> gene map; returning transcript as it's own gene
[2021-04-27 20:53:08.483] [jointLog] [warning] couldn't find transcript named [DQ516782] in transcript <-> gene map; returning transcript as it's own gene
[2021-04-27 20:53:08.483] [jointLog] [warning] couldn't find transcript named [DQ459427] in transcript <-> gene map; returning transcript as it's own gene
[2021-04-27 20:53:08.483] [jointLog] [warning] couldn't find transcript named [EF011072] in transcript <-> gene map; returning transcript as it's own gene
[2021-04-27 20:53:08.483] [jointLog] [warning] couldn't find transcript named [DQ855003] in transcript <-> gene map; returning transcript as it's own gene
[2021-04-27 20:53:08.483] [jointLog] [warning] couldn't find transcript named [DQ516739] in transcript <-> gene map; returning transcript as it's own gene
[2021-04-27 20:53:08.483] [jointLog] [warning] couldn't find transcript named [EF011063] in transcript <-> gene map; returning transcript as it's own gene
[2021-04-27 20:53:08.483] [jointLog] [warning] couldn't find transcript named [DQ855000] in transcript <-> gene map; returning transcript as it's own gene
[2021-04-27 20:53:08.483] [jointLog] [warning] couldn't find transcript named [DQ516777] in transcript <-> gene map; returning transcript as it's own gene
[2021-04-27 20:53:08.483] [jointLog] [warning] couldn't find transcript named [DQ883646] in transcript <-> gene map; returning transcript as it's own gene
[2021-04-27 20:53:08.483] [jointLog] [warning] couldn't find transcript named [DQ668362] in transcript <-> gene map; returning transcript as it's own gene
[2021-04-27 20:53:08.483] [jointLog] [warning] couldn't find transcript named [DQ854995] in transcript <-> gene map; returning transcript as it's own gene
[2021-04-27 20:53:08.483] [jointLog] [warning] couldn't find transcript named [DQ875386] in transcript <-> gene map; returning transcript as it's own gene
[2021-04-27 20:53:08.483] [jointLog] [warning] couldn't find transcript named [DQ516790] in transcript <-> gene map; returning transcript as it's own gene
[2021-04-27 20:53:08.483] [jointLog] [warning] couldn't find transcript named [DQ883642] in transcript <-> gene map; returning transcript as it's own gene
[2021-04-27 20:53:08.483] [jointLog] [warning] couldn't find transcript named [DQ883659] in transcript <-> gene map; returning transcript as it's own gene
[2021-04-27 20:53:08.483] [jointLog] [warning] couldn't find transcript named [DQ854997] in transcript <-> gene map; returning transcript as it's own gene
[2021-04-27 20:53:08.483] [jointLog] [warning] couldn't find transcript named [DQ883643] in transcript <-> gene map; returning transcript as it's own gene
[2021-04-27 20:53:08.483] [jointLog] [warning] couldn't find transcript named [DQ839618] in transcript <-> gene map; returning transcript as it's own gene
[2021-04-27 20:53:08.483] [jointLog] [warning] couldn't find transcript named [DQ516795] in transcript <-> gene map; returning transcript as it's own gene
[2021-04-27 20:53:08.483] [jointLog] [warning] couldn't find transcript named [DQ883658] in transcript <-> gene map; returning transcript as it's own gene
[2021-04-27 20:53:08.483] [jointLog] [warning] couldn't find transcript named [DQ516750] in transcript <-> gene map; returning transcript as it's own gene
[2021-04-27 20:53:08.483] [jointLog] [warning] couldn't find transcript named [DQ668359] in transcript <-> gene map; returning transcript as it's own gene
[2021-04-27 20:53:08.483] [jointLog] [warning] couldn't find transcript named [DQ516779] in transcript <-> gene map; returning transcript as it's own gene
[2021-04-27 20:53:08.483] [jointLog] [warning] couldn't find transcript named [DQ668363] in transcript <-> gene map; returning transcript as it's own gene
[2021-04-27 20:53:08.483] [jointLog] [warning] couldn't find transcript named [DQ516776] in transcript <-> gene map; returning transcript as it's own gene
[2021-04-27 20:53:08.483] [jointLog] [warning] couldn't find transcript named [DQ516773] in transcript <-> gene map; returning transcript as it's own gene
[2021-04-27 20:53:08.483] [jointLog] [warning] couldn't find transcript named [DQ854994] in transcript <-> gene map; returning transcript as it's own gene
[2021-04-27 20:53:08.483] [jointLog] [info] Aggregating expressions to gene level
[2021-04-27 20:53:08.629] [jointLog] [info] done
