[2021-04-27 20:32:50.545] [jointLog] [info] setting maxHashResizeThreads to 6
[2021-04-27 20:32:50.545] [jointLog] [info] Fragment incompatibility prior below threshold.  Incompatible fragments will be ignored.
[2021-04-27 20:32:50.555] [jointLog] [info] numQuantThreads = 3
[2021-04-27 20:32:53.726] [jointLog] [info] replaced 4 non-ACGT nucleotides with random nucleotides
[2021-04-27 20:32:53.998] [fileLog] [info] quantification processed 0 fragments so far

[2021-04-27 20:32:57.040] [fileLog] [info] quantification processed 1000000 fragments so far

[2021-04-27 20:33:00.113] [fileLog] [info] quantification processed 2000000 fragments so far

[2021-04-27 20:33:01.745] [jointLog] [info] 

The alignment group queue pool has been exhausted.  3148298 extra fragments were allocated on the heap to saturate the pool.  No new fragments will be allocated


[2021-04-27 20:33:08.581] [fileLog] [info] quantification processed 3000000 fragments so far

[2021-04-27 20:33:22.878] [fileLog] [info] quantification processed 4000000 fragments so far

[2021-04-27 20:33:37.143] [fileLog] [info] quantification processed 5000000 fragments so far

[2021-04-27 20:33:51.348] [fileLog] [info] quantification processed 6000000 fragments so far

[2021-04-27 20:34:05.437] [fileLog] [info] quantification processed 7000000 fragments so far

[2021-04-27 20:34:08.614] [fileLog] [info] quantification processed 8000000 fragments so far

[2021-04-27 20:34:11.710] [fileLog] [info] quantification processed 9000000 fragments so far

[2021-04-27 20:34:14.820] [fileLog] [info] quantification processed 10000000 fragments so far

[2021-04-27 20:34:17.939] [fileLog] [info] quantification processed 11000000 fragments so far

[2021-04-27 20:34:21.024] [fileLog] [info] quantification processed 12000000 fragments so far

[2021-04-27 20:34:24.136] [fileLog] [info] quantification processed 13000000 fragments so far

[2021-04-27 20:34:27.207] [fileLog] [info] quantification processed 14000000 fragments so far

[2021-04-27 20:34:30.312] [fileLog] [info] quantification processed 15000000 fragments so far

[2021-04-27 20:34:33.445] [fileLog] [info] quantification processed 16000000 fragments so far

[2021-04-27 20:34:36.546] [fileLog] [info] quantification processed 17000000 fragments so far

[2021-04-27 20:34:39.679] [fileLog] [info] quantification processed 18000000 fragments so far

[2021-04-27 20:34:42.801] [fileLog] [info] quantification processed 19000000 fragments so far

[2021-04-27 20:34:45.880] [fileLog] [info] quantification processed 20000000 fragments so far

[2021-04-27 20:34:49.016] [fileLog] [info] quantification processed 21000000 fragments so far

[2021-04-27 20:34:52.173] [fileLog] [info] quantification processed 22000000 fragments so far

[2021-04-27 20:34:55.331] [fileLog] [info] quantification processed 23000000 fragments so far

[2021-04-27 20:34:58.409] [fileLog] [info] quantification processed 24000000 fragments so far

[2021-04-27 20:35:01.568] [fileLog] [info] quantification processed 25000000 fragments so far

[2021-04-27 20:35:04.757] [fileLog] [info] quantification processed 26000000 fragments so far

[2021-04-27 20:35:07.848] [fileLog] [info] quantification processed 27000000 fragments so far

[2021-04-27 20:35:10.691] [fileLog] [info] quantification processed 27918002 fragments so far

[2021-04-27 20:35:16.776] [jointLog] [info] Thread saw mini-batch with a maximum of 5.10% zero probability fragments
[2021-04-27 20:35:16.778] [jointLog] [info] Thread saw mini-batch with a maximum of 5.00% zero probability fragments
[2021-04-27 20:35:16.784] [jointLog] [info] Thread saw mini-batch with a maximum of 6.00% zero probability fragments
[2021-04-27 20:35:16.785] [jointLog] [info] 


Completed first pass through the alignment file.
Total # of mapped reads : 27918002
# of uniquely mapped reads : 10491320
# ambiguously mapped reads : 17426682



[2021-04-27 20:35:16.928] [jointLog] [info] Computed 227707 rich equivalence classes for further processing
[2021-04-27 20:35:16.928] [jointLog] [info] Counted 27816707 total reads in the equivalence classes 
[2021-04-27 20:35:16.930] [jointLog] [info] starting optimizer
[2021-04-27 20:35:17.031] [jointLog] [info] Marked 0 weighted equivalence classes as degenerate
[2021-04-27 20:35:17.050] [jointLog] [info] iteration = 0 | max rel diff. = 7555.87
[2021-04-27 20:35:18.612] [jointLog] [info] iteration = 100 | max rel diff. = 15.0365
[2021-04-27 20:35:20.159] [jointLog] [info] iteration = 200 | max rel diff. = 9.1156
[2021-04-27 20:35:21.694] [jointLog] [info] iteration = 300 | max rel diff. = 1.31089
[2021-04-27 20:35:23.224] [jointLog] [info] iteration = 400 | max rel diff. = 1.6698
[2021-04-27 20:35:24.758] [jointLog] [info] iteration = 500 | max rel diff. = 5.18445
[2021-04-27 20:35:26.296] [jointLog] [info] iteration = 600 | max rel diff. = 5.22895
[2021-04-27 20:35:27.848] [jointLog] [info] iteration = 700 | max rel diff. = 0.098014
[2021-04-27 20:35:29.378] [jointLog] [info] iteration = 800 | max rel diff. = 0.357646
[2021-04-27 20:35:30.917] [jointLog] [info] iteration = 900 | max rel diff. = 0.29405
[2021-04-27 20:35:32.455] [jointLog] [info] iteration = 1000 | max rel diff. = 0.0354239
[2021-04-27 20:35:33.984] [jointLog] [info] iteration = 1100 | max rel diff. = 0.104199
[2021-04-27 20:35:35.514] [jointLog] [info] iteration = 1200 | max rel diff. = 0.0463177
[2021-04-27 20:35:37.047] [jointLog] [info] iteration = 1300 | max rel diff. = 0.384095
[2021-04-27 20:35:38.574] [jointLog] [info] iteration = 1400 | max rel diff. = 0.0175789
[2021-04-27 20:35:40.101] [jointLog] [info] iteration = 1500 | max rel diff. = 0.0273336
[2021-04-27 20:35:41.649] [jointLog] [info] iteration = 1600 | max rel diff. = 0.0290016
[2021-04-27 20:35:43.172] [jointLog] [info] iteration = 1700 | max rel diff. = 0.0452518
[2021-04-27 20:35:44.696] [jointLog] [info] iteration = 1800 | max rel diff. = 0.0700092
[2021-04-27 20:35:46.220] [jointLog] [info] iteration = 1900 | max rel diff. = 0.0128239
[2021-04-27 20:35:47.506] [jointLog] [info] iteration = 1987 | max rel diff. = 0.00574918
[2021-04-27 20:35:47.537] [jointLog] [info] finished optimizer
[2021-04-27 20:35:47.537] [jointLog] [info] writing output
[2021-04-27 20:35:49.400] [jointLog] [info] Computing gene-level abundance estimates
[2021-04-27 20:36:18.147] [jointLog] [warning] Feature has no GFF ID
[2021-04-27 20:36:18.147] [jointLog] [warning] Feature has no GFF ID
[2021-04-27 20:36:18.147] [jointLog] [warning] Feature has no GFF ID
[2021-04-27 20:36:18.147] [jointLog] [warning] Feature has no GFF ID
[2021-04-27 20:36:18.147] [jointLog] [warning] Feature has no GFF ID
[2021-04-27 20:36:18.147] [jointLog] [warning] Feature has no GFF ID
[2021-04-27 20:36:18.147] [jointLog] [warning] Feature has no GFF ID
[2021-04-27 20:36:18.147] [jointLog] [warning] Feature has no GFF ID
[2021-04-27 20:36:18.147] [jointLog] [warning] Feature has no GFF ID
[2021-04-27 20:36:18.147] [jointLog] [warning] Feature has no GFF ID
[2021-04-27 20:36:18.147] [jointLog] [warning] Feature has no GFF ID
[2021-04-27 20:36:18.147] [jointLog] [warning] Feature has no GFF ID
[2021-04-27 20:36:18.147] [jointLog] [warning] Feature has no GFF ID
[2021-04-27 20:36:18.147] [jointLog] [warning] Feature has no GFF ID
[2021-04-27 20:36:18.147] [jointLog] [warning] Feature has no GFF ID
[2021-04-27 20:36:18.147] [jointLog] [warning] Feature has no GFF ID
[2021-04-27 20:36:18.147] [jointLog] [warning] Feature has no GFF ID
[2021-04-27 20:36:18.147] [jointLog] [warning] Feature has no GFF ID
[2021-04-27 20:36:18.147] [jointLog] [warning] Feature has no GFF ID
[2021-04-27 20:36:18.147] [jointLog] [warning] Feature has no GFF ID
[2021-04-27 20:36:18.147] [jointLog] [warning] Feature has no GFF ID
[2021-04-27 20:36:18.147] [jointLog] [warning] Feature has no GFF ID
[2021-04-27 20:36:18.147] [jointLog] [warning] Feature has no GFF ID
[2021-04-27 20:36:18.147] [jointLog] [warning] Feature has no GFF ID
[2021-04-27 20:36:18.147] [jointLog] [warning] Feature has no GFF ID
[2021-04-27 20:36:18.147] [jointLog] [warning] Feature has no GFF ID
[2021-04-27 20:36:18.147] [jointLog] [warning] Feature has no GFF ID
[2021-04-27 20:36:18.147] [jointLog] [warning] Feature has no GFF ID
[2021-04-27 20:36:18.147] [jointLog] [warning] Feature has no GFF ID
[2021-04-27 20:36:18.147] [jointLog] [warning] Feature has no GFF ID
[2021-04-27 20:36:18.147] [jointLog] [warning] Feature has no GFF ID
[2021-04-27 20:36:18.147] [jointLog] [warning] Feature has no GFF ID
[2021-04-27 20:36:18.147] [jointLog] [warning] Feature has no GFF ID
[2021-04-27 20:36:18.147] [jointLog] [warning] Feature has no GFF ID
[2021-04-27 20:36:18.147] [jointLog] [warning] Feature has no GFF ID
[2021-04-27 20:36:18.147] [jointLog] [warning] Feature has no GFF ID
[2021-04-27 20:36:18.147] [jointLog] [warning] Feature has no GFF ID
[2021-04-27 20:36:18.147] [jointLog] [warning] Feature has no GFF ID
[2021-04-27 20:36:18.147] [jointLog] [warning] Feature has no GFF ID
[2021-04-27 20:36:18.147] [jointLog] [warning] Feature has no GFF ID
[2021-04-27 20:36:18.147] [jointLog] [warning] Feature has no GFF ID
[2021-04-27 20:36:18.147] [jointLog] [warning] Feature has no GFF ID
[2021-04-27 20:36:18.147] [jointLog] [warning] Feature has no GFF ID
[2021-04-27 20:36:18.147] [jointLog] [warning] Feature has no GFF ID
[2021-04-27 20:36:18.147] [jointLog] [warning] Feature has no GFF ID
[2021-04-27 20:36:18.147] [jointLog] [warning] Feature has no GFF ID
[2021-04-27 20:36:18.147] [jointLog] [warning] Feature has no GFF ID
[2021-04-27 20:36:18.147] [jointLog] [warning] Feature has no GFF ID
[2021-04-27 20:36:18.147] [jointLog] [warning] Feature has no GFF ID
[2021-04-27 20:36:18.147] [jointLog] [warning] Feature has no GFF ID
[2021-04-27 20:36:18.147] [jointLog] [warning] Feature has no GFF ID
[2021-04-27 20:36:18.147] [jointLog] [warning] Feature has no GFF ID
[2021-04-27 20:36:18.147] [jointLog] [warning] Feature has no GFF ID
[2021-04-27 20:36:18.147] [jointLog] [warning] Feature has no GFF ID
[2021-04-27 20:36:18.147] [jointLog] [warning] Feature has no GFF ID
[2021-04-27 20:36:18.147] [jointLog] [warning] Feature has no GFF ID
[2021-04-27 20:36:18.147] [jointLog] [warning] Feature has no GFF ID
[2021-04-27 20:36:18.147] [jointLog] [warning] Feature has no GFF ID
[2021-04-27 20:36:18.147] [jointLog] [warning] Feature has no GFF ID
[2021-04-27 20:36:18.147] [jointLog] [warning] Feature has no GFF ID
[2021-04-27 20:36:18.147] [jointLog] [warning] Feature has no GFF ID
[2021-04-27 20:36:18.147] [jointLog] [warning] Feature has no GFF ID
[2021-04-27 20:36:18.147] [jointLog] [warning] Feature has no GFF ID
[2021-04-27 20:36:18.147] [jointLog] [warning] Feature has no GFF ID
[2021-04-27 20:36:18.147] [jointLog] [warning] Feature has no GFF ID
[2021-04-27 20:36:18.147] [jointLog] [warning] Feature has no GFF ID
[2021-04-27 20:36:18.147] [jointLog] [warning] Feature has no GFF ID
[2021-04-27 20:36:18.147] [jointLog] [warning] Feature has no GFF ID
[2021-04-27 20:36:18.147] [jointLog] [warning] Feature has no GFF ID
[2021-04-27 20:36:18.147] [jointLog] [warning] Feature has no GFF ID
[2021-04-27 20:36:18.147] [jointLog] [warning] Feature has no GFF ID
[2021-04-27 20:36:18.147] [jointLog] [warning] Feature has no GFF ID
[2021-04-27 20:36:18.147] [jointLog] [warning] Feature has no GFF ID
[2021-04-27 20:36:18.147] [jointLog] [warning] Feature has no GFF ID
[2021-04-27 20:36:18.147] [jointLog] [warning] Feature has no GFF ID
[2021-04-27 20:36:18.147] [jointLog] [warning] Feature has no GFF ID
[2021-04-27 20:36:18.147] [jointLog] [warning] Feature has no GFF ID
[2021-04-27 20:36:18.147] [jointLog] [warning] Feature has no GFF ID
[2021-04-27 20:36:18.147] [jointLog] [warning] Feature has no GFF ID
[2021-04-27 20:36:18.147] [jointLog] [warning] Feature has no GFF ID
[2021-04-27 20:36:18.147] [jointLog] [warning] Feature has no GFF ID
[2021-04-27 20:36:18.147] [jointLog] [warning] Feature has no GFF ID
[2021-04-27 20:36:18.147] [jointLog] [warning] Feature has no GFF ID
[2021-04-27 20:36:18.147] [jointLog] [warning] Feature has no GFF ID
[2021-04-27 20:36:18.147] [jointLog] [warning] Feature has no GFF ID
[2021-04-27 20:36:18.147] [jointLog] [warning] Feature has no GFF ID
[2021-04-27 20:36:18.147] [jointLog] [warning] Feature has no GFF ID
[2021-04-27 20:36:18.147] [jointLog] [warning] Feature has no GFF ID
[2021-04-27 20:36:18.147] [jointLog] [warning] Feature has no GFF ID
[2021-04-27 20:36:18.147] [jointLog] [warning] Feature has no GFF ID
[2021-04-27 20:36:18.147] [jointLog] [warning] Feature has no GFF ID
[2021-04-27 20:36:18.147] [jointLog] [warning] Feature has no GFF ID
[2021-04-27 20:36:18.471] [jointLog] [info] There were 142604 transcripts mapping to 55401 genes
[2021-04-27 20:36:18.471] [jointLog] [info] NOTE: We recommend using tximport (https://bioconductor.org/packages/release/bioc/html/tximport.html) for aggregating transcript-level salmon abundance estimates to the gene level.  It is more versatile, exposes more features, and allows considering multi-sample information during aggregation.
[2021-04-27 20:36:18.760] [jointLog] [warning] couldn't find transcript named [DQ459430] in transcript <-> gene map; returning transcript as it's own gene
[2021-04-27 20:36:18.760] [jointLog] [warning] couldn't find transcript named [DQ516784] in transcript <-> gene map; returning transcript as it's own gene
[2021-04-27 20:36:18.760] [jointLog] [warning] couldn't find transcript named [DQ516752] in transcript <-> gene map; returning transcript as it's own gene
[2021-04-27 20:36:18.760] [jointLog] [warning] couldn't find transcript named [DQ668364] in transcript <-> gene map; returning transcript as it's own gene
[2021-04-27 20:36:18.760] [jointLog] [warning] couldn't find transcript named [DQ883670] in transcript <-> gene map; returning transcript as it's own gene
[2021-04-27 20:36:18.760] [jointLog] [warning] couldn't find transcript named [EF011062] in transcript <-> gene map; returning transcript as it's own gene
[2021-04-27 20:36:18.760] [jointLog] [warning] couldn't find transcript named [DQ875385] in transcript <-> gene map; returning transcript as it's own gene
[2021-04-27 20:36:18.760] [jointLog] [warning] couldn't find transcript named [DQ883664] in transcript <-> gene map; returning transcript as it's own gene
[2021-04-27 20:36:18.760] [jointLog] [warning] couldn't find transcript named [DQ459420] in transcript <-> gene map; returning transcript as it's own gene
[2021-04-27 20:36:18.760] [jointLog] [warning] couldn't find transcript named [DQ883651] in transcript <-> gene map; returning transcript as it's own gene
[2021-04-27 20:36:18.760] [jointLog] [warning] couldn't find transcript named [DQ855004] in transcript <-> gene map; returning transcript as it's own gene
[2021-04-27 20:36:18.760] [jointLog] [warning] couldn't find transcript named [DQ854993] in transcript <-> gene map; returning transcript as it's own gene
[2021-04-27 20:36:18.760] [jointLog] [warning] couldn't find transcript named [DQ883689] in transcript <-> gene map; returning transcript as it's own gene
[2021-04-27 20:36:18.760] [jointLog] [warning] couldn't find transcript named [DQ459419] in transcript <-> gene map; returning transcript as it's own gene
[2021-04-27 20:36:18.760] [jointLog] [warning] couldn't find transcript named [DQ459431] in transcript <-> gene map; returning transcript as it's own gene
[2021-04-27 20:36:18.760] [jointLog] [warning] couldn't find transcript named [DQ516796] in transcript <-> gene map; returning transcript as it's own gene
[2021-04-27 20:36:18.760] [jointLog] [warning] couldn't find transcript named [DQ855001] in transcript <-> gene map; returning transcript as it's own gene
[2021-04-27 20:36:18.760] [jointLog] [warning] couldn't find transcript named [DQ459413] in transcript <-> gene map; returning transcript as it's own gene
[2021-04-27 20:36:18.760] [jointLog] [warning] couldn't find transcript named [DQ883656] in transcript <-> gene map; returning transcript as it's own gene
[2021-04-27 20:36:18.760] [jointLog] [warning] couldn't find transcript named [DQ883661] in transcript <-> gene map; returning transcript as it's own gene
[2021-04-27 20:36:18.760] [jointLog] [warning] couldn't find transcript named [EF011069] in transcript <-> gene map; returning transcript as it's own gene
[2021-04-27 20:36:18.760] [jointLog] [warning] couldn't find transcript named [DQ516783] in transcript <-> gene map; returning transcript as it's own gene
[2021-04-27 20:36:18.760] [jointLog] [warning] couldn't find transcript named [DQ516787] in transcript <-> gene map; returning transcript as it's own gene
[2021-04-27 20:36:18.760] [jointLog] [warning] couldn't find transcript named [DQ459424] in transcript <-> gene map; returning transcript as it's own gene
[2021-04-27 20:36:18.760] [jointLog] [warning] couldn't find transcript named [DQ516748] in transcript <-> gene map; returning transcript as it's own gene
[2021-04-27 20:36:18.760] [jointLog] [warning] couldn't find transcript named [DQ883671] in transcript <-> gene map; returning transcript as it's own gene
[2021-04-27 20:36:18.760] [jointLog] [warning] couldn't find transcript named [DQ516740] in transcript <-> gene map; returning transcript as it's own gene
[2021-04-27 20:36:18.760] [jointLog] [warning] couldn't find transcript named [DQ516785] in transcript <-> gene map; returning transcript as it's own gene
[2021-04-27 20:36:18.760] [jointLog] [warning] couldn't find transcript named [DQ516731] in transcript <-> gene map; returning transcript as it's own gene
[2021-04-27 20:36:18.760] [jointLog] [warning] couldn't find transcript named [DQ668366] in transcript <-> gene map; returning transcript as it's own gene
[2021-04-27 20:36:18.760] [jointLog] [warning] couldn't find transcript named [DQ459418] in transcript <-> gene map; returning transcript as it's own gene
[2021-04-27 20:36:18.760] [jointLog] [warning] couldn't find transcript named [DQ668356] in transcript <-> gene map; returning transcript as it's own gene
[2021-04-27 20:36:18.760] [jointLog] [warning] couldn't find transcript named [DQ516763] in transcript <-> gene map; returning transcript as it's own gene
[2021-04-27 20:36:18.760] [jointLog] [warning] couldn't find transcript named [DQ459426] in transcript <-> gene map; returning transcript as it's own gene
[2021-04-27 20:36:18.760] [jointLog] [warning] couldn't find transcript named [DQ516786] in transcript <-> gene map; returning transcript as it's own gene
[2021-04-27 20:36:18.760] [jointLog] [warning] couldn't find transcript named [DQ883653] in transcript <-> gene map; returning transcript as it's own gene
[2021-04-27 20:36:18.760] [jointLog] [warning] couldn't find transcript named [DQ459421] in transcript <-> gene map; returning transcript as it's own gene
[2021-04-27 20:36:18.760] [jointLog] [warning] couldn't find transcript named [DQ883654] in transcript <-> gene map; returning transcript as it's own gene
[2021-04-27 20:36:18.760] [jointLog] [warning] couldn't find transcript named [DQ668358] in transcript <-> gene map; returning transcript as it's own gene
[2021-04-27 20:36:18.760] [jointLog] [warning] couldn't find transcript named [DQ516754] in transcript <-> gene map; returning transcript as it's own gene
[2021-04-27 20:36:18.760] [jointLog] [warning] couldn't find transcript named [DQ516778] in transcript <-> gene map; returning transcript as it's own gene
[2021-04-27 20:36:18.760] [jointLog] [warning] couldn't find transcript named [DQ883650] in transcript <-> gene map; returning transcript as it's own gene
[2021-04-27 20:36:18.760] [jointLog] [warning] couldn't find transcript named [DQ516742] in transcript <-> gene map; returning transcript as it's own gene
[2021-04-27 20:36:18.760] [jointLog] [warning] couldn't find transcript named [DQ883673] in transcript <-> gene map; returning transcript as it's own gene
[2021-04-27 20:36:18.760] [jointLog] [warning] couldn't find transcript named [DQ883652] in transcript <-> gene map; returning transcript as it's own gene
[2021-04-27 20:36:18.760] [jointLog] [warning] couldn't find transcript named [DQ854991] in transcript <-> gene map; returning transcript as it's own gene
[2021-04-27 20:36:18.761] [jointLog] [warning] couldn't find transcript named [DQ516780] in transcript <-> gene map; returning transcript as it's own gene
[2021-04-27 20:36:18.761] [jointLog] [warning] couldn't find transcript named [DQ883682] in transcript <-> gene map; returning transcript as it's own gene
[2021-04-27 20:36:18.761] [jointLog] [warning] couldn't find transcript named [DQ883669] in transcript <-> gene map; returning transcript as it's own gene
[2021-04-27 20:36:18.761] [jointLog] [warning] couldn't find transcript named [DQ516791] in transcript <-> gene map; returning transcript as it's own gene
[2021-04-27 20:36:18.761] [jointLog] [warning] couldn't find transcript named [DQ459425] in transcript <-> gene map; returning transcript as it's own gene
[2021-04-27 20:36:18.761] [jointLog] [warning] couldn't find transcript named [DQ516759] in transcript <-> gene map; returning transcript as it's own gene
[2021-04-27 20:36:18.761] [jointLog] [warning] couldn't find transcript named [DQ459429] in transcript <-> gene map; returning transcript as it's own gene
[2021-04-27 20:36:18.761] [jointLog] [warning] couldn't find transcript named [DQ516758] in transcript <-> gene map; returning transcript as it's own gene
[2021-04-27 20:36:18.761] [jointLog] [warning] couldn't find transcript named [DQ459415] in transcript <-> gene map; returning transcript as it's own gene
[2021-04-27 20:36:18.761] [jointLog] [warning] couldn't find transcript named [DQ875387] in transcript <-> gene map; returning transcript as it's own gene
[2021-04-27 20:36:18.761] [jointLog] [warning] couldn't find transcript named [DQ516815] in transcript <-> gene map; returning transcript as it's own gene
[2021-04-27 20:36:18.761] [jointLog] [warning] couldn't find transcript named [DQ668365] in transcript <-> gene map; returning transcript as it's own gene
[2021-04-27 20:36:18.761] [jointLog] [warning] couldn't find transcript named [DQ854998] in transcript <-> gene map; returning transcript as it's own gene
[2021-04-27 20:36:18.761] [jointLog] [warning] couldn't find transcript named [DQ883685] in transcript <-> gene map; returning transcript as it's own gene
[2021-04-27 20:36:18.761] [jointLog] [warning] couldn't find transcript named [DQ459422] in transcript <-> gene map; returning transcript as it's own gene
[2021-04-27 20:36:18.761] [jointLog] [warning] couldn't find transcript named [DQ883663] in transcript <-> gene map; returning transcript as it's own gene
[2021-04-27 20:36:18.761] [jointLog] [warning] couldn't find transcript named [DQ668367] in transcript <-> gene map; returning transcript as it's own gene
[2021-04-27 20:36:18.761] [jointLog] [warning] couldn't find transcript named [DQ459412] in transcript <-> gene map; returning transcript as it's own gene
[2021-04-27 20:36:18.761] [jointLog] [warning] couldn't find transcript named [DQ854992] in transcript <-> gene map; returning transcript as it's own gene
[2021-04-27 20:36:18.761] [jointLog] [warning] couldn't find transcript named [DQ516782] in transcript <-> gene map; returning transcript as it's own gene
[2021-04-27 20:36:18.761] [jointLog] [warning] couldn't find transcript named [DQ459427] in transcript <-> gene map; returning transcript as it's own gene
[2021-04-27 20:36:18.761] [jointLog] [warning] couldn't find transcript named [EF011072] in transcript <-> gene map; returning transcript as it's own gene
[2021-04-27 20:36:18.761] [jointLog] [warning] couldn't find transcript named [DQ855003] in transcript <-> gene map; returning transcript as it's own gene
[2021-04-27 20:36:18.761] [jointLog] [warning] couldn't find transcript named [DQ516739] in transcript <-> gene map; returning transcript as it's own gene
[2021-04-27 20:36:18.761] [jointLog] [warning] couldn't find transcript named [EF011063] in transcript <-> gene map; returning transcript as it's own gene
[2021-04-27 20:36:18.761] [jointLog] [warning] couldn't find transcript named [DQ855000] in transcript <-> gene map; returning transcript as it's own gene
[2021-04-27 20:36:18.761] [jointLog] [warning] couldn't find transcript named [DQ516777] in transcript <-> gene map; returning transcript as it's own gene
[2021-04-27 20:36:18.761] [jointLog] [warning] couldn't find transcript named [DQ883646] in transcript <-> gene map; returning transcript as it's own gene
[2021-04-27 20:36:18.761] [jointLog] [warning] couldn't find transcript named [DQ668362] in transcript <-> gene map; returning transcript as it's own gene
[2021-04-27 20:36:18.761] [jointLog] [warning] couldn't find transcript named [DQ854995] in transcript <-> gene map; returning transcript as it's own gene
[2021-04-27 20:36:18.761] [jointLog] [warning] couldn't find transcript named [DQ875386] in transcript <-> gene map; returning transcript as it's own gene
[2021-04-27 20:36:18.761] [jointLog] [warning] couldn't find transcript named [DQ516790] in transcript <-> gene map; returning transcript as it's own gene
[2021-04-27 20:36:18.761] [jointLog] [warning] couldn't find transcript named [DQ883642] in transcript <-> gene map; returning transcript as it's own gene
[2021-04-27 20:36:18.761] [jointLog] [warning] couldn't find transcript named [DQ883659] in transcript <-> gene map; returning transcript as it's own gene
[2021-04-27 20:36:18.761] [jointLog] [warning] couldn't find transcript named [DQ854997] in transcript <-> gene map; returning transcript as it's own gene
[2021-04-27 20:36:18.761] [jointLog] [warning] couldn't find transcript named [DQ883643] in transcript <-> gene map; returning transcript as it's own gene
[2021-04-27 20:36:18.761] [jointLog] [warning] couldn't find transcript named [DQ839618] in transcript <-> gene map; returning transcript as it's own gene
[2021-04-27 20:36:18.761] [jointLog] [warning] couldn't find transcript named [DQ516795] in transcript <-> gene map; returning transcript as it's own gene
[2021-04-27 20:36:18.761] [jointLog] [warning] couldn't find transcript named [DQ883658] in transcript <-> gene map; returning transcript as it's own gene
[2021-04-27 20:36:18.761] [jointLog] [warning] couldn't find transcript named [DQ516750] in transcript <-> gene map; returning transcript as it's own gene
[2021-04-27 20:36:18.761] [jointLog] [warning] couldn't find transcript named [DQ668359] in transcript <-> gene map; returning transcript as it's own gene
[2021-04-27 20:36:18.761] [jointLog] [warning] couldn't find transcript named [DQ516779] in transcript <-> gene map; returning transcript as it's own gene
[2021-04-27 20:36:18.761] [jointLog] [warning] couldn't find transcript named [DQ668363] in transcript <-> gene map; returning transcript as it's own gene
[2021-04-27 20:36:18.761] [jointLog] [warning] couldn't find transcript named [DQ516776] in transcript <-> gene map; returning transcript as it's own gene
[2021-04-27 20:36:18.761] [jointLog] [warning] couldn't find transcript named [DQ516773] in transcript <-> gene map; returning transcript as it's own gene
[2021-04-27 20:36:18.761] [jointLog] [warning] couldn't find transcript named [DQ854994] in transcript <-> gene map; returning transcript as it's own gene
[2021-04-27 20:36:18.761] [jointLog] [info] Aggregating expressions to gene level
[2021-04-27 20:36:18.923] [jointLog] [info] done
