[2021-04-27 20:24:34.848] [jointLog] [info] setting maxHashResizeThreads to 6
[2021-04-27 20:24:34.848] [jointLog] [info] Fragment incompatibility prior below threshold.  Incompatible fragments will be ignored.
[2021-04-27 20:24:34.850] [jointLog] [info] numQuantThreads = 3
[2021-04-27 20:24:39.373] [jointLog] [info] replaced 4 non-ACGT nucleotides with random nucleotides
[2021-04-27 20:24:39.623] [fileLog] [info] quantification processed 0 fragments so far

[2021-04-27 20:24:42.787] [fileLog] [info] quantification processed 1000000 fragments so far

[2021-04-27 20:24:45.912] [fileLog] [info] quantification processed 2000000 fragments so far

[2021-04-27 20:24:47.597] [jointLog] [info] 

The alignment group queue pool has been exhausted.  3131336 extra fragments were allocated on the heap to saturate the pool.  No new fragments will be allocated


[2021-04-27 20:24:54.077] [fileLog] [info] quantification processed 3000000 fragments so far

[2021-04-27 20:25:08.123] [fileLog] [info] quantification processed 4000000 fragments so far

[2021-04-27 20:25:22.265] [fileLog] [info] quantification processed 5000000 fragments so far

[2021-04-27 20:25:36.273] [fileLog] [info] quantification processed 6000000 fragments so far

[2021-04-27 20:25:50.261] [fileLog] [info] quantification processed 7000000 fragments so far

[2021-04-27 20:25:53.317] [fileLog] [info] quantification processed 8000000 fragments so far

[2021-04-27 20:25:56.352] [fileLog] [info] quantification processed 9000000 fragments so far

[2021-04-27 20:25:59.488] [fileLog] [info] quantification processed 10000000 fragments so far

[2021-04-27 20:26:02.510] [fileLog] [info] quantification processed 11000000 fragments so far

[2021-04-27 20:26:05.552] [fileLog] [info] quantification processed 12000000 fragments so far

[2021-04-27 20:26:08.633] [fileLog] [info] quantification processed 13000000 fragments so far

[2021-04-27 20:26:11.654] [fileLog] [info] quantification processed 14000000 fragments so far

[2021-04-27 20:26:14.702] [fileLog] [info] quantification processed 15000000 fragments so far

[2021-04-27 20:26:17.760] [fileLog] [info] quantification processed 16000000 fragments so far

[2021-04-27 20:26:20.814] [fileLog] [info] quantification processed 17000000 fragments so far

[2021-04-27 20:26:23.838] [fileLog] [info] quantification processed 18000000 fragments so far

[2021-04-27 20:26:26.905] [fileLog] [info] quantification processed 19000000 fragments so far

[2021-04-27 20:26:29.969] [fileLog] [info] quantification processed 20000000 fragments so far

[2021-04-27 20:26:32.915] [fileLog] [info] quantification processed 21000000 fragments so far

[2021-04-27 20:26:35.819] [fileLog] [info] quantification processed 22000000 fragments so far

[2021-04-27 20:26:38.678] [fileLog] [info] quantification processed 23000000 fragments so far

[2021-04-27 20:26:41.531] [fileLog] [info] quantification processed 24000000 fragments so far

[2021-04-27 20:26:44.636] [fileLog] [info] quantification processed 25000000 fragments so far

[2021-04-27 20:26:47.758] [fileLog] [info] quantification processed 26000000 fragments so far

[2021-04-27 20:26:50.654] [fileLog] [info] quantification processed 27000000 fragments so far

[2021-04-27 20:26:53.499] [fileLog] [info] quantification processed 28000000 fragments so far

[2021-04-27 20:26:56.341] [fileLog] [info] quantification processed 29000000 fragments so far

[2021-04-27 20:26:59.178] [fileLog] [info] quantification processed 30000000 fragments so far

[2021-04-27 20:27:02.029] [fileLog] [info] quantification processed 31000000 fragments so far

[2021-04-27 20:27:03.946] [fileLog] [info] quantification processed 31691942 fragments so far

[2021-04-27 20:27:09.075] [jointLog] [info] Thread saw mini-batch with a maximum of 2.10% zero probability fragments
[2021-04-27 20:27:09.079] [jointLog] [info] Thread saw mini-batch with a maximum of 2.40% zero probability fragments
[2021-04-27 20:27:09.079] [jointLog] [info] Thread saw mini-batch with a maximum of 2.00% zero probability fragments
[2021-04-27 20:27:09.080] [jointLog] [info] 


Completed first pass through the alignment file.
Total # of mapped reads : 31691942
# of uniquely mapped reads : 11805676
# ambiguously mapped reads : 19886266



[2021-04-27 20:27:09.208] [jointLog] [info] Computed 242509 rich equivalence classes for further processing
[2021-04-27 20:27:09.208] [jointLog] [info] Counted 31555988 total reads in the equivalence classes 
[2021-04-27 20:27:09.210] [jointLog] [info] starting optimizer
[2021-04-27 20:27:09.301] [jointLog] [info] Marked 0 weighted equivalence classes as degenerate
[2021-04-27 20:27:09.319] [jointLog] [info] iteration = 0 | max rel diff. = 7892.15
[2021-04-27 20:27:10.717] [jointLog] [info] iteration = 100 | max rel diff. = 17.6804
[2021-04-27 20:27:12.084] [jointLog] [info] iteration = 200 | max rel diff. = 16.2628
[2021-04-27 20:27:13.444] [jointLog] [info] iteration = 300 | max rel diff. = 1.54882
[2021-04-27 20:27:14.800] [jointLog] [info] iteration = 400 | max rel diff. = 8.37087
[2021-04-27 20:27:16.165] [jointLog] [info] iteration = 500 | max rel diff. = 11.1499
[2021-04-27 20:27:17.527] [jointLog] [info] iteration = 600 | max rel diff. = 0.218505
[2021-04-27 20:27:18.885] [jointLog] [info] iteration = 700 | max rel diff. = 1.41595
[2021-04-27 20:27:20.254] [jointLog] [info] iteration = 800 | max rel diff. = 1.14513
[2021-04-27 20:27:21.617] [jointLog] [info] iteration = 900 | max rel diff. = 0.120733
[2021-04-27 20:27:22.983] [jointLog] [info] iteration = 1000 | max rel diff. = 6.99967
[2021-04-27 20:27:24.346] [jointLog] [info] iteration = 1100 | max rel diff. = 0.777574
[2021-04-27 20:27:25.730] [jointLog] [info] iteration = 1200 | max rel diff. = 0.591609
[2021-04-27 20:27:27.101] [jointLog] [info] iteration = 1300 | max rel diff. = 0.0284811
[2021-04-27 20:27:28.455] [jointLog] [info] iteration = 1400 | max rel diff. = 0.125021
[2021-04-27 20:27:29.813] [jointLog] [info] iteration = 1500 | max rel diff. = 0.0230416
[2021-04-27 20:27:31.180] [jointLog] [info] iteration = 1600 | max rel diff. = 1.77764
[2021-04-27 20:27:31.194] [jointLog] [info] iteration = 1602 | max rel diff. = 0.00622232
[2021-04-27 20:27:31.222] [jointLog] [info] finished optimizer
[2021-04-27 20:27:31.222] [jointLog] [info] writing output
[2021-04-27 20:27:32.778] [jointLog] [info] Computing gene-level abundance estimates
[2021-04-27 20:27:57.626] [jointLog] [warning] Feature has no GFF ID
[2021-04-27 20:27:57.626] [jointLog] [warning] Feature has no GFF ID
[2021-04-27 20:27:57.626] [jointLog] [warning] Feature has no GFF ID
[2021-04-27 20:27:57.626] [jointLog] [warning] Feature has no GFF ID
[2021-04-27 20:27:57.626] [jointLog] [warning] Feature has no GFF ID
[2021-04-27 20:27:57.626] [jointLog] [warning] Feature has no GFF ID
[2021-04-27 20:27:57.626] [jointLog] [warning] Feature has no GFF ID
[2021-04-27 20:27:57.626] [jointLog] [warning] Feature has no GFF ID
[2021-04-27 20:27:57.626] [jointLog] [warning] Feature has no GFF ID
[2021-04-27 20:27:57.626] [jointLog] [warning] Feature has no GFF ID
[2021-04-27 20:27:57.626] [jointLog] [warning] Feature has no GFF ID
[2021-04-27 20:27:57.626] [jointLog] [warning] Feature has no GFF ID
[2021-04-27 20:27:57.626] [jointLog] [warning] Feature has no GFF ID
[2021-04-27 20:27:57.626] [jointLog] [warning] Feature has no GFF ID
[2021-04-27 20:27:57.626] [jointLog] [warning] Feature has no GFF ID
[2021-04-27 20:27:57.626] [jointLog] [warning] Feature has no GFF ID
[2021-04-27 20:27:57.626] [jointLog] [warning] Feature has no GFF ID
[2021-04-27 20:27:57.626] [jointLog] [warning] Feature has no GFF ID
[2021-04-27 20:27:57.626] [jointLog] [warning] Feature has no GFF ID
[2021-04-27 20:27:57.626] [jointLog] [warning] Feature has no GFF ID
[2021-04-27 20:27:57.626] [jointLog] [warning] Feature has no GFF ID
[2021-04-27 20:27:57.626] [jointLog] [warning] Feature has no GFF ID
[2021-04-27 20:27:57.626] [jointLog] [warning] Feature has no GFF ID
[2021-04-27 20:27:57.626] [jointLog] [warning] Feature has no GFF ID
[2021-04-27 20:27:57.626] [jointLog] [warning] Feature has no GFF ID
[2021-04-27 20:27:57.626] [jointLog] [warning] Feature has no GFF ID
[2021-04-27 20:27:57.626] [jointLog] [warning] Feature has no GFF ID
[2021-04-27 20:27:57.626] [jointLog] [warning] Feature has no GFF ID
[2021-04-27 20:27:57.626] [jointLog] [warning] Feature has no GFF ID
[2021-04-27 20:27:57.626] [jointLog] [warning] Feature has no GFF ID
[2021-04-27 20:27:57.626] [jointLog] [warning] Feature has no GFF ID
[2021-04-27 20:27:57.626] [jointLog] [warning] Feature has no GFF ID
[2021-04-27 20:27:57.626] [jointLog] [warning] Feature has no GFF ID
[2021-04-27 20:27:57.626] [jointLog] [warning] Feature has no GFF ID
[2021-04-27 20:27:57.626] [jointLog] [warning] Feature has no GFF ID
[2021-04-27 20:27:57.626] [jointLog] [warning] Feature has no GFF ID
[2021-04-27 20:27:57.626] [jointLog] [warning] Feature has no GFF ID
[2021-04-27 20:27:57.626] [jointLog] [warning] Feature has no GFF ID
[2021-04-27 20:27:57.626] [jointLog] [warning] Feature has no GFF ID
[2021-04-27 20:27:57.626] [jointLog] [warning] Feature has no GFF ID
[2021-04-27 20:27:57.626] [jointLog] [warning] Feature has no GFF ID
[2021-04-27 20:27:57.627] [jointLog] [warning] Feature has no GFF ID
[2021-04-27 20:27:57.627] [jointLog] [warning] Feature has no GFF ID
[2021-04-27 20:27:57.627] [jointLog] [warning] Feature has no GFF ID
[2021-04-27 20:27:57.627] [jointLog] [warning] Feature has no GFF ID
[2021-04-27 20:27:57.627] [jointLog] [warning] Feature has no GFF ID
[2021-04-27 20:27:57.627] [jointLog] [warning] Feature has no GFF ID
[2021-04-27 20:27:57.627] [jointLog] [warning] Feature has no GFF ID
[2021-04-27 20:27:57.627] [jointLog] [warning] Feature has no GFF ID
[2021-04-27 20:27:57.627] [jointLog] [warning] Feature has no GFF ID
[2021-04-27 20:27:57.627] [jointLog] [warning] Feature has no GFF ID
[2021-04-27 20:27:57.627] [jointLog] [warning] Feature has no GFF ID
[2021-04-27 20:27:57.627] [jointLog] [warning] Feature has no GFF ID
[2021-04-27 20:27:57.627] [jointLog] [warning] Feature has no GFF ID
[2021-04-27 20:27:57.627] [jointLog] [warning] Feature has no GFF ID
[2021-04-27 20:27:57.627] [jointLog] [warning] Feature has no GFF ID
[2021-04-27 20:27:57.627] [jointLog] [warning] Feature has no GFF ID
[2021-04-27 20:27:57.627] [jointLog] [warning] Feature has no GFF ID
[2021-04-27 20:27:57.627] [jointLog] [warning] Feature has no GFF ID
[2021-04-27 20:27:57.627] [jointLog] [warning] Feature has no GFF ID
[2021-04-27 20:27:57.627] [jointLog] [warning] Feature has no GFF ID
[2021-04-27 20:27:57.627] [jointLog] [warning] Feature has no GFF ID
[2021-04-27 20:27:57.627] [jointLog] [warning] Feature has no GFF ID
[2021-04-27 20:27:57.627] [jointLog] [warning] Feature has no GFF ID
[2021-04-27 20:27:57.627] [jointLog] [warning] Feature has no GFF ID
[2021-04-27 20:27:57.627] [jointLog] [warning] Feature has no GFF ID
[2021-04-27 20:27:57.627] [jointLog] [warning] Feature has no GFF ID
[2021-04-27 20:27:57.627] [jointLog] [warning] Feature has no GFF ID
[2021-04-27 20:27:57.627] [jointLog] [warning] Feature has no GFF ID
[2021-04-27 20:27:57.627] [jointLog] [warning] Feature has no GFF ID
[2021-04-27 20:27:57.627] [jointLog] [warning] Feature has no GFF ID
[2021-04-27 20:27:57.627] [jointLog] [warning] Feature has no GFF ID
[2021-04-27 20:27:57.627] [jointLog] [warning] Feature has no GFF ID
[2021-04-27 20:27:57.627] [jointLog] [warning] Feature has no GFF ID
[2021-04-27 20:27:57.627] [jointLog] [warning] Feature has no GFF ID
[2021-04-27 20:27:57.627] [jointLog] [warning] Feature has no GFF ID
[2021-04-27 20:27:57.627] [jointLog] [warning] Feature has no GFF ID
[2021-04-27 20:27:57.627] [jointLog] [warning] Feature has no GFF ID
[2021-04-27 20:27:57.627] [jointLog] [warning] Feature has no GFF ID
[2021-04-27 20:27:57.627] [jointLog] [warning] Feature has no GFF ID
[2021-04-27 20:27:57.627] [jointLog] [warning] Feature has no GFF ID
[2021-04-27 20:27:57.627] [jointLog] [warning] Feature has no GFF ID
[2021-04-27 20:27:57.627] [jointLog] [warning] Feature has no GFF ID
[2021-04-27 20:27:57.627] [jointLog] [warning] Feature has no GFF ID
[2021-04-27 20:27:57.627] [jointLog] [warning] Feature has no GFF ID
[2021-04-27 20:27:57.627] [jointLog] [warning] Feature has no GFF ID
[2021-04-27 20:27:57.627] [jointLog] [warning] Feature has no GFF ID
[2021-04-27 20:27:57.627] [jointLog] [warning] Feature has no GFF ID
[2021-04-27 20:27:57.627] [jointLog] [warning] Feature has no GFF ID
[2021-04-27 20:27:57.627] [jointLog] [warning] Feature has no GFF ID
[2021-04-27 20:27:57.627] [jointLog] [warning] Feature has no GFF ID
[2021-04-27 20:27:57.627] [jointLog] [warning] Feature has no GFF ID
[2021-04-27 20:27:57.893] [jointLog] [info] There were 142604 transcripts mapping to 55401 genes
[2021-04-27 20:27:57.893] [jointLog] [info] NOTE: We recommend using tximport (https://bioconductor.org/packages/release/bioc/html/tximport.html) for aggregating transcript-level salmon abundance estimates to the gene level.  It is more versatile, exposes more features, and allows considering multi-sample information during aggregation.
[2021-04-27 20:27:58.117] [jointLog] [warning] couldn't find transcript named [DQ459430] in transcript <-> gene map; returning transcript as it's own gene
[2021-04-27 20:27:58.117] [jointLog] [warning] couldn't find transcript named [DQ516784] in transcript <-> gene map; returning transcript as it's own gene
[2021-04-27 20:27:58.117] [jointLog] [warning] couldn't find transcript named [DQ516752] in transcript <-> gene map; returning transcript as it's own gene
[2021-04-27 20:27:58.117] [jointLog] [warning] couldn't find transcript named [DQ668364] in transcript <-> gene map; returning transcript as it's own gene
[2021-04-27 20:27:58.117] [jointLog] [warning] couldn't find transcript named [DQ883670] in transcript <-> gene map; returning transcript as it's own gene
[2021-04-27 20:27:58.117] [jointLog] [warning] couldn't find transcript named [EF011062] in transcript <-> gene map; returning transcript as it's own gene
[2021-04-27 20:27:58.117] [jointLog] [warning] couldn't find transcript named [DQ875385] in transcript <-> gene map; returning transcript as it's own gene
[2021-04-27 20:27:58.117] [jointLog] [warning] couldn't find transcript named [DQ883664] in transcript <-> gene map; returning transcript as it's own gene
[2021-04-27 20:27:58.117] [jointLog] [warning] couldn't find transcript named [DQ459420] in transcript <-> gene map; returning transcript as it's own gene
[2021-04-27 20:27:58.117] [jointLog] [warning] couldn't find transcript named [DQ883651] in transcript <-> gene map; returning transcript as it's own gene
[2021-04-27 20:27:58.117] [jointLog] [warning] couldn't find transcript named [DQ855004] in transcript <-> gene map; returning transcript as it's own gene
[2021-04-27 20:27:58.117] [jointLog] [warning] couldn't find transcript named [DQ854993] in transcript <-> gene map; returning transcript as it's own gene
[2021-04-27 20:27:58.117] [jointLog] [warning] couldn't find transcript named [DQ883689] in transcript <-> gene map; returning transcript as it's own gene
[2021-04-27 20:27:58.117] [jointLog] [warning] couldn't find transcript named [DQ459419] in transcript <-> gene map; returning transcript as it's own gene
[2021-04-27 20:27:58.117] [jointLog] [warning] couldn't find transcript named [DQ459431] in transcript <-> gene map; returning transcript as it's own gene
[2021-04-27 20:27:58.117] [jointLog] [warning] couldn't find transcript named [DQ516796] in transcript <-> gene map; returning transcript as it's own gene
[2021-04-27 20:27:58.117] [jointLog] [warning] couldn't find transcript named [DQ855001] in transcript <-> gene map; returning transcript as it's own gene
[2021-04-27 20:27:58.117] [jointLog] [warning] couldn't find transcript named [DQ459413] in transcript <-> gene map; returning transcript as it's own gene
[2021-04-27 20:27:58.117] [jointLog] [warning] couldn't find transcript named [DQ883656] in transcript <-> gene map; returning transcript as it's own gene
[2021-04-27 20:27:58.117] [jointLog] [warning] couldn't find transcript named [DQ883661] in transcript <-> gene map; returning transcript as it's own gene
[2021-04-27 20:27:58.117] [jointLog] [warning] couldn't find transcript named [EF011069] in transcript <-> gene map; returning transcript as it's own gene
[2021-04-27 20:27:58.117] [jointLog] [warning] couldn't find transcript named [DQ516783] in transcript <-> gene map; returning transcript as it's own gene
[2021-04-27 20:27:58.117] [jointLog] [warning] couldn't find transcript named [DQ516787] in transcript <-> gene map; returning transcript as it's own gene
[2021-04-27 20:27:58.117] [jointLog] [warning] couldn't find transcript named [DQ459424] in transcript <-> gene map; returning transcript as it's own gene
[2021-04-27 20:27:58.117] [jointLog] [warning] couldn't find transcript named [DQ516748] in transcript <-> gene map; returning transcript as it's own gene
[2021-04-27 20:27:58.117] [jointLog] [warning] couldn't find transcript named [DQ883671] in transcript <-> gene map; returning transcript as it's own gene
[2021-04-27 20:27:58.117] [jointLog] [warning] couldn't find transcript named [DQ516740] in transcript <-> gene map; returning transcript as it's own gene
[2021-04-27 20:27:58.117] [jointLog] [warning] couldn't find transcript named [DQ516785] in transcript <-> gene map; returning transcript as it's own gene
[2021-04-27 20:27:58.117] [jointLog] [warning] couldn't find transcript named [DQ516731] in transcript <-> gene map; returning transcript as it's own gene
[2021-04-27 20:27:58.117] [jointLog] [warning] couldn't find transcript named [DQ668366] in transcript <-> gene map; returning transcript as it's own gene
[2021-04-27 20:27:58.117] [jointLog] [warning] couldn't find transcript named [DQ459418] in transcript <-> gene map; returning transcript as it's own gene
[2021-04-27 20:27:58.117] [jointLog] [warning] couldn't find transcript named [DQ668356] in transcript <-> gene map; returning transcript as it's own gene
[2021-04-27 20:27:58.117] [jointLog] [warning] couldn't find transcript named [DQ516763] in transcript <-> gene map; returning transcript as it's own gene
[2021-04-27 20:27:58.117] [jointLog] [warning] couldn't find transcript named [DQ459426] in transcript <-> gene map; returning transcript as it's own gene
[2021-04-27 20:27:58.117] [jointLog] [warning] couldn't find transcript named [DQ516786] in transcript <-> gene map; returning transcript as it's own gene
[2021-04-27 20:27:58.117] [jointLog] [warning] couldn't find transcript named [DQ883653] in transcript <-> gene map; returning transcript as it's own gene
[2021-04-27 20:27:58.117] [jointLog] [warning] couldn't find transcript named [DQ459421] in transcript <-> gene map; returning transcript as it's own gene
[2021-04-27 20:27:58.117] [jointLog] [warning] couldn't find transcript named [DQ883654] in transcript <-> gene map; returning transcript as it's own gene
[2021-04-27 20:27:58.117] [jointLog] [warning] couldn't find transcript named [DQ668358] in transcript <-> gene map; returning transcript as it's own gene
[2021-04-27 20:27:58.117] [jointLog] [warning] couldn't find transcript named [DQ516754] in transcript <-> gene map; returning transcript as it's own gene
[2021-04-27 20:27:58.117] [jointLog] [warning] couldn't find transcript named [DQ516778] in transcript <-> gene map; returning transcript as it's own gene
[2021-04-27 20:27:58.117] [jointLog] [warning] couldn't find transcript named [DQ883650] in transcript <-> gene map; returning transcript as it's own gene
[2021-04-27 20:27:58.117] [jointLog] [warning] couldn't find transcript named [DQ516742] in transcript <-> gene map; returning transcript as it's own gene
[2021-04-27 20:27:58.117] [jointLog] [warning] couldn't find transcript named [DQ883673] in transcript <-> gene map; returning transcript as it's own gene
[2021-04-27 20:27:58.117] [jointLog] [warning] couldn't find transcript named [DQ883652] in transcript <-> gene map; returning transcript as it's own gene
[2021-04-27 20:27:58.117] [jointLog] [warning] couldn't find transcript named [DQ854991] in transcript <-> gene map; returning transcript as it's own gene
[2021-04-27 20:27:58.117] [jointLog] [warning] couldn't find transcript named [DQ516780] in transcript <-> gene map; returning transcript as it's own gene
[2021-04-27 20:27:58.117] [jointLog] [warning] couldn't find transcript named [DQ883682] in transcript <-> gene map; returning transcript as it's own gene
[2021-04-27 20:27:58.117] [jointLog] [warning] couldn't find transcript named [DQ883669] in transcript <-> gene map; returning transcript as it's own gene
[2021-04-27 20:27:58.117] [jointLog] [warning] couldn't find transcript named [DQ516791] in transcript <-> gene map; returning transcript as it's own gene
[2021-04-27 20:27:58.117] [jointLog] [warning] couldn't find transcript named [DQ459425] in transcript <-> gene map; returning transcript as it's own gene
[2021-04-27 20:27:58.117] [jointLog] [warning] couldn't find transcript named [DQ516759] in transcript <-> gene map; returning transcript as it's own gene
[2021-04-27 20:27:58.117] [jointLog] [warning] couldn't find transcript named [DQ459429] in transcript <-> gene map; returning transcript as it's own gene
[2021-04-27 20:27:58.117] [jointLog] [warning] couldn't find transcript named [DQ516758] in transcript <-> gene map; returning transcript as it's own gene
[2021-04-27 20:27:58.117] [jointLog] [warning] couldn't find transcript named [DQ459415] in transcript <-> gene map; returning transcript as it's own gene
[2021-04-27 20:27:58.117] [jointLog] [warning] couldn't find transcript named [DQ875387] in transcript <-> gene map; returning transcript as it's own gene
[2021-04-27 20:27:58.117] [jointLog] [warning] couldn't find transcript named [DQ516815] in transcript <-> gene map; returning transcript as it's own gene
[2021-04-27 20:27:58.117] [jointLog] [warning] couldn't find transcript named [DQ668365] in transcript <-> gene map; returning transcript as it's own gene
[2021-04-27 20:27:58.117] [jointLog] [warning] couldn't find transcript named [DQ854998] in transcript <-> gene map; returning transcript as it's own gene
[2021-04-27 20:27:58.117] [jointLog] [warning] couldn't find transcript named [DQ883685] in transcript <-> gene map; returning transcript as it's own gene
[2021-04-27 20:27:58.117] [jointLog] [warning] couldn't find transcript named [DQ459422] in transcript <-> gene map; returning transcript as it's own gene
[2021-04-27 20:27:58.117] [jointLog] [warning] couldn't find transcript named [DQ883663] in transcript <-> gene map; returning transcript as it's own gene
[2021-04-27 20:27:58.117] [jointLog] [warning] couldn't find transcript named [DQ668367] in transcript <-> gene map; returning transcript as it's own gene
[2021-04-27 20:27:58.117] [jointLog] [warning] couldn't find transcript named [DQ459412] in transcript <-> gene map; returning transcript as it's own gene
[2021-04-27 20:27:58.117] [jointLog] [warning] couldn't find transcript named [DQ854992] in transcript <-> gene map; returning transcript as it's own gene
[2021-04-27 20:27:58.117] [jointLog] [warning] couldn't find transcript named [DQ516782] in transcript <-> gene map; returning transcript as it's own gene
[2021-04-27 20:27:58.117] [jointLog] [warning] couldn't find transcript named [DQ459427] in transcript <-> gene map; returning transcript as it's own gene
[2021-04-27 20:27:58.117] [jointLog] [warning] couldn't find transcript named [EF011072] in transcript <-> gene map; returning transcript as it's own gene
[2021-04-27 20:27:58.117] [jointLog] [warning] couldn't find transcript named [DQ855003] in transcript <-> gene map; returning transcript as it's own gene
[2021-04-27 20:27:58.117] [jointLog] [warning] couldn't find transcript named [DQ516739] in transcript <-> gene map; returning transcript as it's own gene
[2021-04-27 20:27:58.117] [jointLog] [warning] couldn't find transcript named [EF011063] in transcript <-> gene map; returning transcript as it's own gene
[2021-04-27 20:27:58.117] [jointLog] [warning] couldn't find transcript named [DQ855000] in transcript <-> gene map; returning transcript as it's own gene
[2021-04-27 20:27:58.117] [jointLog] [warning] couldn't find transcript named [DQ516777] in transcript <-> gene map; returning transcript as it's own gene
[2021-04-27 20:27:58.117] [jointLog] [warning] couldn't find transcript named [DQ883646] in transcript <-> gene map; returning transcript as it's own gene
[2021-04-27 20:27:58.117] [jointLog] [warning] couldn't find transcript named [DQ668362] in transcript <-> gene map; returning transcript as it's own gene
[2021-04-27 20:27:58.117] [jointLog] [warning] couldn't find transcript named [DQ854995] in transcript <-> gene map; returning transcript as it's own gene
[2021-04-27 20:27:58.117] [jointLog] [warning] couldn't find transcript named [DQ875386] in transcript <-> gene map; returning transcript as it's own gene
[2021-04-27 20:27:58.117] [jointLog] [warning] couldn't find transcript named [DQ516790] in transcript <-> gene map; returning transcript as it's own gene
[2021-04-27 20:27:58.117] [jointLog] [warning] couldn't find transcript named [DQ883642] in transcript <-> gene map; returning transcript as it's own gene
[2021-04-27 20:27:58.117] [jointLog] [warning] couldn't find transcript named [DQ883659] in transcript <-> gene map; returning transcript as it's own gene
[2021-04-27 20:27:58.118] [jointLog] [warning] couldn't find transcript named [DQ854997] in transcript <-> gene map; returning transcript as it's own gene
[2021-04-27 20:27:58.118] [jointLog] [warning] couldn't find transcript named [DQ883643] in transcript <-> gene map; returning transcript as it's own gene
[2021-04-27 20:27:58.118] [jointLog] [warning] couldn't find transcript named [DQ839618] in transcript <-> gene map; returning transcript as it's own gene
[2021-04-27 20:27:58.118] [jointLog] [warning] couldn't find transcript named [DQ516795] in transcript <-> gene map; returning transcript as it's own gene
[2021-04-27 20:27:58.118] [jointLog] [warning] couldn't find transcript named [DQ883658] in transcript <-> gene map; returning transcript as it's own gene
[2021-04-27 20:27:58.118] [jointLog] [warning] couldn't find transcript named [DQ516750] in transcript <-> gene map; returning transcript as it's own gene
[2021-04-27 20:27:58.118] [jointLog] [warning] couldn't find transcript named [DQ668359] in transcript <-> gene map; returning transcript as it's own gene
[2021-04-27 20:27:58.118] [jointLog] [warning] couldn't find transcript named [DQ516779] in transcript <-> gene map; returning transcript as it's own gene
[2021-04-27 20:27:58.118] [jointLog] [warning] couldn't find transcript named [DQ668363] in transcript <-> gene map; returning transcript as it's own gene
[2021-04-27 20:27:58.118] [jointLog] [warning] couldn't find transcript named [DQ516776] in transcript <-> gene map; returning transcript as it's own gene
[2021-04-27 20:27:58.118] [jointLog] [warning] couldn't find transcript named [DQ516773] in transcript <-> gene map; returning transcript as it's own gene
[2021-04-27 20:27:58.118] [jointLog] [warning] couldn't find transcript named [DQ854994] in transcript <-> gene map; returning transcript as it's own gene
[2021-04-27 20:27:58.118] [jointLog] [info] Aggregating expressions to gene level
[2021-04-27 20:27:58.258] [jointLog] [info] done
