[2021-04-27 20:53:42.429] [jointLog] [info] setting maxHashResizeThreads to 6
[2021-04-27 20:53:42.429] [jointLog] [info] Fragment incompatibility prior below threshold.  Incompatible fragments will be ignored.
[2021-04-27 20:53:42.432] [jointLog] [info] numQuantThreads = 3
[2021-04-27 20:53:46.490] [jointLog] [info] replaced 4 non-ACGT nucleotides with random nucleotides
[2021-04-27 20:53:46.721] [fileLog] [info] quantification processed 0 fragments so far

[2021-04-27 20:53:51.284] [fileLog] [info] quantification processed 1000000 fragments so far

[2021-04-27 20:53:54.600] [fileLog] [info] quantification processed 2000000 fragments so far

[2021-04-27 20:53:57.691] [jointLog] [info] 

The alignment group queue pool has been exhausted.  3118400 extra fragments were allocated on the heap to saturate the pool.  No new fragments will be allocated


[2021-04-27 20:54:00.489] [fileLog] [info] quantification processed 3000000 fragments so far

[2021-04-27 20:54:13.498] [fileLog] [info] quantification processed 4000000 fragments so far

[2021-04-27 20:54:26.597] [fileLog] [info] quantification processed 5000000 fragments so far

[2021-04-27 20:54:39.675] [fileLog] [info] quantification processed 6000000 fragments so far

[2021-04-27 20:54:52.893] [fileLog] [info] quantification processed 7000000 fragments so far

[2021-04-27 20:54:56.350] [fileLog] [info] quantification processed 8000000 fragments so far

[2021-04-27 20:54:59.446] [fileLog] [info] quantification processed 9000000 fragments so far

[2021-04-27 20:55:02.155] [fileLog] [info] quantification processed 10000000 fragments so far

[2021-04-27 20:55:04.686] [fileLog] [info] quantification processed 11000000 fragments so far

[2021-04-27 20:55:07.857] [fileLog] [info] quantification processed 12000000 fragments so far

[2021-04-27 20:55:11.923] [fileLog] [info] quantification processed 13000000 fragments so far

[2021-04-27 20:55:15.735] [fileLog] [info] quantification processed 14000000 fragments so far

[2021-04-27 20:55:19.477] [fileLog] [info] quantification processed 15000000 fragments so far

[2021-04-27 20:55:23.549] [fileLog] [info] quantification processed 16000000 fragments so far

[2021-04-27 20:55:26.650] [fileLog] [info] quantification processed 17000000 fragments so far

[2021-04-27 20:55:29.422] [fileLog] [info] quantification processed 18000000 fragments so far

[2021-04-27 20:55:32.372] [fileLog] [info] quantification processed 19000000 fragments so far

[2021-04-27 20:55:35.227] [fileLog] [info] quantification processed 20000000 fragments so far

[2021-04-27 20:55:38.247] [fileLog] [info] quantification processed 21000000 fragments so far

[2021-04-27 20:55:41.064] [fileLog] [info] quantification processed 22000000 fragments so far

[2021-04-27 20:55:44.212] [fileLog] [info] quantification processed 23000000 fragments so far

[2021-04-27 20:55:47.175] [fileLog] [info] quantification processed 24000000 fragments so far

[2021-04-27 20:55:50.102] [fileLog] [info] quantification processed 25000000 fragments so far

[2021-04-27 20:55:53.228] [fileLog] [info] quantification processed 26000000 fragments so far

[2021-04-27 20:55:56.021] [fileLog] [info] quantification processed 27000000 fragments so far

[2021-04-27 20:55:59.052] [fileLog] [info] quantification processed 28000000 fragments so far

[2021-04-27 20:56:02.112] [fileLog] [info] quantification processed 29000000 fragments so far

[2021-04-27 20:56:05.177] [fileLog] [info] quantification processed 30000000 fragments so far

[2021-04-27 20:56:08.015] [fileLog] [info] quantification processed 31000000 fragments so far

[2021-04-27 20:56:11.390] [fileLog] [info] quantification processed 32000000 fragments so far

[2021-04-27 20:56:14.639] [fileLog] [info] quantification processed 33000000 fragments so far

[2021-04-27 20:56:17.998] [fileLog] [info] quantification processed 34000000 fragments so far

[2021-04-27 20:56:21.104] [fileLog] [info] quantification processed 35000000 fragments so far

[2021-04-27 20:56:24.053] [fileLog] [info] quantification processed 36000000 fragments so far

[2021-04-27 20:56:26.952] [fileLog] [info] quantification processed 37000000 fragments so far

[2021-04-27 20:56:29.862] [fileLog] [info] quantification processed 38000000 fragments so far

[2021-04-27 20:56:30.747] [fileLog] [info] quantification processed 38294649 fragments so far

[2021-04-27 20:56:30.876] [jointLog] [info] Thread saw mini-batch with a maximum of 2.70% zero probability fragments
[2021-04-27 20:56:30.878] [jointLog] [info] Thread saw mini-batch with a maximum of 2.30% zero probability fragments
[2021-04-27 20:56:30.881] [jointLog] [info] Thread saw mini-batch with a maximum of 1.80% zero probability fragments
[2021-04-27 20:56:30.881] [jointLog] [info] 


Completed first pass through the alignment file.
Total # of mapped reads : 38294649
# of uniquely mapped reads : 14334548
# ambiguously mapped reads : 23960101



[2021-04-27 20:56:31.014] [jointLog] [info] Computed 248188 rich equivalence classes for further processing
[2021-04-27 20:56:31.014] [jointLog] [info] Counted 38130498 total reads in the equivalence classes 
[2021-04-27 20:56:31.016] [jointLog] [info] starting optimizer
[2021-04-27 20:56:31.122] [jointLog] [info] Marked 0 weighted equivalence classes as degenerate
[2021-04-27 20:56:31.147] [jointLog] [info] iteration = 0 | max rel diff. = 6263.92
[2021-04-27 20:56:32.823] [jointLog] [info] iteration = 100 | max rel diff. = 18.0366
[2021-04-27 20:56:34.480] [jointLog] [info] iteration = 200 | max rel diff. = 8.90754
[2021-04-27 20:56:36.044] [jointLog] [info] iteration = 300 | max rel diff. = 0.900783
[2021-04-27 20:56:37.539] [jointLog] [info] iteration = 400 | max rel diff. = 0.575116
[2021-04-27 20:56:39.014] [jointLog] [info] iteration = 500 | max rel diff. = 0.237519
[2021-04-27 20:56:40.507] [jointLog] [info] iteration = 600 | max rel diff. = 0.960769
[2021-04-27 20:56:41.984] [jointLog] [info] iteration = 700 | max rel diff. = 0.341073
[2021-04-27 20:56:43.451] [jointLog] [info] iteration = 800 | max rel diff. = 0.37362
[2021-04-27 20:56:44.921] [jointLog] [info] iteration = 900 | max rel diff. = 0.141743
[2021-04-27 20:56:46.394] [jointLog] [info] iteration = 1000 | max rel diff. = 0.790042
[2021-04-27 20:56:47.884] [jointLog] [info] iteration = 1100 | max rel diff. = 0.0321032
[2021-04-27 20:56:49.361] [jointLog] [info] iteration = 1200 | max rel diff. = 0.0508439
[2021-04-27 20:56:50.861] [jointLog] [info] iteration = 1300 | max rel diff. = 0.725128
[2021-04-27 20:56:52.327] [jointLog] [info] iteration = 1400 | max rel diff. = 0.0346281
[2021-04-27 20:56:53.797] [jointLog] [info] iteration = 1500 | max rel diff. = 0.0603891
[2021-04-27 20:56:55.272] [jointLog] [info] iteration = 1600 | max rel diff. = 0.176403
[2021-04-27 20:56:56.741] [jointLog] [info] iteration = 1700 | max rel diff. = 0.058086
[2021-04-27 20:56:58.206] [jointLog] [info] iteration = 1800 | max rel diff. = 0.0574843
[2021-04-27 20:56:59.671] [jointLog] [info] iteration = 1900 | max rel diff. = 0.028132
[2021-04-27 20:57:01.180] [jointLog] [info] iteration = 2000 | max rel diff. = 0.0801277
[2021-04-27 20:57:02.660] [jointLog] [info] iteration = 2100 | max rel diff. = 0.0751786
[2021-04-27 20:57:02.880] [jointLog] [info] iteration = 2116 | max rel diff. = 0.00454868
[2021-04-27 20:57:02.908] [jointLog] [info] finished optimizer
[2021-04-27 20:57:02.908] [jointLog] [info] writing output
[2021-04-27 20:57:04.669] [jointLog] [info] Computing gene-level abundance estimates
[2021-04-27 20:57:29.801] [jointLog] [warning] Feature has no GFF ID
[2021-04-27 20:57:29.801] [jointLog] [warning] Feature has no GFF ID
[2021-04-27 20:57:29.801] [jointLog] [warning] Feature has no GFF ID
[2021-04-27 20:57:29.801] [jointLog] [warning] Feature has no GFF ID
[2021-04-27 20:57:29.801] [jointLog] [warning] Feature has no GFF ID
[2021-04-27 20:57:29.801] [jointLog] [warning] Feature has no GFF ID
[2021-04-27 20:57:29.801] [jointLog] [warning] Feature has no GFF ID
[2021-04-27 20:57:29.801] [jointLog] [warning] Feature has no GFF ID
[2021-04-27 20:57:29.801] [jointLog] [warning] Feature has no GFF ID
[2021-04-27 20:57:29.801] [jointLog] [warning] Feature has no GFF ID
[2021-04-27 20:57:29.801] [jointLog] [warning] Feature has no GFF ID
[2021-04-27 20:57:29.801] [jointLog] [warning] Feature has no GFF ID
[2021-04-27 20:57:29.801] [jointLog] [warning] Feature has no GFF ID
[2021-04-27 20:57:29.801] [jointLog] [warning] Feature has no GFF ID
[2021-04-27 20:57:29.801] [jointLog] [warning] Feature has no GFF ID
[2021-04-27 20:57:29.801] [jointLog] [warning] Feature has no GFF ID
[2021-04-27 20:57:29.801] [jointLog] [warning] Feature has no GFF ID
[2021-04-27 20:57:29.801] [jointLog] [warning] Feature has no GFF ID
[2021-04-27 20:57:29.801] [jointLog] [warning] Feature has no GFF ID
[2021-04-27 20:57:29.801] [jointLog] [warning] Feature has no GFF ID
[2021-04-27 20:57:29.801] [jointLog] [warning] Feature has no GFF ID
[2021-04-27 20:57:29.801] [jointLog] [warning] Feature has no GFF ID
[2021-04-27 20:57:29.801] [jointLog] [warning] Feature has no GFF ID
[2021-04-27 20:57:29.801] [jointLog] [warning] Feature has no GFF ID
[2021-04-27 20:57:29.801] [jointLog] [warning] Feature has no GFF ID
[2021-04-27 20:57:29.801] [jointLog] [warning] Feature has no GFF ID
[2021-04-27 20:57:29.801] [jointLog] [warning] Feature has no GFF ID
[2021-04-27 20:57:29.801] [jointLog] [warning] Feature has no GFF ID
[2021-04-27 20:57:29.801] [jointLog] [warning] Feature has no GFF ID
[2021-04-27 20:57:29.801] [jointLog] [warning] Feature has no GFF ID
[2021-04-27 20:57:29.801] [jointLog] [warning] Feature has no GFF ID
[2021-04-27 20:57:29.801] [jointLog] [warning] Feature has no GFF ID
[2021-04-27 20:57:29.801] [jointLog] [warning] Feature has no GFF ID
[2021-04-27 20:57:29.801] [jointLog] [warning] Feature has no GFF ID
[2021-04-27 20:57:29.801] [jointLog] [warning] Feature has no GFF ID
[2021-04-27 20:57:29.801] [jointLog] [warning] Feature has no GFF ID
[2021-04-27 20:57:29.801] [jointLog] [warning] Feature has no GFF ID
[2021-04-27 20:57:29.801] [jointLog] [warning] Feature has no GFF ID
[2021-04-27 20:57:29.801] [jointLog] [warning] Feature has no GFF ID
[2021-04-27 20:57:29.801] [jointLog] [warning] Feature has no GFF ID
[2021-04-27 20:57:29.801] [jointLog] [warning] Feature has no GFF ID
[2021-04-27 20:57:29.801] [jointLog] [warning] Feature has no GFF ID
[2021-04-27 20:57:29.801] [jointLog] [warning] Feature has no GFF ID
[2021-04-27 20:57:29.801] [jointLog] [warning] Feature has no GFF ID
[2021-04-27 20:57:29.801] [jointLog] [warning] Feature has no GFF ID
[2021-04-27 20:57:29.801] [jointLog] [warning] Feature has no GFF ID
[2021-04-27 20:57:29.801] [jointLog] [warning] Feature has no GFF ID
[2021-04-27 20:57:29.801] [jointLog] [warning] Feature has no GFF ID
[2021-04-27 20:57:29.801] [jointLog] [warning] Feature has no GFF ID
[2021-04-27 20:57:29.801] [jointLog] [warning] Feature has no GFF ID
[2021-04-27 20:57:29.801] [jointLog] [warning] Feature has no GFF ID
[2021-04-27 20:57:29.801] [jointLog] [warning] Feature has no GFF ID
[2021-04-27 20:57:29.801] [jointLog] [warning] Feature has no GFF ID
[2021-04-27 20:57:29.801] [jointLog] [warning] Feature has no GFF ID
[2021-04-27 20:57:29.801] [jointLog] [warning] Feature has no GFF ID
[2021-04-27 20:57:29.801] [jointLog] [warning] Feature has no GFF ID
[2021-04-27 20:57:29.801] [jointLog] [warning] Feature has no GFF ID
[2021-04-27 20:57:29.801] [jointLog] [warning] Feature has no GFF ID
[2021-04-27 20:57:29.801] [jointLog] [warning] Feature has no GFF ID
[2021-04-27 20:57:29.801] [jointLog] [warning] Feature has no GFF ID
[2021-04-27 20:57:29.801] [jointLog] [warning] Feature has no GFF ID
[2021-04-27 20:57:29.801] [jointLog] [warning] Feature has no GFF ID
[2021-04-27 20:57:29.801] [jointLog] [warning] Feature has no GFF ID
[2021-04-27 20:57:29.801] [jointLog] [warning] Feature has no GFF ID
[2021-04-27 20:57:29.801] [jointLog] [warning] Feature has no GFF ID
[2021-04-27 20:57:29.801] [jointLog] [warning] Feature has no GFF ID
[2021-04-27 20:57:29.801] [jointLog] [warning] Feature has no GFF ID
[2021-04-27 20:57:29.801] [jointLog] [warning] Feature has no GFF ID
[2021-04-27 20:57:29.801] [jointLog] [warning] Feature has no GFF ID
[2021-04-27 20:57:29.801] [jointLog] [warning] Feature has no GFF ID
[2021-04-27 20:57:29.801] [jointLog] [warning] Feature has no GFF ID
[2021-04-27 20:57:29.801] [jointLog] [warning] Feature has no GFF ID
[2021-04-27 20:57:29.801] [jointLog] [warning] Feature has no GFF ID
[2021-04-27 20:57:29.801] [jointLog] [warning] Feature has no GFF ID
[2021-04-27 20:57:29.801] [jointLog] [warning] Feature has no GFF ID
[2021-04-27 20:57:29.801] [jointLog] [warning] Feature has no GFF ID
[2021-04-27 20:57:29.801] [jointLog] [warning] Feature has no GFF ID
[2021-04-27 20:57:29.801] [jointLog] [warning] Feature has no GFF ID
[2021-04-27 20:57:29.801] [jointLog] [warning] Feature has no GFF ID
[2021-04-27 20:57:29.801] [jointLog] [warning] Feature has no GFF ID
[2021-04-27 20:57:29.801] [jointLog] [warning] Feature has no GFF ID
[2021-04-27 20:57:29.801] [jointLog] [warning] Feature has no GFF ID
[2021-04-27 20:57:29.801] [jointLog] [warning] Feature has no GFF ID
[2021-04-27 20:57:29.801] [jointLog] [warning] Feature has no GFF ID
[2021-04-27 20:57:29.801] [jointLog] [warning] Feature has no GFF ID
[2021-04-27 20:57:29.801] [jointLog] [warning] Feature has no GFF ID
[2021-04-27 20:57:29.801] [jointLog] [warning] Feature has no GFF ID
[2021-04-27 20:57:29.801] [jointLog] [warning] Feature has no GFF ID
[2021-04-27 20:57:29.801] [jointLog] [warning] Feature has no GFF ID
[2021-04-27 20:57:29.801] [jointLog] [warning] Feature has no GFF ID
[2021-04-27 20:57:29.801] [jointLog] [warning] Feature has no GFF ID
[2021-04-27 20:57:29.801] [jointLog] [warning] Feature has no GFF ID
[2021-04-27 20:57:30.071] [jointLog] [info] There were 142604 transcripts mapping to 55401 genes
[2021-04-27 20:57:30.071] [jointLog] [info] NOTE: We recommend using tximport (https://bioconductor.org/packages/release/bioc/html/tximport.html) for aggregating transcript-level salmon abundance estimates to the gene level.  It is more versatile, exposes more features, and allows considering multi-sample information during aggregation.
[2021-04-27 20:57:30.300] [jointLog] [warning] couldn't find transcript named [DQ459430] in transcript <-> gene map; returning transcript as it's own gene
[2021-04-27 20:57:30.300] [jointLog] [warning] couldn't find transcript named [DQ516784] in transcript <-> gene map; returning transcript as it's own gene
[2021-04-27 20:57:30.300] [jointLog] [warning] couldn't find transcript named [DQ516752] in transcript <-> gene map; returning transcript as it's own gene
[2021-04-27 20:57:30.300] [jointLog] [warning] couldn't find transcript named [DQ668364] in transcript <-> gene map; returning transcript as it's own gene
[2021-04-27 20:57:30.300] [jointLog] [warning] couldn't find transcript named [DQ883670] in transcript <-> gene map; returning transcript as it's own gene
[2021-04-27 20:57:30.300] [jointLog] [warning] couldn't find transcript named [EF011062] in transcript <-> gene map; returning transcript as it's own gene
[2021-04-27 20:57:30.300] [jointLog] [warning] couldn't find transcript named [DQ875385] in transcript <-> gene map; returning transcript as it's own gene
[2021-04-27 20:57:30.300] [jointLog] [warning] couldn't find transcript named [DQ883664] in transcript <-> gene map; returning transcript as it's own gene
[2021-04-27 20:57:30.300] [jointLog] [warning] couldn't find transcript named [DQ459420] in transcript <-> gene map; returning transcript as it's own gene
[2021-04-27 20:57:30.300] [jointLog] [warning] couldn't find transcript named [DQ883651] in transcript <-> gene map; returning transcript as it's own gene
[2021-04-27 20:57:30.300] [jointLog] [warning] couldn't find transcript named [DQ855004] in transcript <-> gene map; returning transcript as it's own gene
[2021-04-27 20:57:30.300] [jointLog] [warning] couldn't find transcript named [DQ854993] in transcript <-> gene map; returning transcript as it's own gene
[2021-04-27 20:57:30.300] [jointLog] [warning] couldn't find transcript named [DQ883689] in transcript <-> gene map; returning transcript as it's own gene
[2021-04-27 20:57:30.300] [jointLog] [warning] couldn't find transcript named [DQ459419] in transcript <-> gene map; returning transcript as it's own gene
[2021-04-27 20:57:30.300] [jointLog] [warning] couldn't find transcript named [DQ459431] in transcript <-> gene map; returning transcript as it's own gene
[2021-04-27 20:57:30.300] [jointLog] [warning] couldn't find transcript named [DQ516796] in transcript <-> gene map; returning transcript as it's own gene
[2021-04-27 20:57:30.300] [jointLog] [warning] couldn't find transcript named [DQ855001] in transcript <-> gene map; returning transcript as it's own gene
[2021-04-27 20:57:30.300] [jointLog] [warning] couldn't find transcript named [DQ459413] in transcript <-> gene map; returning transcript as it's own gene
[2021-04-27 20:57:30.300] [jointLog] [warning] couldn't find transcript named [DQ883656] in transcript <-> gene map; returning transcript as it's own gene
[2021-04-27 20:57:30.300] [jointLog] [warning] couldn't find transcript named [DQ883661] in transcript <-> gene map; returning transcript as it's own gene
[2021-04-27 20:57:30.300] [jointLog] [warning] couldn't find transcript named [EF011069] in transcript <-> gene map; returning transcript as it's own gene
[2021-04-27 20:57:30.300] [jointLog] [warning] couldn't find transcript named [DQ516783] in transcript <-> gene map; returning transcript as it's own gene
[2021-04-27 20:57:30.300] [jointLog] [warning] couldn't find transcript named [DQ516787] in transcript <-> gene map; returning transcript as it's own gene
[2021-04-27 20:57:30.300] [jointLog] [warning] couldn't find transcript named [DQ459424] in transcript <-> gene map; returning transcript as it's own gene
[2021-04-27 20:57:30.300] [jointLog] [warning] couldn't find transcript named [DQ516748] in transcript <-> gene map; returning transcript as it's own gene
[2021-04-27 20:57:30.300] [jointLog] [warning] couldn't find transcript named [DQ883671] in transcript <-> gene map; returning transcript as it's own gene
[2021-04-27 20:57:30.300] [jointLog] [warning] couldn't find transcript named [DQ516740] in transcript <-> gene map; returning transcript as it's own gene
[2021-04-27 20:57:30.300] [jointLog] [warning] couldn't find transcript named [DQ516785] in transcript <-> gene map; returning transcript as it's own gene
[2021-04-27 20:57:30.300] [jointLog] [warning] couldn't find transcript named [DQ516731] in transcript <-> gene map; returning transcript as it's own gene
[2021-04-27 20:57:30.300] [jointLog] [warning] couldn't find transcript named [DQ668366] in transcript <-> gene map; returning transcript as it's own gene
[2021-04-27 20:57:30.300] [jointLog] [warning] couldn't find transcript named [DQ459418] in transcript <-> gene map; returning transcript as it's own gene
[2021-04-27 20:57:30.300] [jointLog] [warning] couldn't find transcript named [DQ668356] in transcript <-> gene map; returning transcript as it's own gene
[2021-04-27 20:57:30.300] [jointLog] [warning] couldn't find transcript named [DQ516763] in transcript <-> gene map; returning transcript as it's own gene
[2021-04-27 20:57:30.300] [jointLog] [warning] couldn't find transcript named [DQ459426] in transcript <-> gene map; returning transcript as it's own gene
[2021-04-27 20:57:30.300] [jointLog] [warning] couldn't find transcript named [DQ516786] in transcript <-> gene map; returning transcript as it's own gene
[2021-04-27 20:57:30.300] [jointLog] [warning] couldn't find transcript named [DQ883653] in transcript <-> gene map; returning transcript as it's own gene
[2021-04-27 20:57:30.300] [jointLog] [warning] couldn't find transcript named [DQ459421] in transcript <-> gene map; returning transcript as it's own gene
[2021-04-27 20:57:30.300] [jointLog] [warning] couldn't find transcript named [DQ883654] in transcript <-> gene map; returning transcript as it's own gene
[2021-04-27 20:57:30.300] [jointLog] [warning] couldn't find transcript named [DQ668358] in transcript <-> gene map; returning transcript as it's own gene
[2021-04-27 20:57:30.300] [jointLog] [warning] couldn't find transcript named [DQ516754] in transcript <-> gene map; returning transcript as it's own gene
[2021-04-27 20:57:30.300] [jointLog] [warning] couldn't find transcript named [DQ516778] in transcript <-> gene map; returning transcript as it's own gene
[2021-04-27 20:57:30.300] [jointLog] [warning] couldn't find transcript named [DQ883650] in transcript <-> gene map; returning transcript as it's own gene
[2021-04-27 20:57:30.300] [jointLog] [warning] couldn't find transcript named [DQ516742] in transcript <-> gene map; returning transcript as it's own gene
[2021-04-27 20:57:30.300] [jointLog] [warning] couldn't find transcript named [DQ883673] in transcript <-> gene map; returning transcript as it's own gene
[2021-04-27 20:57:30.300] [jointLog] [warning] couldn't find transcript named [DQ883652] in transcript <-> gene map; returning transcript as it's own gene
[2021-04-27 20:57:30.300] [jointLog] [warning] couldn't find transcript named [DQ854991] in transcript <-> gene map; returning transcript as it's own gene
[2021-04-27 20:57:30.300] [jointLog] [warning] couldn't find transcript named [DQ516780] in transcript <-> gene map; returning transcript as it's own gene
[2021-04-27 20:57:30.300] [jointLog] [warning] couldn't find transcript named [DQ883682] in transcript <-> gene map; returning transcript as it's own gene
[2021-04-27 20:57:30.300] [jointLog] [warning] couldn't find transcript named [DQ883669] in transcript <-> gene map; returning transcript as it's own gene
[2021-04-27 20:57:30.300] [jointLog] [warning] couldn't find transcript named [DQ516791] in transcript <-> gene map; returning transcript as it's own gene
[2021-04-27 20:57:30.300] [jointLog] [warning] couldn't find transcript named [DQ459425] in transcript <-> gene map; returning transcript as it's own gene
[2021-04-27 20:57:30.300] [jointLog] [warning] couldn't find transcript named [DQ516759] in transcript <-> gene map; returning transcript as it's own gene
[2021-04-27 20:57:30.300] [jointLog] [warning] couldn't find transcript named [DQ459429] in transcript <-> gene map; returning transcript as it's own gene
[2021-04-27 20:57:30.300] [jointLog] [warning] couldn't find transcript named [DQ516758] in transcript <-> gene map; returning transcript as it's own gene
[2021-04-27 20:57:30.300] [jointLog] [warning] couldn't find transcript named [DQ459415] in transcript <-> gene map; returning transcript as it's own gene
[2021-04-27 20:57:30.300] [jointLog] [warning] couldn't find transcript named [DQ875387] in transcript <-> gene map; returning transcript as it's own gene
[2021-04-27 20:57:30.300] [jointLog] [warning] couldn't find transcript named [DQ516815] in transcript <-> gene map; returning transcript as it's own gene
[2021-04-27 20:57:30.300] [jointLog] [warning] couldn't find transcript named [DQ668365] in transcript <-> gene map; returning transcript as it's own gene
[2021-04-27 20:57:30.300] [jointLog] [warning] couldn't find transcript named [DQ854998] in transcript <-> gene map; returning transcript as it's own gene
[2021-04-27 20:57:30.300] [jointLog] [warning] couldn't find transcript named [DQ883685] in transcript <-> gene map; returning transcript as it's own gene
[2021-04-27 20:57:30.300] [jointLog] [warning] couldn't find transcript named [DQ459422] in transcript <-> gene map; returning transcript as it's own gene
[2021-04-27 20:57:30.300] [jointLog] [warning] couldn't find transcript named [DQ883663] in transcript <-> gene map; returning transcript as it's own gene
[2021-04-27 20:57:30.300] [jointLog] [warning] couldn't find transcript named [DQ668367] in transcript <-> gene map; returning transcript as it's own gene
[2021-04-27 20:57:30.300] [jointLog] [warning] couldn't find transcript named [DQ459412] in transcript <-> gene map; returning transcript as it's own gene
[2021-04-27 20:57:30.300] [jointLog] [warning] couldn't find transcript named [DQ854992] in transcript <-> gene map; returning transcript as it's own gene
[2021-04-27 20:57:30.300] [jointLog] [warning] couldn't find transcript named [DQ516782] in transcript <-> gene map; returning transcript as it's own gene
[2021-04-27 20:57:30.300] [jointLog] [warning] couldn't find transcript named [DQ459427] in transcript <-> gene map; returning transcript as it's own gene
[2021-04-27 20:57:30.300] [jointLog] [warning] couldn't find transcript named [EF011072] in transcript <-> gene map; returning transcript as it's own gene
[2021-04-27 20:57:30.300] [jointLog] [warning] couldn't find transcript named [DQ855003] in transcript <-> gene map; returning transcript as it's own gene
[2021-04-27 20:57:30.300] [jointLog] [warning] couldn't find transcript named [DQ516739] in transcript <-> gene map; returning transcript as it's own gene
[2021-04-27 20:57:30.300] [jointLog] [warning] couldn't find transcript named [EF011063] in transcript <-> gene map; returning transcript as it's own gene
[2021-04-27 20:57:30.300] [jointLog] [warning] couldn't find transcript named [DQ855000] in transcript <-> gene map; returning transcript as it's own gene
[2021-04-27 20:57:30.300] [jointLog] [warning] couldn't find transcript named [DQ516777] in transcript <-> gene map; returning transcript as it's own gene
[2021-04-27 20:57:30.300] [jointLog] [warning] couldn't find transcript named [DQ883646] in transcript <-> gene map; returning transcript as it's own gene
[2021-04-27 20:57:30.300] [jointLog] [warning] couldn't find transcript named [DQ668362] in transcript <-> gene map; returning transcript as it's own gene
[2021-04-27 20:57:30.300] [jointLog] [warning] couldn't find transcript named [DQ854995] in transcript <-> gene map; returning transcript as it's own gene
[2021-04-27 20:57:30.300] [jointLog] [warning] couldn't find transcript named [DQ875386] in transcript <-> gene map; returning transcript as it's own gene
[2021-04-27 20:57:30.300] [jointLog] [warning] couldn't find transcript named [DQ516790] in transcript <-> gene map; returning transcript as it's own gene
[2021-04-27 20:57:30.300] [jointLog] [warning] couldn't find transcript named [DQ883642] in transcript <-> gene map; returning transcript as it's own gene
[2021-04-27 20:57:30.300] [jointLog] [warning] couldn't find transcript named [DQ883659] in transcript <-> gene map; returning transcript as it's own gene
[2021-04-27 20:57:30.300] [jointLog] [warning] couldn't find transcript named [DQ854997] in transcript <-> gene map; returning transcript as it's own gene
[2021-04-27 20:57:30.300] [jointLog] [warning] couldn't find transcript named [DQ883643] in transcript <-> gene map; returning transcript as it's own gene
[2021-04-27 20:57:30.300] [jointLog] [warning] couldn't find transcript named [DQ839618] in transcript <-> gene map; returning transcript as it's own gene
[2021-04-27 20:57:30.300] [jointLog] [warning] couldn't find transcript named [DQ516795] in transcript <-> gene map; returning transcript as it's own gene
[2021-04-27 20:57:30.300] [jointLog] [warning] couldn't find transcript named [DQ883658] in transcript <-> gene map; returning transcript as it's own gene
[2021-04-27 20:57:30.300] [jointLog] [warning] couldn't find transcript named [DQ516750] in transcript <-> gene map; returning transcript as it's own gene
[2021-04-27 20:57:30.300] [jointLog] [warning] couldn't find transcript named [DQ668359] in transcript <-> gene map; returning transcript as it's own gene
[2021-04-27 20:57:30.300] [jointLog] [warning] couldn't find transcript named [DQ516779] in transcript <-> gene map; returning transcript as it's own gene
[2021-04-27 20:57:30.300] [jointLog] [warning] couldn't find transcript named [DQ668363] in transcript <-> gene map; returning transcript as it's own gene
[2021-04-27 20:57:30.300] [jointLog] [warning] couldn't find transcript named [DQ516776] in transcript <-> gene map; returning transcript as it's own gene
[2021-04-27 20:57:30.300] [jointLog] [warning] couldn't find transcript named [DQ516773] in transcript <-> gene map; returning transcript as it's own gene
[2021-04-27 20:57:30.300] [jointLog] [warning] couldn't find transcript named [DQ854994] in transcript <-> gene map; returning transcript as it's own gene
[2021-04-27 20:57:30.300] [jointLog] [info] Aggregating expressions to gene level
[2021-04-27 20:57:30.436] [jointLog] [info] done
