[2021-04-27 20:24:34.869] [jointLog] [info] setting maxHashResizeThreads to 6
[2021-04-27 20:24:34.869] [jointLog] [info] Fragment incompatibility prior below threshold.  Incompatible fragments will be ignored.
[2021-04-27 20:24:34.870] [jointLog] [info] numQuantThreads = 3
[2021-04-27 20:24:38.013] [fileLog] [info] quantification processed 0 fragments so far

[2021-04-27 20:24:37.759] [jointLog] [info] replaced 4 non-ACGT nucleotides with random nucleotides
[2021-04-27 20:24:41.110] [fileLog] [info] quantification processed 1000000 fragments so far

[2021-04-27 20:24:44.226] [fileLog] [info] quantification processed 2000000 fragments so far

[2021-04-27 20:24:45.995] [jointLog] [info] 

The alignment group queue pool has been exhausted.  3568552 extra fragments were allocated on the heap to saturate the pool.  No new fragments will be allocated


[2021-04-27 20:24:51.956] [fileLog] [info] quantification processed 3000000 fragments so far

[2021-04-27 20:25:05.526] [fileLog] [info] quantification processed 4000000 fragments so far

[2021-04-27 20:25:19.072] [fileLog] [info] quantification processed 5000000 fragments so far

[2021-04-27 20:25:32.656] [fileLog] [info] quantification processed 6000000 fragments so far

[2021-04-27 20:25:46.180] [fileLog] [info] quantification processed 7000000 fragments so far

[2021-04-27 20:25:49.427] [fileLog] [info] quantification processed 8000000 fragments so far

[2021-04-27 20:25:52.594] [fileLog] [info] quantification processed 9000000 fragments so far

[2021-04-27 20:25:55.718] [fileLog] [info] quantification processed 10000000 fragments so far

[2021-04-27 20:25:58.880] [fileLog] [info] quantification processed 11000000 fragments so far

[2021-04-27 20:26:01.960] [fileLog] [info] quantification processed 12000000 fragments so far

[2021-04-27 20:26:05.139] [fileLog] [info] quantification processed 13000000 fragments so far

[2021-04-27 20:26:08.285] [fileLog] [info] quantification processed 14000000 fragments so far

[2021-04-27 20:26:11.414] [fileLog] [info] quantification processed 15000000 fragments so far

[2021-04-27 20:26:14.547] [fileLog] [info] quantification processed 16000000 fragments so far

[2021-04-27 20:26:17.618] [fileLog] [info] quantification processed 17000000 fragments so far

[2021-04-27 20:26:20.779] [fileLog] [info] quantification processed 18000000 fragments so far

[2021-04-27 20:26:23.954] [fileLog] [info] quantification processed 19000000 fragments so far

[2021-04-27 20:26:27.054] [fileLog] [info] quantification processed 20000000 fragments so far

[2021-04-27 20:26:30.160] [fileLog] [info] quantification processed 21000000 fragments so far

[2021-04-27 20:26:33.309] [fileLog] [info] quantification processed 22000000 fragments so far

[2021-04-27 20:26:36.448] [fileLog] [info] quantification processed 23000000 fragments so far

[2021-04-27 20:26:39.563] [fileLog] [info] quantification processed 24000000 fragments so far

[2021-04-27 20:26:42.746] [fileLog] [info] quantification processed 25000000 fragments so far

[2021-04-27 20:26:45.864] [fileLog] [info] quantification processed 26000000 fragments so far

[2021-04-27 20:26:48.971] [fileLog] [info] quantification processed 27000000 fragments so far

[2021-04-27 20:26:52.111] [fileLog] [info] quantification processed 28000000 fragments so far

[2021-04-27 20:26:55.236] [fileLog] [info] quantification processed 29000000 fragments so far

[2021-04-27 20:26:58.364] [fileLog] [info] quantification processed 30000000 fragments so far

[2021-04-27 20:27:01.572] [fileLog] [info] quantification processed 31000000 fragments so far

[2021-04-27 20:27:04.753] [fileLog] [info] quantification processed 32000000 fragments so far

[2021-04-27 20:27:07.840] [fileLog] [info] quantification processed 33000000 fragments so far

[2021-04-27 20:27:09.960] [fileLog] [info] quantification processed 33679274 fragments so far

[2021-04-27 20:27:15.608] [jointLog] [info] Thread saw mini-batch with a maximum of 25.80% zero probability fragments
[2021-04-27 20:27:15.608] [jointLog] [info] Thread saw mini-batch with a maximum of 29.00% zero probability fragments
[2021-04-27 20:27:15.612] [jointLog] [info] Thread saw mini-batch with a maximum of 27.20% zero probability fragments
[2021-04-27 20:27:15.612] [jointLog] [info] 


Completed first pass through the alignment file.
Total # of mapped reads : 33679274
# of uniquely mapped reads : 11450315
# ambiguously mapped reads : 22228959



[2021-04-27 20:27:15.742] [jointLog] [info] Computed 199819 rich equivalence classes for further processing
[2021-04-27 20:27:15.742] [jointLog] [info] Counted 33454959 total reads in the equivalence classes 
[2021-04-27 20:27:15.744] [jointLog] [info] starting optimizer
[2021-04-27 20:27:15.846] [jointLog] [info] Marked 0 weighted equivalence classes as degenerate
[2021-04-27 20:27:15.864] [jointLog] [info] iteration = 0 | max rel diff. = 7668.4
[2021-04-27 20:27:17.261] [jointLog] [info] iteration = 100 | max rel diff. = 9.4602
[2021-04-27 20:27:18.636] [jointLog] [info] iteration = 200 | max rel diff. = 16.1065
[2021-04-27 20:27:20.017] [jointLog] [info] iteration = 300 | max rel diff. = 9.40024
[2021-04-27 20:27:21.405] [jointLog] [info] iteration = 400 | max rel diff. = 4.29612
[2021-04-27 20:27:22.790] [jointLog] [info] iteration = 500 | max rel diff. = 2.96219
[2021-04-27 20:27:24.183] [jointLog] [info] iteration = 600 | max rel diff. = 0.0732766
[2021-04-27 20:27:25.557] [jointLog] [info] iteration = 700 | max rel diff. = 2.28653
[2021-04-27 20:27:26.937] [jointLog] [info] iteration = 800 | max rel diff. = 0.364305
[2021-04-27 20:27:28.310] [jointLog] [info] iteration = 900 | max rel diff. = 0.143921
[2021-04-27 20:27:29.682] [jointLog] [info] iteration = 1000 | max rel diff. = 0.277053
[2021-04-27 20:27:31.067] [jointLog] [info] iteration = 1100 | max rel diff. = 0.147379
[2021-04-27 20:27:32.454] [jointLog] [info] iteration = 1200 | max rel diff. = 0.0715879
[2021-04-27 20:27:33.838] [jointLog] [info] iteration = 1300 | max rel diff. = 0.0491704
[2021-04-27 20:27:35.218] [jointLog] [info] iteration = 1400 | max rel diff. = 0.0759842
[2021-04-27 20:27:36.599] [jointLog] [info] iteration = 1500 | max rel diff. = 0.0248878
[2021-04-27 20:27:37.979] [jointLog] [info] iteration = 1600 | max rel diff. = 0.185634
[2021-04-27 20:27:39.350] [jointLog] [info] iteration = 1700 | max rel diff. = 0.0981123
[2021-04-27 20:27:40.724] [jointLog] [info] iteration = 1800 | max rel diff. = 0.0432685
[2021-04-27 20:27:42.105] [jointLog] [info] iteration = 1900 | max rel diff. = 0.290652
[2021-04-27 20:27:43.477] [jointLog] [info] iteration = 2000 | max rel diff. = 12.7315
[2021-04-27 20:27:44.849] [jointLog] [info] iteration = 2100 | max rel diff. = 0.0382337
[2021-04-27 20:27:45.549] [jointLog] [info] iteration = 2152 | max rel diff. = 0.00209834
[2021-04-27 20:27:45.578] [jointLog] [info] finished optimizer
[2021-04-27 20:27:45.578] [jointLog] [info] writing output
[2021-04-27 20:27:47.264] [jointLog] [info] Computing gene-level abundance estimates
[2021-04-27 20:28:14.160] [jointLog] [warning] Feature has no GFF ID
[2021-04-27 20:28:14.160] [jointLog] [warning] Feature has no GFF ID
[2021-04-27 20:28:14.160] [jointLog] [warning] Feature has no GFF ID
[2021-04-27 20:28:14.160] [jointLog] [warning] Feature has no GFF ID
[2021-04-27 20:28:14.160] [jointLog] [warning] Feature has no GFF ID
[2021-04-27 20:28:14.160] [jointLog] [warning] Feature has no GFF ID
[2021-04-27 20:28:14.160] [jointLog] [warning] Feature has no GFF ID
[2021-04-27 20:28:14.160] [jointLog] [warning] Feature has no GFF ID
[2021-04-27 20:28:14.160] [jointLog] [warning] Feature has no GFF ID
[2021-04-27 20:28:14.160] [jointLog] [warning] Feature has no GFF ID
[2021-04-27 20:28:14.160] [jointLog] [warning] Feature has no GFF ID
[2021-04-27 20:28:14.160] [jointLog] [warning] Feature has no GFF ID
[2021-04-27 20:28:14.160] [jointLog] [warning] Feature has no GFF ID
[2021-04-27 20:28:14.160] [jointLog] [warning] Feature has no GFF ID
[2021-04-27 20:28:14.160] [jointLog] [warning] Feature has no GFF ID
[2021-04-27 20:28:14.160] [jointLog] [warning] Feature has no GFF ID
[2021-04-27 20:28:14.160] [jointLog] [warning] Feature has no GFF ID
[2021-04-27 20:28:14.160] [jointLog] [warning] Feature has no GFF ID
[2021-04-27 20:28:14.160] [jointLog] [warning] Feature has no GFF ID
[2021-04-27 20:28:14.160] [jointLog] [warning] Feature has no GFF ID
[2021-04-27 20:28:14.160] [jointLog] [warning] Feature has no GFF ID
[2021-04-27 20:28:14.160] [jointLog] [warning] Feature has no GFF ID
[2021-04-27 20:28:14.160] [jointLog] [warning] Feature has no GFF ID
[2021-04-27 20:28:14.160] [jointLog] [warning] Feature has no GFF ID
[2021-04-27 20:28:14.160] [jointLog] [warning] Feature has no GFF ID
[2021-04-27 20:28:14.160] [jointLog] [warning] Feature has no GFF ID
[2021-04-27 20:28:14.160] [jointLog] [warning] Feature has no GFF ID
[2021-04-27 20:28:14.160] [jointLog] [warning] Feature has no GFF ID
[2021-04-27 20:28:14.160] [jointLog] [warning] Feature has no GFF ID
[2021-04-27 20:28:14.160] [jointLog] [warning] Feature has no GFF ID
[2021-04-27 20:28:14.160] [jointLog] [warning] Feature has no GFF ID
[2021-04-27 20:28:14.160] [jointLog] [warning] Feature has no GFF ID
[2021-04-27 20:28:14.160] [jointLog] [warning] Feature has no GFF ID
[2021-04-27 20:28:14.160] [jointLog] [warning] Feature has no GFF ID
[2021-04-27 20:28:14.160] [jointLog] [warning] Feature has no GFF ID
[2021-04-27 20:28:14.160] [jointLog] [warning] Feature has no GFF ID
[2021-04-27 20:28:14.160] [jointLog] [warning] Feature has no GFF ID
[2021-04-27 20:28:14.160] [jointLog] [warning] Feature has no GFF ID
[2021-04-27 20:28:14.160] [jointLog] [warning] Feature has no GFF ID
[2021-04-27 20:28:14.160] [jointLog] [warning] Feature has no GFF ID
[2021-04-27 20:28:14.160] [jointLog] [warning] Feature has no GFF ID
[2021-04-27 20:28:14.160] [jointLog] [warning] Feature has no GFF ID
[2021-04-27 20:28:14.160] [jointLog] [warning] Feature has no GFF ID
[2021-04-27 20:28:14.160] [jointLog] [warning] Feature has no GFF ID
[2021-04-27 20:28:14.160] [jointLog] [warning] Feature has no GFF ID
[2021-04-27 20:28:14.160] [jointLog] [warning] Feature has no GFF ID
[2021-04-27 20:28:14.160] [jointLog] [warning] Feature has no GFF ID
[2021-04-27 20:28:14.160] [jointLog] [warning] Feature has no GFF ID
[2021-04-27 20:28:14.160] [jointLog] [warning] Feature has no GFF ID
[2021-04-27 20:28:14.160] [jointLog] [warning] Feature has no GFF ID
[2021-04-27 20:28:14.160] [jointLog] [warning] Feature has no GFF ID
[2021-04-27 20:28:14.160] [jointLog] [warning] Feature has no GFF ID
[2021-04-27 20:28:14.160] [jointLog] [warning] Feature has no GFF ID
[2021-04-27 20:28:14.160] [jointLog] [warning] Feature has no GFF ID
[2021-04-27 20:28:14.160] [jointLog] [warning] Feature has no GFF ID
[2021-04-27 20:28:14.160] [jointLog] [warning] Feature has no GFF ID
[2021-04-27 20:28:14.160] [jointLog] [warning] Feature has no GFF ID
[2021-04-27 20:28:14.160] [jointLog] [warning] Feature has no GFF ID
[2021-04-27 20:28:14.160] [jointLog] [warning] Feature has no GFF ID
[2021-04-27 20:28:14.160] [jointLog] [warning] Feature has no GFF ID
[2021-04-27 20:28:14.160] [jointLog] [warning] Feature has no GFF ID
[2021-04-27 20:28:14.160] [jointLog] [warning] Feature has no GFF ID
[2021-04-27 20:28:14.160] [jointLog] [warning] Feature has no GFF ID
[2021-04-27 20:28:14.160] [jointLog] [warning] Feature has no GFF ID
[2021-04-27 20:28:14.160] [jointLog] [warning] Feature has no GFF ID
[2021-04-27 20:28:14.160] [jointLog] [warning] Feature has no GFF ID
[2021-04-27 20:28:14.160] [jointLog] [warning] Feature has no GFF ID
[2021-04-27 20:28:14.160] [jointLog] [warning] Feature has no GFF ID
[2021-04-27 20:28:14.160] [jointLog] [warning] Feature has no GFF ID
[2021-04-27 20:28:14.160] [jointLog] [warning] Feature has no GFF ID
[2021-04-27 20:28:14.160] [jointLog] [warning] Feature has no GFF ID
[2021-04-27 20:28:14.160] [jointLog] [warning] Feature has no GFF ID
[2021-04-27 20:28:14.160] [jointLog] [warning] Feature has no GFF ID
[2021-04-27 20:28:14.160] [jointLog] [warning] Feature has no GFF ID
[2021-04-27 20:28:14.160] [jointLog] [warning] Feature has no GFF ID
[2021-04-27 20:28:14.160] [jointLog] [warning] Feature has no GFF ID
[2021-04-27 20:28:14.160] [jointLog] [warning] Feature has no GFF ID
[2021-04-27 20:28:14.160] [jointLog] [warning] Feature has no GFF ID
[2021-04-27 20:28:14.160] [jointLog] [warning] Feature has no GFF ID
[2021-04-27 20:28:14.160] [jointLog] [warning] Feature has no GFF ID
[2021-04-27 20:28:14.160] [jointLog] [warning] Feature has no GFF ID
[2021-04-27 20:28:14.160] [jointLog] [warning] Feature has no GFF ID
[2021-04-27 20:28:14.160] [jointLog] [warning] Feature has no GFF ID
[2021-04-27 20:28:14.160] [jointLog] [warning] Feature has no GFF ID
[2021-04-27 20:28:14.160] [jointLog] [warning] Feature has no GFF ID
[2021-04-27 20:28:14.160] [jointLog] [warning] Feature has no GFF ID
[2021-04-27 20:28:14.160] [jointLog] [warning] Feature has no GFF ID
[2021-04-27 20:28:14.160] [jointLog] [warning] Feature has no GFF ID
[2021-04-27 20:28:14.160] [jointLog] [warning] Feature has no GFF ID
[2021-04-27 20:28:14.160] [jointLog] [warning] Feature has no GFF ID
[2021-04-27 20:28:14.160] [jointLog] [warning] Feature has no GFF ID
[2021-04-27 20:28:14.160] [jointLog] [warning] Feature has no GFF ID
[2021-04-27 20:28:14.445] [jointLog] [info] There were 142604 transcripts mapping to 55401 genes
[2021-04-27 20:28:14.445] [jointLog] [info] NOTE: We recommend using tximport (https://bioconductor.org/packages/release/bioc/html/tximport.html) for aggregating transcript-level salmon abundance estimates to the gene level.  It is more versatile, exposes more features, and allows considering multi-sample information during aggregation.
[2021-04-27 20:28:14.693] [jointLog] [warning] couldn't find transcript named [DQ459430] in transcript <-> gene map; returning transcript as it's own gene
[2021-04-27 20:28:14.693] [jointLog] [warning] couldn't find transcript named [DQ516784] in transcript <-> gene map; returning transcript as it's own gene
[2021-04-27 20:28:14.693] [jointLog] [warning] couldn't find transcript named [DQ516752] in transcript <-> gene map; returning transcript as it's own gene
[2021-04-27 20:28:14.693] [jointLog] [warning] couldn't find transcript named [DQ668364] in transcript <-> gene map; returning transcript as it's own gene
[2021-04-27 20:28:14.693] [jointLog] [warning] couldn't find transcript named [DQ883670] in transcript <-> gene map; returning transcript as it's own gene
[2021-04-27 20:28:14.693] [jointLog] [warning] couldn't find transcript named [EF011062] in transcript <-> gene map; returning transcript as it's own gene
[2021-04-27 20:28:14.693] [jointLog] [warning] couldn't find transcript named [DQ875385] in transcript <-> gene map; returning transcript as it's own gene
[2021-04-27 20:28:14.693] [jointLog] [warning] couldn't find transcript named [DQ883664] in transcript <-> gene map; returning transcript as it's own gene
[2021-04-27 20:28:14.693] [jointLog] [warning] couldn't find transcript named [DQ459420] in transcript <-> gene map; returning transcript as it's own gene
[2021-04-27 20:28:14.693] [jointLog] [warning] couldn't find transcript named [DQ883651] in transcript <-> gene map; returning transcript as it's own gene
[2021-04-27 20:28:14.693] [jointLog] [warning] couldn't find transcript named [DQ855004] in transcript <-> gene map; returning transcript as it's own gene
[2021-04-27 20:28:14.693] [jointLog] [warning] couldn't find transcript named [DQ854993] in transcript <-> gene map; returning transcript as it's own gene
[2021-04-27 20:28:14.693] [jointLog] [warning] couldn't find transcript named [DQ883689] in transcript <-> gene map; returning transcript as it's own gene
[2021-04-27 20:28:14.693] [jointLog] [warning] couldn't find transcript named [DQ459419] in transcript <-> gene map; returning transcript as it's own gene
[2021-04-27 20:28:14.693] [jointLog] [warning] couldn't find transcript named [DQ459431] in transcript <-> gene map; returning transcript as it's own gene
[2021-04-27 20:28:14.693] [jointLog] [warning] couldn't find transcript named [DQ516796] in transcript <-> gene map; returning transcript as it's own gene
[2021-04-27 20:28:14.693] [jointLog] [warning] couldn't find transcript named [DQ855001] in transcript <-> gene map; returning transcript as it's own gene
[2021-04-27 20:28:14.693] [jointLog] [warning] couldn't find transcript named [DQ459413] in transcript <-> gene map; returning transcript as it's own gene
[2021-04-27 20:28:14.693] [jointLog] [warning] couldn't find transcript named [DQ883656] in transcript <-> gene map; returning transcript as it's own gene
[2021-04-27 20:28:14.693] [jointLog] [warning] couldn't find transcript named [DQ883661] in transcript <-> gene map; returning transcript as it's own gene
[2021-04-27 20:28:14.693] [jointLog] [warning] couldn't find transcript named [EF011069] in transcript <-> gene map; returning transcript as it's own gene
[2021-04-27 20:28:14.693] [jointLog] [warning] couldn't find transcript named [DQ516783] in transcript <-> gene map; returning transcript as it's own gene
[2021-04-27 20:28:14.693] [jointLog] [warning] couldn't find transcript named [DQ516787] in transcript <-> gene map; returning transcript as it's own gene
[2021-04-27 20:28:14.693] [jointLog] [warning] couldn't find transcript named [DQ459424] in transcript <-> gene map; returning transcript as it's own gene
[2021-04-27 20:28:14.693] [jointLog] [warning] couldn't find transcript named [DQ516748] in transcript <-> gene map; returning transcript as it's own gene
[2021-04-27 20:28:14.693] [jointLog] [warning] couldn't find transcript named [DQ883671] in transcript <-> gene map; returning transcript as it's own gene
[2021-04-27 20:28:14.693] [jointLog] [warning] couldn't find transcript named [DQ516740] in transcript <-> gene map; returning transcript as it's own gene
[2021-04-27 20:28:14.693] [jointLog] [warning] couldn't find transcript named [DQ516785] in transcript <-> gene map; returning transcript as it's own gene
[2021-04-27 20:28:14.693] [jointLog] [warning] couldn't find transcript named [DQ516731] in transcript <-> gene map; returning transcript as it's own gene
[2021-04-27 20:28:14.693] [jointLog] [warning] couldn't find transcript named [DQ668366] in transcript <-> gene map; returning transcript as it's own gene
[2021-04-27 20:28:14.693] [jointLog] [warning] couldn't find transcript named [DQ459418] in transcript <-> gene map; returning transcript as it's own gene
[2021-04-27 20:28:14.693] [jointLog] [warning] couldn't find transcript named [DQ668356] in transcript <-> gene map; returning transcript as it's own gene
[2021-04-27 20:28:14.693] [jointLog] [warning] couldn't find transcript named [DQ516763] in transcript <-> gene map; returning transcript as it's own gene
[2021-04-27 20:28:14.693] [jointLog] [warning] couldn't find transcript named [DQ459426] in transcript <-> gene map; returning transcript as it's own gene
[2021-04-27 20:28:14.693] [jointLog] [warning] couldn't find transcript named [DQ516786] in transcript <-> gene map; returning transcript as it's own gene
[2021-04-27 20:28:14.693] [jointLog] [warning] couldn't find transcript named [DQ883653] in transcript <-> gene map; returning transcript as it's own gene
[2021-04-27 20:28:14.693] [jointLog] [warning] couldn't find transcript named [DQ459421] in transcript <-> gene map; returning transcript as it's own gene
[2021-04-27 20:28:14.693] [jointLog] [warning] couldn't find transcript named [DQ883654] in transcript <-> gene map; returning transcript as it's own gene
[2021-04-27 20:28:14.693] [jointLog] [warning] couldn't find transcript named [DQ668358] in transcript <-> gene map; returning transcript as it's own gene
[2021-04-27 20:28:14.693] [jointLog] [warning] couldn't find transcript named [DQ516754] in transcript <-> gene map; returning transcript as it's own gene
[2021-04-27 20:28:14.693] [jointLog] [warning] couldn't find transcript named [DQ516778] in transcript <-> gene map; returning transcript as it's own gene
[2021-04-27 20:28:14.693] [jointLog] [warning] couldn't find transcript named [DQ883650] in transcript <-> gene map; returning transcript as it's own gene
[2021-04-27 20:28:14.693] [jointLog] [warning] couldn't find transcript named [DQ516742] in transcript <-> gene map; returning transcript as it's own gene
[2021-04-27 20:28:14.693] [jointLog] [warning] couldn't find transcript named [DQ883673] in transcript <-> gene map; returning transcript as it's own gene
[2021-04-27 20:28:14.693] [jointLog] [warning] couldn't find transcript named [DQ883652] in transcript <-> gene map; returning transcript as it's own gene
[2021-04-27 20:28:14.693] [jointLog] [warning] couldn't find transcript named [DQ854991] in transcript <-> gene map; returning transcript as it's own gene
[2021-04-27 20:28:14.693] [jointLog] [warning] couldn't find transcript named [DQ516780] in transcript <-> gene map; returning transcript as it's own gene
[2021-04-27 20:28:14.693] [jointLog] [warning] couldn't find transcript named [DQ883682] in transcript <-> gene map; returning transcript as it's own gene
[2021-04-27 20:28:14.693] [jointLog] [warning] couldn't find transcript named [DQ883669] in transcript <-> gene map; returning transcript as it's own gene
[2021-04-27 20:28:14.693] [jointLog] [warning] couldn't find transcript named [DQ516791] in transcript <-> gene map; returning transcript as it's own gene
[2021-04-27 20:28:14.693] [jointLog] [warning] couldn't find transcript named [DQ459425] in transcript <-> gene map; returning transcript as it's own gene
[2021-04-27 20:28:14.693] [jointLog] [warning] couldn't find transcript named [DQ516759] in transcript <-> gene map; returning transcript as it's own gene
[2021-04-27 20:28:14.693] [jointLog] [warning] couldn't find transcript named [DQ459429] in transcript <-> gene map; returning transcript as it's own gene
[2021-04-27 20:28:14.693] [jointLog] [warning] couldn't find transcript named [DQ516758] in transcript <-> gene map; returning transcript as it's own gene
[2021-04-27 20:28:14.693] [jointLog] [warning] couldn't find transcript named [DQ459415] in transcript <-> gene map; returning transcript as it's own gene
[2021-04-27 20:28:14.693] [jointLog] [warning] couldn't find transcript named [DQ875387] in transcript <-> gene map; returning transcript as it's own gene
[2021-04-27 20:28:14.693] [jointLog] [warning] couldn't find transcript named [DQ516815] in transcript <-> gene map; returning transcript as it's own gene
[2021-04-27 20:28:14.693] [jointLog] [warning] couldn't find transcript named [DQ668365] in transcript <-> gene map; returning transcript as it's own gene
[2021-04-27 20:28:14.693] [jointLog] [warning] couldn't find transcript named [DQ854998] in transcript <-> gene map; returning transcript as it's own gene
[2021-04-27 20:28:14.693] [jointLog] [warning] couldn't find transcript named [DQ883685] in transcript <-> gene map; returning transcript as it's own gene
[2021-04-27 20:28:14.693] [jointLog] [warning] couldn't find transcript named [DQ459422] in transcript <-> gene map; returning transcript as it's own gene
[2021-04-27 20:28:14.693] [jointLog] [warning] couldn't find transcript named [DQ883663] in transcript <-> gene map; returning transcript as it's own gene
[2021-04-27 20:28:14.693] [jointLog] [warning] couldn't find transcript named [DQ668367] in transcript <-> gene map; returning transcript as it's own gene
[2021-04-27 20:28:14.693] [jointLog] [warning] couldn't find transcript named [DQ459412] in transcript <-> gene map; returning transcript as it's own gene
[2021-04-27 20:28:14.693] [jointLog] [warning] couldn't find transcript named [DQ854992] in transcript <-> gene map; returning transcript as it's own gene
[2021-04-27 20:28:14.693] [jointLog] [warning] couldn't find transcript named [DQ516782] in transcript <-> gene map; returning transcript as it's own gene
[2021-04-27 20:28:14.693] [jointLog] [warning] couldn't find transcript named [DQ459427] in transcript <-> gene map; returning transcript as it's own gene
[2021-04-27 20:28:14.693] [jointLog] [warning] couldn't find transcript named [EF011072] in transcript <-> gene map; returning transcript as it's own gene
[2021-04-27 20:28:14.693] [jointLog] [warning] couldn't find transcript named [DQ855003] in transcript <-> gene map; returning transcript as it's own gene
[2021-04-27 20:28:14.693] [jointLog] [warning] couldn't find transcript named [DQ516739] in transcript <-> gene map; returning transcript as it's own gene
[2021-04-27 20:28:14.693] [jointLog] [warning] couldn't find transcript named [EF011063] in transcript <-> gene map; returning transcript as it's own gene
[2021-04-27 20:28:14.693] [jointLog] [warning] couldn't find transcript named [DQ855000] in transcript <-> gene map; returning transcript as it's own gene
[2021-04-27 20:28:14.693] [jointLog] [warning] couldn't find transcript named [DQ516777] in transcript <-> gene map; returning transcript as it's own gene
[2021-04-27 20:28:14.693] [jointLog] [warning] couldn't find transcript named [DQ883646] in transcript <-> gene map; returning transcript as it's own gene
[2021-04-27 20:28:14.693] [jointLog] [warning] couldn't find transcript named [DQ668362] in transcript <-> gene map; returning transcript as it's own gene
[2021-04-27 20:28:14.693] [jointLog] [warning] couldn't find transcript named [DQ854995] in transcript <-> gene map; returning transcript as it's own gene
[2021-04-27 20:28:14.693] [jointLog] [warning] couldn't find transcript named [DQ875386] in transcript <-> gene map; returning transcript as it's own gene
[2021-04-27 20:28:14.693] [jointLog] [warning] couldn't find transcript named [DQ516790] in transcript <-> gene map; returning transcript as it's own gene
[2021-04-27 20:28:14.693] [jointLog] [warning] couldn't find transcript named [DQ883642] in transcript <-> gene map; returning transcript as it's own gene
[2021-04-27 20:28:14.693] [jointLog] [warning] couldn't find transcript named [DQ883659] in transcript <-> gene map; returning transcript as it's own gene
[2021-04-27 20:28:14.693] [jointLog] [warning] couldn't find transcript named [DQ854997] in transcript <-> gene map; returning transcript as it's own gene
[2021-04-27 20:28:14.693] [jointLog] [warning] couldn't find transcript named [DQ883643] in transcript <-> gene map; returning transcript as it's own gene
[2021-04-27 20:28:14.693] [jointLog] [warning] couldn't find transcript named [DQ839618] in transcript <-> gene map; returning transcript as it's own gene
[2021-04-27 20:28:14.693] [jointLog] [warning] couldn't find transcript named [DQ516795] in transcript <-> gene map; returning transcript as it's own gene
[2021-04-27 20:28:14.693] [jointLog] [warning] couldn't find transcript named [DQ883658] in transcript <-> gene map; returning transcript as it's own gene
[2021-04-27 20:28:14.693] [jointLog] [warning] couldn't find transcript named [DQ516750] in transcript <-> gene map; returning transcript as it's own gene
[2021-04-27 20:28:14.693] [jointLog] [warning] couldn't find transcript named [DQ668359] in transcript <-> gene map; returning transcript as it's own gene
[2021-04-27 20:28:14.693] [jointLog] [warning] couldn't find transcript named [DQ516779] in transcript <-> gene map; returning transcript as it's own gene
[2021-04-27 20:28:14.693] [jointLog] [warning] couldn't find transcript named [DQ668363] in transcript <-> gene map; returning transcript as it's own gene
[2021-04-27 20:28:14.693] [jointLog] [warning] couldn't find transcript named [DQ516776] in transcript <-> gene map; returning transcript as it's own gene
[2021-04-27 20:28:14.693] [jointLog] [warning] couldn't find transcript named [DQ516773] in transcript <-> gene map; returning transcript as it's own gene
[2021-04-27 20:28:14.693] [jointLog] [warning] couldn't find transcript named [DQ854994] in transcript <-> gene map; returning transcript as it's own gene
[2021-04-27 20:28:14.694] [jointLog] [info] Aggregating expressions to gene level
[2021-04-27 20:28:14.840] [jointLog] [info] done
