[2021-04-27 20:53:42.448] [jointLog] [info] setting maxHashResizeThreads to 6
[2021-04-27 20:53:42.448] [jointLog] [info] Fragment incompatibility prior below threshold.  Incompatible fragments will be ignored.
[2021-04-27 20:53:42.449] [jointLog] [info] numQuantThreads = 3
[2021-04-27 20:53:45.627] [fileLog] [info] quantification processed 0 fragments so far

[2021-04-27 20:53:45.371] [jointLog] [info] replaced 4 non-ACGT nucleotides with random nucleotides
[2021-04-27 20:53:48.648] [fileLog] [info] quantification processed 1000000 fragments so far

[2021-04-27 20:53:51.606] [fileLog] [info] quantification processed 2000000 fragments so far

[2021-04-27 20:53:53.189] [jointLog] [info] 

The alignment group queue pool has been exhausted.  3074972 extra fragments were allocated on the heap to saturate the pool.  No new fragments will be allocated


[2021-04-27 20:53:59.793] [fileLog] [info] quantification processed 3000000 fragments so far

[2021-04-27 20:54:13.644] [fileLog] [info] quantification processed 4000000 fragments so far

[2021-04-27 20:54:27.379] [fileLog] [info] quantification processed 5000000 fragments so far

[2021-04-27 20:54:41.052] [fileLog] [info] quantification processed 6000000 fragments so far

[2021-04-27 20:54:54.550] [fileLog] [info] quantification processed 7000000 fragments so far

[2021-04-27 20:54:57.582] [fileLog] [info] quantification processed 8000000 fragments so far

[2021-04-27 20:55:00.535] [fileLog] [info] quantification processed 9000000 fragments so far

[2021-04-27 20:55:03.454] [fileLog] [info] quantification processed 10000000 fragments so far

[2021-04-27 20:55:06.488] [fileLog] [info] quantification processed 11000000 fragments so far

[2021-04-27 20:55:09.336] [fileLog] [info] quantification processed 12000000 fragments so far

[2021-04-27 20:55:12.250] [fileLog] [info] quantification processed 13000000 fragments so far

[2021-04-27 20:55:15.181] [fileLog] [info] quantification processed 14000000 fragments so far

[2021-04-27 20:55:18.029] [fileLog] [info] quantification processed 15000000 fragments so far

[2021-04-27 20:55:21.006] [fileLog] [info] quantification processed 16000000 fragments so far

[2021-04-27 20:55:23.970] [fileLog] [info] quantification processed 17000000 fragments so far

[2021-04-27 20:55:26.915] [fileLog] [info] quantification processed 18000000 fragments so far

[2021-04-27 20:55:29.890] [fileLog] [info] quantification processed 19000000 fragments so far

[2021-04-27 20:55:32.833] [fileLog] [info] quantification processed 20000000 fragments so far

[2021-04-27 20:55:35.757] [fileLog] [info] quantification processed 21000000 fragments so far

[2021-04-27 20:55:38.665] [fileLog] [info] quantification processed 22000000 fragments so far

[2021-04-27 20:55:41.579] [fileLog] [info] quantification processed 23000000 fragments so far

[2021-04-27 20:55:44.566] [fileLog] [info] quantification processed 24000000 fragments so far

[2021-04-27 20:55:47.490] [fileLog] [info] quantification processed 25000000 fragments so far

[2021-04-27 20:55:50.372] [fileLog] [info] quantification processed 26000000 fragments so far

[2021-04-27 20:55:53.291] [fileLog] [info] quantification processed 27000000 fragments so far

[2021-04-27 20:55:56.087] [fileLog] [info] quantification processed 28000000 fragments so far

[2021-04-27 20:55:58.876] [fileLog] [info] quantification processed 29000000 fragments so far

[2021-04-27 20:56:01.649] [fileLog] [info] quantification processed 30000000 fragments so far

[2021-04-27 20:56:04.449] [fileLog] [info] quantification processed 31000000 fragments so far

[2021-04-27 20:56:07.212] [fileLog] [info] quantification processed 32000000 fragments so far

[2021-04-27 20:56:09.997] [fileLog] [info] quantification processed 33000000 fragments so far

[2021-04-27 20:56:12.773] [fileLog] [info] quantification processed 34000000 fragments so far

[2021-04-27 20:56:15.643] [fileLog] [info] quantification processed 35000000 fragments so far

[2021-04-27 20:56:18.532] [fileLog] [info] quantification processed 36000000 fragments so far

[2021-04-27 20:56:21.409] [fileLog] [info] quantification processed 37000000 fragments so far

[2021-04-27 20:56:24.263] [fileLog] [info] quantification processed 38000000 fragments so far

[2021-04-27 20:56:27.114] [fileLog] [info] quantification processed 39000000 fragments so far

[2021-04-27 20:56:29.936] [fileLog] [info] quantification processed 40000000 fragments so far

[2021-04-27 20:56:32.716] [fileLog] [info] quantification processed 41000000 fragments so far

[2021-04-27 20:56:35.544] [fileLog] [info] quantification processed 42000000 fragments so far

[2021-04-27 20:56:38.350] [fileLog] [info] quantification processed 43000000 fragments so far

[2021-04-27 20:56:41.154] [fileLog] [info] quantification processed 44000000 fragments so far

[2021-04-27 20:56:43.943] [fileLog] [info] quantification processed 45000000 fragments so far

[2021-04-27 20:56:45.437] [fileLog] [info] quantification processed 45495162 fragments so far

[2021-04-27 20:56:50.418] [jointLog] [info] Thread saw mini-batch with a maximum of 5.50% zero probability fragments
[2021-04-27 20:56:50.419] [jointLog] [info] Thread saw mini-batch with a maximum of 4.50% zero probability fragments
[2021-04-27 20:56:50.420] [jointLog] [info] Thread saw mini-batch with a maximum of 4.10% zero probability fragments
[2021-04-27 20:56:50.420] [jointLog] [info] 


Completed first pass through the alignment file.
Total # of mapped reads : 45495162
# of uniquely mapped reads : 17155418
# ambiguously mapped reads : 28339744



[2021-04-27 20:56:50.551] [jointLog] [info] Computed 243472 rich equivalence classes for further processing
[2021-04-27 20:56:50.551] [jointLog] [info] Counted 45360713 total reads in the equivalence classes 
[2021-04-27 20:56:50.553] [jointLog] [info] starting optimizer
[2021-04-27 20:56:50.645] [jointLog] [info] Marked 0 weighted equivalence classes as degenerate
[2021-04-27 20:56:50.663] [jointLog] [info] iteration = 0 | max rel diff. = 2942.38
[2021-04-27 20:56:52.101] [jointLog] [info] iteration = 100 | max rel diff. = 6.43817
[2021-04-27 20:56:53.507] [jointLog] [info] iteration = 200 | max rel diff. = 2.8532
[2021-04-27 20:56:54.923] [jointLog] [info] iteration = 300 | max rel diff. = 16.3596
[2021-04-27 20:56:56.329] [jointLog] [info] iteration = 400 | max rel diff. = 1.16604
[2021-04-27 20:56:57.734] [jointLog] [info] iteration = 500 | max rel diff. = 0.19201
[2021-04-27 20:56:59.139] [jointLog] [info] iteration = 600 | max rel diff. = 6.27771
[2021-04-27 20:57:00.568] [jointLog] [info] iteration = 700 | max rel diff. = 0.041139
[2021-04-27 20:57:01.998] [jointLog] [info] iteration = 800 | max rel diff. = 0.730712
[2021-04-27 20:57:03.407] [jointLog] [info] iteration = 900 | max rel diff. = 0.116208
[2021-04-27 20:57:04.815] [jointLog] [info] iteration = 1000 | max rel diff. = 0.101259
[2021-04-27 20:57:06.227] [jointLog] [info] iteration = 1100 | max rel diff. = 0.122749
[2021-04-27 20:57:07.634] [jointLog] [info] iteration = 1200 | max rel diff. = 0.0973902
[2021-04-27 20:57:09.046] [jointLog] [info] iteration = 1300 | max rel diff. = 0.118473
[2021-04-27 20:57:10.461] [jointLog] [info] iteration = 1400 | max rel diff. = 0.0310849
[2021-04-27 20:57:11.881] [jointLog] [info] iteration = 1500 | max rel diff. = 0.110451
[2021-04-27 20:57:13.294] [jointLog] [info] iteration = 1600 | max rel diff. = 0.0265739
[2021-04-27 20:57:14.701] [jointLog] [info] iteration = 1700 | max rel diff. = 0.134751
[2021-04-27 20:57:16.129] [jointLog] [info] iteration = 1800 | max rel diff. = 0.24711
[2021-04-27 20:57:16.199] [jointLog] [info] iteration = 1806 | max rel diff. = 0.0039591
[2021-04-27 20:57:16.226] [jointLog] [info] finished optimizer
[2021-04-27 20:57:16.226] [jointLog] [info] writing output
[2021-04-27 20:57:17.757] [jointLog] [info] Computing gene-level abundance estimates
[2021-04-27 20:57:42.558] [jointLog] [warning] Feature has no GFF ID
[2021-04-27 20:57:42.558] [jointLog] [warning] Feature has no GFF ID
[2021-04-27 20:57:42.558] [jointLog] [warning] Feature has no GFF ID
[2021-04-27 20:57:42.558] [jointLog] [warning] Feature has no GFF ID
[2021-04-27 20:57:42.558] [jointLog] [warning] Feature has no GFF ID
[2021-04-27 20:57:42.558] [jointLog] [warning] Feature has no GFF ID
[2021-04-27 20:57:42.558] [jointLog] [warning] Feature has no GFF ID
[2021-04-27 20:57:42.558] [jointLog] [warning] Feature has no GFF ID
[2021-04-27 20:57:42.558] [jointLog] [warning] Feature has no GFF ID
[2021-04-27 20:57:42.558] [jointLog] [warning] Feature has no GFF ID
[2021-04-27 20:57:42.558] [jointLog] [warning] Feature has no GFF ID
[2021-04-27 20:57:42.558] [jointLog] [warning] Feature has no GFF ID
[2021-04-27 20:57:42.558] [jointLog] [warning] Feature has no GFF ID
[2021-04-27 20:57:42.558] [jointLog] [warning] Feature has no GFF ID
[2021-04-27 20:57:42.558] [jointLog] [warning] Feature has no GFF ID
[2021-04-27 20:57:42.558] [jointLog] [warning] Feature has no GFF ID
[2021-04-27 20:57:42.558] [jointLog] [warning] Feature has no GFF ID
[2021-04-27 20:57:42.558] [jointLog] [warning] Feature has no GFF ID
[2021-04-27 20:57:42.558] [jointLog] [warning] Feature has no GFF ID
[2021-04-27 20:57:42.558] [jointLog] [warning] Feature has no GFF ID
[2021-04-27 20:57:42.558] [jointLog] [warning] Feature has no GFF ID
[2021-04-27 20:57:42.558] [jointLog] [warning] Feature has no GFF ID
[2021-04-27 20:57:42.558] [jointLog] [warning] Feature has no GFF ID
[2021-04-27 20:57:42.558] [jointLog] [warning] Feature has no GFF ID
[2021-04-27 20:57:42.558] [jointLog] [warning] Feature has no GFF ID
[2021-04-27 20:57:42.558] [jointLog] [warning] Feature has no GFF ID
[2021-04-27 20:57:42.558] [jointLog] [warning] Feature has no GFF ID
[2021-04-27 20:57:42.558] [jointLog] [warning] Feature has no GFF ID
[2021-04-27 20:57:42.558] [jointLog] [warning] Feature has no GFF ID
[2021-04-27 20:57:42.558] [jointLog] [warning] Feature has no GFF ID
[2021-04-27 20:57:42.558] [jointLog] [warning] Feature has no GFF ID
[2021-04-27 20:57:42.558] [jointLog] [warning] Feature has no GFF ID
[2021-04-27 20:57:42.558] [jointLog] [warning] Feature has no GFF ID
[2021-04-27 20:57:42.558] [jointLog] [warning] Feature has no GFF ID
[2021-04-27 20:57:42.558] [jointLog] [warning] Feature has no GFF ID
[2021-04-27 20:57:42.558] [jointLog] [warning] Feature has no GFF ID
[2021-04-27 20:57:42.558] [jointLog] [warning] Feature has no GFF ID
[2021-04-27 20:57:42.558] [jointLog] [warning] Feature has no GFF ID
[2021-04-27 20:57:42.558] [jointLog] [warning] Feature has no GFF ID
[2021-04-27 20:57:42.558] [jointLog] [warning] Feature has no GFF ID
[2021-04-27 20:57:42.558] [jointLog] [warning] Feature has no GFF ID
[2021-04-27 20:57:42.558] [jointLog] [warning] Feature has no GFF ID
[2021-04-27 20:57:42.558] [jointLog] [warning] Feature has no GFF ID
[2021-04-27 20:57:42.558] [jointLog] [warning] Feature has no GFF ID
[2021-04-27 20:57:42.558] [jointLog] [warning] Feature has no GFF ID
[2021-04-27 20:57:42.558] [jointLog] [warning] Feature has no GFF ID
[2021-04-27 20:57:42.558] [jointLog] [warning] Feature has no GFF ID
[2021-04-27 20:57:42.558] [jointLog] [warning] Feature has no GFF ID
[2021-04-27 20:57:42.558] [jointLog] [warning] Feature has no GFF ID
[2021-04-27 20:57:42.558] [jointLog] [warning] Feature has no GFF ID
[2021-04-27 20:57:42.558] [jointLog] [warning] Feature has no GFF ID
[2021-04-27 20:57:42.558] [jointLog] [warning] Feature has no GFF ID
[2021-04-27 20:57:42.558] [jointLog] [warning] Feature has no GFF ID
[2021-04-27 20:57:42.558] [jointLog] [warning] Feature has no GFF ID
[2021-04-27 20:57:42.558] [jointLog] [warning] Feature has no GFF ID
[2021-04-27 20:57:42.558] [jointLog] [warning] Feature has no GFF ID
[2021-04-27 20:57:42.558] [jointLog] [warning] Feature has no GFF ID
[2021-04-27 20:57:42.558] [jointLog] [warning] Feature has no GFF ID
[2021-04-27 20:57:42.558] [jointLog] [warning] Feature has no GFF ID
[2021-04-27 20:57:42.558] [jointLog] [warning] Feature has no GFF ID
[2021-04-27 20:57:42.558] [jointLog] [warning] Feature has no GFF ID
[2021-04-27 20:57:42.558] [jointLog] [warning] Feature has no GFF ID
[2021-04-27 20:57:42.558] [jointLog] [warning] Feature has no GFF ID
[2021-04-27 20:57:42.558] [jointLog] [warning] Feature has no GFF ID
[2021-04-27 20:57:42.558] [jointLog] [warning] Feature has no GFF ID
[2021-04-27 20:57:42.558] [jointLog] [warning] Feature has no GFF ID
[2021-04-27 20:57:42.558] [jointLog] [warning] Feature has no GFF ID
[2021-04-27 20:57:42.558] [jointLog] [warning] Feature has no GFF ID
[2021-04-27 20:57:42.558] [jointLog] [warning] Feature has no GFF ID
[2021-04-27 20:57:42.558] [jointLog] [warning] Feature has no GFF ID
[2021-04-27 20:57:42.558] [jointLog] [warning] Feature has no GFF ID
[2021-04-27 20:57:42.558] [jointLog] [warning] Feature has no GFF ID
[2021-04-27 20:57:42.558] [jointLog] [warning] Feature has no GFF ID
[2021-04-27 20:57:42.558] [jointLog] [warning] Feature has no GFF ID
[2021-04-27 20:57:42.558] [jointLog] [warning] Feature has no GFF ID
[2021-04-27 20:57:42.558] [jointLog] [warning] Feature has no GFF ID
[2021-04-27 20:57:42.558] [jointLog] [warning] Feature has no GFF ID
[2021-04-27 20:57:42.558] [jointLog] [warning] Feature has no GFF ID
[2021-04-27 20:57:42.558] [jointLog] [warning] Feature has no GFF ID
[2021-04-27 20:57:42.558] [jointLog] [warning] Feature has no GFF ID
[2021-04-27 20:57:42.558] [jointLog] [warning] Feature has no GFF ID
[2021-04-27 20:57:42.558] [jointLog] [warning] Feature has no GFF ID
[2021-04-27 20:57:42.558] [jointLog] [warning] Feature has no GFF ID
[2021-04-27 20:57:42.558] [jointLog] [warning] Feature has no GFF ID
[2021-04-27 20:57:42.558] [jointLog] [warning] Feature has no GFF ID
[2021-04-27 20:57:42.558] [jointLog] [warning] Feature has no GFF ID
[2021-04-27 20:57:42.558] [jointLog] [warning] Feature has no GFF ID
[2021-04-27 20:57:42.558] [jointLog] [warning] Feature has no GFF ID
[2021-04-27 20:57:42.558] [jointLog] [warning] Feature has no GFF ID
[2021-04-27 20:57:42.558] [jointLog] [warning] Feature has no GFF ID
[2021-04-27 20:57:42.558] [jointLog] [warning] Feature has no GFF ID
[2021-04-27 20:57:42.558] [jointLog] [warning] Feature has no GFF ID
[2021-04-27 20:57:42.820] [jointLog] [info] There were 142604 transcripts mapping to 55401 genes
[2021-04-27 20:57:42.820] [jointLog] [info] NOTE: We recommend using tximport (https://bioconductor.org/packages/release/bioc/html/tximport.html) for aggregating transcript-level salmon abundance estimates to the gene level.  It is more versatile, exposes more features, and allows considering multi-sample information during aggregation.
[2021-04-27 20:57:43.057] [jointLog] [warning] couldn't find transcript named [DQ459430] in transcript <-> gene map; returning transcript as it's own gene
[2021-04-27 20:57:43.057] [jointLog] [warning] couldn't find transcript named [DQ516784] in transcript <-> gene map; returning transcript as it's own gene
[2021-04-27 20:57:43.057] [jointLog] [warning] couldn't find transcript named [DQ516752] in transcript <-> gene map; returning transcript as it's own gene
[2021-04-27 20:57:43.057] [jointLog] [warning] couldn't find transcript named [DQ668364] in transcript <-> gene map; returning transcript as it's own gene
[2021-04-27 20:57:43.057] [jointLog] [warning] couldn't find transcript named [DQ883670] in transcript <-> gene map; returning transcript as it's own gene
[2021-04-27 20:57:43.057] [jointLog] [warning] couldn't find transcript named [EF011062] in transcript <-> gene map; returning transcript as it's own gene
[2021-04-27 20:57:43.057] [jointLog] [warning] couldn't find transcript named [DQ875385] in transcript <-> gene map; returning transcript as it's own gene
[2021-04-27 20:57:43.057] [jointLog] [warning] couldn't find transcript named [DQ883664] in transcript <-> gene map; returning transcript as it's own gene
[2021-04-27 20:57:43.057] [jointLog] [warning] couldn't find transcript named [DQ459420] in transcript <-> gene map; returning transcript as it's own gene
[2021-04-27 20:57:43.057] [jointLog] [warning] couldn't find transcript named [DQ883651] in transcript <-> gene map; returning transcript as it's own gene
[2021-04-27 20:57:43.057] [jointLog] [warning] couldn't find transcript named [DQ855004] in transcript <-> gene map; returning transcript as it's own gene
[2021-04-27 20:57:43.057] [jointLog] [warning] couldn't find transcript named [DQ854993] in transcript <-> gene map; returning transcript as it's own gene
[2021-04-27 20:57:43.057] [jointLog] [warning] couldn't find transcript named [DQ883689] in transcript <-> gene map; returning transcript as it's own gene
[2021-04-27 20:57:43.057] [jointLog] [warning] couldn't find transcript named [DQ459419] in transcript <-> gene map; returning transcript as it's own gene
[2021-04-27 20:57:43.057] [jointLog] [warning] couldn't find transcript named [DQ459431] in transcript <-> gene map; returning transcript as it's own gene
[2021-04-27 20:57:43.057] [jointLog] [warning] couldn't find transcript named [DQ516796] in transcript <-> gene map; returning transcript as it's own gene
[2021-04-27 20:57:43.057] [jointLog] [warning] couldn't find transcript named [DQ855001] in transcript <-> gene map; returning transcript as it's own gene
[2021-04-27 20:57:43.057] [jointLog] [warning] couldn't find transcript named [DQ459413] in transcript <-> gene map; returning transcript as it's own gene
[2021-04-27 20:57:43.057] [jointLog] [warning] couldn't find transcript named [DQ883656] in transcript <-> gene map; returning transcript as it's own gene
[2021-04-27 20:57:43.057] [jointLog] [warning] couldn't find transcript named [DQ883661] in transcript <-> gene map; returning transcript as it's own gene
[2021-04-27 20:57:43.057] [jointLog] [warning] couldn't find transcript named [EF011069] in transcript <-> gene map; returning transcript as it's own gene
[2021-04-27 20:57:43.057] [jointLog] [warning] couldn't find transcript named [DQ516783] in transcript <-> gene map; returning transcript as it's own gene
[2021-04-27 20:57:43.057] [jointLog] [warning] couldn't find transcript named [DQ516787] in transcript <-> gene map; returning transcript as it's own gene
[2021-04-27 20:57:43.057] [jointLog] [warning] couldn't find transcript named [DQ459424] in transcript <-> gene map; returning transcript as it's own gene
[2021-04-27 20:57:43.057] [jointLog] [warning] couldn't find transcript named [DQ516748] in transcript <-> gene map; returning transcript as it's own gene
[2021-04-27 20:57:43.057] [jointLog] [warning] couldn't find transcript named [DQ883671] in transcript <-> gene map; returning transcript as it's own gene
[2021-04-27 20:57:43.057] [jointLog] [warning] couldn't find transcript named [DQ516740] in transcript <-> gene map; returning transcript as it's own gene
[2021-04-27 20:57:43.057] [jointLog] [warning] couldn't find transcript named [DQ516785] in transcript <-> gene map; returning transcript as it's own gene
[2021-04-27 20:57:43.057] [jointLog] [warning] couldn't find transcript named [DQ516731] in transcript <-> gene map; returning transcript as it's own gene
[2021-04-27 20:57:43.057] [jointLog] [warning] couldn't find transcript named [DQ668366] in transcript <-> gene map; returning transcript as it's own gene
[2021-04-27 20:57:43.057] [jointLog] [warning] couldn't find transcript named [DQ459418] in transcript <-> gene map; returning transcript as it's own gene
[2021-04-27 20:57:43.057] [jointLog] [warning] couldn't find transcript named [DQ668356] in transcript <-> gene map; returning transcript as it's own gene
[2021-04-27 20:57:43.057] [jointLog] [warning] couldn't find transcript named [DQ516763] in transcript <-> gene map; returning transcript as it's own gene
[2021-04-27 20:57:43.057] [jointLog] [warning] couldn't find transcript named [DQ459426] in transcript <-> gene map; returning transcript as it's own gene
[2021-04-27 20:57:43.057] [jointLog] [warning] couldn't find transcript named [DQ516786] in transcript <-> gene map; returning transcript as it's own gene
[2021-04-27 20:57:43.057] [jointLog] [warning] couldn't find transcript named [DQ883653] in transcript <-> gene map; returning transcript as it's own gene
[2021-04-27 20:57:43.057] [jointLog] [warning] couldn't find transcript named [DQ459421] in transcript <-> gene map; returning transcript as it's own gene
[2021-04-27 20:57:43.057] [jointLog] [warning] couldn't find transcript named [DQ883654] in transcript <-> gene map; returning transcript as it's own gene
[2021-04-27 20:57:43.057] [jointLog] [warning] couldn't find transcript named [DQ668358] in transcript <-> gene map; returning transcript as it's own gene
[2021-04-27 20:57:43.057] [jointLog] [warning] couldn't find transcript named [DQ516754] in transcript <-> gene map; returning transcript as it's own gene
[2021-04-27 20:57:43.057] [jointLog] [warning] couldn't find transcript named [DQ516778] in transcript <-> gene map; returning transcript as it's own gene
[2021-04-27 20:57:43.057] [jointLog] [warning] couldn't find transcript named [DQ883650] in transcript <-> gene map; returning transcript as it's own gene
[2021-04-27 20:57:43.057] [jointLog] [warning] couldn't find transcript named [DQ516742] in transcript <-> gene map; returning transcript as it's own gene
[2021-04-27 20:57:43.057] [jointLog] [warning] couldn't find transcript named [DQ883673] in transcript <-> gene map; returning transcript as it's own gene
[2021-04-27 20:57:43.057] [jointLog] [warning] couldn't find transcript named [DQ883652] in transcript <-> gene map; returning transcript as it's own gene
[2021-04-27 20:57:43.057] [jointLog] [warning] couldn't find transcript named [DQ854991] in transcript <-> gene map; returning transcript as it's own gene
[2021-04-27 20:57:43.057] [jointLog] [warning] couldn't find transcript named [DQ516780] in transcript <-> gene map; returning transcript as it's own gene
[2021-04-27 20:57:43.057] [jointLog] [warning] couldn't find transcript named [DQ883682] in transcript <-> gene map; returning transcript as it's own gene
[2021-04-27 20:57:43.057] [jointLog] [warning] couldn't find transcript named [DQ883669] in transcript <-> gene map; returning transcript as it's own gene
[2021-04-27 20:57:43.057] [jointLog] [warning] couldn't find transcript named [DQ516791] in transcript <-> gene map; returning transcript as it's own gene
[2021-04-27 20:57:43.057] [jointLog] [warning] couldn't find transcript named [DQ459425] in transcript <-> gene map; returning transcript as it's own gene
[2021-04-27 20:57:43.057] [jointLog] [warning] couldn't find transcript named [DQ516759] in transcript <-> gene map; returning transcript as it's own gene
[2021-04-27 20:57:43.057] [jointLog] [warning] couldn't find transcript named [DQ459429] in transcript <-> gene map; returning transcript as it's own gene
[2021-04-27 20:57:43.057] [jointLog] [warning] couldn't find transcript named [DQ516758] in transcript <-> gene map; returning transcript as it's own gene
[2021-04-27 20:57:43.057] [jointLog] [warning] couldn't find transcript named [DQ459415] in transcript <-> gene map; returning transcript as it's own gene
[2021-04-27 20:57:43.057] [jointLog] [warning] couldn't find transcript named [DQ875387] in transcript <-> gene map; returning transcript as it's own gene
[2021-04-27 20:57:43.057] [jointLog] [warning] couldn't find transcript named [DQ516815] in transcript <-> gene map; returning transcript as it's own gene
[2021-04-27 20:57:43.057] [jointLog] [warning] couldn't find transcript named [DQ668365] in transcript <-> gene map; returning transcript as it's own gene
[2021-04-27 20:57:43.057] [jointLog] [warning] couldn't find transcript named [DQ854998] in transcript <-> gene map; returning transcript as it's own gene
[2021-04-27 20:57:43.057] [jointLog] [warning] couldn't find transcript named [DQ883685] in transcript <-> gene map; returning transcript as it's own gene
[2021-04-27 20:57:43.057] [jointLog] [warning] couldn't find transcript named [DQ459422] in transcript <-> gene map; returning transcript as it's own gene
[2021-04-27 20:57:43.057] [jointLog] [warning] couldn't find transcript named [DQ883663] in transcript <-> gene map; returning transcript as it's own gene
[2021-04-27 20:57:43.057] [jointLog] [warning] couldn't find transcript named [DQ668367] in transcript <-> gene map; returning transcript as it's own gene
[2021-04-27 20:57:43.057] [jointLog] [warning] couldn't find transcript named [DQ459412] in transcript <-> gene map; returning transcript as it's own gene
[2021-04-27 20:57:43.057] [jointLog] [warning] couldn't find transcript named [DQ854992] in transcript <-> gene map; returning transcript as it's own gene
[2021-04-27 20:57:43.057] [jointLog] [warning] couldn't find transcript named [DQ516782] in transcript <-> gene map; returning transcript as it's own gene
[2021-04-27 20:57:43.057] [jointLog] [warning] couldn't find transcript named [DQ459427] in transcript <-> gene map; returning transcript as it's own gene
[2021-04-27 20:57:43.057] [jointLog] [warning] couldn't find transcript named [EF011072] in transcript <-> gene map; returning transcript as it's own gene
[2021-04-27 20:57:43.057] [jointLog] [warning] couldn't find transcript named [DQ855003] in transcript <-> gene map; returning transcript as it's own gene
[2021-04-27 20:57:43.057] [jointLog] [warning] couldn't find transcript named [DQ516739] in transcript <-> gene map; returning transcript as it's own gene
[2021-04-27 20:57:43.057] [jointLog] [warning] couldn't find transcript named [EF011063] in transcript <-> gene map; returning transcript as it's own gene
[2021-04-27 20:57:43.057] [jointLog] [warning] couldn't find transcript named [DQ855000] in transcript <-> gene map; returning transcript as it's own gene
[2021-04-27 20:57:43.057] [jointLog] [warning] couldn't find transcript named [DQ516777] in transcript <-> gene map; returning transcript as it's own gene
[2021-04-27 20:57:43.057] [jointLog] [warning] couldn't find transcript named [DQ883646] in transcript <-> gene map; returning transcript as it's own gene
[2021-04-27 20:57:43.057] [jointLog] [warning] couldn't find transcript named [DQ668362] in transcript <-> gene map; returning transcript as it's own gene
[2021-04-27 20:57:43.057] [jointLog] [warning] couldn't find transcript named [DQ854995] in transcript <-> gene map; returning transcript as it's own gene
[2021-04-27 20:57:43.057] [jointLog] [warning] couldn't find transcript named [DQ875386] in transcript <-> gene map; returning transcript as it's own gene
[2021-04-27 20:57:43.057] [jointLog] [warning] couldn't find transcript named [DQ516790] in transcript <-> gene map; returning transcript as it's own gene
[2021-04-27 20:57:43.057] [jointLog] [warning] couldn't find transcript named [DQ883642] in transcript <-> gene map; returning transcript as it's own gene
[2021-04-27 20:57:43.057] [jointLog] [warning] couldn't find transcript named [DQ883659] in transcript <-> gene map; returning transcript as it's own gene
[2021-04-27 20:57:43.057] [jointLog] [warning] couldn't find transcript named [DQ854997] in transcript <-> gene map; returning transcript as it's own gene
[2021-04-27 20:57:43.057] [jointLog] [warning] couldn't find transcript named [DQ883643] in transcript <-> gene map; returning transcript as it's own gene
[2021-04-27 20:57:43.057] [jointLog] [warning] couldn't find transcript named [DQ839618] in transcript <-> gene map; returning transcript as it's own gene
[2021-04-27 20:57:43.057] [jointLog] [warning] couldn't find transcript named [DQ516795] in transcript <-> gene map; returning transcript as it's own gene
[2021-04-27 20:57:43.057] [jointLog] [warning] couldn't find transcript named [DQ883658] in transcript <-> gene map; returning transcript as it's own gene
[2021-04-27 20:57:43.057] [jointLog] [warning] couldn't find transcript named [DQ516750] in transcript <-> gene map; returning transcript as it's own gene
[2021-04-27 20:57:43.057] [jointLog] [warning] couldn't find transcript named [DQ668359] in transcript <-> gene map; returning transcript as it's own gene
[2021-04-27 20:57:43.057] [jointLog] [warning] couldn't find transcript named [DQ516779] in transcript <-> gene map; returning transcript as it's own gene
[2021-04-27 20:57:43.057] [jointLog] [warning] couldn't find transcript named [DQ668363] in transcript <-> gene map; returning transcript as it's own gene
[2021-04-27 20:57:43.057] [jointLog] [warning] couldn't find transcript named [DQ516776] in transcript <-> gene map; returning transcript as it's own gene
[2021-04-27 20:57:43.057] [jointLog] [warning] couldn't find transcript named [DQ516773] in transcript <-> gene map; returning transcript as it's own gene
[2021-04-27 20:57:43.057] [jointLog] [warning] couldn't find transcript named [DQ854994] in transcript <-> gene map; returning transcript as it's own gene
[2021-04-27 20:57:43.057] [jointLog] [info] Aggregating expressions to gene level
[2021-04-27 20:57:43.204] [jointLog] [info] done
