[2021-04-27 21:47:35.324] [jointLog] [info] setting maxHashResizeThreads to 6
[2021-04-27 21:47:35.324] [jointLog] [info] Fragment incompatibility prior below threshold.  Incompatible fragments will be ignored.
[2021-04-27 21:47:35.325] [jointLog] [info] numQuantThreads = 3
[2021-04-27 21:47:38.527] [jointLog] [info] replaced 4 non-ACGT nucleotides with random nucleotides
[2021-04-27 21:47:38.820] [fileLog] [info] quantification processed 0 fragments so far

[2021-04-27 21:47:41.924] [fileLog] [info] quantification processed 1000000 fragments so far

[2021-04-27 21:47:45.316] [fileLog] [info] quantification processed 2000000 fragments so far

[2021-04-27 21:47:46.997] [jointLog] [info] 

The alignment group queue pool has been exhausted.  3109933 extra fragments were allocated on the heap to saturate the pool.  No new fragments will be allocated


[2021-04-27 21:47:53.781] [fileLog] [info] quantification processed 3000000 fragments so far

[2021-04-27 21:48:08.232] [fileLog] [info] quantification processed 4000000 fragments so far

[2021-04-27 21:48:22.585] [fileLog] [info] quantification processed 5000000 fragments so far

[2021-04-27 21:48:36.777] [fileLog] [info] quantification processed 6000000 fragments so far

[2021-04-27 21:48:50.950] [fileLog] [info] quantification processed 7000000 fragments so far

[2021-04-27 21:48:54.056] [fileLog] [info] quantification processed 8000000 fragments so far

[2021-04-27 21:48:57.539] [fileLog] [info] quantification processed 9000000 fragments so far

[2021-04-27 21:49:00.722] [fileLog] [info] quantification processed 10000000 fragments so far

[2021-04-27 21:49:04.102] [fileLog] [info] quantification processed 11000000 fragments so far

[2021-04-27 21:49:07.082] [fileLog] [info] quantification processed 12000000 fragments so far

[2021-04-27 21:49:11.676] [fileLog] [info] quantification processed 13000000 fragments so far

[2021-04-27 21:49:15.764] [fileLog] [info] quantification processed 14000000 fragments so far

[2021-04-27 21:49:19.098] [fileLog] [info] quantification processed 15000000 fragments so far

[2021-04-27 21:49:22.282] [fileLog] [info] quantification processed 16000000 fragments so far

[2021-04-27 21:49:26.450] [fileLog] [info] quantification processed 17000000 fragments so far

[2021-04-27 21:49:29.144] [fileLog] [info] quantification processed 18000000 fragments so far

[2021-04-27 21:49:32.001] [fileLog] [info] quantification processed 19000000 fragments so far

[2021-04-27 21:49:35.647] [fileLog] [info] quantification processed 20000000 fragments so far

[2021-04-27 21:49:38.283] [fileLog] [info] quantification processed 21000000 fragments so far

[2021-04-27 21:49:41.310] [fileLog] [info] quantification processed 22000000 fragments so far

[2021-04-27 21:49:44.485] [fileLog] [info] quantification processed 23000000 fragments so far

[2021-04-27 21:49:47.986] [fileLog] [info] quantification processed 24000000 fragments so far

[2021-04-27 21:49:51.066] [fileLog] [info] quantification processed 25000000 fragments so far

[2021-04-27 21:49:54.222] [fileLog] [info] quantification processed 26000000 fragments so far

[2021-04-27 21:49:57.269] [fileLog] [info] quantification processed 27000000 fragments so far

[2021-04-27 21:50:01.084] [fileLog] [info] quantification processed 28000000 fragments so far

[2021-04-27 21:50:03.967] [fileLog] [info] quantification processed 29000000 fragments so far

[2021-04-27 21:50:06.980] [fileLog] [info] quantification processed 30000000 fragments so far

[2021-04-27 21:50:10.440] [fileLog] [info] quantification processed 31000000 fragments so far

[2021-04-27 21:50:13.713] [fileLog] [info] quantification processed 32000000 fragments so far

[2021-04-27 21:50:17.131] [fileLog] [info] quantification processed 33000000 fragments so far

[2021-04-27 21:50:20.367] [fileLog] [info] quantification processed 34000000 fragments so far

[2021-04-27 21:50:23.540] [fileLog] [info] quantification processed 35000000 fragments so far

[2021-04-27 21:50:26.359] [fileLog] [info] quantification processed 36000000 fragments so far

[2021-04-27 21:50:28.830] [fileLog] [info] quantification processed 37000000 fragments so far

[2021-04-27 21:50:33.774] [fileLog] [info] quantification processed 38000000 fragments so far

[2021-04-27 21:50:37.157] [fileLog] [info] quantification processed 39000000 fragments so far

[2021-04-27 21:50:40.395] [fileLog] [info] quantification processed 40000000 fragments so far

[2021-04-27 21:50:41.033] [fileLog] [info] quantification processed 40246722 fragments so far

[2021-04-27 21:50:41.371] [jointLog] [info] Thread saw mini-batch with a maximum of 3.10% zero probability fragments
[2021-04-27 21:50:41.375] [jointLog] [info] Thread saw mini-batch with a maximum of 2.80% zero probability fragments
[2021-04-27 21:50:41.375] [jointLog] [info] Thread saw mini-batch with a maximum of 2.70% zero probability fragments
[2021-04-27 21:50:41.376] [jointLog] [info] 


Completed first pass through the alignment file.
Total # of mapped reads : 40246722
# of uniquely mapped reads : 15547357
# ambiguously mapped reads : 24699365



[2021-04-27 21:50:41.533] [jointLog] [info] Computed 241925 rich equivalence classes for further processing
[2021-04-27 21:50:41.533] [jointLog] [info] Counted 39910267 total reads in the equivalence classes 
[2021-04-27 21:50:41.535] [jointLog] [info] starting optimizer
[2021-04-27 21:50:41.654] [jointLog] [info] Marked 0 weighted equivalence classes as degenerate
[2021-04-27 21:50:41.683] [jointLog] [info] iteration = 0 | max rel diff. = 5611.03
[2021-04-27 21:50:43.520] [jointLog] [info] iteration = 100 | max rel diff. = 18.0504
[2021-04-27 21:50:45.219] [jointLog] [info] iteration = 200 | max rel diff. = 3.57719
[2021-04-27 21:50:46.818] [jointLog] [info] iteration = 300 | max rel diff. = 8.63188
[2021-04-27 21:50:48.429] [jointLog] [info] iteration = 400 | max rel diff. = 2.10328
[2021-04-27 21:50:50.040] [jointLog] [info] iteration = 500 | max rel diff. = 8.20398
[2021-04-27 21:50:51.662] [jointLog] [info] iteration = 600 | max rel diff. = 0.753098
[2021-04-27 21:50:53.270] [jointLog] [info] iteration = 700 | max rel diff. = 0.472682
[2021-04-27 21:50:54.895] [jointLog] [info] iteration = 800 | max rel diff. = 0.141926
[2021-04-27 21:50:56.513] [jointLog] [info] iteration = 900 | max rel diff. = 0.058478
[2021-04-27 21:50:58.126] [jointLog] [info] iteration = 1000 | max rel diff. = 1.22328
[2021-04-27 21:50:59.755] [jointLog] [info] iteration = 1100 | max rel diff. = 0.0142466
[2021-04-27 21:51:01.362] [jointLog] [info] iteration = 1200 | max rel diff. = 0.0183963
[2021-04-27 21:51:02.998] [jointLog] [info] iteration = 1300 | max rel diff. = 0.634495
[2021-04-27 21:51:04.632] [jointLog] [info] iteration = 1400 | max rel diff. = 0.0591375
[2021-04-27 21:51:06.288] [jointLog] [info] iteration = 1500 | max rel diff. = 0.143799
[2021-04-27 21:51:07.955] [jointLog] [info] iteration = 1600 | max rel diff. = 0.0121228
[2021-04-27 21:51:09.578] [jointLog] [info] iteration = 1700 | max rel diff. = 0.0736378
[2021-04-27 21:51:11.186] [jointLog] [info] iteration = 1800 | max rel diff. = 0.0690816
[2021-04-27 21:51:12.804] [jointLog] [info] iteration = 1900 | max rel diff. = 0.405615
[2021-04-27 21:51:13.653] [jointLog] [info] iteration = 1953 | max rel diff. = 0.00452302
[2021-04-27 21:51:13.683] [jointLog] [info] finished optimizer
[2021-04-27 21:51:13.683] [jointLog] [info] writing output
[2021-04-27 21:51:15.689] [jointLog] [info] Computing gene-level abundance estimates
[2021-04-27 21:51:44.381] [jointLog] [warning] Feature has no GFF ID
[2021-04-27 21:51:44.381] [jointLog] [warning] Feature has no GFF ID
[2021-04-27 21:51:44.381] [jointLog] [warning] Feature has no GFF ID
[2021-04-27 21:51:44.381] [jointLog] [warning] Feature has no GFF ID
[2021-04-27 21:51:44.381] [jointLog] [warning] Feature has no GFF ID
[2021-04-27 21:51:44.381] [jointLog] [warning] Feature has no GFF ID
[2021-04-27 21:51:44.381] [jointLog] [warning] Feature has no GFF ID
[2021-04-27 21:51:44.381] [jointLog] [warning] Feature has no GFF ID
[2021-04-27 21:51:44.381] [jointLog] [warning] Feature has no GFF ID
[2021-04-27 21:51:44.381] [jointLog] [warning] Feature has no GFF ID
[2021-04-27 21:51:44.381] [jointLog] [warning] Feature has no GFF ID
[2021-04-27 21:51:44.381] [jointLog] [warning] Feature has no GFF ID
[2021-04-27 21:51:44.381] [jointLog] [warning] Feature has no GFF ID
[2021-04-27 21:51:44.381] [jointLog] [warning] Feature has no GFF ID
[2021-04-27 21:51:44.381] [jointLog] [warning] Feature has no GFF ID
[2021-04-27 21:51:44.381] [jointLog] [warning] Feature has no GFF ID
[2021-04-27 21:51:44.381] [jointLog] [warning] Feature has no GFF ID
[2021-04-27 21:51:44.381] [jointLog] [warning] Feature has no GFF ID
[2021-04-27 21:51:44.381] [jointLog] [warning] Feature has no GFF ID
[2021-04-27 21:51:44.381] [jointLog] [warning] Feature has no GFF ID
[2021-04-27 21:51:44.381] [jointLog] [warning] Feature has no GFF ID
[2021-04-27 21:51:44.381] [jointLog] [warning] Feature has no GFF ID
[2021-04-27 21:51:44.381] [jointLog] [warning] Feature has no GFF ID
[2021-04-27 21:51:44.381] [jointLog] [warning] Feature has no GFF ID
[2021-04-27 21:51:44.381] [jointLog] [warning] Feature has no GFF ID
[2021-04-27 21:51:44.381] [jointLog] [warning] Feature has no GFF ID
[2021-04-27 21:51:44.381] [jointLog] [warning] Feature has no GFF ID
[2021-04-27 21:51:44.381] [jointLog] [warning] Feature has no GFF ID
[2021-04-27 21:51:44.381] [jointLog] [warning] Feature has no GFF ID
[2021-04-27 21:51:44.381] [jointLog] [warning] Feature has no GFF ID
[2021-04-27 21:51:44.381] [jointLog] [warning] Feature has no GFF ID
[2021-04-27 21:51:44.381] [jointLog] [warning] Feature has no GFF ID
[2021-04-27 21:51:44.381] [jointLog] [warning] Feature has no GFF ID
[2021-04-27 21:51:44.381] [jointLog] [warning] Feature has no GFF ID
[2021-04-27 21:51:44.381] [jointLog] [warning] Feature has no GFF ID
[2021-04-27 21:51:44.381] [jointLog] [warning] Feature has no GFF ID
[2021-04-27 21:51:44.381] [jointLog] [warning] Feature has no GFF ID
[2021-04-27 21:51:44.381] [jointLog] [warning] Feature has no GFF ID
[2021-04-27 21:51:44.381] [jointLog] [warning] Feature has no GFF ID
[2021-04-27 21:51:44.381] [jointLog] [warning] Feature has no GFF ID
[2021-04-27 21:51:44.381] [jointLog] [warning] Feature has no GFF ID
[2021-04-27 21:51:44.381] [jointLog] [warning] Feature has no GFF ID
[2021-04-27 21:51:44.381] [jointLog] [warning] Feature has no GFF ID
[2021-04-27 21:51:44.381] [jointLog] [warning] Feature has no GFF ID
[2021-04-27 21:51:44.381] [jointLog] [warning] Feature has no GFF ID
[2021-04-27 21:51:44.381] [jointLog] [warning] Feature has no GFF ID
[2021-04-27 21:51:44.381] [jointLog] [warning] Feature has no GFF ID
[2021-04-27 21:51:44.381] [jointLog] [warning] Feature has no GFF ID
[2021-04-27 21:51:44.381] [jointLog] [warning] Feature has no GFF ID
[2021-04-27 21:51:44.381] [jointLog] [warning] Feature has no GFF ID
[2021-04-27 21:51:44.381] [jointLog] [warning] Feature has no GFF ID
[2021-04-27 21:51:44.381] [jointLog] [warning] Feature has no GFF ID
[2021-04-27 21:51:44.381] [jointLog] [warning] Feature has no GFF ID
[2021-04-27 21:51:44.381] [jointLog] [warning] Feature has no GFF ID
[2021-04-27 21:51:44.381] [jointLog] [warning] Feature has no GFF ID
[2021-04-27 21:51:44.381] [jointLog] [warning] Feature has no GFF ID
[2021-04-27 21:51:44.381] [jointLog] [warning] Feature has no GFF ID
[2021-04-27 21:51:44.381] [jointLog] [warning] Feature has no GFF ID
[2021-04-27 21:51:44.381] [jointLog] [warning] Feature has no GFF ID
[2021-04-27 21:51:44.381] [jointLog] [warning] Feature has no GFF ID
[2021-04-27 21:51:44.381] [jointLog] [warning] Feature has no GFF ID
[2021-04-27 21:51:44.381] [jointLog] [warning] Feature has no GFF ID
[2021-04-27 21:51:44.381] [jointLog] [warning] Feature has no GFF ID
[2021-04-27 21:51:44.381] [jointLog] [warning] Feature has no GFF ID
[2021-04-27 21:51:44.381] [jointLog] [warning] Feature has no GFF ID
[2021-04-27 21:51:44.381] [jointLog] [warning] Feature has no GFF ID
[2021-04-27 21:51:44.381] [jointLog] [warning] Feature has no GFF ID
[2021-04-27 21:51:44.381] [jointLog] [warning] Feature has no GFF ID
[2021-04-27 21:51:44.381] [jointLog] [warning] Feature has no GFF ID
[2021-04-27 21:51:44.381] [jointLog] [warning] Feature has no GFF ID
[2021-04-27 21:51:44.381] [jointLog] [warning] Feature has no GFF ID
[2021-04-27 21:51:44.381] [jointLog] [warning] Feature has no GFF ID
[2021-04-27 21:51:44.381] [jointLog] [warning] Feature has no GFF ID
[2021-04-27 21:51:44.381] [jointLog] [warning] Feature has no GFF ID
[2021-04-27 21:51:44.381] [jointLog] [warning] Feature has no GFF ID
[2021-04-27 21:51:44.381] [jointLog] [warning] Feature has no GFF ID
[2021-04-27 21:51:44.381] [jointLog] [warning] Feature has no GFF ID
[2021-04-27 21:51:44.381] [jointLog] [warning] Feature has no GFF ID
[2021-04-27 21:51:44.381] [jointLog] [warning] Feature has no GFF ID
[2021-04-27 21:51:44.381] [jointLog] [warning] Feature has no GFF ID
[2021-04-27 21:51:44.381] [jointLog] [warning] Feature has no GFF ID
[2021-04-27 21:51:44.381] [jointLog] [warning] Feature has no GFF ID
[2021-04-27 21:51:44.381] [jointLog] [warning] Feature has no GFF ID
[2021-04-27 21:51:44.381] [jointLog] [warning] Feature has no GFF ID
[2021-04-27 21:51:44.381] [jointLog] [warning] Feature has no GFF ID
[2021-04-27 21:51:44.381] [jointLog] [warning] Feature has no GFF ID
[2021-04-27 21:51:44.381] [jointLog] [warning] Feature has no GFF ID
[2021-04-27 21:51:44.381] [jointLog] [warning] Feature has no GFF ID
[2021-04-27 21:51:44.381] [jointLog] [warning] Feature has no GFF ID
[2021-04-27 21:51:44.381] [jointLog] [warning] Feature has no GFF ID
[2021-04-27 21:51:44.381] [jointLog] [warning] Feature has no GFF ID
[2021-04-27 21:51:44.381] [jointLog] [warning] Feature has no GFF ID
[2021-04-27 21:51:44.698] [jointLog] [info] There were 142604 transcripts mapping to 55401 genes
[2021-04-27 21:51:44.698] [jointLog] [info] NOTE: We recommend using tximport (https://bioconductor.org/packages/release/bioc/html/tximport.html) for aggregating transcript-level salmon abundance estimates to the gene level.  It is more versatile, exposes more features, and allows considering multi-sample information during aggregation.
[2021-04-27 21:51:44.977] [jointLog] [warning] couldn't find transcript named [DQ459430] in transcript <-> gene map; returning transcript as it's own gene
[2021-04-27 21:51:44.977] [jointLog] [warning] couldn't find transcript named [DQ516784] in transcript <-> gene map; returning transcript as it's own gene
[2021-04-27 21:51:44.977] [jointLog] [warning] couldn't find transcript named [DQ516752] in transcript <-> gene map; returning transcript as it's own gene
[2021-04-27 21:51:44.977] [jointLog] [warning] couldn't find transcript named [DQ668364] in transcript <-> gene map; returning transcript as it's own gene
[2021-04-27 21:51:44.977] [jointLog] [warning] couldn't find transcript named [DQ883670] in transcript <-> gene map; returning transcript as it's own gene
[2021-04-27 21:51:44.977] [jointLog] [warning] couldn't find transcript named [EF011062] in transcript <-> gene map; returning transcript as it's own gene
[2021-04-27 21:51:44.977] [jointLog] [warning] couldn't find transcript named [DQ875385] in transcript <-> gene map; returning transcript as it's own gene
[2021-04-27 21:51:44.977] [jointLog] [warning] couldn't find transcript named [DQ883664] in transcript <-> gene map; returning transcript as it's own gene
[2021-04-27 21:51:44.977] [jointLog] [warning] couldn't find transcript named [DQ459420] in transcript <-> gene map; returning transcript as it's own gene
[2021-04-27 21:51:44.977] [jointLog] [warning] couldn't find transcript named [DQ883651] in transcript <-> gene map; returning transcript as it's own gene
[2021-04-27 21:51:44.977] [jointLog] [warning] couldn't find transcript named [DQ855004] in transcript <-> gene map; returning transcript as it's own gene
[2021-04-27 21:51:44.977] [jointLog] [warning] couldn't find transcript named [DQ854993] in transcript <-> gene map; returning transcript as it's own gene
[2021-04-27 21:51:44.977] [jointLog] [warning] couldn't find transcript named [DQ883689] in transcript <-> gene map; returning transcript as it's own gene
[2021-04-27 21:51:44.977] [jointLog] [warning] couldn't find transcript named [DQ459419] in transcript <-> gene map; returning transcript as it's own gene
[2021-04-27 21:51:44.977] [jointLog] [warning] couldn't find transcript named [DQ459431] in transcript <-> gene map; returning transcript as it's own gene
[2021-04-27 21:51:44.977] [jointLog] [warning] couldn't find transcript named [DQ516796] in transcript <-> gene map; returning transcript as it's own gene
[2021-04-27 21:51:44.977] [jointLog] [warning] couldn't find transcript named [DQ855001] in transcript <-> gene map; returning transcript as it's own gene
[2021-04-27 21:51:44.977] [jointLog] [warning] couldn't find transcript named [DQ459413] in transcript <-> gene map; returning transcript as it's own gene
[2021-04-27 21:51:44.977] [jointLog] [warning] couldn't find transcript named [DQ883656] in transcript <-> gene map; returning transcript as it's own gene
[2021-04-27 21:51:44.977] [jointLog] [warning] couldn't find transcript named [DQ883661] in transcript <-> gene map; returning transcript as it's own gene
[2021-04-27 21:51:44.977] [jointLog] [warning] couldn't find transcript named [EF011069] in transcript <-> gene map; returning transcript as it's own gene
[2021-04-27 21:51:44.977] [jointLog] [warning] couldn't find transcript named [DQ516783] in transcript <-> gene map; returning transcript as it's own gene
[2021-04-27 21:51:44.977] [jointLog] [warning] couldn't find transcript named [DQ516787] in transcript <-> gene map; returning transcript as it's own gene
[2021-04-27 21:51:44.977] [jointLog] [warning] couldn't find transcript named [DQ459424] in transcript <-> gene map; returning transcript as it's own gene
[2021-04-27 21:51:44.977] [jointLog] [warning] couldn't find transcript named [DQ516748] in transcript <-> gene map; returning transcript as it's own gene
[2021-04-27 21:51:44.977] [jointLog] [warning] couldn't find transcript named [DQ883671] in transcript <-> gene map; returning transcript as it's own gene
[2021-04-27 21:51:44.977] [jointLog] [warning] couldn't find transcript named [DQ516740] in transcript <-> gene map; returning transcript as it's own gene
[2021-04-27 21:51:44.977] [jointLog] [warning] couldn't find transcript named [DQ516785] in transcript <-> gene map; returning transcript as it's own gene
[2021-04-27 21:51:44.977] [jointLog] [warning] couldn't find transcript named [DQ516731] in transcript <-> gene map; returning transcript as it's own gene
[2021-04-27 21:51:44.977] [jointLog] [warning] couldn't find transcript named [DQ668366] in transcript <-> gene map; returning transcript as it's own gene
[2021-04-27 21:51:44.977] [jointLog] [warning] couldn't find transcript named [DQ459418] in transcript <-> gene map; returning transcript as it's own gene
[2021-04-27 21:51:44.977] [jointLog] [warning] couldn't find transcript named [DQ668356] in transcript <-> gene map; returning transcript as it's own gene
[2021-04-27 21:51:44.977] [jointLog] [warning] couldn't find transcript named [DQ516763] in transcript <-> gene map; returning transcript as it's own gene
[2021-04-27 21:51:44.977] [jointLog] [warning] couldn't find transcript named [DQ459426] in transcript <-> gene map; returning transcript as it's own gene
[2021-04-27 21:51:44.977] [jointLog] [warning] couldn't find transcript named [DQ516786] in transcript <-> gene map; returning transcript as it's own gene
[2021-04-27 21:51:44.977] [jointLog] [warning] couldn't find transcript named [DQ883653] in transcript <-> gene map; returning transcript as it's own gene
[2021-04-27 21:51:44.977] [jointLog] [warning] couldn't find transcript named [DQ459421] in transcript <-> gene map; returning transcript as it's own gene
[2021-04-27 21:51:44.977] [jointLog] [warning] couldn't find transcript named [DQ883654] in transcript <-> gene map; returning transcript as it's own gene
[2021-04-27 21:51:44.977] [jointLog] [warning] couldn't find transcript named [DQ668358] in transcript <-> gene map; returning transcript as it's own gene
[2021-04-27 21:51:44.977] [jointLog] [warning] couldn't find transcript named [DQ516754] in transcript <-> gene map; returning transcript as it's own gene
[2021-04-27 21:51:44.977] [jointLog] [warning] couldn't find transcript named [DQ516778] in transcript <-> gene map; returning transcript as it's own gene
[2021-04-27 21:51:44.977] [jointLog] [warning] couldn't find transcript named [DQ883650] in transcript <-> gene map; returning transcript as it's own gene
[2021-04-27 21:51:44.977] [jointLog] [warning] couldn't find transcript named [DQ516742] in transcript <-> gene map; returning transcript as it's own gene
[2021-04-27 21:51:44.977] [jointLog] [warning] couldn't find transcript named [DQ883673] in transcript <-> gene map; returning transcript as it's own gene
[2021-04-27 21:51:44.977] [jointLog] [warning] couldn't find transcript named [DQ883652] in transcript <-> gene map; returning transcript as it's own gene
[2021-04-27 21:51:44.977] [jointLog] [warning] couldn't find transcript named [DQ854991] in transcript <-> gene map; returning transcript as it's own gene
[2021-04-27 21:51:44.977] [jointLog] [warning] couldn't find transcript named [DQ516780] in transcript <-> gene map; returning transcript as it's own gene
[2021-04-27 21:51:44.977] [jointLog] [warning] couldn't find transcript named [DQ883682] in transcript <-> gene map; returning transcript as it's own gene
[2021-04-27 21:51:44.977] [jointLog] [warning] couldn't find transcript named [DQ883669] in transcript <-> gene map; returning transcript as it's own gene
[2021-04-27 21:51:44.977] [jointLog] [warning] couldn't find transcript named [DQ516791] in transcript <-> gene map; returning transcript as it's own gene
[2021-04-27 21:51:44.977] [jointLog] [warning] couldn't find transcript named [DQ459425] in transcript <-> gene map; returning transcript as it's own gene
[2021-04-27 21:51:44.977] [jointLog] [warning] couldn't find transcript named [DQ516759] in transcript <-> gene map; returning transcript as it's own gene
[2021-04-27 21:51:44.977] [jointLog] [warning] couldn't find transcript named [DQ459429] in transcript <-> gene map; returning transcript as it's own gene
[2021-04-27 21:51:44.977] [jointLog] [warning] couldn't find transcript named [DQ516758] in transcript <-> gene map; returning transcript as it's own gene
[2021-04-27 21:51:44.977] [jointLog] [warning] couldn't find transcript named [DQ459415] in transcript <-> gene map; returning transcript as it's own gene
[2021-04-27 21:51:44.977] [jointLog] [warning] couldn't find transcript named [DQ875387] in transcript <-> gene map; returning transcript as it's own gene
[2021-04-27 21:51:44.977] [jointLog] [warning] couldn't find transcript named [DQ516815] in transcript <-> gene map; returning transcript as it's own gene
[2021-04-27 21:51:44.977] [jointLog] [warning] couldn't find transcript named [DQ668365] in transcript <-> gene map; returning transcript as it's own gene
[2021-04-27 21:51:44.977] [jointLog] [warning] couldn't find transcript named [DQ854998] in transcript <-> gene map; returning transcript as it's own gene
[2021-04-27 21:51:44.977] [jointLog] [warning] couldn't find transcript named [DQ883685] in transcript <-> gene map; returning transcript as it's own gene
[2021-04-27 21:51:44.977] [jointLog] [warning] couldn't find transcript named [DQ459422] in transcript <-> gene map; returning transcript as it's own gene
[2021-04-27 21:51:44.977] [jointLog] [warning] couldn't find transcript named [DQ883663] in transcript <-> gene map; returning transcript as it's own gene
[2021-04-27 21:51:44.977] [jointLog] [warning] couldn't find transcript named [DQ668367] in transcript <-> gene map; returning transcript as it's own gene
[2021-04-27 21:51:44.977] [jointLog] [warning] couldn't find transcript named [DQ459412] in transcript <-> gene map; returning transcript as it's own gene
[2021-04-27 21:51:44.977] [jointLog] [warning] couldn't find transcript named [DQ854992] in transcript <-> gene map; returning transcript as it's own gene
[2021-04-27 21:51:44.977] [jointLog] [warning] couldn't find transcript named [DQ516782] in transcript <-> gene map; returning transcript as it's own gene
[2021-04-27 21:51:44.977] [jointLog] [warning] couldn't find transcript named [DQ459427] in transcript <-> gene map; returning transcript as it's own gene
[2021-04-27 21:51:44.977] [jointLog] [warning] couldn't find transcript named [EF011072] in transcript <-> gene map; returning transcript as it's own gene
[2021-04-27 21:51:44.977] [jointLog] [warning] couldn't find transcript named [DQ855003] in transcript <-> gene map; returning transcript as it's own gene
[2021-04-27 21:51:44.977] [jointLog] [warning] couldn't find transcript named [DQ516739] in transcript <-> gene map; returning transcript as it's own gene
[2021-04-27 21:51:44.977] [jointLog] [warning] couldn't find transcript named [EF011063] in transcript <-> gene map; returning transcript as it's own gene
[2021-04-27 21:51:44.977] [jointLog] [warning] couldn't find transcript named [DQ855000] in transcript <-> gene map; returning transcript as it's own gene
[2021-04-27 21:51:44.977] [jointLog] [warning] couldn't find transcript named [DQ516777] in transcript <-> gene map; returning transcript as it's own gene
[2021-04-27 21:51:44.977] [jointLog] [warning] couldn't find transcript named [DQ883646] in transcript <-> gene map; returning transcript as it's own gene
[2021-04-27 21:51:44.977] [jointLog] [warning] couldn't find transcript named [DQ668362] in transcript <-> gene map; returning transcript as it's own gene
[2021-04-27 21:51:44.977] [jointLog] [warning] couldn't find transcript named [DQ854995] in transcript <-> gene map; returning transcript as it's own gene
[2021-04-27 21:51:44.977] [jointLog] [warning] couldn't find transcript named [DQ875386] in transcript <-> gene map; returning transcript as it's own gene
[2021-04-27 21:51:44.977] [jointLog] [warning] couldn't find transcript named [DQ516790] in transcript <-> gene map; returning transcript as it's own gene
[2021-04-27 21:51:44.977] [jointLog] [warning] couldn't find transcript named [DQ883642] in transcript <-> gene map; returning transcript as it's own gene
[2021-04-27 21:51:44.977] [jointLog] [warning] couldn't find transcript named [DQ883659] in transcript <-> gene map; returning transcript as it's own gene
[2021-04-27 21:51:44.977] [jointLog] [warning] couldn't find transcript named [DQ854997] in transcript <-> gene map; returning transcript as it's own gene
[2021-04-27 21:51:44.977] [jointLog] [warning] couldn't find transcript named [DQ883643] in transcript <-> gene map; returning transcript as it's own gene
[2021-04-27 21:51:44.977] [jointLog] [warning] couldn't find transcript named [DQ839618] in transcript <-> gene map; returning transcript as it's own gene
[2021-04-27 21:51:44.977] [jointLog] [warning] couldn't find transcript named [DQ516795] in transcript <-> gene map; returning transcript as it's own gene
[2021-04-27 21:51:44.977] [jointLog] [warning] couldn't find transcript named [DQ883658] in transcript <-> gene map; returning transcript as it's own gene
[2021-04-27 21:51:44.977] [jointLog] [warning] couldn't find transcript named [DQ516750] in transcript <-> gene map; returning transcript as it's own gene
[2021-04-27 21:51:44.977] [jointLog] [warning] couldn't find transcript named [DQ668359] in transcript <-> gene map; returning transcript as it's own gene
[2021-04-27 21:51:44.977] [jointLog] [warning] couldn't find transcript named [DQ516779] in transcript <-> gene map; returning transcript as it's own gene
[2021-04-27 21:51:44.977] [jointLog] [warning] couldn't find transcript named [DQ668363] in transcript <-> gene map; returning transcript as it's own gene
[2021-04-27 21:51:44.977] [jointLog] [warning] couldn't find transcript named [DQ516776] in transcript <-> gene map; returning transcript as it's own gene
[2021-04-27 21:51:44.977] [jointLog] [warning] couldn't find transcript named [DQ516773] in transcript <-> gene map; returning transcript as it's own gene
[2021-04-27 21:51:44.977] [jointLog] [warning] couldn't find transcript named [DQ854994] in transcript <-> gene map; returning transcript as it's own gene
[2021-04-27 21:51:44.978] [jointLog] [info] Aggregating expressions to gene level
[2021-04-27 21:51:45.134] [jointLog] [info] done
