[2021-05-21 18:30:01.126] [jointLog] [info] setting maxHashResizeThreads to 6
[2021-05-21 18:30:01.126] [jointLog] [info] Fragment incompatibility prior below threshold.  Incompatible fragments will be ignored.
[2021-05-21 18:30:01.127] [jointLog] [info] numQuantThreads = 3
[2021-05-21 18:30:05.547] [jointLog] [info] replaced 4 non-ACGT nucleotides with random nucleotides
[2021-05-21 18:30:05.819] [fileLog] [info] quantification processed 0 fragments so far

[2021-05-21 18:30:08.812] [fileLog] [info] quantification processed 1000000 fragments so far

[2021-05-21 18:30:11.765] [fileLog] [info] quantification processed 2000000 fragments so far

[2021-05-21 18:30:13.290] [jointLog] [info] 

The alignment group queue pool has been exhausted.  2777964 extra fragments were allocated on the heap to saturate the pool.  No new fragments will be allocated


[2021-05-21 18:30:19.809] [fileLog] [info] quantification processed 3000000 fragments so far

[2021-05-21 18:30:33.468] [fileLog] [info] quantification processed 4000000 fragments so far

[2021-05-21 18:30:47.221] [fileLog] [info] quantification processed 5000000 fragments so far

[2021-05-21 18:31:00.906] [fileLog] [info] quantification processed 6000000 fragments so far

[2021-05-21 18:31:14.573] [fileLog] [info] quantification processed 7000000 fragments so far

[2021-05-21 18:31:17.542] [fileLog] [info] quantification processed 8000000 fragments so far

[2021-05-21 18:31:20.458] [fileLog] [info] quantification processed 9000000 fragments so far

[2021-05-21 18:31:23.317] [fileLog] [info] quantification processed 10000000 fragments so far

[2021-05-21 18:31:26.191] [fileLog] [info] quantification processed 11000000 fragments so far

[2021-05-21 18:31:29.069] [fileLog] [info] quantification processed 12000000 fragments so far

[2021-05-21 18:31:31.882] [fileLog] [info] quantification processed 13000000 fragments so far

[2021-05-21 18:31:34.782] [fileLog] [info] quantification processed 14000000 fragments so far

[2021-05-21 18:31:37.675] [fileLog] [info] quantification processed 15000000 fragments so far

[2021-05-21 18:31:40.486] [fileLog] [info] quantification processed 16000000 fragments so far

[2021-05-21 18:31:43.299] [fileLog] [info] quantification processed 17000000 fragments so far

[2021-05-21 18:31:46.160] [fileLog] [info] quantification processed 18000000 fragments so far

[2021-05-21 18:31:49.018] [fileLog] [info] quantification processed 19000000 fragments so far

[2021-05-21 18:31:51.950] [fileLog] [info] quantification processed 20000000 fragments so far

[2021-05-21 18:31:54.793] [fileLog] [info] quantification processed 21000000 fragments so far

[2021-05-21 18:31:57.645] [fileLog] [info] quantification processed 22000000 fragments so far

[2021-05-21 18:32:00.526] [fileLog] [info] quantification processed 23000000 fragments so far

[2021-05-21 18:32:03.481] [fileLog] [info] quantification processed 24000000 fragments so far

[2021-05-21 18:32:06.406] [fileLog] [info] quantification processed 25000000 fragments so far

[2021-05-21 18:32:09.308] [fileLog] [info] quantification processed 26000000 fragments so far

[2021-05-21 18:32:12.236] [fileLog] [info] quantification processed 27000000 fragments so far

[2021-05-21 18:32:15.124] [fileLog] [info] quantification processed 28000000 fragments so far

[2021-05-21 18:32:18.067] [fileLog] [info] quantification processed 29000000 fragments so far

[2021-05-21 18:32:20.941] [fileLog] [info] quantification processed 30000000 fragments so far

[2021-05-21 18:32:23.831] [fileLog] [info] quantification processed 31000000 fragments so far

[2021-05-21 18:32:26.768] [fileLog] [info] quantification processed 32000000 fragments so far

[2021-05-21 18:32:29.679] [fileLog] [info] quantification processed 33000000 fragments so far

[2021-05-21 18:32:32.586] [fileLog] [info] quantification processed 34000000 fragments so far

[2021-05-21 18:32:35.559] [fileLog] [info] quantification processed 35000000 fragments so far

[2021-05-21 18:32:38.213] [fileLog] [info] quantification processed 35892849 fragments so far

[2021-05-21 18:32:43.750] [jointLog] [info] Thread saw mini-batch with a maximum of 7.50% zero probability fragments
[2021-05-21 18:32:43.755] [jointLog] [info] Thread saw mini-batch with a maximum of 10.70% zero probability fragments
[2021-05-21 18:32:43.756] [jointLog] [info] Thread saw mini-batch with a maximum of 7.50% zero probability fragments
[2021-05-21 18:32:43.757] [jointLog] [info] 


Completed first pass through the alignment file.
Total # of mapped reads : 35892849
# of uniquely mapped reads : 15414277
# ambiguously mapped reads : 20478572



[2021-05-21 18:32:43.889] [jointLog] [info] Computed 172392 rich equivalence classes for further processing
[2021-05-21 18:32:43.889] [jointLog] [info] Counted 35719303 total reads in the equivalence classes 
[2021-05-21 18:32:43.891] [jointLog] [info] starting optimizer
[2021-05-21 18:32:43.990] [jointLog] [info] Marked 0 weighted equivalence classes as degenerate
[2021-05-21 18:32:44.007] [jointLog] [info] iteration = 0 | max rel diff. = 6622.43
[2021-05-21 18:32:45.396] [jointLog] [info] iteration = 100 | max rel diff. = 19.9952
[2021-05-21 18:32:46.768] [jointLog] [info] iteration = 200 | max rel diff. = 4.25423
[2021-05-21 18:32:48.148] [jointLog] [info] iteration = 300 | max rel diff. = 1.48501
[2021-05-21 18:32:49.517] [jointLog] [info] iteration = 400 | max rel diff. = 17.1088
[2021-05-21 18:32:50.885] [jointLog] [info] iteration = 500 | max rel diff. = 0.522951
[2021-05-21 18:32:52.254] [jointLog] [info] iteration = 600 | max rel diff. = 0.163529
[2021-05-21 18:32:53.634] [jointLog] [info] iteration = 700 | max rel diff. = 0.166793
[2021-05-21 18:32:55.003] [jointLog] [info] iteration = 800 | max rel diff. = 0.103869
[2021-05-21 18:32:56.384] [jointLog] [info] iteration = 900 | max rel diff. = 1.70731
[2021-05-21 18:32:57.760] [jointLog] [info] iteration = 1000 | max rel diff. = 7.94358
[2021-05-21 18:32:59.126] [jointLog] [info] iteration = 1100 | max rel diff. = 0.821517
[2021-05-21 18:33:00.491] [jointLog] [info] iteration = 1200 | max rel diff. = 0.230884
[2021-05-21 18:33:01.870] [jointLog] [info] iteration = 1300 | max rel diff. = 0.389604
[2021-05-21 18:33:03.249] [jointLog] [info] iteration = 1400 | max rel diff. = 3.47471
[2021-05-21 18:33:04.614] [jointLog] [info] iteration = 1500 | max rel diff. = 1.49301
[2021-05-21 18:33:05.979] [jointLog] [info] iteration = 1600 | max rel diff. = 0.0224368
[2021-05-21 18:33:07.347] [jointLog] [info] iteration = 1700 | max rel diff. = 0.0144866
[2021-05-21 18:33:08.705] [jointLog] [info] iteration = 1800 | max rel diff. = 0.0845897
[2021-05-21 18:33:10.047] [jointLog] [info] iteration = 1900 | max rel diff. = 0.194234
[2021-05-21 18:33:11.400] [jointLog] [info] iteration = 2000 | max rel diff. = 0.0849657
[2021-05-21 18:33:12.754] [jointLog] [info] iteration = 2100 | max rel diff. = 0.0467483
[2021-05-21 18:33:13.089] [jointLog] [info] iteration = 2126 | max rel diff. = 0.00912201
[2021-05-21 18:33:13.121] [jointLog] [info] finished optimizer
[2021-05-21 18:33:13.121] [jointLog] [info] writing output
[2021-05-21 18:33:14.688] [jointLog] [info] Computing gene-level abundance estimates
[2021-05-21 18:33:42.014] [jointLog] [warning] Feature has no GFF ID
[2021-05-21 18:33:42.014] [jointLog] [warning] Feature has no GFF ID
[2021-05-21 18:33:42.014] [jointLog] [warning] Feature has no GFF ID
[2021-05-21 18:33:42.014] [jointLog] [warning] Feature has no GFF ID
[2021-05-21 18:33:42.014] [jointLog] [warning] Feature has no GFF ID
[2021-05-21 18:33:42.014] [jointLog] [warning] Feature has no GFF ID
[2021-05-21 18:33:42.014] [jointLog] [warning] Feature has no GFF ID
[2021-05-21 18:33:42.014] [jointLog] [warning] Feature has no GFF ID
[2021-05-21 18:33:42.014] [jointLog] [warning] Feature has no GFF ID
[2021-05-21 18:33:42.014] [jointLog] [warning] Feature has no GFF ID
[2021-05-21 18:33:42.014] [jointLog] [warning] Feature has no GFF ID
[2021-05-21 18:33:42.014] [jointLog] [warning] Feature has no GFF ID
[2021-05-21 18:33:42.014] [jointLog] [warning] Feature has no GFF ID
[2021-05-21 18:33:42.014] [jointLog] [warning] Feature has no GFF ID
[2021-05-21 18:33:42.014] [jointLog] [warning] Feature has no GFF ID
[2021-05-21 18:33:42.014] [jointLog] [warning] Feature has no GFF ID
[2021-05-21 18:33:42.014] [jointLog] [warning] Feature has no GFF ID
[2021-05-21 18:33:42.014] [jointLog] [warning] Feature has no GFF ID
[2021-05-21 18:33:42.014] [jointLog] [warning] Feature has no GFF ID
[2021-05-21 18:33:42.014] [jointLog] [warning] Feature has no GFF ID
[2021-05-21 18:33:42.014] [jointLog] [warning] Feature has no GFF ID
[2021-05-21 18:33:42.014] [jointLog] [warning] Feature has no GFF ID
[2021-05-21 18:33:42.014] [jointLog] [warning] Feature has no GFF ID
[2021-05-21 18:33:42.014] [jointLog] [warning] Feature has no GFF ID
[2021-05-21 18:33:42.014] [jointLog] [warning] Feature has no GFF ID
[2021-05-21 18:33:42.014] [jointLog] [warning] Feature has no GFF ID
[2021-05-21 18:33:42.014] [jointLog] [warning] Feature has no GFF ID
[2021-05-21 18:33:42.014] [jointLog] [warning] Feature has no GFF ID
[2021-05-21 18:33:42.014] [jointLog] [warning] Feature has no GFF ID
[2021-05-21 18:33:42.014] [jointLog] [warning] Feature has no GFF ID
[2021-05-21 18:33:42.014] [jointLog] [warning] Feature has no GFF ID
[2021-05-21 18:33:42.014] [jointLog] [warning] Feature has no GFF ID
[2021-05-21 18:33:42.014] [jointLog] [warning] Feature has no GFF ID
[2021-05-21 18:33:42.014] [jointLog] [warning] Feature has no GFF ID
[2021-05-21 18:33:42.014] [jointLog] [warning] Feature has no GFF ID
[2021-05-21 18:33:42.014] [jointLog] [warning] Feature has no GFF ID
[2021-05-21 18:33:42.014] [jointLog] [warning] Feature has no GFF ID
[2021-05-21 18:33:42.014] [jointLog] [warning] Feature has no GFF ID
[2021-05-21 18:33:42.014] [jointLog] [warning] Feature has no GFF ID
[2021-05-21 18:33:42.014] [jointLog] [warning] Feature has no GFF ID
[2021-05-21 18:33:42.014] [jointLog] [warning] Feature has no GFF ID
[2021-05-21 18:33:42.014] [jointLog] [warning] Feature has no GFF ID
[2021-05-21 18:33:42.014] [jointLog] [warning] Feature has no GFF ID
[2021-05-21 18:33:42.014] [jointLog] [warning] Feature has no GFF ID
[2021-05-21 18:33:42.014] [jointLog] [warning] Feature has no GFF ID
[2021-05-21 18:33:42.014] [jointLog] [warning] Feature has no GFF ID
[2021-05-21 18:33:42.014] [jointLog] [warning] Feature has no GFF ID
[2021-05-21 18:33:42.014] [jointLog] [warning] Feature has no GFF ID
[2021-05-21 18:33:42.014] [jointLog] [warning] Feature has no GFF ID
[2021-05-21 18:33:42.014] [jointLog] [warning] Feature has no GFF ID
[2021-05-21 18:33:42.014] [jointLog] [warning] Feature has no GFF ID
[2021-05-21 18:33:42.014] [jointLog] [warning] Feature has no GFF ID
[2021-05-21 18:33:42.014] [jointLog] [warning] Feature has no GFF ID
[2021-05-21 18:33:42.014] [jointLog] [warning] Feature has no GFF ID
[2021-05-21 18:33:42.014] [jointLog] [warning] Feature has no GFF ID
[2021-05-21 18:33:42.014] [jointLog] [warning] Feature has no GFF ID
[2021-05-21 18:33:42.014] [jointLog] [warning] Feature has no GFF ID
[2021-05-21 18:33:42.014] [jointLog] [warning] Feature has no GFF ID
[2021-05-21 18:33:42.014] [jointLog] [warning] Feature has no GFF ID
[2021-05-21 18:33:42.014] [jointLog] [warning] Feature has no GFF ID
[2021-05-21 18:33:42.014] [jointLog] [warning] Feature has no GFF ID
[2021-05-21 18:33:42.014] [jointLog] [warning] Feature has no GFF ID
[2021-05-21 18:33:42.014] [jointLog] [warning] Feature has no GFF ID
[2021-05-21 18:33:42.014] [jointLog] [warning] Feature has no GFF ID
[2021-05-21 18:33:42.014] [jointLog] [warning] Feature has no GFF ID
[2021-05-21 18:33:42.014] [jointLog] [warning] Feature has no GFF ID
[2021-05-21 18:33:42.014] [jointLog] [warning] Feature has no GFF ID
[2021-05-21 18:33:42.014] [jointLog] [warning] Feature has no GFF ID
[2021-05-21 18:33:42.014] [jointLog] [warning] Feature has no GFF ID
[2021-05-21 18:33:42.014] [jointLog] [warning] Feature has no GFF ID
[2021-05-21 18:33:42.014] [jointLog] [warning] Feature has no GFF ID
[2021-05-21 18:33:42.014] [jointLog] [warning] Feature has no GFF ID
[2021-05-21 18:33:42.014] [jointLog] [warning] Feature has no GFF ID
[2021-05-21 18:33:42.014] [jointLog] [warning] Feature has no GFF ID
[2021-05-21 18:33:42.014] [jointLog] [warning] Feature has no GFF ID
[2021-05-21 18:33:42.014] [jointLog] [warning] Feature has no GFF ID
[2021-05-21 18:33:42.014] [jointLog] [warning] Feature has no GFF ID
[2021-05-21 18:33:42.014] [jointLog] [warning] Feature has no GFF ID
[2021-05-21 18:33:42.014] [jointLog] [warning] Feature has no GFF ID
[2021-05-21 18:33:42.014] [jointLog] [warning] Feature has no GFF ID
[2021-05-21 18:33:42.014] [jointLog] [warning] Feature has no GFF ID
[2021-05-21 18:33:42.014] [jointLog] [warning] Feature has no GFF ID
[2021-05-21 18:33:42.014] [jointLog] [warning] Feature has no GFF ID
[2021-05-21 18:33:42.014] [jointLog] [warning] Feature has no GFF ID
[2021-05-21 18:33:42.014] [jointLog] [warning] Feature has no GFF ID
[2021-05-21 18:33:42.014] [jointLog] [warning] Feature has no GFF ID
[2021-05-21 18:33:42.014] [jointLog] [warning] Feature has no GFF ID
[2021-05-21 18:33:42.014] [jointLog] [warning] Feature has no GFF ID
[2021-05-21 18:33:42.014] [jointLog] [warning] Feature has no GFF ID
[2021-05-21 18:33:42.014] [jointLog] [warning] Feature has no GFF ID
[2021-05-21 18:33:42.014] [jointLog] [warning] Feature has no GFF ID
[2021-05-21 18:33:42.014] [jointLog] [warning] Feature has no GFF ID
[2021-05-21 18:33:42.296] [jointLog] [info] There were 142604 transcripts mapping to 55401 genes
[2021-05-21 18:33:42.296] [jointLog] [info] NOTE: We recommend using tximport (https://bioconductor.org/packages/release/bioc/html/tximport.html) for aggregating transcript-level salmon abundance estimates to the gene level.  It is more versatile, exposes more features, and allows considering multi-sample information during aggregation.
[2021-05-21 18:33:42.538] [jointLog] [warning] couldn't find transcript named [DQ459430] in transcript <-> gene map; returning transcript as it's own gene
[2021-05-21 18:33:42.538] [jointLog] [warning] couldn't find transcript named [DQ516784] in transcript <-> gene map; returning transcript as it's own gene
[2021-05-21 18:33:42.538] [jointLog] [warning] couldn't find transcript named [DQ516752] in transcript <-> gene map; returning transcript as it's own gene
[2021-05-21 18:33:42.538] [jointLog] [warning] couldn't find transcript named [DQ668364] in transcript <-> gene map; returning transcript as it's own gene
[2021-05-21 18:33:42.538] [jointLog] [warning] couldn't find transcript named [DQ883670] in transcript <-> gene map; returning transcript as it's own gene
[2021-05-21 18:33:42.538] [jointLog] [warning] couldn't find transcript named [EF011062] in transcript <-> gene map; returning transcript as it's own gene
[2021-05-21 18:33:42.538] [jointLog] [warning] couldn't find transcript named [DQ875385] in transcript <-> gene map; returning transcript as it's own gene
[2021-05-21 18:33:42.538] [jointLog] [warning] couldn't find transcript named [DQ883664] in transcript <-> gene map; returning transcript as it's own gene
[2021-05-21 18:33:42.538] [jointLog] [warning] couldn't find transcript named [DQ459420] in transcript <-> gene map; returning transcript as it's own gene
[2021-05-21 18:33:42.538] [jointLog] [warning] couldn't find transcript named [DQ883651] in transcript <-> gene map; returning transcript as it's own gene
[2021-05-21 18:33:42.538] [jointLog] [warning] couldn't find transcript named [DQ855004] in transcript <-> gene map; returning transcript as it's own gene
[2021-05-21 18:33:42.538] [jointLog] [warning] couldn't find transcript named [DQ854993] in transcript <-> gene map; returning transcript as it's own gene
[2021-05-21 18:33:42.538] [jointLog] [warning] couldn't find transcript named [DQ883689] in transcript <-> gene map; returning transcript as it's own gene
[2021-05-21 18:33:42.538] [jointLog] [warning] couldn't find transcript named [DQ459419] in transcript <-> gene map; returning transcript as it's own gene
[2021-05-21 18:33:42.538] [jointLog] [warning] couldn't find transcript named [DQ459431] in transcript <-> gene map; returning transcript as it's own gene
[2021-05-21 18:33:42.538] [jointLog] [warning] couldn't find transcript named [DQ516796] in transcript <-> gene map; returning transcript as it's own gene
[2021-05-21 18:33:42.538] [jointLog] [warning] couldn't find transcript named [DQ855001] in transcript <-> gene map; returning transcript as it's own gene
[2021-05-21 18:33:42.538] [jointLog] [warning] couldn't find transcript named [DQ459413] in transcript <-> gene map; returning transcript as it's own gene
[2021-05-21 18:33:42.538] [jointLog] [warning] couldn't find transcript named [DQ883656] in transcript <-> gene map; returning transcript as it's own gene
[2021-05-21 18:33:42.538] [jointLog] [warning] couldn't find transcript named [DQ883661] in transcript <-> gene map; returning transcript as it's own gene
[2021-05-21 18:33:42.538] [jointLog] [warning] couldn't find transcript named [EF011069] in transcript <-> gene map; returning transcript as it's own gene
[2021-05-21 18:33:42.538] [jointLog] [warning] couldn't find transcript named [DQ516783] in transcript <-> gene map; returning transcript as it's own gene
[2021-05-21 18:33:42.538] [jointLog] [warning] couldn't find transcript named [DQ516787] in transcript <-> gene map; returning transcript as it's own gene
[2021-05-21 18:33:42.538] [jointLog] [warning] couldn't find transcript named [DQ459424] in transcript <-> gene map; returning transcript as it's own gene
[2021-05-21 18:33:42.538] [jointLog] [warning] couldn't find transcript named [DQ516748] in transcript <-> gene map; returning transcript as it's own gene
[2021-05-21 18:33:42.538] [jointLog] [warning] couldn't find transcript named [DQ883671] in transcript <-> gene map; returning transcript as it's own gene
[2021-05-21 18:33:42.538] [jointLog] [warning] couldn't find transcript named [DQ516740] in transcript <-> gene map; returning transcript as it's own gene
[2021-05-21 18:33:42.538] [jointLog] [warning] couldn't find transcript named [DQ516785] in transcript <-> gene map; returning transcript as it's own gene
[2021-05-21 18:33:42.538] [jointLog] [warning] couldn't find transcript named [DQ516731] in transcript <-> gene map; returning transcript as it's own gene
[2021-05-21 18:33:42.538] [jointLog] [warning] couldn't find transcript named [DQ668366] in transcript <-> gene map; returning transcript as it's own gene
[2021-05-21 18:33:42.538] [jointLog] [warning] couldn't find transcript named [DQ459418] in transcript <-> gene map; returning transcript as it's own gene
[2021-05-21 18:33:42.538] [jointLog] [warning] couldn't find transcript named [DQ668356] in transcript <-> gene map; returning transcript as it's own gene
[2021-05-21 18:33:42.538] [jointLog] [warning] couldn't find transcript named [DQ516763] in transcript <-> gene map; returning transcript as it's own gene
[2021-05-21 18:33:42.538] [jointLog] [warning] couldn't find transcript named [DQ459426] in transcript <-> gene map; returning transcript as it's own gene
[2021-05-21 18:33:42.538] [jointLog] [warning] couldn't find transcript named [DQ516786] in transcript <-> gene map; returning transcript as it's own gene
[2021-05-21 18:33:42.538] [jointLog] [warning] couldn't find transcript named [DQ883653] in transcript <-> gene map; returning transcript as it's own gene
[2021-05-21 18:33:42.538] [jointLog] [warning] couldn't find transcript named [DQ459421] in transcript <-> gene map; returning transcript as it's own gene
[2021-05-21 18:33:42.538] [jointLog] [warning] couldn't find transcript named [DQ883654] in transcript <-> gene map; returning transcript as it's own gene
[2021-05-21 18:33:42.538] [jointLog] [warning] couldn't find transcript named [DQ668358] in transcript <-> gene map; returning transcript as it's own gene
[2021-05-21 18:33:42.538] [jointLog] [warning] couldn't find transcript named [DQ516754] in transcript <-> gene map; returning transcript as it's own gene
[2021-05-21 18:33:42.538] [jointLog] [warning] couldn't find transcript named [DQ516778] in transcript <-> gene map; returning transcript as it's own gene
[2021-05-21 18:33:42.538] [jointLog] [warning] couldn't find transcript named [DQ883650] in transcript <-> gene map; returning transcript as it's own gene
[2021-05-21 18:33:42.538] [jointLog] [warning] couldn't find transcript named [DQ516742] in transcript <-> gene map; returning transcript as it's own gene
[2021-05-21 18:33:42.538] [jointLog] [warning] couldn't find transcript named [DQ883673] in transcript <-> gene map; returning transcript as it's own gene
[2021-05-21 18:33:42.538] [jointLog] [warning] couldn't find transcript named [DQ883652] in transcript <-> gene map; returning transcript as it's own gene
[2021-05-21 18:33:42.538] [jointLog] [warning] couldn't find transcript named [DQ854991] in transcript <-> gene map; returning transcript as it's own gene
[2021-05-21 18:33:42.538] [jointLog] [warning] couldn't find transcript named [DQ516780] in transcript <-> gene map; returning transcript as it's own gene
[2021-05-21 18:33:42.538] [jointLog] [warning] couldn't find transcript named [DQ883682] in transcript <-> gene map; returning transcript as it's own gene
[2021-05-21 18:33:42.538] [jointLog] [warning] couldn't find transcript named [DQ883669] in transcript <-> gene map; returning transcript as it's own gene
[2021-05-21 18:33:42.538] [jointLog] [warning] couldn't find transcript named [DQ516791] in transcript <-> gene map; returning transcript as it's own gene
[2021-05-21 18:33:42.538] [jointLog] [warning] couldn't find transcript named [DQ459425] in transcript <-> gene map; returning transcript as it's own gene
[2021-05-21 18:33:42.538] [jointLog] [warning] couldn't find transcript named [DQ516759] in transcript <-> gene map; returning transcript as it's own gene
[2021-05-21 18:33:42.538] [jointLog] [warning] couldn't find transcript named [DQ459429] in transcript <-> gene map; returning transcript as it's own gene
[2021-05-21 18:33:42.538] [jointLog] [warning] couldn't find transcript named [DQ516758] in transcript <-> gene map; returning transcript as it's own gene
[2021-05-21 18:33:42.538] [jointLog] [warning] couldn't find transcript named [DQ459415] in transcript <-> gene map; returning transcript as it's own gene
[2021-05-21 18:33:42.538] [jointLog] [warning] couldn't find transcript named [DQ875387] in transcript <-> gene map; returning transcript as it's own gene
[2021-05-21 18:33:42.538] [jointLog] [warning] couldn't find transcript named [DQ516815] in transcript <-> gene map; returning transcript as it's own gene
[2021-05-21 18:33:42.538] [jointLog] [warning] couldn't find transcript named [DQ668365] in transcript <-> gene map; returning transcript as it's own gene
[2021-05-21 18:33:42.538] [jointLog] [warning] couldn't find transcript named [DQ854998] in transcript <-> gene map; returning transcript as it's own gene
[2021-05-21 18:33:42.538] [jointLog] [warning] couldn't find transcript named [DQ883685] in transcript <-> gene map; returning transcript as it's own gene
[2021-05-21 18:33:42.538] [jointLog] [warning] couldn't find transcript named [DQ459422] in transcript <-> gene map; returning transcript as it's own gene
[2021-05-21 18:33:42.538] [jointLog] [warning] couldn't find transcript named [DQ883663] in transcript <-> gene map; returning transcript as it's own gene
[2021-05-21 18:33:42.538] [jointLog] [warning] couldn't find transcript named [DQ668367] in transcript <-> gene map; returning transcript as it's own gene
[2021-05-21 18:33:42.538] [jointLog] [warning] couldn't find transcript named [DQ459412] in transcript <-> gene map; returning transcript as it's own gene
[2021-05-21 18:33:42.538] [jointLog] [warning] couldn't find transcript named [DQ854992] in transcript <-> gene map; returning transcript as it's own gene
[2021-05-21 18:33:42.538] [jointLog] [warning] couldn't find transcript named [DQ516782] in transcript <-> gene map; returning transcript as it's own gene
[2021-05-21 18:33:42.538] [jointLog] [warning] couldn't find transcript named [DQ459427] in transcript <-> gene map; returning transcript as it's own gene
[2021-05-21 18:33:42.538] [jointLog] [warning] couldn't find transcript named [EF011072] in transcript <-> gene map; returning transcript as it's own gene
[2021-05-21 18:33:42.538] [jointLog] [warning] couldn't find transcript named [DQ855003] in transcript <-> gene map; returning transcript as it's own gene
[2021-05-21 18:33:42.538] [jointLog] [warning] couldn't find transcript named [DQ516739] in transcript <-> gene map; returning transcript as it's own gene
[2021-05-21 18:33:42.538] [jointLog] [warning] couldn't find transcript named [EF011063] in transcript <-> gene map; returning transcript as it's own gene
[2021-05-21 18:33:42.538] [jointLog] [warning] couldn't find transcript named [DQ855000] in transcript <-> gene map; returning transcript as it's own gene
[2021-05-21 18:33:42.538] [jointLog] [warning] couldn't find transcript named [DQ516777] in transcript <-> gene map; returning transcript as it's own gene
[2021-05-21 18:33:42.538] [jointLog] [warning] couldn't find transcript named [DQ883646] in transcript <-> gene map; returning transcript as it's own gene
[2021-05-21 18:33:42.538] [jointLog] [warning] couldn't find transcript named [DQ668362] in transcript <-> gene map; returning transcript as it's own gene
[2021-05-21 18:33:42.538] [jointLog] [warning] couldn't find transcript named [DQ854995] in transcript <-> gene map; returning transcript as it's own gene
[2021-05-21 18:33:42.538] [jointLog] [warning] couldn't find transcript named [DQ875386] in transcript <-> gene map; returning transcript as it's own gene
[2021-05-21 18:33:42.538] [jointLog] [warning] couldn't find transcript named [DQ516790] in transcript <-> gene map; returning transcript as it's own gene
[2021-05-21 18:33:42.538] [jointLog] [warning] couldn't find transcript named [DQ883642] in transcript <-> gene map; returning transcript as it's own gene
[2021-05-21 18:33:42.538] [jointLog] [warning] couldn't find transcript named [DQ883659] in transcript <-> gene map; returning transcript as it's own gene
[2021-05-21 18:33:42.538] [jointLog] [warning] couldn't find transcript named [DQ854997] in transcript <-> gene map; returning transcript as it's own gene
[2021-05-21 18:33:42.538] [jointLog] [warning] couldn't find transcript named [DQ883643] in transcript <-> gene map; returning transcript as it's own gene
[2021-05-21 18:33:42.538] [jointLog] [warning] couldn't find transcript named [DQ839618] in transcript <-> gene map; returning transcript as it's own gene
[2021-05-21 18:33:42.538] [jointLog] [warning] couldn't find transcript named [DQ516795] in transcript <-> gene map; returning transcript as it's own gene
[2021-05-21 18:33:42.538] [jointLog] [warning] couldn't find transcript named [DQ883658] in transcript <-> gene map; returning transcript as it's own gene
[2021-05-21 18:33:42.538] [jointLog] [warning] couldn't find transcript named [DQ516750] in transcript <-> gene map; returning transcript as it's own gene
[2021-05-21 18:33:42.538] [jointLog] [warning] couldn't find transcript named [DQ668359] in transcript <-> gene map; returning transcript as it's own gene
[2021-05-21 18:33:42.538] [jointLog] [warning] couldn't find transcript named [DQ516779] in transcript <-> gene map; returning transcript as it's own gene
[2021-05-21 18:33:42.538] [jointLog] [warning] couldn't find transcript named [DQ668363] in transcript <-> gene map; returning transcript as it's own gene
[2021-05-21 18:33:42.538] [jointLog] [warning] couldn't find transcript named [DQ516776] in transcript <-> gene map; returning transcript as it's own gene
[2021-05-21 18:33:42.538] [jointLog] [warning] couldn't find transcript named [DQ516773] in transcript <-> gene map; returning transcript as it's own gene
[2021-05-21 18:33:42.538] [jointLog] [warning] couldn't find transcript named [DQ854994] in transcript <-> gene map; returning transcript as it's own gene
[2021-05-21 18:33:42.538] [jointLog] [info] Aggregating expressions to gene level
[2021-05-21 18:33:42.677] [jointLog] [info] done
