[2021-05-21 18:24:33.871] [jointLog] [info] setting maxHashResizeThreads to 6
[2021-05-21 18:24:33.871] [jointLog] [info] Fragment incompatibility prior below threshold.  Incompatible fragments will be ignored.
[2021-05-21 18:24:33.872] [jointLog] [info] numQuantThreads = 3
[2021-05-21 18:24:37.940] [jointLog] [info] replaced 4 non-ACGT nucleotides with random nucleotides
[2021-05-21 18:24:38.264] [fileLog] [info] quantification processed 0 fragments so far

[2021-05-21 18:24:41.823] [fileLog] [info] quantification processed 1000000 fragments so far

[2021-05-21 18:24:44.670] [fileLog] [info] quantification processed 2000000 fragments so far

[2021-05-21 18:24:45.614] [jointLog] [info] 

The alignment group queue pool has been exhausted.  3793623 extra fragments were allocated on the heap to saturate the pool.  No new fragments will be allocated


[2021-05-21 18:24:57.568] [fileLog] [info] quantification processed 3000000 fragments so far

[2021-05-21 18:25:16.759] [fileLog] [info] quantification processed 4000000 fragments so far

[2021-05-21 18:25:35.502] [fileLog] [info] quantification processed 5000000 fragments so far

[2021-05-21 18:25:54.509] [fileLog] [info] quantification processed 6000000 fragments so far

[2021-05-21 18:26:13.595] [fileLog] [info] quantification processed 7000000 fragments so far

[2021-05-21 18:26:17.437] [fileLog] [info] quantification processed 8000000 fragments so far

[2021-05-21 18:26:21.252] [fileLog] [info] quantification processed 9000000 fragments so far

[2021-05-21 18:26:25.124] [fileLog] [info] quantification processed 10000000 fragments so far

[2021-05-21 18:26:28.838] [fileLog] [info] quantification processed 11000000 fragments so far

[2021-05-21 18:26:32.578] [fileLog] [info] quantification processed 12000000 fragments so far

[2021-05-21 18:26:36.318] [fileLog] [info] quantification processed 13000000 fragments so far

[2021-05-21 18:26:39.990] [fileLog] [info] quantification processed 14000000 fragments so far

[2021-05-21 18:26:43.549] [fileLog] [info] quantification processed 15000000 fragments so far

[2021-05-21 18:26:47.217] [fileLog] [info] quantification processed 16000000 fragments so far

[2021-05-21 18:26:50.455] [fileLog] [info] quantification processed 17000000 fragments so far

[2021-05-21 18:26:53.913] [fileLog] [info] quantification processed 18000000 fragments so far

[2021-05-21 18:26:57.442] [fileLog] [info] quantification processed 19000000 fragments so far

[2021-05-21 18:27:00.865] [fileLog] [info] quantification processed 20000000 fragments so far

[2021-05-21 18:27:04.421] [fileLog] [info] quantification processed 21000000 fragments so far

[2021-05-21 18:27:07.923] [fileLog] [info] quantification processed 22000000 fragments so far

[2021-05-21 18:27:11.584] [fileLog] [info] quantification processed 23000000 fragments so far

[2021-05-21 18:27:14.836] [fileLog] [info] quantification processed 24000000 fragments so far

[2021-05-21 18:27:18.677] [fileLog] [info] quantification processed 25000000 fragments so far

[2021-05-21 18:27:21.916] [fileLog] [info] quantification processed 26000000 fragments so far

[2021-05-21 18:27:25.466] [fileLog] [info] quantification processed 27000000 fragments so far

[2021-05-21 18:27:28.958] [fileLog] [info] quantification processed 28000000 fragments so far

[2021-05-21 18:27:32.534] [fileLog] [info] quantification processed 29000000 fragments so far

[2021-05-21 18:27:36.170] [fileLog] [info] quantification processed 30000000 fragments so far

[2021-05-21 18:27:39.640] [fileLog] [info] quantification processed 31000000 fragments so far

[2021-05-21 18:27:43.063] [fileLog] [info] quantification processed 32000000 fragments so far

[2021-05-21 18:27:46.630] [fileLog] [info] quantification processed 33000000 fragments so far

[2021-05-21 18:27:50.134] [fileLog] [info] quantification processed 34000000 fragments so far

[2021-05-21 18:27:53.587] [fileLog] [info] quantification processed 35000000 fragments so far

[2021-05-21 18:27:56.979] [fileLog] [info] quantification processed 36000000 fragments so far

[2021-05-21 18:28:00.534] [fileLog] [info] quantification processed 37000000 fragments so far

[2021-05-21 18:28:04.069] [fileLog] [info] quantification processed 37971424 fragments so far

[2021-05-21 18:28:10.977] [jointLog] [info] Thread saw mini-batch with a maximum of 23.50% zero probability fragments
[2021-05-21 18:28:10.980] [jointLog] [info] Thread saw mini-batch with a maximum of 25.70% zero probability fragments
[2021-05-21 18:28:10.980] [jointLog] [info] Thread saw mini-batch with a maximum of 24.00% zero probability fragments
[2021-05-21 18:28:10.983] [jointLog] [info] 


Completed first pass through the alignment file.
Total # of mapped reads : 37971424
# of uniquely mapped reads : 12029872
# ambiguously mapped reads : 25941552



[2021-05-21 18:28:11.182] [jointLog] [info] Computed 216141 rich equivalence classes for further processing
[2021-05-21 18:28:11.182] [jointLog] [info] Counted 37722605 total reads in the equivalence classes 
[2021-05-21 18:28:11.184] [jointLog] [info] starting optimizer
[2021-05-21 18:28:11.320] [jointLog] [info] Marked 0 weighted equivalence classes as degenerate
[2021-05-21 18:28:11.346] [jointLog] [info] iteration = 0 | max rel diff. = 6465.88
[2021-05-21 18:28:13.075] [jointLog] [info] iteration = 100 | max rel diff. = 16.3533
[2021-05-21 18:28:14.757] [jointLog] [info] iteration = 200 | max rel diff. = 12.6896
[2021-05-21 18:28:16.451] [jointLog] [info] iteration = 300 | max rel diff. = 1.60592
[2021-05-21 18:28:18.133] [jointLog] [info] iteration = 400 | max rel diff. = 1.21885
[2021-05-21 18:28:19.804] [jointLog] [info] iteration = 500 | max rel diff. = 13.1458
[2021-05-21 18:28:21.470] [jointLog] [info] iteration = 600 | max rel diff. = 1.19856
[2021-05-21 18:28:23.126] [jointLog] [info] iteration = 700 | max rel diff. = 0.353037
[2021-05-21 18:28:24.799] [jointLog] [info] iteration = 800 | max rel diff. = 0.360222
[2021-05-21 18:28:26.472] [jointLog] [info] iteration = 900 | max rel diff. = 0.370774
[2021-05-21 18:28:28.123] [jointLog] [info] iteration = 1000 | max rel diff. = 0.118475
[2021-05-21 18:28:29.816] [jointLog] [info] iteration = 1100 | max rel diff. = 0.328375
[2021-05-21 18:28:31.479] [jointLog] [info] iteration = 1200 | max rel diff. = 0.067711
[2021-05-21 18:28:33.116] [jointLog] [info] iteration = 1300 | max rel diff. = 0.0985273
[2021-05-21 18:28:34.784] [jointLog] [info] iteration = 1400 | max rel diff. = 0.305811
[2021-05-21 18:28:36.426] [jointLog] [info] iteration = 1500 | max rel diff. = 0.0277662
[2021-05-21 18:28:38.089] [jointLog] [info] iteration = 1600 | max rel diff. = 0.478455
[2021-05-21 18:28:39.745] [jointLog] [info] iteration = 1700 | max rel diff. = 0.0287934
[2021-05-21 18:28:41.404] [jointLog] [info] iteration = 1800 | max rel diff. = 0.0358927
[2021-05-21 18:28:42.003] [jointLog] [info] iteration = 1836 | max rel diff. = 0.00921023
[2021-05-21 18:28:42.038] [jointLog] [info] finished optimizer
[2021-05-21 18:28:42.038] [jointLog] [info] writing output
[2021-05-21 18:28:44.034] [jointLog] [info] Computing gene-level abundance estimates
[2021-05-21 18:29:12.126] [jointLog] [warning] Feature has no GFF ID
[2021-05-21 18:29:12.126] [jointLog] [warning] Feature has no GFF ID
[2021-05-21 18:29:12.126] [jointLog] [warning] Feature has no GFF ID
[2021-05-21 18:29:12.126] [jointLog] [warning] Feature has no GFF ID
[2021-05-21 18:29:12.126] [jointLog] [warning] Feature has no GFF ID
[2021-05-21 18:29:12.126] [jointLog] [warning] Feature has no GFF ID
[2021-05-21 18:29:12.126] [jointLog] [warning] Feature has no GFF ID
[2021-05-21 18:29:12.126] [jointLog] [warning] Feature has no GFF ID
[2021-05-21 18:29:12.126] [jointLog] [warning] Feature has no GFF ID
[2021-05-21 18:29:12.126] [jointLog] [warning] Feature has no GFF ID
[2021-05-21 18:29:12.126] [jointLog] [warning] Feature has no GFF ID
[2021-05-21 18:29:12.126] [jointLog] [warning] Feature has no GFF ID
[2021-05-21 18:29:12.126] [jointLog] [warning] Feature has no GFF ID
[2021-05-21 18:29:12.126] [jointLog] [warning] Feature has no GFF ID
[2021-05-21 18:29:12.126] [jointLog] [warning] Feature has no GFF ID
[2021-05-21 18:29:12.126] [jointLog] [warning] Feature has no GFF ID
[2021-05-21 18:29:12.126] [jointLog] [warning] Feature has no GFF ID
[2021-05-21 18:29:12.126] [jointLog] [warning] Feature has no GFF ID
[2021-05-21 18:29:12.126] [jointLog] [warning] Feature has no GFF ID
[2021-05-21 18:29:12.126] [jointLog] [warning] Feature has no GFF ID
[2021-05-21 18:29:12.126] [jointLog] [warning] Feature has no GFF ID
[2021-05-21 18:29:12.126] [jointLog] [warning] Feature has no GFF ID
[2021-05-21 18:29:12.126] [jointLog] [warning] Feature has no GFF ID
[2021-05-21 18:29:12.126] [jointLog] [warning] Feature has no GFF ID
[2021-05-21 18:29:12.126] [jointLog] [warning] Feature has no GFF ID
[2021-05-21 18:29:12.126] [jointLog] [warning] Feature has no GFF ID
[2021-05-21 18:29:12.126] [jointLog] [warning] Feature has no GFF ID
[2021-05-21 18:29:12.126] [jointLog] [warning] Feature has no GFF ID
[2021-05-21 18:29:12.126] [jointLog] [warning] Feature has no GFF ID
[2021-05-21 18:29:12.126] [jointLog] [warning] Feature has no GFF ID
[2021-05-21 18:29:12.126] [jointLog] [warning] Feature has no GFF ID
[2021-05-21 18:29:12.126] [jointLog] [warning] Feature has no GFF ID
[2021-05-21 18:29:12.126] [jointLog] [warning] Feature has no GFF ID
[2021-05-21 18:29:12.126] [jointLog] [warning] Feature has no GFF ID
[2021-05-21 18:29:12.126] [jointLog] [warning] Feature has no GFF ID
[2021-05-21 18:29:12.126] [jointLog] [warning] Feature has no GFF ID
[2021-05-21 18:29:12.126] [jointLog] [warning] Feature has no GFF ID
[2021-05-21 18:29:12.126] [jointLog] [warning] Feature has no GFF ID
[2021-05-21 18:29:12.126] [jointLog] [warning] Feature has no GFF ID
[2021-05-21 18:29:12.126] [jointLog] [warning] Feature has no GFF ID
[2021-05-21 18:29:12.126] [jointLog] [warning] Feature has no GFF ID
[2021-05-21 18:29:12.126] [jointLog] [warning] Feature has no GFF ID
[2021-05-21 18:29:12.126] [jointLog] [warning] Feature has no GFF ID
[2021-05-21 18:29:12.126] [jointLog] [warning] Feature has no GFF ID
[2021-05-21 18:29:12.126] [jointLog] [warning] Feature has no GFF ID
[2021-05-21 18:29:12.126] [jointLog] [warning] Feature has no GFF ID
[2021-05-21 18:29:12.126] [jointLog] [warning] Feature has no GFF ID
[2021-05-21 18:29:12.126] [jointLog] [warning] Feature has no GFF ID
[2021-05-21 18:29:12.126] [jointLog] [warning] Feature has no GFF ID
[2021-05-21 18:29:12.126] [jointLog] [warning] Feature has no GFF ID
[2021-05-21 18:29:12.126] [jointLog] [warning] Feature has no GFF ID
[2021-05-21 18:29:12.126] [jointLog] [warning] Feature has no GFF ID
[2021-05-21 18:29:12.126] [jointLog] [warning] Feature has no GFF ID
[2021-05-21 18:29:12.126] [jointLog] [warning] Feature has no GFF ID
[2021-05-21 18:29:12.126] [jointLog] [warning] Feature has no GFF ID
[2021-05-21 18:29:12.126] [jointLog] [warning] Feature has no GFF ID
[2021-05-21 18:29:12.126] [jointLog] [warning] Feature has no GFF ID
[2021-05-21 18:29:12.126] [jointLog] [warning] Feature has no GFF ID
[2021-05-21 18:29:12.126] [jointLog] [warning] Feature has no GFF ID
[2021-05-21 18:29:12.126] [jointLog] [warning] Feature has no GFF ID
[2021-05-21 18:29:12.126] [jointLog] [warning] Feature has no GFF ID
[2021-05-21 18:29:12.126] [jointLog] [warning] Feature has no GFF ID
[2021-05-21 18:29:12.126] [jointLog] [warning] Feature has no GFF ID
[2021-05-21 18:29:12.126] [jointLog] [warning] Feature has no GFF ID
[2021-05-21 18:29:12.126] [jointLog] [warning] Feature has no GFF ID
[2021-05-21 18:29:12.126] [jointLog] [warning] Feature has no GFF ID
[2021-05-21 18:29:12.126] [jointLog] [warning] Feature has no GFF ID
[2021-05-21 18:29:12.126] [jointLog] [warning] Feature has no GFF ID
[2021-05-21 18:29:12.126] [jointLog] [warning] Feature has no GFF ID
[2021-05-21 18:29:12.126] [jointLog] [warning] Feature has no GFF ID
[2021-05-21 18:29:12.126] [jointLog] [warning] Feature has no GFF ID
[2021-05-21 18:29:12.126] [jointLog] [warning] Feature has no GFF ID
[2021-05-21 18:29:12.126] [jointLog] [warning] Feature has no GFF ID
[2021-05-21 18:29:12.126] [jointLog] [warning] Feature has no GFF ID
[2021-05-21 18:29:12.126] [jointLog] [warning] Feature has no GFF ID
[2021-05-21 18:29:12.126] [jointLog] [warning] Feature has no GFF ID
[2021-05-21 18:29:12.126] [jointLog] [warning] Feature has no GFF ID
[2021-05-21 18:29:12.126] [jointLog] [warning] Feature has no GFF ID
[2021-05-21 18:29:12.126] [jointLog] [warning] Feature has no GFF ID
[2021-05-21 18:29:12.126] [jointLog] [warning] Feature has no GFF ID
[2021-05-21 18:29:12.126] [jointLog] [warning] Feature has no GFF ID
[2021-05-21 18:29:12.126] [jointLog] [warning] Feature has no GFF ID
[2021-05-21 18:29:12.126] [jointLog] [warning] Feature has no GFF ID
[2021-05-21 18:29:12.126] [jointLog] [warning] Feature has no GFF ID
[2021-05-21 18:29:12.126] [jointLog] [warning] Feature has no GFF ID
[2021-05-21 18:29:12.126] [jointLog] [warning] Feature has no GFF ID
[2021-05-21 18:29:12.126] [jointLog] [warning] Feature has no GFF ID
[2021-05-21 18:29:12.126] [jointLog] [warning] Feature has no GFF ID
[2021-05-21 18:29:12.126] [jointLog] [warning] Feature has no GFF ID
[2021-05-21 18:29:12.126] [jointLog] [warning] Feature has no GFF ID
[2021-05-21 18:29:12.126] [jointLog] [warning] Feature has no GFF ID
[2021-05-21 18:29:12.126] [jointLog] [warning] Feature has no GFF ID
[2021-05-21 18:29:12.432] [jointLog] [info] There were 142604 transcripts mapping to 55401 genes
[2021-05-21 18:29:12.432] [jointLog] [info] NOTE: We recommend using tximport (https://bioconductor.org/packages/release/bioc/html/tximport.html) for aggregating transcript-level salmon abundance estimates to the gene level.  It is more versatile, exposes more features, and allows considering multi-sample information during aggregation.
[2021-05-21 18:29:12.706] [jointLog] [warning] couldn't find transcript named [DQ459430] in transcript <-> gene map; returning transcript as it's own gene
[2021-05-21 18:29:12.706] [jointLog] [warning] couldn't find transcript named [DQ516784] in transcript <-> gene map; returning transcript as it's own gene
[2021-05-21 18:29:12.706] [jointLog] [warning] couldn't find transcript named [DQ516752] in transcript <-> gene map; returning transcript as it's own gene
[2021-05-21 18:29:12.706] [jointLog] [warning] couldn't find transcript named [DQ668364] in transcript <-> gene map; returning transcript as it's own gene
[2021-05-21 18:29:12.706] [jointLog] [warning] couldn't find transcript named [DQ883670] in transcript <-> gene map; returning transcript as it's own gene
[2021-05-21 18:29:12.706] [jointLog] [warning] couldn't find transcript named [EF011062] in transcript <-> gene map; returning transcript as it's own gene
[2021-05-21 18:29:12.706] [jointLog] [warning] couldn't find transcript named [DQ875385] in transcript <-> gene map; returning transcript as it's own gene
[2021-05-21 18:29:12.706] [jointLog] [warning] couldn't find transcript named [DQ883664] in transcript <-> gene map; returning transcript as it's own gene
[2021-05-21 18:29:12.706] [jointLog] [warning] couldn't find transcript named [DQ459420] in transcript <-> gene map; returning transcript as it's own gene
[2021-05-21 18:29:12.706] [jointLog] [warning] couldn't find transcript named [DQ883651] in transcript <-> gene map; returning transcript as it's own gene
[2021-05-21 18:29:12.706] [jointLog] [warning] couldn't find transcript named [DQ855004] in transcript <-> gene map; returning transcript as it's own gene
[2021-05-21 18:29:12.706] [jointLog] [warning] couldn't find transcript named [DQ854993] in transcript <-> gene map; returning transcript as it's own gene
[2021-05-21 18:29:12.706] [jointLog] [warning] couldn't find transcript named [DQ883689] in transcript <-> gene map; returning transcript as it's own gene
[2021-05-21 18:29:12.706] [jointLog] [warning] couldn't find transcript named [DQ459419] in transcript <-> gene map; returning transcript as it's own gene
[2021-05-21 18:29:12.706] [jointLog] [warning] couldn't find transcript named [DQ459431] in transcript <-> gene map; returning transcript as it's own gene
[2021-05-21 18:29:12.706] [jointLog] [warning] couldn't find transcript named [DQ516796] in transcript <-> gene map; returning transcript as it's own gene
[2021-05-21 18:29:12.706] [jointLog] [warning] couldn't find transcript named [DQ855001] in transcript <-> gene map; returning transcript as it's own gene
[2021-05-21 18:29:12.706] [jointLog] [warning] couldn't find transcript named [DQ459413] in transcript <-> gene map; returning transcript as it's own gene
[2021-05-21 18:29:12.706] [jointLog] [warning] couldn't find transcript named [DQ883656] in transcript <-> gene map; returning transcript as it's own gene
[2021-05-21 18:29:12.706] [jointLog] [warning] couldn't find transcript named [DQ883661] in transcript <-> gene map; returning transcript as it's own gene
[2021-05-21 18:29:12.706] [jointLog] [warning] couldn't find transcript named [EF011069] in transcript <-> gene map; returning transcript as it's own gene
[2021-05-21 18:29:12.706] [jointLog] [warning] couldn't find transcript named [DQ516783] in transcript <-> gene map; returning transcript as it's own gene
[2021-05-21 18:29:12.706] [jointLog] [warning] couldn't find transcript named [DQ516787] in transcript <-> gene map; returning transcript as it's own gene
[2021-05-21 18:29:12.706] [jointLog] [warning] couldn't find transcript named [DQ459424] in transcript <-> gene map; returning transcript as it's own gene
[2021-05-21 18:29:12.706] [jointLog] [warning] couldn't find transcript named [DQ516748] in transcript <-> gene map; returning transcript as it's own gene
[2021-05-21 18:29:12.706] [jointLog] [warning] couldn't find transcript named [DQ883671] in transcript <-> gene map; returning transcript as it's own gene
[2021-05-21 18:29:12.706] [jointLog] [warning] couldn't find transcript named [DQ516740] in transcript <-> gene map; returning transcript as it's own gene
[2021-05-21 18:29:12.706] [jointLog] [warning] couldn't find transcript named [DQ516785] in transcript <-> gene map; returning transcript as it's own gene
[2021-05-21 18:29:12.706] [jointLog] [warning] couldn't find transcript named [DQ516731] in transcript <-> gene map; returning transcript as it's own gene
[2021-05-21 18:29:12.706] [jointLog] [warning] couldn't find transcript named [DQ668366] in transcript <-> gene map; returning transcript as it's own gene
[2021-05-21 18:29:12.706] [jointLog] [warning] couldn't find transcript named [DQ459418] in transcript <-> gene map; returning transcript as it's own gene
[2021-05-21 18:29:12.706] [jointLog] [warning] couldn't find transcript named [DQ668356] in transcript <-> gene map; returning transcript as it's own gene
[2021-05-21 18:29:12.706] [jointLog] [warning] couldn't find transcript named [DQ516763] in transcript <-> gene map; returning transcript as it's own gene
[2021-05-21 18:29:12.706] [jointLog] [warning] couldn't find transcript named [DQ459426] in transcript <-> gene map; returning transcript as it's own gene
[2021-05-21 18:29:12.706] [jointLog] [warning] couldn't find transcript named [DQ516786] in transcript <-> gene map; returning transcript as it's own gene
[2021-05-21 18:29:12.706] [jointLog] [warning] couldn't find transcript named [DQ883653] in transcript <-> gene map; returning transcript as it's own gene
[2021-05-21 18:29:12.706] [jointLog] [warning] couldn't find transcript named [DQ459421] in transcript <-> gene map; returning transcript as it's own gene
[2021-05-21 18:29:12.706] [jointLog] [warning] couldn't find transcript named [DQ883654] in transcript <-> gene map; returning transcript as it's own gene
[2021-05-21 18:29:12.706] [jointLog] [warning] couldn't find transcript named [DQ668358] in transcript <-> gene map; returning transcript as it's own gene
[2021-05-21 18:29:12.706] [jointLog] [warning] couldn't find transcript named [DQ516754] in transcript <-> gene map; returning transcript as it's own gene
[2021-05-21 18:29:12.706] [jointLog] [warning] couldn't find transcript named [DQ516778] in transcript <-> gene map; returning transcript as it's own gene
[2021-05-21 18:29:12.706] [jointLog] [warning] couldn't find transcript named [DQ883650] in transcript <-> gene map; returning transcript as it's own gene
[2021-05-21 18:29:12.706] [jointLog] [warning] couldn't find transcript named [DQ516742] in transcript <-> gene map; returning transcript as it's own gene
[2021-05-21 18:29:12.706] [jointLog] [warning] couldn't find transcript named [DQ883673] in transcript <-> gene map; returning transcript as it's own gene
[2021-05-21 18:29:12.706] [jointLog] [warning] couldn't find transcript named [DQ883652] in transcript <-> gene map; returning transcript as it's own gene
[2021-05-21 18:29:12.706] [jointLog] [warning] couldn't find transcript named [DQ854991] in transcript <-> gene map; returning transcript as it's own gene
[2021-05-21 18:29:12.706] [jointLog] [warning] couldn't find transcript named [DQ516780] in transcript <-> gene map; returning transcript as it's own gene
[2021-05-21 18:29:12.706] [jointLog] [warning] couldn't find transcript named [DQ883682] in transcript <-> gene map; returning transcript as it's own gene
[2021-05-21 18:29:12.706] [jointLog] [warning] couldn't find transcript named [DQ883669] in transcript <-> gene map; returning transcript as it's own gene
[2021-05-21 18:29:12.706] [jointLog] [warning] couldn't find transcript named [DQ516791] in transcript <-> gene map; returning transcript as it's own gene
[2021-05-21 18:29:12.706] [jointLog] [warning] couldn't find transcript named [DQ459425] in transcript <-> gene map; returning transcript as it's own gene
[2021-05-21 18:29:12.706] [jointLog] [warning] couldn't find transcript named [DQ516759] in transcript <-> gene map; returning transcript as it's own gene
[2021-05-21 18:29:12.706] [jointLog] [warning] couldn't find transcript named [DQ459429] in transcript <-> gene map; returning transcript as it's own gene
[2021-05-21 18:29:12.706] [jointLog] [warning] couldn't find transcript named [DQ516758] in transcript <-> gene map; returning transcript as it's own gene
[2021-05-21 18:29:12.706] [jointLog] [warning] couldn't find transcript named [DQ459415] in transcript <-> gene map; returning transcript as it's own gene
[2021-05-21 18:29:12.706] [jointLog] [warning] couldn't find transcript named [DQ875387] in transcript <-> gene map; returning transcript as it's own gene
[2021-05-21 18:29:12.706] [jointLog] [warning] couldn't find transcript named [DQ516815] in transcript <-> gene map; returning transcript as it's own gene
[2021-05-21 18:29:12.706] [jointLog] [warning] couldn't find transcript named [DQ668365] in transcript <-> gene map; returning transcript as it's own gene
[2021-05-21 18:29:12.706] [jointLog] [warning] couldn't find transcript named [DQ854998] in transcript <-> gene map; returning transcript as it's own gene
[2021-05-21 18:29:12.706] [jointLog] [warning] couldn't find transcript named [DQ883685] in transcript <-> gene map; returning transcript as it's own gene
[2021-05-21 18:29:12.706] [jointLog] [warning] couldn't find transcript named [DQ459422] in transcript <-> gene map; returning transcript as it's own gene
[2021-05-21 18:29:12.706] [jointLog] [warning] couldn't find transcript named [DQ883663] in transcript <-> gene map; returning transcript as it's own gene
[2021-05-21 18:29:12.706] [jointLog] [warning] couldn't find transcript named [DQ668367] in transcript <-> gene map; returning transcript as it's own gene
[2021-05-21 18:29:12.706] [jointLog] [warning] couldn't find transcript named [DQ459412] in transcript <-> gene map; returning transcript as it's own gene
[2021-05-21 18:29:12.706] [jointLog] [warning] couldn't find transcript named [DQ854992] in transcript <-> gene map; returning transcript as it's own gene
[2021-05-21 18:29:12.706] [jointLog] [warning] couldn't find transcript named [DQ516782] in transcript <-> gene map; returning transcript as it's own gene
[2021-05-21 18:29:12.706] [jointLog] [warning] couldn't find transcript named [DQ459427] in transcript <-> gene map; returning transcript as it's own gene
[2021-05-21 18:29:12.706] [jointLog] [warning] couldn't find transcript named [EF011072] in transcript <-> gene map; returning transcript as it's own gene
[2021-05-21 18:29:12.706] [jointLog] [warning] couldn't find transcript named [DQ855003] in transcript <-> gene map; returning transcript as it's own gene
[2021-05-21 18:29:12.706] [jointLog] [warning] couldn't find transcript named [DQ516739] in transcript <-> gene map; returning transcript as it's own gene
[2021-05-21 18:29:12.706] [jointLog] [warning] couldn't find transcript named [EF011063] in transcript <-> gene map; returning transcript as it's own gene
[2021-05-21 18:29:12.706] [jointLog] [warning] couldn't find transcript named [DQ855000] in transcript <-> gene map; returning transcript as it's own gene
[2021-05-21 18:29:12.706] [jointLog] [warning] couldn't find transcript named [DQ516777] in transcript <-> gene map; returning transcript as it's own gene
[2021-05-21 18:29:12.706] [jointLog] [warning] couldn't find transcript named [DQ883646] in transcript <-> gene map; returning transcript as it's own gene
[2021-05-21 18:29:12.706] [jointLog] [warning] couldn't find transcript named [DQ668362] in transcript <-> gene map; returning transcript as it's own gene
[2021-05-21 18:29:12.706] [jointLog] [warning] couldn't find transcript named [DQ854995] in transcript <-> gene map; returning transcript as it's own gene
[2021-05-21 18:29:12.706] [jointLog] [warning] couldn't find transcript named [DQ875386] in transcript <-> gene map; returning transcript as it's own gene
[2021-05-21 18:29:12.706] [jointLog] [warning] couldn't find transcript named [DQ516790] in transcript <-> gene map; returning transcript as it's own gene
[2021-05-21 18:29:12.706] [jointLog] [warning] couldn't find transcript named [DQ883642] in transcript <-> gene map; returning transcript as it's own gene
[2021-05-21 18:29:12.706] [jointLog] [warning] couldn't find transcript named [DQ883659] in transcript <-> gene map; returning transcript as it's own gene
[2021-05-21 18:29:12.706] [jointLog] [warning] couldn't find transcript named [DQ854997] in transcript <-> gene map; returning transcript as it's own gene
[2021-05-21 18:29:12.706] [jointLog] [warning] couldn't find transcript named [DQ883643] in transcript <-> gene map; returning transcript as it's own gene
[2021-05-21 18:29:12.706] [jointLog] [warning] couldn't find transcript named [DQ839618] in transcript <-> gene map; returning transcript as it's own gene
[2021-05-21 18:29:12.706] [jointLog] [warning] couldn't find transcript named [DQ516795] in transcript <-> gene map; returning transcript as it's own gene
[2021-05-21 18:29:12.706] [jointLog] [warning] couldn't find transcript named [DQ883658] in transcript <-> gene map; returning transcript as it's own gene
[2021-05-21 18:29:12.706] [jointLog] [warning] couldn't find transcript named [DQ516750] in transcript <-> gene map; returning transcript as it's own gene
[2021-05-21 18:29:12.706] [jointLog] [warning] couldn't find transcript named [DQ668359] in transcript <-> gene map; returning transcript as it's own gene
[2021-05-21 18:29:12.706] [jointLog] [warning] couldn't find transcript named [DQ516779] in transcript <-> gene map; returning transcript as it's own gene
[2021-05-21 18:29:12.706] [jointLog] [warning] couldn't find transcript named [DQ668363] in transcript <-> gene map; returning transcript as it's own gene
[2021-05-21 18:29:12.706] [jointLog] [warning] couldn't find transcript named [DQ516776] in transcript <-> gene map; returning transcript as it's own gene
[2021-05-21 18:29:12.706] [jointLog] [warning] couldn't find transcript named [DQ516773] in transcript <-> gene map; returning transcript as it's own gene
[2021-05-21 18:29:12.706] [jointLog] [warning] couldn't find transcript named [DQ854994] in transcript <-> gene map; returning transcript as it's own gene
[2021-05-21 18:29:12.707] [jointLog] [info] Aggregating expressions to gene level
[2021-05-21 18:29:12.865] [jointLog] [info] done
