[2021-04-27 21:47:35.614] [jointLog] [info] setting maxHashResizeThreads to 6
[2021-04-27 21:47:35.614] [jointLog] [info] Fragment incompatibility prior below threshold.  Incompatible fragments will be ignored.
[2021-04-27 21:47:35.615] [jointLog] [info] numQuantThreads = 3
[2021-04-27 21:47:41.179] [fileLog] [info] quantification processed 0 fragments so far

[2021-04-27 21:47:40.934] [jointLog] [info] replaced 4 non-ACGT nucleotides with random nucleotides
[2021-04-27 21:47:44.345] [fileLog] [info] quantification processed 1000000 fragments so far

[2021-04-27 21:47:47.542] [fileLog] [info] quantification processed 2000000 fragments so far

[2021-04-27 21:47:49.249] [jointLog] [info] 

The alignment group queue pool has been exhausted.  3566281 extra fragments were allocated on the heap to saturate the pool.  No new fragments will be allocated


[2021-04-27 21:47:55.590] [fileLog] [info] quantification processed 3000000 fragments so far

[2021-04-27 21:48:09.570] [fileLog] [info] quantification processed 4000000 fragments so far

[2021-04-27 21:48:23.597] [fileLog] [info] quantification processed 5000000 fragments so far

[2021-04-27 21:48:37.561] [fileLog] [info] quantification processed 6000000 fragments so far

[2021-04-27 21:48:51.465] [fileLog] [info] quantification processed 7000000 fragments so far

[2021-04-27 21:48:54.700] [fileLog] [info] quantification processed 8000000 fragments so far

[2021-04-27 21:48:57.889] [fileLog] [info] quantification processed 9000000 fragments so far

[2021-04-27 21:49:01.119] [fileLog] [info] quantification processed 10000000 fragments so far

[2021-04-27 21:49:04.234] [fileLog] [info] quantification processed 11000000 fragments so far

[2021-04-27 21:49:07.370] [fileLog] [info] quantification processed 12000000 fragments so far

[2021-04-27 21:49:10.607] [fileLog] [info] quantification processed 13000000 fragments so far

[2021-04-27 21:49:13.780] [fileLog] [info] quantification processed 14000000 fragments so far

[2021-04-27 21:49:16.947] [fileLog] [info] quantification processed 15000000 fragments so far

[2021-04-27 21:49:20.072] [fileLog] [info] quantification processed 16000000 fragments so far

[2021-04-27 21:49:23.260] [fileLog] [info] quantification processed 17000000 fragments so far

[2021-04-27 21:49:26.436] [fileLog] [info] quantification processed 18000000 fragments so far

[2021-04-27 21:49:29.595] [fileLog] [info] quantification processed 19000000 fragments so far

[2021-04-27 21:49:32.707] [fileLog] [info] quantification processed 20000000 fragments so far

[2021-04-27 21:49:35.867] [fileLog] [info] quantification processed 21000000 fragments so far

[2021-04-27 21:49:39.021] [fileLog] [info] quantification processed 22000000 fragments so far

[2021-04-27 21:49:42.192] [fileLog] [info] quantification processed 23000000 fragments so far

[2021-04-27 21:49:45.347] [fileLog] [info] quantification processed 24000000 fragments so far

[2021-04-27 21:49:48.539] [fileLog] [info] quantification processed 25000000 fragments so far

[2021-04-27 21:49:51.765] [fileLog] [info] quantification processed 26000000 fragments so far

[2021-04-27 21:49:54.937] [fileLog] [info] quantification processed 27000000 fragments so far

[2021-04-27 21:49:58.171] [fileLog] [info] quantification processed 28000000 fragments so far

[2021-04-27 21:50:01.319] [fileLog] [info] quantification processed 29000000 fragments so far

[2021-04-27 21:50:04.455] [fileLog] [info] quantification processed 30000000 fragments so far

[2021-04-27 21:50:07.697] [fileLog] [info] quantification processed 31000000 fragments so far

[2021-04-27 21:50:10.917] [fileLog] [info] quantification processed 32000000 fragments so far

[2021-04-27 21:50:14.087] [fileLog] [info] quantification processed 33000000 fragments so far

[2021-04-27 21:50:17.229] [fileLog] [info] quantification processed 34000000 fragments so far

[2021-04-27 21:50:20.428] [fileLog] [info] quantification processed 35000000 fragments so far

[2021-04-27 21:50:23.654] [fileLog] [info] quantification processed 36000000 fragments so far

[2021-04-27 21:50:26.862] [fileLog] [info] quantification processed 37000000 fragments so far

[2021-04-27 21:50:30.033] [fileLog] [info] quantification processed 38000000 fragments so far

[2021-04-27 21:50:33.192] [fileLog] [info] quantification processed 39000000 fragments so far

[2021-04-27 21:50:36.355] [fileLog] [info] quantification processed 40000000 fragments so far

[2021-04-27 21:50:39.530] [fileLog] [info] quantification processed 41000000 fragments so far

[2021-04-27 21:50:42.726] [fileLog] [info] quantification processed 42000000 fragments so far

[2021-04-27 21:50:45.964] [fileLog] [info] quantification processed 43000000 fragments so far

[2021-04-27 21:50:49.132] [fileLog] [info] quantification processed 44000000 fragments so far

[2021-04-27 21:50:49.230] [fileLog] [info] quantification processed 44030617 fragments so far

[2021-04-27 21:50:55.083] [jointLog] [info] Thread saw mini-batch with a maximum of 19.50% zero probability fragments
[2021-04-27 21:50:55.085] [jointLog] [info] Thread saw mini-batch with a maximum of 17.30% zero probability fragments
[2021-04-27 21:50:55.086] [jointLog] [info] Thread saw mini-batch with a maximum of 17.90% zero probability fragments
[2021-04-27 21:50:55.086] [jointLog] [info] 


Completed first pass through the alignment file.
Total # of mapped reads : 44030617
# of uniquely mapped reads : 15049011
# ambiguously mapped reads : 28981606



[2021-04-27 21:50:55.210] [jointLog] [info] Computed 201170 rich equivalence classes for further processing
[2021-04-27 21:50:55.210] [jointLog] [info] Counted 43813392 total reads in the equivalence classes 
[2021-04-27 21:50:55.212] [jointLog] [info] starting optimizer
[2021-04-27 21:50:55.306] [jointLog] [info] Marked 0 weighted equivalence classes as degenerate
[2021-04-27 21:50:55.323] [jointLog] [info] iteration = 0 | max rel diff. = 3795.34
[2021-04-27 21:50:56.724] [jointLog] [info] iteration = 100 | max rel diff. = 18.4772
[2021-04-27 21:50:58.106] [jointLog] [info] iteration = 200 | max rel diff. = 14.9662
[2021-04-27 21:50:59.485] [jointLog] [info] iteration = 300 | max rel diff. = 1.44219
[2021-04-27 21:51:00.862] [jointLog] [info] iteration = 400 | max rel diff. = 0.470535
[2021-04-27 21:51:02.239] [jointLog] [info] iteration = 500 | max rel diff. = 9.19311
[2021-04-27 21:51:03.620] [jointLog] [info] iteration = 600 | max rel diff. = 0.642456
[2021-04-27 21:51:04.994] [jointLog] [info] iteration = 700 | max rel diff. = 0.784789
[2021-04-27 21:51:06.379] [jointLog] [info] iteration = 800 | max rel diff. = 0.215342
[2021-04-27 21:51:07.756] [jointLog] [info] iteration = 900 | max rel diff. = 0.120066
[2021-04-27 21:51:09.139] [jointLog] [info] iteration = 1000 | max rel diff. = 0.218506
[2021-04-27 21:51:10.510] [jointLog] [info] iteration = 1100 | max rel diff. = 0.0487486
[2021-04-27 21:51:11.882] [jointLog] [info] iteration = 1200 | max rel diff. = 1.68675
[2021-04-27 21:51:13.261] [jointLog] [info] iteration = 1300 | max rel diff. = 0.130372
[2021-04-27 21:51:14.635] [jointLog] [info] iteration = 1400 | max rel diff. = 0.264424
[2021-04-27 21:51:16.006] [jointLog] [info] iteration = 1500 | max rel diff. = 0.0751491
[2021-04-27 21:51:17.376] [jointLog] [info] iteration = 1600 | max rel diff. = 0.255988
[2021-04-27 21:51:18.757] [jointLog] [info] iteration = 1700 | max rel diff. = 0.0881509
[2021-04-27 21:51:20.128] [jointLog] [info] iteration = 1800 | max rel diff. = 0.553057
[2021-04-27 21:51:21.498] [jointLog] [info] iteration = 1900 | max rel diff. = 0.408182
[2021-04-27 21:51:22.868] [jointLog] [info] iteration = 2000 | max rel diff. = 0.0614269
[2021-04-27 21:51:24.264] [jointLog] [info] iteration = 2100 | max rel diff. = 0.0330325
[2021-04-27 21:51:25.638] [jointLog] [info] iteration = 2200 | max rel diff. = 0.0251373
[2021-04-27 21:51:26.216] [jointLog] [info] iteration = 2243 | max rel diff. = 0.00559174
[2021-04-27 21:51:26.246] [jointLog] [info] finished optimizer
[2021-04-27 21:51:26.246] [jointLog] [info] writing output
[2021-04-27 21:51:27.904] [jointLog] [info] Computing gene-level abundance estimates
[2021-04-27 21:51:54.883] [jointLog] [warning] Feature has no GFF ID
[2021-04-27 21:51:54.883] [jointLog] [warning] Feature has no GFF ID
[2021-04-27 21:51:54.883] [jointLog] [warning] Feature has no GFF ID
[2021-04-27 21:51:54.883] [jointLog] [warning] Feature has no GFF ID
[2021-04-27 21:51:54.883] [jointLog] [warning] Feature has no GFF ID
[2021-04-27 21:51:54.883] [jointLog] [warning] Feature has no GFF ID
[2021-04-27 21:51:54.883] [jointLog] [warning] Feature has no GFF ID
[2021-04-27 21:51:54.883] [jointLog] [warning] Feature has no GFF ID
[2021-04-27 21:51:54.883] [jointLog] [warning] Feature has no GFF ID
[2021-04-27 21:51:54.883] [jointLog] [warning] Feature has no GFF ID
[2021-04-27 21:51:54.883] [jointLog] [warning] Feature has no GFF ID
[2021-04-27 21:51:54.883] [jointLog] [warning] Feature has no GFF ID
[2021-04-27 21:51:54.883] [jointLog] [warning] Feature has no GFF ID
[2021-04-27 21:51:54.883] [jointLog] [warning] Feature has no GFF ID
[2021-04-27 21:51:54.883] [jointLog] [warning] Feature has no GFF ID
[2021-04-27 21:51:54.883] [jointLog] [warning] Feature has no GFF ID
[2021-04-27 21:51:54.883] [jointLog] [warning] Feature has no GFF ID
[2021-04-27 21:51:54.883] [jointLog] [warning] Feature has no GFF ID
[2021-04-27 21:51:54.883] [jointLog] [warning] Feature has no GFF ID
[2021-04-27 21:51:54.883] [jointLog] [warning] Feature has no GFF ID
[2021-04-27 21:51:54.883] [jointLog] [warning] Feature has no GFF ID
[2021-04-27 21:51:54.883] [jointLog] [warning] Feature has no GFF ID
[2021-04-27 21:51:54.883] [jointLog] [warning] Feature has no GFF ID
[2021-04-27 21:51:54.883] [jointLog] [warning] Feature has no GFF ID
[2021-04-27 21:51:54.883] [jointLog] [warning] Feature has no GFF ID
[2021-04-27 21:51:54.883] [jointLog] [warning] Feature has no GFF ID
[2021-04-27 21:51:54.883] [jointLog] [warning] Feature has no GFF ID
[2021-04-27 21:51:54.883] [jointLog] [warning] Feature has no GFF ID
[2021-04-27 21:51:54.883] [jointLog] [warning] Feature has no GFF ID
[2021-04-27 21:51:54.883] [jointLog] [warning] Feature has no GFF ID
[2021-04-27 21:51:54.883] [jointLog] [warning] Feature has no GFF ID
[2021-04-27 21:51:54.883] [jointLog] [warning] Feature has no GFF ID
[2021-04-27 21:51:54.883] [jointLog] [warning] Feature has no GFF ID
[2021-04-27 21:51:54.883] [jointLog] [warning] Feature has no GFF ID
[2021-04-27 21:51:54.883] [jointLog] [warning] Feature has no GFF ID
[2021-04-27 21:51:54.883] [jointLog] [warning] Feature has no GFF ID
[2021-04-27 21:51:54.883] [jointLog] [warning] Feature has no GFF ID
[2021-04-27 21:51:54.883] [jointLog] [warning] Feature has no GFF ID
[2021-04-27 21:51:54.883] [jointLog] [warning] Feature has no GFF ID
[2021-04-27 21:51:54.883] [jointLog] [warning] Feature has no GFF ID
[2021-04-27 21:51:54.883] [jointLog] [warning] Feature has no GFF ID
[2021-04-27 21:51:54.883] [jointLog] [warning] Feature has no GFF ID
[2021-04-27 21:51:54.883] [jointLog] [warning] Feature has no GFF ID
[2021-04-27 21:51:54.883] [jointLog] [warning] Feature has no GFF ID
[2021-04-27 21:51:54.883] [jointLog] [warning] Feature has no GFF ID
[2021-04-27 21:51:54.883] [jointLog] [warning] Feature has no GFF ID
[2021-04-27 21:51:54.883] [jointLog] [warning] Feature has no GFF ID
[2021-04-27 21:51:54.883] [jointLog] [warning] Feature has no GFF ID
[2021-04-27 21:51:54.883] [jointLog] [warning] Feature has no GFF ID
[2021-04-27 21:51:54.883] [jointLog] [warning] Feature has no GFF ID
[2021-04-27 21:51:54.883] [jointLog] [warning] Feature has no GFF ID
[2021-04-27 21:51:54.883] [jointLog] [warning] Feature has no GFF ID
[2021-04-27 21:51:54.883] [jointLog] [warning] Feature has no GFF ID
[2021-04-27 21:51:54.883] [jointLog] [warning] Feature has no GFF ID
[2021-04-27 21:51:54.883] [jointLog] [warning] Feature has no GFF ID
[2021-04-27 21:51:54.883] [jointLog] [warning] Feature has no GFF ID
[2021-04-27 21:51:54.883] [jointLog] [warning] Feature has no GFF ID
[2021-04-27 21:51:54.883] [jointLog] [warning] Feature has no GFF ID
[2021-04-27 21:51:54.883] [jointLog] [warning] Feature has no GFF ID
[2021-04-27 21:51:54.883] [jointLog] [warning] Feature has no GFF ID
[2021-04-27 21:51:54.883] [jointLog] [warning] Feature has no GFF ID
[2021-04-27 21:51:54.883] [jointLog] [warning] Feature has no GFF ID
[2021-04-27 21:51:54.883] [jointLog] [warning] Feature has no GFF ID
[2021-04-27 21:51:54.883] [jointLog] [warning] Feature has no GFF ID
[2021-04-27 21:51:54.883] [jointLog] [warning] Feature has no GFF ID
[2021-04-27 21:51:54.883] [jointLog] [warning] Feature has no GFF ID
[2021-04-27 21:51:54.883] [jointLog] [warning] Feature has no GFF ID
[2021-04-27 21:51:54.883] [jointLog] [warning] Feature has no GFF ID
[2021-04-27 21:51:54.883] [jointLog] [warning] Feature has no GFF ID
[2021-04-27 21:51:54.884] [jointLog] [warning] Feature has no GFF ID
[2021-04-27 21:51:54.884] [jointLog] [warning] Feature has no GFF ID
[2021-04-27 21:51:54.884] [jointLog] [warning] Feature has no GFF ID
[2021-04-27 21:51:54.884] [jointLog] [warning] Feature has no GFF ID
[2021-04-27 21:51:54.884] [jointLog] [warning] Feature has no GFF ID
[2021-04-27 21:51:54.884] [jointLog] [warning] Feature has no GFF ID
[2021-04-27 21:51:54.884] [jointLog] [warning] Feature has no GFF ID
[2021-04-27 21:51:54.884] [jointLog] [warning] Feature has no GFF ID
[2021-04-27 21:51:54.884] [jointLog] [warning] Feature has no GFF ID
[2021-04-27 21:51:54.884] [jointLog] [warning] Feature has no GFF ID
[2021-04-27 21:51:54.884] [jointLog] [warning] Feature has no GFF ID
[2021-04-27 21:51:54.884] [jointLog] [warning] Feature has no GFF ID
[2021-04-27 21:51:54.884] [jointLog] [warning] Feature has no GFF ID
[2021-04-27 21:51:54.884] [jointLog] [warning] Feature has no GFF ID
[2021-04-27 21:51:54.884] [jointLog] [warning] Feature has no GFF ID
[2021-04-27 21:51:54.884] [jointLog] [warning] Feature has no GFF ID
[2021-04-27 21:51:54.884] [jointLog] [warning] Feature has no GFF ID
[2021-04-27 21:51:54.884] [jointLog] [warning] Feature has no GFF ID
[2021-04-27 21:51:54.884] [jointLog] [warning] Feature has no GFF ID
[2021-04-27 21:51:54.884] [jointLog] [warning] Feature has no GFF ID
[2021-04-27 21:51:54.884] [jointLog] [warning] Feature has no GFF ID
[2021-04-27 21:51:54.884] [jointLog] [warning] Feature has no GFF ID
[2021-04-27 21:51:54.884] [jointLog] [warning] Feature has no GFF ID
[2021-04-27 21:51:55.166] [jointLog] [info] There were 142604 transcripts mapping to 55401 genes
[2021-04-27 21:51:55.166] [jointLog] [info] NOTE: We recommend using tximport (https://bioconductor.org/packages/release/bioc/html/tximport.html) for aggregating transcript-level salmon abundance estimates to the gene level.  It is more versatile, exposes more features, and allows considering multi-sample information during aggregation.
[2021-04-27 21:51:55.410] [jointLog] [warning] couldn't find transcript named [DQ459430] in transcript <-> gene map; returning transcript as it's own gene
[2021-04-27 21:51:55.410] [jointLog] [warning] couldn't find transcript named [DQ516784] in transcript <-> gene map; returning transcript as it's own gene
[2021-04-27 21:51:55.410] [jointLog] [warning] couldn't find transcript named [DQ516752] in transcript <-> gene map; returning transcript as it's own gene
[2021-04-27 21:51:55.410] [jointLog] [warning] couldn't find transcript named [DQ668364] in transcript <-> gene map; returning transcript as it's own gene
[2021-04-27 21:51:55.410] [jointLog] [warning] couldn't find transcript named [DQ883670] in transcript <-> gene map; returning transcript as it's own gene
[2021-04-27 21:51:55.410] [jointLog] [warning] couldn't find transcript named [EF011062] in transcript <-> gene map; returning transcript as it's own gene
[2021-04-27 21:51:55.410] [jointLog] [warning] couldn't find transcript named [DQ875385] in transcript <-> gene map; returning transcript as it's own gene
[2021-04-27 21:51:55.410] [jointLog] [warning] couldn't find transcript named [DQ883664] in transcript <-> gene map; returning transcript as it's own gene
[2021-04-27 21:51:55.410] [jointLog] [warning] couldn't find transcript named [DQ459420] in transcript <-> gene map; returning transcript as it's own gene
[2021-04-27 21:51:55.410] [jointLog] [warning] couldn't find transcript named [DQ883651] in transcript <-> gene map; returning transcript as it's own gene
[2021-04-27 21:51:55.410] [jointLog] [warning] couldn't find transcript named [DQ855004] in transcript <-> gene map; returning transcript as it's own gene
[2021-04-27 21:51:55.410] [jointLog] [warning] couldn't find transcript named [DQ854993] in transcript <-> gene map; returning transcript as it's own gene
[2021-04-27 21:51:55.410] [jointLog] [warning] couldn't find transcript named [DQ883689] in transcript <-> gene map; returning transcript as it's own gene
[2021-04-27 21:51:55.410] [jointLog] [warning] couldn't find transcript named [DQ459419] in transcript <-> gene map; returning transcript as it's own gene
[2021-04-27 21:51:55.410] [jointLog] [warning] couldn't find transcript named [DQ459431] in transcript <-> gene map; returning transcript as it's own gene
[2021-04-27 21:51:55.410] [jointLog] [warning] couldn't find transcript named [DQ516796] in transcript <-> gene map; returning transcript as it's own gene
[2021-04-27 21:51:55.410] [jointLog] [warning] couldn't find transcript named [DQ855001] in transcript <-> gene map; returning transcript as it's own gene
[2021-04-27 21:51:55.410] [jointLog] [warning] couldn't find transcript named [DQ459413] in transcript <-> gene map; returning transcript as it's own gene
[2021-04-27 21:51:55.410] [jointLog] [warning] couldn't find transcript named [DQ883656] in transcript <-> gene map; returning transcript as it's own gene
[2021-04-27 21:51:55.410] [jointLog] [warning] couldn't find transcript named [DQ883661] in transcript <-> gene map; returning transcript as it's own gene
[2021-04-27 21:51:55.410] [jointLog] [warning] couldn't find transcript named [EF011069] in transcript <-> gene map; returning transcript as it's own gene
[2021-04-27 21:51:55.410] [jointLog] [warning] couldn't find transcript named [DQ516783] in transcript <-> gene map; returning transcript as it's own gene
[2021-04-27 21:51:55.410] [jointLog] [warning] couldn't find transcript named [DQ516787] in transcript <-> gene map; returning transcript as it's own gene
[2021-04-27 21:51:55.410] [jointLog] [warning] couldn't find transcript named [DQ459424] in transcript <-> gene map; returning transcript as it's own gene
[2021-04-27 21:51:55.410] [jointLog] [warning] couldn't find transcript named [DQ516748] in transcript <-> gene map; returning transcript as it's own gene
[2021-04-27 21:51:55.410] [jointLog] [warning] couldn't find transcript named [DQ883671] in transcript <-> gene map; returning transcript as it's own gene
[2021-04-27 21:51:55.410] [jointLog] [warning] couldn't find transcript named [DQ516740] in transcript <-> gene map; returning transcript as it's own gene
[2021-04-27 21:51:55.410] [jointLog] [warning] couldn't find transcript named [DQ516785] in transcript <-> gene map; returning transcript as it's own gene
[2021-04-27 21:51:55.410] [jointLog] [warning] couldn't find transcript named [DQ516731] in transcript <-> gene map; returning transcript as it's own gene
[2021-04-27 21:51:55.410] [jointLog] [warning] couldn't find transcript named [DQ668366] in transcript <-> gene map; returning transcript as it's own gene
[2021-04-27 21:51:55.410] [jointLog] [warning] couldn't find transcript named [DQ459418] in transcript <-> gene map; returning transcript as it's own gene
[2021-04-27 21:51:55.410] [jointLog] [warning] couldn't find transcript named [DQ668356] in transcript <-> gene map; returning transcript as it's own gene
[2021-04-27 21:51:55.410] [jointLog] [warning] couldn't find transcript named [DQ516763] in transcript <-> gene map; returning transcript as it's own gene
[2021-04-27 21:51:55.410] [jointLog] [warning] couldn't find transcript named [DQ459426] in transcript <-> gene map; returning transcript as it's own gene
[2021-04-27 21:51:55.410] [jointLog] [warning] couldn't find transcript named [DQ516786] in transcript <-> gene map; returning transcript as it's own gene
[2021-04-27 21:51:55.410] [jointLog] [warning] couldn't find transcript named [DQ883653] in transcript <-> gene map; returning transcript as it's own gene
[2021-04-27 21:51:55.410] [jointLog] [warning] couldn't find transcript named [DQ459421] in transcript <-> gene map; returning transcript as it's own gene
[2021-04-27 21:51:55.410] [jointLog] [warning] couldn't find transcript named [DQ883654] in transcript <-> gene map; returning transcript as it's own gene
[2021-04-27 21:51:55.410] [jointLog] [warning] couldn't find transcript named [DQ668358] in transcript <-> gene map; returning transcript as it's own gene
[2021-04-27 21:51:55.410] [jointLog] [warning] couldn't find transcript named [DQ516754] in transcript <-> gene map; returning transcript as it's own gene
[2021-04-27 21:51:55.410] [jointLog] [warning] couldn't find transcript named [DQ516778] in transcript <-> gene map; returning transcript as it's own gene
[2021-04-27 21:51:55.410] [jointLog] [warning] couldn't find transcript named [DQ883650] in transcript <-> gene map; returning transcript as it's own gene
[2021-04-27 21:51:55.410] [jointLog] [warning] couldn't find transcript named [DQ516742] in transcript <-> gene map; returning transcript as it's own gene
[2021-04-27 21:51:55.410] [jointLog] [warning] couldn't find transcript named [DQ883673] in transcript <-> gene map; returning transcript as it's own gene
[2021-04-27 21:51:55.410] [jointLog] [warning] couldn't find transcript named [DQ883652] in transcript <-> gene map; returning transcript as it's own gene
[2021-04-27 21:51:55.410] [jointLog] [warning] couldn't find transcript named [DQ854991] in transcript <-> gene map; returning transcript as it's own gene
[2021-04-27 21:51:55.410] [jointLog] [warning] couldn't find transcript named [DQ516780] in transcript <-> gene map; returning transcript as it's own gene
[2021-04-27 21:51:55.410] [jointLog] [warning] couldn't find transcript named [DQ883682] in transcript <-> gene map; returning transcript as it's own gene
[2021-04-27 21:51:55.410] [jointLog] [warning] couldn't find transcript named [DQ883669] in transcript <-> gene map; returning transcript as it's own gene
[2021-04-27 21:51:55.410] [jointLog] [warning] couldn't find transcript named [DQ516791] in transcript <-> gene map; returning transcript as it's own gene
[2021-04-27 21:51:55.410] [jointLog] [warning] couldn't find transcript named [DQ459425] in transcript <-> gene map; returning transcript as it's own gene
[2021-04-27 21:51:55.410] [jointLog] [warning] couldn't find transcript named [DQ516759] in transcript <-> gene map; returning transcript as it's own gene
[2021-04-27 21:51:55.410] [jointLog] [warning] couldn't find transcript named [DQ459429] in transcript <-> gene map; returning transcript as it's own gene
[2021-04-27 21:51:55.410] [jointLog] [warning] couldn't find transcript named [DQ516758] in transcript <-> gene map; returning transcript as it's own gene
[2021-04-27 21:51:55.410] [jointLog] [warning] couldn't find transcript named [DQ459415] in transcript <-> gene map; returning transcript as it's own gene
[2021-04-27 21:51:55.410] [jointLog] [warning] couldn't find transcript named [DQ875387] in transcript <-> gene map; returning transcript as it's own gene
[2021-04-27 21:51:55.410] [jointLog] [warning] couldn't find transcript named [DQ516815] in transcript <-> gene map; returning transcript as it's own gene
[2021-04-27 21:51:55.410] [jointLog] [warning] couldn't find transcript named [DQ668365] in transcript <-> gene map; returning transcript as it's own gene
[2021-04-27 21:51:55.410] [jointLog] [warning] couldn't find transcript named [DQ854998] in transcript <-> gene map; returning transcript as it's own gene
[2021-04-27 21:51:55.410] [jointLog] [warning] couldn't find transcript named [DQ883685] in transcript <-> gene map; returning transcript as it's own gene
[2021-04-27 21:51:55.410] [jointLog] [warning] couldn't find transcript named [DQ459422] in transcript <-> gene map; returning transcript as it's own gene
[2021-04-27 21:51:55.410] [jointLog] [warning] couldn't find transcript named [DQ883663] in transcript <-> gene map; returning transcript as it's own gene
[2021-04-27 21:51:55.410] [jointLog] [warning] couldn't find transcript named [DQ668367] in transcript <-> gene map; returning transcript as it's own gene
[2021-04-27 21:51:55.410] [jointLog] [warning] couldn't find transcript named [DQ459412] in transcript <-> gene map; returning transcript as it's own gene
[2021-04-27 21:51:55.410] [jointLog] [warning] couldn't find transcript named [DQ854992] in transcript <-> gene map; returning transcript as it's own gene
[2021-04-27 21:51:55.410] [jointLog] [warning] couldn't find transcript named [DQ516782] in transcript <-> gene map; returning transcript as it's own gene
[2021-04-27 21:51:55.410] [jointLog] [warning] couldn't find transcript named [DQ459427] in transcript <-> gene map; returning transcript as it's own gene
[2021-04-27 21:51:55.410] [jointLog] [warning] couldn't find transcript named [EF011072] in transcript <-> gene map; returning transcript as it's own gene
[2021-04-27 21:51:55.410] [jointLog] [warning] couldn't find transcript named [DQ855003] in transcript <-> gene map; returning transcript as it's own gene
[2021-04-27 21:51:55.410] [jointLog] [warning] couldn't find transcript named [DQ516739] in transcript <-> gene map; returning transcript as it's own gene
[2021-04-27 21:51:55.410] [jointLog] [warning] couldn't find transcript named [EF011063] in transcript <-> gene map; returning transcript as it's own gene
[2021-04-27 21:51:55.410] [jointLog] [warning] couldn't find transcript named [DQ855000] in transcript <-> gene map; returning transcript as it's own gene
[2021-04-27 21:51:55.410] [jointLog] [warning] couldn't find transcript named [DQ516777] in transcript <-> gene map; returning transcript as it's own gene
[2021-04-27 21:51:55.410] [jointLog] [warning] couldn't find transcript named [DQ883646] in transcript <-> gene map; returning transcript as it's own gene
[2021-04-27 21:51:55.410] [jointLog] [warning] couldn't find transcript named [DQ668362] in transcript <-> gene map; returning transcript as it's own gene
[2021-04-27 21:51:55.410] [jointLog] [warning] couldn't find transcript named [DQ854995] in transcript <-> gene map; returning transcript as it's own gene
[2021-04-27 21:51:55.410] [jointLog] [warning] couldn't find transcript named [DQ875386] in transcript <-> gene map; returning transcript as it's own gene
[2021-04-27 21:51:55.410] [jointLog] [warning] couldn't find transcript named [DQ516790] in transcript <-> gene map; returning transcript as it's own gene
[2021-04-27 21:51:55.410] [jointLog] [warning] couldn't find transcript named [DQ883642] in transcript <-> gene map; returning transcript as it's own gene
[2021-04-27 21:51:55.410] [jointLog] [warning] couldn't find transcript named [DQ883659] in transcript <-> gene map; returning transcript as it's own gene
[2021-04-27 21:51:55.410] [jointLog] [warning] couldn't find transcript named [DQ854997] in transcript <-> gene map; returning transcript as it's own gene
[2021-04-27 21:51:55.410] [jointLog] [warning] couldn't find transcript named [DQ883643] in transcript <-> gene map; returning transcript as it's own gene
[2021-04-27 21:51:55.410] [jointLog] [warning] couldn't find transcript named [DQ839618] in transcript <-> gene map; returning transcript as it's own gene
[2021-04-27 21:51:55.410] [jointLog] [warning] couldn't find transcript named [DQ516795] in transcript <-> gene map; returning transcript as it's own gene
[2021-04-27 21:51:55.410] [jointLog] [warning] couldn't find transcript named [DQ883658] in transcript <-> gene map; returning transcript as it's own gene
[2021-04-27 21:51:55.410] [jointLog] [warning] couldn't find transcript named [DQ516750] in transcript <-> gene map; returning transcript as it's own gene
[2021-04-27 21:51:55.410] [jointLog] [warning] couldn't find transcript named [DQ668359] in transcript <-> gene map; returning transcript as it's own gene
[2021-04-27 21:51:55.410] [jointLog] [warning] couldn't find transcript named [DQ516779] in transcript <-> gene map; returning transcript as it's own gene
[2021-04-27 21:51:55.410] [jointLog] [warning] couldn't find transcript named [DQ668363] in transcript <-> gene map; returning transcript as it's own gene
[2021-04-27 21:51:55.410] [jointLog] [warning] couldn't find transcript named [DQ516776] in transcript <-> gene map; returning transcript as it's own gene
[2021-04-27 21:51:55.410] [jointLog] [warning] couldn't find transcript named [DQ516773] in transcript <-> gene map; returning transcript as it's own gene
[2021-04-27 21:51:55.410] [jointLog] [warning] couldn't find transcript named [DQ854994] in transcript <-> gene map; returning transcript as it's own gene
[2021-04-27 21:51:55.410] [jointLog] [info] Aggregating expressions to gene level
[2021-04-27 21:51:55.577] [jointLog] [info] done
