[2021-05-26 11:58:38.888] [jointLog] [info] setting maxHashResizeThreads to 6
[2021-05-26 11:58:38.888] [jointLog] [info] Fragment incompatibility prior below threshold.  Incompatible fragments will be ignored.
[2021-05-26 11:58:38.890] [jointLog] [info] numQuantThreads = 3
[2021-05-26 11:58:43.048] [fileLog] [info] quantification processed 0 fragments so far

[2021-05-26 11:58:42.796] [jointLog] [info] replaced 4 non-ACGT nucleotides with random nucleotides
[2021-05-26 11:58:47.770] [fileLog] [info] quantification processed 1000000 fragments so far

[2021-05-26 11:58:52.581] [fileLog] [info] quantification processed 2000000 fragments so far

[2021-05-26 11:58:55.122] [jointLog] [info] 

The alignment group queue pool has been exhausted.  3574151 extra fragments were allocated on the heap to saturate the pool.  No new fragments will be allocated


[2021-05-26 11:59:00.039] [fileLog] [info] quantification processed 3000000 fragments so far

[2021-05-26 11:59:14.551] [fileLog] [info] quantification processed 4000000 fragments so far

[2021-05-26 11:59:29.108] [fileLog] [info] quantification processed 5000000 fragments so far

[2021-05-26 11:59:43.903] [fileLog] [info] quantification processed 6000000 fragments so far

[2021-05-26 11:59:58.356] [fileLog] [info] quantification processed 7000000 fragments so far

[2021-05-26 12:00:02.526] [fileLog] [info] quantification processed 8000000 fragments so far

[2021-05-26 12:00:05.762] [fileLog] [info] quantification processed 9000000 fragments so far

[2021-05-26 12:00:09.237] [fileLog] [info] quantification processed 10000000 fragments so far

[2021-05-26 12:00:13.239] [fileLog] [info] quantification processed 11000000 fragments so far

[2021-05-26 12:00:17.026] [fileLog] [info] quantification processed 12000000 fragments so far

[2021-05-26 12:00:21.164] [fileLog] [info] quantification processed 13000000 fragments so far

[2021-05-26 12:00:24.458] [fileLog] [info] quantification processed 14000000 fragments so far

[2021-05-26 12:00:28.676] [fileLog] [info] quantification processed 15000000 fragments so far

[2021-05-26 12:00:32.519] [fileLog] [info] quantification processed 16000000 fragments so far

[2021-05-26 12:00:36.767] [fileLog] [info] quantification processed 17000000 fragments so far

[2021-05-26 12:00:40.142] [fileLog] [info] quantification processed 18000000 fragments so far

[2021-05-26 12:00:43.926] [fileLog] [info] quantification processed 19000000 fragments so far

[2021-05-26 12:00:49.530] [fileLog] [info] quantification processed 20000000 fragments so far

[2021-05-26 12:00:52.962] [fileLog] [info] quantification processed 21000000 fragments so far

[2021-05-26 12:00:57.086] [fileLog] [info] quantification processed 22000000 fragments so far

[2021-05-26 12:01:01.058] [fileLog] [info] quantification processed 23000000 fragments so far

[2021-05-26 12:01:04.715] [fileLog] [info] quantification processed 24000000 fragments so far

[2021-05-26 12:01:08.570] [fileLog] [info] quantification processed 25000000 fragments so far

[2021-05-26 12:01:12.799] [fileLog] [info] quantification processed 26000000 fragments so far

[2021-05-26 12:01:16.696] [fileLog] [info] quantification processed 27000000 fragments so far

[2021-05-26 12:01:20.460] [fileLog] [info] quantification processed 28000000 fragments so far

[2021-05-26 12:01:24.571] [fileLog] [info] quantification processed 29000000 fragments so far

[2021-05-26 12:01:28.115] [fileLog] [info] quantification processed 30000000 fragments so far

[2021-05-26 12:01:32.397] [fileLog] [info] quantification processed 31000000 fragments so far

[2021-05-26 12:01:38.564] [fileLog] [info] quantification processed 32000000 fragments so far

[2021-05-26 12:01:41.597] [fileLog] [info] quantification processed 33000000 fragments so far

[2021-05-26 12:01:45.204] [fileLog] [info] quantification processed 34000000 fragments so far

[2021-05-26 12:01:48.207] [fileLog] [info] quantification processed 35000000 fragments so far

[2021-05-26 12:01:51.123] [fileLog] [info] quantification processed 36000000 fragments so far

[2021-05-26 12:01:54.154] [fileLog] [info] quantification processed 37000000 fragments so far

[2021-05-26 12:01:57.192] [fileLog] [info] quantification processed 38000000 fragments so far

[2021-05-26 12:02:00.404] [fileLog] [info] quantification processed 39000000 fragments so far

[2021-05-26 12:02:03.942] [fileLog] [info] quantification processed 40000000 fragments so far

[2021-05-26 12:02:07.071] [fileLog] [info] quantification processed 41000000 fragments so far

[2021-05-26 12:02:07.576] [jointLog] [info] Thread saw mini-batch with a maximum of 17.10% zero probability fragments
[2021-05-26 12:02:07.576] [jointLog] [info] Thread saw mini-batch with a maximum of 20.20% zero probability fragments
[2021-05-26 12:02:07.581] [jointLog] [info] Thread saw mini-batch with a maximum of 20.50% zero probability fragments
[2021-05-26 12:02:07.582] [jointLog] [info] 


Completed first pass through the alignment file.
Total # of mapped reads : 41127472
# of uniquely mapped reads : 13885012
# ambiguously mapped reads : 27242460



[2021-05-26 12:02:07.749] [jointLog] [info] Computed 221409 rich equivalence classes for further processing
[2021-05-26 12:02:07.749] [jointLog] [info] Counted 40917889 total reads in the equivalence classes 
[2021-05-26 12:02:07.750] [jointLog] [info] starting optimizer
[2021-05-26 12:02:07.853] [jointLog] [info] Marked 0 weighted equivalence classes as degenerate
[2021-05-26 12:02:07.871] [jointLog] [info] iteration = 0 | max rel diff. = 5068.87
[2021-05-26 12:02:07.576] [fileLog] [info] quantification processed 41127472 fragments so far

[2021-05-26 12:02:09.377] [jointLog] [info] iteration = 100 | max rel diff. = 18.7935
[2021-05-26 12:02:10.853] [jointLog] [info] iteration = 200 | max rel diff. = 9.2737
[2021-05-26 12:02:12.333] [jointLog] [info] iteration = 300 | max rel diff. = 1.66989
[2021-05-26 12:02:13.858] [jointLog] [info] iteration = 400 | max rel diff. = 15.5976
[2021-05-26 12:02:15.353] [jointLog] [info] iteration = 500 | max rel diff. = 0.486167
[2021-05-26 12:02:16.838] [jointLog] [info] iteration = 600 | max rel diff. = 8.83652
[2021-05-26 12:02:18.339] [jointLog] [info] iteration = 700 | max rel diff. = 2.63859
[2021-05-26 12:02:19.846] [jointLog] [info] iteration = 800 | max rel diff. = 0.221419
[2021-05-26 12:02:21.347] [jointLog] [info] iteration = 900 | max rel diff. = 0.317223
[2021-05-26 12:02:22.850] [jointLog] [info] iteration = 1000 | max rel diff. = 0.0899072
[2021-05-26 12:02:24.334] [jointLog] [info] iteration = 1100 | max rel diff. = 0.742342
[2021-05-26 12:02:25.855] [jointLog] [info] iteration = 1200 | max rel diff. = 0.120203
[2021-05-26 12:02:27.333] [jointLog] [info] iteration = 1300 | max rel diff. = 0.20132
[2021-05-26 12:02:28.838] [jointLog] [info] iteration = 1400 | max rel diff. = 0.29487
[2021-05-26 12:02:30.336] [jointLog] [info] iteration = 1500 | max rel diff. = 0.238694
[2021-05-26 12:02:31.813] [jointLog] [info] iteration = 1600 | max rel diff. = 0.0510511
[2021-05-26 12:02:33.306] [jointLog] [info] iteration = 1700 | max rel diff. = 0.0357238
[2021-05-26 12:02:33.960] [jointLog] [info] iteration = 1744 | max rel diff. = 0.00329221
[2021-05-26 12:02:33.990] [jointLog] [info] finished optimizer
[2021-05-26 12:02:33.990] [jointLog] [info] writing output
[2021-05-26 12:02:35.961] [jointLog] [info] Computing gene-level abundance estimates
[2021-05-26 12:03:00.806] [jointLog] [warning] Feature has no GFF ID
[2021-05-26 12:03:00.806] [jointLog] [warning] Feature has no GFF ID
[2021-05-26 12:03:00.806] [jointLog] [warning] Feature has no GFF ID
[2021-05-26 12:03:00.806] [jointLog] [warning] Feature has no GFF ID
[2021-05-26 12:03:00.806] [jointLog] [warning] Feature has no GFF ID
[2021-05-26 12:03:00.806] [jointLog] [warning] Feature has no GFF ID
[2021-05-26 12:03:00.806] [jointLog] [warning] Feature has no GFF ID
[2021-05-26 12:03:00.806] [jointLog] [warning] Feature has no GFF ID
[2021-05-26 12:03:00.806] [jointLog] [warning] Feature has no GFF ID
[2021-05-26 12:03:00.806] [jointLog] [warning] Feature has no GFF ID
[2021-05-26 12:03:00.806] [jointLog] [warning] Feature has no GFF ID
[2021-05-26 12:03:00.806] [jointLog] [warning] Feature has no GFF ID
[2021-05-26 12:03:00.806] [jointLog] [warning] Feature has no GFF ID
[2021-05-26 12:03:00.806] [jointLog] [warning] Feature has no GFF ID
[2021-05-26 12:03:00.806] [jointLog] [warning] Feature has no GFF ID
[2021-05-26 12:03:00.806] [jointLog] [warning] Feature has no GFF ID
[2021-05-26 12:03:00.806] [jointLog] [warning] Feature has no GFF ID
[2021-05-26 12:03:00.806] [jointLog] [warning] Feature has no GFF ID
[2021-05-26 12:03:00.806] [jointLog] [warning] Feature has no GFF ID
[2021-05-26 12:03:00.806] [jointLog] [warning] Feature has no GFF ID
[2021-05-26 12:03:00.806] [jointLog] [warning] Feature has no GFF ID
[2021-05-26 12:03:00.806] [jointLog] [warning] Feature has no GFF ID
[2021-05-26 12:03:00.806] [jointLog] [warning] Feature has no GFF ID
[2021-05-26 12:03:00.806] [jointLog] [warning] Feature has no GFF ID
[2021-05-26 12:03:00.806] [jointLog] [warning] Feature has no GFF ID
[2021-05-26 12:03:00.806] [jointLog] [warning] Feature has no GFF ID
[2021-05-26 12:03:00.806] [jointLog] [warning] Feature has no GFF ID
[2021-05-26 12:03:00.806] [jointLog] [warning] Feature has no GFF ID
[2021-05-26 12:03:00.806] [jointLog] [warning] Feature has no GFF ID
[2021-05-26 12:03:00.806] [jointLog] [warning] Feature has no GFF ID
[2021-05-26 12:03:00.806] [jointLog] [warning] Feature has no GFF ID
[2021-05-26 12:03:00.806] [jointLog] [warning] Feature has no GFF ID
[2021-05-26 12:03:00.806] [jointLog] [warning] Feature has no GFF ID
[2021-05-26 12:03:00.806] [jointLog] [warning] Feature has no GFF ID
[2021-05-26 12:03:00.806] [jointLog] [warning] Feature has no GFF ID
[2021-05-26 12:03:00.806] [jointLog] [warning] Feature has no GFF ID
[2021-05-26 12:03:00.806] [jointLog] [warning] Feature has no GFF ID
[2021-05-26 12:03:00.806] [jointLog] [warning] Feature has no GFF ID
[2021-05-26 12:03:00.806] [jointLog] [warning] Feature has no GFF ID
[2021-05-26 12:03:00.806] [jointLog] [warning] Feature has no GFF ID
[2021-05-26 12:03:00.806] [jointLog] [warning] Feature has no GFF ID
[2021-05-26 12:03:00.806] [jointLog] [warning] Feature has no GFF ID
[2021-05-26 12:03:00.806] [jointLog] [warning] Feature has no GFF ID
[2021-05-26 12:03:00.806] [jointLog] [warning] Feature has no GFF ID
[2021-05-26 12:03:00.806] [jointLog] [warning] Feature has no GFF ID
[2021-05-26 12:03:00.806] [jointLog] [warning] Feature has no GFF ID
[2021-05-26 12:03:00.806] [jointLog] [warning] Feature has no GFF ID
[2021-05-26 12:03:00.806] [jointLog] [warning] Feature has no GFF ID
[2021-05-26 12:03:00.806] [jointLog] [warning] Feature has no GFF ID
[2021-05-26 12:03:00.806] [jointLog] [warning] Feature has no GFF ID
[2021-05-26 12:03:00.806] [jointLog] [warning] Feature has no GFF ID
[2021-05-26 12:03:00.806] [jointLog] [warning] Feature has no GFF ID
[2021-05-26 12:03:00.806] [jointLog] [warning] Feature has no GFF ID
[2021-05-26 12:03:00.806] [jointLog] [warning] Feature has no GFF ID
[2021-05-26 12:03:00.806] [jointLog] [warning] Feature has no GFF ID
[2021-05-26 12:03:00.806] [jointLog] [warning] Feature has no GFF ID
[2021-05-26 12:03:00.806] [jointLog] [warning] Feature has no GFF ID
[2021-05-26 12:03:00.806] [jointLog] [warning] Feature has no GFF ID
[2021-05-26 12:03:00.806] [jointLog] [warning] Feature has no GFF ID
[2021-05-26 12:03:00.806] [jointLog] [warning] Feature has no GFF ID
[2021-05-26 12:03:00.806] [jointLog] [warning] Feature has no GFF ID
[2021-05-26 12:03:00.806] [jointLog] [warning] Feature has no GFF ID
[2021-05-26 12:03:00.806] [jointLog] [warning] Feature has no GFF ID
[2021-05-26 12:03:00.806] [jointLog] [warning] Feature has no GFF ID
[2021-05-26 12:03:00.806] [jointLog] [warning] Feature has no GFF ID
[2021-05-26 12:03:00.806] [jointLog] [warning] Feature has no GFF ID
[2021-05-26 12:03:00.806] [jointLog] [warning] Feature has no GFF ID
[2021-05-26 12:03:00.806] [jointLog] [warning] Feature has no GFF ID
[2021-05-26 12:03:00.806] [jointLog] [warning] Feature has no GFF ID
[2021-05-26 12:03:00.806] [jointLog] [warning] Feature has no GFF ID
[2021-05-26 12:03:00.806] [jointLog] [warning] Feature has no GFF ID
[2021-05-26 12:03:00.806] [jointLog] [warning] Feature has no GFF ID
[2021-05-26 12:03:00.806] [jointLog] [warning] Feature has no GFF ID
[2021-05-26 12:03:00.806] [jointLog] [warning] Feature has no GFF ID
[2021-05-26 12:03:00.806] [jointLog] [warning] Feature has no GFF ID
[2021-05-26 12:03:00.806] [jointLog] [warning] Feature has no GFF ID
[2021-05-26 12:03:00.806] [jointLog] [warning] Feature has no GFF ID
[2021-05-26 12:03:00.806] [jointLog] [warning] Feature has no GFF ID
[2021-05-26 12:03:00.806] [jointLog] [warning] Feature has no GFF ID
[2021-05-26 12:03:00.806] [jointLog] [warning] Feature has no GFF ID
[2021-05-26 12:03:00.806] [jointLog] [warning] Feature has no GFF ID
[2021-05-26 12:03:00.806] [jointLog] [warning] Feature has no GFF ID
[2021-05-26 12:03:00.806] [jointLog] [warning] Feature has no GFF ID
[2021-05-26 12:03:00.806] [jointLog] [warning] Feature has no GFF ID
[2021-05-26 12:03:00.806] [jointLog] [warning] Feature has no GFF ID
[2021-05-26 12:03:00.806] [jointLog] [warning] Feature has no GFF ID
[2021-05-26 12:03:00.806] [jointLog] [warning] Feature has no GFF ID
[2021-05-26 12:03:00.806] [jointLog] [warning] Feature has no GFF ID
[2021-05-26 12:03:00.806] [jointLog] [warning] Feature has no GFF ID
[2021-05-26 12:03:00.806] [jointLog] [warning] Feature has no GFF ID
[2021-05-26 12:03:00.806] [jointLog] [warning] Feature has no GFF ID
[2021-05-26 12:03:00.806] [jointLog] [warning] Feature has no GFF ID
[2021-05-26 12:03:01.076] [jointLog] [info] There were 142604 transcripts mapping to 55401 genes
[2021-05-26 12:03:01.076] [jointLog] [info] NOTE: We recommend using tximport (https://bioconductor.org/packages/release/bioc/html/tximport.html) for aggregating transcript-level salmon abundance estimates to the gene level.  It is more versatile, exposes more features, and allows considering multi-sample information during aggregation.
[2021-05-26 12:03:01.302] [jointLog] [warning] couldn't find transcript named [DQ459430] in transcript <-> gene map; returning transcript as it's own gene
[2021-05-26 12:03:01.302] [jointLog] [warning] couldn't find transcript named [DQ516784] in transcript <-> gene map; returning transcript as it's own gene
[2021-05-26 12:03:01.302] [jointLog] [warning] couldn't find transcript named [DQ516752] in transcript <-> gene map; returning transcript as it's own gene
[2021-05-26 12:03:01.302] [jointLog] [warning] couldn't find transcript named [DQ668364] in transcript <-> gene map; returning transcript as it's own gene
[2021-05-26 12:03:01.302] [jointLog] [warning] couldn't find transcript named [DQ883670] in transcript <-> gene map; returning transcript as it's own gene
[2021-05-26 12:03:01.302] [jointLog] [warning] couldn't find transcript named [EF011062] in transcript <-> gene map; returning transcript as it's own gene
[2021-05-26 12:03:01.302] [jointLog] [warning] couldn't find transcript named [DQ875385] in transcript <-> gene map; returning transcript as it's own gene
[2021-05-26 12:03:01.302] [jointLog] [warning] couldn't find transcript named [DQ883664] in transcript <-> gene map; returning transcript as it's own gene
[2021-05-26 12:03:01.302] [jointLog] [warning] couldn't find transcript named [DQ459420] in transcript <-> gene map; returning transcript as it's own gene
[2021-05-26 12:03:01.302] [jointLog] [warning] couldn't find transcript named [DQ883651] in transcript <-> gene map; returning transcript as it's own gene
[2021-05-26 12:03:01.302] [jointLog] [warning] couldn't find transcript named [DQ855004] in transcript <-> gene map; returning transcript as it's own gene
[2021-05-26 12:03:01.302] [jointLog] [warning] couldn't find transcript named [DQ854993] in transcript <-> gene map; returning transcript as it's own gene
[2021-05-26 12:03:01.302] [jointLog] [warning] couldn't find transcript named [DQ883689] in transcript <-> gene map; returning transcript as it's own gene
[2021-05-26 12:03:01.302] [jointLog] [warning] couldn't find transcript named [DQ459419] in transcript <-> gene map; returning transcript as it's own gene
[2021-05-26 12:03:01.302] [jointLog] [warning] couldn't find transcript named [DQ459431] in transcript <-> gene map; returning transcript as it's own gene
[2021-05-26 12:03:01.302] [jointLog] [warning] couldn't find transcript named [DQ516796] in transcript <-> gene map; returning transcript as it's own gene
[2021-05-26 12:03:01.302] [jointLog] [warning] couldn't find transcript named [DQ855001] in transcript <-> gene map; returning transcript as it's own gene
[2021-05-26 12:03:01.302] [jointLog] [warning] couldn't find transcript named [DQ459413] in transcript <-> gene map; returning transcript as it's own gene
[2021-05-26 12:03:01.302] [jointLog] [warning] couldn't find transcript named [DQ883656] in transcript <-> gene map; returning transcript as it's own gene
[2021-05-26 12:03:01.302] [jointLog] [warning] couldn't find transcript named [DQ883661] in transcript <-> gene map; returning transcript as it's own gene
[2021-05-26 12:03:01.302] [jointLog] [warning] couldn't find transcript named [EF011069] in transcript <-> gene map; returning transcript as it's own gene
[2021-05-26 12:03:01.302] [jointLog] [warning] couldn't find transcript named [DQ516783] in transcript <-> gene map; returning transcript as it's own gene
[2021-05-26 12:03:01.302] [jointLog] [warning] couldn't find transcript named [DQ516787] in transcript <-> gene map; returning transcript as it's own gene
[2021-05-26 12:03:01.302] [jointLog] [warning] couldn't find transcript named [DQ459424] in transcript <-> gene map; returning transcript as it's own gene
[2021-05-26 12:03:01.303] [jointLog] [warning] couldn't find transcript named [DQ516748] in transcript <-> gene map; returning transcript as it's own gene
[2021-05-26 12:03:01.303] [jointLog] [warning] couldn't find transcript named [DQ883671] in transcript <-> gene map; returning transcript as it's own gene
[2021-05-26 12:03:01.303] [jointLog] [warning] couldn't find transcript named [DQ516740] in transcript <-> gene map; returning transcript as it's own gene
[2021-05-26 12:03:01.303] [jointLog] [warning] couldn't find transcript named [DQ516785] in transcript <-> gene map; returning transcript as it's own gene
[2021-05-26 12:03:01.303] [jointLog] [warning] couldn't find transcript named [DQ516731] in transcript <-> gene map; returning transcript as it's own gene
[2021-05-26 12:03:01.303] [jointLog] [warning] couldn't find transcript named [DQ668366] in transcript <-> gene map; returning transcript as it's own gene
[2021-05-26 12:03:01.303] [jointLog] [warning] couldn't find transcript named [DQ459418] in transcript <-> gene map; returning transcript as it's own gene
[2021-05-26 12:03:01.303] [jointLog] [warning] couldn't find transcript named [DQ668356] in transcript <-> gene map; returning transcript as it's own gene
[2021-05-26 12:03:01.303] [jointLog] [warning] couldn't find transcript named [DQ516763] in transcript <-> gene map; returning transcript as it's own gene
[2021-05-26 12:03:01.303] [jointLog] [warning] couldn't find transcript named [DQ459426] in transcript <-> gene map; returning transcript as it's own gene
[2021-05-26 12:03:01.303] [jointLog] [warning] couldn't find transcript named [DQ516786] in transcript <-> gene map; returning transcript as it's own gene
[2021-05-26 12:03:01.303] [jointLog] [warning] couldn't find transcript named [DQ883653] in transcript <-> gene map; returning transcript as it's own gene
[2021-05-26 12:03:01.303] [jointLog] [warning] couldn't find transcript named [DQ459421] in transcript <-> gene map; returning transcript as it's own gene
[2021-05-26 12:03:01.303] [jointLog] [warning] couldn't find transcript named [DQ883654] in transcript <-> gene map; returning transcript as it's own gene
[2021-05-26 12:03:01.303] [jointLog] [warning] couldn't find transcript named [DQ668358] in transcript <-> gene map; returning transcript as it's own gene
[2021-05-26 12:03:01.303] [jointLog] [warning] couldn't find transcript named [DQ516754] in transcript <-> gene map; returning transcript as it's own gene
[2021-05-26 12:03:01.303] [jointLog] [warning] couldn't find transcript named [DQ516778] in transcript <-> gene map; returning transcript as it's own gene
[2021-05-26 12:03:01.303] [jointLog] [warning] couldn't find transcript named [DQ883650] in transcript <-> gene map; returning transcript as it's own gene
[2021-05-26 12:03:01.303] [jointLog] [warning] couldn't find transcript named [DQ516742] in transcript <-> gene map; returning transcript as it's own gene
[2021-05-26 12:03:01.303] [jointLog] [warning] couldn't find transcript named [DQ883673] in transcript <-> gene map; returning transcript as it's own gene
[2021-05-26 12:03:01.303] [jointLog] [warning] couldn't find transcript named [DQ883652] in transcript <-> gene map; returning transcript as it's own gene
[2021-05-26 12:03:01.303] [jointLog] [warning] couldn't find transcript named [DQ854991] in transcript <-> gene map; returning transcript as it's own gene
[2021-05-26 12:03:01.303] [jointLog] [warning] couldn't find transcript named [DQ516780] in transcript <-> gene map; returning transcript as it's own gene
[2021-05-26 12:03:01.303] [jointLog] [warning] couldn't find transcript named [DQ883682] in transcript <-> gene map; returning transcript as it's own gene
[2021-05-26 12:03:01.303] [jointLog] [warning] couldn't find transcript named [DQ883669] in transcript <-> gene map; returning transcript as it's own gene
[2021-05-26 12:03:01.303] [jointLog] [warning] couldn't find transcript named [DQ516791] in transcript <-> gene map; returning transcript as it's own gene
[2021-05-26 12:03:01.303] [jointLog] [warning] couldn't find transcript named [DQ459425] in transcript <-> gene map; returning transcript as it's own gene
[2021-05-26 12:03:01.303] [jointLog] [warning] couldn't find transcript named [DQ516759] in transcript <-> gene map; returning transcript as it's own gene
[2021-05-26 12:03:01.303] [jointLog] [warning] couldn't find transcript named [DQ459429] in transcript <-> gene map; returning transcript as it's own gene
[2021-05-26 12:03:01.303] [jointLog] [warning] couldn't find transcript named [DQ516758] in transcript <-> gene map; returning transcript as it's own gene
[2021-05-26 12:03:01.303] [jointLog] [warning] couldn't find transcript named [DQ459415] in transcript <-> gene map; returning transcript as it's own gene
[2021-05-26 12:03:01.303] [jointLog] [warning] couldn't find transcript named [DQ875387] in transcript <-> gene map; returning transcript as it's own gene
[2021-05-26 12:03:01.303] [jointLog] [warning] couldn't find transcript named [DQ516815] in transcript <-> gene map; returning transcript as it's own gene
[2021-05-26 12:03:01.303] [jointLog] [warning] couldn't find transcript named [DQ668365] in transcript <-> gene map; returning transcript as it's own gene
[2021-05-26 12:03:01.303] [jointLog] [warning] couldn't find transcript named [DQ854998] in transcript <-> gene map; returning transcript as it's own gene
[2021-05-26 12:03:01.303] [jointLog] [warning] couldn't find transcript named [DQ883685] in transcript <-> gene map; returning transcript as it's own gene
[2021-05-26 12:03:01.303] [jointLog] [warning] couldn't find transcript named [DQ459422] in transcript <-> gene map; returning transcript as it's own gene
[2021-05-26 12:03:01.303] [jointLog] [warning] couldn't find transcript named [DQ883663] in transcript <-> gene map; returning transcript as it's own gene
[2021-05-26 12:03:01.303] [jointLog] [warning] couldn't find transcript named [DQ668367] in transcript <-> gene map; returning transcript as it's own gene
[2021-05-26 12:03:01.303] [jointLog] [warning] couldn't find transcript named [DQ459412] in transcript <-> gene map; returning transcript as it's own gene
[2021-05-26 12:03:01.303] [jointLog] [warning] couldn't find transcript named [DQ854992] in transcript <-> gene map; returning transcript as it's own gene
[2021-05-26 12:03:01.303] [jointLog] [warning] couldn't find transcript named [DQ516782] in transcript <-> gene map; returning transcript as it's own gene
[2021-05-26 12:03:01.303] [jointLog] [warning] couldn't find transcript named [DQ459427] in transcript <-> gene map; returning transcript as it's own gene
[2021-05-26 12:03:01.303] [jointLog] [warning] couldn't find transcript named [EF011072] in transcript <-> gene map; returning transcript as it's own gene
[2021-05-26 12:03:01.303] [jointLog] [warning] couldn't find transcript named [DQ855003] in transcript <-> gene map; returning transcript as it's own gene
[2021-05-26 12:03:01.303] [jointLog] [warning] couldn't find transcript named [DQ516739] in transcript <-> gene map; returning transcript as it's own gene
[2021-05-26 12:03:01.303] [jointLog] [warning] couldn't find transcript named [EF011063] in transcript <-> gene map; returning transcript as it's own gene
[2021-05-26 12:03:01.303] [jointLog] [warning] couldn't find transcript named [DQ855000] in transcript <-> gene map; returning transcript as it's own gene
[2021-05-26 12:03:01.303] [jointLog] [warning] couldn't find transcript named [DQ516777] in transcript <-> gene map; returning transcript as it's own gene
[2021-05-26 12:03:01.303] [jointLog] [warning] couldn't find transcript named [DQ883646] in transcript <-> gene map; returning transcript as it's own gene
[2021-05-26 12:03:01.303] [jointLog] [warning] couldn't find transcript named [DQ668362] in transcript <-> gene map; returning transcript as it's own gene
[2021-05-26 12:03:01.303] [jointLog] [warning] couldn't find transcript named [DQ854995] in transcript <-> gene map; returning transcript as it's own gene
[2021-05-26 12:03:01.303] [jointLog] [warning] couldn't find transcript named [DQ875386] in transcript <-> gene map; returning transcript as it's own gene
[2021-05-26 12:03:01.303] [jointLog] [warning] couldn't find transcript named [DQ516790] in transcript <-> gene map; returning transcript as it's own gene
[2021-05-26 12:03:01.303] [jointLog] [warning] couldn't find transcript named [DQ883642] in transcript <-> gene map; returning transcript as it's own gene
[2021-05-26 12:03:01.303] [jointLog] [warning] couldn't find transcript named [DQ883659] in transcript <-> gene map; returning transcript as it's own gene
[2021-05-26 12:03:01.303] [jointLog] [warning] couldn't find transcript named [DQ854997] in transcript <-> gene map; returning transcript as it's own gene
[2021-05-26 12:03:01.303] [jointLog] [warning] couldn't find transcript named [DQ883643] in transcript <-> gene map; returning transcript as it's own gene
[2021-05-26 12:03:01.303] [jointLog] [warning] couldn't find transcript named [DQ839618] in transcript <-> gene map; returning transcript as it's own gene
[2021-05-26 12:03:01.303] [jointLog] [warning] couldn't find transcript named [DQ516795] in transcript <-> gene map; returning transcript as it's own gene
[2021-05-26 12:03:01.303] [jointLog] [warning] couldn't find transcript named [DQ883658] in transcript <-> gene map; returning transcript as it's own gene
[2021-05-26 12:03:01.303] [jointLog] [warning] couldn't find transcript named [DQ516750] in transcript <-> gene map; returning transcript as it's own gene
[2021-05-26 12:03:01.303] [jointLog] [warning] couldn't find transcript named [DQ668359] in transcript <-> gene map; returning transcript as it's own gene
[2021-05-26 12:03:01.303] [jointLog] [warning] couldn't find transcript named [DQ516779] in transcript <-> gene map; returning transcript as it's own gene
[2021-05-26 12:03:01.303] [jointLog] [warning] couldn't find transcript named [DQ668363] in transcript <-> gene map; returning transcript as it's own gene
[2021-05-26 12:03:01.303] [jointLog] [warning] couldn't find transcript named [DQ516776] in transcript <-> gene map; returning transcript as it's own gene
[2021-05-26 12:03:01.303] [jointLog] [warning] couldn't find transcript named [DQ516773] in transcript <-> gene map; returning transcript as it's own gene
[2021-05-26 12:03:01.303] [jointLog] [warning] couldn't find transcript named [DQ854994] in transcript <-> gene map; returning transcript as it's own gene
[2021-05-26 12:03:01.303] [jointLog] [info] Aggregating expressions to gene level
[2021-05-26 12:03:01.437] [jointLog] [info] done
