[2021-04-27 20:41:08.569] [jointLog] [info] setting maxHashResizeThreads to 6
[2021-04-27 20:41:08.569] [jointLog] [info] Fragment incompatibility prior below threshold.  Incompatible fragments will be ignored.
[2021-04-27 20:41:08.570] [jointLog] [info] numQuantThreads = 3
[2021-04-27 20:41:11.721] [fileLog] [info] quantification processed 0 fragments so far

[2021-04-27 20:41:11.481] [jointLog] [info] replaced 4 non-ACGT nucleotides with random nucleotides
[2021-04-27 20:41:15.585] [fileLog] [info] quantification processed 1000000 fragments so far

[2021-04-27 20:41:19.100] [fileLog] [info] quantification processed 2000000 fragments so far

[2021-04-27 20:41:20.970] [jointLog] [info] 

The alignment group queue pool has been exhausted.  2968225 extra fragments were allocated on the heap to saturate the pool.  No new fragments will be allocated


[2021-04-27 20:41:26.031] [fileLog] [info] quantification processed 3000000 fragments so far

[2021-04-27 20:41:39.616] [fileLog] [info] quantification processed 4000000 fragments so far

[2021-04-27 20:41:53.406] [fileLog] [info] quantification processed 5000000 fragments so far

[2021-04-27 20:42:06.885] [fileLog] [info] quantification processed 6000000 fragments so far

[2021-04-27 20:42:20.371] [fileLog] [info] quantification processed 7000000 fragments so far

[2021-04-27 20:42:23.361] [fileLog] [info] quantification processed 8000000 fragments so far

[2021-04-27 20:42:26.368] [fileLog] [info] quantification processed 9000000 fragments so far

[2021-04-27 20:42:29.268] [fileLog] [info] quantification processed 10000000 fragments so far

[2021-04-27 20:42:32.269] [fileLog] [info] quantification processed 11000000 fragments so far

[2021-04-27 20:42:35.131] [fileLog] [info] quantification processed 12000000 fragments so far

[2021-04-27 20:42:38.191] [fileLog] [info] quantification processed 13000000 fragments so far

[2021-04-27 20:42:41.221] [fileLog] [info] quantification processed 14000000 fragments so far

[2021-04-27 20:42:44.118] [fileLog] [info] quantification processed 15000000 fragments so far

[2021-04-27 20:42:47.080] [fileLog] [info] quantification processed 16000000 fragments so far

[2021-04-27 20:42:50.070] [fileLog] [info] quantification processed 17000000 fragments so far

[2021-04-27 20:42:53.014] [fileLog] [info] quantification processed 18000000 fragments so far

[2021-04-27 20:42:55.957] [fileLog] [info] quantification processed 19000000 fragments so far

[2021-04-27 20:42:58.895] [fileLog] [info] quantification processed 20000000 fragments so far

[2021-04-27 20:43:01.816] [fileLog] [info] quantification processed 21000000 fragments so far

[2021-04-27 20:43:04.726] [fileLog] [info] quantification processed 22000000 fragments so far

[2021-04-27 20:43:07.685] [fileLog] [info] quantification processed 23000000 fragments so far

[2021-04-27 20:43:10.633] [fileLog] [info] quantification processed 24000000 fragments so far

[2021-04-27 20:43:13.543] [fileLog] [info] quantification processed 25000000 fragments so far

[2021-04-27 20:43:16.326] [fileLog] [info] quantification processed 26000000 fragments so far

[2021-04-27 20:43:19.204] [fileLog] [info] quantification processed 27000000 fragments so far

[2021-04-27 20:43:22.135] [fileLog] [info] quantification processed 28000000 fragments so far

[2021-04-27 20:43:25.106] [fileLog] [info] quantification processed 29000000 fragments so far

[2021-04-27 20:43:28.001] [fileLog] [info] quantification processed 30000000 fragments so far

[2021-04-27 20:43:30.991] [fileLog] [info] quantification processed 31000000 fragments so far

[2021-04-27 20:43:33.481] [fileLog] [info] quantification processed 31885901 fragments so far

[2021-04-27 20:43:38.971] [jointLog] [info] Thread saw mini-batch with a maximum of 4.70% zero probability fragments
[2021-04-27 20:43:38.973] [jointLog] [info] Thread saw mini-batch with a maximum of 4.90% zero probability fragments
[2021-04-27 20:43:38.975] [jointLog] [info] Thread saw mini-batch with a maximum of 3.70% zero probability fragments
[2021-04-27 20:43:38.977] [jointLog] [info] 


Completed first pass through the alignment file.
Total # of mapped reads : 31885901
# of uniquely mapped reads : 12369219
# ambiguously mapped reads : 19516682



[2021-04-27 20:43:39.127] [jointLog] [info] Computed 238100 rich equivalence classes for further processing
[2021-04-27 20:43:39.127] [jointLog] [info] Counted 31765447 total reads in the equivalence classes 
[2021-04-27 20:43:39.129] [jointLog] [info] starting optimizer
[2021-04-27 20:43:39.226] [jointLog] [info] Marked 0 weighted equivalence classes as degenerate
[2021-04-27 20:43:39.245] [jointLog] [info] iteration = 0 | max rel diff. = 7994.16
[2021-04-27 20:43:40.761] [jointLog] [info] iteration = 100 | max rel diff. = 12.6293
[2021-04-27 20:43:42.247] [jointLog] [info] iteration = 200 | max rel diff. = 12.0393
[2021-04-27 20:43:43.741] [jointLog] [info] iteration = 300 | max rel diff. = 18.8757
[2021-04-27 20:43:45.285] [jointLog] [info] iteration = 400 | max rel diff. = 0.760568
[2021-04-27 20:43:46.771] [jointLog] [info] iteration = 500 | max rel diff. = 2.65574
[2021-04-27 20:43:48.274] [jointLog] [info] iteration = 600 | max rel diff. = 0.354952
[2021-04-27 20:43:49.803] [jointLog] [info] iteration = 700 | max rel diff. = 0.30115
[2021-04-27 20:43:51.331] [jointLog] [info] iteration = 800 | max rel diff. = 0.0390309
[2021-04-27 20:43:52.868] [jointLog] [info] iteration = 900 | max rel diff. = 0.489702
[2021-04-27 20:43:54.405] [jointLog] [info] iteration = 1000 | max rel diff. = 0.850489
[2021-04-27 20:43:55.931] [jointLog] [info] iteration = 1100 | max rel diff. = 0.017971
[2021-04-27 20:43:57.459] [jointLog] [info] iteration = 1200 | max rel diff. = 0.0488637
[2021-04-27 20:43:58.994] [jointLog] [info] iteration = 1300 | max rel diff. = 0.467479
[2021-04-27 20:44:00.524] [jointLog] [info] iteration = 1400 | max rel diff. = 0.442889
[2021-04-27 20:44:02.060] [jointLog] [info] iteration = 1500 | max rel diff. = 0.499194
[2021-04-27 20:44:03.600] [jointLog] [info] iteration = 1600 | max rel diff. = 0.0733439
[2021-04-27 20:44:05.132] [jointLog] [info] iteration = 1700 | max rel diff. = 0.111261
[2021-04-27 20:44:06.659] [jointLog] [info] iteration = 1800 | max rel diff. = 0.0119353
[2021-04-27 20:44:08.184] [jointLog] [info] iteration = 1900 | max rel diff. = 0.0140166
[2021-04-27 20:44:09.729] [jointLog] [info] iteration = 2000 | max rel diff. = 0.041783
[2021-04-27 20:44:10.977] [jointLog] [info] iteration = 2083 | max rel diff. = 0.00669371
[2021-04-27 20:44:11.007] [jointLog] [info] finished optimizer
[2021-04-27 20:44:11.007] [jointLog] [info] writing output
[2021-04-27 20:44:12.617] [jointLog] [info] Computing gene-level abundance estimates
[2021-04-27 20:44:37.916] [jointLog] [warning] Feature has no GFF ID
[2021-04-27 20:44:37.916] [jointLog] [warning] Feature has no GFF ID
[2021-04-27 20:44:37.916] [jointLog] [warning] Feature has no GFF ID
[2021-04-27 20:44:37.916] [jointLog] [warning] Feature has no GFF ID
[2021-04-27 20:44:37.916] [jointLog] [warning] Feature has no GFF ID
[2021-04-27 20:44:37.916] [jointLog] [warning] Feature has no GFF ID
[2021-04-27 20:44:37.916] [jointLog] [warning] Feature has no GFF ID
[2021-04-27 20:44:37.916] [jointLog] [warning] Feature has no GFF ID
[2021-04-27 20:44:37.916] [jointLog] [warning] Feature has no GFF ID
[2021-04-27 20:44:37.916] [jointLog] [warning] Feature has no GFF ID
[2021-04-27 20:44:37.916] [jointLog] [warning] Feature has no GFF ID
[2021-04-27 20:44:37.916] [jointLog] [warning] Feature has no GFF ID
[2021-04-27 20:44:37.916] [jointLog] [warning] Feature has no GFF ID
[2021-04-27 20:44:37.916] [jointLog] [warning] Feature has no GFF ID
[2021-04-27 20:44:37.916] [jointLog] [warning] Feature has no GFF ID
[2021-04-27 20:44:37.916] [jointLog] [warning] Feature has no GFF ID
[2021-04-27 20:44:37.916] [jointLog] [warning] Feature has no GFF ID
[2021-04-27 20:44:37.916] [jointLog] [warning] Feature has no GFF ID
[2021-04-27 20:44:37.916] [jointLog] [warning] Feature has no GFF ID
[2021-04-27 20:44:37.916] [jointLog] [warning] Feature has no GFF ID
[2021-04-27 20:44:37.916] [jointLog] [warning] Feature has no GFF ID
[2021-04-27 20:44:37.916] [jointLog] [warning] Feature has no GFF ID
[2021-04-27 20:44:37.916] [jointLog] [warning] Feature has no GFF ID
[2021-04-27 20:44:37.916] [jointLog] [warning] Feature has no GFF ID
[2021-04-27 20:44:37.916] [jointLog] [warning] Feature has no GFF ID
[2021-04-27 20:44:37.916] [jointLog] [warning] Feature has no GFF ID
[2021-04-27 20:44:37.916] [jointLog] [warning] Feature has no GFF ID
[2021-04-27 20:44:37.916] [jointLog] [warning] Feature has no GFF ID
[2021-04-27 20:44:37.916] [jointLog] [warning] Feature has no GFF ID
[2021-04-27 20:44:37.916] [jointLog] [warning] Feature has no GFF ID
[2021-04-27 20:44:37.916] [jointLog] [warning] Feature has no GFF ID
[2021-04-27 20:44:37.916] [jointLog] [warning] Feature has no GFF ID
[2021-04-27 20:44:37.916] [jointLog] [warning] Feature has no GFF ID
[2021-04-27 20:44:37.916] [jointLog] [warning] Feature has no GFF ID
[2021-04-27 20:44:37.916] [jointLog] [warning] Feature has no GFF ID
[2021-04-27 20:44:37.916] [jointLog] [warning] Feature has no GFF ID
[2021-04-27 20:44:37.916] [jointLog] [warning] Feature has no GFF ID
[2021-04-27 20:44:37.916] [jointLog] [warning] Feature has no GFF ID
[2021-04-27 20:44:37.916] [jointLog] [warning] Feature has no GFF ID
[2021-04-27 20:44:37.916] [jointLog] [warning] Feature has no GFF ID
[2021-04-27 20:44:37.916] [jointLog] [warning] Feature has no GFF ID
[2021-04-27 20:44:37.916] [jointLog] [warning] Feature has no GFF ID
[2021-04-27 20:44:37.916] [jointLog] [warning] Feature has no GFF ID
[2021-04-27 20:44:37.916] [jointLog] [warning] Feature has no GFF ID
[2021-04-27 20:44:37.916] [jointLog] [warning] Feature has no GFF ID
[2021-04-27 20:44:37.916] [jointLog] [warning] Feature has no GFF ID
[2021-04-27 20:44:37.916] [jointLog] [warning] Feature has no GFF ID
[2021-04-27 20:44:37.916] [jointLog] [warning] Feature has no GFF ID
[2021-04-27 20:44:37.916] [jointLog] [warning] Feature has no GFF ID
[2021-04-27 20:44:37.916] [jointLog] [warning] Feature has no GFF ID
[2021-04-27 20:44:37.916] [jointLog] [warning] Feature has no GFF ID
[2021-04-27 20:44:37.916] [jointLog] [warning] Feature has no GFF ID
[2021-04-27 20:44:37.916] [jointLog] [warning] Feature has no GFF ID
[2021-04-27 20:44:37.916] [jointLog] [warning] Feature has no GFF ID
[2021-04-27 20:44:37.916] [jointLog] [warning] Feature has no GFF ID
[2021-04-27 20:44:37.916] [jointLog] [warning] Feature has no GFF ID
[2021-04-27 20:44:37.916] [jointLog] [warning] Feature has no GFF ID
[2021-04-27 20:44:37.916] [jointLog] [warning] Feature has no GFF ID
[2021-04-27 20:44:37.916] [jointLog] [warning] Feature has no GFF ID
[2021-04-27 20:44:37.916] [jointLog] [warning] Feature has no GFF ID
[2021-04-27 20:44:37.916] [jointLog] [warning] Feature has no GFF ID
[2021-04-27 20:44:37.916] [jointLog] [warning] Feature has no GFF ID
[2021-04-27 20:44:37.916] [jointLog] [warning] Feature has no GFF ID
[2021-04-27 20:44:37.916] [jointLog] [warning] Feature has no GFF ID
[2021-04-27 20:44:37.916] [jointLog] [warning] Feature has no GFF ID
[2021-04-27 20:44:37.916] [jointLog] [warning] Feature has no GFF ID
[2021-04-27 20:44:37.916] [jointLog] [warning] Feature has no GFF ID
[2021-04-27 20:44:37.916] [jointLog] [warning] Feature has no GFF ID
[2021-04-27 20:44:37.916] [jointLog] [warning] Feature has no GFF ID
[2021-04-27 20:44:37.916] [jointLog] [warning] Feature has no GFF ID
[2021-04-27 20:44:37.916] [jointLog] [warning] Feature has no GFF ID
[2021-04-27 20:44:37.916] [jointLog] [warning] Feature has no GFF ID
[2021-04-27 20:44:37.916] [jointLog] [warning] Feature has no GFF ID
[2021-04-27 20:44:37.916] [jointLog] [warning] Feature has no GFF ID
[2021-04-27 20:44:37.916] [jointLog] [warning] Feature has no GFF ID
[2021-04-27 20:44:37.916] [jointLog] [warning] Feature has no GFF ID
[2021-04-27 20:44:37.916] [jointLog] [warning] Feature has no GFF ID
[2021-04-27 20:44:37.916] [jointLog] [warning] Feature has no GFF ID
[2021-04-27 20:44:37.916] [jointLog] [warning] Feature has no GFF ID
[2021-04-27 20:44:37.916] [jointLog] [warning] Feature has no GFF ID
[2021-04-27 20:44:37.916] [jointLog] [warning] Feature has no GFF ID
[2021-04-27 20:44:37.916] [jointLog] [warning] Feature has no GFF ID
[2021-04-27 20:44:37.916] [jointLog] [warning] Feature has no GFF ID
[2021-04-27 20:44:37.916] [jointLog] [warning] Feature has no GFF ID
[2021-04-27 20:44:37.916] [jointLog] [warning] Feature has no GFF ID
[2021-04-27 20:44:37.916] [jointLog] [warning] Feature has no GFF ID
[2021-04-27 20:44:37.916] [jointLog] [warning] Feature has no GFF ID
[2021-04-27 20:44:37.916] [jointLog] [warning] Feature has no GFF ID
[2021-04-27 20:44:37.916] [jointLog] [warning] Feature has no GFF ID
[2021-04-27 20:44:37.916] [jointLog] [warning] Feature has no GFF ID
[2021-04-27 20:44:37.916] [jointLog] [warning] Feature has no GFF ID
[2021-04-27 20:44:37.916] [jointLog] [warning] Feature has no GFF ID
[2021-04-27 20:44:38.192] [jointLog] [info] There were 142604 transcripts mapping to 55401 genes
[2021-04-27 20:44:38.192] [jointLog] [info] NOTE: We recommend using tximport (https://bioconductor.org/packages/release/bioc/html/tximport.html) for aggregating transcript-level salmon abundance estimates to the gene level.  It is more versatile, exposes more features, and allows considering multi-sample information during aggregation.
[2021-04-27 20:44:38.436] [jointLog] [warning] couldn't find transcript named [DQ459430] in transcript <-> gene map; returning transcript as it's own gene
[2021-04-27 20:44:38.436] [jointLog] [warning] couldn't find transcript named [DQ516784] in transcript <-> gene map; returning transcript as it's own gene
[2021-04-27 20:44:38.436] [jointLog] [warning] couldn't find transcript named [DQ516752] in transcript <-> gene map; returning transcript as it's own gene
[2021-04-27 20:44:38.436] [jointLog] [warning] couldn't find transcript named [DQ668364] in transcript <-> gene map; returning transcript as it's own gene
[2021-04-27 20:44:38.436] [jointLog] [warning] couldn't find transcript named [DQ883670] in transcript <-> gene map; returning transcript as it's own gene
[2021-04-27 20:44:38.436] [jointLog] [warning] couldn't find transcript named [EF011062] in transcript <-> gene map; returning transcript as it's own gene
[2021-04-27 20:44:38.436] [jointLog] [warning] couldn't find transcript named [DQ875385] in transcript <-> gene map; returning transcript as it's own gene
[2021-04-27 20:44:38.436] [jointLog] [warning] couldn't find transcript named [DQ883664] in transcript <-> gene map; returning transcript as it's own gene
[2021-04-27 20:44:38.436] [jointLog] [warning] couldn't find transcript named [DQ459420] in transcript <-> gene map; returning transcript as it's own gene
[2021-04-27 20:44:38.436] [jointLog] [warning] couldn't find transcript named [DQ883651] in transcript <-> gene map; returning transcript as it's own gene
[2021-04-27 20:44:38.436] [jointLog] [warning] couldn't find transcript named [DQ855004] in transcript <-> gene map; returning transcript as it's own gene
[2021-04-27 20:44:38.436] [jointLog] [warning] couldn't find transcript named [DQ854993] in transcript <-> gene map; returning transcript as it's own gene
[2021-04-27 20:44:38.436] [jointLog] [warning] couldn't find transcript named [DQ883689] in transcript <-> gene map; returning transcript as it's own gene
[2021-04-27 20:44:38.436] [jointLog] [warning] couldn't find transcript named [DQ459419] in transcript <-> gene map; returning transcript as it's own gene
[2021-04-27 20:44:38.436] [jointLog] [warning] couldn't find transcript named [DQ459431] in transcript <-> gene map; returning transcript as it's own gene
[2021-04-27 20:44:38.436] [jointLog] [warning] couldn't find transcript named [DQ516796] in transcript <-> gene map; returning transcript as it's own gene
[2021-04-27 20:44:38.436] [jointLog] [warning] couldn't find transcript named [DQ855001] in transcript <-> gene map; returning transcript as it's own gene
[2021-04-27 20:44:38.436] [jointLog] [warning] couldn't find transcript named [DQ459413] in transcript <-> gene map; returning transcript as it's own gene
[2021-04-27 20:44:38.436] [jointLog] [warning] couldn't find transcript named [DQ883656] in transcript <-> gene map; returning transcript as it's own gene
[2021-04-27 20:44:38.436] [jointLog] [warning] couldn't find transcript named [DQ883661] in transcript <-> gene map; returning transcript as it's own gene
[2021-04-27 20:44:38.436] [jointLog] [warning] couldn't find transcript named [EF011069] in transcript <-> gene map; returning transcript as it's own gene
[2021-04-27 20:44:38.436] [jointLog] [warning] couldn't find transcript named [DQ516783] in transcript <-> gene map; returning transcript as it's own gene
[2021-04-27 20:44:38.436] [jointLog] [warning] couldn't find transcript named [DQ516787] in transcript <-> gene map; returning transcript as it's own gene
[2021-04-27 20:44:38.436] [jointLog] [warning] couldn't find transcript named [DQ459424] in transcript <-> gene map; returning transcript as it's own gene
[2021-04-27 20:44:38.436] [jointLog] [warning] couldn't find transcript named [DQ516748] in transcript <-> gene map; returning transcript as it's own gene
[2021-04-27 20:44:38.436] [jointLog] [warning] couldn't find transcript named [DQ883671] in transcript <-> gene map; returning transcript as it's own gene
[2021-04-27 20:44:38.436] [jointLog] [warning] couldn't find transcript named [DQ516740] in transcript <-> gene map; returning transcript as it's own gene
[2021-04-27 20:44:38.436] [jointLog] [warning] couldn't find transcript named [DQ516785] in transcript <-> gene map; returning transcript as it's own gene
[2021-04-27 20:44:38.436] [jointLog] [warning] couldn't find transcript named [DQ516731] in transcript <-> gene map; returning transcript as it's own gene
[2021-04-27 20:44:38.436] [jointLog] [warning] couldn't find transcript named [DQ668366] in transcript <-> gene map; returning transcript as it's own gene
[2021-04-27 20:44:38.436] [jointLog] [warning] couldn't find transcript named [DQ459418] in transcript <-> gene map; returning transcript as it's own gene
[2021-04-27 20:44:38.436] [jointLog] [warning] couldn't find transcript named [DQ668356] in transcript <-> gene map; returning transcript as it's own gene
[2021-04-27 20:44:38.436] [jointLog] [warning] couldn't find transcript named [DQ516763] in transcript <-> gene map; returning transcript as it's own gene
[2021-04-27 20:44:38.436] [jointLog] [warning] couldn't find transcript named [DQ459426] in transcript <-> gene map; returning transcript as it's own gene
[2021-04-27 20:44:38.436] [jointLog] [warning] couldn't find transcript named [DQ516786] in transcript <-> gene map; returning transcript as it's own gene
[2021-04-27 20:44:38.436] [jointLog] [warning] couldn't find transcript named [DQ883653] in transcript <-> gene map; returning transcript as it's own gene
[2021-04-27 20:44:38.436] [jointLog] [warning] couldn't find transcript named [DQ459421] in transcript <-> gene map; returning transcript as it's own gene
[2021-04-27 20:44:38.436] [jointLog] [warning] couldn't find transcript named [DQ883654] in transcript <-> gene map; returning transcript as it's own gene
[2021-04-27 20:44:38.436] [jointLog] [warning] couldn't find transcript named [DQ668358] in transcript <-> gene map; returning transcript as it's own gene
[2021-04-27 20:44:38.436] [jointLog] [warning] couldn't find transcript named [DQ516754] in transcript <-> gene map; returning transcript as it's own gene
[2021-04-27 20:44:38.436] [jointLog] [warning] couldn't find transcript named [DQ516778] in transcript <-> gene map; returning transcript as it's own gene
[2021-04-27 20:44:38.436] [jointLog] [warning] couldn't find transcript named [DQ883650] in transcript <-> gene map; returning transcript as it's own gene
[2021-04-27 20:44:38.436] [jointLog] [warning] couldn't find transcript named [DQ516742] in transcript <-> gene map; returning transcript as it's own gene
[2021-04-27 20:44:38.436] [jointLog] [warning] couldn't find transcript named [DQ883673] in transcript <-> gene map; returning transcript as it's own gene
[2021-04-27 20:44:38.436] [jointLog] [warning] couldn't find transcript named [DQ883652] in transcript <-> gene map; returning transcript as it's own gene
[2021-04-27 20:44:38.436] [jointLog] [warning] couldn't find transcript named [DQ854991] in transcript <-> gene map; returning transcript as it's own gene
[2021-04-27 20:44:38.436] [jointLog] [warning] couldn't find transcript named [DQ516780] in transcript <-> gene map; returning transcript as it's own gene
[2021-04-27 20:44:38.436] [jointLog] [warning] couldn't find transcript named [DQ883682] in transcript <-> gene map; returning transcript as it's own gene
[2021-04-27 20:44:38.436] [jointLog] [warning] couldn't find transcript named [DQ883669] in transcript <-> gene map; returning transcript as it's own gene
[2021-04-27 20:44:38.436] [jointLog] [warning] couldn't find transcript named [DQ516791] in transcript <-> gene map; returning transcript as it's own gene
[2021-04-27 20:44:38.436] [jointLog] [warning] couldn't find transcript named [DQ459425] in transcript <-> gene map; returning transcript as it's own gene
[2021-04-27 20:44:38.436] [jointLog] [warning] couldn't find transcript named [DQ516759] in transcript <-> gene map; returning transcript as it's own gene
[2021-04-27 20:44:38.436] [jointLog] [warning] couldn't find transcript named [DQ459429] in transcript <-> gene map; returning transcript as it's own gene
[2021-04-27 20:44:38.436] [jointLog] [warning] couldn't find transcript named [DQ516758] in transcript <-> gene map; returning transcript as it's own gene
[2021-04-27 20:44:38.436] [jointLog] [warning] couldn't find transcript named [DQ459415] in transcript <-> gene map; returning transcript as it's own gene
[2021-04-27 20:44:38.436] [jointLog] [warning] couldn't find transcript named [DQ875387] in transcript <-> gene map; returning transcript as it's own gene
[2021-04-27 20:44:38.436] [jointLog] [warning] couldn't find transcript named [DQ516815] in transcript <-> gene map; returning transcript as it's own gene
[2021-04-27 20:44:38.436] [jointLog] [warning] couldn't find transcript named [DQ668365] in transcript <-> gene map; returning transcript as it's own gene
[2021-04-27 20:44:38.436] [jointLog] [warning] couldn't find transcript named [DQ854998] in transcript <-> gene map; returning transcript as it's own gene
[2021-04-27 20:44:38.436] [jointLog] [warning] couldn't find transcript named [DQ883685] in transcript <-> gene map; returning transcript as it's own gene
[2021-04-27 20:44:38.436] [jointLog] [warning] couldn't find transcript named [DQ459422] in transcript <-> gene map; returning transcript as it's own gene
[2021-04-27 20:44:38.436] [jointLog] [warning] couldn't find transcript named [DQ883663] in transcript <-> gene map; returning transcript as it's own gene
[2021-04-27 20:44:38.436] [jointLog] [warning] couldn't find transcript named [DQ668367] in transcript <-> gene map; returning transcript as it's own gene
[2021-04-27 20:44:38.436] [jointLog] [warning] couldn't find transcript named [DQ459412] in transcript <-> gene map; returning transcript as it's own gene
[2021-04-27 20:44:38.436] [jointLog] [warning] couldn't find transcript named [DQ854992] in transcript <-> gene map; returning transcript as it's own gene
[2021-04-27 20:44:38.436] [jointLog] [warning] couldn't find transcript named [DQ516782] in transcript <-> gene map; returning transcript as it's own gene
[2021-04-27 20:44:38.436] [jointLog] [warning] couldn't find transcript named [DQ459427] in transcript <-> gene map; returning transcript as it's own gene
[2021-04-27 20:44:38.436] [jointLog] [warning] couldn't find transcript named [EF011072] in transcript <-> gene map; returning transcript as it's own gene
[2021-04-27 20:44:38.436] [jointLog] [warning] couldn't find transcript named [DQ855003] in transcript <-> gene map; returning transcript as it's own gene
[2021-04-27 20:44:38.436] [jointLog] [warning] couldn't find transcript named [DQ516739] in transcript <-> gene map; returning transcript as it's own gene
[2021-04-27 20:44:38.436] [jointLog] [warning] couldn't find transcript named [EF011063] in transcript <-> gene map; returning transcript as it's own gene
[2021-04-27 20:44:38.436] [jointLog] [warning] couldn't find transcript named [DQ855000] in transcript <-> gene map; returning transcript as it's own gene
[2021-04-27 20:44:38.436] [jointLog] [warning] couldn't find transcript named [DQ516777] in transcript <-> gene map; returning transcript as it's own gene
[2021-04-27 20:44:38.436] [jointLog] [warning] couldn't find transcript named [DQ883646] in transcript <-> gene map; returning transcript as it's own gene
[2021-04-27 20:44:38.436] [jointLog] [warning] couldn't find transcript named [DQ668362] in transcript <-> gene map; returning transcript as it's own gene
[2021-04-27 20:44:38.436] [jointLog] [warning] couldn't find transcript named [DQ854995] in transcript <-> gene map; returning transcript as it's own gene
[2021-04-27 20:44:38.436] [jointLog] [warning] couldn't find transcript named [DQ875386] in transcript <-> gene map; returning transcript as it's own gene
[2021-04-27 20:44:38.436] [jointLog] [warning] couldn't find transcript named [DQ516790] in transcript <-> gene map; returning transcript as it's own gene
[2021-04-27 20:44:38.436] [jointLog] [warning] couldn't find transcript named [DQ883642] in transcript <-> gene map; returning transcript as it's own gene
[2021-04-27 20:44:38.436] [jointLog] [warning] couldn't find transcript named [DQ883659] in transcript <-> gene map; returning transcript as it's own gene
[2021-04-27 20:44:38.436] [jointLog] [warning] couldn't find transcript named [DQ854997] in transcript <-> gene map; returning transcript as it's own gene
[2021-04-27 20:44:38.436] [jointLog] [warning] couldn't find transcript named [DQ883643] in transcript <-> gene map; returning transcript as it's own gene
[2021-04-27 20:44:38.436] [jointLog] [warning] couldn't find transcript named [DQ839618] in transcript <-> gene map; returning transcript as it's own gene
[2021-04-27 20:44:38.436] [jointLog] [warning] couldn't find transcript named [DQ516795] in transcript <-> gene map; returning transcript as it's own gene
[2021-04-27 20:44:38.436] [jointLog] [warning] couldn't find transcript named [DQ883658] in transcript <-> gene map; returning transcript as it's own gene
[2021-04-27 20:44:38.436] [jointLog] [warning] couldn't find transcript named [DQ516750] in transcript <-> gene map; returning transcript as it's own gene
[2021-04-27 20:44:38.436] [jointLog] [warning] couldn't find transcript named [DQ668359] in transcript <-> gene map; returning transcript as it's own gene
[2021-04-27 20:44:38.436] [jointLog] [warning] couldn't find transcript named [DQ516779] in transcript <-> gene map; returning transcript as it's own gene
[2021-04-27 20:44:38.436] [jointLog] [warning] couldn't find transcript named [DQ668363] in transcript <-> gene map; returning transcript as it's own gene
[2021-04-27 20:44:38.436] [jointLog] [warning] couldn't find transcript named [DQ516776] in transcript <-> gene map; returning transcript as it's own gene
[2021-04-27 20:44:38.436] [jointLog] [warning] couldn't find transcript named [DQ516773] in transcript <-> gene map; returning transcript as it's own gene
[2021-04-27 20:44:38.436] [jointLog] [warning] couldn't find transcript named [DQ854994] in transcript <-> gene map; returning transcript as it's own gene
[2021-04-27 20:44:38.437] [jointLog] [info] Aggregating expressions to gene level
[2021-04-27 20:44:38.596] [jointLog] [info] done
