[2021-04-27 20:45:19.462] [jointLog] [info] setting maxHashResizeThreads to 6
[2021-04-27 20:45:19.462] [jointLog] [info] Fragment incompatibility prior below threshold.  Incompatible fragments will be ignored.
[2021-04-27 20:45:19.463] [jointLog] [info] numQuantThreads = 3
[2021-04-27 20:45:22.525] [fileLog] [info] quantification processed 0 fragments so far

[2021-04-27 20:45:22.255] [jointLog] [info] replaced 4 non-ACGT nucleotides with random nucleotides
[2021-04-27 20:45:25.616] [fileLog] [info] quantification processed 1000000 fragments so far

[2021-04-27 20:45:28.801] [fileLog] [info] quantification processed 2000000 fragments so far

[2021-04-27 20:45:30.482] [jointLog] [info] 

The alignment group queue pool has been exhausted.  3519769 extra fragments were allocated on the heap to saturate the pool.  No new fragments will be allocated


[2021-04-27 20:45:36.994] [fileLog] [info] quantification processed 3000000 fragments so far

[2021-04-27 20:45:51.144] [fileLog] [info] quantification processed 4000000 fragments so far

[2021-04-27 20:46:05.296] [fileLog] [info] quantification processed 5000000 fragments so far

[2021-04-27 20:46:19.097] [fileLog] [info] quantification processed 6000000 fragments so far

[2021-04-27 20:46:32.906] [fileLog] [info] quantification processed 7000000 fragments so far

[2021-04-27 20:46:36.178] [fileLog] [info] quantification processed 8000000 fragments so far

[2021-04-27 20:46:39.404] [fileLog] [info] quantification processed 9000000 fragments so far

[2021-04-27 20:46:42.540] [fileLog] [info] quantification processed 10000000 fragments so far

[2021-04-27 20:46:45.730] [fileLog] [info] quantification processed 11000000 fragments so far

[2021-04-27 20:46:48.845] [fileLog] [info] quantification processed 12000000 fragments so far

[2021-04-27 20:46:51.956] [fileLog] [info] quantification processed 13000000 fragments so far

[2021-04-27 20:46:55.099] [fileLog] [info] quantification processed 14000000 fragments so far

[2021-04-27 20:46:58.245] [fileLog] [info] quantification processed 15000000 fragments so far

[2021-04-27 20:47:01.372] [fileLog] [info] quantification processed 16000000 fragments so far

[2021-04-27 20:47:04.480] [fileLog] [info] quantification processed 17000000 fragments so far

[2021-04-27 20:47:07.633] [fileLog] [info] quantification processed 18000000 fragments so far

[2021-04-27 20:47:10.718] [fileLog] [info] quantification processed 19000000 fragments so far

[2021-04-27 20:47:13.825] [fileLog] [info] quantification processed 20000000 fragments so far

[2021-04-27 20:47:16.967] [fileLog] [info] quantification processed 21000000 fragments so far

[2021-04-27 20:47:20.140] [fileLog] [info] quantification processed 22000000 fragments so far

[2021-04-27 20:47:23.345] [fileLog] [info] quantification processed 23000000 fragments so far

[2021-04-27 20:47:26.501] [fileLog] [info] quantification processed 24000000 fragments so far

[2021-04-27 20:47:29.664] [fileLog] [info] quantification processed 25000000 fragments so far

[2021-04-27 20:47:32.819] [fileLog] [info] quantification processed 26000000 fragments so far

[2021-04-27 20:47:35.967] [fileLog] [info] quantification processed 27000000 fragments so far

[2021-04-27 20:47:39.108] [fileLog] [info] quantification processed 28000000 fragments so far

[2021-04-27 20:47:42.252] [fileLog] [info] quantification processed 29000000 fragments so far

[2021-04-27 20:47:45.447] [fileLog] [info] quantification processed 30000000 fragments so far

[2021-04-27 20:47:48.606] [fileLog] [info] quantification processed 31000000 fragments so far

[2021-04-27 20:47:51.757] [fileLog] [info] quantification processed 32000000 fragments so far

[2021-04-27 20:47:54.986] [fileLog] [info] quantification processed 33000000 fragments so far

[2021-04-27 20:47:58.214] [fileLog] [info] quantification processed 34000000 fragments so far

[2021-04-27 20:48:01.463] [fileLog] [info] quantification processed 35000000 fragments so far

[2021-04-27 20:48:04.707] [fileLog] [info] quantification processed 36000000 fragments so far

[2021-04-27 20:48:07.909] [fileLog] [info] quantification processed 37000000 fragments so far

[2021-04-27 20:48:11.068] [fileLog] [info] quantification processed 38000000 fragments so far

[2021-04-27 20:48:14.208] [fileLog] [info] quantification processed 39000000 fragments so far

[2021-04-27 20:48:16.237] [fileLog] [info] quantification processed 39616376 fragments so far

[2021-04-27 20:48:22.211] [jointLog] [info] Thread saw mini-batch with a maximum of 18.90% zero probability fragments
[2021-04-27 20:48:22.212] [jointLog] [info] Thread saw mini-batch with a maximum of 19.50% zero probability fragments
[2021-04-27 20:48:22.214] [jointLog] [info] Thread saw mini-batch with a maximum of 17.50% zero probability fragments
[2021-04-27 20:48:22.215] [jointLog] [info] 


Completed first pass through the alignment file.
Total # of mapped reads : 39616376
# of uniquely mapped reads : 13280534
# ambiguously mapped reads : 26335842



[2021-04-27 20:48:22.350] [jointLog] [info] Computed 218843 rich equivalence classes for further processing
[2021-04-27 20:48:22.350] [jointLog] [info] Counted 39401564 total reads in the equivalence classes 
[2021-04-27 20:48:22.352] [jointLog] [info] starting optimizer
[2021-04-27 20:48:22.453] [jointLog] [info] Marked 0 weighted equivalence classes as degenerate
[2021-04-27 20:48:22.471] [jointLog] [info] iteration = 0 | max rel diff. = 5849.04
[2021-04-27 20:48:23.937] [jointLog] [info] iteration = 100 | max rel diff. = 9.83409
[2021-04-27 20:48:25.374] [jointLog] [info] iteration = 200 | max rel diff. = 12.0678
[2021-04-27 20:48:26.843] [jointLog] [info] iteration = 300 | max rel diff. = 1.76202
[2021-04-27 20:48:28.294] [jointLog] [info] iteration = 400 | max rel diff. = 0.172128
[2021-04-27 20:48:29.752] [jointLog] [info] iteration = 500 | max rel diff. = 0.748139
[2021-04-27 20:48:31.212] [jointLog] [info] iteration = 600 | max rel diff. = 2.26649
[2021-04-27 20:48:32.688] [jointLog] [info] iteration = 700 | max rel diff. = 0.641074
[2021-04-27 20:48:34.158] [jointLog] [info] iteration = 800 | max rel diff. = 15.3271
[2021-04-27 20:48:35.639] [jointLog] [info] iteration = 900 | max rel diff. = 0.0380371
[2021-04-27 20:48:37.113] [jointLog] [info] iteration = 1000 | max rel diff. = 1.70682
[2021-04-27 20:48:38.575] [jointLog] [info] iteration = 1100 | max rel diff. = 0.0846698
[2021-04-27 20:48:40.040] [jointLog] [info] iteration = 1200 | max rel diff. = 0.128453
[2021-04-27 20:48:41.483] [jointLog] [info] iteration = 1300 | max rel diff. = 0.239715
[2021-04-27 20:48:42.913] [jointLog] [info] iteration = 1400 | max rel diff. = 0.0586574
[2021-04-27 20:48:44.336] [jointLog] [info] iteration = 1500 | max rel diff. = 0.775793
[2021-04-27 20:48:45.772] [jointLog] [info] iteration = 1600 | max rel diff. = 0.0582418
[2021-04-27 20:48:47.216] [jointLog] [info] iteration = 1700 | max rel diff. = 0.0404368
[2021-04-27 20:48:48.648] [jointLog] [info] iteration = 1800 | max rel diff. = 0.146725
[2021-04-27 20:48:48.762] [jointLog] [info] iteration = 1809 | max rel diff. = 0.00916552
[2021-04-27 20:48:48.792] [jointLog] [info] finished optimizer
[2021-04-27 20:48:48.792] [jointLog] [info] writing output
[2021-04-27 20:48:50.703] [jointLog] [info] Computing gene-level abundance estimates
[2021-04-27 20:49:19.210] [jointLog] [warning] Feature has no GFF ID
[2021-04-27 20:49:19.210] [jointLog] [warning] Feature has no GFF ID
[2021-04-27 20:49:19.210] [jointLog] [warning] Feature has no GFF ID
[2021-04-27 20:49:19.210] [jointLog] [warning] Feature has no GFF ID
[2021-04-27 20:49:19.210] [jointLog] [warning] Feature has no GFF ID
[2021-04-27 20:49:19.210] [jointLog] [warning] Feature has no GFF ID
[2021-04-27 20:49:19.210] [jointLog] [warning] Feature has no GFF ID
[2021-04-27 20:49:19.210] [jointLog] [warning] Feature has no GFF ID
[2021-04-27 20:49:19.210] [jointLog] [warning] Feature has no GFF ID
[2021-04-27 20:49:19.210] [jointLog] [warning] Feature has no GFF ID
[2021-04-27 20:49:19.210] [jointLog] [warning] Feature has no GFF ID
[2021-04-27 20:49:19.210] [jointLog] [warning] Feature has no GFF ID
[2021-04-27 20:49:19.210] [jointLog] [warning] Feature has no GFF ID
[2021-04-27 20:49:19.210] [jointLog] [warning] Feature has no GFF ID
[2021-04-27 20:49:19.210] [jointLog] [warning] Feature has no GFF ID
[2021-04-27 20:49:19.210] [jointLog] [warning] Feature has no GFF ID
[2021-04-27 20:49:19.210] [jointLog] [warning] Feature has no GFF ID
[2021-04-27 20:49:19.210] [jointLog] [warning] Feature has no GFF ID
[2021-04-27 20:49:19.210] [jointLog] [warning] Feature has no GFF ID
[2021-04-27 20:49:19.210] [jointLog] [warning] Feature has no GFF ID
[2021-04-27 20:49:19.210] [jointLog] [warning] Feature has no GFF ID
[2021-04-27 20:49:19.210] [jointLog] [warning] Feature has no GFF ID
[2021-04-27 20:49:19.210] [jointLog] [warning] Feature has no GFF ID
[2021-04-27 20:49:19.210] [jointLog] [warning] Feature has no GFF ID
[2021-04-27 20:49:19.210] [jointLog] [warning] Feature has no GFF ID
[2021-04-27 20:49:19.210] [jointLog] [warning] Feature has no GFF ID
[2021-04-27 20:49:19.210] [jointLog] [warning] Feature has no GFF ID
[2021-04-27 20:49:19.210] [jointLog] [warning] Feature has no GFF ID
[2021-04-27 20:49:19.210] [jointLog] [warning] Feature has no GFF ID
[2021-04-27 20:49:19.210] [jointLog] [warning] Feature has no GFF ID
[2021-04-27 20:49:19.210] [jointLog] [warning] Feature has no GFF ID
[2021-04-27 20:49:19.210] [jointLog] [warning] Feature has no GFF ID
[2021-04-27 20:49:19.210] [jointLog] [warning] Feature has no GFF ID
[2021-04-27 20:49:19.210] [jointLog] [warning] Feature has no GFF ID
[2021-04-27 20:49:19.210] [jointLog] [warning] Feature has no GFF ID
[2021-04-27 20:49:19.210] [jointLog] [warning] Feature has no GFF ID
[2021-04-27 20:49:19.210] [jointLog] [warning] Feature has no GFF ID
[2021-04-27 20:49:19.210] [jointLog] [warning] Feature has no GFF ID
[2021-04-27 20:49:19.210] [jointLog] [warning] Feature has no GFF ID
[2021-04-27 20:49:19.210] [jointLog] [warning] Feature has no GFF ID
[2021-04-27 20:49:19.210] [jointLog] [warning] Feature has no GFF ID
[2021-04-27 20:49:19.210] [jointLog] [warning] Feature has no GFF ID
[2021-04-27 20:49:19.210] [jointLog] [warning] Feature has no GFF ID
[2021-04-27 20:49:19.210] [jointLog] [warning] Feature has no GFF ID
[2021-04-27 20:49:19.210] [jointLog] [warning] Feature has no GFF ID
[2021-04-27 20:49:19.210] [jointLog] [warning] Feature has no GFF ID
[2021-04-27 20:49:19.210] [jointLog] [warning] Feature has no GFF ID
[2021-04-27 20:49:19.210] [jointLog] [warning] Feature has no GFF ID
[2021-04-27 20:49:19.210] [jointLog] [warning] Feature has no GFF ID
[2021-04-27 20:49:19.210] [jointLog] [warning] Feature has no GFF ID
[2021-04-27 20:49:19.210] [jointLog] [warning] Feature has no GFF ID
[2021-04-27 20:49:19.210] [jointLog] [warning] Feature has no GFF ID
[2021-04-27 20:49:19.210] [jointLog] [warning] Feature has no GFF ID
[2021-04-27 20:49:19.210] [jointLog] [warning] Feature has no GFF ID
[2021-04-27 20:49:19.210] [jointLog] [warning] Feature has no GFF ID
[2021-04-27 20:49:19.210] [jointLog] [warning] Feature has no GFF ID
[2021-04-27 20:49:19.210] [jointLog] [warning] Feature has no GFF ID
[2021-04-27 20:49:19.210] [jointLog] [warning] Feature has no GFF ID
[2021-04-27 20:49:19.210] [jointLog] [warning] Feature has no GFF ID
[2021-04-27 20:49:19.210] [jointLog] [warning] Feature has no GFF ID
[2021-04-27 20:49:19.210] [jointLog] [warning] Feature has no GFF ID
[2021-04-27 20:49:19.210] [jointLog] [warning] Feature has no GFF ID
[2021-04-27 20:49:19.210] [jointLog] [warning] Feature has no GFF ID
[2021-04-27 20:49:19.210] [jointLog] [warning] Feature has no GFF ID
[2021-04-27 20:49:19.210] [jointLog] [warning] Feature has no GFF ID
[2021-04-27 20:49:19.210] [jointLog] [warning] Feature has no GFF ID
[2021-04-27 20:49:19.210] [jointLog] [warning] Feature has no GFF ID
[2021-04-27 20:49:19.210] [jointLog] [warning] Feature has no GFF ID
[2021-04-27 20:49:19.210] [jointLog] [warning] Feature has no GFF ID
[2021-04-27 20:49:19.210] [jointLog] [warning] Feature has no GFF ID
[2021-04-27 20:49:19.210] [jointLog] [warning] Feature has no GFF ID
[2021-04-27 20:49:19.210] [jointLog] [warning] Feature has no GFF ID
[2021-04-27 20:49:19.210] [jointLog] [warning] Feature has no GFF ID
[2021-04-27 20:49:19.210] [jointLog] [warning] Feature has no GFF ID
[2021-04-27 20:49:19.210] [jointLog] [warning] Feature has no GFF ID
[2021-04-27 20:49:19.210] [jointLog] [warning] Feature has no GFF ID
[2021-04-27 20:49:19.210] [jointLog] [warning] Feature has no GFF ID
[2021-04-27 20:49:19.210] [jointLog] [warning] Feature has no GFF ID
[2021-04-27 20:49:19.210] [jointLog] [warning] Feature has no GFF ID
[2021-04-27 20:49:19.210] [jointLog] [warning] Feature has no GFF ID
[2021-04-27 20:49:19.210] [jointLog] [warning] Feature has no GFF ID
[2021-04-27 20:49:19.210] [jointLog] [warning] Feature has no GFF ID
[2021-04-27 20:49:19.210] [jointLog] [warning] Feature has no GFF ID
[2021-04-27 20:49:19.210] [jointLog] [warning] Feature has no GFF ID
[2021-04-27 20:49:19.210] [jointLog] [warning] Feature has no GFF ID
[2021-04-27 20:49:19.210] [jointLog] [warning] Feature has no GFF ID
[2021-04-27 20:49:19.210] [jointLog] [warning] Feature has no GFF ID
[2021-04-27 20:49:19.210] [jointLog] [warning] Feature has no GFF ID
[2021-04-27 20:49:19.210] [jointLog] [warning] Feature has no GFF ID
[2021-04-27 20:49:19.210] [jointLog] [warning] Feature has no GFF ID
[2021-04-27 20:49:19.210] [jointLog] [warning] Feature has no GFF ID
[2021-04-27 20:49:19.210] [jointLog] [warning] Feature has no GFF ID
[2021-04-27 20:49:19.513] [jointLog] [info] There were 142604 transcripts mapping to 55401 genes
[2021-04-27 20:49:19.514] [jointLog] [info] NOTE: We recommend using tximport (https://bioconductor.org/packages/release/bioc/html/tximport.html) for aggregating transcript-level salmon abundance estimates to the gene level.  It is more versatile, exposes more features, and allows considering multi-sample information during aggregation.
[2021-04-27 20:49:19.788] [jointLog] [warning] couldn't find transcript named [DQ459430] in transcript <-> gene map; returning transcript as it's own gene
[2021-04-27 20:49:19.788] [jointLog] [warning] couldn't find transcript named [DQ516784] in transcript <-> gene map; returning transcript as it's own gene
[2021-04-27 20:49:19.788] [jointLog] [warning] couldn't find transcript named [DQ516752] in transcript <-> gene map; returning transcript as it's own gene
[2021-04-27 20:49:19.788] [jointLog] [warning] couldn't find transcript named [DQ668364] in transcript <-> gene map; returning transcript as it's own gene
[2021-04-27 20:49:19.788] [jointLog] [warning] couldn't find transcript named [DQ883670] in transcript <-> gene map; returning transcript as it's own gene
[2021-04-27 20:49:19.788] [jointLog] [warning] couldn't find transcript named [EF011062] in transcript <-> gene map; returning transcript as it's own gene
[2021-04-27 20:49:19.788] [jointLog] [warning] couldn't find transcript named [DQ875385] in transcript <-> gene map; returning transcript as it's own gene
[2021-04-27 20:49:19.788] [jointLog] [warning] couldn't find transcript named [DQ883664] in transcript <-> gene map; returning transcript as it's own gene
[2021-04-27 20:49:19.788] [jointLog] [warning] couldn't find transcript named [DQ459420] in transcript <-> gene map; returning transcript as it's own gene
[2021-04-27 20:49:19.788] [jointLog] [warning] couldn't find transcript named [DQ883651] in transcript <-> gene map; returning transcript as it's own gene
[2021-04-27 20:49:19.788] [jointLog] [warning] couldn't find transcript named [DQ855004] in transcript <-> gene map; returning transcript as it's own gene
[2021-04-27 20:49:19.788] [jointLog] [warning] couldn't find transcript named [DQ854993] in transcript <-> gene map; returning transcript as it's own gene
[2021-04-27 20:49:19.788] [jointLog] [warning] couldn't find transcript named [DQ883689] in transcript <-> gene map; returning transcript as it's own gene
[2021-04-27 20:49:19.788] [jointLog] [warning] couldn't find transcript named [DQ459419] in transcript <-> gene map; returning transcript as it's own gene
[2021-04-27 20:49:19.788] [jointLog] [warning] couldn't find transcript named [DQ459431] in transcript <-> gene map; returning transcript as it's own gene
[2021-04-27 20:49:19.788] [jointLog] [warning] couldn't find transcript named [DQ516796] in transcript <-> gene map; returning transcript as it's own gene
[2021-04-27 20:49:19.788] [jointLog] [warning] couldn't find transcript named [DQ855001] in transcript <-> gene map; returning transcript as it's own gene
[2021-04-27 20:49:19.788] [jointLog] [warning] couldn't find transcript named [DQ459413] in transcript <-> gene map; returning transcript as it's own gene
[2021-04-27 20:49:19.788] [jointLog] [warning] couldn't find transcript named [DQ883656] in transcript <-> gene map; returning transcript as it's own gene
[2021-04-27 20:49:19.788] [jointLog] [warning] couldn't find transcript named [DQ883661] in transcript <-> gene map; returning transcript as it's own gene
[2021-04-27 20:49:19.788] [jointLog] [warning] couldn't find transcript named [EF011069] in transcript <-> gene map; returning transcript as it's own gene
[2021-04-27 20:49:19.788] [jointLog] [warning] couldn't find transcript named [DQ516783] in transcript <-> gene map; returning transcript as it's own gene
[2021-04-27 20:49:19.788] [jointLog] [warning] couldn't find transcript named [DQ516787] in transcript <-> gene map; returning transcript as it's own gene
[2021-04-27 20:49:19.788] [jointLog] [warning] couldn't find transcript named [DQ459424] in transcript <-> gene map; returning transcript as it's own gene
[2021-04-27 20:49:19.788] [jointLog] [warning] couldn't find transcript named [DQ516748] in transcript <-> gene map; returning transcript as it's own gene
[2021-04-27 20:49:19.788] [jointLog] [warning] couldn't find transcript named [DQ883671] in transcript <-> gene map; returning transcript as it's own gene
[2021-04-27 20:49:19.788] [jointLog] [warning] couldn't find transcript named [DQ516740] in transcript <-> gene map; returning transcript as it's own gene
[2021-04-27 20:49:19.788] [jointLog] [warning] couldn't find transcript named [DQ516785] in transcript <-> gene map; returning transcript as it's own gene
[2021-04-27 20:49:19.788] [jointLog] [warning] couldn't find transcript named [DQ516731] in transcript <-> gene map; returning transcript as it's own gene
[2021-04-27 20:49:19.788] [jointLog] [warning] couldn't find transcript named [DQ668366] in transcript <-> gene map; returning transcript as it's own gene
[2021-04-27 20:49:19.788] [jointLog] [warning] couldn't find transcript named [DQ459418] in transcript <-> gene map; returning transcript as it's own gene
[2021-04-27 20:49:19.788] [jointLog] [warning] couldn't find transcript named [DQ668356] in transcript <-> gene map; returning transcript as it's own gene
[2021-04-27 20:49:19.788] [jointLog] [warning] couldn't find transcript named [DQ516763] in transcript <-> gene map; returning transcript as it's own gene
[2021-04-27 20:49:19.788] [jointLog] [warning] couldn't find transcript named [DQ459426] in transcript <-> gene map; returning transcript as it's own gene
[2021-04-27 20:49:19.788] [jointLog] [warning] couldn't find transcript named [DQ516786] in transcript <-> gene map; returning transcript as it's own gene
[2021-04-27 20:49:19.788] [jointLog] [warning] couldn't find transcript named [DQ883653] in transcript <-> gene map; returning transcript as it's own gene
[2021-04-27 20:49:19.788] [jointLog] [warning] couldn't find transcript named [DQ459421] in transcript <-> gene map; returning transcript as it's own gene
[2021-04-27 20:49:19.788] [jointLog] [warning] couldn't find transcript named [DQ883654] in transcript <-> gene map; returning transcript as it's own gene
[2021-04-27 20:49:19.788] [jointLog] [warning] couldn't find transcript named [DQ668358] in transcript <-> gene map; returning transcript as it's own gene
[2021-04-27 20:49:19.788] [jointLog] [warning] couldn't find transcript named [DQ516754] in transcript <-> gene map; returning transcript as it's own gene
[2021-04-27 20:49:19.788] [jointLog] [warning] couldn't find transcript named [DQ516778] in transcript <-> gene map; returning transcript as it's own gene
[2021-04-27 20:49:19.788] [jointLog] [warning] couldn't find transcript named [DQ883650] in transcript <-> gene map; returning transcript as it's own gene
[2021-04-27 20:49:19.788] [jointLog] [warning] couldn't find transcript named [DQ516742] in transcript <-> gene map; returning transcript as it's own gene
[2021-04-27 20:49:19.788] [jointLog] [warning] couldn't find transcript named [DQ883673] in transcript <-> gene map; returning transcript as it's own gene
[2021-04-27 20:49:19.788] [jointLog] [warning] couldn't find transcript named [DQ883652] in transcript <-> gene map; returning transcript as it's own gene
[2021-04-27 20:49:19.788] [jointLog] [warning] couldn't find transcript named [DQ854991] in transcript <-> gene map; returning transcript as it's own gene
[2021-04-27 20:49:19.788] [jointLog] [warning] couldn't find transcript named [DQ516780] in transcript <-> gene map; returning transcript as it's own gene
[2021-04-27 20:49:19.788] [jointLog] [warning] couldn't find transcript named [DQ883682] in transcript <-> gene map; returning transcript as it's own gene
[2021-04-27 20:49:19.788] [jointLog] [warning] couldn't find transcript named [DQ883669] in transcript <-> gene map; returning transcript as it's own gene
[2021-04-27 20:49:19.788] [jointLog] [warning] couldn't find transcript named [DQ516791] in transcript <-> gene map; returning transcript as it's own gene
[2021-04-27 20:49:19.788] [jointLog] [warning] couldn't find transcript named [DQ459425] in transcript <-> gene map; returning transcript as it's own gene
[2021-04-27 20:49:19.788] [jointLog] [warning] couldn't find transcript named [DQ516759] in transcript <-> gene map; returning transcript as it's own gene
[2021-04-27 20:49:19.789] [jointLog] [warning] couldn't find transcript named [DQ459429] in transcript <-> gene map; returning transcript as it's own gene
[2021-04-27 20:49:19.789] [jointLog] [warning] couldn't find transcript named [DQ516758] in transcript <-> gene map; returning transcript as it's own gene
[2021-04-27 20:49:19.789] [jointLog] [warning] couldn't find transcript named [DQ459415] in transcript <-> gene map; returning transcript as it's own gene
[2021-04-27 20:49:19.789] [jointLog] [warning] couldn't find transcript named [DQ875387] in transcript <-> gene map; returning transcript as it's own gene
[2021-04-27 20:49:19.789] [jointLog] [warning] couldn't find transcript named [DQ516815] in transcript <-> gene map; returning transcript as it's own gene
[2021-04-27 20:49:19.789] [jointLog] [warning] couldn't find transcript named [DQ668365] in transcript <-> gene map; returning transcript as it's own gene
[2021-04-27 20:49:19.789] [jointLog] [warning] couldn't find transcript named [DQ854998] in transcript <-> gene map; returning transcript as it's own gene
[2021-04-27 20:49:19.789] [jointLog] [warning] couldn't find transcript named [DQ883685] in transcript <-> gene map; returning transcript as it's own gene
[2021-04-27 20:49:19.789] [jointLog] [warning] couldn't find transcript named [DQ459422] in transcript <-> gene map; returning transcript as it's own gene
[2021-04-27 20:49:19.789] [jointLog] [warning] couldn't find transcript named [DQ883663] in transcript <-> gene map; returning transcript as it's own gene
[2021-04-27 20:49:19.789] [jointLog] [warning] couldn't find transcript named [DQ668367] in transcript <-> gene map; returning transcript as it's own gene
[2021-04-27 20:49:19.789] [jointLog] [warning] couldn't find transcript named [DQ459412] in transcript <-> gene map; returning transcript as it's own gene
[2021-04-27 20:49:19.789] [jointLog] [warning] couldn't find transcript named [DQ854992] in transcript <-> gene map; returning transcript as it's own gene
[2021-04-27 20:49:19.789] [jointLog] [warning] couldn't find transcript named [DQ516782] in transcript <-> gene map; returning transcript as it's own gene
[2021-04-27 20:49:19.789] [jointLog] [warning] couldn't find transcript named [DQ459427] in transcript <-> gene map; returning transcript as it's own gene
[2021-04-27 20:49:19.789] [jointLog] [warning] couldn't find transcript named [EF011072] in transcript <-> gene map; returning transcript as it's own gene
[2021-04-27 20:49:19.789] [jointLog] [warning] couldn't find transcript named [DQ855003] in transcript <-> gene map; returning transcript as it's own gene
[2021-04-27 20:49:19.789] [jointLog] [warning] couldn't find transcript named [DQ516739] in transcript <-> gene map; returning transcript as it's own gene
[2021-04-27 20:49:19.789] [jointLog] [warning] couldn't find transcript named [EF011063] in transcript <-> gene map; returning transcript as it's own gene
[2021-04-27 20:49:19.789] [jointLog] [warning] couldn't find transcript named [DQ855000] in transcript <-> gene map; returning transcript as it's own gene
[2021-04-27 20:49:19.789] [jointLog] [warning] couldn't find transcript named [DQ516777] in transcript <-> gene map; returning transcript as it's own gene
[2021-04-27 20:49:19.789] [jointLog] [warning] couldn't find transcript named [DQ883646] in transcript <-> gene map; returning transcript as it's own gene
[2021-04-27 20:49:19.789] [jointLog] [warning] couldn't find transcript named [DQ668362] in transcript <-> gene map; returning transcript as it's own gene
[2021-04-27 20:49:19.789] [jointLog] [warning] couldn't find transcript named [DQ854995] in transcript <-> gene map; returning transcript as it's own gene
[2021-04-27 20:49:19.789] [jointLog] [warning] couldn't find transcript named [DQ875386] in transcript <-> gene map; returning transcript as it's own gene
[2021-04-27 20:49:19.789] [jointLog] [warning] couldn't find transcript named [DQ516790] in transcript <-> gene map; returning transcript as it's own gene
[2021-04-27 20:49:19.789] [jointLog] [warning] couldn't find transcript named [DQ883642] in transcript <-> gene map; returning transcript as it's own gene
[2021-04-27 20:49:19.789] [jointLog] [warning] couldn't find transcript named [DQ883659] in transcript <-> gene map; returning transcript as it's own gene
[2021-04-27 20:49:19.789] [jointLog] [warning] couldn't find transcript named [DQ854997] in transcript <-> gene map; returning transcript as it's own gene
[2021-04-27 20:49:19.789] [jointLog] [warning] couldn't find transcript named [DQ883643] in transcript <-> gene map; returning transcript as it's own gene
[2021-04-27 20:49:19.789] [jointLog] [warning] couldn't find transcript named [DQ839618] in transcript <-> gene map; returning transcript as it's own gene
[2021-04-27 20:49:19.789] [jointLog] [warning] couldn't find transcript named [DQ516795] in transcript <-> gene map; returning transcript as it's own gene
[2021-04-27 20:49:19.789] [jointLog] [warning] couldn't find transcript named [DQ883658] in transcript <-> gene map; returning transcript as it's own gene
[2021-04-27 20:49:19.789] [jointLog] [warning] couldn't find transcript named [DQ516750] in transcript <-> gene map; returning transcript as it's own gene
[2021-04-27 20:49:19.789] [jointLog] [warning] couldn't find transcript named [DQ668359] in transcript <-> gene map; returning transcript as it's own gene
[2021-04-27 20:49:19.789] [jointLog] [warning] couldn't find transcript named [DQ516779] in transcript <-> gene map; returning transcript as it's own gene
[2021-04-27 20:49:19.789] [jointLog] [warning] couldn't find transcript named [DQ668363] in transcript <-> gene map; returning transcript as it's own gene
[2021-04-27 20:49:19.789] [jointLog] [warning] couldn't find transcript named [DQ516776] in transcript <-> gene map; returning transcript as it's own gene
[2021-04-27 20:49:19.789] [jointLog] [warning] couldn't find transcript named [DQ516773] in transcript <-> gene map; returning transcript as it's own gene
[2021-04-27 20:49:19.789] [jointLog] [warning] couldn't find transcript named [DQ854994] in transcript <-> gene map; returning transcript as it's own gene
[2021-04-27 20:49:19.789] [jointLog] [info] Aggregating expressions to gene level
[2021-04-27 20:49:19.955] [jointLog] [info] done
