[2021-05-20 19:05:49.216] [jointLog] [info] setting maxHashResizeThreads to 6
[2021-05-20 19:05:49.216] [jointLog] [info] Fragment incompatibility prior below threshold.  Incompatible fragments will be ignored.
[2021-05-20 19:05:49.218] [jointLog] [info] numQuantThreads = 3
[2021-05-20 19:05:53.294] [jointLog] [info] replaced 4 non-ACGT nucleotides with random nucleotides
[2021-05-20 19:05:53.618] [fileLog] [info] quantification processed 0 fragments so far

[2021-05-20 19:05:56.907] [fileLog] [info] quantification processed 1000000 fragments so far

[2021-05-20 19:06:01.246] [fileLog] [info] quantification processed 2000000 fragments so far

[2021-05-20 19:06:02.761] [jointLog] [info] 

The alignment group queue pool has been exhausted.  3173176 extra fragments were allocated on the heap to saturate the pool.  No new fragments will be allocated


[2021-05-20 19:06:11.086] [fileLog] [info] quantification processed 3000000 fragments so far

[2021-05-20 19:06:27.647] [fileLog] [info] quantification processed 4000000 fragments so far

[2021-05-20 19:06:44.291] [fileLog] [info] quantification processed 5000000 fragments so far

[2021-05-20 19:07:00.836] [fileLog] [info] quantification processed 6000000 fragments so far

[2021-05-20 19:07:17.378] [fileLog] [info] quantification processed 7000000 fragments so far

[2021-05-20 19:07:21.859] [fileLog] [info] quantification processed 8000000 fragments so far

[2021-05-20 19:07:26.438] [fileLog] [info] quantification processed 9000000 fragments so far

[2021-05-20 19:07:29.548] [fileLog] [info] quantification processed 10000000 fragments so far

[2021-05-20 19:07:33.253] [fileLog] [info] quantification processed 11000000 fragments so far

[2021-05-20 19:07:36.980] [fileLog] [info] quantification processed 12000000 fragments so far

[2021-05-20 19:07:40.765] [fileLog] [info] quantification processed 13000000 fragments so far

[2021-05-20 19:07:44.789] [fileLog] [info] quantification processed 14000000 fragments so far

[2021-05-20 19:07:48.846] [fileLog] [info] quantification processed 15000000 fragments so far

[2021-05-20 19:07:52.622] [fileLog] [info] quantification processed 16000000 fragments so far

[2021-05-20 19:07:56.512] [fileLog] [info] quantification processed 17000000 fragments so far

[2021-05-20 19:08:00.297] [fileLog] [info] quantification processed 18000000 fragments so far

[2021-05-20 19:08:04.080] [fileLog] [info] quantification processed 19000000 fragments so far

[2021-05-20 19:08:08.067] [fileLog] [info] quantification processed 20000000 fragments so far

[2021-05-20 19:08:12.084] [fileLog] [info] quantification processed 21000000 fragments so far

[2021-05-20 19:08:16.302] [fileLog] [info] quantification processed 22000000 fragments so far

[2021-05-20 19:08:20.359] [fileLog] [info] quantification processed 23000000 fragments so far

[2021-05-20 19:08:24.435] [fileLog] [info] quantification processed 24000000 fragments so far

[2021-05-20 19:08:28.359] [fileLog] [info] quantification processed 25000000 fragments so far

[2021-05-20 19:08:32.465] [fileLog] [info] quantification processed 26000000 fragments so far

[2021-05-20 19:08:36.520] [fileLog] [info] quantification processed 27000000 fragments so far

[2021-05-20 19:08:40.512] [fileLog] [info] quantification processed 28000000 fragments so far

[2021-05-20 19:08:44.603] [fileLog] [info] quantification processed 29000000 fragments so far

[2021-05-20 19:08:44.742] [fileLog] [info] quantification processed 29032765 fragments so far

[2021-05-20 19:08:52.734] [jointLog] [info] Thread saw mini-batch with a maximum of 4.70% zero probability fragments
[2021-05-20 19:08:52.737] [jointLog] [info] Thread saw mini-batch with a maximum of 5.40% zero probability fragments
[2021-05-20 19:08:52.740] [jointLog] [info] Thread saw mini-batch with a maximum of 6.20% zero probability fragments
[2021-05-20 19:08:52.741] [jointLog] [info] 


Completed first pass through the alignment file.
Total # of mapped reads : 29032765
# of uniquely mapped reads : 11288762
# ambiguously mapped reads : 17744003



[2021-05-20 19:08:52.922] [jointLog] [info] Computed 165385 rich equivalence classes for further processing
[2021-05-20 19:08:52.922] [jointLog] [info] Counted 28884269 total reads in the equivalence classes 
[2021-05-20 19:08:52.925] [jointLog] [info] starting optimizer
[2021-05-20 19:08:53.044] [jointLog] [info] Marked 0 weighted equivalence classes as degenerate
[2021-05-20 19:08:53.062] [jointLog] [info] iteration = 0 | max rel diff. = 6917.47
[2021-05-20 19:08:54.743] [jointLog] [info] iteration = 100 | max rel diff. = 19.8279
[2021-05-20 19:08:56.294] [jointLog] [info] iteration = 200 | max rel diff. = 2.90806
[2021-05-20 19:08:57.810] [jointLog] [info] iteration = 300 | max rel diff. = 8.15086
[2021-05-20 19:08:59.379] [jointLog] [info] iteration = 400 | max rel diff. = 0.909094
[2021-05-20 19:09:00.908] [jointLog] [info] iteration = 500 | max rel diff. = 1.14777
[2021-05-20 19:09:02.421] [jointLog] [info] iteration = 600 | max rel diff. = 0.687448
[2021-05-20 19:09:03.922] [jointLog] [info] iteration = 700 | max rel diff. = 2.34564
[2021-05-20 19:09:05.510] [jointLog] [info] iteration = 800 | max rel diff. = 1.96434
[2021-05-20 19:09:07.057] [jointLog] [info] iteration = 900 | max rel diff. = 0.146293
[2021-05-20 19:09:08.541] [jointLog] [info] iteration = 1000 | max rel diff. = 0.484041
[2021-05-20 19:09:10.043] [jointLog] [info] iteration = 1100 | max rel diff. = 0.631837
[2021-05-20 19:09:11.522] [jointLog] [info] iteration = 1200 | max rel diff. = 1.89026
[2021-05-20 19:09:12.994] [jointLog] [info] iteration = 1300 | max rel diff. = 0.0555522
[2021-05-20 19:09:14.497] [jointLog] [info] iteration = 1400 | max rel diff. = 0.668153
[2021-05-20 19:09:16.001] [jointLog] [info] iteration = 1500 | max rel diff. = 0.0380554
[2021-05-20 19:09:17.489] [jointLog] [info] iteration = 1600 | max rel diff. = 0.154185
[2021-05-20 19:09:19.068] [jointLog] [info] iteration = 1700 | max rel diff. = 0.0824987
[2021-05-20 19:09:20.542] [jointLog] [info] iteration = 1800 | max rel diff. = 0.0216188
[2021-05-20 19:09:22.011] [jointLog] [info] iteration = 1900 | max rel diff. = 6.99736
[2021-05-20 19:09:23.054] [jointLog] [info] iteration = 1972 | max rel diff. = 0.00949131
[2021-05-20 19:09:23.088] [jointLog] [info] finished optimizer
[2021-05-20 19:09:23.089] [jointLog] [info] writing output
[2021-05-20 19:09:25.351] [jointLog] [info] Computing gene-level abundance estimates
[2021-05-20 19:09:57.252] [jointLog] [warning] Feature has no GFF ID
[2021-05-20 19:09:57.252] [jointLog] [warning] Feature has no GFF ID
[2021-05-20 19:09:57.252] [jointLog] [warning] Feature has no GFF ID
[2021-05-20 19:09:57.252] [jointLog] [warning] Feature has no GFF ID
[2021-05-20 19:09:57.252] [jointLog] [warning] Feature has no GFF ID
[2021-05-20 19:09:57.252] [jointLog] [warning] Feature has no GFF ID
[2021-05-20 19:09:57.252] [jointLog] [warning] Feature has no GFF ID
[2021-05-20 19:09:57.252] [jointLog] [warning] Feature has no GFF ID
[2021-05-20 19:09:57.252] [jointLog] [warning] Feature has no GFF ID
[2021-05-20 19:09:57.252] [jointLog] [warning] Feature has no GFF ID
[2021-05-20 19:09:57.252] [jointLog] [warning] Feature has no GFF ID
[2021-05-20 19:09:57.252] [jointLog] [warning] Feature has no GFF ID
[2021-05-20 19:09:57.252] [jointLog] [warning] Feature has no GFF ID
[2021-05-20 19:09:57.252] [jointLog] [warning] Feature has no GFF ID
[2021-05-20 19:09:57.252] [jointLog] [warning] Feature has no GFF ID
[2021-05-20 19:09:57.252] [jointLog] [warning] Feature has no GFF ID
[2021-05-20 19:09:57.252] [jointLog] [warning] Feature has no GFF ID
[2021-05-20 19:09:57.252] [jointLog] [warning] Feature has no GFF ID
[2021-05-20 19:09:57.252] [jointLog] [warning] Feature has no GFF ID
[2021-05-20 19:09:57.252] [jointLog] [warning] Feature has no GFF ID
[2021-05-20 19:09:57.252] [jointLog] [warning] Feature has no GFF ID
[2021-05-20 19:09:57.252] [jointLog] [warning] Feature has no GFF ID
[2021-05-20 19:09:57.252] [jointLog] [warning] Feature has no GFF ID
[2021-05-20 19:09:57.252] [jointLog] [warning] Feature has no GFF ID
[2021-05-20 19:09:57.252] [jointLog] [warning] Feature has no GFF ID
[2021-05-20 19:09:57.252] [jointLog] [warning] Feature has no GFF ID
[2021-05-20 19:09:57.252] [jointLog] [warning] Feature has no GFF ID
[2021-05-20 19:09:57.252] [jointLog] [warning] Feature has no GFF ID
[2021-05-20 19:09:57.252] [jointLog] [warning] Feature has no GFF ID
[2021-05-20 19:09:57.252] [jointLog] [warning] Feature has no GFF ID
[2021-05-20 19:09:57.252] [jointLog] [warning] Feature has no GFF ID
[2021-05-20 19:09:57.252] [jointLog] [warning] Feature has no GFF ID
[2021-05-20 19:09:57.252] [jointLog] [warning] Feature has no GFF ID
[2021-05-20 19:09:57.252] [jointLog] [warning] Feature has no GFF ID
[2021-05-20 19:09:57.252] [jointLog] [warning] Feature has no GFF ID
[2021-05-20 19:09:57.252] [jointLog] [warning] Feature has no GFF ID
[2021-05-20 19:09:57.252] [jointLog] [warning] Feature has no GFF ID
[2021-05-20 19:09:57.252] [jointLog] [warning] Feature has no GFF ID
[2021-05-20 19:09:57.252] [jointLog] [warning] Feature has no GFF ID
[2021-05-20 19:09:57.252] [jointLog] [warning] Feature has no GFF ID
[2021-05-20 19:09:57.252] [jointLog] [warning] Feature has no GFF ID
[2021-05-20 19:09:57.252] [jointLog] [warning] Feature has no GFF ID
[2021-05-20 19:09:57.252] [jointLog] [warning] Feature has no GFF ID
[2021-05-20 19:09:57.252] [jointLog] [warning] Feature has no GFF ID
[2021-05-20 19:09:57.252] [jointLog] [warning] Feature has no GFF ID
[2021-05-20 19:09:57.252] [jointLog] [warning] Feature has no GFF ID
[2021-05-20 19:09:57.252] [jointLog] [warning] Feature has no GFF ID
[2021-05-20 19:09:57.252] [jointLog] [warning] Feature has no GFF ID
[2021-05-20 19:09:57.252] [jointLog] [warning] Feature has no GFF ID
[2021-05-20 19:09:57.252] [jointLog] [warning] Feature has no GFF ID
[2021-05-20 19:09:57.252] [jointLog] [warning] Feature has no GFF ID
[2021-05-20 19:09:57.252] [jointLog] [warning] Feature has no GFF ID
[2021-05-20 19:09:57.252] [jointLog] [warning] Feature has no GFF ID
[2021-05-20 19:09:57.252] [jointLog] [warning] Feature has no GFF ID
[2021-05-20 19:09:57.252] [jointLog] [warning] Feature has no GFF ID
[2021-05-20 19:09:57.252] [jointLog] [warning] Feature has no GFF ID
[2021-05-20 19:09:57.252] [jointLog] [warning] Feature has no GFF ID
[2021-05-20 19:09:57.252] [jointLog] [warning] Feature has no GFF ID
[2021-05-20 19:09:57.252] [jointLog] [warning] Feature has no GFF ID
[2021-05-20 19:09:57.252] [jointLog] [warning] Feature has no GFF ID
[2021-05-20 19:09:57.252] [jointLog] [warning] Feature has no GFF ID
[2021-05-20 19:09:57.252] [jointLog] [warning] Feature has no GFF ID
[2021-05-20 19:09:57.253] [jointLog] [warning] Feature has no GFF ID
[2021-05-20 19:09:57.253] [jointLog] [warning] Feature has no GFF ID
[2021-05-20 19:09:57.253] [jointLog] [warning] Feature has no GFF ID
[2021-05-20 19:09:57.253] [jointLog] [warning] Feature has no GFF ID
[2021-05-20 19:09:57.253] [jointLog] [warning] Feature has no GFF ID
[2021-05-20 19:09:57.253] [jointLog] [warning] Feature has no GFF ID
[2021-05-20 19:09:57.253] [jointLog] [warning] Feature has no GFF ID
[2021-05-20 19:09:57.253] [jointLog] [warning] Feature has no GFF ID
[2021-05-20 19:09:57.253] [jointLog] [warning] Feature has no GFF ID
[2021-05-20 19:09:57.253] [jointLog] [warning] Feature has no GFF ID
[2021-05-20 19:09:57.253] [jointLog] [warning] Feature has no GFF ID
[2021-05-20 19:09:57.253] [jointLog] [warning] Feature has no GFF ID
[2021-05-20 19:09:57.253] [jointLog] [warning] Feature has no GFF ID
[2021-05-20 19:09:57.253] [jointLog] [warning] Feature has no GFF ID
[2021-05-20 19:09:57.253] [jointLog] [warning] Feature has no GFF ID
[2021-05-20 19:09:57.253] [jointLog] [warning] Feature has no GFF ID
[2021-05-20 19:09:57.253] [jointLog] [warning] Feature has no GFF ID
[2021-05-20 19:09:57.253] [jointLog] [warning] Feature has no GFF ID
[2021-05-20 19:09:57.253] [jointLog] [warning] Feature has no GFF ID
[2021-05-20 19:09:57.253] [jointLog] [warning] Feature has no GFF ID
[2021-05-20 19:09:57.253] [jointLog] [warning] Feature has no GFF ID
[2021-05-20 19:09:57.253] [jointLog] [warning] Feature has no GFF ID
[2021-05-20 19:09:57.253] [jointLog] [warning] Feature has no GFF ID
[2021-05-20 19:09:57.253] [jointLog] [warning] Feature has no GFF ID
[2021-05-20 19:09:57.253] [jointLog] [warning] Feature has no GFF ID
[2021-05-20 19:09:57.253] [jointLog] [warning] Feature has no GFF ID
[2021-05-20 19:09:57.253] [jointLog] [warning] Feature has no GFF ID
[2021-05-20 19:09:57.253] [jointLog] [warning] Feature has no GFF ID
[2021-05-20 19:09:57.253] [jointLog] [warning] Feature has no GFF ID
[2021-05-20 19:09:57.253] [jointLog] [warning] Feature has no GFF ID
[2021-05-20 19:09:57.630] [jointLog] [info] There were 142604 transcripts mapping to 55401 genes
[2021-05-20 19:09:57.630] [jointLog] [info] NOTE: We recommend using tximport (https://bioconductor.org/packages/release/bioc/html/tximport.html) for aggregating transcript-level salmon abundance estimates to the gene level.  It is more versatile, exposes more features, and allows considering multi-sample information during aggregation.
[2021-05-20 19:09:57.966] [jointLog] [warning] couldn't find transcript named [DQ459430] in transcript <-> gene map; returning transcript as it's own gene
[2021-05-20 19:09:57.966] [jointLog] [warning] couldn't find transcript named [DQ516784] in transcript <-> gene map; returning transcript as it's own gene
[2021-05-20 19:09:57.966] [jointLog] [warning] couldn't find transcript named [DQ516752] in transcript <-> gene map; returning transcript as it's own gene
[2021-05-20 19:09:57.966] [jointLog] [warning] couldn't find transcript named [DQ668364] in transcript <-> gene map; returning transcript as it's own gene
[2021-05-20 19:09:57.966] [jointLog] [warning] couldn't find transcript named [DQ883670] in transcript <-> gene map; returning transcript as it's own gene
[2021-05-20 19:09:57.966] [jointLog] [warning] couldn't find transcript named [EF011062] in transcript <-> gene map; returning transcript as it's own gene
[2021-05-20 19:09:57.966] [jointLog] [warning] couldn't find transcript named [DQ875385] in transcript <-> gene map; returning transcript as it's own gene
[2021-05-20 19:09:57.966] [jointLog] [warning] couldn't find transcript named [DQ883664] in transcript <-> gene map; returning transcript as it's own gene
[2021-05-20 19:09:57.966] [jointLog] [warning] couldn't find transcript named [DQ459420] in transcript <-> gene map; returning transcript as it's own gene
[2021-05-20 19:09:57.966] [jointLog] [warning] couldn't find transcript named [DQ883651] in transcript <-> gene map; returning transcript as it's own gene
[2021-05-20 19:09:57.966] [jointLog] [warning] couldn't find transcript named [DQ855004] in transcript <-> gene map; returning transcript as it's own gene
[2021-05-20 19:09:57.966] [jointLog] [warning] couldn't find transcript named [DQ854993] in transcript <-> gene map; returning transcript as it's own gene
[2021-05-20 19:09:57.966] [jointLog] [warning] couldn't find transcript named [DQ883689] in transcript <-> gene map; returning transcript as it's own gene
[2021-05-20 19:09:57.966] [jointLog] [warning] couldn't find transcript named [DQ459419] in transcript <-> gene map; returning transcript as it's own gene
[2021-05-20 19:09:57.966] [jointLog] [warning] couldn't find transcript named [DQ459431] in transcript <-> gene map; returning transcript as it's own gene
[2021-05-20 19:09:57.966] [jointLog] [warning] couldn't find transcript named [DQ516796] in transcript <-> gene map; returning transcript as it's own gene
[2021-05-20 19:09:57.967] [jointLog] [warning] couldn't find transcript named [DQ855001] in transcript <-> gene map; returning transcript as it's own gene
[2021-05-20 19:09:57.967] [jointLog] [warning] couldn't find transcript named [DQ459413] in transcript <-> gene map; returning transcript as it's own gene
[2021-05-20 19:09:57.967] [jointLog] [warning] couldn't find transcript named [DQ883656] in transcript <-> gene map; returning transcript as it's own gene
[2021-05-20 19:09:57.967] [jointLog] [warning] couldn't find transcript named [DQ883661] in transcript <-> gene map; returning transcript as it's own gene
[2021-05-20 19:09:57.967] [jointLog] [warning] couldn't find transcript named [EF011069] in transcript <-> gene map; returning transcript as it's own gene
[2021-05-20 19:09:57.967] [jointLog] [warning] couldn't find transcript named [DQ516783] in transcript <-> gene map; returning transcript as it's own gene
[2021-05-20 19:09:57.967] [jointLog] [warning] couldn't find transcript named [DQ516787] in transcript <-> gene map; returning transcript as it's own gene
[2021-05-20 19:09:57.967] [jointLog] [warning] couldn't find transcript named [DQ459424] in transcript <-> gene map; returning transcript as it's own gene
[2021-05-20 19:09:57.967] [jointLog] [warning] couldn't find transcript named [DQ516748] in transcript <-> gene map; returning transcript as it's own gene
[2021-05-20 19:09:57.967] [jointLog] [warning] couldn't find transcript named [DQ883671] in transcript <-> gene map; returning transcript as it's own gene
[2021-05-20 19:09:57.967] [jointLog] [warning] couldn't find transcript named [DQ516740] in transcript <-> gene map; returning transcript as it's own gene
[2021-05-20 19:09:57.967] [jointLog] [warning] couldn't find transcript named [DQ516785] in transcript <-> gene map; returning transcript as it's own gene
[2021-05-20 19:09:57.967] [jointLog] [warning] couldn't find transcript named [DQ516731] in transcript <-> gene map; returning transcript as it's own gene
[2021-05-20 19:09:57.967] [jointLog] [warning] couldn't find transcript named [DQ668366] in transcript <-> gene map; returning transcript as it's own gene
[2021-05-20 19:09:57.967] [jointLog] [warning] couldn't find transcript named [DQ459418] in transcript <-> gene map; returning transcript as it's own gene
[2021-05-20 19:09:57.967] [jointLog] [warning] couldn't find transcript named [DQ668356] in transcript <-> gene map; returning transcript as it's own gene
[2021-05-20 19:09:57.967] [jointLog] [warning] couldn't find transcript named [DQ516763] in transcript <-> gene map; returning transcript as it's own gene
[2021-05-20 19:09:57.967] [jointLog] [warning] couldn't find transcript named [DQ459426] in transcript <-> gene map; returning transcript as it's own gene
[2021-05-20 19:09:57.967] [jointLog] [warning] couldn't find transcript named [DQ516786] in transcript <-> gene map; returning transcript as it's own gene
[2021-05-20 19:09:57.967] [jointLog] [warning] couldn't find transcript named [DQ883653] in transcript <-> gene map; returning transcript as it's own gene
[2021-05-20 19:09:57.967] [jointLog] [warning] couldn't find transcript named [DQ459421] in transcript <-> gene map; returning transcript as it's own gene
[2021-05-20 19:09:57.967] [jointLog] [warning] couldn't find transcript named [DQ883654] in transcript <-> gene map; returning transcript as it's own gene
[2021-05-20 19:09:57.967] [jointLog] [warning] couldn't find transcript named [DQ668358] in transcript <-> gene map; returning transcript as it's own gene
[2021-05-20 19:09:57.967] [jointLog] [warning] couldn't find transcript named [DQ516754] in transcript <-> gene map; returning transcript as it's own gene
[2021-05-20 19:09:57.967] [jointLog] [warning] couldn't find transcript named [DQ516778] in transcript <-> gene map; returning transcript as it's own gene
[2021-05-20 19:09:57.967] [jointLog] [warning] couldn't find transcript named [DQ883650] in transcript <-> gene map; returning transcript as it's own gene
[2021-05-20 19:09:57.967] [jointLog] [warning] couldn't find transcript named [DQ516742] in transcript <-> gene map; returning transcript as it's own gene
[2021-05-20 19:09:57.967] [jointLog] [warning] couldn't find transcript named [DQ883673] in transcript <-> gene map; returning transcript as it's own gene
[2021-05-20 19:09:57.967] [jointLog] [warning] couldn't find transcript named [DQ883652] in transcript <-> gene map; returning transcript as it's own gene
[2021-05-20 19:09:57.967] [jointLog] [warning] couldn't find transcript named [DQ854991] in transcript <-> gene map; returning transcript as it's own gene
[2021-05-20 19:09:57.967] [jointLog] [warning] couldn't find transcript named [DQ516780] in transcript <-> gene map; returning transcript as it's own gene
[2021-05-20 19:09:57.967] [jointLog] [warning] couldn't find transcript named [DQ883682] in transcript <-> gene map; returning transcript as it's own gene
[2021-05-20 19:09:57.967] [jointLog] [warning] couldn't find transcript named [DQ883669] in transcript <-> gene map; returning transcript as it's own gene
[2021-05-20 19:09:57.967] [jointLog] [warning] couldn't find transcript named [DQ516791] in transcript <-> gene map; returning transcript as it's own gene
[2021-05-20 19:09:57.967] [jointLog] [warning] couldn't find transcript named [DQ459425] in transcript <-> gene map; returning transcript as it's own gene
[2021-05-20 19:09:57.967] [jointLog] [warning] couldn't find transcript named [DQ516759] in transcript <-> gene map; returning transcript as it's own gene
[2021-05-20 19:09:57.967] [jointLog] [warning] couldn't find transcript named [DQ459429] in transcript <-> gene map; returning transcript as it's own gene
[2021-05-20 19:09:57.967] [jointLog] [warning] couldn't find transcript named [DQ516758] in transcript <-> gene map; returning transcript as it's own gene
[2021-05-20 19:09:57.967] [jointLog] [warning] couldn't find transcript named [DQ459415] in transcript <-> gene map; returning transcript as it's own gene
[2021-05-20 19:09:57.967] [jointLog] [warning] couldn't find transcript named [DQ875387] in transcript <-> gene map; returning transcript as it's own gene
[2021-05-20 19:09:57.967] [jointLog] [warning] couldn't find transcript named [DQ516815] in transcript <-> gene map; returning transcript as it's own gene
[2021-05-20 19:09:57.967] [jointLog] [warning] couldn't find transcript named [DQ668365] in transcript <-> gene map; returning transcript as it's own gene
[2021-05-20 19:09:57.967] [jointLog] [warning] couldn't find transcript named [DQ854998] in transcript <-> gene map; returning transcript as it's own gene
[2021-05-20 19:09:57.967] [jointLog] [warning] couldn't find transcript named [DQ883685] in transcript <-> gene map; returning transcript as it's own gene
[2021-05-20 19:09:57.967] [jointLog] [warning] couldn't find transcript named [DQ459422] in transcript <-> gene map; returning transcript as it's own gene
[2021-05-20 19:09:57.967] [jointLog] [warning] couldn't find transcript named [DQ883663] in transcript <-> gene map; returning transcript as it's own gene
[2021-05-20 19:09:57.967] [jointLog] [warning] couldn't find transcript named [DQ668367] in transcript <-> gene map; returning transcript as it's own gene
[2021-05-20 19:09:57.967] [jointLog] [warning] couldn't find transcript named [DQ459412] in transcript <-> gene map; returning transcript as it's own gene
[2021-05-20 19:09:57.967] [jointLog] [warning] couldn't find transcript named [DQ854992] in transcript <-> gene map; returning transcript as it's own gene
[2021-05-20 19:09:57.967] [jointLog] [warning] couldn't find transcript named [DQ516782] in transcript <-> gene map; returning transcript as it's own gene
[2021-05-20 19:09:57.967] [jointLog] [warning] couldn't find transcript named [DQ459427] in transcript <-> gene map; returning transcript as it's own gene
[2021-05-20 19:09:57.967] [jointLog] [warning] couldn't find transcript named [EF011072] in transcript <-> gene map; returning transcript as it's own gene
[2021-05-20 19:09:57.967] [jointLog] [warning] couldn't find transcript named [DQ855003] in transcript <-> gene map; returning transcript as it's own gene
[2021-05-20 19:09:57.967] [jointLog] [warning] couldn't find transcript named [DQ516739] in transcript <-> gene map; returning transcript as it's own gene
[2021-05-20 19:09:57.967] [jointLog] [warning] couldn't find transcript named [EF011063] in transcript <-> gene map; returning transcript as it's own gene
[2021-05-20 19:09:57.967] [jointLog] [warning] couldn't find transcript named [DQ855000] in transcript <-> gene map; returning transcript as it's own gene
[2021-05-20 19:09:57.967] [jointLog] [warning] couldn't find transcript named [DQ516777] in transcript <-> gene map; returning transcript as it's own gene
[2021-05-20 19:09:57.967] [jointLog] [warning] couldn't find transcript named [DQ883646] in transcript <-> gene map; returning transcript as it's own gene
[2021-05-20 19:09:57.967] [jointLog] [warning] couldn't find transcript named [DQ668362] in transcript <-> gene map; returning transcript as it's own gene
[2021-05-20 19:09:57.967] [jointLog] [warning] couldn't find transcript named [DQ854995] in transcript <-> gene map; returning transcript as it's own gene
[2021-05-20 19:09:57.967] [jointLog] [warning] couldn't find transcript named [DQ875386] in transcript <-> gene map; returning transcript as it's own gene
[2021-05-20 19:09:57.967] [jointLog] [warning] couldn't find transcript named [DQ516790] in transcript <-> gene map; returning transcript as it's own gene
[2021-05-20 19:09:57.967] [jointLog] [warning] couldn't find transcript named [DQ883642] in transcript <-> gene map; returning transcript as it's own gene
[2021-05-20 19:09:57.967] [jointLog] [warning] couldn't find transcript named [DQ883659] in transcript <-> gene map; returning transcript as it's own gene
[2021-05-20 19:09:57.967] [jointLog] [warning] couldn't find transcript named [DQ854997] in transcript <-> gene map; returning transcript as it's own gene
[2021-05-20 19:09:57.967] [jointLog] [warning] couldn't find transcript named [DQ883643] in transcript <-> gene map; returning transcript as it's own gene
[2021-05-20 19:09:57.967] [jointLog] [warning] couldn't find transcript named [DQ839618] in transcript <-> gene map; returning transcript as it's own gene
[2021-05-20 19:09:57.967] [jointLog] [warning] couldn't find transcript named [DQ516795] in transcript <-> gene map; returning transcript as it's own gene
[2021-05-20 19:09:57.967] [jointLog] [warning] couldn't find transcript named [DQ883658] in transcript <-> gene map; returning transcript as it's own gene
[2021-05-20 19:09:57.967] [jointLog] [warning] couldn't find transcript named [DQ516750] in transcript <-> gene map; returning transcript as it's own gene
[2021-05-20 19:09:57.967] [jointLog] [warning] couldn't find transcript named [DQ668359] in transcript <-> gene map; returning transcript as it's own gene
[2021-05-20 19:09:57.967] [jointLog] [warning] couldn't find transcript named [DQ516779] in transcript <-> gene map; returning transcript as it's own gene
[2021-05-20 19:09:57.967] [jointLog] [warning] couldn't find transcript named [DQ668363] in transcript <-> gene map; returning transcript as it's own gene
[2021-05-20 19:09:57.967] [jointLog] [warning] couldn't find transcript named [DQ516776] in transcript <-> gene map; returning transcript as it's own gene
[2021-05-20 19:09:57.967] [jointLog] [warning] couldn't find transcript named [DQ516773] in transcript <-> gene map; returning transcript as it's own gene
[2021-05-20 19:09:57.967] [jointLog] [warning] couldn't find transcript named [DQ854994] in transcript <-> gene map; returning transcript as it's own gene
[2021-05-20 19:09:57.967] [jointLog] [info] Aggregating expressions to gene level
[2021-05-20 19:09:58.187] [jointLog] [info] done
