[2021-05-20 19:21:52.527] [jointLog] [info] setting maxHashResizeThreads to 6
[2021-05-20 19:21:52.527] [jointLog] [info] Fragment incompatibility prior below threshold.  Incompatible fragments will be ignored.
[2021-05-20 19:21:52.582] [jointLog] [info] numQuantThreads = 3
[2021-05-20 19:21:56.564] [jointLog] [info] replaced 4 non-ACGT nucleotides with random nucleotides
[2021-05-20 19:21:56.881] [fileLog] [info] quantification processed 0 fragments so far

[2021-05-20 19:22:00.503] [fileLog] [info] quantification processed 1000000 fragments so far

[2021-05-20 19:22:03.982] [fileLog] [info] quantification processed 2000000 fragments so far

[2021-05-20 19:22:05.418] [jointLog] [info] 

The alignment group queue pool has been exhausted.  3473151 extra fragments were allocated on the heap to saturate the pool.  No new fragments will be allocated


[2021-05-20 19:22:19.399] [fileLog] [info] quantification processed 3000000 fragments so far

[2021-05-20 19:22:41.766] [fileLog] [info] quantification processed 4000000 fragments so far

[2021-05-20 19:23:05.145] [fileLog] [info] quantification processed 5000000 fragments so far

[2021-05-20 19:23:27.832] [fileLog] [info] quantification processed 6000000 fragments so far

[2021-05-20 19:23:50.497] [fileLog] [info] quantification processed 7000000 fragments so far

[2021-05-20 19:23:55.688] [fileLog] [info] quantification processed 8000000 fragments so far

[2021-05-20 19:24:00.989] [fileLog] [info] quantification processed 9000000 fragments so far

[2021-05-20 19:24:06.257] [fileLog] [info] quantification processed 10000000 fragments so far

[2021-05-20 19:24:11.407] [fileLog] [info] quantification processed 11000000 fragments so far

[2021-05-20 19:24:16.386] [fileLog] [info] quantification processed 12000000 fragments so far

[2021-05-20 19:24:21.081] [fileLog] [info] quantification processed 13000000 fragments so far

[2021-05-20 19:24:26.134] [fileLog] [info] quantification processed 14000000 fragments so far

[2021-05-20 19:24:30.993] [fileLog] [info] quantification processed 15000000 fragments so far

[2021-05-20 19:24:35.549] [fileLog] [info] quantification processed 16000000 fragments so far

[2021-05-20 19:24:40.223] [fileLog] [info] quantification processed 17000000 fragments so far

[2021-05-20 19:24:45.022] [fileLog] [info] quantification processed 18000000 fragments so far

[2021-05-20 19:24:50.334] [fileLog] [info] quantification processed 19000000 fragments so far

[2021-05-20 19:24:55.209] [fileLog] [info] quantification processed 20000000 fragments so far

[2021-05-20 19:25:00.781] [fileLog] [info] quantification processed 21000000 fragments so far

[2021-05-20 19:25:06.030] [fileLog] [info] quantification processed 22000000 fragments so far

[2021-05-20 19:25:11.357] [fileLog] [info] quantification processed 23000000 fragments so far

[2021-05-20 19:25:16.725] [fileLog] [info] quantification processed 24000000 fragments so far

[2021-05-20 19:25:22.463] [fileLog] [info] quantification processed 25000000 fragments so far

[2021-05-20 19:25:28.036] [fileLog] [info] quantification processed 26000000 fragments so far

[2021-05-20 19:25:33.874] [fileLog] [info] quantification processed 27000000 fragments so far

[2021-05-20 19:25:39.483] [fileLog] [info] quantification processed 28000000 fragments so far

[2021-05-20 19:25:44.569] [fileLog] [info] quantification processed 29000000 fragments so far

[2021-05-20 19:25:49.706] [fileLog] [info] quantification processed 30000000 fragments so far

[2021-05-20 19:25:55.560] [fileLog] [info] quantification processed 31000000 fragments so far

[2021-05-20 19:26:00.886] [fileLog] [info] quantification processed 32000000 fragments so far

[2021-05-20 19:26:05.921] [fileLog] [info] quantification processed 33000000 fragments so far

[2021-05-20 19:26:10.917] [fileLog] [info] quantification processed 34000000 fragments so far

[2021-05-20 19:26:16.541] [fileLog] [info] quantification processed 35000000 fragments so far

[2021-05-20 19:26:21.941] [fileLog] [info] quantification processed 36000000 fragments so far

[2021-05-20 19:26:27.673] [fileLog] [info] quantification processed 37000000 fragments so far

[2021-05-20 19:26:32.921] [fileLog] [info] quantification processed 38000000 fragments so far

[2021-05-20 19:26:38.026] [fileLog] [info] quantification processed 39000000 fragments so far

[2021-05-20 19:26:43.670] [fileLog] [info] quantification processed 40000000 fragments so far

[2021-05-20 19:26:49.203] [fileLog] [info] quantification processed 41000000 fragments so far

[2021-05-20 19:26:54.502] [fileLog] [info] quantification processed 42000000 fragments so far

[2021-05-20 19:26:59.927] [fileLog] [info] quantification processed 43000000 fragments so far

[2021-05-20 19:27:05.144] [fileLog] [info] quantification processed 44000000 fragments so far

[2021-05-20 19:27:10.542] [fileLog] [info] quantification processed 45000000 fragments so far

[2021-05-20 19:27:15.821] [fileLog] [info] quantification processed 46000000 fragments so far

[2021-05-20 19:27:16.368] [fileLog] [info] quantification processed 46100442 fragments so far

[2021-05-20 19:27:25.661] [jointLog] [info] Thread saw mini-batch with a maximum of 20.90% zero probability fragments
[2021-05-20 19:27:25.667] [jointLog] [info] Thread saw mini-batch with a maximum of 21.10% zero probability fragments
[2021-05-20 19:27:25.674] [jointLog] [info] Thread saw mini-batch with a maximum of 21.90% zero probability fragments
[2021-05-20 19:27:25.676] [jointLog] [info] 


Completed first pass through the alignment file.
Total # of mapped reads : 46100442
# of uniquely mapped reads : 16045060
# ambiguously mapped reads : 30055382



[2021-05-20 19:27:25.890] [jointLog] [info] Computed 224163 rich equivalence classes for further processing
[2021-05-20 19:27:25.890] [jointLog] [info] Counted 45846037 total reads in the equivalence classes 
[2021-05-20 19:27:25.892] [jointLog] [info] starting optimizer
[2021-05-20 19:27:26.027] [jointLog] [info] Marked 0 weighted equivalence classes as degenerate
[2021-05-20 19:27:26.047] [jointLog] [info] iteration = 0 | max rel diff. = 2640.16
[2021-05-20 19:27:27.906] [jointLog] [info] iteration = 100 | max rel diff. = 17.8986
[2021-05-20 19:27:29.660] [jointLog] [info] iteration = 200 | max rel diff. = 1.78077
[2021-05-20 19:27:31.467] [jointLog] [info] iteration = 300 | max rel diff. = 10.5118
[2021-05-20 19:27:33.307] [jointLog] [info] iteration = 400 | max rel diff. = 16.5277
[2021-05-20 19:27:35.079] [jointLog] [info] iteration = 500 | max rel diff. = 0.0631895
[2021-05-20 19:27:36.835] [jointLog] [info] iteration = 600 | max rel diff. = 0.280582
[2021-05-20 19:27:38.606] [jointLog] [info] iteration = 700 | max rel diff. = 9.62217
[2021-05-20 19:27:40.399] [jointLog] [info] iteration = 800 | max rel diff. = 0.231154
[2021-05-20 19:27:42.117] [jointLog] [info] iteration = 900 | max rel diff. = 1.55706
[2021-05-20 19:27:43.851] [jointLog] [info] iteration = 1000 | max rel diff. = 0.110499
[2021-05-20 19:27:45.554] [jointLog] [info] iteration = 1100 | max rel diff. = 0.0578297
[2021-05-20 19:27:47.278] [jointLog] [info] iteration = 1200 | max rel diff. = 0.0888755
[2021-05-20 19:27:49.018] [jointLog] [info] iteration = 1300 | max rel diff. = 0.468389
[2021-05-20 19:27:50.746] [jointLog] [info] iteration = 1400 | max rel diff. = 0.111831
[2021-05-20 19:27:52.468] [jointLog] [info] iteration = 1500 | max rel diff. = 0.0672664
[2021-05-20 19:27:54.188] [jointLog] [info] iteration = 1600 | max rel diff. = 0.0180376
[2021-05-20 19:27:55.893] [jointLog] [info] iteration = 1700 | max rel diff. = 15.3161
[2021-05-20 19:27:57.674] [jointLog] [info] iteration = 1800 | max rel diff. = 0.040901
[2021-05-20 19:27:59.403] [jointLog] [info] iteration = 1900 | max rel diff. = 0.021773
[2021-05-20 19:28:01.119] [jointLog] [info] iteration = 2000 | max rel diff. = 0.0188179
[2021-05-20 19:28:02.870] [jointLog] [info] iteration = 2100 | max rel diff. = 0.494748
[2021-05-20 19:28:04.570] [jointLog] [info] iteration = 2200 | max rel diff. = 0.0443493
[2021-05-20 19:28:06.254] [jointLog] [info] iteration = 2300 | max rel diff. = 0.0292987
[2021-05-20 19:28:07.044] [jointLog] [info] iteration = 2347 | max rel diff. = 0.00295249
[2021-05-20 19:28:07.086] [jointLog] [info] finished optimizer
[2021-05-20 19:28:07.086] [jointLog] [info] writing output
[2021-05-20 19:28:09.458] [jointLog] [info] Computing gene-level abundance estimates
[2021-05-20 19:28:42.780] [jointLog] [warning] Feature has no GFF ID
[2021-05-20 19:28:42.780] [jointLog] [warning] Feature has no GFF ID
[2021-05-20 19:28:42.780] [jointLog] [warning] Feature has no GFF ID
[2021-05-20 19:28:42.780] [jointLog] [warning] Feature has no GFF ID
[2021-05-20 19:28:42.780] [jointLog] [warning] Feature has no GFF ID
[2021-05-20 19:28:42.780] [jointLog] [warning] Feature has no GFF ID
[2021-05-20 19:28:42.780] [jointLog] [warning] Feature has no GFF ID
[2021-05-20 19:28:42.780] [jointLog] [warning] Feature has no GFF ID
[2021-05-20 19:28:42.780] [jointLog] [warning] Feature has no GFF ID
[2021-05-20 19:28:42.780] [jointLog] [warning] Feature has no GFF ID
[2021-05-20 19:28:42.780] [jointLog] [warning] Feature has no GFF ID
[2021-05-20 19:28:42.780] [jointLog] [warning] Feature has no GFF ID
[2021-05-20 19:28:42.780] [jointLog] [warning] Feature has no GFF ID
[2021-05-20 19:28:42.780] [jointLog] [warning] Feature has no GFF ID
[2021-05-20 19:28:42.780] [jointLog] [warning] Feature has no GFF ID
[2021-05-20 19:28:42.780] [jointLog] [warning] Feature has no GFF ID
[2021-05-20 19:28:42.780] [jointLog] [warning] Feature has no GFF ID
[2021-05-20 19:28:42.780] [jointLog] [warning] Feature has no GFF ID
[2021-05-20 19:28:42.780] [jointLog] [warning] Feature has no GFF ID
[2021-05-20 19:28:42.780] [jointLog] [warning] Feature has no GFF ID
[2021-05-20 19:28:42.780] [jointLog] [warning] Feature has no GFF ID
[2021-05-20 19:28:42.780] [jointLog] [warning] Feature has no GFF ID
[2021-05-20 19:28:42.780] [jointLog] [warning] Feature has no GFF ID
[2021-05-20 19:28:42.780] [jointLog] [warning] Feature has no GFF ID
[2021-05-20 19:28:42.780] [jointLog] [warning] Feature has no GFF ID
[2021-05-20 19:28:42.780] [jointLog] [warning] Feature has no GFF ID
[2021-05-20 19:28:42.780] [jointLog] [warning] Feature has no GFF ID
[2021-05-20 19:28:42.780] [jointLog] [warning] Feature has no GFF ID
[2021-05-20 19:28:42.780] [jointLog] [warning] Feature has no GFF ID
[2021-05-20 19:28:42.780] [jointLog] [warning] Feature has no GFF ID
[2021-05-20 19:28:42.780] [jointLog] [warning] Feature has no GFF ID
[2021-05-20 19:28:42.780] [jointLog] [warning] Feature has no GFF ID
[2021-05-20 19:28:42.780] [jointLog] [warning] Feature has no GFF ID
[2021-05-20 19:28:42.780] [jointLog] [warning] Feature has no GFF ID
[2021-05-20 19:28:42.780] [jointLog] [warning] Feature has no GFF ID
[2021-05-20 19:28:42.780] [jointLog] [warning] Feature has no GFF ID
[2021-05-20 19:28:42.780] [jointLog] [warning] Feature has no GFF ID
[2021-05-20 19:28:42.780] [jointLog] [warning] Feature has no GFF ID
[2021-05-20 19:28:42.780] [jointLog] [warning] Feature has no GFF ID
[2021-05-20 19:28:42.780] [jointLog] [warning] Feature has no GFF ID
[2021-05-20 19:28:42.780] [jointLog] [warning] Feature has no GFF ID
[2021-05-20 19:28:42.780] [jointLog] [warning] Feature has no GFF ID
[2021-05-20 19:28:42.780] [jointLog] [warning] Feature has no GFF ID
[2021-05-20 19:28:42.780] [jointLog] [warning] Feature has no GFF ID
[2021-05-20 19:28:42.780] [jointLog] [warning] Feature has no GFF ID
[2021-05-20 19:28:42.780] [jointLog] [warning] Feature has no GFF ID
[2021-05-20 19:28:42.780] [jointLog] [warning] Feature has no GFF ID
[2021-05-20 19:28:42.780] [jointLog] [warning] Feature has no GFF ID
[2021-05-20 19:28:42.780] [jointLog] [warning] Feature has no GFF ID
[2021-05-20 19:28:42.780] [jointLog] [warning] Feature has no GFF ID
[2021-05-20 19:28:42.780] [jointLog] [warning] Feature has no GFF ID
[2021-05-20 19:28:42.780] [jointLog] [warning] Feature has no GFF ID
[2021-05-20 19:28:42.780] [jointLog] [warning] Feature has no GFF ID
[2021-05-20 19:28:42.780] [jointLog] [warning] Feature has no GFF ID
[2021-05-20 19:28:42.780] [jointLog] [warning] Feature has no GFF ID
[2021-05-20 19:28:42.780] [jointLog] [warning] Feature has no GFF ID
[2021-05-20 19:28:42.780] [jointLog] [warning] Feature has no GFF ID
[2021-05-20 19:28:42.780] [jointLog] [warning] Feature has no GFF ID
[2021-05-20 19:28:42.780] [jointLog] [warning] Feature has no GFF ID
[2021-05-20 19:28:42.780] [jointLog] [warning] Feature has no GFF ID
[2021-05-20 19:28:42.780] [jointLog] [warning] Feature has no GFF ID
[2021-05-20 19:28:42.780] [jointLog] [warning] Feature has no GFF ID
[2021-05-20 19:28:42.780] [jointLog] [warning] Feature has no GFF ID
[2021-05-20 19:28:42.780] [jointLog] [warning] Feature has no GFF ID
[2021-05-20 19:28:42.780] [jointLog] [warning] Feature has no GFF ID
[2021-05-20 19:28:42.780] [jointLog] [warning] Feature has no GFF ID
[2021-05-20 19:28:42.780] [jointLog] [warning] Feature has no GFF ID
[2021-05-20 19:28:42.780] [jointLog] [warning] Feature has no GFF ID
[2021-05-20 19:28:42.780] [jointLog] [warning] Feature has no GFF ID
[2021-05-20 19:28:42.780] [jointLog] [warning] Feature has no GFF ID
[2021-05-20 19:28:42.781] [jointLog] [warning] Feature has no GFF ID
[2021-05-20 19:28:42.781] [jointLog] [warning] Feature has no GFF ID
[2021-05-20 19:28:42.781] [jointLog] [warning] Feature has no GFF ID
[2021-05-20 19:28:42.781] [jointLog] [warning] Feature has no GFF ID
[2021-05-20 19:28:42.781] [jointLog] [warning] Feature has no GFF ID
[2021-05-20 19:28:42.781] [jointLog] [warning] Feature has no GFF ID
[2021-05-20 19:28:42.781] [jointLog] [warning] Feature has no GFF ID
[2021-05-20 19:28:42.781] [jointLog] [warning] Feature has no GFF ID
[2021-05-20 19:28:42.781] [jointLog] [warning] Feature has no GFF ID
[2021-05-20 19:28:42.781] [jointLog] [warning] Feature has no GFF ID
[2021-05-20 19:28:42.781] [jointLog] [warning] Feature has no GFF ID
[2021-05-20 19:28:42.781] [jointLog] [warning] Feature has no GFF ID
[2021-05-20 19:28:42.781] [jointLog] [warning] Feature has no GFF ID
[2021-05-20 19:28:42.781] [jointLog] [warning] Feature has no GFF ID
[2021-05-20 19:28:42.781] [jointLog] [warning] Feature has no GFF ID
[2021-05-20 19:28:42.781] [jointLog] [warning] Feature has no GFF ID
[2021-05-20 19:28:42.781] [jointLog] [warning] Feature has no GFF ID
[2021-05-20 19:28:42.781] [jointLog] [warning] Feature has no GFF ID
[2021-05-20 19:28:42.781] [jointLog] [warning] Feature has no GFF ID
[2021-05-20 19:28:42.781] [jointLog] [warning] Feature has no GFF ID
[2021-05-20 19:28:42.781] [jointLog] [warning] Feature has no GFF ID
[2021-05-20 19:28:42.781] [jointLog] [warning] Feature has no GFF ID
[2021-05-20 19:28:43.203] [jointLog] [info] There were 142604 transcripts mapping to 55401 genes
[2021-05-20 19:28:43.203] [jointLog] [info] NOTE: We recommend using tximport (https://bioconductor.org/packages/release/bioc/html/tximport.html) for aggregating transcript-level salmon abundance estimates to the gene level.  It is more versatile, exposes more features, and allows considering multi-sample information during aggregation.
[2021-05-20 19:28:43.582] [jointLog] [warning] couldn't find transcript named [DQ459430] in transcript <-> gene map; returning transcript as it's own gene
[2021-05-20 19:28:43.582] [jointLog] [warning] couldn't find transcript named [DQ516784] in transcript <-> gene map; returning transcript as it's own gene
[2021-05-20 19:28:43.582] [jointLog] [warning] couldn't find transcript named [DQ516752] in transcript <-> gene map; returning transcript as it's own gene
[2021-05-20 19:28:43.582] [jointLog] [warning] couldn't find transcript named [DQ668364] in transcript <-> gene map; returning transcript as it's own gene
[2021-05-20 19:28:43.582] [jointLog] [warning] couldn't find transcript named [DQ883670] in transcript <-> gene map; returning transcript as it's own gene
[2021-05-20 19:28:43.582] [jointLog] [warning] couldn't find transcript named [EF011062] in transcript <-> gene map; returning transcript as it's own gene
[2021-05-20 19:28:43.582] [jointLog] [warning] couldn't find transcript named [DQ875385] in transcript <-> gene map; returning transcript as it's own gene
[2021-05-20 19:28:43.582] [jointLog] [warning] couldn't find transcript named [DQ883664] in transcript <-> gene map; returning transcript as it's own gene
[2021-05-20 19:28:43.583] [jointLog] [warning] couldn't find transcript named [DQ459420] in transcript <-> gene map; returning transcript as it's own gene
[2021-05-20 19:28:43.583] [jointLog] [warning] couldn't find transcript named [DQ883651] in transcript <-> gene map; returning transcript as it's own gene
[2021-05-20 19:28:43.583] [jointLog] [warning] couldn't find transcript named [DQ855004] in transcript <-> gene map; returning transcript as it's own gene
[2021-05-20 19:28:43.583] [jointLog] [warning] couldn't find transcript named [DQ854993] in transcript <-> gene map; returning transcript as it's own gene
[2021-05-20 19:28:43.583] [jointLog] [warning] couldn't find transcript named [DQ883689] in transcript <-> gene map; returning transcript as it's own gene
[2021-05-20 19:28:43.583] [jointLog] [warning] couldn't find transcript named [DQ459419] in transcript <-> gene map; returning transcript as it's own gene
[2021-05-20 19:28:43.583] [jointLog] [warning] couldn't find transcript named [DQ459431] in transcript <-> gene map; returning transcript as it's own gene
[2021-05-20 19:28:43.583] [jointLog] [warning] couldn't find transcript named [DQ516796] in transcript <-> gene map; returning transcript as it's own gene
[2021-05-20 19:28:43.583] [jointLog] [warning] couldn't find transcript named [DQ855001] in transcript <-> gene map; returning transcript as it's own gene
[2021-05-20 19:28:43.583] [jointLog] [warning] couldn't find transcript named [DQ459413] in transcript <-> gene map; returning transcript as it's own gene
[2021-05-20 19:28:43.583] [jointLog] [warning] couldn't find transcript named [DQ883656] in transcript <-> gene map; returning transcript as it's own gene
[2021-05-20 19:28:43.583] [jointLog] [warning] couldn't find transcript named [DQ883661] in transcript <-> gene map; returning transcript as it's own gene
[2021-05-20 19:28:43.583] [jointLog] [warning] couldn't find transcript named [EF011069] in transcript <-> gene map; returning transcript as it's own gene
[2021-05-20 19:28:43.583] [jointLog] [warning] couldn't find transcript named [DQ516783] in transcript <-> gene map; returning transcript as it's own gene
[2021-05-20 19:28:43.583] [jointLog] [warning] couldn't find transcript named [DQ516787] in transcript <-> gene map; returning transcript as it's own gene
[2021-05-20 19:28:43.583] [jointLog] [warning] couldn't find transcript named [DQ459424] in transcript <-> gene map; returning transcript as it's own gene
[2021-05-20 19:28:43.583] [jointLog] [warning] couldn't find transcript named [DQ516748] in transcript <-> gene map; returning transcript as it's own gene
[2021-05-20 19:28:43.583] [jointLog] [warning] couldn't find transcript named [DQ883671] in transcript <-> gene map; returning transcript as it's own gene
[2021-05-20 19:28:43.583] [jointLog] [warning] couldn't find transcript named [DQ516740] in transcript <-> gene map; returning transcript as it's own gene
[2021-05-20 19:28:43.583] [jointLog] [warning] couldn't find transcript named [DQ516785] in transcript <-> gene map; returning transcript as it's own gene
[2021-05-20 19:28:43.583] [jointLog] [warning] couldn't find transcript named [DQ516731] in transcript <-> gene map; returning transcript as it's own gene
[2021-05-20 19:28:43.583] [jointLog] [warning] couldn't find transcript named [DQ668366] in transcript <-> gene map; returning transcript as it's own gene
[2021-05-20 19:28:43.583] [jointLog] [warning] couldn't find transcript named [DQ459418] in transcript <-> gene map; returning transcript as it's own gene
[2021-05-20 19:28:43.583] [jointLog] [warning] couldn't find transcript named [DQ668356] in transcript <-> gene map; returning transcript as it's own gene
[2021-05-20 19:28:43.583] [jointLog] [warning] couldn't find transcript named [DQ516763] in transcript <-> gene map; returning transcript as it's own gene
[2021-05-20 19:28:43.583] [jointLog] [warning] couldn't find transcript named [DQ459426] in transcript <-> gene map; returning transcript as it's own gene
[2021-05-20 19:28:43.583] [jointLog] [warning] couldn't find transcript named [DQ516786] in transcript <-> gene map; returning transcript as it's own gene
[2021-05-20 19:28:43.583] [jointLog] [warning] couldn't find transcript named [DQ883653] in transcript <-> gene map; returning transcript as it's own gene
[2021-05-20 19:28:43.583] [jointLog] [warning] couldn't find transcript named [DQ459421] in transcript <-> gene map; returning transcript as it's own gene
[2021-05-20 19:28:43.583] [jointLog] [warning] couldn't find transcript named [DQ883654] in transcript <-> gene map; returning transcript as it's own gene
[2021-05-20 19:28:43.583] [jointLog] [warning] couldn't find transcript named [DQ668358] in transcript <-> gene map; returning transcript as it's own gene
[2021-05-20 19:28:43.583] [jointLog] [warning] couldn't find transcript named [DQ516754] in transcript <-> gene map; returning transcript as it's own gene
[2021-05-20 19:28:43.583] [jointLog] [warning] couldn't find transcript named [DQ516778] in transcript <-> gene map; returning transcript as it's own gene
[2021-05-20 19:28:43.583] [jointLog] [warning] couldn't find transcript named [DQ883650] in transcript <-> gene map; returning transcript as it's own gene
[2021-05-20 19:28:43.583] [jointLog] [warning] couldn't find transcript named [DQ516742] in transcript <-> gene map; returning transcript as it's own gene
[2021-05-20 19:28:43.583] [jointLog] [warning] couldn't find transcript named [DQ883673] in transcript <-> gene map; returning transcript as it's own gene
[2021-05-20 19:28:43.583] [jointLog] [warning] couldn't find transcript named [DQ883652] in transcript <-> gene map; returning transcript as it's own gene
[2021-05-20 19:28:43.583] [jointLog] [warning] couldn't find transcript named [DQ854991] in transcript <-> gene map; returning transcript as it's own gene
[2021-05-20 19:28:43.583] [jointLog] [warning] couldn't find transcript named [DQ516780] in transcript <-> gene map; returning transcript as it's own gene
[2021-05-20 19:28:43.583] [jointLog] [warning] couldn't find transcript named [DQ883682] in transcript <-> gene map; returning transcript as it's own gene
[2021-05-20 19:28:43.583] [jointLog] [warning] couldn't find transcript named [DQ883669] in transcript <-> gene map; returning transcript as it's own gene
[2021-05-20 19:28:43.583] [jointLog] [warning] couldn't find transcript named [DQ516791] in transcript <-> gene map; returning transcript as it's own gene
[2021-05-20 19:28:43.583] [jointLog] [warning] couldn't find transcript named [DQ459425] in transcript <-> gene map; returning transcript as it's own gene
[2021-05-20 19:28:43.583] [jointLog] [warning] couldn't find transcript named [DQ516759] in transcript <-> gene map; returning transcript as it's own gene
[2021-05-20 19:28:43.583] [jointLog] [warning] couldn't find transcript named [DQ459429] in transcript <-> gene map; returning transcript as it's own gene
[2021-05-20 19:28:43.583] [jointLog] [warning] couldn't find transcript named [DQ516758] in transcript <-> gene map; returning transcript as it's own gene
[2021-05-20 19:28:43.583] [jointLog] [warning] couldn't find transcript named [DQ459415] in transcript <-> gene map; returning transcript as it's own gene
[2021-05-20 19:28:43.583] [jointLog] [warning] couldn't find transcript named [DQ875387] in transcript <-> gene map; returning transcript as it's own gene
[2021-05-20 19:28:43.583] [jointLog] [warning] couldn't find transcript named [DQ516815] in transcript <-> gene map; returning transcript as it's own gene
[2021-05-20 19:28:43.583] [jointLog] [warning] couldn't find transcript named [DQ668365] in transcript <-> gene map; returning transcript as it's own gene
[2021-05-20 19:28:43.583] [jointLog] [warning] couldn't find transcript named [DQ854998] in transcript <-> gene map; returning transcript as it's own gene
[2021-05-20 19:28:43.583] [jointLog] [warning] couldn't find transcript named [DQ883685] in transcript <-> gene map; returning transcript as it's own gene
[2021-05-20 19:28:43.583] [jointLog] [warning] couldn't find transcript named [DQ459422] in transcript <-> gene map; returning transcript as it's own gene
[2021-05-20 19:28:43.583] [jointLog] [warning] couldn't find transcript named [DQ883663] in transcript <-> gene map; returning transcript as it's own gene
[2021-05-20 19:28:43.583] [jointLog] [warning] couldn't find transcript named [DQ668367] in transcript <-> gene map; returning transcript as it's own gene
[2021-05-20 19:28:43.583] [jointLog] [warning] couldn't find transcript named [DQ459412] in transcript <-> gene map; returning transcript as it's own gene
[2021-05-20 19:28:43.583] [jointLog] [warning] couldn't find transcript named [DQ854992] in transcript <-> gene map; returning transcript as it's own gene
[2021-05-20 19:28:43.583] [jointLog] [warning] couldn't find transcript named [DQ516782] in transcript <-> gene map; returning transcript as it's own gene
[2021-05-20 19:28:43.583] [jointLog] [warning] couldn't find transcript named [DQ459427] in transcript <-> gene map; returning transcript as it's own gene
[2021-05-20 19:28:43.583] [jointLog] [warning] couldn't find transcript named [EF011072] in transcript <-> gene map; returning transcript as it's own gene
[2021-05-20 19:28:43.583] [jointLog] [warning] couldn't find transcript named [DQ855003] in transcript <-> gene map; returning transcript as it's own gene
[2021-05-20 19:28:43.583] [jointLog] [warning] couldn't find transcript named [DQ516739] in transcript <-> gene map; returning transcript as it's own gene
[2021-05-20 19:28:43.583] [jointLog] [warning] couldn't find transcript named [EF011063] in transcript <-> gene map; returning transcript as it's own gene
[2021-05-20 19:28:43.583] [jointLog] [warning] couldn't find transcript named [DQ855000] in transcript <-> gene map; returning transcript as it's own gene
[2021-05-20 19:28:43.583] [jointLog] [warning] couldn't find transcript named [DQ516777] in transcript <-> gene map; returning transcript as it's own gene
[2021-05-20 19:28:43.583] [jointLog] [warning] couldn't find transcript named [DQ883646] in transcript <-> gene map; returning transcript as it's own gene
[2021-05-20 19:28:43.583] [jointLog] [warning] couldn't find transcript named [DQ668362] in transcript <-> gene map; returning transcript as it's own gene
[2021-05-20 19:28:43.583] [jointLog] [warning] couldn't find transcript named [DQ854995] in transcript <-> gene map; returning transcript as it's own gene
[2021-05-20 19:28:43.583] [jointLog] [warning] couldn't find transcript named [DQ875386] in transcript <-> gene map; returning transcript as it's own gene
[2021-05-20 19:28:43.583] [jointLog] [warning] couldn't find transcript named [DQ516790] in transcript <-> gene map; returning transcript as it's own gene
[2021-05-20 19:28:43.583] [jointLog] [warning] couldn't find transcript named [DQ883642] in transcript <-> gene map; returning transcript as it's own gene
[2021-05-20 19:28:43.583] [jointLog] [warning] couldn't find transcript named [DQ883659] in transcript <-> gene map; returning transcript as it's own gene
[2021-05-20 19:28:43.583] [jointLog] [warning] couldn't find transcript named [DQ854997] in transcript <-> gene map; returning transcript as it's own gene
[2021-05-20 19:28:43.583] [jointLog] [warning] couldn't find transcript named [DQ883643] in transcript <-> gene map; returning transcript as it's own gene
[2021-05-20 19:28:43.583] [jointLog] [warning] couldn't find transcript named [DQ839618] in transcript <-> gene map; returning transcript as it's own gene
[2021-05-20 19:28:43.583] [jointLog] [warning] couldn't find transcript named [DQ516795] in transcript <-> gene map; returning transcript as it's own gene
[2021-05-20 19:28:43.583] [jointLog] [warning] couldn't find transcript named [DQ883658] in transcript <-> gene map; returning transcript as it's own gene
[2021-05-20 19:28:43.583] [jointLog] [warning] couldn't find transcript named [DQ516750] in transcript <-> gene map; returning transcript as it's own gene
[2021-05-20 19:28:43.583] [jointLog] [warning] couldn't find transcript named [DQ668359] in transcript <-> gene map; returning transcript as it's own gene
[2021-05-20 19:28:43.583] [jointLog] [warning] couldn't find transcript named [DQ516779] in transcript <-> gene map; returning transcript as it's own gene
[2021-05-20 19:28:43.583] [jointLog] [warning] couldn't find transcript named [DQ668363] in transcript <-> gene map; returning transcript as it's own gene
[2021-05-20 19:28:43.583] [jointLog] [warning] couldn't find transcript named [DQ516776] in transcript <-> gene map; returning transcript as it's own gene
[2021-05-20 19:28:43.583] [jointLog] [warning] couldn't find transcript named [DQ516773] in transcript <-> gene map; returning transcript as it's own gene
[2021-05-20 19:28:43.583] [jointLog] [warning] couldn't find transcript named [DQ854994] in transcript <-> gene map; returning transcript as it's own gene
[2021-05-20 19:28:43.589] [jointLog] [info] Aggregating expressions to gene level
[2021-05-20 19:28:43.783] [jointLog] [info] done
