[2021-04-27 20:28:42.055] [jointLog] [info] setting maxHashResizeThreads to 6
[2021-04-27 20:28:42.056] [jointLog] [info] Fragment incompatibility prior below threshold.  Incompatible fragments will be ignored.
[2021-04-27 20:28:42.057] [jointLog] [info] numQuantThreads = 3
[2021-04-27 20:28:45.106] [fileLog] [info] quantification processed 0 fragments so far

[2021-04-27 20:28:44.849] [jointLog] [info] replaced 4 non-ACGT nucleotides with random nucleotides
[2021-04-27 20:28:48.266] [fileLog] [info] quantification processed 1000000 fragments so far

[2021-04-27 20:28:51.315] [fileLog] [info] quantification processed 2000000 fragments so far

[2021-04-27 20:28:52.911] [jointLog] [info] 

The alignment group queue pool has been exhausted.  3438967 extra fragments were allocated on the heap to saturate the pool.  No new fragments will be allocated


[2021-04-27 20:28:59.623] [fileLog] [info] quantification processed 3000000 fragments so far

[2021-04-27 20:29:13.807] [fileLog] [info] quantification processed 4000000 fragments so far

[2021-04-27 20:29:28.026] [fileLog] [info] quantification processed 5000000 fragments so far

[2021-04-27 20:29:42.145] [fileLog] [info] quantification processed 6000000 fragments so far

[2021-04-27 20:29:56.182] [fileLog] [info] quantification processed 7000000 fragments so far

[2021-04-27 20:29:59.410] [fileLog] [info] quantification processed 8000000 fragments so far

[2021-04-27 20:30:02.624] [fileLog] [info] quantification processed 9000000 fragments so far

[2021-04-27 20:30:05.788] [fileLog] [info] quantification processed 10000000 fragments so far

[2021-04-27 20:30:08.947] [fileLog] [info] quantification processed 11000000 fragments so far

[2021-04-27 20:30:12.098] [fileLog] [info] quantification processed 12000000 fragments so far

[2021-04-27 20:30:15.312] [fileLog] [info] quantification processed 13000000 fragments so far

[2021-04-27 20:30:18.442] [fileLog] [info] quantification processed 14000000 fragments so far

[2021-04-27 20:30:21.627] [fileLog] [info] quantification processed 15000000 fragments so far

[2021-04-27 20:30:24.782] [fileLog] [info] quantification processed 16000000 fragments so far

[2021-04-27 20:30:27.899] [fileLog] [info] quantification processed 17000000 fragments so far

[2021-04-27 20:30:31.061] [fileLog] [info] quantification processed 18000000 fragments so far

[2021-04-27 20:30:34.258] [fileLog] [info] quantification processed 19000000 fragments so far

[2021-04-27 20:30:37.448] [fileLog] [info] quantification processed 20000000 fragments so far

[2021-04-27 20:30:40.603] [fileLog] [info] quantification processed 21000000 fragments so far

[2021-04-27 20:30:43.771] [fileLog] [info] quantification processed 22000000 fragments so far

[2021-04-27 20:30:46.946] [fileLog] [info] quantification processed 23000000 fragments so far

[2021-04-27 20:30:50.134] [fileLog] [info] quantification processed 24000000 fragments so far

[2021-04-27 20:30:53.289] [fileLog] [info] quantification processed 25000000 fragments so far

[2021-04-27 20:30:56.414] [fileLog] [info] quantification processed 26000000 fragments so far

[2021-04-27 20:30:59.560] [fileLog] [info] quantification processed 27000000 fragments so far

[2021-04-27 20:31:02.710] [fileLog] [info] quantification processed 28000000 fragments so far

[2021-04-27 20:31:05.846] [fileLog] [info] quantification processed 29000000 fragments so far

[2021-04-27 20:31:09.020] [fileLog] [info] quantification processed 30000000 fragments so far

[2021-04-27 20:31:12.248] [fileLog] [info] quantification processed 31000000 fragments so far

[2021-04-27 20:31:15.392] [fileLog] [info] quantification processed 32000000 fragments so far

[2021-04-27 20:31:15.894] [fileLog] [info] quantification processed 32159543 fragments so far

[2021-04-27 20:31:21.962] [jointLog] [info] Thread saw mini-batch with a maximum of 5.70% zero probability fragments
[2021-04-27 20:31:21.963] [jointLog] [info] Thread saw mini-batch with a maximum of 3.80% zero probability fragments
[2021-04-27 20:31:21.964] [jointLog] [info] Thread saw mini-batch with a maximum of 5.60% zero probability fragments
[2021-04-27 20:31:21.965] [jointLog] [info] 


Completed first pass through the alignment file.
Total # of mapped reads : 32159543
# of uniquely mapped reads : 11441461
# ambiguously mapped reads : 20718082



[2021-04-27 20:31:22.088] [jointLog] [info] Computed 198264 rich equivalence classes for further processing
[2021-04-27 20:31:22.088] [jointLog] [info] Counted 32001505 total reads in the equivalence classes 
[2021-04-27 20:31:22.090] [jointLog] [info] starting optimizer
[2021-04-27 20:31:22.183] [jointLog] [info] Marked 0 weighted equivalence classes as degenerate
[2021-04-27 20:31:22.201] [jointLog] [info] iteration = 0 | max rel diff. = 7304.82
[2021-04-27 20:31:23.624] [jointLog] [info] iteration = 100 | max rel diff. = 19.2879
[2021-04-27 20:31:25.013] [jointLog] [info] iteration = 200 | max rel diff. = 5.22807
[2021-04-27 20:31:26.399] [jointLog] [info] iteration = 300 | max rel diff. = 1.28927
[2021-04-27 20:31:27.787] [jointLog] [info] iteration = 400 | max rel diff. = 0.607566
[2021-04-27 20:31:29.181] [jointLog] [info] iteration = 500 | max rel diff. = 5.59094
[2021-04-27 20:31:30.567] [jointLog] [info] iteration = 600 | max rel diff. = 0.659376
[2021-04-27 20:31:31.953] [jointLog] [info] iteration = 700 | max rel diff. = 3.27459
[2021-04-27 20:31:33.347] [jointLog] [info] iteration = 800 | max rel diff. = 0.211923
[2021-04-27 20:31:34.734] [jointLog] [info] iteration = 900 | max rel diff. = 0.401115
[2021-04-27 20:31:36.126] [jointLog] [info] iteration = 1000 | max rel diff. = 0.0384421
[2021-04-27 20:31:37.516] [jointLog] [info] iteration = 1100 | max rel diff. = 0.0802765
[2021-04-27 20:31:38.921] [jointLog] [info] iteration = 1200 | max rel diff. = 0.034228
[2021-04-27 20:31:40.311] [jointLog] [info] iteration = 1300 | max rel diff. = 0.033159
[2021-04-27 20:31:41.703] [jointLog] [info] iteration = 1400 | max rel diff. = 1.10111
[2021-04-27 20:31:43.092] [jointLog] [info] iteration = 1500 | max rel diff. = 0.155645
[2021-04-27 20:31:44.481] [jointLog] [info] iteration = 1600 | max rel diff. = 0.01735
[2021-04-27 20:31:45.866] [jointLog] [info] iteration = 1700 | max rel diff. = 2.65354
[2021-04-27 20:31:47.252] [jointLog] [info] iteration = 1800 | max rel diff. = 0.0910821
[2021-04-27 20:31:48.644] [jointLog] [info] iteration = 1900 | max rel diff. = 0.0571773
[2021-04-27 20:31:50.039] [jointLog] [info] iteration = 2000 | max rel diff. = 0.022624
[2021-04-27 20:31:51.423] [jointLog] [info] iteration = 2100 | max rel diff. = 0.0449397
[2021-04-27 20:31:52.248] [jointLog] [info] iteration = 2160 | max rel diff. = 0.0096308
[2021-04-27 20:31:52.278] [jointLog] [info] finished optimizer
[2021-04-27 20:31:52.278] [jointLog] [info] writing output
[2021-04-27 20:31:54.013] [jointLog] [info] Computing gene-level abundance estimates
[2021-04-27 20:32:21.609] [jointLog] [warning] Feature has no GFF ID
[2021-04-27 20:32:21.609] [jointLog] [warning] Feature has no GFF ID
[2021-04-27 20:32:21.609] [jointLog] [warning] Feature has no GFF ID
[2021-04-27 20:32:21.609] [jointLog] [warning] Feature has no GFF ID
[2021-04-27 20:32:21.609] [jointLog] [warning] Feature has no GFF ID
[2021-04-27 20:32:21.609] [jointLog] [warning] Feature has no GFF ID
[2021-04-27 20:32:21.609] [jointLog] [warning] Feature has no GFF ID
[2021-04-27 20:32:21.609] [jointLog] [warning] Feature has no GFF ID
[2021-04-27 20:32:21.609] [jointLog] [warning] Feature has no GFF ID
[2021-04-27 20:32:21.609] [jointLog] [warning] Feature has no GFF ID
[2021-04-27 20:32:21.609] [jointLog] [warning] Feature has no GFF ID
[2021-04-27 20:32:21.609] [jointLog] [warning] Feature has no GFF ID
[2021-04-27 20:32:21.609] [jointLog] [warning] Feature has no GFF ID
[2021-04-27 20:32:21.609] [jointLog] [warning] Feature has no GFF ID
[2021-04-27 20:32:21.609] [jointLog] [warning] Feature has no GFF ID
[2021-04-27 20:32:21.609] [jointLog] [warning] Feature has no GFF ID
[2021-04-27 20:32:21.609] [jointLog] [warning] Feature has no GFF ID
[2021-04-27 20:32:21.609] [jointLog] [warning] Feature has no GFF ID
[2021-04-27 20:32:21.609] [jointLog] [warning] Feature has no GFF ID
[2021-04-27 20:32:21.609] [jointLog] [warning] Feature has no GFF ID
[2021-04-27 20:32:21.609] [jointLog] [warning] Feature has no GFF ID
[2021-04-27 20:32:21.609] [jointLog] [warning] Feature has no GFF ID
[2021-04-27 20:32:21.609] [jointLog] [warning] Feature has no GFF ID
[2021-04-27 20:32:21.609] [jointLog] [warning] Feature has no GFF ID
[2021-04-27 20:32:21.609] [jointLog] [warning] Feature has no GFF ID
[2021-04-27 20:32:21.609] [jointLog] [warning] Feature has no GFF ID
[2021-04-27 20:32:21.609] [jointLog] [warning] Feature has no GFF ID
[2021-04-27 20:32:21.609] [jointLog] [warning] Feature has no GFF ID
[2021-04-27 20:32:21.609] [jointLog] [warning] Feature has no GFF ID
[2021-04-27 20:32:21.609] [jointLog] [warning] Feature has no GFF ID
[2021-04-27 20:32:21.609] [jointLog] [warning] Feature has no GFF ID
[2021-04-27 20:32:21.609] [jointLog] [warning] Feature has no GFF ID
[2021-04-27 20:32:21.609] [jointLog] [warning] Feature has no GFF ID
[2021-04-27 20:32:21.609] [jointLog] [warning] Feature has no GFF ID
[2021-04-27 20:32:21.609] [jointLog] [warning] Feature has no GFF ID
[2021-04-27 20:32:21.609] [jointLog] [warning] Feature has no GFF ID
[2021-04-27 20:32:21.609] [jointLog] [warning] Feature has no GFF ID
[2021-04-27 20:32:21.609] [jointLog] [warning] Feature has no GFF ID
[2021-04-27 20:32:21.609] [jointLog] [warning] Feature has no GFF ID
[2021-04-27 20:32:21.609] [jointLog] [warning] Feature has no GFF ID
[2021-04-27 20:32:21.609] [jointLog] [warning] Feature has no GFF ID
[2021-04-27 20:32:21.609] [jointLog] [warning] Feature has no GFF ID
[2021-04-27 20:32:21.609] [jointLog] [warning] Feature has no GFF ID
[2021-04-27 20:32:21.609] [jointLog] [warning] Feature has no GFF ID
[2021-04-27 20:32:21.609] [jointLog] [warning] Feature has no GFF ID
[2021-04-27 20:32:21.609] [jointLog] [warning] Feature has no GFF ID
[2021-04-27 20:32:21.609] [jointLog] [warning] Feature has no GFF ID
[2021-04-27 20:32:21.609] [jointLog] [warning] Feature has no GFF ID
[2021-04-27 20:32:21.609] [jointLog] [warning] Feature has no GFF ID
[2021-04-27 20:32:21.609] [jointLog] [warning] Feature has no GFF ID
[2021-04-27 20:32:21.609] [jointLog] [warning] Feature has no GFF ID
[2021-04-27 20:32:21.609] [jointLog] [warning] Feature has no GFF ID
[2021-04-27 20:32:21.609] [jointLog] [warning] Feature has no GFF ID
[2021-04-27 20:32:21.609] [jointLog] [warning] Feature has no GFF ID
[2021-04-27 20:32:21.609] [jointLog] [warning] Feature has no GFF ID
[2021-04-27 20:32:21.609] [jointLog] [warning] Feature has no GFF ID
[2021-04-27 20:32:21.609] [jointLog] [warning] Feature has no GFF ID
[2021-04-27 20:32:21.609] [jointLog] [warning] Feature has no GFF ID
[2021-04-27 20:32:21.609] [jointLog] [warning] Feature has no GFF ID
[2021-04-27 20:32:21.609] [jointLog] [warning] Feature has no GFF ID
[2021-04-27 20:32:21.609] [jointLog] [warning] Feature has no GFF ID
[2021-04-27 20:32:21.609] [jointLog] [warning] Feature has no GFF ID
[2021-04-27 20:32:21.609] [jointLog] [warning] Feature has no GFF ID
[2021-04-27 20:32:21.609] [jointLog] [warning] Feature has no GFF ID
[2021-04-27 20:32:21.609] [jointLog] [warning] Feature has no GFF ID
[2021-04-27 20:32:21.609] [jointLog] [warning] Feature has no GFF ID
[2021-04-27 20:32:21.609] [jointLog] [warning] Feature has no GFF ID
[2021-04-27 20:32:21.609] [jointLog] [warning] Feature has no GFF ID
[2021-04-27 20:32:21.609] [jointLog] [warning] Feature has no GFF ID
[2021-04-27 20:32:21.609] [jointLog] [warning] Feature has no GFF ID
[2021-04-27 20:32:21.609] [jointLog] [warning] Feature has no GFF ID
[2021-04-27 20:32:21.609] [jointLog] [warning] Feature has no GFF ID
[2021-04-27 20:32:21.609] [jointLog] [warning] Feature has no GFF ID
[2021-04-27 20:32:21.609] [jointLog] [warning] Feature has no GFF ID
[2021-04-27 20:32:21.609] [jointLog] [warning] Feature has no GFF ID
[2021-04-27 20:32:21.609] [jointLog] [warning] Feature has no GFF ID
[2021-04-27 20:32:21.609] [jointLog] [warning] Feature has no GFF ID
[2021-04-27 20:32:21.609] [jointLog] [warning] Feature has no GFF ID
[2021-04-27 20:32:21.609] [jointLog] [warning] Feature has no GFF ID
[2021-04-27 20:32:21.609] [jointLog] [warning] Feature has no GFF ID
[2021-04-27 20:32:21.609] [jointLog] [warning] Feature has no GFF ID
[2021-04-27 20:32:21.609] [jointLog] [warning] Feature has no GFF ID
[2021-04-27 20:32:21.609] [jointLog] [warning] Feature has no GFF ID
[2021-04-27 20:32:21.609] [jointLog] [warning] Feature has no GFF ID
[2021-04-27 20:32:21.609] [jointLog] [warning] Feature has no GFF ID
[2021-04-27 20:32:21.609] [jointLog] [warning] Feature has no GFF ID
[2021-04-27 20:32:21.609] [jointLog] [warning] Feature has no GFF ID
[2021-04-27 20:32:21.609] [jointLog] [warning] Feature has no GFF ID
[2021-04-27 20:32:21.609] [jointLog] [warning] Feature has no GFF ID
[2021-04-27 20:32:21.609] [jointLog] [warning] Feature has no GFF ID
[2021-04-27 20:32:21.609] [jointLog] [warning] Feature has no GFF ID
[2021-04-27 20:32:21.609] [jointLog] [warning] Feature has no GFF ID
[2021-04-27 20:32:21.906] [jointLog] [info] There were 142604 transcripts mapping to 55401 genes
[2021-04-27 20:32:21.906] [jointLog] [info] NOTE: We recommend using tximport (https://bioconductor.org/packages/release/bioc/html/tximport.html) for aggregating transcript-level salmon abundance estimates to the gene level.  It is more versatile, exposes more features, and allows considering multi-sample information during aggregation.
[2021-04-27 20:32:22.159] [jointLog] [warning] couldn't find transcript named [DQ459430] in transcript <-> gene map; returning transcript as it's own gene
[2021-04-27 20:32:22.159] [jointLog] [warning] couldn't find transcript named [DQ516784] in transcript <-> gene map; returning transcript as it's own gene
[2021-04-27 20:32:22.159] [jointLog] [warning] couldn't find transcript named [DQ516752] in transcript <-> gene map; returning transcript as it's own gene
[2021-04-27 20:32:22.159] [jointLog] [warning] couldn't find transcript named [DQ668364] in transcript <-> gene map; returning transcript as it's own gene
[2021-04-27 20:32:22.159] [jointLog] [warning] couldn't find transcript named [DQ883670] in transcript <-> gene map; returning transcript as it's own gene
[2021-04-27 20:32:22.159] [jointLog] [warning] couldn't find transcript named [EF011062] in transcript <-> gene map; returning transcript as it's own gene
[2021-04-27 20:32:22.159] [jointLog] [warning] couldn't find transcript named [DQ875385] in transcript <-> gene map; returning transcript as it's own gene
[2021-04-27 20:32:22.159] [jointLog] [warning] couldn't find transcript named [DQ883664] in transcript <-> gene map; returning transcript as it's own gene
[2021-04-27 20:32:22.159] [jointLog] [warning] couldn't find transcript named [DQ459420] in transcript <-> gene map; returning transcript as it's own gene
[2021-04-27 20:32:22.159] [jointLog] [warning] couldn't find transcript named [DQ883651] in transcript <-> gene map; returning transcript as it's own gene
[2021-04-27 20:32:22.159] [jointLog] [warning] couldn't find transcript named [DQ855004] in transcript <-> gene map; returning transcript as it's own gene
[2021-04-27 20:32:22.159] [jointLog] [warning] couldn't find transcript named [DQ854993] in transcript <-> gene map; returning transcript as it's own gene
[2021-04-27 20:32:22.159] [jointLog] [warning] couldn't find transcript named [DQ883689] in transcript <-> gene map; returning transcript as it's own gene
[2021-04-27 20:32:22.159] [jointLog] [warning] couldn't find transcript named [DQ459419] in transcript <-> gene map; returning transcript as it's own gene
[2021-04-27 20:32:22.159] [jointLog] [warning] couldn't find transcript named [DQ459431] in transcript <-> gene map; returning transcript as it's own gene
[2021-04-27 20:32:22.159] [jointLog] [warning] couldn't find transcript named [DQ516796] in transcript <-> gene map; returning transcript as it's own gene
[2021-04-27 20:32:22.159] [jointLog] [warning] couldn't find transcript named [DQ855001] in transcript <-> gene map; returning transcript as it's own gene
[2021-04-27 20:32:22.159] [jointLog] [warning] couldn't find transcript named [DQ459413] in transcript <-> gene map; returning transcript as it's own gene
[2021-04-27 20:32:22.159] [jointLog] [warning] couldn't find transcript named [DQ883656] in transcript <-> gene map; returning transcript as it's own gene
[2021-04-27 20:32:22.159] [jointLog] [warning] couldn't find transcript named [DQ883661] in transcript <-> gene map; returning transcript as it's own gene
[2021-04-27 20:32:22.159] [jointLog] [warning] couldn't find transcript named [EF011069] in transcript <-> gene map; returning transcript as it's own gene
[2021-04-27 20:32:22.159] [jointLog] [warning] couldn't find transcript named [DQ516783] in transcript <-> gene map; returning transcript as it's own gene
[2021-04-27 20:32:22.159] [jointLog] [warning] couldn't find transcript named [DQ516787] in transcript <-> gene map; returning transcript as it's own gene
[2021-04-27 20:32:22.159] [jointLog] [warning] couldn't find transcript named [DQ459424] in transcript <-> gene map; returning transcript as it's own gene
[2021-04-27 20:32:22.159] [jointLog] [warning] couldn't find transcript named [DQ516748] in transcript <-> gene map; returning transcript as it's own gene
[2021-04-27 20:32:22.159] [jointLog] [warning] couldn't find transcript named [DQ883671] in transcript <-> gene map; returning transcript as it's own gene
[2021-04-27 20:32:22.159] [jointLog] [warning] couldn't find transcript named [DQ516740] in transcript <-> gene map; returning transcript as it's own gene
[2021-04-27 20:32:22.159] [jointLog] [warning] couldn't find transcript named [DQ516785] in transcript <-> gene map; returning transcript as it's own gene
[2021-04-27 20:32:22.159] [jointLog] [warning] couldn't find transcript named [DQ516731] in transcript <-> gene map; returning transcript as it's own gene
[2021-04-27 20:32:22.159] [jointLog] [warning] couldn't find transcript named [DQ668366] in transcript <-> gene map; returning transcript as it's own gene
[2021-04-27 20:32:22.159] [jointLog] [warning] couldn't find transcript named [DQ459418] in transcript <-> gene map; returning transcript as it's own gene
[2021-04-27 20:32:22.159] [jointLog] [warning] couldn't find transcript named [DQ668356] in transcript <-> gene map; returning transcript as it's own gene
[2021-04-27 20:32:22.159] [jointLog] [warning] couldn't find transcript named [DQ516763] in transcript <-> gene map; returning transcript as it's own gene
[2021-04-27 20:32:22.159] [jointLog] [warning] couldn't find transcript named [DQ459426] in transcript <-> gene map; returning transcript as it's own gene
[2021-04-27 20:32:22.159] [jointLog] [warning] couldn't find transcript named [DQ516786] in transcript <-> gene map; returning transcript as it's own gene
[2021-04-27 20:32:22.159] [jointLog] [warning] couldn't find transcript named [DQ883653] in transcript <-> gene map; returning transcript as it's own gene
[2021-04-27 20:32:22.159] [jointLog] [warning] couldn't find transcript named [DQ459421] in transcript <-> gene map; returning transcript as it's own gene
[2021-04-27 20:32:22.159] [jointLog] [warning] couldn't find transcript named [DQ883654] in transcript <-> gene map; returning transcript as it's own gene
[2021-04-27 20:32:22.159] [jointLog] [warning] couldn't find transcript named [DQ668358] in transcript <-> gene map; returning transcript as it's own gene
[2021-04-27 20:32:22.159] [jointLog] [warning] couldn't find transcript named [DQ516754] in transcript <-> gene map; returning transcript as it's own gene
[2021-04-27 20:32:22.159] [jointLog] [warning] couldn't find transcript named [DQ516778] in transcript <-> gene map; returning transcript as it's own gene
[2021-04-27 20:32:22.159] [jointLog] [warning] couldn't find transcript named [DQ883650] in transcript <-> gene map; returning transcript as it's own gene
[2021-04-27 20:32:22.159] [jointLog] [warning] couldn't find transcript named [DQ516742] in transcript <-> gene map; returning transcript as it's own gene
[2021-04-27 20:32:22.159] [jointLog] [warning] couldn't find transcript named [DQ883673] in transcript <-> gene map; returning transcript as it's own gene
[2021-04-27 20:32:22.159] [jointLog] [warning] couldn't find transcript named [DQ883652] in transcript <-> gene map; returning transcript as it's own gene
[2021-04-27 20:32:22.159] [jointLog] [warning] couldn't find transcript named [DQ854991] in transcript <-> gene map; returning transcript as it's own gene
[2021-04-27 20:32:22.159] [jointLog] [warning] couldn't find transcript named [DQ516780] in transcript <-> gene map; returning transcript as it's own gene
[2021-04-27 20:32:22.159] [jointLog] [warning] couldn't find transcript named [DQ883682] in transcript <-> gene map; returning transcript as it's own gene
[2021-04-27 20:32:22.159] [jointLog] [warning] couldn't find transcript named [DQ883669] in transcript <-> gene map; returning transcript as it's own gene
[2021-04-27 20:32:22.159] [jointLog] [warning] couldn't find transcript named [DQ516791] in transcript <-> gene map; returning transcript as it's own gene
[2021-04-27 20:32:22.159] [jointLog] [warning] couldn't find transcript named [DQ459425] in transcript <-> gene map; returning transcript as it's own gene
[2021-04-27 20:32:22.159] [jointLog] [warning] couldn't find transcript named [DQ516759] in transcript <-> gene map; returning transcript as it's own gene
[2021-04-27 20:32:22.159] [jointLog] [warning] couldn't find transcript named [DQ459429] in transcript <-> gene map; returning transcript as it's own gene
[2021-04-27 20:32:22.159] [jointLog] [warning] couldn't find transcript named [DQ516758] in transcript <-> gene map; returning transcript as it's own gene
[2021-04-27 20:32:22.159] [jointLog] [warning] couldn't find transcript named [DQ459415] in transcript <-> gene map; returning transcript as it's own gene
[2021-04-27 20:32:22.159] [jointLog] [warning] couldn't find transcript named [DQ875387] in transcript <-> gene map; returning transcript as it's own gene
[2021-04-27 20:32:22.159] [jointLog] [warning] couldn't find transcript named [DQ516815] in transcript <-> gene map; returning transcript as it's own gene
[2021-04-27 20:32:22.159] [jointLog] [warning] couldn't find transcript named [DQ668365] in transcript <-> gene map; returning transcript as it's own gene
[2021-04-27 20:32:22.159] [jointLog] [warning] couldn't find transcript named [DQ854998] in transcript <-> gene map; returning transcript as it's own gene
[2021-04-27 20:32:22.159] [jointLog] [warning] couldn't find transcript named [DQ883685] in transcript <-> gene map; returning transcript as it's own gene
[2021-04-27 20:32:22.159] [jointLog] [warning] couldn't find transcript named [DQ459422] in transcript <-> gene map; returning transcript as it's own gene
[2021-04-27 20:32:22.159] [jointLog] [warning] couldn't find transcript named [DQ883663] in transcript <-> gene map; returning transcript as it's own gene
[2021-04-27 20:32:22.159] [jointLog] [warning] couldn't find transcript named [DQ668367] in transcript <-> gene map; returning transcript as it's own gene
[2021-04-27 20:32:22.159] [jointLog] [warning] couldn't find transcript named [DQ459412] in transcript <-> gene map; returning transcript as it's own gene
[2021-04-27 20:32:22.159] [jointLog] [warning] couldn't find transcript named [DQ854992] in transcript <-> gene map; returning transcript as it's own gene
[2021-04-27 20:32:22.159] [jointLog] [warning] couldn't find transcript named [DQ516782] in transcript <-> gene map; returning transcript as it's own gene
[2021-04-27 20:32:22.159] [jointLog] [warning] couldn't find transcript named [DQ459427] in transcript <-> gene map; returning transcript as it's own gene
[2021-04-27 20:32:22.159] [jointLog] [warning] couldn't find transcript named [EF011072] in transcript <-> gene map; returning transcript as it's own gene
[2021-04-27 20:32:22.159] [jointLog] [warning] couldn't find transcript named [DQ855003] in transcript <-> gene map; returning transcript as it's own gene
[2021-04-27 20:32:22.159] [jointLog] [warning] couldn't find transcript named [DQ516739] in transcript <-> gene map; returning transcript as it's own gene
[2021-04-27 20:32:22.159] [jointLog] [warning] couldn't find transcript named [EF011063] in transcript <-> gene map; returning transcript as it's own gene
[2021-04-27 20:32:22.159] [jointLog] [warning] couldn't find transcript named [DQ855000] in transcript <-> gene map; returning transcript as it's own gene
[2021-04-27 20:32:22.159] [jointLog] [warning] couldn't find transcript named [DQ516777] in transcript <-> gene map; returning transcript as it's own gene
[2021-04-27 20:32:22.159] [jointLog] [warning] couldn't find transcript named [DQ883646] in transcript <-> gene map; returning transcript as it's own gene
[2021-04-27 20:32:22.159] [jointLog] [warning] couldn't find transcript named [DQ668362] in transcript <-> gene map; returning transcript as it's own gene
[2021-04-27 20:32:22.159] [jointLog] [warning] couldn't find transcript named [DQ854995] in transcript <-> gene map; returning transcript as it's own gene
[2021-04-27 20:32:22.159] [jointLog] [warning] couldn't find transcript named [DQ875386] in transcript <-> gene map; returning transcript as it's own gene
[2021-04-27 20:32:22.159] [jointLog] [warning] couldn't find transcript named [DQ516790] in transcript <-> gene map; returning transcript as it's own gene
[2021-04-27 20:32:22.159] [jointLog] [warning] couldn't find transcript named [DQ883642] in transcript <-> gene map; returning transcript as it's own gene
[2021-04-27 20:32:22.159] [jointLog] [warning] couldn't find transcript named [DQ883659] in transcript <-> gene map; returning transcript as it's own gene
[2021-04-27 20:32:22.159] [jointLog] [warning] couldn't find transcript named [DQ854997] in transcript <-> gene map; returning transcript as it's own gene
[2021-04-27 20:32:22.159] [jointLog] [warning] couldn't find transcript named [DQ883643] in transcript <-> gene map; returning transcript as it's own gene
[2021-04-27 20:32:22.159] [jointLog] [warning] couldn't find transcript named [DQ839618] in transcript <-> gene map; returning transcript as it's own gene
[2021-04-27 20:32:22.159] [jointLog] [warning] couldn't find transcript named [DQ516795] in transcript <-> gene map; returning transcript as it's own gene
[2021-04-27 20:32:22.159] [jointLog] [warning] couldn't find transcript named [DQ883658] in transcript <-> gene map; returning transcript as it's own gene
[2021-04-27 20:32:22.159] [jointLog] [warning] couldn't find transcript named [DQ516750] in transcript <-> gene map; returning transcript as it's own gene
[2021-04-27 20:32:22.159] [jointLog] [warning] couldn't find transcript named [DQ668359] in transcript <-> gene map; returning transcript as it's own gene
[2021-04-27 20:32:22.159] [jointLog] [warning] couldn't find transcript named [DQ516779] in transcript <-> gene map; returning transcript as it's own gene
[2021-04-27 20:32:22.159] [jointLog] [warning] couldn't find transcript named [DQ668363] in transcript <-> gene map; returning transcript as it's own gene
[2021-04-27 20:32:22.159] [jointLog] [warning] couldn't find transcript named [DQ516776] in transcript <-> gene map; returning transcript as it's own gene
[2021-04-27 20:32:22.159] [jointLog] [warning] couldn't find transcript named [DQ516773] in transcript <-> gene map; returning transcript as it's own gene
[2021-04-27 20:32:22.159] [jointLog] [warning] couldn't find transcript named [DQ854994] in transcript <-> gene map; returning transcript as it's own gene
[2021-04-27 20:32:22.159] [jointLog] [info] Aggregating expressions to gene level
[2021-04-27 20:32:22.310] [jointLog] [info] done
