[2021-05-21 18:13:41.064] [jointLog] [info] setting maxHashResizeThreads to 6
[2021-05-21 18:13:41.064] [jointLog] [info] Fragment incompatibility prior below threshold.  Incompatible fragments will be ignored.
[2021-05-21 18:13:41.066] [jointLog] [info] numQuantThreads = 3
[2021-05-21 18:13:44.248] [jointLog] [info] replaced 4 non-ACGT nucleotides with random nucleotides
[2021-05-21 18:13:44.503] [fileLog] [info] quantification processed 0 fragments so far

[2021-05-21 18:13:48.829] [fileLog] [info] quantification processed 1000000 fragments so far

[2021-05-21 18:13:51.893] [fileLog] [info] quantification processed 2000000 fragments so far

[2021-05-21 18:13:53.165] [jointLog] [info] 

The alignment group queue pool has been exhausted.  3222723 extra fragments were allocated on the heap to saturate the pool.  No new fragments will be allocated


[2021-05-21 18:14:04.765] [fileLog] [info] quantification processed 3000000 fragments so far

[2021-05-21 18:14:25.178] [fileLog] [info] quantification processed 4000000 fragments so far

[2021-05-21 18:14:45.168] [fileLog] [info] quantification processed 5000000 fragments so far

[2021-05-21 18:15:04.809] [fileLog] [info] quantification processed 6000000 fragments so far

[2021-05-21 18:15:24.897] [fileLog] [info] quantification processed 7000000 fragments so far

[2021-05-21 18:15:28.407] [fileLog] [info] quantification processed 8000000 fragments so far

[2021-05-21 18:15:32.365] [fileLog] [info] quantification processed 9000000 fragments so far

[2021-05-21 18:15:36.190] [fileLog] [info] quantification processed 10000000 fragments so far

[2021-05-21 18:15:39.551] [fileLog] [info] quantification processed 11000000 fragments so far

[2021-05-21 18:15:43.294] [fileLog] [info] quantification processed 12000000 fragments so far

[2021-05-21 18:15:47.118] [fileLog] [info] quantification processed 13000000 fragments so far

[2021-05-21 18:15:50.829] [fileLog] [info] quantification processed 14000000 fragments so far

[2021-05-21 18:15:54.614] [fileLog] [info] quantification processed 15000000 fragments so far

[2021-05-21 18:15:58.195] [fileLog] [info] quantification processed 16000000 fragments so far

[2021-05-21 18:16:01.684] [fileLog] [info] quantification processed 17000000 fragments so far

[2021-05-21 18:16:05.522] [fileLog] [info] quantification processed 18000000 fragments so far

[2021-05-21 18:16:09.213] [fileLog] [info] quantification processed 19000000 fragments so far

[2021-05-21 18:16:12.933] [fileLog] [info] quantification processed 20000000 fragments so far

[2021-05-21 18:16:16.901] [fileLog] [info] quantification processed 21000000 fragments so far

[2021-05-21 18:16:20.696] [fileLog] [info] quantification processed 22000000 fragments so far

[2021-05-21 18:16:24.434] [fileLog] [info] quantification processed 23000000 fragments so far

[2021-05-21 18:16:27.867] [fileLog] [info] quantification processed 24000000 fragments so far

[2021-05-21 18:16:30.921] [fileLog] [info] quantification processed 25000000 fragments so far

[2021-05-21 18:16:34.441] [fileLog] [info] quantification processed 26000000 fragments so far

[2021-05-21 18:16:36.945] [fileLog] [info] quantification processed 26623057 fragments so far

[2021-05-21 18:16:43.475] [jointLog] [info] Thread saw mini-batch with a maximum of 4.30% zero probability fragments
[2021-05-21 18:16:43.483] [jointLog] [info] Thread saw mini-batch with a maximum of 5.90% zero probability fragments
[2021-05-21 18:16:43.484] [jointLog] [info] Thread saw mini-batch with a maximum of 3.90% zero probability fragments
[2021-05-21 18:16:43.488] [jointLog] [info] 


Completed first pass through the alignment file.
Total # of mapped reads : 26623057
# of uniquely mapped reads : 9742380
# ambiguously mapped reads : 16880677



[2021-05-21 18:16:43.667] [jointLog] [info] Computed 209874 rich equivalence classes for further processing
[2021-05-21 18:16:43.667] [jointLog] [info] Counted 26536266 total reads in the equivalence classes 
[2021-05-21 18:16:43.669] [jointLog] [info] starting optimizer
[2021-05-21 18:16:43.774] [jointLog] [info] Marked 0 weighted equivalence classes as degenerate
[2021-05-21 18:16:43.794] [jointLog] [info] iteration = 0 | max rel diff. = 7963.08
[2021-05-21 18:16:45.310] [jointLog] [info] iteration = 100 | max rel diff. = 9.02339
[2021-05-21 18:16:46.868] [jointLog] [info] iteration = 200 | max rel diff. = 5.4972
[2021-05-21 18:16:48.558] [jointLog] [info] iteration = 300 | max rel diff. = 0.687605
[2021-05-21 18:16:50.245] [jointLog] [info] iteration = 400 | max rel diff. = 0.713727
[2021-05-21 18:16:51.904] [jointLog] [info] iteration = 500 | max rel diff. = 17.9424
[2021-05-21 18:16:53.555] [jointLog] [info] iteration = 600 | max rel diff. = 1.1593
[2021-05-21 18:16:55.215] [jointLog] [info] iteration = 700 | max rel diff. = 0.377463
[2021-05-21 18:16:56.845] [jointLog] [info] iteration = 800 | max rel diff. = 1.20248
[2021-05-21 18:16:58.417] [jointLog] [info] iteration = 900 | max rel diff. = 1.81425
[2021-05-21 18:16:59.973] [jointLog] [info] iteration = 1000 | max rel diff. = 0.636609
[2021-05-21 18:17:01.490] [jointLog] [info] iteration = 1100 | max rel diff. = 0.0611413
[2021-05-21 18:17:02.975] [jointLog] [info] iteration = 1200 | max rel diff. = 0.0892276
[2021-05-21 18:17:04.485] [jointLog] [info] iteration = 1300 | max rel diff. = 0.0635329
[2021-05-21 18:17:05.980] [jointLog] [info] iteration = 1400 | max rel diff. = 0.133411
[2021-05-21 18:17:07.451] [jointLog] [info] iteration = 1500 | max rel diff. = 0.0420344
[2021-05-21 18:17:08.948] [jointLog] [info] iteration = 1600 | max rel diff. = 2.3459
[2021-05-21 18:17:10.019] [jointLog] [info] iteration = 1672 | max rel diff. = 0.00836686
[2021-05-21 18:17:10.052] [jointLog] [info] finished optimizer
[2021-05-21 18:17:10.052] [jointLog] [info] writing output
[2021-05-21 18:17:11.781] [jointLog] [info] Computing gene-level abundance estimates
[2021-05-21 18:17:38.842] [jointLog] [warning] Feature has no GFF ID
[2021-05-21 18:17:38.843] [jointLog] [warning] Feature has no GFF ID
[2021-05-21 18:17:38.843] [jointLog] [warning] Feature has no GFF ID
[2021-05-21 18:17:38.843] [jointLog] [warning] Feature has no GFF ID
[2021-05-21 18:17:38.843] [jointLog] [warning] Feature has no GFF ID
[2021-05-21 18:17:38.843] [jointLog] [warning] Feature has no GFF ID
[2021-05-21 18:17:38.843] [jointLog] [warning] Feature has no GFF ID
[2021-05-21 18:17:38.843] [jointLog] [warning] Feature has no GFF ID
[2021-05-21 18:17:38.843] [jointLog] [warning] Feature has no GFF ID
[2021-05-21 18:17:38.843] [jointLog] [warning] Feature has no GFF ID
[2021-05-21 18:17:38.843] [jointLog] [warning] Feature has no GFF ID
[2021-05-21 18:17:38.843] [jointLog] [warning] Feature has no GFF ID
[2021-05-21 18:17:38.843] [jointLog] [warning] Feature has no GFF ID
[2021-05-21 18:17:38.843] [jointLog] [warning] Feature has no GFF ID
[2021-05-21 18:17:38.843] [jointLog] [warning] Feature has no GFF ID
[2021-05-21 18:17:38.843] [jointLog] [warning] Feature has no GFF ID
[2021-05-21 18:17:38.843] [jointLog] [warning] Feature has no GFF ID
[2021-05-21 18:17:38.843] [jointLog] [warning] Feature has no GFF ID
[2021-05-21 18:17:38.843] [jointLog] [warning] Feature has no GFF ID
[2021-05-21 18:17:38.843] [jointLog] [warning] Feature has no GFF ID
[2021-05-21 18:17:38.843] [jointLog] [warning] Feature has no GFF ID
[2021-05-21 18:17:38.843] [jointLog] [warning] Feature has no GFF ID
[2021-05-21 18:17:38.843] [jointLog] [warning] Feature has no GFF ID
[2021-05-21 18:17:38.843] [jointLog] [warning] Feature has no GFF ID
[2021-05-21 18:17:38.843] [jointLog] [warning] Feature has no GFF ID
[2021-05-21 18:17:38.843] [jointLog] [warning] Feature has no GFF ID
[2021-05-21 18:17:38.843] [jointLog] [warning] Feature has no GFF ID
[2021-05-21 18:17:38.843] [jointLog] [warning] Feature has no GFF ID
[2021-05-21 18:17:38.843] [jointLog] [warning] Feature has no GFF ID
[2021-05-21 18:17:38.843] [jointLog] [warning] Feature has no GFF ID
[2021-05-21 18:17:38.843] [jointLog] [warning] Feature has no GFF ID
[2021-05-21 18:17:38.843] [jointLog] [warning] Feature has no GFF ID
[2021-05-21 18:17:38.843] [jointLog] [warning] Feature has no GFF ID
[2021-05-21 18:17:38.843] [jointLog] [warning] Feature has no GFF ID
[2021-05-21 18:17:38.843] [jointLog] [warning] Feature has no GFF ID
[2021-05-21 18:17:38.843] [jointLog] [warning] Feature has no GFF ID
[2021-05-21 18:17:38.843] [jointLog] [warning] Feature has no GFF ID
[2021-05-21 18:17:38.843] [jointLog] [warning] Feature has no GFF ID
[2021-05-21 18:17:38.843] [jointLog] [warning] Feature has no GFF ID
[2021-05-21 18:17:38.843] [jointLog] [warning] Feature has no GFF ID
[2021-05-21 18:17:38.843] [jointLog] [warning] Feature has no GFF ID
[2021-05-21 18:17:38.843] [jointLog] [warning] Feature has no GFF ID
[2021-05-21 18:17:38.843] [jointLog] [warning] Feature has no GFF ID
[2021-05-21 18:17:38.843] [jointLog] [warning] Feature has no GFF ID
[2021-05-21 18:17:38.843] [jointLog] [warning] Feature has no GFF ID
[2021-05-21 18:17:38.843] [jointLog] [warning] Feature has no GFF ID
[2021-05-21 18:17:38.843] [jointLog] [warning] Feature has no GFF ID
[2021-05-21 18:17:38.843] [jointLog] [warning] Feature has no GFF ID
[2021-05-21 18:17:38.843] [jointLog] [warning] Feature has no GFF ID
[2021-05-21 18:17:38.843] [jointLog] [warning] Feature has no GFF ID
[2021-05-21 18:17:38.843] [jointLog] [warning] Feature has no GFF ID
[2021-05-21 18:17:38.843] [jointLog] [warning] Feature has no GFF ID
[2021-05-21 18:17:38.843] [jointLog] [warning] Feature has no GFF ID
[2021-05-21 18:17:38.843] [jointLog] [warning] Feature has no GFF ID
[2021-05-21 18:17:38.843] [jointLog] [warning] Feature has no GFF ID
[2021-05-21 18:17:38.843] [jointLog] [warning] Feature has no GFF ID
[2021-05-21 18:17:38.843] [jointLog] [warning] Feature has no GFF ID
[2021-05-21 18:17:38.843] [jointLog] [warning] Feature has no GFF ID
[2021-05-21 18:17:38.843] [jointLog] [warning] Feature has no GFF ID
[2021-05-21 18:17:38.843] [jointLog] [warning] Feature has no GFF ID
[2021-05-21 18:17:38.843] [jointLog] [warning] Feature has no GFF ID
[2021-05-21 18:17:38.843] [jointLog] [warning] Feature has no GFF ID
[2021-05-21 18:17:38.843] [jointLog] [warning] Feature has no GFF ID
[2021-05-21 18:17:38.843] [jointLog] [warning] Feature has no GFF ID
[2021-05-21 18:17:38.843] [jointLog] [warning] Feature has no GFF ID
[2021-05-21 18:17:38.843] [jointLog] [warning] Feature has no GFF ID
[2021-05-21 18:17:38.843] [jointLog] [warning] Feature has no GFF ID
[2021-05-21 18:17:38.843] [jointLog] [warning] Feature has no GFF ID
[2021-05-21 18:17:38.843] [jointLog] [warning] Feature has no GFF ID
[2021-05-21 18:17:38.843] [jointLog] [warning] Feature has no GFF ID
[2021-05-21 18:17:38.843] [jointLog] [warning] Feature has no GFF ID
[2021-05-21 18:17:38.843] [jointLog] [warning] Feature has no GFF ID
[2021-05-21 18:17:38.843] [jointLog] [warning] Feature has no GFF ID
[2021-05-21 18:17:38.843] [jointLog] [warning] Feature has no GFF ID
[2021-05-21 18:17:38.843] [jointLog] [warning] Feature has no GFF ID
[2021-05-21 18:17:38.843] [jointLog] [warning] Feature has no GFF ID
[2021-05-21 18:17:38.843] [jointLog] [warning] Feature has no GFF ID
[2021-05-21 18:17:38.843] [jointLog] [warning] Feature has no GFF ID
[2021-05-21 18:17:38.843] [jointLog] [warning] Feature has no GFF ID
[2021-05-21 18:17:38.843] [jointLog] [warning] Feature has no GFF ID
[2021-05-21 18:17:38.843] [jointLog] [warning] Feature has no GFF ID
[2021-05-21 18:17:38.843] [jointLog] [warning] Feature has no GFF ID
[2021-05-21 18:17:38.843] [jointLog] [warning] Feature has no GFF ID
[2021-05-21 18:17:38.843] [jointLog] [warning] Feature has no GFF ID
[2021-05-21 18:17:38.843] [jointLog] [warning] Feature has no GFF ID
[2021-05-21 18:17:38.843] [jointLog] [warning] Feature has no GFF ID
[2021-05-21 18:17:38.843] [jointLog] [warning] Feature has no GFF ID
[2021-05-21 18:17:38.843] [jointLog] [warning] Feature has no GFF ID
[2021-05-21 18:17:38.843] [jointLog] [warning] Feature has no GFF ID
[2021-05-21 18:17:38.843] [jointLog] [warning] Feature has no GFF ID
[2021-05-21 18:17:38.843] [jointLog] [warning] Feature has no GFF ID
[2021-05-21 18:17:38.843] [jointLog] [warning] Feature has no GFF ID
[2021-05-21 18:17:39.138] [jointLog] [info] There were 142604 transcripts mapping to 55401 genes
[2021-05-21 18:17:39.139] [jointLog] [info] NOTE: We recommend using tximport (https://bioconductor.org/packages/release/bioc/html/tximport.html) for aggregating transcript-level salmon abundance estimates to the gene level.  It is more versatile, exposes more features, and allows considering multi-sample information during aggregation.
[2021-05-21 18:17:39.413] [jointLog] [warning] couldn't find transcript named [DQ459430] in transcript <-> gene map; returning transcript as it's own gene
[2021-05-21 18:17:39.413] [jointLog] [warning] couldn't find transcript named [DQ516784] in transcript <-> gene map; returning transcript as it's own gene
[2021-05-21 18:17:39.413] [jointLog] [warning] couldn't find transcript named [DQ516752] in transcript <-> gene map; returning transcript as it's own gene
[2021-05-21 18:17:39.413] [jointLog] [warning] couldn't find transcript named [DQ668364] in transcript <-> gene map; returning transcript as it's own gene
[2021-05-21 18:17:39.413] [jointLog] [warning] couldn't find transcript named [DQ883670] in transcript <-> gene map; returning transcript as it's own gene
[2021-05-21 18:17:39.413] [jointLog] [warning] couldn't find transcript named [EF011062] in transcript <-> gene map; returning transcript as it's own gene
[2021-05-21 18:17:39.413] [jointLog] [warning] couldn't find transcript named [DQ875385] in transcript <-> gene map; returning transcript as it's own gene
[2021-05-21 18:17:39.413] [jointLog] [warning] couldn't find transcript named [DQ883664] in transcript <-> gene map; returning transcript as it's own gene
[2021-05-21 18:17:39.413] [jointLog] [warning] couldn't find transcript named [DQ459420] in transcript <-> gene map; returning transcript as it's own gene
[2021-05-21 18:17:39.413] [jointLog] [warning] couldn't find transcript named [DQ883651] in transcript <-> gene map; returning transcript as it's own gene
[2021-05-21 18:17:39.413] [jointLog] [warning] couldn't find transcript named [DQ855004] in transcript <-> gene map; returning transcript as it's own gene
[2021-05-21 18:17:39.413] [jointLog] [warning] couldn't find transcript named [DQ854993] in transcript <-> gene map; returning transcript as it's own gene
[2021-05-21 18:17:39.413] [jointLog] [warning] couldn't find transcript named [DQ883689] in transcript <-> gene map; returning transcript as it's own gene
[2021-05-21 18:17:39.413] [jointLog] [warning] couldn't find transcript named [DQ459419] in transcript <-> gene map; returning transcript as it's own gene
[2021-05-21 18:17:39.413] [jointLog] [warning] couldn't find transcript named [DQ459431] in transcript <-> gene map; returning transcript as it's own gene
[2021-05-21 18:17:39.413] [jointLog] [warning] couldn't find transcript named [DQ516796] in transcript <-> gene map; returning transcript as it's own gene
[2021-05-21 18:17:39.413] [jointLog] [warning] couldn't find transcript named [DQ855001] in transcript <-> gene map; returning transcript as it's own gene
[2021-05-21 18:17:39.413] [jointLog] [warning] couldn't find transcript named [DQ459413] in transcript <-> gene map; returning transcript as it's own gene
[2021-05-21 18:17:39.413] [jointLog] [warning] couldn't find transcript named [DQ883656] in transcript <-> gene map; returning transcript as it's own gene
[2021-05-21 18:17:39.413] [jointLog] [warning] couldn't find transcript named [DQ883661] in transcript <-> gene map; returning transcript as it's own gene
[2021-05-21 18:17:39.413] [jointLog] [warning] couldn't find transcript named [EF011069] in transcript <-> gene map; returning transcript as it's own gene
[2021-05-21 18:17:39.413] [jointLog] [warning] couldn't find transcript named [DQ516783] in transcript <-> gene map; returning transcript as it's own gene
[2021-05-21 18:17:39.413] [jointLog] [warning] couldn't find transcript named [DQ516787] in transcript <-> gene map; returning transcript as it's own gene
[2021-05-21 18:17:39.413] [jointLog] [warning] couldn't find transcript named [DQ459424] in transcript <-> gene map; returning transcript as it's own gene
[2021-05-21 18:17:39.413] [jointLog] [warning] couldn't find transcript named [DQ516748] in transcript <-> gene map; returning transcript as it's own gene
[2021-05-21 18:17:39.413] [jointLog] [warning] couldn't find transcript named [DQ883671] in transcript <-> gene map; returning transcript as it's own gene
[2021-05-21 18:17:39.413] [jointLog] [warning] couldn't find transcript named [DQ516740] in transcript <-> gene map; returning transcript as it's own gene
[2021-05-21 18:17:39.413] [jointLog] [warning] couldn't find transcript named [DQ516785] in transcript <-> gene map; returning transcript as it's own gene
[2021-05-21 18:17:39.413] [jointLog] [warning] couldn't find transcript named [DQ516731] in transcript <-> gene map; returning transcript as it's own gene
[2021-05-21 18:17:39.413] [jointLog] [warning] couldn't find transcript named [DQ668366] in transcript <-> gene map; returning transcript as it's own gene
[2021-05-21 18:17:39.413] [jointLog] [warning] couldn't find transcript named [DQ459418] in transcript <-> gene map; returning transcript as it's own gene
[2021-05-21 18:17:39.413] [jointLog] [warning] couldn't find transcript named [DQ668356] in transcript <-> gene map; returning transcript as it's own gene
[2021-05-21 18:17:39.413] [jointLog] [warning] couldn't find transcript named [DQ516763] in transcript <-> gene map; returning transcript as it's own gene
[2021-05-21 18:17:39.413] [jointLog] [warning] couldn't find transcript named [DQ459426] in transcript <-> gene map; returning transcript as it's own gene
[2021-05-21 18:17:39.413] [jointLog] [warning] couldn't find transcript named [DQ516786] in transcript <-> gene map; returning transcript as it's own gene
[2021-05-21 18:17:39.413] [jointLog] [warning] couldn't find transcript named [DQ883653] in transcript <-> gene map; returning transcript as it's own gene
[2021-05-21 18:17:39.413] [jointLog] [warning] couldn't find transcript named [DQ459421] in transcript <-> gene map; returning transcript as it's own gene
[2021-05-21 18:17:39.413] [jointLog] [warning] couldn't find transcript named [DQ883654] in transcript <-> gene map; returning transcript as it's own gene
[2021-05-21 18:17:39.413] [jointLog] [warning] couldn't find transcript named [DQ668358] in transcript <-> gene map; returning transcript as it's own gene
[2021-05-21 18:17:39.413] [jointLog] [warning] couldn't find transcript named [DQ516754] in transcript <-> gene map; returning transcript as it's own gene
[2021-05-21 18:17:39.413] [jointLog] [warning] couldn't find transcript named [DQ516778] in transcript <-> gene map; returning transcript as it's own gene
[2021-05-21 18:17:39.413] [jointLog] [warning] couldn't find transcript named [DQ883650] in transcript <-> gene map; returning transcript as it's own gene
[2021-05-21 18:17:39.413] [jointLog] [warning] couldn't find transcript named [DQ516742] in transcript <-> gene map; returning transcript as it's own gene
[2021-05-21 18:17:39.413] [jointLog] [warning] couldn't find transcript named [DQ883673] in transcript <-> gene map; returning transcript as it's own gene
[2021-05-21 18:17:39.413] [jointLog] [warning] couldn't find transcript named [DQ883652] in transcript <-> gene map; returning transcript as it's own gene
[2021-05-21 18:17:39.413] [jointLog] [warning] couldn't find transcript named [DQ854991] in transcript <-> gene map; returning transcript as it's own gene
[2021-05-21 18:17:39.413] [jointLog] [warning] couldn't find transcript named [DQ516780] in transcript <-> gene map; returning transcript as it's own gene
[2021-05-21 18:17:39.413] [jointLog] [warning] couldn't find transcript named [DQ883682] in transcript <-> gene map; returning transcript as it's own gene
[2021-05-21 18:17:39.413] [jointLog] [warning] couldn't find transcript named [DQ883669] in transcript <-> gene map; returning transcript as it's own gene
[2021-05-21 18:17:39.413] [jointLog] [warning] couldn't find transcript named [DQ516791] in transcript <-> gene map; returning transcript as it's own gene
[2021-05-21 18:17:39.413] [jointLog] [warning] couldn't find transcript named [DQ459425] in transcript <-> gene map; returning transcript as it's own gene
[2021-05-21 18:17:39.413] [jointLog] [warning] couldn't find transcript named [DQ516759] in transcript <-> gene map; returning transcript as it's own gene
[2021-05-21 18:17:39.413] [jointLog] [warning] couldn't find transcript named [DQ459429] in transcript <-> gene map; returning transcript as it's own gene
[2021-05-21 18:17:39.413] [jointLog] [warning] couldn't find transcript named [DQ516758] in transcript <-> gene map; returning transcript as it's own gene
[2021-05-21 18:17:39.413] [jointLog] [warning] couldn't find transcript named [DQ459415] in transcript <-> gene map; returning transcript as it's own gene
[2021-05-21 18:17:39.413] [jointLog] [warning] couldn't find transcript named [DQ875387] in transcript <-> gene map; returning transcript as it's own gene
[2021-05-21 18:17:39.413] [jointLog] [warning] couldn't find transcript named [DQ516815] in transcript <-> gene map; returning transcript as it's own gene
[2021-05-21 18:17:39.413] [jointLog] [warning] couldn't find transcript named [DQ668365] in transcript <-> gene map; returning transcript as it's own gene
[2021-05-21 18:17:39.413] [jointLog] [warning] couldn't find transcript named [DQ854998] in transcript <-> gene map; returning transcript as it's own gene
[2021-05-21 18:17:39.413] [jointLog] [warning] couldn't find transcript named [DQ883685] in transcript <-> gene map; returning transcript as it's own gene
[2021-05-21 18:17:39.413] [jointLog] [warning] couldn't find transcript named [DQ459422] in transcript <-> gene map; returning transcript as it's own gene
[2021-05-21 18:17:39.413] [jointLog] [warning] couldn't find transcript named [DQ883663] in transcript <-> gene map; returning transcript as it's own gene
[2021-05-21 18:17:39.413] [jointLog] [warning] couldn't find transcript named [DQ668367] in transcript <-> gene map; returning transcript as it's own gene
[2021-05-21 18:17:39.413] [jointLog] [warning] couldn't find transcript named [DQ459412] in transcript <-> gene map; returning transcript as it's own gene
[2021-05-21 18:17:39.413] [jointLog] [warning] couldn't find transcript named [DQ854992] in transcript <-> gene map; returning transcript as it's own gene
[2021-05-21 18:17:39.413] [jointLog] [warning] couldn't find transcript named [DQ516782] in transcript <-> gene map; returning transcript as it's own gene
[2021-05-21 18:17:39.413] [jointLog] [warning] couldn't find transcript named [DQ459427] in transcript <-> gene map; returning transcript as it's own gene
[2021-05-21 18:17:39.413] [jointLog] [warning] couldn't find transcript named [EF011072] in transcript <-> gene map; returning transcript as it's own gene
[2021-05-21 18:17:39.413] [jointLog] [warning] couldn't find transcript named [DQ855003] in transcript <-> gene map; returning transcript as it's own gene
[2021-05-21 18:17:39.413] [jointLog] [warning] couldn't find transcript named [DQ516739] in transcript <-> gene map; returning transcript as it's own gene
[2021-05-21 18:17:39.413] [jointLog] [warning] couldn't find transcript named [EF011063] in transcript <-> gene map; returning transcript as it's own gene
[2021-05-21 18:17:39.413] [jointLog] [warning] couldn't find transcript named [DQ855000] in transcript <-> gene map; returning transcript as it's own gene
[2021-05-21 18:17:39.413] [jointLog] [warning] couldn't find transcript named [DQ516777] in transcript <-> gene map; returning transcript as it's own gene
[2021-05-21 18:17:39.413] [jointLog] [warning] couldn't find transcript named [DQ883646] in transcript <-> gene map; returning transcript as it's own gene
[2021-05-21 18:17:39.413] [jointLog] [warning] couldn't find transcript named [DQ668362] in transcript <-> gene map; returning transcript as it's own gene
[2021-05-21 18:17:39.413] [jointLog] [warning] couldn't find transcript named [DQ854995] in transcript <-> gene map; returning transcript as it's own gene
[2021-05-21 18:17:39.413] [jointLog] [warning] couldn't find transcript named [DQ875386] in transcript <-> gene map; returning transcript as it's own gene
[2021-05-21 18:17:39.413] [jointLog] [warning] couldn't find transcript named [DQ516790] in transcript <-> gene map; returning transcript as it's own gene
[2021-05-21 18:17:39.413] [jointLog] [warning] couldn't find transcript named [DQ883642] in transcript <-> gene map; returning transcript as it's own gene
[2021-05-21 18:17:39.413] [jointLog] [warning] couldn't find transcript named [DQ883659] in transcript <-> gene map; returning transcript as it's own gene
[2021-05-21 18:17:39.413] [jointLog] [warning] couldn't find transcript named [DQ854997] in transcript <-> gene map; returning transcript as it's own gene
[2021-05-21 18:17:39.413] [jointLog] [warning] couldn't find transcript named [DQ883643] in transcript <-> gene map; returning transcript as it's own gene
[2021-05-21 18:17:39.413] [jointLog] [warning] couldn't find transcript named [DQ839618] in transcript <-> gene map; returning transcript as it's own gene
[2021-05-21 18:17:39.413] [jointLog] [warning] couldn't find transcript named [DQ516795] in transcript <-> gene map; returning transcript as it's own gene
[2021-05-21 18:17:39.413] [jointLog] [warning] couldn't find transcript named [DQ883658] in transcript <-> gene map; returning transcript as it's own gene
[2021-05-21 18:17:39.413] [jointLog] [warning] couldn't find transcript named [DQ516750] in transcript <-> gene map; returning transcript as it's own gene
[2021-05-21 18:17:39.413] [jointLog] [warning] couldn't find transcript named [DQ668359] in transcript <-> gene map; returning transcript as it's own gene
[2021-05-21 18:17:39.413] [jointLog] [warning] couldn't find transcript named [DQ516779] in transcript <-> gene map; returning transcript as it's own gene
[2021-05-21 18:17:39.413] [jointLog] [warning] couldn't find transcript named [DQ668363] in transcript <-> gene map; returning transcript as it's own gene
[2021-05-21 18:17:39.413] [jointLog] [warning] couldn't find transcript named [DQ516776] in transcript <-> gene map; returning transcript as it's own gene
[2021-05-21 18:17:39.413] [jointLog] [warning] couldn't find transcript named [DQ516773] in transcript <-> gene map; returning transcript as it's own gene
[2021-05-21 18:17:39.413] [jointLog] [warning] couldn't find transcript named [DQ854994] in transcript <-> gene map; returning transcript as it's own gene
[2021-05-21 18:17:39.413] [jointLog] [info] Aggregating expressions to gene level
[2021-05-21 18:17:39.557] [jointLog] [info] done
