[2021-04-27 20:41:08.394] [jointLog] [info] setting maxHashResizeThreads to 6
[2021-04-27 20:41:08.394] [jointLog] [info] Fragment incompatibility prior below threshold.  Incompatible fragments will be ignored.
[2021-04-27 20:41:08.395] [jointLog] [info] numQuantThreads = 3
[2021-04-27 20:41:12.859] [fileLog] [info] quantification processed 0 fragments so far

[2021-04-27 20:41:12.621] [jointLog] [info] replaced 4 non-ACGT nucleotides with random nucleotides
[2021-04-27 20:41:16.375] [fileLog] [info] quantification processed 1000000 fragments so far

[2021-04-27 20:41:19.479] [fileLog] [info] quantification processed 2000000 fragments so far

[2021-04-27 20:41:21.289] [jointLog] [info] 

The alignment group queue pool has been exhausted.  3699643 extra fragments were allocated on the heap to saturate the pool.  No new fragments will be allocated


[2021-04-27 20:41:26.618] [fileLog] [info] quantification processed 3000000 fragments so far

[2021-04-27 20:41:40.386] [fileLog] [info] quantification processed 4000000 fragments so far

[2021-04-27 20:41:53.792] [fileLog] [info] quantification processed 5000000 fragments so far

[2021-04-27 20:42:07.115] [fileLog] [info] quantification processed 6000000 fragments so far

[2021-04-27 20:42:20.440] [fileLog] [info] quantification processed 7000000 fragments so far

[2021-04-27 20:42:23.787] [fileLog] [info] quantification processed 8000000 fragments so far

[2021-04-27 20:42:27.115] [fileLog] [info] quantification processed 9000000 fragments so far

[2021-04-27 20:42:30.334] [fileLog] [info] quantification processed 10000000 fragments so far

[2021-04-27 20:42:33.515] [fileLog] [info] quantification processed 11000000 fragments so far

[2021-04-27 20:42:36.403] [fileLog] [info] quantification processed 12000000 fragments so far

[2021-04-27 20:42:39.432] [fileLog] [info] quantification processed 13000000 fragments so far

[2021-04-27 20:42:42.426] [fileLog] [info] quantification processed 14000000 fragments so far

[2021-04-27 20:42:45.573] [fileLog] [info] quantification processed 15000000 fragments so far

[2021-04-27 20:42:48.716] [fileLog] [info] quantification processed 16000000 fragments so far

[2021-04-27 20:42:51.748] [fileLog] [info] quantification processed 17000000 fragments so far

[2021-04-27 20:42:54.755] [fileLog] [info] quantification processed 18000000 fragments so far

[2021-04-27 20:42:57.962] [fileLog] [info] quantification processed 19000000 fragments so far

[2021-04-27 20:43:00.954] [fileLog] [info] quantification processed 20000000 fragments so far

[2021-04-27 20:43:04.008] [fileLog] [info] quantification processed 21000000 fragments so far

[2021-04-27 20:43:07.168] [fileLog] [info] quantification processed 22000000 fragments so far

[2021-04-27 20:43:10.293] [fileLog] [info] quantification processed 23000000 fragments so far

[2021-04-27 20:43:13.280] [fileLog] [info] quantification processed 24000000 fragments so far

[2021-04-27 20:43:16.315] [fileLog] [info] quantification processed 25000000 fragments so far

[2021-04-27 20:43:19.286] [fileLog] [info] quantification processed 26000000 fragments so far

[2021-04-27 20:43:22.285] [fileLog] [info] quantification processed 27000000 fragments so far

[2021-04-27 20:43:25.286] [fileLog] [info] quantification processed 28000000 fragments so far

[2021-04-27 20:43:28.228] [fileLog] [info] quantification processed 29000000 fragments so far

[2021-04-27 20:43:31.265] [fileLog] [info] quantification processed 30000000 fragments so far

[2021-04-27 20:43:34.403] [fileLog] [info] quantification processed 31000000 fragments so far

[2021-04-27 20:43:37.533] [fileLog] [info] quantification processed 32000000 fragments so far

[2021-04-27 20:43:40.692] [fileLog] [info] quantification processed 33000000 fragments so far

[2021-04-27 20:43:43.790] [fileLog] [info] quantification processed 34000000 fragments so far

[2021-04-27 20:43:46.756] [fileLog] [info] quantification processed 35000000 fragments so far

[2021-04-27 20:43:49.817] [fileLog] [info] quantification processed 36000000 fragments so far

[2021-04-27 20:43:52.972] [fileLog] [info] quantification processed 37000000 fragments so far

[2021-04-27 20:43:55.945] [fileLog] [info] quantification processed 38000000 fragments so far

[2021-04-27 20:43:58.997] [fileLog] [info] quantification processed 39000000 fragments so far

[2021-04-27 20:43:59.515] [fileLog] [info] quantification processed 39160657 fragments so far

[2021-04-27 20:44:05.627] [jointLog] [info] Thread saw mini-batch with a maximum of 17.00% zero probability fragments
[2021-04-27 20:44:05.628] [jointLog] [info] Thread saw mini-batch with a maximum of 18.30% zero probability fragments
[2021-04-27 20:44:05.630] [jointLog] [info] Thread saw mini-batch with a maximum of 20.40% zero probability fragments
[2021-04-27 20:44:05.631] [jointLog] [info] 


Completed first pass through the alignment file.
Total # of mapped reads : 39160657
# of uniquely mapped reads : 12871457
# ambiguously mapped reads : 26289200



[2021-04-27 20:44:05.759] [jointLog] [info] Computed 222080 rich equivalence classes for further processing
[2021-04-27 20:44:05.759] [jointLog] [info] Counted 38955944 total reads in the equivalence classes 
[2021-04-27 20:44:05.761] [jointLog] [info] starting optimizer
[2021-04-27 20:44:05.862] [jointLog] [info] Marked 0 weighted equivalence classes as degenerate
[2021-04-27 20:44:05.883] [jointLog] [info] iteration = 0 | max rel diff. = 5805.9
[2021-04-27 20:44:07.420] [jointLog] [info] iteration = 100 | max rel diff. = 16.1856
[2021-04-27 20:44:08.907] [jointLog] [info] iteration = 200 | max rel diff. = 4.35222
[2021-04-27 20:44:10.399] [jointLog] [info] iteration = 300 | max rel diff. = 2.86102
[2021-04-27 20:44:11.899] [jointLog] [info] iteration = 400 | max rel diff. = 6.94309
[2021-04-27 20:44:13.422] [jointLog] [info] iteration = 500 | max rel diff. = 0.772241
[2021-04-27 20:44:14.979] [jointLog] [info] iteration = 600 | max rel diff. = 4.03706
[2021-04-27 20:44:16.541] [jointLog] [info] iteration = 700 | max rel diff. = 0.230312
[2021-04-27 20:44:18.059] [jointLog] [info] iteration = 800 | max rel diff. = 0.860604
[2021-04-27 20:44:19.558] [jointLog] [info] iteration = 900 | max rel diff. = 5.56662
[2021-04-27 20:44:21.071] [jointLog] [info] iteration = 1000 | max rel diff. = 0.215933
[2021-04-27 20:44:22.582] [jointLog] [info] iteration = 1100 | max rel diff. = 0.0732831
[2021-04-27 20:44:24.089] [jointLog] [info] iteration = 1200 | max rel diff. = 1.24621
[2021-04-27 20:44:25.610] [jointLog] [info] iteration = 1300 | max rel diff. = 0.0377083
[2021-04-27 20:44:27.117] [jointLog] [info] iteration = 1400 | max rel diff. = 0.111598
[2021-04-27 20:44:28.633] [jointLog] [info] iteration = 1500 | max rel diff. = 0.192904
[2021-04-27 20:44:30.150] [jointLog] [info] iteration = 1600 | max rel diff. = 0.704883
[2021-04-27 20:44:31.675] [jointLog] [info] iteration = 1700 | max rel diff. = 0.0448323
[2021-04-27 20:44:33.151] [jointLog] [info] iteration = 1800 | max rel diff. = 0.0566765
[2021-04-27 20:44:34.627] [jointLog] [info] iteration = 1900 | max rel diff. = 0.0716652
[2021-04-27 20:44:36.160] [jointLog] [info] iteration = 2000 | max rel diff. = 1.01645
[2021-04-27 20:44:37.668] [jointLog] [info] iteration = 2100 | max rel diff. = 0.0519377
[2021-04-27 20:44:39.171] [jointLog] [info] iteration = 2200 | max rel diff. = 0.0142174
[2021-04-27 20:44:40.360] [jointLog] [info] iteration = 2281 | max rel diff. = 0.00602903
[2021-04-27 20:44:40.391] [jointLog] [info] finished optimizer
[2021-04-27 20:44:40.391] [jointLog] [info] writing output
[2021-04-27 20:44:42.153] [jointLog] [info] Computing gene-level abundance estimates
[2021-04-27 20:45:07.631] [jointLog] [warning] Feature has no GFF ID
[2021-04-27 20:45:07.631] [jointLog] [warning] Feature has no GFF ID
[2021-04-27 20:45:07.631] [jointLog] [warning] Feature has no GFF ID
[2021-04-27 20:45:07.631] [jointLog] [warning] Feature has no GFF ID
[2021-04-27 20:45:07.631] [jointLog] [warning] Feature has no GFF ID
[2021-04-27 20:45:07.631] [jointLog] [warning] Feature has no GFF ID
[2021-04-27 20:45:07.631] [jointLog] [warning] Feature has no GFF ID
[2021-04-27 20:45:07.631] [jointLog] [warning] Feature has no GFF ID
[2021-04-27 20:45:07.631] [jointLog] [warning] Feature has no GFF ID
[2021-04-27 20:45:07.631] [jointLog] [warning] Feature has no GFF ID
[2021-04-27 20:45:07.631] [jointLog] [warning] Feature has no GFF ID
[2021-04-27 20:45:07.631] [jointLog] [warning] Feature has no GFF ID
[2021-04-27 20:45:07.631] [jointLog] [warning] Feature has no GFF ID
[2021-04-27 20:45:07.631] [jointLog] [warning] Feature has no GFF ID
[2021-04-27 20:45:07.631] [jointLog] [warning] Feature has no GFF ID
[2021-04-27 20:45:07.631] [jointLog] [warning] Feature has no GFF ID
[2021-04-27 20:45:07.631] [jointLog] [warning] Feature has no GFF ID
[2021-04-27 20:45:07.631] [jointLog] [warning] Feature has no GFF ID
[2021-04-27 20:45:07.631] [jointLog] [warning] Feature has no GFF ID
[2021-04-27 20:45:07.631] [jointLog] [warning] Feature has no GFF ID
[2021-04-27 20:45:07.631] [jointLog] [warning] Feature has no GFF ID
[2021-04-27 20:45:07.631] [jointLog] [warning] Feature has no GFF ID
[2021-04-27 20:45:07.631] [jointLog] [warning] Feature has no GFF ID
[2021-04-27 20:45:07.631] [jointLog] [warning] Feature has no GFF ID
[2021-04-27 20:45:07.631] [jointLog] [warning] Feature has no GFF ID
[2021-04-27 20:45:07.631] [jointLog] [warning] Feature has no GFF ID
[2021-04-27 20:45:07.631] [jointLog] [warning] Feature has no GFF ID
[2021-04-27 20:45:07.631] [jointLog] [warning] Feature has no GFF ID
[2021-04-27 20:45:07.631] [jointLog] [warning] Feature has no GFF ID
[2021-04-27 20:45:07.631] [jointLog] [warning] Feature has no GFF ID
[2021-04-27 20:45:07.631] [jointLog] [warning] Feature has no GFF ID
[2021-04-27 20:45:07.631] [jointLog] [warning] Feature has no GFF ID
[2021-04-27 20:45:07.631] [jointLog] [warning] Feature has no GFF ID
[2021-04-27 20:45:07.631] [jointLog] [warning] Feature has no GFF ID
[2021-04-27 20:45:07.631] [jointLog] [warning] Feature has no GFF ID
[2021-04-27 20:45:07.631] [jointLog] [warning] Feature has no GFF ID
[2021-04-27 20:45:07.631] [jointLog] [warning] Feature has no GFF ID
[2021-04-27 20:45:07.631] [jointLog] [warning] Feature has no GFF ID
[2021-04-27 20:45:07.631] [jointLog] [warning] Feature has no GFF ID
[2021-04-27 20:45:07.631] [jointLog] [warning] Feature has no GFF ID
[2021-04-27 20:45:07.631] [jointLog] [warning] Feature has no GFF ID
[2021-04-27 20:45:07.631] [jointLog] [warning] Feature has no GFF ID
[2021-04-27 20:45:07.631] [jointLog] [warning] Feature has no GFF ID
[2021-04-27 20:45:07.631] [jointLog] [warning] Feature has no GFF ID
[2021-04-27 20:45:07.631] [jointLog] [warning] Feature has no GFF ID
[2021-04-27 20:45:07.631] [jointLog] [warning] Feature has no GFF ID
[2021-04-27 20:45:07.631] [jointLog] [warning] Feature has no GFF ID
[2021-04-27 20:45:07.631] [jointLog] [warning] Feature has no GFF ID
[2021-04-27 20:45:07.631] [jointLog] [warning] Feature has no GFF ID
[2021-04-27 20:45:07.631] [jointLog] [warning] Feature has no GFF ID
[2021-04-27 20:45:07.631] [jointLog] [warning] Feature has no GFF ID
[2021-04-27 20:45:07.631] [jointLog] [warning] Feature has no GFF ID
[2021-04-27 20:45:07.631] [jointLog] [warning] Feature has no GFF ID
[2021-04-27 20:45:07.631] [jointLog] [warning] Feature has no GFF ID
[2021-04-27 20:45:07.631] [jointLog] [warning] Feature has no GFF ID
[2021-04-27 20:45:07.631] [jointLog] [warning] Feature has no GFF ID
[2021-04-27 20:45:07.631] [jointLog] [warning] Feature has no GFF ID
[2021-04-27 20:45:07.631] [jointLog] [warning] Feature has no GFF ID
[2021-04-27 20:45:07.631] [jointLog] [warning] Feature has no GFF ID
[2021-04-27 20:45:07.631] [jointLog] [warning] Feature has no GFF ID
[2021-04-27 20:45:07.631] [jointLog] [warning] Feature has no GFF ID
[2021-04-27 20:45:07.631] [jointLog] [warning] Feature has no GFF ID
[2021-04-27 20:45:07.631] [jointLog] [warning] Feature has no GFF ID
[2021-04-27 20:45:07.631] [jointLog] [warning] Feature has no GFF ID
[2021-04-27 20:45:07.631] [jointLog] [warning] Feature has no GFF ID
[2021-04-27 20:45:07.631] [jointLog] [warning] Feature has no GFF ID
[2021-04-27 20:45:07.631] [jointLog] [warning] Feature has no GFF ID
[2021-04-27 20:45:07.631] [jointLog] [warning] Feature has no GFF ID
[2021-04-27 20:45:07.631] [jointLog] [warning] Feature has no GFF ID
[2021-04-27 20:45:07.631] [jointLog] [warning] Feature has no GFF ID
[2021-04-27 20:45:07.631] [jointLog] [warning] Feature has no GFF ID
[2021-04-27 20:45:07.631] [jointLog] [warning] Feature has no GFF ID
[2021-04-27 20:45:07.631] [jointLog] [warning] Feature has no GFF ID
[2021-04-27 20:45:07.631] [jointLog] [warning] Feature has no GFF ID
[2021-04-27 20:45:07.631] [jointLog] [warning] Feature has no GFF ID
[2021-04-27 20:45:07.631] [jointLog] [warning] Feature has no GFF ID
[2021-04-27 20:45:07.631] [jointLog] [warning] Feature has no GFF ID
[2021-04-27 20:45:07.631] [jointLog] [warning] Feature has no GFF ID
[2021-04-27 20:45:07.631] [jointLog] [warning] Feature has no GFF ID
[2021-04-27 20:45:07.631] [jointLog] [warning] Feature has no GFF ID
[2021-04-27 20:45:07.631] [jointLog] [warning] Feature has no GFF ID
[2021-04-27 20:45:07.631] [jointLog] [warning] Feature has no GFF ID
[2021-04-27 20:45:07.631] [jointLog] [warning] Feature has no GFF ID
[2021-04-27 20:45:07.631] [jointLog] [warning] Feature has no GFF ID
[2021-04-27 20:45:07.631] [jointLog] [warning] Feature has no GFF ID
[2021-04-27 20:45:07.631] [jointLog] [warning] Feature has no GFF ID
[2021-04-27 20:45:07.631] [jointLog] [warning] Feature has no GFF ID
[2021-04-27 20:45:07.631] [jointLog] [warning] Feature has no GFF ID
[2021-04-27 20:45:07.631] [jointLog] [warning] Feature has no GFF ID
[2021-04-27 20:45:07.631] [jointLog] [warning] Feature has no GFF ID
[2021-04-27 20:45:07.631] [jointLog] [warning] Feature has no GFF ID
[2021-04-27 20:45:07.631] [jointLog] [warning] Feature has no GFF ID
[2021-04-27 20:45:07.904] [jointLog] [info] There were 142604 transcripts mapping to 55401 genes
[2021-04-27 20:45:07.904] [jointLog] [info] NOTE: We recommend using tximport (https://bioconductor.org/packages/release/bioc/html/tximport.html) for aggregating transcript-level salmon abundance estimates to the gene level.  It is more versatile, exposes more features, and allows considering multi-sample information during aggregation.
[2021-04-27 20:45:08.137] [jointLog] [warning] couldn't find transcript named [DQ459430] in transcript <-> gene map; returning transcript as it's own gene
[2021-04-27 20:45:08.137] [jointLog] [warning] couldn't find transcript named [DQ516784] in transcript <-> gene map; returning transcript as it's own gene
[2021-04-27 20:45:08.137] [jointLog] [warning] couldn't find transcript named [DQ516752] in transcript <-> gene map; returning transcript as it's own gene
[2021-04-27 20:45:08.137] [jointLog] [warning] couldn't find transcript named [DQ668364] in transcript <-> gene map; returning transcript as it's own gene
[2021-04-27 20:45:08.137] [jointLog] [warning] couldn't find transcript named [DQ883670] in transcript <-> gene map; returning transcript as it's own gene
[2021-04-27 20:45:08.137] [jointLog] [warning] couldn't find transcript named [EF011062] in transcript <-> gene map; returning transcript as it's own gene
[2021-04-27 20:45:08.137] [jointLog] [warning] couldn't find transcript named [DQ875385] in transcript <-> gene map; returning transcript as it's own gene
[2021-04-27 20:45:08.137] [jointLog] [warning] couldn't find transcript named [DQ883664] in transcript <-> gene map; returning transcript as it's own gene
[2021-04-27 20:45:08.137] [jointLog] [warning] couldn't find transcript named [DQ459420] in transcript <-> gene map; returning transcript as it's own gene
[2021-04-27 20:45:08.137] [jointLog] [warning] couldn't find transcript named [DQ883651] in transcript <-> gene map; returning transcript as it's own gene
[2021-04-27 20:45:08.137] [jointLog] [warning] couldn't find transcript named [DQ855004] in transcript <-> gene map; returning transcript as it's own gene
[2021-04-27 20:45:08.137] [jointLog] [warning] couldn't find transcript named [DQ854993] in transcript <-> gene map; returning transcript as it's own gene
[2021-04-27 20:45:08.137] [jointLog] [warning] couldn't find transcript named [DQ883689] in transcript <-> gene map; returning transcript as it's own gene
[2021-04-27 20:45:08.137] [jointLog] [warning] couldn't find transcript named [DQ459419] in transcript <-> gene map; returning transcript as it's own gene
[2021-04-27 20:45:08.137] [jointLog] [warning] couldn't find transcript named [DQ459431] in transcript <-> gene map; returning transcript as it's own gene
[2021-04-27 20:45:08.137] [jointLog] [warning] couldn't find transcript named [DQ516796] in transcript <-> gene map; returning transcript as it's own gene
[2021-04-27 20:45:08.137] [jointLog] [warning] couldn't find transcript named [DQ855001] in transcript <-> gene map; returning transcript as it's own gene
[2021-04-27 20:45:08.137] [jointLog] [warning] couldn't find transcript named [DQ459413] in transcript <-> gene map; returning transcript as it's own gene
[2021-04-27 20:45:08.137] [jointLog] [warning] couldn't find transcript named [DQ883656] in transcript <-> gene map; returning transcript as it's own gene
[2021-04-27 20:45:08.137] [jointLog] [warning] couldn't find transcript named [DQ883661] in transcript <-> gene map; returning transcript as it's own gene
[2021-04-27 20:45:08.137] [jointLog] [warning] couldn't find transcript named [EF011069] in transcript <-> gene map; returning transcript as it's own gene
[2021-04-27 20:45:08.137] [jointLog] [warning] couldn't find transcript named [DQ516783] in transcript <-> gene map; returning transcript as it's own gene
[2021-04-27 20:45:08.137] [jointLog] [warning] couldn't find transcript named [DQ516787] in transcript <-> gene map; returning transcript as it's own gene
[2021-04-27 20:45:08.137] [jointLog] [warning] couldn't find transcript named [DQ459424] in transcript <-> gene map; returning transcript as it's own gene
[2021-04-27 20:45:08.137] [jointLog] [warning] couldn't find transcript named [DQ516748] in transcript <-> gene map; returning transcript as it's own gene
[2021-04-27 20:45:08.137] [jointLog] [warning] couldn't find transcript named [DQ883671] in transcript <-> gene map; returning transcript as it's own gene
[2021-04-27 20:45:08.137] [jointLog] [warning] couldn't find transcript named [DQ516740] in transcript <-> gene map; returning transcript as it's own gene
[2021-04-27 20:45:08.137] [jointLog] [warning] couldn't find transcript named [DQ516785] in transcript <-> gene map; returning transcript as it's own gene
[2021-04-27 20:45:08.137] [jointLog] [warning] couldn't find transcript named [DQ516731] in transcript <-> gene map; returning transcript as it's own gene
[2021-04-27 20:45:08.137] [jointLog] [warning] couldn't find transcript named [DQ668366] in transcript <-> gene map; returning transcript as it's own gene
[2021-04-27 20:45:08.137] [jointLog] [warning] couldn't find transcript named [DQ459418] in transcript <-> gene map; returning transcript as it's own gene
[2021-04-27 20:45:08.137] [jointLog] [warning] couldn't find transcript named [DQ668356] in transcript <-> gene map; returning transcript as it's own gene
[2021-04-27 20:45:08.137] [jointLog] [warning] couldn't find transcript named [DQ516763] in transcript <-> gene map; returning transcript as it's own gene
[2021-04-27 20:45:08.137] [jointLog] [warning] couldn't find transcript named [DQ459426] in transcript <-> gene map; returning transcript as it's own gene
[2021-04-27 20:45:08.137] [jointLog] [warning] couldn't find transcript named [DQ516786] in transcript <-> gene map; returning transcript as it's own gene
[2021-04-27 20:45:08.137] [jointLog] [warning] couldn't find transcript named [DQ883653] in transcript <-> gene map; returning transcript as it's own gene
[2021-04-27 20:45:08.137] [jointLog] [warning] couldn't find transcript named [DQ459421] in transcript <-> gene map; returning transcript as it's own gene
[2021-04-27 20:45:08.137] [jointLog] [warning] couldn't find transcript named [DQ883654] in transcript <-> gene map; returning transcript as it's own gene
[2021-04-27 20:45:08.137] [jointLog] [warning] couldn't find transcript named [DQ668358] in transcript <-> gene map; returning transcript as it's own gene
[2021-04-27 20:45:08.137] [jointLog] [warning] couldn't find transcript named [DQ516754] in transcript <-> gene map; returning transcript as it's own gene
[2021-04-27 20:45:08.137] [jointLog] [warning] couldn't find transcript named [DQ516778] in transcript <-> gene map; returning transcript as it's own gene
[2021-04-27 20:45:08.137] [jointLog] [warning] couldn't find transcript named [DQ883650] in transcript <-> gene map; returning transcript as it's own gene
[2021-04-27 20:45:08.137] [jointLog] [warning] couldn't find transcript named [DQ516742] in transcript <-> gene map; returning transcript as it's own gene
[2021-04-27 20:45:08.137] [jointLog] [warning] couldn't find transcript named [DQ883673] in transcript <-> gene map; returning transcript as it's own gene
[2021-04-27 20:45:08.137] [jointLog] [warning] couldn't find transcript named [DQ883652] in transcript <-> gene map; returning transcript as it's own gene
[2021-04-27 20:45:08.137] [jointLog] [warning] couldn't find transcript named [DQ854991] in transcript <-> gene map; returning transcript as it's own gene
[2021-04-27 20:45:08.137] [jointLog] [warning] couldn't find transcript named [DQ516780] in transcript <-> gene map; returning transcript as it's own gene
[2021-04-27 20:45:08.137] [jointLog] [warning] couldn't find transcript named [DQ883682] in transcript <-> gene map; returning transcript as it's own gene
[2021-04-27 20:45:08.137] [jointLog] [warning] couldn't find transcript named [DQ883669] in transcript <-> gene map; returning transcript as it's own gene
[2021-04-27 20:45:08.137] [jointLog] [warning] couldn't find transcript named [DQ516791] in transcript <-> gene map; returning transcript as it's own gene
[2021-04-27 20:45:08.137] [jointLog] [warning] couldn't find transcript named [DQ459425] in transcript <-> gene map; returning transcript as it's own gene
[2021-04-27 20:45:08.137] [jointLog] [warning] couldn't find transcript named [DQ516759] in transcript <-> gene map; returning transcript as it's own gene
[2021-04-27 20:45:08.137] [jointLog] [warning] couldn't find transcript named [DQ459429] in transcript <-> gene map; returning transcript as it's own gene
[2021-04-27 20:45:08.137] [jointLog] [warning] couldn't find transcript named [DQ516758] in transcript <-> gene map; returning transcript as it's own gene
[2021-04-27 20:45:08.137] [jointLog] [warning] couldn't find transcript named [DQ459415] in transcript <-> gene map; returning transcript as it's own gene
[2021-04-27 20:45:08.137] [jointLog] [warning] couldn't find transcript named [DQ875387] in transcript <-> gene map; returning transcript as it's own gene
[2021-04-27 20:45:08.137] [jointLog] [warning] couldn't find transcript named [DQ516815] in transcript <-> gene map; returning transcript as it's own gene
[2021-04-27 20:45:08.137] [jointLog] [warning] couldn't find transcript named [DQ668365] in transcript <-> gene map; returning transcript as it's own gene
[2021-04-27 20:45:08.137] [jointLog] [warning] couldn't find transcript named [DQ854998] in transcript <-> gene map; returning transcript as it's own gene
[2021-04-27 20:45:08.137] [jointLog] [warning] couldn't find transcript named [DQ883685] in transcript <-> gene map; returning transcript as it's own gene
[2021-04-27 20:45:08.137] [jointLog] [warning] couldn't find transcript named [DQ459422] in transcript <-> gene map; returning transcript as it's own gene
[2021-04-27 20:45:08.137] [jointLog] [warning] couldn't find transcript named [DQ883663] in transcript <-> gene map; returning transcript as it's own gene
[2021-04-27 20:45:08.137] [jointLog] [warning] couldn't find transcript named [DQ668367] in transcript <-> gene map; returning transcript as it's own gene
[2021-04-27 20:45:08.137] [jointLog] [warning] couldn't find transcript named [DQ459412] in transcript <-> gene map; returning transcript as it's own gene
[2021-04-27 20:45:08.137] [jointLog] [warning] couldn't find transcript named [DQ854992] in transcript <-> gene map; returning transcript as it's own gene
[2021-04-27 20:45:08.137] [jointLog] [warning] couldn't find transcript named [DQ516782] in transcript <-> gene map; returning transcript as it's own gene
[2021-04-27 20:45:08.137] [jointLog] [warning] couldn't find transcript named [DQ459427] in transcript <-> gene map; returning transcript as it's own gene
[2021-04-27 20:45:08.137] [jointLog] [warning] couldn't find transcript named [EF011072] in transcript <-> gene map; returning transcript as it's own gene
[2021-04-27 20:45:08.137] [jointLog] [warning] couldn't find transcript named [DQ855003] in transcript <-> gene map; returning transcript as it's own gene
[2021-04-27 20:45:08.137] [jointLog] [warning] couldn't find transcript named [DQ516739] in transcript <-> gene map; returning transcript as it's own gene
[2021-04-27 20:45:08.137] [jointLog] [warning] couldn't find transcript named [EF011063] in transcript <-> gene map; returning transcript as it's own gene
[2021-04-27 20:45:08.137] [jointLog] [warning] couldn't find transcript named [DQ855000] in transcript <-> gene map; returning transcript as it's own gene
[2021-04-27 20:45:08.137] [jointLog] [warning] couldn't find transcript named [DQ516777] in transcript <-> gene map; returning transcript as it's own gene
[2021-04-27 20:45:08.137] [jointLog] [warning] couldn't find transcript named [DQ883646] in transcript <-> gene map; returning transcript as it's own gene
[2021-04-27 20:45:08.137] [jointLog] [warning] couldn't find transcript named [DQ668362] in transcript <-> gene map; returning transcript as it's own gene
[2021-04-27 20:45:08.137] [jointLog] [warning] couldn't find transcript named [DQ854995] in transcript <-> gene map; returning transcript as it's own gene
[2021-04-27 20:45:08.137] [jointLog] [warning] couldn't find transcript named [DQ875386] in transcript <-> gene map; returning transcript as it's own gene
[2021-04-27 20:45:08.137] [jointLog] [warning] couldn't find transcript named [DQ516790] in transcript <-> gene map; returning transcript as it's own gene
[2021-04-27 20:45:08.137] [jointLog] [warning] couldn't find transcript named [DQ883642] in transcript <-> gene map; returning transcript as it's own gene
[2021-04-27 20:45:08.137] [jointLog] [warning] couldn't find transcript named [DQ883659] in transcript <-> gene map; returning transcript as it's own gene
[2021-04-27 20:45:08.137] [jointLog] [warning] couldn't find transcript named [DQ854997] in transcript <-> gene map; returning transcript as it's own gene
[2021-04-27 20:45:08.137] [jointLog] [warning] couldn't find transcript named [DQ883643] in transcript <-> gene map; returning transcript as it's own gene
[2021-04-27 20:45:08.137] [jointLog] [warning] couldn't find transcript named [DQ839618] in transcript <-> gene map; returning transcript as it's own gene
[2021-04-27 20:45:08.137] [jointLog] [warning] couldn't find transcript named [DQ516795] in transcript <-> gene map; returning transcript as it's own gene
[2021-04-27 20:45:08.137] [jointLog] [warning] couldn't find transcript named [DQ883658] in transcript <-> gene map; returning transcript as it's own gene
[2021-04-27 20:45:08.137] [jointLog] [warning] couldn't find transcript named [DQ516750] in transcript <-> gene map; returning transcript as it's own gene
[2021-04-27 20:45:08.137] [jointLog] [warning] couldn't find transcript named [DQ668359] in transcript <-> gene map; returning transcript as it's own gene
[2021-04-27 20:45:08.137] [jointLog] [warning] couldn't find transcript named [DQ516779] in transcript <-> gene map; returning transcript as it's own gene
[2021-04-27 20:45:08.137] [jointLog] [warning] couldn't find transcript named [DQ668363] in transcript <-> gene map; returning transcript as it's own gene
[2021-04-27 20:45:08.137] [jointLog] [warning] couldn't find transcript named [DQ516776] in transcript <-> gene map; returning transcript as it's own gene
[2021-04-27 20:45:08.137] [jointLog] [warning] couldn't find transcript named [DQ516773] in transcript <-> gene map; returning transcript as it's own gene
[2021-04-27 20:45:08.137] [jointLog] [warning] couldn't find transcript named [DQ854994] in transcript <-> gene map; returning transcript as it's own gene
[2021-04-27 20:45:08.138] [jointLog] [info] Aggregating expressions to gene level
[2021-04-27 20:45:08.290] [jointLog] [info] done
