[2021-04-27 20:15:53.585] [jointLog] [info] setting maxHashResizeThreads to 6
[2021-04-27 20:15:53.585] [jointLog] [info] Fragment incompatibility prior below threshold.  Incompatible fragments will be ignored.
[2021-04-27 20:15:53.586] [jointLog] [info] numQuantThreads = 3
[2021-04-27 20:15:57.269] [jointLog] [info] replaced 4 non-ACGT nucleotides with random nucleotides
[2021-04-27 20:15:57.537] [fileLog] [info] quantification processed 0 fragments so far

[2021-04-27 20:16:00.450] [fileLog] [info] quantification processed 1000000 fragments so far

[2021-04-27 20:16:03.469] [fileLog] [info] quantification processed 2000000 fragments so far

[2021-04-27 20:16:04.978] [jointLog] [info] 

The alignment group queue pool has been exhausted.  3051090 extra fragments were allocated on the heap to saturate the pool.  No new fragments will be allocated


[2021-04-27 20:16:12.215] [fileLog] [info] quantification processed 3000000 fragments so far

[2021-04-27 20:16:26.581] [fileLog] [info] quantification processed 4000000 fragments so far

[2021-04-27 20:16:40.954] [fileLog] [info] quantification processed 5000000 fragments so far

[2021-04-27 20:16:55.225] [fileLog] [info] quantification processed 6000000 fragments so far

[2021-04-27 20:17:09.492] [fileLog] [info] quantification processed 7000000 fragments so far

[2021-04-27 20:17:12.627] [fileLog] [info] quantification processed 8000000 fragments so far

[2021-04-27 20:17:15.652] [fileLog] [info] quantification processed 9000000 fragments so far

[2021-04-27 20:17:18.644] [fileLog] [info] quantification processed 10000000 fragments so far

[2021-04-27 20:17:21.703] [fileLog] [info] quantification processed 11000000 fragments so far

[2021-04-27 20:17:24.772] [fileLog] [info] quantification processed 12000000 fragments so far

[2021-04-27 20:17:27.832] [fileLog] [info] quantification processed 13000000 fragments so far

[2021-04-27 20:17:30.890] [fileLog] [info] quantification processed 14000000 fragments so far

[2021-04-27 20:17:33.907] [fileLog] [info] quantification processed 15000000 fragments so far

[2021-04-27 20:17:36.969] [fileLog] [info] quantification processed 16000000 fragments so far

[2021-04-27 20:17:40.038] [fileLog] [info] quantification processed 17000000 fragments so far

[2021-04-27 20:17:43.072] [fileLog] [info] quantification processed 18000000 fragments so far

[2021-04-27 20:17:46.132] [fileLog] [info] quantification processed 19000000 fragments so far

[2021-04-27 20:17:49.150] [fileLog] [info] quantification processed 20000000 fragments so far

[2021-04-27 20:17:52.175] [fileLog] [info] quantification processed 21000000 fragments so far

[2021-04-27 20:17:55.259] [fileLog] [info] quantification processed 22000000 fragments so far

[2021-04-27 20:17:58.308] [fileLog] [info] quantification processed 23000000 fragments so far

[2021-04-27 20:18:01.360] [fileLog] [info] quantification processed 24000000 fragments so far

[2021-04-27 20:18:04.377] [fileLog] [info] quantification processed 25000000 fragments so far

[2021-04-27 20:18:04.488] [fileLog] [info] quantification processed 25036175 fragments so far

[2021-04-27 20:18:10.359] [jointLog] [info] Thread saw mini-batch with a maximum of 5.30% zero probability fragments
[2021-04-27 20:18:10.363] [jointLog] [info] Thread saw mini-batch with a maximum of 4.40% zero probability fragments
[2021-04-27 20:18:10.366] [jointLog] [info] Thread saw mini-batch with a maximum of 3.80% zero probability fragments
[2021-04-27 20:18:10.366] [jointLog] [info] 


Completed first pass through the alignment file.
Total # of mapped reads : 25036175
# of uniquely mapped reads : 9547952
# ambiguously mapped reads : 15488223



[2021-04-27 20:18:10.504] [jointLog] [info] Computed 215773 rich equivalence classes for further processing
[2021-04-27 20:18:10.504] [jointLog] [info] Counted 24944723 total reads in the equivalence classes 
[2021-04-27 20:18:10.506] [jointLog] [info] starting optimizer
[2021-04-27 20:18:10.603] [jointLog] [info] Marked 0 weighted equivalence classes as degenerate
[2021-04-27 20:18:10.622] [jointLog] [info] iteration = 0 | max rel diff. = 7746.45
[2021-04-27 20:18:12.092] [jointLog] [info] iteration = 100 | max rel diff. = 14.2878
[2021-04-27 20:18:13.547] [jointLog] [info] iteration = 200 | max rel diff. = 10.6083
[2021-04-27 20:18:15.006] [jointLog] [info] iteration = 300 | max rel diff. = 0.510625
[2021-04-27 20:18:16.452] [jointLog] [info] iteration = 400 | max rel diff. = 0.491368
[2021-04-27 20:18:17.900] [jointLog] [info] iteration = 500 | max rel diff. = 0.966061
[2021-04-27 20:18:19.356] [jointLog] [info] iteration = 600 | max rel diff. = 0.843194
[2021-04-27 20:18:20.802] [jointLog] [info] iteration = 700 | max rel diff. = 0.251987
[2021-04-27 20:18:22.247] [jointLog] [info] iteration = 800 | max rel diff. = 0.0484343
[2021-04-27 20:18:23.706] [jointLog] [info] iteration = 900 | max rel diff. = 18.1392
[2021-04-27 20:18:25.161] [jointLog] [info] iteration = 1000 | max rel diff. = 0.104456
[2021-04-27 20:18:26.608] [jointLog] [info] iteration = 1100 | max rel diff. = 1.26033
[2021-04-27 20:18:28.064] [jointLog] [info] iteration = 1200 | max rel diff. = 0.0185192
[2021-04-27 20:18:29.522] [jointLog] [info] iteration = 1300 | max rel diff. = 0.0670979
[2021-04-27 20:18:30.972] [jointLog] [info] iteration = 1400 | max rel diff. = 0.0769283
[2021-04-27 20:18:32.419] [jointLog] [info] iteration = 1500 | max rel diff. = 0.0262426
[2021-04-27 20:18:33.873] [jointLog] [info] iteration = 1600 | max rel diff. = 0.013597
[2021-04-27 20:18:35.327] [jointLog] [info] iteration = 1700 | max rel diff. = 0.137567
[2021-04-27 20:18:36.772] [jointLog] [info] iteration = 1800 | max rel diff. = 0.0236419
[2021-04-27 20:18:37.829] [jointLog] [info] iteration = 1874 | max rel diff. = 0.00229425
[2021-04-27 20:18:37.858] [jointLog] [info] finished optimizer
[2021-04-27 20:18:37.858] [jointLog] [info] writing output
[2021-04-27 20:18:39.549] [jointLog] [info] Computing gene-level abundance estimates
[2021-04-27 20:19:08.409] [jointLog] [warning] Feature has no GFF ID
[2021-04-27 20:19:08.409] [jointLog] [warning] Feature has no GFF ID
[2021-04-27 20:19:08.409] [jointLog] [warning] Feature has no GFF ID
[2021-04-27 20:19:08.409] [jointLog] [warning] Feature has no GFF ID
[2021-04-27 20:19:08.409] [jointLog] [warning] Feature has no GFF ID
[2021-04-27 20:19:08.409] [jointLog] [warning] Feature has no GFF ID
[2021-04-27 20:19:08.409] [jointLog] [warning] Feature has no GFF ID
[2021-04-27 20:19:08.409] [jointLog] [warning] Feature has no GFF ID
[2021-04-27 20:19:08.409] [jointLog] [warning] Feature has no GFF ID
[2021-04-27 20:19:08.409] [jointLog] [warning] Feature has no GFF ID
[2021-04-27 20:19:08.409] [jointLog] [warning] Feature has no GFF ID
[2021-04-27 20:19:08.409] [jointLog] [warning] Feature has no GFF ID
[2021-04-27 20:19:08.409] [jointLog] [warning] Feature has no GFF ID
[2021-04-27 20:19:08.409] [jointLog] [warning] Feature has no GFF ID
[2021-04-27 20:19:08.409] [jointLog] [warning] Feature has no GFF ID
[2021-04-27 20:19:08.409] [jointLog] [warning] Feature has no GFF ID
[2021-04-27 20:19:08.409] [jointLog] [warning] Feature has no GFF ID
[2021-04-27 20:19:08.409] [jointLog] [warning] Feature has no GFF ID
[2021-04-27 20:19:08.409] [jointLog] [warning] Feature has no GFF ID
[2021-04-27 20:19:08.409] [jointLog] [warning] Feature has no GFF ID
[2021-04-27 20:19:08.409] [jointLog] [warning] Feature has no GFF ID
[2021-04-27 20:19:08.409] [jointLog] [warning] Feature has no GFF ID
[2021-04-27 20:19:08.409] [jointLog] [warning] Feature has no GFF ID
[2021-04-27 20:19:08.409] [jointLog] [warning] Feature has no GFF ID
[2021-04-27 20:19:08.409] [jointLog] [warning] Feature has no GFF ID
[2021-04-27 20:19:08.409] [jointLog] [warning] Feature has no GFF ID
[2021-04-27 20:19:08.409] [jointLog] [warning] Feature has no GFF ID
[2021-04-27 20:19:08.409] [jointLog] [warning] Feature has no GFF ID
[2021-04-27 20:19:08.409] [jointLog] [warning] Feature has no GFF ID
[2021-04-27 20:19:08.409] [jointLog] [warning] Feature has no GFF ID
[2021-04-27 20:19:08.409] [jointLog] [warning] Feature has no GFF ID
[2021-04-27 20:19:08.409] [jointLog] [warning] Feature has no GFF ID
[2021-04-27 20:19:08.409] [jointLog] [warning] Feature has no GFF ID
[2021-04-27 20:19:08.409] [jointLog] [warning] Feature has no GFF ID
[2021-04-27 20:19:08.409] [jointLog] [warning] Feature has no GFF ID
[2021-04-27 20:19:08.409] [jointLog] [warning] Feature has no GFF ID
[2021-04-27 20:19:08.409] [jointLog] [warning] Feature has no GFF ID
[2021-04-27 20:19:08.409] [jointLog] [warning] Feature has no GFF ID
[2021-04-27 20:19:08.409] [jointLog] [warning] Feature has no GFF ID
[2021-04-27 20:19:08.409] [jointLog] [warning] Feature has no GFF ID
[2021-04-27 20:19:08.409] [jointLog] [warning] Feature has no GFF ID
[2021-04-27 20:19:08.409] [jointLog] [warning] Feature has no GFF ID
[2021-04-27 20:19:08.409] [jointLog] [warning] Feature has no GFF ID
[2021-04-27 20:19:08.409] [jointLog] [warning] Feature has no GFF ID
[2021-04-27 20:19:08.409] [jointLog] [warning] Feature has no GFF ID
[2021-04-27 20:19:08.409] [jointLog] [warning] Feature has no GFF ID
[2021-04-27 20:19:08.409] [jointLog] [warning] Feature has no GFF ID
[2021-04-27 20:19:08.409] [jointLog] [warning] Feature has no GFF ID
[2021-04-27 20:19:08.409] [jointLog] [warning] Feature has no GFF ID
[2021-04-27 20:19:08.409] [jointLog] [warning] Feature has no GFF ID
[2021-04-27 20:19:08.409] [jointLog] [warning] Feature has no GFF ID
[2021-04-27 20:19:08.409] [jointLog] [warning] Feature has no GFF ID
[2021-04-27 20:19:08.409] [jointLog] [warning] Feature has no GFF ID
[2021-04-27 20:19:08.409] [jointLog] [warning] Feature has no GFF ID
[2021-04-27 20:19:08.409] [jointLog] [warning] Feature has no GFF ID
[2021-04-27 20:19:08.409] [jointLog] [warning] Feature has no GFF ID
[2021-04-27 20:19:08.409] [jointLog] [warning] Feature has no GFF ID
[2021-04-27 20:19:08.409] [jointLog] [warning] Feature has no GFF ID
[2021-04-27 20:19:08.409] [jointLog] [warning] Feature has no GFF ID
[2021-04-27 20:19:08.409] [jointLog] [warning] Feature has no GFF ID
[2021-04-27 20:19:08.409] [jointLog] [warning] Feature has no GFF ID
[2021-04-27 20:19:08.409] [jointLog] [warning] Feature has no GFF ID
[2021-04-27 20:19:08.409] [jointLog] [warning] Feature has no GFF ID
[2021-04-27 20:19:08.409] [jointLog] [warning] Feature has no GFF ID
[2021-04-27 20:19:08.409] [jointLog] [warning] Feature has no GFF ID
[2021-04-27 20:19:08.409] [jointLog] [warning] Feature has no GFF ID
[2021-04-27 20:19:08.409] [jointLog] [warning] Feature has no GFF ID
[2021-04-27 20:19:08.409] [jointLog] [warning] Feature has no GFF ID
[2021-04-27 20:19:08.409] [jointLog] [warning] Feature has no GFF ID
[2021-04-27 20:19:08.409] [jointLog] [warning] Feature has no GFF ID
[2021-04-27 20:19:08.409] [jointLog] [warning] Feature has no GFF ID
[2021-04-27 20:19:08.409] [jointLog] [warning] Feature has no GFF ID
[2021-04-27 20:19:08.409] [jointLog] [warning] Feature has no GFF ID
[2021-04-27 20:19:08.409] [jointLog] [warning] Feature has no GFF ID
[2021-04-27 20:19:08.409] [jointLog] [warning] Feature has no GFF ID
[2021-04-27 20:19:08.409] [jointLog] [warning] Feature has no GFF ID
[2021-04-27 20:19:08.409] [jointLog] [warning] Feature has no GFF ID
[2021-04-27 20:19:08.409] [jointLog] [warning] Feature has no GFF ID
[2021-04-27 20:19:08.409] [jointLog] [warning] Feature has no GFF ID
[2021-04-27 20:19:08.409] [jointLog] [warning] Feature has no GFF ID
[2021-04-27 20:19:08.409] [jointLog] [warning] Feature has no GFF ID
[2021-04-27 20:19:08.409] [jointLog] [warning] Feature has no GFF ID
[2021-04-27 20:19:08.409] [jointLog] [warning] Feature has no GFF ID
[2021-04-27 20:19:08.409] [jointLog] [warning] Feature has no GFF ID
[2021-04-27 20:19:08.409] [jointLog] [warning] Feature has no GFF ID
[2021-04-27 20:19:08.409] [jointLog] [warning] Feature has no GFF ID
[2021-04-27 20:19:08.409] [jointLog] [warning] Feature has no GFF ID
[2021-04-27 20:19:08.409] [jointLog] [warning] Feature has no GFF ID
[2021-04-27 20:19:08.409] [jointLog] [warning] Feature has no GFF ID
[2021-04-27 20:19:08.409] [jointLog] [warning] Feature has no GFF ID
[2021-04-27 20:19:08.409] [jointLog] [warning] Feature has no GFF ID
[2021-04-27 20:19:08.409] [jointLog] [warning] Feature has no GFF ID
[2021-04-27 20:19:08.724] [jointLog] [info] There were 142604 transcripts mapping to 55401 genes
[2021-04-27 20:19:08.724] [jointLog] [info] NOTE: We recommend using tximport (https://bioconductor.org/packages/release/bioc/html/tximport.html) for aggregating transcript-level salmon abundance estimates to the gene level.  It is more versatile, exposes more features, and allows considering multi-sample information during aggregation.
[2021-04-27 20:19:09.005] [jointLog] [warning] couldn't find transcript named [DQ459430] in transcript <-> gene map; returning transcript as it's own gene
[2021-04-27 20:19:09.005] [jointLog] [warning] couldn't find transcript named [DQ516784] in transcript <-> gene map; returning transcript as it's own gene
[2021-04-27 20:19:09.005] [jointLog] [warning] couldn't find transcript named [DQ516752] in transcript <-> gene map; returning transcript as it's own gene
[2021-04-27 20:19:09.005] [jointLog] [warning] couldn't find transcript named [DQ668364] in transcript <-> gene map; returning transcript as it's own gene
[2021-04-27 20:19:09.005] [jointLog] [warning] couldn't find transcript named [DQ883670] in transcript <-> gene map; returning transcript as it's own gene
[2021-04-27 20:19:09.005] [jointLog] [warning] couldn't find transcript named [EF011062] in transcript <-> gene map; returning transcript as it's own gene
[2021-04-27 20:19:09.005] [jointLog] [warning] couldn't find transcript named [DQ875385] in transcript <-> gene map; returning transcript as it's own gene
[2021-04-27 20:19:09.005] [jointLog] [warning] couldn't find transcript named [DQ883664] in transcript <-> gene map; returning transcript as it's own gene
[2021-04-27 20:19:09.005] [jointLog] [warning] couldn't find transcript named [DQ459420] in transcript <-> gene map; returning transcript as it's own gene
[2021-04-27 20:19:09.005] [jointLog] [warning] couldn't find transcript named [DQ883651] in transcript <-> gene map; returning transcript as it's own gene
[2021-04-27 20:19:09.005] [jointLog] [warning] couldn't find transcript named [DQ855004] in transcript <-> gene map; returning transcript as it's own gene
[2021-04-27 20:19:09.005] [jointLog] [warning] couldn't find transcript named [DQ854993] in transcript <-> gene map; returning transcript as it's own gene
[2021-04-27 20:19:09.005] [jointLog] [warning] couldn't find transcript named [DQ883689] in transcript <-> gene map; returning transcript as it's own gene
[2021-04-27 20:19:09.005] [jointLog] [warning] couldn't find transcript named [DQ459419] in transcript <-> gene map; returning transcript as it's own gene
[2021-04-27 20:19:09.005] [jointLog] [warning] couldn't find transcript named [DQ459431] in transcript <-> gene map; returning transcript as it's own gene
[2021-04-27 20:19:09.005] [jointLog] [warning] couldn't find transcript named [DQ516796] in transcript <-> gene map; returning transcript as it's own gene
[2021-04-27 20:19:09.005] [jointLog] [warning] couldn't find transcript named [DQ855001] in transcript <-> gene map; returning transcript as it's own gene
[2021-04-27 20:19:09.005] [jointLog] [warning] couldn't find transcript named [DQ459413] in transcript <-> gene map; returning transcript as it's own gene
[2021-04-27 20:19:09.005] [jointLog] [warning] couldn't find transcript named [DQ883656] in transcript <-> gene map; returning transcript as it's own gene
[2021-04-27 20:19:09.005] [jointLog] [warning] couldn't find transcript named [DQ883661] in transcript <-> gene map; returning transcript as it's own gene
[2021-04-27 20:19:09.005] [jointLog] [warning] couldn't find transcript named [EF011069] in transcript <-> gene map; returning transcript as it's own gene
[2021-04-27 20:19:09.005] [jointLog] [warning] couldn't find transcript named [DQ516783] in transcript <-> gene map; returning transcript as it's own gene
[2021-04-27 20:19:09.005] [jointLog] [warning] couldn't find transcript named [DQ516787] in transcript <-> gene map; returning transcript as it's own gene
[2021-04-27 20:19:09.005] [jointLog] [warning] couldn't find transcript named [DQ459424] in transcript <-> gene map; returning transcript as it's own gene
[2021-04-27 20:19:09.005] [jointLog] [warning] couldn't find transcript named [DQ516748] in transcript <-> gene map; returning transcript as it's own gene
[2021-04-27 20:19:09.005] [jointLog] [warning] couldn't find transcript named [DQ883671] in transcript <-> gene map; returning transcript as it's own gene
[2021-04-27 20:19:09.005] [jointLog] [warning] couldn't find transcript named [DQ516740] in transcript <-> gene map; returning transcript as it's own gene
[2021-04-27 20:19:09.005] [jointLog] [warning] couldn't find transcript named [DQ516785] in transcript <-> gene map; returning transcript as it's own gene
[2021-04-27 20:19:09.005] [jointLog] [warning] couldn't find transcript named [DQ516731] in transcript <-> gene map; returning transcript as it's own gene
[2021-04-27 20:19:09.005] [jointLog] [warning] couldn't find transcript named [DQ668366] in transcript <-> gene map; returning transcript as it's own gene
[2021-04-27 20:19:09.005] [jointLog] [warning] couldn't find transcript named [DQ459418] in transcript <-> gene map; returning transcript as it's own gene
[2021-04-27 20:19:09.005] [jointLog] [warning] couldn't find transcript named [DQ668356] in transcript <-> gene map; returning transcript as it's own gene
[2021-04-27 20:19:09.005] [jointLog] [warning] couldn't find transcript named [DQ516763] in transcript <-> gene map; returning transcript as it's own gene
[2021-04-27 20:19:09.005] [jointLog] [warning] couldn't find transcript named [DQ459426] in transcript <-> gene map; returning transcript as it's own gene
[2021-04-27 20:19:09.005] [jointLog] [warning] couldn't find transcript named [DQ516786] in transcript <-> gene map; returning transcript as it's own gene
[2021-04-27 20:19:09.005] [jointLog] [warning] couldn't find transcript named [DQ883653] in transcript <-> gene map; returning transcript as it's own gene
[2021-04-27 20:19:09.005] [jointLog] [warning] couldn't find transcript named [DQ459421] in transcript <-> gene map; returning transcript as it's own gene
[2021-04-27 20:19:09.005] [jointLog] [warning] couldn't find transcript named [DQ883654] in transcript <-> gene map; returning transcript as it's own gene
[2021-04-27 20:19:09.005] [jointLog] [warning] couldn't find transcript named [DQ668358] in transcript <-> gene map; returning transcript as it's own gene
[2021-04-27 20:19:09.005] [jointLog] [warning] couldn't find transcript named [DQ516754] in transcript <-> gene map; returning transcript as it's own gene
[2021-04-27 20:19:09.005] [jointLog] [warning] couldn't find transcript named [DQ516778] in transcript <-> gene map; returning transcript as it's own gene
[2021-04-27 20:19:09.005] [jointLog] [warning] couldn't find transcript named [DQ883650] in transcript <-> gene map; returning transcript as it's own gene
[2021-04-27 20:19:09.005] [jointLog] [warning] couldn't find transcript named [DQ516742] in transcript <-> gene map; returning transcript as it's own gene
[2021-04-27 20:19:09.005] [jointLog] [warning] couldn't find transcript named [DQ883673] in transcript <-> gene map; returning transcript as it's own gene
[2021-04-27 20:19:09.005] [jointLog] [warning] couldn't find transcript named [DQ883652] in transcript <-> gene map; returning transcript as it's own gene
[2021-04-27 20:19:09.005] [jointLog] [warning] couldn't find transcript named [DQ854991] in transcript <-> gene map; returning transcript as it's own gene
[2021-04-27 20:19:09.005] [jointLog] [warning] couldn't find transcript named [DQ516780] in transcript <-> gene map; returning transcript as it's own gene
[2021-04-27 20:19:09.005] [jointLog] [warning] couldn't find transcript named [DQ883682] in transcript <-> gene map; returning transcript as it's own gene
[2021-04-27 20:19:09.005] [jointLog] [warning] couldn't find transcript named [DQ883669] in transcript <-> gene map; returning transcript as it's own gene
[2021-04-27 20:19:09.005] [jointLog] [warning] couldn't find transcript named [DQ516791] in transcript <-> gene map; returning transcript as it's own gene
[2021-04-27 20:19:09.005] [jointLog] [warning] couldn't find transcript named [DQ459425] in transcript <-> gene map; returning transcript as it's own gene
[2021-04-27 20:19:09.005] [jointLog] [warning] couldn't find transcript named [DQ516759] in transcript <-> gene map; returning transcript as it's own gene
[2021-04-27 20:19:09.005] [jointLog] [warning] couldn't find transcript named [DQ459429] in transcript <-> gene map; returning transcript as it's own gene
[2021-04-27 20:19:09.005] [jointLog] [warning] couldn't find transcript named [DQ516758] in transcript <-> gene map; returning transcript as it's own gene
[2021-04-27 20:19:09.005] [jointLog] [warning] couldn't find transcript named [DQ459415] in transcript <-> gene map; returning transcript as it's own gene
[2021-04-27 20:19:09.005] [jointLog] [warning] couldn't find transcript named [DQ875387] in transcript <-> gene map; returning transcript as it's own gene
[2021-04-27 20:19:09.005] [jointLog] [warning] couldn't find transcript named [DQ516815] in transcript <-> gene map; returning transcript as it's own gene
[2021-04-27 20:19:09.005] [jointLog] [warning] couldn't find transcript named [DQ668365] in transcript <-> gene map; returning transcript as it's own gene
[2021-04-27 20:19:09.005] [jointLog] [warning] couldn't find transcript named [DQ854998] in transcript <-> gene map; returning transcript as it's own gene
[2021-04-27 20:19:09.005] [jointLog] [warning] couldn't find transcript named [DQ883685] in transcript <-> gene map; returning transcript as it's own gene
[2021-04-27 20:19:09.005] [jointLog] [warning] couldn't find transcript named [DQ459422] in transcript <-> gene map; returning transcript as it's own gene
[2021-04-27 20:19:09.005] [jointLog] [warning] couldn't find transcript named [DQ883663] in transcript <-> gene map; returning transcript as it's own gene
[2021-04-27 20:19:09.005] [jointLog] [warning] couldn't find transcript named [DQ668367] in transcript <-> gene map; returning transcript as it's own gene
[2021-04-27 20:19:09.005] [jointLog] [warning] couldn't find transcript named [DQ459412] in transcript <-> gene map; returning transcript as it's own gene
[2021-04-27 20:19:09.005] [jointLog] [warning] couldn't find transcript named [DQ854992] in transcript <-> gene map; returning transcript as it's own gene
[2021-04-27 20:19:09.005] [jointLog] [warning] couldn't find transcript named [DQ516782] in transcript <-> gene map; returning transcript as it's own gene
[2021-04-27 20:19:09.005] [jointLog] [warning] couldn't find transcript named [DQ459427] in transcript <-> gene map; returning transcript as it's own gene
[2021-04-27 20:19:09.005] [jointLog] [warning] couldn't find transcript named [EF011072] in transcript <-> gene map; returning transcript as it's own gene
[2021-04-27 20:19:09.005] [jointLog] [warning] couldn't find transcript named [DQ855003] in transcript <-> gene map; returning transcript as it's own gene
[2021-04-27 20:19:09.005] [jointLog] [warning] couldn't find transcript named [DQ516739] in transcript <-> gene map; returning transcript as it's own gene
[2021-04-27 20:19:09.005] [jointLog] [warning] couldn't find transcript named [EF011063] in transcript <-> gene map; returning transcript as it's own gene
[2021-04-27 20:19:09.005] [jointLog] [warning] couldn't find transcript named [DQ855000] in transcript <-> gene map; returning transcript as it's own gene
[2021-04-27 20:19:09.005] [jointLog] [warning] couldn't find transcript named [DQ516777] in transcript <-> gene map; returning transcript as it's own gene
[2021-04-27 20:19:09.005] [jointLog] [warning] couldn't find transcript named [DQ883646] in transcript <-> gene map; returning transcript as it's own gene
[2021-04-27 20:19:09.005] [jointLog] [warning] couldn't find transcript named [DQ668362] in transcript <-> gene map; returning transcript as it's own gene
[2021-04-27 20:19:09.005] [jointLog] [warning] couldn't find transcript named [DQ854995] in transcript <-> gene map; returning transcript as it's own gene
[2021-04-27 20:19:09.005] [jointLog] [warning] couldn't find transcript named [DQ875386] in transcript <-> gene map; returning transcript as it's own gene
[2021-04-27 20:19:09.005] [jointLog] [warning] couldn't find transcript named [DQ516790] in transcript <-> gene map; returning transcript as it's own gene
[2021-04-27 20:19:09.005] [jointLog] [warning] couldn't find transcript named [DQ883642] in transcript <-> gene map; returning transcript as it's own gene
[2021-04-27 20:19:09.005] [jointLog] [warning] couldn't find transcript named [DQ883659] in transcript <-> gene map; returning transcript as it's own gene
[2021-04-27 20:19:09.005] [jointLog] [warning] couldn't find transcript named [DQ854997] in transcript <-> gene map; returning transcript as it's own gene
[2021-04-27 20:19:09.005] [jointLog] [warning] couldn't find transcript named [DQ883643] in transcript <-> gene map; returning transcript as it's own gene
[2021-04-27 20:19:09.005] [jointLog] [warning] couldn't find transcript named [DQ839618] in transcript <-> gene map; returning transcript as it's own gene
[2021-04-27 20:19:09.005] [jointLog] [warning] couldn't find transcript named [DQ516795] in transcript <-> gene map; returning transcript as it's own gene
[2021-04-27 20:19:09.005] [jointLog] [warning] couldn't find transcript named [DQ883658] in transcript <-> gene map; returning transcript as it's own gene
[2021-04-27 20:19:09.005] [jointLog] [warning] couldn't find transcript named [DQ516750] in transcript <-> gene map; returning transcript as it's own gene
[2021-04-27 20:19:09.005] [jointLog] [warning] couldn't find transcript named [DQ668359] in transcript <-> gene map; returning transcript as it's own gene
[2021-04-27 20:19:09.005] [jointLog] [warning] couldn't find transcript named [DQ516779] in transcript <-> gene map; returning transcript as it's own gene
[2021-04-27 20:19:09.005] [jointLog] [warning] couldn't find transcript named [DQ668363] in transcript <-> gene map; returning transcript as it's own gene
[2021-04-27 20:19:09.005] [jointLog] [warning] couldn't find transcript named [DQ516776] in transcript <-> gene map; returning transcript as it's own gene
[2021-04-27 20:19:09.005] [jointLog] [warning] couldn't find transcript named [DQ516773] in transcript <-> gene map; returning transcript as it's own gene
[2021-04-27 20:19:09.005] [jointLog] [warning] couldn't find transcript named [DQ854994] in transcript <-> gene map; returning transcript as it's own gene
[2021-04-27 20:19:09.005] [jointLog] [info] Aggregating expressions to gene level
[2021-04-27 20:19:09.164] [jointLog] [info] done
