[2021-04-27 20:45:19.386] [jointLog] [info] setting maxHashResizeThreads to 6
[2021-04-27 20:45:19.386] [jointLog] [info] Fragment incompatibility prior below threshold.  Incompatible fragments will be ignored.
[2021-04-27 20:45:19.387] [jointLog] [info] numQuantThreads = 3
[2021-04-27 20:45:23.532] [fileLog] [info] quantification processed 0 fragments so far

[2021-04-27 20:45:23.266] [jointLog] [info] replaced 4 non-ACGT nucleotides with random nucleotides
[2021-04-27 20:45:26.504] [fileLog] [info] quantification processed 1000000 fragments so far

[2021-04-27 20:45:29.524] [fileLog] [info] quantification processed 2000000 fragments so far

[2021-04-27 20:45:31.125] [jointLog] [info] 

The alignment group queue pool has been exhausted.  3186997 extra fragments were allocated on the heap to saturate the pool.  No new fragments will be allocated


[2021-04-27 20:45:38.155] [fileLog] [info] quantification processed 3000000 fragments so far

[2021-04-27 20:45:52.445] [fileLog] [info] quantification processed 4000000 fragments so far

[2021-04-27 20:46:06.748] [fileLog] [info] quantification processed 5000000 fragments so far

[2021-04-27 20:46:20.990] [fileLog] [info] quantification processed 6000000 fragments so far

[2021-04-27 20:46:35.214] [fileLog] [info] quantification processed 7000000 fragments so far

[2021-04-27 20:46:38.358] [fileLog] [info] quantification processed 8000000 fragments so far

[2021-04-27 20:46:41.441] [fileLog] [info] quantification processed 9000000 fragments so far

[2021-04-27 20:46:44.550] [fileLog] [info] quantification processed 10000000 fragments so far

[2021-04-27 20:46:47.650] [fileLog] [info] quantification processed 11000000 fragments so far

[2021-04-27 20:46:50.801] [fileLog] [info] quantification processed 12000000 fragments so far

[2021-04-27 20:46:53.890] [fileLog] [info] quantification processed 13000000 fragments so far

[2021-04-27 20:46:57.000] [fileLog] [info] quantification processed 14000000 fragments so far

[2021-04-27 20:47:00.072] [fileLog] [info] quantification processed 15000000 fragments so far

[2021-04-27 20:47:03.108] [fileLog] [info] quantification processed 16000000 fragments so far

[2021-04-27 20:47:06.239] [fileLog] [info] quantification processed 17000000 fragments so far

[2021-04-27 20:47:09.368] [fileLog] [info] quantification processed 18000000 fragments so far

[2021-04-27 20:47:12.394] [fileLog] [info] quantification processed 19000000 fragments so far

[2021-04-27 20:47:15.453] [fileLog] [info] quantification processed 20000000 fragments so far

[2021-04-27 20:47:18.560] [fileLog] [info] quantification processed 21000000 fragments so far

[2021-04-27 20:47:21.641] [fileLog] [info] quantification processed 22000000 fragments so far

[2021-04-27 20:47:24.790] [fileLog] [info] quantification processed 23000000 fragments so far

[2021-04-27 20:47:27.837] [fileLog] [info] quantification processed 24000000 fragments so far

[2021-04-27 20:47:30.947] [fileLog] [info] quantification processed 25000000 fragments so far

[2021-04-27 20:47:34.077] [fileLog] [info] quantification processed 26000000 fragments so far

[2021-04-27 20:47:37.119] [fileLog] [info] quantification processed 27000000 fragments so far

[2021-04-27 20:47:39.044] [fileLog] [info] quantification processed 27623477 fragments so far

[2021-04-27 20:47:45.016] [jointLog] [info] Thread saw mini-batch with a maximum of 3.10% zero probability fragments
[2021-04-27 20:47:45.017] [jointLog] [info] Thread saw mini-batch with a maximum of 3.10% zero probability fragments
[2021-04-27 20:47:45.020] [jointLog] [info] Thread saw mini-batch with a maximum of 3.80% zero probability fragments
[2021-04-27 20:47:45.020] [jointLog] [info] 


Completed first pass through the alignment file.
Total # of mapped reads : 27623477
# of uniquely mapped reads : 10534910
# ambiguously mapped reads : 17088567



[2021-04-27 20:47:45.156] [jointLog] [info] Computed 221266 rich equivalence classes for further processing
[2021-04-27 20:47:45.156] [jointLog] [info] Counted 27509431 total reads in the equivalence classes 
[2021-04-27 20:47:45.158] [jointLog] [info] starting optimizer
[2021-04-27 20:47:45.248] [jointLog] [info] Marked 0 weighted equivalence classes as degenerate
[2021-04-27 20:47:45.266] [jointLog] [info] iteration = 0 | max rel diff. = 8368.48
[2021-04-27 20:47:46.741] [jointLog] [info] iteration = 100 | max rel diff. = 14.0665
[2021-04-27 20:47:48.196] [jointLog] [info] iteration = 200 | max rel diff. = 11.1355
[2021-04-27 20:47:49.662] [jointLog] [info] iteration = 300 | max rel diff. = 4.92479
[2021-04-27 20:47:51.114] [jointLog] [info] iteration = 400 | max rel diff. = 1.42312
[2021-04-27 20:47:52.568] [jointLog] [info] iteration = 500 | max rel diff. = 0.479534
[2021-04-27 20:47:54.023] [jointLog] [info] iteration = 600 | max rel diff. = 0.245827
[2021-04-27 20:47:55.481] [jointLog] [info] iteration = 700 | max rel diff. = 0.165479
[2021-04-27 20:47:56.935] [jointLog] [info] iteration = 800 | max rel diff. = 0.169463
[2021-04-27 20:47:58.385] [jointLog] [info] iteration = 900 | max rel diff. = 0.108927
[2021-04-27 20:47:59.840] [jointLog] [info] iteration = 1000 | max rel diff. = 0.171282
[2021-04-27 20:48:01.300] [jointLog] [info] iteration = 1100 | max rel diff. = 11.2155
[2021-04-27 20:48:02.750] [jointLog] [info] iteration = 1200 | max rel diff. = 1.43078
[2021-04-27 20:48:04.200] [jointLog] [info] iteration = 1300 | max rel diff. = 2.60794
[2021-04-27 20:48:05.665] [jointLog] [info] iteration = 1400 | max rel diff. = 0.0214944
[2021-04-27 20:48:07.116] [jointLog] [info] iteration = 1500 | max rel diff. = 0.166906
[2021-04-27 20:48:08.565] [jointLog] [info] iteration = 1600 | max rel diff. = 0.0320032
[2021-04-27 20:48:10.029] [jointLog] [info] iteration = 1700 | max rel diff. = 0.0197802
[2021-04-27 20:48:10.728] [jointLog] [info] iteration = 1749 | max rel diff. = 0.00283927
[2021-04-27 20:48:10.756] [jointLog] [info] finished optimizer
[2021-04-27 20:48:10.756] [jointLog] [info] writing output
[2021-04-27 20:48:12.388] [jointLog] [info] Computing gene-level abundance estimates
[2021-04-27 20:48:40.872] [jointLog] [warning] Feature has no GFF ID
[2021-04-27 20:48:40.872] [jointLog] [warning] Feature has no GFF ID
[2021-04-27 20:48:40.872] [jointLog] [warning] Feature has no GFF ID
[2021-04-27 20:48:40.872] [jointLog] [warning] Feature has no GFF ID
[2021-04-27 20:48:40.872] [jointLog] [warning] Feature has no GFF ID
[2021-04-27 20:48:40.872] [jointLog] [warning] Feature has no GFF ID
[2021-04-27 20:48:40.872] [jointLog] [warning] Feature has no GFF ID
[2021-04-27 20:48:40.872] [jointLog] [warning] Feature has no GFF ID
[2021-04-27 20:48:40.872] [jointLog] [warning] Feature has no GFF ID
[2021-04-27 20:48:40.872] [jointLog] [warning] Feature has no GFF ID
[2021-04-27 20:48:40.872] [jointLog] [warning] Feature has no GFF ID
[2021-04-27 20:48:40.872] [jointLog] [warning] Feature has no GFF ID
[2021-04-27 20:48:40.872] [jointLog] [warning] Feature has no GFF ID
[2021-04-27 20:48:40.872] [jointLog] [warning] Feature has no GFF ID
[2021-04-27 20:48:40.872] [jointLog] [warning] Feature has no GFF ID
[2021-04-27 20:48:40.872] [jointLog] [warning] Feature has no GFF ID
[2021-04-27 20:48:40.872] [jointLog] [warning] Feature has no GFF ID
[2021-04-27 20:48:40.872] [jointLog] [warning] Feature has no GFF ID
[2021-04-27 20:48:40.872] [jointLog] [warning] Feature has no GFF ID
[2021-04-27 20:48:40.872] [jointLog] [warning] Feature has no GFF ID
[2021-04-27 20:48:40.872] [jointLog] [warning] Feature has no GFF ID
[2021-04-27 20:48:40.872] [jointLog] [warning] Feature has no GFF ID
[2021-04-27 20:48:40.872] [jointLog] [warning] Feature has no GFF ID
[2021-04-27 20:48:40.872] [jointLog] [warning] Feature has no GFF ID
[2021-04-27 20:48:40.872] [jointLog] [warning] Feature has no GFF ID
[2021-04-27 20:48:40.872] [jointLog] [warning] Feature has no GFF ID
[2021-04-27 20:48:40.872] [jointLog] [warning] Feature has no GFF ID
[2021-04-27 20:48:40.872] [jointLog] [warning] Feature has no GFF ID
[2021-04-27 20:48:40.872] [jointLog] [warning] Feature has no GFF ID
[2021-04-27 20:48:40.872] [jointLog] [warning] Feature has no GFF ID
[2021-04-27 20:48:40.872] [jointLog] [warning] Feature has no GFF ID
[2021-04-27 20:48:40.872] [jointLog] [warning] Feature has no GFF ID
[2021-04-27 20:48:40.872] [jointLog] [warning] Feature has no GFF ID
[2021-04-27 20:48:40.872] [jointLog] [warning] Feature has no GFF ID
[2021-04-27 20:48:40.872] [jointLog] [warning] Feature has no GFF ID
[2021-04-27 20:48:40.872] [jointLog] [warning] Feature has no GFF ID
[2021-04-27 20:48:40.872] [jointLog] [warning] Feature has no GFF ID
[2021-04-27 20:48:40.872] [jointLog] [warning] Feature has no GFF ID
[2021-04-27 20:48:40.872] [jointLog] [warning] Feature has no GFF ID
[2021-04-27 20:48:40.872] [jointLog] [warning] Feature has no GFF ID
[2021-04-27 20:48:40.872] [jointLog] [warning] Feature has no GFF ID
[2021-04-27 20:48:40.872] [jointLog] [warning] Feature has no GFF ID
[2021-04-27 20:48:40.872] [jointLog] [warning] Feature has no GFF ID
[2021-04-27 20:48:40.872] [jointLog] [warning] Feature has no GFF ID
[2021-04-27 20:48:40.872] [jointLog] [warning] Feature has no GFF ID
[2021-04-27 20:48:40.872] [jointLog] [warning] Feature has no GFF ID
[2021-04-27 20:48:40.872] [jointLog] [warning] Feature has no GFF ID
[2021-04-27 20:48:40.872] [jointLog] [warning] Feature has no GFF ID
[2021-04-27 20:48:40.872] [jointLog] [warning] Feature has no GFF ID
[2021-04-27 20:48:40.872] [jointLog] [warning] Feature has no GFF ID
[2021-04-27 20:48:40.872] [jointLog] [warning] Feature has no GFF ID
[2021-04-27 20:48:40.872] [jointLog] [warning] Feature has no GFF ID
[2021-04-27 20:48:40.872] [jointLog] [warning] Feature has no GFF ID
[2021-04-27 20:48:40.872] [jointLog] [warning] Feature has no GFF ID
[2021-04-27 20:48:40.872] [jointLog] [warning] Feature has no GFF ID
[2021-04-27 20:48:40.872] [jointLog] [warning] Feature has no GFF ID
[2021-04-27 20:48:40.872] [jointLog] [warning] Feature has no GFF ID
[2021-04-27 20:48:40.872] [jointLog] [warning] Feature has no GFF ID
[2021-04-27 20:48:40.872] [jointLog] [warning] Feature has no GFF ID
[2021-04-27 20:48:40.872] [jointLog] [warning] Feature has no GFF ID
[2021-04-27 20:48:40.872] [jointLog] [warning] Feature has no GFF ID
[2021-04-27 20:48:40.872] [jointLog] [warning] Feature has no GFF ID
[2021-04-27 20:48:40.872] [jointLog] [warning] Feature has no GFF ID
[2021-04-27 20:48:40.872] [jointLog] [warning] Feature has no GFF ID
[2021-04-27 20:48:40.872] [jointLog] [warning] Feature has no GFF ID
[2021-04-27 20:48:40.872] [jointLog] [warning] Feature has no GFF ID
[2021-04-27 20:48:40.872] [jointLog] [warning] Feature has no GFF ID
[2021-04-27 20:48:40.872] [jointLog] [warning] Feature has no GFF ID
[2021-04-27 20:48:40.872] [jointLog] [warning] Feature has no GFF ID
[2021-04-27 20:48:40.872] [jointLog] [warning] Feature has no GFF ID
[2021-04-27 20:48:40.872] [jointLog] [warning] Feature has no GFF ID
[2021-04-27 20:48:40.872] [jointLog] [warning] Feature has no GFF ID
[2021-04-27 20:48:40.872] [jointLog] [warning] Feature has no GFF ID
[2021-04-27 20:48:40.872] [jointLog] [warning] Feature has no GFF ID
[2021-04-27 20:48:40.872] [jointLog] [warning] Feature has no GFF ID
[2021-04-27 20:48:40.872] [jointLog] [warning] Feature has no GFF ID
[2021-04-27 20:48:40.872] [jointLog] [warning] Feature has no GFF ID
[2021-04-27 20:48:40.872] [jointLog] [warning] Feature has no GFF ID
[2021-04-27 20:48:40.872] [jointLog] [warning] Feature has no GFF ID
[2021-04-27 20:48:40.872] [jointLog] [warning] Feature has no GFF ID
[2021-04-27 20:48:40.872] [jointLog] [warning] Feature has no GFF ID
[2021-04-27 20:48:40.872] [jointLog] [warning] Feature has no GFF ID
[2021-04-27 20:48:40.872] [jointLog] [warning] Feature has no GFF ID
[2021-04-27 20:48:40.872] [jointLog] [warning] Feature has no GFF ID
[2021-04-27 20:48:40.872] [jointLog] [warning] Feature has no GFF ID
[2021-04-27 20:48:40.872] [jointLog] [warning] Feature has no GFF ID
[2021-04-27 20:48:40.872] [jointLog] [warning] Feature has no GFF ID
[2021-04-27 20:48:40.872] [jointLog] [warning] Feature has no GFF ID
[2021-04-27 20:48:40.872] [jointLog] [warning] Feature has no GFF ID
[2021-04-27 20:48:40.872] [jointLog] [warning] Feature has no GFF ID
[2021-04-27 20:48:40.872] [jointLog] [warning] Feature has no GFF ID
[2021-04-27 20:48:40.872] [jointLog] [warning] Feature has no GFF ID
[2021-04-27 20:48:41.169] [jointLog] [info] There were 142604 transcripts mapping to 55401 genes
[2021-04-27 20:48:41.169] [jointLog] [info] NOTE: We recommend using tximport (https://bioconductor.org/packages/release/bioc/html/tximport.html) for aggregating transcript-level salmon abundance estimates to the gene level.  It is more versatile, exposes more features, and allows considering multi-sample information during aggregation.
[2021-04-27 20:48:41.428] [jointLog] [warning] couldn't find transcript named [DQ459430] in transcript <-> gene map; returning transcript as it's own gene
[2021-04-27 20:48:41.428] [jointLog] [warning] couldn't find transcript named [DQ516784] in transcript <-> gene map; returning transcript as it's own gene
[2021-04-27 20:48:41.428] [jointLog] [warning] couldn't find transcript named [DQ516752] in transcript <-> gene map; returning transcript as it's own gene
[2021-04-27 20:48:41.428] [jointLog] [warning] couldn't find transcript named [DQ668364] in transcript <-> gene map; returning transcript as it's own gene
[2021-04-27 20:48:41.428] [jointLog] [warning] couldn't find transcript named [DQ883670] in transcript <-> gene map; returning transcript as it's own gene
[2021-04-27 20:48:41.428] [jointLog] [warning] couldn't find transcript named [EF011062] in transcript <-> gene map; returning transcript as it's own gene
[2021-04-27 20:48:41.428] [jointLog] [warning] couldn't find transcript named [DQ875385] in transcript <-> gene map; returning transcript as it's own gene
[2021-04-27 20:48:41.428] [jointLog] [warning] couldn't find transcript named [DQ883664] in transcript <-> gene map; returning transcript as it's own gene
[2021-04-27 20:48:41.428] [jointLog] [warning] couldn't find transcript named [DQ459420] in transcript <-> gene map; returning transcript as it's own gene
[2021-04-27 20:48:41.428] [jointLog] [warning] couldn't find transcript named [DQ883651] in transcript <-> gene map; returning transcript as it's own gene
[2021-04-27 20:48:41.428] [jointLog] [warning] couldn't find transcript named [DQ855004] in transcript <-> gene map; returning transcript as it's own gene
[2021-04-27 20:48:41.428] [jointLog] [warning] couldn't find transcript named [DQ854993] in transcript <-> gene map; returning transcript as it's own gene
[2021-04-27 20:48:41.428] [jointLog] [warning] couldn't find transcript named [DQ883689] in transcript <-> gene map; returning transcript as it's own gene
[2021-04-27 20:48:41.428] [jointLog] [warning] couldn't find transcript named [DQ459419] in transcript <-> gene map; returning transcript as it's own gene
[2021-04-27 20:48:41.428] [jointLog] [warning] couldn't find transcript named [DQ459431] in transcript <-> gene map; returning transcript as it's own gene
[2021-04-27 20:48:41.428] [jointLog] [warning] couldn't find transcript named [DQ516796] in transcript <-> gene map; returning transcript as it's own gene
[2021-04-27 20:48:41.428] [jointLog] [warning] couldn't find transcript named [DQ855001] in transcript <-> gene map; returning transcript as it's own gene
[2021-04-27 20:48:41.428] [jointLog] [warning] couldn't find transcript named [DQ459413] in transcript <-> gene map; returning transcript as it's own gene
[2021-04-27 20:48:41.428] [jointLog] [warning] couldn't find transcript named [DQ883656] in transcript <-> gene map; returning transcript as it's own gene
[2021-04-27 20:48:41.428] [jointLog] [warning] couldn't find transcript named [DQ883661] in transcript <-> gene map; returning transcript as it's own gene
[2021-04-27 20:48:41.428] [jointLog] [warning] couldn't find transcript named [EF011069] in transcript <-> gene map; returning transcript as it's own gene
[2021-04-27 20:48:41.428] [jointLog] [warning] couldn't find transcript named [DQ516783] in transcript <-> gene map; returning transcript as it's own gene
[2021-04-27 20:48:41.428] [jointLog] [warning] couldn't find transcript named [DQ516787] in transcript <-> gene map; returning transcript as it's own gene
[2021-04-27 20:48:41.428] [jointLog] [warning] couldn't find transcript named [DQ459424] in transcript <-> gene map; returning transcript as it's own gene
[2021-04-27 20:48:41.428] [jointLog] [warning] couldn't find transcript named [DQ516748] in transcript <-> gene map; returning transcript as it's own gene
[2021-04-27 20:48:41.428] [jointLog] [warning] couldn't find transcript named [DQ883671] in transcript <-> gene map; returning transcript as it's own gene
[2021-04-27 20:48:41.428] [jointLog] [warning] couldn't find transcript named [DQ516740] in transcript <-> gene map; returning transcript as it's own gene
[2021-04-27 20:48:41.428] [jointLog] [warning] couldn't find transcript named [DQ516785] in transcript <-> gene map; returning transcript as it's own gene
[2021-04-27 20:48:41.428] [jointLog] [warning] couldn't find transcript named [DQ516731] in transcript <-> gene map; returning transcript as it's own gene
[2021-04-27 20:48:41.428] [jointLog] [warning] couldn't find transcript named [DQ668366] in transcript <-> gene map; returning transcript as it's own gene
[2021-04-27 20:48:41.428] [jointLog] [warning] couldn't find transcript named [DQ459418] in transcript <-> gene map; returning transcript as it's own gene
[2021-04-27 20:48:41.428] [jointLog] [warning] couldn't find transcript named [DQ668356] in transcript <-> gene map; returning transcript as it's own gene
[2021-04-27 20:48:41.428] [jointLog] [warning] couldn't find transcript named [DQ516763] in transcript <-> gene map; returning transcript as it's own gene
[2021-04-27 20:48:41.428] [jointLog] [warning] couldn't find transcript named [DQ459426] in transcript <-> gene map; returning transcript as it's own gene
[2021-04-27 20:48:41.428] [jointLog] [warning] couldn't find transcript named [DQ516786] in transcript <-> gene map; returning transcript as it's own gene
[2021-04-27 20:48:41.428] [jointLog] [warning] couldn't find transcript named [DQ883653] in transcript <-> gene map; returning transcript as it's own gene
[2021-04-27 20:48:41.428] [jointLog] [warning] couldn't find transcript named [DQ459421] in transcript <-> gene map; returning transcript as it's own gene
[2021-04-27 20:48:41.428] [jointLog] [warning] couldn't find transcript named [DQ883654] in transcript <-> gene map; returning transcript as it's own gene
[2021-04-27 20:48:41.428] [jointLog] [warning] couldn't find transcript named [DQ668358] in transcript <-> gene map; returning transcript as it's own gene
[2021-04-27 20:48:41.428] [jointLog] [warning] couldn't find transcript named [DQ516754] in transcript <-> gene map; returning transcript as it's own gene
[2021-04-27 20:48:41.428] [jointLog] [warning] couldn't find transcript named [DQ516778] in transcript <-> gene map; returning transcript as it's own gene
[2021-04-27 20:48:41.428] [jointLog] [warning] couldn't find transcript named [DQ883650] in transcript <-> gene map; returning transcript as it's own gene
[2021-04-27 20:48:41.428] [jointLog] [warning] couldn't find transcript named [DQ516742] in transcript <-> gene map; returning transcript as it's own gene
[2021-04-27 20:48:41.428] [jointLog] [warning] couldn't find transcript named [DQ883673] in transcript <-> gene map; returning transcript as it's own gene
[2021-04-27 20:48:41.428] [jointLog] [warning] couldn't find transcript named [DQ883652] in transcript <-> gene map; returning transcript as it's own gene
[2021-04-27 20:48:41.428] [jointLog] [warning] couldn't find transcript named [DQ854991] in transcript <-> gene map; returning transcript as it's own gene
[2021-04-27 20:48:41.428] [jointLog] [warning] couldn't find transcript named [DQ516780] in transcript <-> gene map; returning transcript as it's own gene
[2021-04-27 20:48:41.428] [jointLog] [warning] couldn't find transcript named [DQ883682] in transcript <-> gene map; returning transcript as it's own gene
[2021-04-27 20:48:41.428] [jointLog] [warning] couldn't find transcript named [DQ883669] in transcript <-> gene map; returning transcript as it's own gene
[2021-04-27 20:48:41.428] [jointLog] [warning] couldn't find transcript named [DQ516791] in transcript <-> gene map; returning transcript as it's own gene
[2021-04-27 20:48:41.428] [jointLog] [warning] couldn't find transcript named [DQ459425] in transcript <-> gene map; returning transcript as it's own gene
[2021-04-27 20:48:41.428] [jointLog] [warning] couldn't find transcript named [DQ516759] in transcript <-> gene map; returning transcript as it's own gene
[2021-04-27 20:48:41.428] [jointLog] [warning] couldn't find transcript named [DQ459429] in transcript <-> gene map; returning transcript as it's own gene
[2021-04-27 20:48:41.428] [jointLog] [warning] couldn't find transcript named [DQ516758] in transcript <-> gene map; returning transcript as it's own gene
[2021-04-27 20:48:41.428] [jointLog] [warning] couldn't find transcript named [DQ459415] in transcript <-> gene map; returning transcript as it's own gene
[2021-04-27 20:48:41.428] [jointLog] [warning] couldn't find transcript named [DQ875387] in transcript <-> gene map; returning transcript as it's own gene
[2021-04-27 20:48:41.428] [jointLog] [warning] couldn't find transcript named [DQ516815] in transcript <-> gene map; returning transcript as it's own gene
[2021-04-27 20:48:41.428] [jointLog] [warning] couldn't find transcript named [DQ668365] in transcript <-> gene map; returning transcript as it's own gene
[2021-04-27 20:48:41.428] [jointLog] [warning] couldn't find transcript named [DQ854998] in transcript <-> gene map; returning transcript as it's own gene
[2021-04-27 20:48:41.428] [jointLog] [warning] couldn't find transcript named [DQ883685] in transcript <-> gene map; returning transcript as it's own gene
[2021-04-27 20:48:41.428] [jointLog] [warning] couldn't find transcript named [DQ459422] in transcript <-> gene map; returning transcript as it's own gene
[2021-04-27 20:48:41.428] [jointLog] [warning] couldn't find transcript named [DQ883663] in transcript <-> gene map; returning transcript as it's own gene
[2021-04-27 20:48:41.428] [jointLog] [warning] couldn't find transcript named [DQ668367] in transcript <-> gene map; returning transcript as it's own gene
[2021-04-27 20:48:41.428] [jointLog] [warning] couldn't find transcript named [DQ459412] in transcript <-> gene map; returning transcript as it's own gene
[2021-04-27 20:48:41.428] [jointLog] [warning] couldn't find transcript named [DQ854992] in transcript <-> gene map; returning transcript as it's own gene
[2021-04-27 20:48:41.428] [jointLog] [warning] couldn't find transcript named [DQ516782] in transcript <-> gene map; returning transcript as it's own gene
[2021-04-27 20:48:41.428] [jointLog] [warning] couldn't find transcript named [DQ459427] in transcript <-> gene map; returning transcript as it's own gene
[2021-04-27 20:48:41.428] [jointLog] [warning] couldn't find transcript named [EF011072] in transcript <-> gene map; returning transcript as it's own gene
[2021-04-27 20:48:41.428] [jointLog] [warning] couldn't find transcript named [DQ855003] in transcript <-> gene map; returning transcript as it's own gene
[2021-04-27 20:48:41.428] [jointLog] [warning] couldn't find transcript named [DQ516739] in transcript <-> gene map; returning transcript as it's own gene
[2021-04-27 20:48:41.428] [jointLog] [warning] couldn't find transcript named [EF011063] in transcript <-> gene map; returning transcript as it's own gene
[2021-04-27 20:48:41.428] [jointLog] [warning] couldn't find transcript named [DQ855000] in transcript <-> gene map; returning transcript as it's own gene
[2021-04-27 20:48:41.428] [jointLog] [warning] couldn't find transcript named [DQ516777] in transcript <-> gene map; returning transcript as it's own gene
[2021-04-27 20:48:41.428] [jointLog] [warning] couldn't find transcript named [DQ883646] in transcript <-> gene map; returning transcript as it's own gene
[2021-04-27 20:48:41.428] [jointLog] [warning] couldn't find transcript named [DQ668362] in transcript <-> gene map; returning transcript as it's own gene
[2021-04-27 20:48:41.428] [jointLog] [warning] couldn't find transcript named [DQ854995] in transcript <-> gene map; returning transcript as it's own gene
[2021-04-27 20:48:41.428] [jointLog] [warning] couldn't find transcript named [DQ875386] in transcript <-> gene map; returning transcript as it's own gene
[2021-04-27 20:48:41.428] [jointLog] [warning] couldn't find transcript named [DQ516790] in transcript <-> gene map; returning transcript as it's own gene
[2021-04-27 20:48:41.428] [jointLog] [warning] couldn't find transcript named [DQ883642] in transcript <-> gene map; returning transcript as it's own gene
[2021-04-27 20:48:41.428] [jointLog] [warning] couldn't find transcript named [DQ883659] in transcript <-> gene map; returning transcript as it's own gene
[2021-04-27 20:48:41.428] [jointLog] [warning] couldn't find transcript named [DQ854997] in transcript <-> gene map; returning transcript as it's own gene
[2021-04-27 20:48:41.428] [jointLog] [warning] couldn't find transcript named [DQ883643] in transcript <-> gene map; returning transcript as it's own gene
[2021-04-27 20:48:41.428] [jointLog] [warning] couldn't find transcript named [DQ839618] in transcript <-> gene map; returning transcript as it's own gene
[2021-04-27 20:48:41.428] [jointLog] [warning] couldn't find transcript named [DQ516795] in transcript <-> gene map; returning transcript as it's own gene
[2021-04-27 20:48:41.428] [jointLog] [warning] couldn't find transcript named [DQ883658] in transcript <-> gene map; returning transcript as it's own gene
[2021-04-27 20:48:41.428] [jointLog] [warning] couldn't find transcript named [DQ516750] in transcript <-> gene map; returning transcript as it's own gene
[2021-04-27 20:48:41.428] [jointLog] [warning] couldn't find transcript named [DQ668359] in transcript <-> gene map; returning transcript as it's own gene
[2021-04-27 20:48:41.428] [jointLog] [warning] couldn't find transcript named [DQ516779] in transcript <-> gene map; returning transcript as it's own gene
[2021-04-27 20:48:41.428] [jointLog] [warning] couldn't find transcript named [DQ668363] in transcript <-> gene map; returning transcript as it's own gene
[2021-04-27 20:48:41.428] [jointLog] [warning] couldn't find transcript named [DQ516776] in transcript <-> gene map; returning transcript as it's own gene
[2021-04-27 20:48:41.428] [jointLog] [warning] couldn't find transcript named [DQ516773] in transcript <-> gene map; returning transcript as it's own gene
[2021-04-27 20:48:41.428] [jointLog] [warning] couldn't find transcript named [DQ854994] in transcript <-> gene map; returning transcript as it's own gene
[2021-04-27 20:48:41.429] [jointLog] [info] Aggregating expressions to gene level
[2021-04-27 20:48:41.596] [jointLog] [info] done
