[2021-04-27 20:24:34.858] [jointLog] [info] setting maxHashResizeThreads to 6
[2021-04-27 20:24:34.858] [jointLog] [info] Fragment incompatibility prior below threshold.  Incompatible fragments will be ignored.
[2021-04-27 20:24:34.859] [jointLog] [info] numQuantThreads = 3
[2021-04-27 20:24:37.996] [jointLog] [info] replaced 4 non-ACGT nucleotides with random nucleotides
[2021-04-27 20:24:38.266] [fileLog] [info] quantification processed 0 fragments so far

[2021-04-27 20:24:41.015] [fileLog] [info] quantification processed 1000000 fragments so far

[2021-04-27 20:24:44.082] [fileLog] [info] quantification processed 2000000 fragments so far

[2021-04-27 20:24:45.671] [jointLog] [info] 

The alignment group queue pool has been exhausted.  3283684 extra fragments were allocated on the heap to saturate the pool.  No new fragments will be allocated


[2021-04-27 20:24:52.685] [fileLog] [info] quantification processed 3000000 fragments so far

[2021-04-27 20:25:06.745] [fileLog] [info] quantification processed 4000000 fragments so far

[2021-04-27 20:25:20.743] [fileLog] [info] quantification processed 5000000 fragments so far

[2021-04-27 20:25:34.674] [fileLog] [info] quantification processed 6000000 fragments so far

[2021-04-27 20:25:49.143] [fileLog] [info] quantification processed 7000000 fragments so far

[2021-04-27 20:25:52.431] [fileLog] [info] quantification processed 8000000 fragments so far

[2021-04-27 20:25:56.107] [fileLog] [info] quantification processed 9000000 fragments so far

[2021-04-27 20:25:59.191] [fileLog] [info] quantification processed 10000000 fragments so far

[2021-04-27 20:26:02.244] [fileLog] [info] quantification processed 11000000 fragments so far

[2021-04-27 20:26:05.311] [fileLog] [info] quantification processed 12000000 fragments so far

[2021-04-27 20:26:08.413] [fileLog] [info] quantification processed 13000000 fragments so far

[2021-04-27 20:26:11.484] [fileLog] [info] quantification processed 14000000 fragments so far

[2021-04-27 20:26:14.513] [fileLog] [info] quantification processed 15000000 fragments so far

[2021-04-27 20:26:17.599] [fileLog] [info] quantification processed 16000000 fragments so far

[2021-04-27 20:26:20.671] [fileLog] [info] quantification processed 17000000 fragments so far

[2021-04-27 20:26:23.733] [fileLog] [info] quantification processed 18000000 fragments so far

[2021-04-27 20:26:26.856] [fileLog] [info] quantification processed 19000000 fragments so far

[2021-04-27 20:26:29.937] [fileLog] [info] quantification processed 20000000 fragments so far

[2021-04-27 20:26:33.094] [fileLog] [info] quantification processed 21000000 fragments so far

[2021-04-27 20:26:36.215] [fileLog] [info] quantification processed 22000000 fragments so far

[2021-04-27 20:26:39.277] [fileLog] [info] quantification processed 23000000 fragments so far

[2021-04-27 20:26:42.342] [fileLog] [info] quantification processed 24000000 fragments so far

[2021-04-27 20:26:45.503] [fileLog] [info] quantification processed 25000000 fragments so far

[2021-04-27 20:26:48.589] [fileLog] [info] quantification processed 26000000 fragments so far

[2021-04-27 20:26:51.660] [fileLog] [info] quantification processed 27000000 fragments so far

[2021-04-27 20:26:54.706] [fileLog] [info] quantification processed 28000000 fragments so far

[2021-04-27 20:26:57.810] [fileLog] [info] quantification processed 29000000 fragments so far

[2021-04-27 20:27:00.439] [fileLog] [info] quantification processed 29813747 fragments so far

[2021-04-27 20:27:05.905] [jointLog] [info] Thread saw mini-batch with a maximum of 5.20% zero probability fragments
[2021-04-27 20:27:05.907] [jointLog] [info] Thread saw mini-batch with a maximum of 5.70% zero probability fragments
[2021-04-27 20:27:05.908] [jointLog] [info] Thread saw mini-batch with a maximum of 4.00% zero probability fragments
[2021-04-27 20:27:05.909] [jointLog] [info] 


Completed first pass through the alignment file.
Total # of mapped reads : 29813747
# of uniquely mapped reads : 10733582
# ambiguously mapped reads : 19080165



[2021-04-27 20:27:06.045] [jointLog] [info] Computed 228814 rich equivalence classes for further processing
[2021-04-27 20:27:06.045] [jointLog] [info] Counted 29714620 total reads in the equivalence classes 
[2021-04-27 20:27:06.047] [jointLog] [info] starting optimizer
[2021-04-27 20:27:06.143] [jointLog] [info] Marked 0 weighted equivalence classes as degenerate
[2021-04-27 20:27:06.161] [jointLog] [info] iteration = 0 | max rel diff. = 8131.61
[2021-04-27 20:27:07.620] [jointLog] [info] iteration = 100 | max rel diff. = 17.9506
[2021-04-27 20:27:09.056] [jointLog] [info] iteration = 200 | max rel diff. = 16.6499
[2021-04-27 20:27:10.484] [jointLog] [info] iteration = 300 | max rel diff. = 0.947003
[2021-04-27 20:27:11.917] [jointLog] [info] iteration = 400 | max rel diff. = 0.460572
[2021-04-27 20:27:13.346] [jointLog] [info] iteration = 500 | max rel diff. = 9.61546
[2021-04-27 20:27:14.783] [jointLog] [info] iteration = 600 | max rel diff. = 0.0822279
[2021-04-27 20:27:16.208] [jointLog] [info] iteration = 700 | max rel diff. = 0.338278
[2021-04-27 20:27:17.648] [jointLog] [info] iteration = 800 | max rel diff. = 0.475344
[2021-04-27 20:27:19.076] [jointLog] [info] iteration = 900 | max rel diff. = 0.097467
[2021-04-27 20:27:20.501] [jointLog] [info] iteration = 1000 | max rel diff. = 8.77129
[2021-04-27 20:27:21.928] [jointLog] [info] iteration = 1100 | max rel diff. = 0.156127
[2021-04-27 20:27:23.348] [jointLog] [info] iteration = 1200 | max rel diff. = 0.0981483
[2021-04-27 20:27:24.787] [jointLog] [info] iteration = 1300 | max rel diff. = 0.531224
[2021-04-27 20:27:26.207] [jointLog] [info] iteration = 1400 | max rel diff. = 0.783199
[2021-04-27 20:27:27.637] [jointLog] [info] iteration = 1500 | max rel diff. = 0.0675298
[2021-04-27 20:27:29.058] [jointLog] [info] iteration = 1600 | max rel diff. = 0.092284
[2021-04-27 20:27:30.480] [jointLog] [info] iteration = 1700 | max rel diff. = 0.0290737
[2021-04-27 20:27:31.908] [jointLog] [info] iteration = 1800 | max rel diff. = 0.0548065
[2021-04-27 20:27:33.329] [jointLog] [info] iteration = 1900 | max rel diff. = 0.0745919
[2021-04-27 20:27:34.757] [jointLog] [info] iteration = 2000 | max rel diff. = 0.0251936
[2021-04-27 20:27:36.180] [jointLog] [info] iteration = 2100 | max rel diff. = 0.0578811
[2021-04-27 20:27:37.610] [jointLog] [info] iteration = 2200 | max rel diff. = 0.199933
[2021-04-27 20:27:38.913] [jointLog] [info] iteration = 2292 | max rel diff. = 0.0046008
[2021-04-27 20:27:38.939] [jointLog] [info] finished optimizer
[2021-04-27 20:27:38.939] [jointLog] [info] writing output
[2021-04-27 20:27:40.600] [jointLog] [info] Computing gene-level abundance estimates
[2021-04-27 20:28:08.628] [jointLog] [warning] Feature has no GFF ID
[2021-04-27 20:28:08.628] [jointLog] [warning] Feature has no GFF ID
[2021-04-27 20:28:08.628] [jointLog] [warning] Feature has no GFF ID
[2021-04-27 20:28:08.628] [jointLog] [warning] Feature has no GFF ID
[2021-04-27 20:28:08.628] [jointLog] [warning] Feature has no GFF ID
[2021-04-27 20:28:08.628] [jointLog] [warning] Feature has no GFF ID
[2021-04-27 20:28:08.628] [jointLog] [warning] Feature has no GFF ID
[2021-04-27 20:28:08.628] [jointLog] [warning] Feature has no GFF ID
[2021-04-27 20:28:08.628] [jointLog] [warning] Feature has no GFF ID
[2021-04-27 20:28:08.628] [jointLog] [warning] Feature has no GFF ID
[2021-04-27 20:28:08.628] [jointLog] [warning] Feature has no GFF ID
[2021-04-27 20:28:08.628] [jointLog] [warning] Feature has no GFF ID
[2021-04-27 20:28:08.628] [jointLog] [warning] Feature has no GFF ID
[2021-04-27 20:28:08.628] [jointLog] [warning] Feature has no GFF ID
[2021-04-27 20:28:08.628] [jointLog] [warning] Feature has no GFF ID
[2021-04-27 20:28:08.628] [jointLog] [warning] Feature has no GFF ID
[2021-04-27 20:28:08.628] [jointLog] [warning] Feature has no GFF ID
[2021-04-27 20:28:08.628] [jointLog] [warning] Feature has no GFF ID
[2021-04-27 20:28:08.628] [jointLog] [warning] Feature has no GFF ID
[2021-04-27 20:28:08.628] [jointLog] [warning] Feature has no GFF ID
[2021-04-27 20:28:08.628] [jointLog] [warning] Feature has no GFF ID
[2021-04-27 20:28:08.628] [jointLog] [warning] Feature has no GFF ID
[2021-04-27 20:28:08.628] [jointLog] [warning] Feature has no GFF ID
[2021-04-27 20:28:08.628] [jointLog] [warning] Feature has no GFF ID
[2021-04-27 20:28:08.628] [jointLog] [warning] Feature has no GFF ID
[2021-04-27 20:28:08.628] [jointLog] [warning] Feature has no GFF ID
[2021-04-27 20:28:08.628] [jointLog] [warning] Feature has no GFF ID
[2021-04-27 20:28:08.628] [jointLog] [warning] Feature has no GFF ID
[2021-04-27 20:28:08.628] [jointLog] [warning] Feature has no GFF ID
[2021-04-27 20:28:08.628] [jointLog] [warning] Feature has no GFF ID
[2021-04-27 20:28:08.628] [jointLog] [warning] Feature has no GFF ID
[2021-04-27 20:28:08.628] [jointLog] [warning] Feature has no GFF ID
[2021-04-27 20:28:08.628] [jointLog] [warning] Feature has no GFF ID
[2021-04-27 20:28:08.628] [jointLog] [warning] Feature has no GFF ID
[2021-04-27 20:28:08.628] [jointLog] [warning] Feature has no GFF ID
[2021-04-27 20:28:08.628] [jointLog] [warning] Feature has no GFF ID
[2021-04-27 20:28:08.628] [jointLog] [warning] Feature has no GFF ID
[2021-04-27 20:28:08.628] [jointLog] [warning] Feature has no GFF ID
[2021-04-27 20:28:08.628] [jointLog] [warning] Feature has no GFF ID
[2021-04-27 20:28:08.628] [jointLog] [warning] Feature has no GFF ID
[2021-04-27 20:28:08.628] [jointLog] [warning] Feature has no GFF ID
[2021-04-27 20:28:08.628] [jointLog] [warning] Feature has no GFF ID
[2021-04-27 20:28:08.628] [jointLog] [warning] Feature has no GFF ID
[2021-04-27 20:28:08.628] [jointLog] [warning] Feature has no GFF ID
[2021-04-27 20:28:08.628] [jointLog] [warning] Feature has no GFF ID
[2021-04-27 20:28:08.628] [jointLog] [warning] Feature has no GFF ID
[2021-04-27 20:28:08.628] [jointLog] [warning] Feature has no GFF ID
[2021-04-27 20:28:08.628] [jointLog] [warning] Feature has no GFF ID
[2021-04-27 20:28:08.628] [jointLog] [warning] Feature has no GFF ID
[2021-04-27 20:28:08.628] [jointLog] [warning] Feature has no GFF ID
[2021-04-27 20:28:08.628] [jointLog] [warning] Feature has no GFF ID
[2021-04-27 20:28:08.628] [jointLog] [warning] Feature has no GFF ID
[2021-04-27 20:28:08.628] [jointLog] [warning] Feature has no GFF ID
[2021-04-27 20:28:08.628] [jointLog] [warning] Feature has no GFF ID
[2021-04-27 20:28:08.628] [jointLog] [warning] Feature has no GFF ID
[2021-04-27 20:28:08.628] [jointLog] [warning] Feature has no GFF ID
[2021-04-27 20:28:08.628] [jointLog] [warning] Feature has no GFF ID
[2021-04-27 20:28:08.628] [jointLog] [warning] Feature has no GFF ID
[2021-04-27 20:28:08.628] [jointLog] [warning] Feature has no GFF ID
[2021-04-27 20:28:08.628] [jointLog] [warning] Feature has no GFF ID
[2021-04-27 20:28:08.628] [jointLog] [warning] Feature has no GFF ID
[2021-04-27 20:28:08.628] [jointLog] [warning] Feature has no GFF ID
[2021-04-27 20:28:08.628] [jointLog] [warning] Feature has no GFF ID
[2021-04-27 20:28:08.628] [jointLog] [warning] Feature has no GFF ID
[2021-04-27 20:28:08.628] [jointLog] [warning] Feature has no GFF ID
[2021-04-27 20:28:08.628] [jointLog] [warning] Feature has no GFF ID
[2021-04-27 20:28:08.628] [jointLog] [warning] Feature has no GFF ID
[2021-04-27 20:28:08.628] [jointLog] [warning] Feature has no GFF ID
[2021-04-27 20:28:08.628] [jointLog] [warning] Feature has no GFF ID
[2021-04-27 20:28:08.628] [jointLog] [warning] Feature has no GFF ID
[2021-04-27 20:28:08.628] [jointLog] [warning] Feature has no GFF ID
[2021-04-27 20:28:08.628] [jointLog] [warning] Feature has no GFF ID
[2021-04-27 20:28:08.628] [jointLog] [warning] Feature has no GFF ID
[2021-04-27 20:28:08.628] [jointLog] [warning] Feature has no GFF ID
[2021-04-27 20:28:08.628] [jointLog] [warning] Feature has no GFF ID
[2021-04-27 20:28:08.628] [jointLog] [warning] Feature has no GFF ID
[2021-04-27 20:28:08.628] [jointLog] [warning] Feature has no GFF ID
[2021-04-27 20:28:08.628] [jointLog] [warning] Feature has no GFF ID
[2021-04-27 20:28:08.628] [jointLog] [warning] Feature has no GFF ID
[2021-04-27 20:28:08.628] [jointLog] [warning] Feature has no GFF ID
[2021-04-27 20:28:08.628] [jointLog] [warning] Feature has no GFF ID
[2021-04-27 20:28:08.628] [jointLog] [warning] Feature has no GFF ID
[2021-04-27 20:28:08.628] [jointLog] [warning] Feature has no GFF ID
[2021-04-27 20:28:08.628] [jointLog] [warning] Feature has no GFF ID
[2021-04-27 20:28:08.628] [jointLog] [warning] Feature has no GFF ID
[2021-04-27 20:28:08.628] [jointLog] [warning] Feature has no GFF ID
[2021-04-27 20:28:08.628] [jointLog] [warning] Feature has no GFF ID
[2021-04-27 20:28:08.628] [jointLog] [warning] Feature has no GFF ID
[2021-04-27 20:28:08.628] [jointLog] [warning] Feature has no GFF ID
[2021-04-27 20:28:08.628] [jointLog] [warning] Feature has no GFF ID
[2021-04-27 20:28:08.628] [jointLog] [warning] Feature has no GFF ID
[2021-04-27 20:28:08.628] [jointLog] [warning] Feature has no GFF ID
[2021-04-27 20:28:08.921] [jointLog] [info] There were 142604 transcripts mapping to 55401 genes
[2021-04-27 20:28:08.921] [jointLog] [info] NOTE: We recommend using tximport (https://bioconductor.org/packages/release/bioc/html/tximport.html) for aggregating transcript-level salmon abundance estimates to the gene level.  It is more versatile, exposes more features, and allows considering multi-sample information during aggregation.
[2021-04-27 20:28:09.193] [jointLog] [warning] couldn't find transcript named [DQ459430] in transcript <-> gene map; returning transcript as it's own gene
[2021-04-27 20:28:09.193] [jointLog] [warning] couldn't find transcript named [DQ516784] in transcript <-> gene map; returning transcript as it's own gene
[2021-04-27 20:28:09.193] [jointLog] [warning] couldn't find transcript named [DQ516752] in transcript <-> gene map; returning transcript as it's own gene
[2021-04-27 20:28:09.193] [jointLog] [warning] couldn't find transcript named [DQ668364] in transcript <-> gene map; returning transcript as it's own gene
[2021-04-27 20:28:09.193] [jointLog] [warning] couldn't find transcript named [DQ883670] in transcript <-> gene map; returning transcript as it's own gene
[2021-04-27 20:28:09.193] [jointLog] [warning] couldn't find transcript named [EF011062] in transcript <-> gene map; returning transcript as it's own gene
[2021-04-27 20:28:09.193] [jointLog] [warning] couldn't find transcript named [DQ875385] in transcript <-> gene map; returning transcript as it's own gene
[2021-04-27 20:28:09.193] [jointLog] [warning] couldn't find transcript named [DQ883664] in transcript <-> gene map; returning transcript as it's own gene
[2021-04-27 20:28:09.193] [jointLog] [warning] couldn't find transcript named [DQ459420] in transcript <-> gene map; returning transcript as it's own gene
[2021-04-27 20:28:09.193] [jointLog] [warning] couldn't find transcript named [DQ883651] in transcript <-> gene map; returning transcript as it's own gene
[2021-04-27 20:28:09.193] [jointLog] [warning] couldn't find transcript named [DQ855004] in transcript <-> gene map; returning transcript as it's own gene
[2021-04-27 20:28:09.193] [jointLog] [warning] couldn't find transcript named [DQ854993] in transcript <-> gene map; returning transcript as it's own gene
[2021-04-27 20:28:09.193] [jointLog] [warning] couldn't find transcript named [DQ883689] in transcript <-> gene map; returning transcript as it's own gene
[2021-04-27 20:28:09.193] [jointLog] [warning] couldn't find transcript named [DQ459419] in transcript <-> gene map; returning transcript as it's own gene
[2021-04-27 20:28:09.193] [jointLog] [warning] couldn't find transcript named [DQ459431] in transcript <-> gene map; returning transcript as it's own gene
[2021-04-27 20:28:09.193] [jointLog] [warning] couldn't find transcript named [DQ516796] in transcript <-> gene map; returning transcript as it's own gene
[2021-04-27 20:28:09.193] [jointLog] [warning] couldn't find transcript named [DQ855001] in transcript <-> gene map; returning transcript as it's own gene
[2021-04-27 20:28:09.193] [jointLog] [warning] couldn't find transcript named [DQ459413] in transcript <-> gene map; returning transcript as it's own gene
[2021-04-27 20:28:09.193] [jointLog] [warning] couldn't find transcript named [DQ883656] in transcript <-> gene map; returning transcript as it's own gene
[2021-04-27 20:28:09.193] [jointLog] [warning] couldn't find transcript named [DQ883661] in transcript <-> gene map; returning transcript as it's own gene
[2021-04-27 20:28:09.193] [jointLog] [warning] couldn't find transcript named [EF011069] in transcript <-> gene map; returning transcript as it's own gene
[2021-04-27 20:28:09.193] [jointLog] [warning] couldn't find transcript named [DQ516783] in transcript <-> gene map; returning transcript as it's own gene
[2021-04-27 20:28:09.193] [jointLog] [warning] couldn't find transcript named [DQ516787] in transcript <-> gene map; returning transcript as it's own gene
[2021-04-27 20:28:09.193] [jointLog] [warning] couldn't find transcript named [DQ459424] in transcript <-> gene map; returning transcript as it's own gene
[2021-04-27 20:28:09.193] [jointLog] [warning] couldn't find transcript named [DQ516748] in transcript <-> gene map; returning transcript as it's own gene
[2021-04-27 20:28:09.193] [jointLog] [warning] couldn't find transcript named [DQ883671] in transcript <-> gene map; returning transcript as it's own gene
[2021-04-27 20:28:09.193] [jointLog] [warning] couldn't find transcript named [DQ516740] in transcript <-> gene map; returning transcript as it's own gene
[2021-04-27 20:28:09.193] [jointLog] [warning] couldn't find transcript named [DQ516785] in transcript <-> gene map; returning transcript as it's own gene
[2021-04-27 20:28:09.193] [jointLog] [warning] couldn't find transcript named [DQ516731] in transcript <-> gene map; returning transcript as it's own gene
[2021-04-27 20:28:09.193] [jointLog] [warning] couldn't find transcript named [DQ668366] in transcript <-> gene map; returning transcript as it's own gene
[2021-04-27 20:28:09.193] [jointLog] [warning] couldn't find transcript named [DQ459418] in transcript <-> gene map; returning transcript as it's own gene
[2021-04-27 20:28:09.193] [jointLog] [warning] couldn't find transcript named [DQ668356] in transcript <-> gene map; returning transcript as it's own gene
[2021-04-27 20:28:09.193] [jointLog] [warning] couldn't find transcript named [DQ516763] in transcript <-> gene map; returning transcript as it's own gene
[2021-04-27 20:28:09.193] [jointLog] [warning] couldn't find transcript named [DQ459426] in transcript <-> gene map; returning transcript as it's own gene
[2021-04-27 20:28:09.193] [jointLog] [warning] couldn't find transcript named [DQ516786] in transcript <-> gene map; returning transcript as it's own gene
[2021-04-27 20:28:09.193] [jointLog] [warning] couldn't find transcript named [DQ883653] in transcript <-> gene map; returning transcript as it's own gene
[2021-04-27 20:28:09.193] [jointLog] [warning] couldn't find transcript named [DQ459421] in transcript <-> gene map; returning transcript as it's own gene
[2021-04-27 20:28:09.193] [jointLog] [warning] couldn't find transcript named [DQ883654] in transcript <-> gene map; returning transcript as it's own gene
[2021-04-27 20:28:09.193] [jointLog] [warning] couldn't find transcript named [DQ668358] in transcript <-> gene map; returning transcript as it's own gene
[2021-04-27 20:28:09.193] [jointLog] [warning] couldn't find transcript named [DQ516754] in transcript <-> gene map; returning transcript as it's own gene
[2021-04-27 20:28:09.193] [jointLog] [warning] couldn't find transcript named [DQ516778] in transcript <-> gene map; returning transcript as it's own gene
[2021-04-27 20:28:09.193] [jointLog] [warning] couldn't find transcript named [DQ883650] in transcript <-> gene map; returning transcript as it's own gene
[2021-04-27 20:28:09.193] [jointLog] [warning] couldn't find transcript named [DQ516742] in transcript <-> gene map; returning transcript as it's own gene
[2021-04-27 20:28:09.193] [jointLog] [warning] couldn't find transcript named [DQ883673] in transcript <-> gene map; returning transcript as it's own gene
[2021-04-27 20:28:09.193] [jointLog] [warning] couldn't find transcript named [DQ883652] in transcript <-> gene map; returning transcript as it's own gene
[2021-04-27 20:28:09.193] [jointLog] [warning] couldn't find transcript named [DQ854991] in transcript <-> gene map; returning transcript as it's own gene
[2021-04-27 20:28:09.193] [jointLog] [warning] couldn't find transcript named [DQ516780] in transcript <-> gene map; returning transcript as it's own gene
[2021-04-27 20:28:09.193] [jointLog] [warning] couldn't find transcript named [DQ883682] in transcript <-> gene map; returning transcript as it's own gene
[2021-04-27 20:28:09.193] [jointLog] [warning] couldn't find transcript named [DQ883669] in transcript <-> gene map; returning transcript as it's own gene
[2021-04-27 20:28:09.193] [jointLog] [warning] couldn't find transcript named [DQ516791] in transcript <-> gene map; returning transcript as it's own gene
[2021-04-27 20:28:09.193] [jointLog] [warning] couldn't find transcript named [DQ459425] in transcript <-> gene map; returning transcript as it's own gene
[2021-04-27 20:28:09.193] [jointLog] [warning] couldn't find transcript named [DQ516759] in transcript <-> gene map; returning transcript as it's own gene
[2021-04-27 20:28:09.193] [jointLog] [warning] couldn't find transcript named [DQ459429] in transcript <-> gene map; returning transcript as it's own gene
[2021-04-27 20:28:09.193] [jointLog] [warning] couldn't find transcript named [DQ516758] in transcript <-> gene map; returning transcript as it's own gene
[2021-04-27 20:28:09.193] [jointLog] [warning] couldn't find transcript named [DQ459415] in transcript <-> gene map; returning transcript as it's own gene
[2021-04-27 20:28:09.193] [jointLog] [warning] couldn't find transcript named [DQ875387] in transcript <-> gene map; returning transcript as it's own gene
[2021-04-27 20:28:09.193] [jointLog] [warning] couldn't find transcript named [DQ516815] in transcript <-> gene map; returning transcript as it's own gene
[2021-04-27 20:28:09.193] [jointLog] [warning] couldn't find transcript named [DQ668365] in transcript <-> gene map; returning transcript as it's own gene
[2021-04-27 20:28:09.193] [jointLog] [warning] couldn't find transcript named [DQ854998] in transcript <-> gene map; returning transcript as it's own gene
[2021-04-27 20:28:09.193] [jointLog] [warning] couldn't find transcript named [DQ883685] in transcript <-> gene map; returning transcript as it's own gene
[2021-04-27 20:28:09.193] [jointLog] [warning] couldn't find transcript named [DQ459422] in transcript <-> gene map; returning transcript as it's own gene
[2021-04-27 20:28:09.193] [jointLog] [warning] couldn't find transcript named [DQ883663] in transcript <-> gene map; returning transcript as it's own gene
[2021-04-27 20:28:09.193] [jointLog] [warning] couldn't find transcript named [DQ668367] in transcript <-> gene map; returning transcript as it's own gene
[2021-04-27 20:28:09.193] [jointLog] [warning] couldn't find transcript named [DQ459412] in transcript <-> gene map; returning transcript as it's own gene
[2021-04-27 20:28:09.193] [jointLog] [warning] couldn't find transcript named [DQ854992] in transcript <-> gene map; returning transcript as it's own gene
[2021-04-27 20:28:09.193] [jointLog] [warning] couldn't find transcript named [DQ516782] in transcript <-> gene map; returning transcript as it's own gene
[2021-04-27 20:28:09.193] [jointLog] [warning] couldn't find transcript named [DQ459427] in transcript <-> gene map; returning transcript as it's own gene
[2021-04-27 20:28:09.193] [jointLog] [warning] couldn't find transcript named [EF011072] in transcript <-> gene map; returning transcript as it's own gene
[2021-04-27 20:28:09.193] [jointLog] [warning] couldn't find transcript named [DQ855003] in transcript <-> gene map; returning transcript as it's own gene
[2021-04-27 20:28:09.193] [jointLog] [warning] couldn't find transcript named [DQ516739] in transcript <-> gene map; returning transcript as it's own gene
[2021-04-27 20:28:09.193] [jointLog] [warning] couldn't find transcript named [EF011063] in transcript <-> gene map; returning transcript as it's own gene
[2021-04-27 20:28:09.193] [jointLog] [warning] couldn't find transcript named [DQ855000] in transcript <-> gene map; returning transcript as it's own gene
[2021-04-27 20:28:09.193] [jointLog] [warning] couldn't find transcript named [DQ516777] in transcript <-> gene map; returning transcript as it's own gene
[2021-04-27 20:28:09.193] [jointLog] [warning] couldn't find transcript named [DQ883646] in transcript <-> gene map; returning transcript as it's own gene
[2021-04-27 20:28:09.193] [jointLog] [warning] couldn't find transcript named [DQ668362] in transcript <-> gene map; returning transcript as it's own gene
[2021-04-27 20:28:09.193] [jointLog] [warning] couldn't find transcript named [DQ854995] in transcript <-> gene map; returning transcript as it's own gene
[2021-04-27 20:28:09.193] [jointLog] [warning] couldn't find transcript named [DQ875386] in transcript <-> gene map; returning transcript as it's own gene
[2021-04-27 20:28:09.193] [jointLog] [warning] couldn't find transcript named [DQ516790] in transcript <-> gene map; returning transcript as it's own gene
[2021-04-27 20:28:09.193] [jointLog] [warning] couldn't find transcript named [DQ883642] in transcript <-> gene map; returning transcript as it's own gene
[2021-04-27 20:28:09.193] [jointLog] [warning] couldn't find transcript named [DQ883659] in transcript <-> gene map; returning transcript as it's own gene
[2021-04-27 20:28:09.193] [jointLog] [warning] couldn't find transcript named [DQ854997] in transcript <-> gene map; returning transcript as it's own gene
[2021-04-27 20:28:09.193] [jointLog] [warning] couldn't find transcript named [DQ883643] in transcript <-> gene map; returning transcript as it's own gene
[2021-04-27 20:28:09.193] [jointLog] [warning] couldn't find transcript named [DQ839618] in transcript <-> gene map; returning transcript as it's own gene
[2021-04-27 20:28:09.193] [jointLog] [warning] couldn't find transcript named [DQ516795] in transcript <-> gene map; returning transcript as it's own gene
[2021-04-27 20:28:09.193] [jointLog] [warning] couldn't find transcript named [DQ883658] in transcript <-> gene map; returning transcript as it's own gene
[2021-04-27 20:28:09.193] [jointLog] [warning] couldn't find transcript named [DQ516750] in transcript <-> gene map; returning transcript as it's own gene
[2021-04-27 20:28:09.193] [jointLog] [warning] couldn't find transcript named [DQ668359] in transcript <-> gene map; returning transcript as it's own gene
[2021-04-27 20:28:09.193] [jointLog] [warning] couldn't find transcript named [DQ516779] in transcript <-> gene map; returning transcript as it's own gene
[2021-04-27 20:28:09.193] [jointLog] [warning] couldn't find transcript named [DQ668363] in transcript <-> gene map; returning transcript as it's own gene
[2021-04-27 20:28:09.193] [jointLog] [warning] couldn't find transcript named [DQ516776] in transcript <-> gene map; returning transcript as it's own gene
[2021-04-27 20:28:09.193] [jointLog] [warning] couldn't find transcript named [DQ516773] in transcript <-> gene map; returning transcript as it's own gene
[2021-04-27 20:28:09.193] [jointLog] [warning] couldn't find transcript named [DQ854994] in transcript <-> gene map; returning transcript as it's own gene
[2021-04-27 20:28:09.193] [jointLog] [info] Aggregating expressions to gene level
[2021-04-27 20:28:09.345] [jointLog] [info] done
