[2021-04-27 20:49:33.033] [jointLog] [info] setting maxHashResizeThreads to 6
[2021-04-27 20:49:33.033] [jointLog] [info] Fragment incompatibility prior below threshold.  Incompatible fragments will be ignored.
[2021-04-27 20:49:33.034] [jointLog] [info] numQuantThreads = 3
[2021-04-27 20:49:36.065] [jointLog] [info] replaced 4 non-ACGT nucleotides with random nucleotides
[2021-04-27 20:49:36.341] [fileLog] [info] quantification processed 0 fragments so far

[2021-04-27 20:49:39.367] [fileLog] [info] quantification processed 1000000 fragments so far

[2021-04-27 20:49:43.079] [fileLog] [info] quantification processed 2000000 fragments so far

[2021-04-27 20:49:44.435] [jointLog] [info] 

The alignment group queue pool has been exhausted.  3445931 extra fragments were allocated on the heap to saturate the pool.  No new fragments will be allocated


[2021-04-27 20:49:53.183] [fileLog] [info] quantification processed 3000000 fragments so far

[2021-04-27 20:50:07.211] [fileLog] [info] quantification processed 4000000 fragments so far

[2021-04-27 20:50:21.046] [fileLog] [info] quantification processed 5000000 fragments so far

[2021-04-27 20:50:34.397] [fileLog] [info] quantification processed 6000000 fragments so far

[2021-04-27 20:50:47.685] [fileLog] [info] quantification processed 7000000 fragments so far

[2021-04-27 20:50:51.248] [fileLog] [info] quantification processed 8000000 fragments so far

[2021-04-27 20:50:55.207] [fileLog] [info] quantification processed 9000000 fragments so far

[2021-04-27 20:50:59.164] [fileLog] [info] quantification processed 10000000 fragments so far

[2021-04-27 20:51:02.344] [fileLog] [info] quantification processed 11000000 fragments so far

[2021-04-27 20:51:06.159] [fileLog] [info] quantification processed 12000000 fragments so far

[2021-04-27 20:51:10.275] [fileLog] [info] quantification processed 13000000 fragments so far

[2021-04-27 20:51:13.942] [fileLog] [info] quantification processed 14000000 fragments so far

[2021-04-27 20:51:17.546] [fileLog] [info] quantification processed 15000000 fragments so far

[2021-04-27 20:51:21.333] [fileLog] [info] quantification processed 16000000 fragments so far

[2021-04-27 20:51:23.333] [fileLog] [info] quantification processed 17000000 fragments so far

[2021-04-27 20:51:25.565] [fileLog] [info] quantification processed 18000000 fragments so far

[2021-04-27 20:51:29.064] [fileLog] [info] quantification processed 19000000 fragments so far

[2021-04-27 20:51:32.815] [fileLog] [info] quantification processed 20000000 fragments so far

[2021-04-27 20:51:37.243] [fileLog] [info] quantification processed 21000000 fragments so far

[2021-04-27 20:51:39.628] [fileLog] [info] quantification processed 22000000 fragments so far

[2021-04-27 20:51:43.077] [fileLog] [info] quantification processed 23000000 fragments so far

[2021-04-27 20:51:48.152] [fileLog] [info] quantification processed 24000000 fragments so far

[2021-04-27 20:51:51.738] [fileLog] [info] quantification processed 25000000 fragments so far

[2021-04-27 20:51:54.220] [fileLog] [info] quantification processed 26000000 fragments so far

[2021-04-27 20:51:57.858] [fileLog] [info] quantification processed 27000000 fragments so far

[2021-04-27 20:52:01.911] [fileLog] [info] quantification processed 28000000 fragments so far

[2021-04-27 20:52:05.316] [fileLog] [info] quantification processed 29000000 fragments so far

[2021-04-27 20:52:08.396] [fileLog] [info] quantification processed 30000000 fragments so far

[2021-04-27 20:52:14.106] [fileLog] [info] quantification processed 31000000 fragments so far

[2021-04-27 20:52:19.119] [fileLog] [info] quantification processed 32000000 fragments so far

[2021-04-27 20:52:24.640] [fileLog] [info] quantification processed 33000000 fragments so far

[2021-04-27 20:52:27.242] [fileLog] [info] quantification processed 34000000 fragments so far

[2021-04-27 20:52:30.290] [fileLog] [info] quantification processed 35000000 fragments so far

[2021-04-27 20:52:35.378] [fileLog] [info] quantification processed 36000000 fragments so far

[2021-04-27 20:52:40.171] [fileLog] [info] quantification processed 37000000 fragments so far

[2021-04-27 20:52:44.794] [fileLog] [info] quantification processed 38000000 fragments so far

[2021-04-27 20:52:50.176] [fileLog] [info] quantification processed 39000000 fragments so far

[2021-04-27 20:52:56.077] [fileLog] [info] quantification processed 40000000 fragments so far

[2021-04-27 20:53:01.370] [fileLog] [info] quantification processed 41000000 fragments so far

[2021-04-27 20:53:06.974] [fileLog] [info] quantification processed 42000000 fragments so far

[2021-04-27 20:53:12.027] [fileLog] [info] quantification processed 43000000 fragments so far

[2021-04-27 20:53:12.694] [jointLog] [info] Thread saw mini-batch with a maximum of 11.50% zero probability fragments
[2021-04-27 20:53:12.695] [jointLog] [info] Thread saw mini-batch with a maximum of 12.80% zero probability fragments
[2021-04-27 20:53:12.702] [jointLog] [info] Thread saw mini-batch with a maximum of 12.30% zero probability fragments
[2021-04-27 20:53:12.703] [jointLog] [info] 


Completed first pass through the alignment file.
Total # of mapped reads : 43146009
# of uniquely mapped reads : 15315817
# ambiguously mapped reads : 27830192



[2021-04-27 20:53:12.890] [jointLog] [info] Computed 240850 rich equivalence classes for further processing
[2021-04-27 20:53:12.890] [jointLog] [info] Counted 42974048 total reads in the equivalence classes 
[2021-04-27 20:53:12.894] [jointLog] [info] starting optimizer
[2021-04-27 20:53:13.032] [jointLog] [info] Marked 0 weighted equivalence classes as degenerate
[2021-04-27 20:53:13.066] [jointLog] [info] iteration = 0 | max rel diff. = 4176.99
[2021-04-27 20:53:12.694] [fileLog] [info] quantification processed 43146009 fragments so far

[2021-04-27 20:53:14.621] [jointLog] [info] iteration = 100 | max rel diff. = 13.4811
[2021-04-27 20:53:16.132] [jointLog] [info] iteration = 200 | max rel diff. = 5.35218
[2021-04-27 20:53:17.751] [jointLog] [info] iteration = 300 | max rel diff. = 20.2184
[2021-04-27 20:53:19.451] [jointLog] [info] iteration = 400 | max rel diff. = 0.450393
[2021-04-27 20:53:20.987] [jointLog] [info] iteration = 500 | max rel diff. = 4.9577
[2021-04-27 20:53:22.513] [jointLog] [info] iteration = 600 | max rel diff. = 0.454473
[2021-04-27 20:53:24.026] [jointLog] [info] iteration = 700 | max rel diff. = 0.620161
[2021-04-27 20:53:25.542] [jointLog] [info] iteration = 800 | max rel diff. = 14.3154
[2021-04-27 20:53:27.031] [jointLog] [info] iteration = 900 | max rel diff. = 0.079989
[2021-04-27 20:53:28.577] [jointLog] [info] iteration = 1000 | max rel diff. = 0.0501331
[2021-04-27 20:53:30.054] [jointLog] [info] iteration = 1100 | max rel diff. = 0.101886
[2021-04-27 20:53:31.548] [jointLog] [info] iteration = 1200 | max rel diff. = 0.14704
[2021-04-27 20:53:33.045] [jointLog] [info] iteration = 1300 | max rel diff. = 0.707015
[2021-04-27 20:53:34.520] [jointLog] [info] iteration = 1400 | max rel diff. = 0.103496
[2021-04-27 20:53:35.993] [jointLog] [info] iteration = 1500 | max rel diff. = 0.041505
[2021-04-27 20:53:37.492] [jointLog] [info] iteration = 1600 | max rel diff. = 0.0741911
[2021-04-27 20:53:39.002] [jointLog] [info] iteration = 1700 | max rel diff. = 1.37147
[2021-04-27 20:53:40.476] [jointLog] [info] iteration = 1800 | max rel diff. = 0.0947678
[2021-04-27 20:53:41.960] [jointLog] [info] iteration = 1900 | max rel diff. = 0.029044
[2021-04-27 20:53:43.543] [jointLog] [info] iteration = 2000 | max rel diff. = 0.0719842
[2021-04-27 20:53:44.043] [jointLog] [info] iteration = 2035 | max rel diff. = 0.00551527
[2021-04-27 20:53:44.081] [jointLog] [info] finished optimizer
[2021-04-27 20:53:44.081] [jointLog] [info] writing output
[2021-04-27 20:53:46.025] [jointLog] [info] Computing gene-level abundance estimates
[2021-04-27 20:54:14.124] [jointLog] [warning] Feature has no GFF ID
[2021-04-27 20:54:14.124] [jointLog] [warning] Feature has no GFF ID
[2021-04-27 20:54:14.124] [jointLog] [warning] Feature has no GFF ID
[2021-04-27 20:54:14.124] [jointLog] [warning] Feature has no GFF ID
[2021-04-27 20:54:14.124] [jointLog] [warning] Feature has no GFF ID
[2021-04-27 20:54:14.124] [jointLog] [warning] Feature has no GFF ID
[2021-04-27 20:54:14.124] [jointLog] [warning] Feature has no GFF ID
[2021-04-27 20:54:14.124] [jointLog] [warning] Feature has no GFF ID
[2021-04-27 20:54:14.124] [jointLog] [warning] Feature has no GFF ID
[2021-04-27 20:54:14.124] [jointLog] [warning] Feature has no GFF ID
[2021-04-27 20:54:14.124] [jointLog] [warning] Feature has no GFF ID
[2021-04-27 20:54:14.124] [jointLog] [warning] Feature has no GFF ID
[2021-04-27 20:54:14.124] [jointLog] [warning] Feature has no GFF ID
[2021-04-27 20:54:14.124] [jointLog] [warning] Feature has no GFF ID
[2021-04-27 20:54:14.124] [jointLog] [warning] Feature has no GFF ID
[2021-04-27 20:54:14.124] [jointLog] [warning] Feature has no GFF ID
[2021-04-27 20:54:14.124] [jointLog] [warning] Feature has no GFF ID
[2021-04-27 20:54:14.124] [jointLog] [warning] Feature has no GFF ID
[2021-04-27 20:54:14.124] [jointLog] [warning] Feature has no GFF ID
[2021-04-27 20:54:14.124] [jointLog] [warning] Feature has no GFF ID
[2021-04-27 20:54:14.124] [jointLog] [warning] Feature has no GFF ID
[2021-04-27 20:54:14.124] [jointLog] [warning] Feature has no GFF ID
[2021-04-27 20:54:14.124] [jointLog] [warning] Feature has no GFF ID
[2021-04-27 20:54:14.124] [jointLog] [warning] Feature has no GFF ID
[2021-04-27 20:54:14.124] [jointLog] [warning] Feature has no GFF ID
[2021-04-27 20:54:14.124] [jointLog] [warning] Feature has no GFF ID
[2021-04-27 20:54:14.124] [jointLog] [warning] Feature has no GFF ID
[2021-04-27 20:54:14.124] [jointLog] [warning] Feature has no GFF ID
[2021-04-27 20:54:14.124] [jointLog] [warning] Feature has no GFF ID
[2021-04-27 20:54:14.124] [jointLog] [warning] Feature has no GFF ID
[2021-04-27 20:54:14.124] [jointLog] [warning] Feature has no GFF ID
[2021-04-27 20:54:14.124] [jointLog] [warning] Feature has no GFF ID
[2021-04-27 20:54:14.124] [jointLog] [warning] Feature has no GFF ID
[2021-04-27 20:54:14.124] [jointLog] [warning] Feature has no GFF ID
[2021-04-27 20:54:14.124] [jointLog] [warning] Feature has no GFF ID
[2021-04-27 20:54:14.124] [jointLog] [warning] Feature has no GFF ID
[2021-04-27 20:54:14.124] [jointLog] [warning] Feature has no GFF ID
[2021-04-27 20:54:14.124] [jointLog] [warning] Feature has no GFF ID
[2021-04-27 20:54:14.124] [jointLog] [warning] Feature has no GFF ID
[2021-04-27 20:54:14.124] [jointLog] [warning] Feature has no GFF ID
[2021-04-27 20:54:14.124] [jointLog] [warning] Feature has no GFF ID
[2021-04-27 20:54:14.124] [jointLog] [warning] Feature has no GFF ID
[2021-04-27 20:54:14.124] [jointLog] [warning] Feature has no GFF ID
[2021-04-27 20:54:14.124] [jointLog] [warning] Feature has no GFF ID
[2021-04-27 20:54:14.124] [jointLog] [warning] Feature has no GFF ID
[2021-04-27 20:54:14.124] [jointLog] [warning] Feature has no GFF ID
[2021-04-27 20:54:14.124] [jointLog] [warning] Feature has no GFF ID
[2021-04-27 20:54:14.124] [jointLog] [warning] Feature has no GFF ID
[2021-04-27 20:54:14.124] [jointLog] [warning] Feature has no GFF ID
[2021-04-27 20:54:14.124] [jointLog] [warning] Feature has no GFF ID
[2021-04-27 20:54:14.124] [jointLog] [warning] Feature has no GFF ID
[2021-04-27 20:54:14.124] [jointLog] [warning] Feature has no GFF ID
[2021-04-27 20:54:14.124] [jointLog] [warning] Feature has no GFF ID
[2021-04-27 20:54:14.124] [jointLog] [warning] Feature has no GFF ID
[2021-04-27 20:54:14.124] [jointLog] [warning] Feature has no GFF ID
[2021-04-27 20:54:14.124] [jointLog] [warning] Feature has no GFF ID
[2021-04-27 20:54:14.124] [jointLog] [warning] Feature has no GFF ID
[2021-04-27 20:54:14.124] [jointLog] [warning] Feature has no GFF ID
[2021-04-27 20:54:14.124] [jointLog] [warning] Feature has no GFF ID
[2021-04-27 20:54:14.124] [jointLog] [warning] Feature has no GFF ID
[2021-04-27 20:54:14.124] [jointLog] [warning] Feature has no GFF ID
[2021-04-27 20:54:14.124] [jointLog] [warning] Feature has no GFF ID
[2021-04-27 20:54:14.124] [jointLog] [warning] Feature has no GFF ID
[2021-04-27 20:54:14.124] [jointLog] [warning] Feature has no GFF ID
[2021-04-27 20:54:14.124] [jointLog] [warning] Feature has no GFF ID
[2021-04-27 20:54:14.124] [jointLog] [warning] Feature has no GFF ID
[2021-04-27 20:54:14.124] [jointLog] [warning] Feature has no GFF ID
[2021-04-27 20:54:14.124] [jointLog] [warning] Feature has no GFF ID
[2021-04-27 20:54:14.124] [jointLog] [warning] Feature has no GFF ID
[2021-04-27 20:54:14.124] [jointLog] [warning] Feature has no GFF ID
[2021-04-27 20:54:14.124] [jointLog] [warning] Feature has no GFF ID
[2021-04-27 20:54:14.124] [jointLog] [warning] Feature has no GFF ID
[2021-04-27 20:54:14.124] [jointLog] [warning] Feature has no GFF ID
[2021-04-27 20:54:14.124] [jointLog] [warning] Feature has no GFF ID
[2021-04-27 20:54:14.124] [jointLog] [warning] Feature has no GFF ID
[2021-04-27 20:54:14.124] [jointLog] [warning] Feature has no GFF ID
[2021-04-27 20:54:14.124] [jointLog] [warning] Feature has no GFF ID
[2021-04-27 20:54:14.124] [jointLog] [warning] Feature has no GFF ID
[2021-04-27 20:54:14.124] [jointLog] [warning] Feature has no GFF ID
[2021-04-27 20:54:14.124] [jointLog] [warning] Feature has no GFF ID
[2021-04-27 20:54:14.124] [jointLog] [warning] Feature has no GFF ID
[2021-04-27 20:54:14.124] [jointLog] [warning] Feature has no GFF ID
[2021-04-27 20:54:14.124] [jointLog] [warning] Feature has no GFF ID
[2021-04-27 20:54:14.124] [jointLog] [warning] Feature has no GFF ID
[2021-04-27 20:54:14.124] [jointLog] [warning] Feature has no GFF ID
[2021-04-27 20:54:14.124] [jointLog] [warning] Feature has no GFF ID
[2021-04-27 20:54:14.124] [jointLog] [warning] Feature has no GFF ID
[2021-04-27 20:54:14.124] [jointLog] [warning] Feature has no GFF ID
[2021-04-27 20:54:14.124] [jointLog] [warning] Feature has no GFF ID
[2021-04-27 20:54:14.124] [jointLog] [warning] Feature has no GFF ID
[2021-04-27 20:54:14.124] [jointLog] [warning] Feature has no GFF ID
[2021-04-27 20:54:14.124] [jointLog] [warning] Feature has no GFF ID
[2021-04-27 20:54:14.437] [jointLog] [info] There were 142604 transcripts mapping to 55401 genes
[2021-04-27 20:54:14.437] [jointLog] [info] NOTE: We recommend using tximport (https://bioconductor.org/packages/release/bioc/html/tximport.html) for aggregating transcript-level salmon abundance estimates to the gene level.  It is more versatile, exposes more features, and allows considering multi-sample information during aggregation.
[2021-04-27 20:54:14.699] [jointLog] [warning] couldn't find transcript named [DQ459430] in transcript <-> gene map; returning transcript as it's own gene
[2021-04-27 20:54:14.699] [jointLog] [warning] couldn't find transcript named [DQ516784] in transcript <-> gene map; returning transcript as it's own gene
[2021-04-27 20:54:14.699] [jointLog] [warning] couldn't find transcript named [DQ516752] in transcript <-> gene map; returning transcript as it's own gene
[2021-04-27 20:54:14.699] [jointLog] [warning] couldn't find transcript named [DQ668364] in transcript <-> gene map; returning transcript as it's own gene
[2021-04-27 20:54:14.699] [jointLog] [warning] couldn't find transcript named [DQ883670] in transcript <-> gene map; returning transcript as it's own gene
[2021-04-27 20:54:14.699] [jointLog] [warning] couldn't find transcript named [EF011062] in transcript <-> gene map; returning transcript as it's own gene
[2021-04-27 20:54:14.699] [jointLog] [warning] couldn't find transcript named [DQ875385] in transcript <-> gene map; returning transcript as it's own gene
[2021-04-27 20:54:14.699] [jointLog] [warning] couldn't find transcript named [DQ883664] in transcript <-> gene map; returning transcript as it's own gene
[2021-04-27 20:54:14.699] [jointLog] [warning] couldn't find transcript named [DQ459420] in transcript <-> gene map; returning transcript as it's own gene
[2021-04-27 20:54:14.699] [jointLog] [warning] couldn't find transcript named [DQ883651] in transcript <-> gene map; returning transcript as it's own gene
[2021-04-27 20:54:14.699] [jointLog] [warning] couldn't find transcript named [DQ855004] in transcript <-> gene map; returning transcript as it's own gene
[2021-04-27 20:54:14.699] [jointLog] [warning] couldn't find transcript named [DQ854993] in transcript <-> gene map; returning transcript as it's own gene
[2021-04-27 20:54:14.699] [jointLog] [warning] couldn't find transcript named [DQ883689] in transcript <-> gene map; returning transcript as it's own gene
[2021-04-27 20:54:14.699] [jointLog] [warning] couldn't find transcript named [DQ459419] in transcript <-> gene map; returning transcript as it's own gene
[2021-04-27 20:54:14.699] [jointLog] [warning] couldn't find transcript named [DQ459431] in transcript <-> gene map; returning transcript as it's own gene
[2021-04-27 20:54:14.699] [jointLog] [warning] couldn't find transcript named [DQ516796] in transcript <-> gene map; returning transcript as it's own gene
[2021-04-27 20:54:14.699] [jointLog] [warning] couldn't find transcript named [DQ855001] in transcript <-> gene map; returning transcript as it's own gene
[2021-04-27 20:54:14.699] [jointLog] [warning] couldn't find transcript named [DQ459413] in transcript <-> gene map; returning transcript as it's own gene
[2021-04-27 20:54:14.699] [jointLog] [warning] couldn't find transcript named [DQ883656] in transcript <-> gene map; returning transcript as it's own gene
[2021-04-27 20:54:14.699] [jointLog] [warning] couldn't find transcript named [DQ883661] in transcript <-> gene map; returning transcript as it's own gene
[2021-04-27 20:54:14.699] [jointLog] [warning] couldn't find transcript named [EF011069] in transcript <-> gene map; returning transcript as it's own gene
[2021-04-27 20:54:14.699] [jointLog] [warning] couldn't find transcript named [DQ516783] in transcript <-> gene map; returning transcript as it's own gene
[2021-04-27 20:54:14.699] [jointLog] [warning] couldn't find transcript named [DQ516787] in transcript <-> gene map; returning transcript as it's own gene
[2021-04-27 20:54:14.699] [jointLog] [warning] couldn't find transcript named [DQ459424] in transcript <-> gene map; returning transcript as it's own gene
[2021-04-27 20:54:14.699] [jointLog] [warning] couldn't find transcript named [DQ516748] in transcript <-> gene map; returning transcript as it's own gene
[2021-04-27 20:54:14.699] [jointLog] [warning] couldn't find transcript named [DQ883671] in transcript <-> gene map; returning transcript as it's own gene
[2021-04-27 20:54:14.699] [jointLog] [warning] couldn't find transcript named [DQ516740] in transcript <-> gene map; returning transcript as it's own gene
[2021-04-27 20:54:14.699] [jointLog] [warning] couldn't find transcript named [DQ516785] in transcript <-> gene map; returning transcript as it's own gene
[2021-04-27 20:54:14.699] [jointLog] [warning] couldn't find transcript named [DQ516731] in transcript <-> gene map; returning transcript as it's own gene
[2021-04-27 20:54:14.699] [jointLog] [warning] couldn't find transcript named [DQ668366] in transcript <-> gene map; returning transcript as it's own gene
[2021-04-27 20:54:14.699] [jointLog] [warning] couldn't find transcript named [DQ459418] in transcript <-> gene map; returning transcript as it's own gene
[2021-04-27 20:54:14.699] [jointLog] [warning] couldn't find transcript named [DQ668356] in transcript <-> gene map; returning transcript as it's own gene
[2021-04-27 20:54:14.699] [jointLog] [warning] couldn't find transcript named [DQ516763] in transcript <-> gene map; returning transcript as it's own gene
[2021-04-27 20:54:14.699] [jointLog] [warning] couldn't find transcript named [DQ459426] in transcript <-> gene map; returning transcript as it's own gene
[2021-04-27 20:54:14.699] [jointLog] [warning] couldn't find transcript named [DQ516786] in transcript <-> gene map; returning transcript as it's own gene
[2021-04-27 20:54:14.699] [jointLog] [warning] couldn't find transcript named [DQ883653] in transcript <-> gene map; returning transcript as it's own gene
[2021-04-27 20:54:14.699] [jointLog] [warning] couldn't find transcript named [DQ459421] in transcript <-> gene map; returning transcript as it's own gene
[2021-04-27 20:54:14.699] [jointLog] [warning] couldn't find transcript named [DQ883654] in transcript <-> gene map; returning transcript as it's own gene
[2021-04-27 20:54:14.699] [jointLog] [warning] couldn't find transcript named [DQ668358] in transcript <-> gene map; returning transcript as it's own gene
[2021-04-27 20:54:14.699] [jointLog] [warning] couldn't find transcript named [DQ516754] in transcript <-> gene map; returning transcript as it's own gene
[2021-04-27 20:54:14.699] [jointLog] [warning] couldn't find transcript named [DQ516778] in transcript <-> gene map; returning transcript as it's own gene
[2021-04-27 20:54:14.699] [jointLog] [warning] couldn't find transcript named [DQ883650] in transcript <-> gene map; returning transcript as it's own gene
[2021-04-27 20:54:14.699] [jointLog] [warning] couldn't find transcript named [DQ516742] in transcript <-> gene map; returning transcript as it's own gene
[2021-04-27 20:54:14.699] [jointLog] [warning] couldn't find transcript named [DQ883673] in transcript <-> gene map; returning transcript as it's own gene
[2021-04-27 20:54:14.699] [jointLog] [warning] couldn't find transcript named [DQ883652] in transcript <-> gene map; returning transcript as it's own gene
[2021-04-27 20:54:14.699] [jointLog] [warning] couldn't find transcript named [DQ854991] in transcript <-> gene map; returning transcript as it's own gene
[2021-04-27 20:54:14.699] [jointLog] [warning] couldn't find transcript named [DQ516780] in transcript <-> gene map; returning transcript as it's own gene
[2021-04-27 20:54:14.699] [jointLog] [warning] couldn't find transcript named [DQ883682] in transcript <-> gene map; returning transcript as it's own gene
[2021-04-27 20:54:14.699] [jointLog] [warning] couldn't find transcript named [DQ883669] in transcript <-> gene map; returning transcript as it's own gene
[2021-04-27 20:54:14.699] [jointLog] [warning] couldn't find transcript named [DQ516791] in transcript <-> gene map; returning transcript as it's own gene
[2021-04-27 20:54:14.699] [jointLog] [warning] couldn't find transcript named [DQ459425] in transcript <-> gene map; returning transcript as it's own gene
[2021-04-27 20:54:14.699] [jointLog] [warning] couldn't find transcript named [DQ516759] in transcript <-> gene map; returning transcript as it's own gene
[2021-04-27 20:54:14.699] [jointLog] [warning] couldn't find transcript named [DQ459429] in transcript <-> gene map; returning transcript as it's own gene
[2021-04-27 20:54:14.699] [jointLog] [warning] couldn't find transcript named [DQ516758] in transcript <-> gene map; returning transcript as it's own gene
[2021-04-27 20:54:14.699] [jointLog] [warning] couldn't find transcript named [DQ459415] in transcript <-> gene map; returning transcript as it's own gene
[2021-04-27 20:54:14.699] [jointLog] [warning] couldn't find transcript named [DQ875387] in transcript <-> gene map; returning transcript as it's own gene
[2021-04-27 20:54:14.699] [jointLog] [warning] couldn't find transcript named [DQ516815] in transcript <-> gene map; returning transcript as it's own gene
[2021-04-27 20:54:14.699] [jointLog] [warning] couldn't find transcript named [DQ668365] in transcript <-> gene map; returning transcript as it's own gene
[2021-04-27 20:54:14.699] [jointLog] [warning] couldn't find transcript named [DQ854998] in transcript <-> gene map; returning transcript as it's own gene
[2021-04-27 20:54:14.699] [jointLog] [warning] couldn't find transcript named [DQ883685] in transcript <-> gene map; returning transcript as it's own gene
[2021-04-27 20:54:14.699] [jointLog] [warning] couldn't find transcript named [DQ459422] in transcript <-> gene map; returning transcript as it's own gene
[2021-04-27 20:54:14.699] [jointLog] [warning] couldn't find transcript named [DQ883663] in transcript <-> gene map; returning transcript as it's own gene
[2021-04-27 20:54:14.699] [jointLog] [warning] couldn't find transcript named [DQ668367] in transcript <-> gene map; returning transcript as it's own gene
[2021-04-27 20:54:14.699] [jointLog] [warning] couldn't find transcript named [DQ459412] in transcript <-> gene map; returning transcript as it's own gene
[2021-04-27 20:54:14.699] [jointLog] [warning] couldn't find transcript named [DQ854992] in transcript <-> gene map; returning transcript as it's own gene
[2021-04-27 20:54:14.699] [jointLog] [warning] couldn't find transcript named [DQ516782] in transcript <-> gene map; returning transcript as it's own gene
[2021-04-27 20:54:14.699] [jointLog] [warning] couldn't find transcript named [DQ459427] in transcript <-> gene map; returning transcript as it's own gene
[2021-04-27 20:54:14.699] [jointLog] [warning] couldn't find transcript named [EF011072] in transcript <-> gene map; returning transcript as it's own gene
[2021-04-27 20:54:14.699] [jointLog] [warning] couldn't find transcript named [DQ855003] in transcript <-> gene map; returning transcript as it's own gene
[2021-04-27 20:54:14.699] [jointLog] [warning] couldn't find transcript named [DQ516739] in transcript <-> gene map; returning transcript as it's own gene
[2021-04-27 20:54:14.699] [jointLog] [warning] couldn't find transcript named [EF011063] in transcript <-> gene map; returning transcript as it's own gene
[2021-04-27 20:54:14.699] [jointLog] [warning] couldn't find transcript named [DQ855000] in transcript <-> gene map; returning transcript as it's own gene
[2021-04-27 20:54:14.699] [jointLog] [warning] couldn't find transcript named [DQ516777] in transcript <-> gene map; returning transcript as it's own gene
[2021-04-27 20:54:14.699] [jointLog] [warning] couldn't find transcript named [DQ883646] in transcript <-> gene map; returning transcript as it's own gene
[2021-04-27 20:54:14.699] [jointLog] [warning] couldn't find transcript named [DQ668362] in transcript <-> gene map; returning transcript as it's own gene
[2021-04-27 20:54:14.699] [jointLog] [warning] couldn't find transcript named [DQ854995] in transcript <-> gene map; returning transcript as it's own gene
[2021-04-27 20:54:14.699] [jointLog] [warning] couldn't find transcript named [DQ875386] in transcript <-> gene map; returning transcript as it's own gene
[2021-04-27 20:54:14.699] [jointLog] [warning] couldn't find transcript named [DQ516790] in transcript <-> gene map; returning transcript as it's own gene
[2021-04-27 20:54:14.699] [jointLog] [warning] couldn't find transcript named [DQ883642] in transcript <-> gene map; returning transcript as it's own gene
[2021-04-27 20:54:14.699] [jointLog] [warning] couldn't find transcript named [DQ883659] in transcript <-> gene map; returning transcript as it's own gene
[2021-04-27 20:54:14.699] [jointLog] [warning] couldn't find transcript named [DQ854997] in transcript <-> gene map; returning transcript as it's own gene
[2021-04-27 20:54:14.699] [jointLog] [warning] couldn't find transcript named [DQ883643] in transcript <-> gene map; returning transcript as it's own gene
[2021-04-27 20:54:14.699] [jointLog] [warning] couldn't find transcript named [DQ839618] in transcript <-> gene map; returning transcript as it's own gene
[2021-04-27 20:54:14.699] [jointLog] [warning] couldn't find transcript named [DQ516795] in transcript <-> gene map; returning transcript as it's own gene
[2021-04-27 20:54:14.699] [jointLog] [warning] couldn't find transcript named [DQ883658] in transcript <-> gene map; returning transcript as it's own gene
[2021-04-27 20:54:14.699] [jointLog] [warning] couldn't find transcript named [DQ516750] in transcript <-> gene map; returning transcript as it's own gene
[2021-04-27 20:54:14.699] [jointLog] [warning] couldn't find transcript named [DQ668359] in transcript <-> gene map; returning transcript as it's own gene
[2021-04-27 20:54:14.699] [jointLog] [warning] couldn't find transcript named [DQ516779] in transcript <-> gene map; returning transcript as it's own gene
[2021-04-27 20:54:14.699] [jointLog] [warning] couldn't find transcript named [DQ668363] in transcript <-> gene map; returning transcript as it's own gene
[2021-04-27 20:54:14.699] [jointLog] [warning] couldn't find transcript named [DQ516776] in transcript <-> gene map; returning transcript as it's own gene
[2021-04-27 20:54:14.699] [jointLog] [warning] couldn't find transcript named [DQ516773] in transcript <-> gene map; returning transcript as it's own gene
[2021-04-27 20:54:14.699] [jointLog] [warning] couldn't find transcript named [DQ854994] in transcript <-> gene map; returning transcript as it's own gene
[2021-04-27 20:54:14.699] [jointLog] [info] Aggregating expressions to gene level
[2021-04-27 20:54:14.860] [jointLog] [info] done
