[2021-04-27 20:53:42.391] [jointLog] [info] setting maxHashResizeThreads to 6
[2021-04-27 20:53:42.391] [jointLog] [info] Fragment incompatibility prior below threshold.  Incompatible fragments will be ignored.
[2021-04-27 20:53:42.393] [jointLog] [info] numQuantThreads = 3
[2021-04-27 20:53:46.112] [jointLog] [info] replaced 4 non-ACGT nucleotides with random nucleotides
[2021-04-27 20:53:46.339] [fileLog] [info] quantification processed 0 fragments so far

[2021-04-27 20:53:49.297] [fileLog] [info] quantification processed 1000000 fragments so far

[2021-04-27 20:53:52.310] [fileLog] [info] quantification processed 2000000 fragments so far

[2021-04-27 20:53:53.713] [jointLog] [info] 

The alignment group queue pool has been exhausted.  2727795 extra fragments were allocated on the heap to saturate the pool.  No new fragments will be allocated


[2021-04-27 20:54:01.082] [fileLog] [info] quantification processed 3000000 fragments so far

[2021-04-27 20:54:13.764] [fileLog] [info] quantification processed 4000000 fragments so far

[2021-04-27 20:54:26.607] [fileLog] [info] quantification processed 5000000 fragments so far

[2021-04-27 20:54:39.186] [fileLog] [info] quantification processed 6000000 fragments so far

[2021-04-27 20:54:51.902] [fileLog] [info] quantification processed 7000000 fragments so far

[2021-04-27 20:54:54.699] [fileLog] [info] quantification processed 8000000 fragments so far

[2021-04-27 20:54:57.465] [fileLog] [info] quantification processed 9000000 fragments so far

[2021-04-27 20:55:00.110] [fileLog] [info] quantification processed 10000000 fragments so far

[2021-04-27 20:55:02.791] [fileLog] [info] quantification processed 11000000 fragments so far

[2021-04-27 20:55:05.444] [fileLog] [info] quantification processed 12000000 fragments so far

[2021-04-27 20:55:08.499] [fileLog] [info] quantification processed 13000000 fragments so far

[2021-04-27 20:55:11.608] [fileLog] [info] quantification processed 14000000 fragments so far

[2021-04-27 20:55:13.989] [fileLog] [info] quantification processed 15000000 fragments so far

[2021-04-27 20:55:16.294] [fileLog] [info] quantification processed 16000000 fragments so far

[2021-04-27 20:55:18.758] [fileLog] [info] quantification processed 17000000 fragments so far

[2021-04-27 20:55:21.170] [fileLog] [info] quantification processed 18000000 fragments so far

[2021-04-27 20:55:24.717] [fileLog] [info] quantification processed 19000000 fragments so far

[2021-04-27 20:55:28.115] [fileLog] [info] quantification processed 20000000 fragments so far

[2021-04-27 20:55:30.737] [fileLog] [info] quantification processed 21000000 fragments so far

[2021-04-27 20:55:33.248] [fileLog] [info] quantification processed 22000000 fragments so far

[2021-04-27 20:55:35.908] [fileLog] [info] quantification processed 23000000 fragments so far

[2021-04-27 20:55:38.476] [fileLog] [info] quantification processed 24000000 fragments so far

[2021-04-27 20:55:41.001] [fileLog] [info] quantification processed 25000000 fragments so far

[2021-04-27 20:55:43.708] [fileLog] [info] quantification processed 26000000 fragments so far

[2021-04-27 20:55:46.219] [fileLog] [info] quantification processed 27000000 fragments so far

[2021-04-27 20:55:48.762] [fileLog] [info] quantification processed 28000000 fragments so far

[2021-04-27 20:55:51.944] [fileLog] [info] quantification processed 29000000 fragments so far

[2021-04-27 20:55:54.594] [fileLog] [info] quantification processed 30000000 fragments so far

[2021-04-27 20:55:57.213] [fileLog] [info] quantification processed 31000000 fragments so far

[2021-04-27 20:55:59.753] [fileLog] [info] quantification processed 32000000 fragments so far

[2021-04-27 20:56:02.358] [fileLog] [info] quantification processed 33000000 fragments so far

[2021-04-27 20:56:05.204] [fileLog] [info] quantification processed 34000000 fragments so far

[2021-04-27 20:56:07.867] [fileLog] [info] quantification processed 35000000 fragments so far

[2021-04-27 20:56:10.454] [fileLog] [info] quantification processed 36000000 fragments so far

[2021-04-27 20:56:13.363] [fileLog] [info] quantification processed 37000000 fragments so far

[2021-04-27 20:56:15.868] [fileLog] [info] quantification processed 38000000 fragments so far

[2021-04-27 20:56:18.969] [fileLog] [info] quantification processed 39000000 fragments so far

[2021-04-27 20:56:21.686] [fileLog] [info] quantification processed 40000000 fragments so far

[2021-04-27 20:56:24.453] [fileLog] [info] quantification processed 41000000 fragments so far

[2021-04-27 20:56:27.407] [fileLog] [info] quantification processed 42000000 fragments so far

[2021-04-27 20:56:30.178] [fileLog] [info] quantification processed 43000000 fragments so far

[2021-04-27 20:56:32.780] [fileLog] [info] quantification processed 43956213 fragments so far

[2021-04-27 20:56:36.222] [jointLog] [info] Thread saw mini-batch with a maximum of 2.30% zero probability fragments
[2021-04-27 20:56:36.222] [jointLog] [info] Thread saw mini-batch with a maximum of 2.50% zero probability fragments
[2021-04-27 20:56:36.226] [jointLog] [info] Thread saw mini-batch with a maximum of 2.20% zero probability fragments
[2021-04-27 20:56:36.227] [jointLog] [info] 


Completed first pass through the alignment file.
Total # of mapped reads : 43956213
# of uniquely mapped reads : 18822312
# ambiguously mapped reads : 25133901



[2021-04-27 20:56:36.402] [jointLog] [info] Computed 232292 rich equivalence classes for further processing
[2021-04-27 20:56:36.402] [jointLog] [info] Counted 43623548 total reads in the equivalence classes 
[2021-04-27 20:56:36.404] [jointLog] [info] starting optimizer
[2021-04-27 20:56:36.518] [jointLog] [info] Marked 0 weighted equivalence classes as degenerate
[2021-04-27 20:56:36.537] [jointLog] [info] iteration = 0 | max rel diff. = 3885.12
[2021-04-27 20:56:38.101] [jointLog] [info] iteration = 100 | max rel diff. = 8.37909
[2021-04-27 20:56:39.616] [jointLog] [info] iteration = 200 | max rel diff. = 3.70632
[2021-04-27 20:56:41.170] [jointLog] [info] iteration = 300 | max rel diff. = 5.41514
[2021-04-27 20:56:42.712] [jointLog] [info] iteration = 400 | max rel diff. = 7.22061
[2021-04-27 20:56:44.230] [jointLog] [info] iteration = 500 | max rel diff. = 0.236977
[2021-04-27 20:56:45.759] [jointLog] [info] iteration = 600 | max rel diff. = 0.216039
[2021-04-27 20:56:47.270] [jointLog] [info] iteration = 700 | max rel diff. = 0.110645
[2021-04-27 20:56:48.768] [jointLog] [info] iteration = 800 | max rel diff. = 1.06069
[2021-04-27 20:56:50.287] [jointLog] [info] iteration = 900 | max rel diff. = 0.117629
[2021-04-27 20:56:51.797] [jointLog] [info] iteration = 1000 | max rel diff. = 0.255296
[2021-04-27 20:56:53.294] [jointLog] [info] iteration = 1100 | max rel diff. = 0.227675
[2021-04-27 20:56:54.801] [jointLog] [info] iteration = 1200 | max rel diff. = 0.273692
[2021-04-27 20:56:55.025] [jointLog] [info] iteration = 1216 | max rel diff. = 0.00734965
[2021-04-27 20:56:55.056] [jointLog] [info] finished optimizer
[2021-04-27 20:56:55.056] [jointLog] [info] writing output
[2021-04-27 20:56:56.672] [jointLog] [info] Computing gene-level abundance estimates
[2021-04-27 20:57:22.172] [jointLog] [warning] Feature has no GFF ID
[2021-04-27 20:57:22.172] [jointLog] [warning] Feature has no GFF ID
[2021-04-27 20:57:22.172] [jointLog] [warning] Feature has no GFF ID
[2021-04-27 20:57:22.172] [jointLog] [warning] Feature has no GFF ID
[2021-04-27 20:57:22.172] [jointLog] [warning] Feature has no GFF ID
[2021-04-27 20:57:22.172] [jointLog] [warning] Feature has no GFF ID
[2021-04-27 20:57:22.172] [jointLog] [warning] Feature has no GFF ID
[2021-04-27 20:57:22.172] [jointLog] [warning] Feature has no GFF ID
[2021-04-27 20:57:22.172] [jointLog] [warning] Feature has no GFF ID
[2021-04-27 20:57:22.172] [jointLog] [warning] Feature has no GFF ID
[2021-04-27 20:57:22.172] [jointLog] [warning] Feature has no GFF ID
[2021-04-27 20:57:22.172] [jointLog] [warning] Feature has no GFF ID
[2021-04-27 20:57:22.172] [jointLog] [warning] Feature has no GFF ID
[2021-04-27 20:57:22.172] [jointLog] [warning] Feature has no GFF ID
[2021-04-27 20:57:22.172] [jointLog] [warning] Feature has no GFF ID
[2021-04-27 20:57:22.172] [jointLog] [warning] Feature has no GFF ID
[2021-04-27 20:57:22.172] [jointLog] [warning] Feature has no GFF ID
[2021-04-27 20:57:22.172] [jointLog] [warning] Feature has no GFF ID
[2021-04-27 20:57:22.172] [jointLog] [warning] Feature has no GFF ID
[2021-04-27 20:57:22.172] [jointLog] [warning] Feature has no GFF ID
[2021-04-27 20:57:22.172] [jointLog] [warning] Feature has no GFF ID
[2021-04-27 20:57:22.172] [jointLog] [warning] Feature has no GFF ID
[2021-04-27 20:57:22.172] [jointLog] [warning] Feature has no GFF ID
[2021-04-27 20:57:22.172] [jointLog] [warning] Feature has no GFF ID
[2021-04-27 20:57:22.172] [jointLog] [warning] Feature has no GFF ID
[2021-04-27 20:57:22.172] [jointLog] [warning] Feature has no GFF ID
[2021-04-27 20:57:22.172] [jointLog] [warning] Feature has no GFF ID
[2021-04-27 20:57:22.172] [jointLog] [warning] Feature has no GFF ID
[2021-04-27 20:57:22.172] [jointLog] [warning] Feature has no GFF ID
[2021-04-27 20:57:22.172] [jointLog] [warning] Feature has no GFF ID
[2021-04-27 20:57:22.172] [jointLog] [warning] Feature has no GFF ID
[2021-04-27 20:57:22.172] [jointLog] [warning] Feature has no GFF ID
[2021-04-27 20:57:22.172] [jointLog] [warning] Feature has no GFF ID
[2021-04-27 20:57:22.172] [jointLog] [warning] Feature has no GFF ID
[2021-04-27 20:57:22.172] [jointLog] [warning] Feature has no GFF ID
[2021-04-27 20:57:22.172] [jointLog] [warning] Feature has no GFF ID
[2021-04-27 20:57:22.172] [jointLog] [warning] Feature has no GFF ID
[2021-04-27 20:57:22.172] [jointLog] [warning] Feature has no GFF ID
[2021-04-27 20:57:22.172] [jointLog] [warning] Feature has no GFF ID
[2021-04-27 20:57:22.172] [jointLog] [warning] Feature has no GFF ID
[2021-04-27 20:57:22.172] [jointLog] [warning] Feature has no GFF ID
[2021-04-27 20:57:22.172] [jointLog] [warning] Feature has no GFF ID
[2021-04-27 20:57:22.172] [jointLog] [warning] Feature has no GFF ID
[2021-04-27 20:57:22.172] [jointLog] [warning] Feature has no GFF ID
[2021-04-27 20:57:22.172] [jointLog] [warning] Feature has no GFF ID
[2021-04-27 20:57:22.172] [jointLog] [warning] Feature has no GFF ID
[2021-04-27 20:57:22.172] [jointLog] [warning] Feature has no GFF ID
[2021-04-27 20:57:22.172] [jointLog] [warning] Feature has no GFF ID
[2021-04-27 20:57:22.172] [jointLog] [warning] Feature has no GFF ID
[2021-04-27 20:57:22.172] [jointLog] [warning] Feature has no GFF ID
[2021-04-27 20:57:22.172] [jointLog] [warning] Feature has no GFF ID
[2021-04-27 20:57:22.172] [jointLog] [warning] Feature has no GFF ID
[2021-04-27 20:57:22.172] [jointLog] [warning] Feature has no GFF ID
[2021-04-27 20:57:22.172] [jointLog] [warning] Feature has no GFF ID
[2021-04-27 20:57:22.172] [jointLog] [warning] Feature has no GFF ID
[2021-04-27 20:57:22.172] [jointLog] [warning] Feature has no GFF ID
[2021-04-27 20:57:22.172] [jointLog] [warning] Feature has no GFF ID
[2021-04-27 20:57:22.172] [jointLog] [warning] Feature has no GFF ID
[2021-04-27 20:57:22.172] [jointLog] [warning] Feature has no GFF ID
[2021-04-27 20:57:22.172] [jointLog] [warning] Feature has no GFF ID
[2021-04-27 20:57:22.172] [jointLog] [warning] Feature has no GFF ID
[2021-04-27 20:57:22.172] [jointLog] [warning] Feature has no GFF ID
[2021-04-27 20:57:22.172] [jointLog] [warning] Feature has no GFF ID
[2021-04-27 20:57:22.172] [jointLog] [warning] Feature has no GFF ID
[2021-04-27 20:57:22.172] [jointLog] [warning] Feature has no GFF ID
[2021-04-27 20:57:22.172] [jointLog] [warning] Feature has no GFF ID
[2021-04-27 20:57:22.172] [jointLog] [warning] Feature has no GFF ID
[2021-04-27 20:57:22.172] [jointLog] [warning] Feature has no GFF ID
[2021-04-27 20:57:22.172] [jointLog] [warning] Feature has no GFF ID
[2021-04-27 20:57:22.172] [jointLog] [warning] Feature has no GFF ID
[2021-04-27 20:57:22.172] [jointLog] [warning] Feature has no GFF ID
[2021-04-27 20:57:22.172] [jointLog] [warning] Feature has no GFF ID
[2021-04-27 20:57:22.172] [jointLog] [warning] Feature has no GFF ID
[2021-04-27 20:57:22.172] [jointLog] [warning] Feature has no GFF ID
[2021-04-27 20:57:22.172] [jointLog] [warning] Feature has no GFF ID
[2021-04-27 20:57:22.172] [jointLog] [warning] Feature has no GFF ID
[2021-04-27 20:57:22.172] [jointLog] [warning] Feature has no GFF ID
[2021-04-27 20:57:22.172] [jointLog] [warning] Feature has no GFF ID
[2021-04-27 20:57:22.172] [jointLog] [warning] Feature has no GFF ID
[2021-04-27 20:57:22.172] [jointLog] [warning] Feature has no GFF ID
[2021-04-27 20:57:22.172] [jointLog] [warning] Feature has no GFF ID
[2021-04-27 20:57:22.172] [jointLog] [warning] Feature has no GFF ID
[2021-04-27 20:57:22.172] [jointLog] [warning] Feature has no GFF ID
[2021-04-27 20:57:22.172] [jointLog] [warning] Feature has no GFF ID
[2021-04-27 20:57:22.172] [jointLog] [warning] Feature has no GFF ID
[2021-04-27 20:57:22.172] [jointLog] [warning] Feature has no GFF ID
[2021-04-27 20:57:22.172] [jointLog] [warning] Feature has no GFF ID
[2021-04-27 20:57:22.172] [jointLog] [warning] Feature has no GFF ID
[2021-04-27 20:57:22.172] [jointLog] [warning] Feature has no GFF ID
[2021-04-27 20:57:22.172] [jointLog] [warning] Feature has no GFF ID
[2021-04-27 20:57:22.172] [jointLog] [warning] Feature has no GFF ID
[2021-04-27 20:57:22.172] [jointLog] [warning] Feature has no GFF ID
[2021-04-27 20:57:22.446] [jointLog] [info] There were 142604 transcripts mapping to 55401 genes
[2021-04-27 20:57:22.447] [jointLog] [info] NOTE: We recommend using tximport (https://bioconductor.org/packages/release/bioc/html/tximport.html) for aggregating transcript-level salmon abundance estimates to the gene level.  It is more versatile, exposes more features, and allows considering multi-sample information during aggregation.
[2021-04-27 20:57:22.685] [jointLog] [warning] couldn't find transcript named [DQ459430] in transcript <-> gene map; returning transcript as it's own gene
[2021-04-27 20:57:22.685] [jointLog] [warning] couldn't find transcript named [DQ516784] in transcript <-> gene map; returning transcript as it's own gene
[2021-04-27 20:57:22.685] [jointLog] [warning] couldn't find transcript named [DQ516752] in transcript <-> gene map; returning transcript as it's own gene
[2021-04-27 20:57:22.685] [jointLog] [warning] couldn't find transcript named [DQ668364] in transcript <-> gene map; returning transcript as it's own gene
[2021-04-27 20:57:22.685] [jointLog] [warning] couldn't find transcript named [DQ883670] in transcript <-> gene map; returning transcript as it's own gene
[2021-04-27 20:57:22.685] [jointLog] [warning] couldn't find transcript named [EF011062] in transcript <-> gene map; returning transcript as it's own gene
[2021-04-27 20:57:22.685] [jointLog] [warning] couldn't find transcript named [DQ875385] in transcript <-> gene map; returning transcript as it's own gene
[2021-04-27 20:57:22.685] [jointLog] [warning] couldn't find transcript named [DQ883664] in transcript <-> gene map; returning transcript as it's own gene
[2021-04-27 20:57:22.685] [jointLog] [warning] couldn't find transcript named [DQ459420] in transcript <-> gene map; returning transcript as it's own gene
[2021-04-27 20:57:22.685] [jointLog] [warning] couldn't find transcript named [DQ883651] in transcript <-> gene map; returning transcript as it's own gene
[2021-04-27 20:57:22.685] [jointLog] [warning] couldn't find transcript named [DQ855004] in transcript <-> gene map; returning transcript as it's own gene
[2021-04-27 20:57:22.685] [jointLog] [warning] couldn't find transcript named [DQ854993] in transcript <-> gene map; returning transcript as it's own gene
[2021-04-27 20:57:22.685] [jointLog] [warning] couldn't find transcript named [DQ883689] in transcript <-> gene map; returning transcript as it's own gene
[2021-04-27 20:57:22.685] [jointLog] [warning] couldn't find transcript named [DQ459419] in transcript <-> gene map; returning transcript as it's own gene
[2021-04-27 20:57:22.685] [jointLog] [warning] couldn't find transcript named [DQ459431] in transcript <-> gene map; returning transcript as it's own gene
[2021-04-27 20:57:22.685] [jointLog] [warning] couldn't find transcript named [DQ516796] in transcript <-> gene map; returning transcript as it's own gene
[2021-04-27 20:57:22.685] [jointLog] [warning] couldn't find transcript named [DQ855001] in transcript <-> gene map; returning transcript as it's own gene
[2021-04-27 20:57:22.685] [jointLog] [warning] couldn't find transcript named [DQ459413] in transcript <-> gene map; returning transcript as it's own gene
[2021-04-27 20:57:22.685] [jointLog] [warning] couldn't find transcript named [DQ883656] in transcript <-> gene map; returning transcript as it's own gene
[2021-04-27 20:57:22.685] [jointLog] [warning] couldn't find transcript named [DQ883661] in transcript <-> gene map; returning transcript as it's own gene
[2021-04-27 20:57:22.685] [jointLog] [warning] couldn't find transcript named [EF011069] in transcript <-> gene map; returning transcript as it's own gene
[2021-04-27 20:57:22.685] [jointLog] [warning] couldn't find transcript named [DQ516783] in transcript <-> gene map; returning transcript as it's own gene
[2021-04-27 20:57:22.685] [jointLog] [warning] couldn't find transcript named [DQ516787] in transcript <-> gene map; returning transcript as it's own gene
[2021-04-27 20:57:22.685] [jointLog] [warning] couldn't find transcript named [DQ459424] in transcript <-> gene map; returning transcript as it's own gene
[2021-04-27 20:57:22.685] [jointLog] [warning] couldn't find transcript named [DQ516748] in transcript <-> gene map; returning transcript as it's own gene
[2021-04-27 20:57:22.685] [jointLog] [warning] couldn't find transcript named [DQ883671] in transcript <-> gene map; returning transcript as it's own gene
[2021-04-27 20:57:22.685] [jointLog] [warning] couldn't find transcript named [DQ516740] in transcript <-> gene map; returning transcript as it's own gene
[2021-04-27 20:57:22.685] [jointLog] [warning] couldn't find transcript named [DQ516785] in transcript <-> gene map; returning transcript as it's own gene
[2021-04-27 20:57:22.685] [jointLog] [warning] couldn't find transcript named [DQ516731] in transcript <-> gene map; returning transcript as it's own gene
[2021-04-27 20:57:22.685] [jointLog] [warning] couldn't find transcript named [DQ668366] in transcript <-> gene map; returning transcript as it's own gene
[2021-04-27 20:57:22.685] [jointLog] [warning] couldn't find transcript named [DQ459418] in transcript <-> gene map; returning transcript as it's own gene
[2021-04-27 20:57:22.685] [jointLog] [warning] couldn't find transcript named [DQ668356] in transcript <-> gene map; returning transcript as it's own gene
[2021-04-27 20:57:22.685] [jointLog] [warning] couldn't find transcript named [DQ516763] in transcript <-> gene map; returning transcript as it's own gene
[2021-04-27 20:57:22.685] [jointLog] [warning] couldn't find transcript named [DQ459426] in transcript <-> gene map; returning transcript as it's own gene
[2021-04-27 20:57:22.685] [jointLog] [warning] couldn't find transcript named [DQ516786] in transcript <-> gene map; returning transcript as it's own gene
[2021-04-27 20:57:22.685] [jointLog] [warning] couldn't find transcript named [DQ883653] in transcript <-> gene map; returning transcript as it's own gene
[2021-04-27 20:57:22.685] [jointLog] [warning] couldn't find transcript named [DQ459421] in transcript <-> gene map; returning transcript as it's own gene
[2021-04-27 20:57:22.685] [jointLog] [warning] couldn't find transcript named [DQ883654] in transcript <-> gene map; returning transcript as it's own gene
[2021-04-27 20:57:22.685] [jointLog] [warning] couldn't find transcript named [DQ668358] in transcript <-> gene map; returning transcript as it's own gene
[2021-04-27 20:57:22.685] [jointLog] [warning] couldn't find transcript named [DQ516754] in transcript <-> gene map; returning transcript as it's own gene
[2021-04-27 20:57:22.685] [jointLog] [warning] couldn't find transcript named [DQ516778] in transcript <-> gene map; returning transcript as it's own gene
[2021-04-27 20:57:22.685] [jointLog] [warning] couldn't find transcript named [DQ883650] in transcript <-> gene map; returning transcript as it's own gene
[2021-04-27 20:57:22.685] [jointLog] [warning] couldn't find transcript named [DQ516742] in transcript <-> gene map; returning transcript as it's own gene
[2021-04-27 20:57:22.685] [jointLog] [warning] couldn't find transcript named [DQ883673] in transcript <-> gene map; returning transcript as it's own gene
[2021-04-27 20:57:22.685] [jointLog] [warning] couldn't find transcript named [DQ883652] in transcript <-> gene map; returning transcript as it's own gene
[2021-04-27 20:57:22.685] [jointLog] [warning] couldn't find transcript named [DQ854991] in transcript <-> gene map; returning transcript as it's own gene
[2021-04-27 20:57:22.685] [jointLog] [warning] couldn't find transcript named [DQ516780] in transcript <-> gene map; returning transcript as it's own gene
[2021-04-27 20:57:22.685] [jointLog] [warning] couldn't find transcript named [DQ883682] in transcript <-> gene map; returning transcript as it's own gene
[2021-04-27 20:57:22.685] [jointLog] [warning] couldn't find transcript named [DQ883669] in transcript <-> gene map; returning transcript as it's own gene
[2021-04-27 20:57:22.685] [jointLog] [warning] couldn't find transcript named [DQ516791] in transcript <-> gene map; returning transcript as it's own gene
[2021-04-27 20:57:22.685] [jointLog] [warning] couldn't find transcript named [DQ459425] in transcript <-> gene map; returning transcript as it's own gene
[2021-04-27 20:57:22.685] [jointLog] [warning] couldn't find transcript named [DQ516759] in transcript <-> gene map; returning transcript as it's own gene
[2021-04-27 20:57:22.685] [jointLog] [warning] couldn't find transcript named [DQ459429] in transcript <-> gene map; returning transcript as it's own gene
[2021-04-27 20:57:22.685] [jointLog] [warning] couldn't find transcript named [DQ516758] in transcript <-> gene map; returning transcript as it's own gene
[2021-04-27 20:57:22.685] [jointLog] [warning] couldn't find transcript named [DQ459415] in transcript <-> gene map; returning transcript as it's own gene
[2021-04-27 20:57:22.685] [jointLog] [warning] couldn't find transcript named [DQ875387] in transcript <-> gene map; returning transcript as it's own gene
[2021-04-27 20:57:22.685] [jointLog] [warning] couldn't find transcript named [DQ516815] in transcript <-> gene map; returning transcript as it's own gene
[2021-04-27 20:57:22.685] [jointLog] [warning] couldn't find transcript named [DQ668365] in transcript <-> gene map; returning transcript as it's own gene
[2021-04-27 20:57:22.685] [jointLog] [warning] couldn't find transcript named [DQ854998] in transcript <-> gene map; returning transcript as it's own gene
[2021-04-27 20:57:22.685] [jointLog] [warning] couldn't find transcript named [DQ883685] in transcript <-> gene map; returning transcript as it's own gene
[2021-04-27 20:57:22.685] [jointLog] [warning] couldn't find transcript named [DQ459422] in transcript <-> gene map; returning transcript as it's own gene
[2021-04-27 20:57:22.685] [jointLog] [warning] couldn't find transcript named [DQ883663] in transcript <-> gene map; returning transcript as it's own gene
[2021-04-27 20:57:22.685] [jointLog] [warning] couldn't find transcript named [DQ668367] in transcript <-> gene map; returning transcript as it's own gene
[2021-04-27 20:57:22.685] [jointLog] [warning] couldn't find transcript named [DQ459412] in transcript <-> gene map; returning transcript as it's own gene
[2021-04-27 20:57:22.685] [jointLog] [warning] couldn't find transcript named [DQ854992] in transcript <-> gene map; returning transcript as it's own gene
[2021-04-27 20:57:22.685] [jointLog] [warning] couldn't find transcript named [DQ516782] in transcript <-> gene map; returning transcript as it's own gene
[2021-04-27 20:57:22.685] [jointLog] [warning] couldn't find transcript named [DQ459427] in transcript <-> gene map; returning transcript as it's own gene
[2021-04-27 20:57:22.685] [jointLog] [warning] couldn't find transcript named [EF011072] in transcript <-> gene map; returning transcript as it's own gene
[2021-04-27 20:57:22.685] [jointLog] [warning] couldn't find transcript named [DQ855003] in transcript <-> gene map; returning transcript as it's own gene
[2021-04-27 20:57:22.685] [jointLog] [warning] couldn't find transcript named [DQ516739] in transcript <-> gene map; returning transcript as it's own gene
[2021-04-27 20:57:22.685] [jointLog] [warning] couldn't find transcript named [EF011063] in transcript <-> gene map; returning transcript as it's own gene
[2021-04-27 20:57:22.685] [jointLog] [warning] couldn't find transcript named [DQ855000] in transcript <-> gene map; returning transcript as it's own gene
[2021-04-27 20:57:22.685] [jointLog] [warning] couldn't find transcript named [DQ516777] in transcript <-> gene map; returning transcript as it's own gene
[2021-04-27 20:57:22.685] [jointLog] [warning] couldn't find transcript named [DQ883646] in transcript <-> gene map; returning transcript as it's own gene
[2021-04-27 20:57:22.685] [jointLog] [warning] couldn't find transcript named [DQ668362] in transcript <-> gene map; returning transcript as it's own gene
[2021-04-27 20:57:22.685] [jointLog] [warning] couldn't find transcript named [DQ854995] in transcript <-> gene map; returning transcript as it's own gene
[2021-04-27 20:57:22.685] [jointLog] [warning] couldn't find transcript named [DQ875386] in transcript <-> gene map; returning transcript as it's own gene
[2021-04-27 20:57:22.685] [jointLog] [warning] couldn't find transcript named [DQ516790] in transcript <-> gene map; returning transcript as it's own gene
[2021-04-27 20:57:22.685] [jointLog] [warning] couldn't find transcript named [DQ883642] in transcript <-> gene map; returning transcript as it's own gene
[2021-04-27 20:57:22.685] [jointLog] [warning] couldn't find transcript named [DQ883659] in transcript <-> gene map; returning transcript as it's own gene
[2021-04-27 20:57:22.685] [jointLog] [warning] couldn't find transcript named [DQ854997] in transcript <-> gene map; returning transcript as it's own gene
[2021-04-27 20:57:22.685] [jointLog] [warning] couldn't find transcript named [DQ883643] in transcript <-> gene map; returning transcript as it's own gene
[2021-04-27 20:57:22.685] [jointLog] [warning] couldn't find transcript named [DQ839618] in transcript <-> gene map; returning transcript as it's own gene
[2021-04-27 20:57:22.685] [jointLog] [warning] couldn't find transcript named [DQ516795] in transcript <-> gene map; returning transcript as it's own gene
[2021-04-27 20:57:22.685] [jointLog] [warning] couldn't find transcript named [DQ883658] in transcript <-> gene map; returning transcript as it's own gene
[2021-04-27 20:57:22.685] [jointLog] [warning] couldn't find transcript named [DQ516750] in transcript <-> gene map; returning transcript as it's own gene
[2021-04-27 20:57:22.685] [jointLog] [warning] couldn't find transcript named [DQ668359] in transcript <-> gene map; returning transcript as it's own gene
[2021-04-27 20:57:22.685] [jointLog] [warning] couldn't find transcript named [DQ516779] in transcript <-> gene map; returning transcript as it's own gene
[2021-04-27 20:57:22.685] [jointLog] [warning] couldn't find transcript named [DQ668363] in transcript <-> gene map; returning transcript as it's own gene
[2021-04-27 20:57:22.685] [jointLog] [warning] couldn't find transcript named [DQ516776] in transcript <-> gene map; returning transcript as it's own gene
[2021-04-27 20:57:22.685] [jointLog] [warning] couldn't find transcript named [DQ516773] in transcript <-> gene map; returning transcript as it's own gene
[2021-04-27 20:57:22.685] [jointLog] [warning] couldn't find transcript named [DQ854994] in transcript <-> gene map; returning transcript as it's own gene
[2021-04-27 20:57:22.685] [jointLog] [info] Aggregating expressions to gene level
[2021-04-27 20:57:22.825] [jointLog] [info] done
