[2021-05-20 19:17:52.330] [jointLog] [info] setting maxHashResizeThreads to 6
[2021-05-20 19:17:52.330] [jointLog] [info] Fragment incompatibility prior below threshold.  Incompatible fragments will be ignored.
[2021-05-20 19:17:52.347] [jointLog] [info] numQuantThreads = 3
[2021-05-20 19:17:57.814] [jointLog] [info] replaced 4 non-ACGT nucleotides with random nucleotides
[2021-05-20 19:17:58.153] [fileLog] [info] quantification processed 0 fragments so far

[2021-05-20 19:18:02.021] [fileLog] [info] quantification processed 1000000 fragments so far

[2021-05-20 19:18:05.463] [fileLog] [info] quantification processed 2000000 fragments so far

[2021-05-20 19:18:06.671] [jointLog] [info] 

The alignment group queue pool has been exhausted.  3537399 extra fragments were allocated on the heap to saturate the pool.  No new fragments will be allocated


[2021-05-20 19:18:22.019] [fileLog] [info] quantification processed 3000000 fragments so far

[2021-05-20 19:18:45.228] [fileLog] [info] quantification processed 4000000 fragments so far

[2021-05-20 19:19:02.614] [fileLog] [info] quantification processed 5000000 fragments so far

[2021-05-20 19:19:19.631] [fileLog] [info] quantification processed 6000000 fragments so far

[2021-05-20 19:19:36.162] [fileLog] [info] quantification processed 7000000 fragments so far

[2021-05-20 19:19:41.704] [fileLog] [info] quantification processed 8000000 fragments so far

[2021-05-20 19:19:46.602] [fileLog] [info] quantification processed 9000000 fragments so far

[2021-05-20 19:19:51.438] [fileLog] [info] quantification processed 10000000 fragments so far

[2021-05-20 19:19:56.476] [fileLog] [info] quantification processed 11000000 fragments so far

[2021-05-20 19:20:01.653] [fileLog] [info] quantification processed 12000000 fragments so far

[2021-05-20 19:20:07.144] [fileLog] [info] quantification processed 13000000 fragments so far

[2021-05-20 19:20:11.998] [fileLog] [info] quantification processed 14000000 fragments so far

[2021-05-20 19:20:17.015] [fileLog] [info] quantification processed 15000000 fragments so far

[2021-05-20 19:20:21.939] [fileLog] [info] quantification processed 16000000 fragments so far

[2021-05-20 19:20:26.839] [fileLog] [info] quantification processed 17000000 fragments so far

[2021-05-20 19:20:31.864] [fileLog] [info] quantification processed 18000000 fragments so far

[2021-05-20 19:20:36.929] [fileLog] [info] quantification processed 19000000 fragments so far

[2021-05-20 19:20:42.140] [fileLog] [info] quantification processed 20000000 fragments so far

[2021-05-20 19:20:47.529] [fileLog] [info] quantification processed 21000000 fragments so far

[2021-05-20 19:20:52.669] [fileLog] [info] quantification processed 22000000 fragments so far

[2021-05-20 19:20:57.744] [fileLog] [info] quantification processed 23000000 fragments so far

[2021-05-20 19:21:02.623] [fileLog] [info] quantification processed 24000000 fragments so far

[2021-05-20 19:21:07.701] [fileLog] [info] quantification processed 25000000 fragments so far

[2021-05-20 19:21:12.673] [fileLog] [info] quantification processed 26000000 fragments so far

[2021-05-20 19:21:17.530] [fileLog] [info] quantification processed 27000000 fragments so far

[2021-05-20 19:21:22.804] [fileLog] [info] quantification processed 28000000 fragments so far

[2021-05-20 19:21:27.941] [fileLog] [info] quantification processed 29000000 fragments so far

[2021-05-20 19:21:33.030] [fileLog] [info] quantification processed 30000000 fragments so far

[2021-05-20 19:21:38.047] [fileLog] [info] quantification processed 31000000 fragments so far

[2021-05-20 19:21:42.990] [fileLog] [info] quantification processed 32000000 fragments so far

[2021-05-20 19:21:47.355] [fileLog] [info] quantification processed 33000000 fragments so far

[2021-05-20 19:21:52.018] [fileLog] [info] quantification processed 34000000 fragments so far

[2021-05-20 19:21:56.847] [fileLog] [info] quantification processed 35000000 fragments so far

[2021-05-20 19:22:02.216] [fileLog] [info] quantification processed 36000000 fragments so far

[2021-05-20 19:22:07.005] [fileLog] [info] quantification processed 37000000 fragments so far

[2021-05-20 19:22:12.312] [fileLog] [info] quantification processed 38000000 fragments so far

[2021-05-20 19:22:17.336] [fileLog] [info] quantification processed 39000000 fragments so far

[2021-05-20 19:22:22.555] [fileLog] [info] quantification processed 40000000 fragments so far

[2021-05-20 19:22:26.163] [fileLog] [info] quantification processed 40659533 fragments so far

[2021-05-20 19:22:35.265] [jointLog] [info] Thread saw mini-batch with a maximum of 17.60% zero probability fragments
[2021-05-20 19:22:35.271] [jointLog] [info] Thread saw mini-batch with a maximum of 18.90% zero probability fragments
[2021-05-20 19:22:35.274] [jointLog] [info] Thread saw mini-batch with a maximum of 18.60% zero probability fragments
[2021-05-20 19:22:35.276] [jointLog] [info] 


Completed first pass through the alignment file.
Total # of mapped reads : 40659533
# of uniquely mapped reads : 13990307
# ambiguously mapped reads : 26669226



[2021-05-20 19:22:35.503] [jointLog] [info] Computed 243345 rich equivalence classes for further processing
[2021-05-20 19:22:35.503] [jointLog] [info] Counted 40448770 total reads in the equivalence classes 
[2021-05-20 19:22:35.506] [jointLog] [info] starting optimizer
[2021-05-20 19:22:35.650] [jointLog] [info] Marked 0 weighted equivalence classes as degenerate
[2021-05-20 19:22:35.673] [jointLog] [info] iteration = 0 | max rel diff. = 5340.25
[2021-05-20 19:22:37.598] [jointLog] [info] iteration = 100 | max rel diff. = 20.8682
[2021-05-20 19:22:39.573] [jointLog] [info] iteration = 200 | max rel diff. = 17.1562
[2021-05-20 19:22:41.454] [jointLog] [info] iteration = 300 | max rel diff. = 1.52611
[2021-05-20 19:22:43.463] [jointLog] [info] iteration = 400 | max rel diff. = 7.60576
[2021-05-20 19:22:45.315] [jointLog] [info] iteration = 500 | max rel diff. = 0.311454
[2021-05-20 19:22:47.144] [jointLog] [info] iteration = 600 | max rel diff. = 0.224889
[2021-05-20 19:22:48.975] [jointLog] [info] iteration = 700 | max rel diff. = 13.5117
[2021-05-20 19:22:50.782] [jointLog] [info] iteration = 800 | max rel diff. = 0.417722
[2021-05-20 19:22:52.617] [jointLog] [info] iteration = 900 | max rel diff. = 0.074574
[2021-05-20 19:22:54.404] [jointLog] [info] iteration = 1000 | max rel diff. = 0.0830036
[2021-05-20 19:22:56.198] [jointLog] [info] iteration = 1100 | max rel diff. = 0.204851
[2021-05-20 19:22:57.991] [jointLog] [info] iteration = 1200 | max rel diff. = 0.834396
[2021-05-20 19:22:59.853] [jointLog] [info] iteration = 1300 | max rel diff. = 0.0726903
[2021-05-20 19:23:01.705] [jointLog] [info] iteration = 1400 | max rel diff. = 0.0541074
[2021-05-20 19:23:03.242] [jointLog] [info] iteration = 1486 | max rel diff. = 0.00936941
[2021-05-20 19:23:03.286] [jointLog] [info] finished optimizer
[2021-05-20 19:23:03.286] [jointLog] [info] writing output
[2021-05-20 19:23:05.702] [jointLog] [info] Computing gene-level abundance estimates
[2021-05-20 19:23:38.413] [jointLog] [warning] Feature has no GFF ID
[2021-05-20 19:23:38.413] [jointLog] [warning] Feature has no GFF ID
[2021-05-20 19:23:38.413] [jointLog] [warning] Feature has no GFF ID
[2021-05-20 19:23:38.413] [jointLog] [warning] Feature has no GFF ID
[2021-05-20 19:23:38.413] [jointLog] [warning] Feature has no GFF ID
[2021-05-20 19:23:38.413] [jointLog] [warning] Feature has no GFF ID
[2021-05-20 19:23:38.413] [jointLog] [warning] Feature has no GFF ID
[2021-05-20 19:23:38.413] [jointLog] [warning] Feature has no GFF ID
[2021-05-20 19:23:38.413] [jointLog] [warning] Feature has no GFF ID
[2021-05-20 19:23:38.413] [jointLog] [warning] Feature has no GFF ID
[2021-05-20 19:23:38.413] [jointLog] [warning] Feature has no GFF ID
[2021-05-20 19:23:38.413] [jointLog] [warning] Feature has no GFF ID
[2021-05-20 19:23:38.413] [jointLog] [warning] Feature has no GFF ID
[2021-05-20 19:23:38.413] [jointLog] [warning] Feature has no GFF ID
[2021-05-20 19:23:38.413] [jointLog] [warning] Feature has no GFF ID
[2021-05-20 19:23:38.413] [jointLog] [warning] Feature has no GFF ID
[2021-05-20 19:23:38.413] [jointLog] [warning] Feature has no GFF ID
[2021-05-20 19:23:38.413] [jointLog] [warning] Feature has no GFF ID
[2021-05-20 19:23:38.413] [jointLog] [warning] Feature has no GFF ID
[2021-05-20 19:23:38.413] [jointLog] [warning] Feature has no GFF ID
[2021-05-20 19:23:38.413] [jointLog] [warning] Feature has no GFF ID
[2021-05-20 19:23:38.413] [jointLog] [warning] Feature has no GFF ID
[2021-05-20 19:23:38.413] [jointLog] [warning] Feature has no GFF ID
[2021-05-20 19:23:38.413] [jointLog] [warning] Feature has no GFF ID
[2021-05-20 19:23:38.413] [jointLog] [warning] Feature has no GFF ID
[2021-05-20 19:23:38.413] [jointLog] [warning] Feature has no GFF ID
[2021-05-20 19:23:38.413] [jointLog] [warning] Feature has no GFF ID
[2021-05-20 19:23:38.413] [jointLog] [warning] Feature has no GFF ID
[2021-05-20 19:23:38.413] [jointLog] [warning] Feature has no GFF ID
[2021-05-20 19:23:38.413] [jointLog] [warning] Feature has no GFF ID
[2021-05-20 19:23:38.413] [jointLog] [warning] Feature has no GFF ID
[2021-05-20 19:23:38.413] [jointLog] [warning] Feature has no GFF ID
[2021-05-20 19:23:38.413] [jointLog] [warning] Feature has no GFF ID
[2021-05-20 19:23:38.413] [jointLog] [warning] Feature has no GFF ID
[2021-05-20 19:23:38.413] [jointLog] [warning] Feature has no GFF ID
[2021-05-20 19:23:38.413] [jointLog] [warning] Feature has no GFF ID
[2021-05-20 19:23:38.413] [jointLog] [warning] Feature has no GFF ID
[2021-05-20 19:23:38.413] [jointLog] [warning] Feature has no GFF ID
[2021-05-20 19:23:38.413] [jointLog] [warning] Feature has no GFF ID
[2021-05-20 19:23:38.413] [jointLog] [warning] Feature has no GFF ID
[2021-05-20 19:23:38.413] [jointLog] [warning] Feature has no GFF ID
[2021-05-20 19:23:38.413] [jointLog] [warning] Feature has no GFF ID
[2021-05-20 19:23:38.413] [jointLog] [warning] Feature has no GFF ID
[2021-05-20 19:23:38.413] [jointLog] [warning] Feature has no GFF ID
[2021-05-20 19:23:38.413] [jointLog] [warning] Feature has no GFF ID
[2021-05-20 19:23:38.413] [jointLog] [warning] Feature has no GFF ID
[2021-05-20 19:23:38.413] [jointLog] [warning] Feature has no GFF ID
[2021-05-20 19:23:38.413] [jointLog] [warning] Feature has no GFF ID
[2021-05-20 19:23:38.413] [jointLog] [warning] Feature has no GFF ID
[2021-05-20 19:23:38.413] [jointLog] [warning] Feature has no GFF ID
[2021-05-20 19:23:38.413] [jointLog] [warning] Feature has no GFF ID
[2021-05-20 19:23:38.413] [jointLog] [warning] Feature has no GFF ID
[2021-05-20 19:23:38.413] [jointLog] [warning] Feature has no GFF ID
[2021-05-20 19:23:38.413] [jointLog] [warning] Feature has no GFF ID
[2021-05-20 19:23:38.413] [jointLog] [warning] Feature has no GFF ID
[2021-05-20 19:23:38.413] [jointLog] [warning] Feature has no GFF ID
[2021-05-20 19:23:38.413] [jointLog] [warning] Feature has no GFF ID
[2021-05-20 19:23:38.413] [jointLog] [warning] Feature has no GFF ID
[2021-05-20 19:23:38.413] [jointLog] [warning] Feature has no GFF ID
[2021-05-20 19:23:38.413] [jointLog] [warning] Feature has no GFF ID
[2021-05-20 19:23:38.413] [jointLog] [warning] Feature has no GFF ID
[2021-05-20 19:23:38.413] [jointLog] [warning] Feature has no GFF ID
[2021-05-20 19:23:38.413] [jointLog] [warning] Feature has no GFF ID
[2021-05-20 19:23:38.413] [jointLog] [warning] Feature has no GFF ID
[2021-05-20 19:23:38.413] [jointLog] [warning] Feature has no GFF ID
[2021-05-20 19:23:38.413] [jointLog] [warning] Feature has no GFF ID
[2021-05-20 19:23:38.413] [jointLog] [warning] Feature has no GFF ID
[2021-05-20 19:23:38.413] [jointLog] [warning] Feature has no GFF ID
[2021-05-20 19:23:38.413] [jointLog] [warning] Feature has no GFF ID
[2021-05-20 19:23:38.413] [jointLog] [warning] Feature has no GFF ID
[2021-05-20 19:23:38.413] [jointLog] [warning] Feature has no GFF ID
[2021-05-20 19:23:38.413] [jointLog] [warning] Feature has no GFF ID
[2021-05-20 19:23:38.413] [jointLog] [warning] Feature has no GFF ID
[2021-05-20 19:23:38.413] [jointLog] [warning] Feature has no GFF ID
[2021-05-20 19:23:38.413] [jointLog] [warning] Feature has no GFF ID
[2021-05-20 19:23:38.413] [jointLog] [warning] Feature has no GFF ID
[2021-05-20 19:23:38.413] [jointLog] [warning] Feature has no GFF ID
[2021-05-20 19:23:38.413] [jointLog] [warning] Feature has no GFF ID
[2021-05-20 19:23:38.413] [jointLog] [warning] Feature has no GFF ID
[2021-05-20 19:23:38.413] [jointLog] [warning] Feature has no GFF ID
[2021-05-20 19:23:38.413] [jointLog] [warning] Feature has no GFF ID
[2021-05-20 19:23:38.413] [jointLog] [warning] Feature has no GFF ID
[2021-05-20 19:23:38.413] [jointLog] [warning] Feature has no GFF ID
[2021-05-20 19:23:38.413] [jointLog] [warning] Feature has no GFF ID
[2021-05-20 19:23:38.413] [jointLog] [warning] Feature has no GFF ID
[2021-05-20 19:23:38.413] [jointLog] [warning] Feature has no GFF ID
[2021-05-20 19:23:38.413] [jointLog] [warning] Feature has no GFF ID
[2021-05-20 19:23:38.413] [jointLog] [warning] Feature has no GFF ID
[2021-05-20 19:23:38.413] [jointLog] [warning] Feature has no GFF ID
[2021-05-20 19:23:38.413] [jointLog] [warning] Feature has no GFF ID
[2021-05-20 19:23:38.413] [jointLog] [warning] Feature has no GFF ID
[2021-05-20 19:23:38.413] [jointLog] [warning] Feature has no GFF ID
[2021-05-20 19:23:38.828] [jointLog] [info] There were 142604 transcripts mapping to 55401 genes
[2021-05-20 19:23:38.829] [jointLog] [info] NOTE: We recommend using tximport (https://bioconductor.org/packages/release/bioc/html/tximport.html) for aggregating transcript-level salmon abundance estimates to the gene level.  It is more versatile, exposes more features, and allows considering multi-sample information during aggregation.
[2021-05-20 19:23:39.199] [jointLog] [warning] couldn't find transcript named [DQ459430] in transcript <-> gene map; returning transcript as it's own gene
[2021-05-20 19:23:39.199] [jointLog] [warning] couldn't find transcript named [DQ516784] in transcript <-> gene map; returning transcript as it's own gene
[2021-05-20 19:23:39.199] [jointLog] [warning] couldn't find transcript named [DQ516752] in transcript <-> gene map; returning transcript as it's own gene
[2021-05-20 19:23:39.199] [jointLog] [warning] couldn't find transcript named [DQ668364] in transcript <-> gene map; returning transcript as it's own gene
[2021-05-20 19:23:39.199] [jointLog] [warning] couldn't find transcript named [DQ883670] in transcript <-> gene map; returning transcript as it's own gene
[2021-05-20 19:23:39.199] [jointLog] [warning] couldn't find transcript named [EF011062] in transcript <-> gene map; returning transcript as it's own gene
[2021-05-20 19:23:39.199] [jointLog] [warning] couldn't find transcript named [DQ875385] in transcript <-> gene map; returning transcript as it's own gene
[2021-05-20 19:23:39.199] [jointLog] [warning] couldn't find transcript named [DQ883664] in transcript <-> gene map; returning transcript as it's own gene
[2021-05-20 19:23:39.199] [jointLog] [warning] couldn't find transcript named [DQ459420] in transcript <-> gene map; returning transcript as it's own gene
[2021-05-20 19:23:39.199] [jointLog] [warning] couldn't find transcript named [DQ883651] in transcript <-> gene map; returning transcript as it's own gene
[2021-05-20 19:23:39.199] [jointLog] [warning] couldn't find transcript named [DQ855004] in transcript <-> gene map; returning transcript as it's own gene
[2021-05-20 19:23:39.199] [jointLog] [warning] couldn't find transcript named [DQ854993] in transcript <-> gene map; returning transcript as it's own gene
[2021-05-20 19:23:39.199] [jointLog] [warning] couldn't find transcript named [DQ883689] in transcript <-> gene map; returning transcript as it's own gene
[2021-05-20 19:23:39.199] [jointLog] [warning] couldn't find transcript named [DQ459419] in transcript <-> gene map; returning transcript as it's own gene
[2021-05-20 19:23:39.199] [jointLog] [warning] couldn't find transcript named [DQ459431] in transcript <-> gene map; returning transcript as it's own gene
[2021-05-20 19:23:39.199] [jointLog] [warning] couldn't find transcript named [DQ516796] in transcript <-> gene map; returning transcript as it's own gene
[2021-05-20 19:23:39.199] [jointLog] [warning] couldn't find transcript named [DQ855001] in transcript <-> gene map; returning transcript as it's own gene
[2021-05-20 19:23:39.199] [jointLog] [warning] couldn't find transcript named [DQ459413] in transcript <-> gene map; returning transcript as it's own gene
[2021-05-20 19:23:39.199] [jointLog] [warning] couldn't find transcript named [DQ883656] in transcript <-> gene map; returning transcript as it's own gene
[2021-05-20 19:23:39.199] [jointLog] [warning] couldn't find transcript named [DQ883661] in transcript <-> gene map; returning transcript as it's own gene
[2021-05-20 19:23:39.199] [jointLog] [warning] couldn't find transcript named [EF011069] in transcript <-> gene map; returning transcript as it's own gene
[2021-05-20 19:23:39.199] [jointLog] [warning] couldn't find transcript named [DQ516783] in transcript <-> gene map; returning transcript as it's own gene
[2021-05-20 19:23:39.199] [jointLog] [warning] couldn't find transcript named [DQ516787] in transcript <-> gene map; returning transcript as it's own gene
[2021-05-20 19:23:39.199] [jointLog] [warning] couldn't find transcript named [DQ459424] in transcript <-> gene map; returning transcript as it's own gene
[2021-05-20 19:23:39.199] [jointLog] [warning] couldn't find transcript named [DQ516748] in transcript <-> gene map; returning transcript as it's own gene
[2021-05-20 19:23:39.199] [jointLog] [warning] couldn't find transcript named [DQ883671] in transcript <-> gene map; returning transcript as it's own gene
[2021-05-20 19:23:39.199] [jointLog] [warning] couldn't find transcript named [DQ516740] in transcript <-> gene map; returning transcript as it's own gene
[2021-05-20 19:23:39.199] [jointLog] [warning] couldn't find transcript named [DQ516785] in transcript <-> gene map; returning transcript as it's own gene
[2021-05-20 19:23:39.199] [jointLog] [warning] couldn't find transcript named [DQ516731] in transcript <-> gene map; returning transcript as it's own gene
[2021-05-20 19:23:39.199] [jointLog] [warning] couldn't find transcript named [DQ668366] in transcript <-> gene map; returning transcript as it's own gene
[2021-05-20 19:23:39.199] [jointLog] [warning] couldn't find transcript named [DQ459418] in transcript <-> gene map; returning transcript as it's own gene
[2021-05-20 19:23:39.199] [jointLog] [warning] couldn't find transcript named [DQ668356] in transcript <-> gene map; returning transcript as it's own gene
[2021-05-20 19:23:39.199] [jointLog] [warning] couldn't find transcript named [DQ516763] in transcript <-> gene map; returning transcript as it's own gene
[2021-05-20 19:23:39.199] [jointLog] [warning] couldn't find transcript named [DQ459426] in transcript <-> gene map; returning transcript as it's own gene
[2021-05-20 19:23:39.199] [jointLog] [warning] couldn't find transcript named [DQ516786] in transcript <-> gene map; returning transcript as it's own gene
[2021-05-20 19:23:39.199] [jointLog] [warning] couldn't find transcript named [DQ883653] in transcript <-> gene map; returning transcript as it's own gene
[2021-05-20 19:23:39.199] [jointLog] [warning] couldn't find transcript named [DQ459421] in transcript <-> gene map; returning transcript as it's own gene
[2021-05-20 19:23:39.199] [jointLog] [warning] couldn't find transcript named [DQ883654] in transcript <-> gene map; returning transcript as it's own gene
[2021-05-20 19:23:39.199] [jointLog] [warning] couldn't find transcript named [DQ668358] in transcript <-> gene map; returning transcript as it's own gene
[2021-05-20 19:23:39.199] [jointLog] [warning] couldn't find transcript named [DQ516754] in transcript <-> gene map; returning transcript as it's own gene
[2021-05-20 19:23:39.199] [jointLog] [warning] couldn't find transcript named [DQ516778] in transcript <-> gene map; returning transcript as it's own gene
[2021-05-20 19:23:39.199] [jointLog] [warning] couldn't find transcript named [DQ883650] in transcript <-> gene map; returning transcript as it's own gene
[2021-05-20 19:23:39.199] [jointLog] [warning] couldn't find transcript named [DQ516742] in transcript <-> gene map; returning transcript as it's own gene
[2021-05-20 19:23:39.199] [jointLog] [warning] couldn't find transcript named [DQ883673] in transcript <-> gene map; returning transcript as it's own gene
[2021-05-20 19:23:39.199] [jointLog] [warning] couldn't find transcript named [DQ883652] in transcript <-> gene map; returning transcript as it's own gene
[2021-05-20 19:23:39.199] [jointLog] [warning] couldn't find transcript named [DQ854991] in transcript <-> gene map; returning transcript as it's own gene
[2021-05-20 19:23:39.199] [jointLog] [warning] couldn't find transcript named [DQ516780] in transcript <-> gene map; returning transcript as it's own gene
[2021-05-20 19:23:39.199] [jointLog] [warning] couldn't find transcript named [DQ883682] in transcript <-> gene map; returning transcript as it's own gene
[2021-05-20 19:23:39.199] [jointLog] [warning] couldn't find transcript named [DQ883669] in transcript <-> gene map; returning transcript as it's own gene
[2021-05-20 19:23:39.199] [jointLog] [warning] couldn't find transcript named [DQ516791] in transcript <-> gene map; returning transcript as it's own gene
[2021-05-20 19:23:39.199] [jointLog] [warning] couldn't find transcript named [DQ459425] in transcript <-> gene map; returning transcript as it's own gene
[2021-05-20 19:23:39.199] [jointLog] [warning] couldn't find transcript named [DQ516759] in transcript <-> gene map; returning transcript as it's own gene
[2021-05-20 19:23:39.199] [jointLog] [warning] couldn't find transcript named [DQ459429] in transcript <-> gene map; returning transcript as it's own gene
[2021-05-20 19:23:39.199] [jointLog] [warning] couldn't find transcript named [DQ516758] in transcript <-> gene map; returning transcript as it's own gene
[2021-05-20 19:23:39.199] [jointLog] [warning] couldn't find transcript named [DQ459415] in transcript <-> gene map; returning transcript as it's own gene
[2021-05-20 19:23:39.199] [jointLog] [warning] couldn't find transcript named [DQ875387] in transcript <-> gene map; returning transcript as it's own gene
[2021-05-20 19:23:39.199] [jointLog] [warning] couldn't find transcript named [DQ516815] in transcript <-> gene map; returning transcript as it's own gene
[2021-05-20 19:23:39.199] [jointLog] [warning] couldn't find transcript named [DQ668365] in transcript <-> gene map; returning transcript as it's own gene
[2021-05-20 19:23:39.199] [jointLog] [warning] couldn't find transcript named [DQ854998] in transcript <-> gene map; returning transcript as it's own gene
[2021-05-20 19:23:39.199] [jointLog] [warning] couldn't find transcript named [DQ883685] in transcript <-> gene map; returning transcript as it's own gene
[2021-05-20 19:23:39.199] [jointLog] [warning] couldn't find transcript named [DQ459422] in transcript <-> gene map; returning transcript as it's own gene
[2021-05-20 19:23:39.199] [jointLog] [warning] couldn't find transcript named [DQ883663] in transcript <-> gene map; returning transcript as it's own gene
[2021-05-20 19:23:39.199] [jointLog] [warning] couldn't find transcript named [DQ668367] in transcript <-> gene map; returning transcript as it's own gene
[2021-05-20 19:23:39.199] [jointLog] [warning] couldn't find transcript named [DQ459412] in transcript <-> gene map; returning transcript as it's own gene
[2021-05-20 19:23:39.199] [jointLog] [warning] couldn't find transcript named [DQ854992] in transcript <-> gene map; returning transcript as it's own gene
[2021-05-20 19:23:39.199] [jointLog] [warning] couldn't find transcript named [DQ516782] in transcript <-> gene map; returning transcript as it's own gene
[2021-05-20 19:23:39.199] [jointLog] [warning] couldn't find transcript named [DQ459427] in transcript <-> gene map; returning transcript as it's own gene
[2021-05-20 19:23:39.199] [jointLog] [warning] couldn't find transcript named [EF011072] in transcript <-> gene map; returning transcript as it's own gene
[2021-05-20 19:23:39.199] [jointLog] [warning] couldn't find transcript named [DQ855003] in transcript <-> gene map; returning transcript as it's own gene
[2021-05-20 19:23:39.199] [jointLog] [warning] couldn't find transcript named [DQ516739] in transcript <-> gene map; returning transcript as it's own gene
[2021-05-20 19:23:39.199] [jointLog] [warning] couldn't find transcript named [EF011063] in transcript <-> gene map; returning transcript as it's own gene
[2021-05-20 19:23:39.199] [jointLog] [warning] couldn't find transcript named [DQ855000] in transcript <-> gene map; returning transcript as it's own gene
[2021-05-20 19:23:39.199] [jointLog] [warning] couldn't find transcript named [DQ516777] in transcript <-> gene map; returning transcript as it's own gene
[2021-05-20 19:23:39.199] [jointLog] [warning] couldn't find transcript named [DQ883646] in transcript <-> gene map; returning transcript as it's own gene
[2021-05-20 19:23:39.199] [jointLog] [warning] couldn't find transcript named [DQ668362] in transcript <-> gene map; returning transcript as it's own gene
[2021-05-20 19:23:39.199] [jointLog] [warning] couldn't find transcript named [DQ854995] in transcript <-> gene map; returning transcript as it's own gene
[2021-05-20 19:23:39.199] [jointLog] [warning] couldn't find transcript named [DQ875386] in transcript <-> gene map; returning transcript as it's own gene
[2021-05-20 19:23:39.199] [jointLog] [warning] couldn't find transcript named [DQ516790] in transcript <-> gene map; returning transcript as it's own gene
[2021-05-20 19:23:39.199] [jointLog] [warning] couldn't find transcript named [DQ883642] in transcript <-> gene map; returning transcript as it's own gene
[2021-05-20 19:23:39.199] [jointLog] [warning] couldn't find transcript named [DQ883659] in transcript <-> gene map; returning transcript as it's own gene
[2021-05-20 19:23:39.199] [jointLog] [warning] couldn't find transcript named [DQ854997] in transcript <-> gene map; returning transcript as it's own gene
[2021-05-20 19:23:39.199] [jointLog] [warning] couldn't find transcript named [DQ883643] in transcript <-> gene map; returning transcript as it's own gene
[2021-05-20 19:23:39.199] [jointLog] [warning] couldn't find transcript named [DQ839618] in transcript <-> gene map; returning transcript as it's own gene
[2021-05-20 19:23:39.199] [jointLog] [warning] couldn't find transcript named [DQ516795] in transcript <-> gene map; returning transcript as it's own gene
[2021-05-20 19:23:39.199] [jointLog] [warning] couldn't find transcript named [DQ883658] in transcript <-> gene map; returning transcript as it's own gene
[2021-05-20 19:23:39.199] [jointLog] [warning] couldn't find transcript named [DQ516750] in transcript <-> gene map; returning transcript as it's own gene
[2021-05-20 19:23:39.199] [jointLog] [warning] couldn't find transcript named [DQ668359] in transcript <-> gene map; returning transcript as it's own gene
[2021-05-20 19:23:39.199] [jointLog] [warning] couldn't find transcript named [DQ516779] in transcript <-> gene map; returning transcript as it's own gene
[2021-05-20 19:23:39.199] [jointLog] [warning] couldn't find transcript named [DQ668363] in transcript <-> gene map; returning transcript as it's own gene
[2021-05-20 19:23:39.199] [jointLog] [warning] couldn't find transcript named [DQ516776] in transcript <-> gene map; returning transcript as it's own gene
[2021-05-20 19:23:39.199] [jointLog] [warning] couldn't find transcript named [DQ516773] in transcript <-> gene map; returning transcript as it's own gene
[2021-05-20 19:23:39.199] [jointLog] [warning] couldn't find transcript named [DQ854994] in transcript <-> gene map; returning transcript as it's own gene
[2021-05-20 19:23:39.200] [jointLog] [info] Aggregating expressions to gene level
[2021-05-20 19:23:39.391] [jointLog] [info] done
