[2021-05-23 10:34:10.042] [jointLog] [info] setting maxHashResizeThreads to 6
[2021-05-23 10:34:10.042] [jointLog] [info] Fragment incompatibility prior below threshold.  Incompatible fragments will be ignored.
[2021-05-23 10:34:10.043] [jointLog] [info] numQuantThreads = 3
[2021-05-23 10:34:12.919] [jointLog] [info] replaced 4 non-ACGT nucleotides with random nucleotides
[2021-05-23 10:34:13.236] [fileLog] [info] quantification processed 0 fragments so far

[2021-05-23 10:34:16.445] [fileLog] [info] quantification processed 1000000 fragments so far

[2021-05-23 10:34:19.838] [fileLog] [info] quantification processed 2000000 fragments so far

[2021-05-23 10:34:20.746] [jointLog] [info] 

The alignment group queue pool has been exhausted.  3058267 extra fragments were allocated on the heap to saturate the pool.  No new fragments will be allocated


[2021-05-23 10:34:37.592] [fileLog] [info] quantification processed 3000000 fragments so far

[2021-05-23 10:35:01.024] [fileLog] [info] quantification processed 4000000 fragments so far

[2021-05-23 10:35:24.256] [fileLog] [info] quantification processed 5000000 fragments so far

[2021-05-23 10:35:47.234] [fileLog] [info] quantification processed 6000000 fragments so far

[2021-05-23 10:36:10.244] [fileLog] [info] quantification processed 7000000 fragments so far

[2021-05-23 10:36:14.906] [fileLog] [info] quantification processed 8000000 fragments so far

[2021-05-23 10:36:19.579] [fileLog] [info] quantification processed 9000000 fragments so far

[2021-05-23 10:36:24.005] [fileLog] [info] quantification processed 10000000 fragments so far

[2021-05-23 10:36:28.654] [fileLog] [info] quantification processed 11000000 fragments so far

[2021-05-23 10:36:33.109] [fileLog] [info] quantification processed 12000000 fragments so far

[2021-05-23 10:36:37.620] [fileLog] [info] quantification processed 13000000 fragments so far

[2021-05-23 10:36:42.237] [fileLog] [info] quantification processed 14000000 fragments so far

[2021-05-23 10:36:46.634] [fileLog] [info] quantification processed 15000000 fragments so far

[2021-05-23 10:36:51.204] [fileLog] [info] quantification processed 16000000 fragments so far

[2021-05-23 10:36:56.113] [fileLog] [info] quantification processed 17000000 fragments so far

[2021-05-23 10:37:00.547] [fileLog] [info] quantification processed 18000000 fragments so far

[2021-05-23 10:37:05.171] [fileLog] [info] quantification processed 19000000 fragments so far

[2021-05-23 10:37:09.781] [fileLog] [info] quantification processed 20000000 fragments so far

[2021-05-23 10:37:14.133] [fileLog] [info] quantification processed 21000000 fragments so far

[2021-05-23 10:37:18.442] [fileLog] [info] quantification processed 22000000 fragments so far

[2021-05-23 10:37:23.091] [fileLog] [info] quantification processed 23000000 fragments so far

[2021-05-23 10:37:27.721] [fileLog] [info] quantification processed 24000000 fragments so far

[2021-05-23 10:37:32.302] [fileLog] [info] quantification processed 25000000 fragments so far

[2021-05-23 10:37:36.875] [fileLog] [info] quantification processed 26000000 fragments so far

[2021-05-23 10:37:41.382] [fileLog] [info] quantification processed 27000000 fragments so far

[2021-05-23 10:37:46.003] [fileLog] [info] quantification processed 28000000 fragments so far

[2021-05-23 10:37:50.550] [fileLog] [info] quantification processed 29000000 fragments so far

[2021-05-23 10:37:55.175] [fileLog] [info] quantification processed 30000000 fragments so far

[2021-05-23 10:37:57.905] [fileLog] [info] quantification processed 30570218 fragments so far

[2021-05-23 10:38:06.686] [jointLog] [info] Thread saw mini-batch with a maximum of 2.30% zero probability fragments
[2021-05-23 10:38:06.687] [jointLog] [info] Thread saw mini-batch with a maximum of 1.90% zero probability fragments
[2021-05-23 10:38:06.689] [jointLog] [info] Thread saw mini-batch with a maximum of 2.40% zero probability fragments
[2021-05-23 10:38:06.691] [jointLog] [info] 


Completed first pass through the alignment file.
Total # of mapped reads : 30570218
# of uniquely mapped reads : 11838455
# ambiguously mapped reads : 18731763



[2021-05-23 10:38:06.889] [jointLog] [info] Computed 225718 rich equivalence classes for further processing
[2021-05-23 10:38:06.890] [jointLog] [info] Counted 30420595 total reads in the equivalence classes 
[2021-05-23 10:38:06.892] [jointLog] [info] starting optimizer
[2021-05-23 10:38:07.012] [jointLog] [info] Marked 0 weighted equivalence classes as degenerate
[2021-05-23 10:38:07.030] [jointLog] [info] iteration = 0 | max rel diff. = 8330.39
[2021-05-23 10:38:08.735] [jointLog] [info] iteration = 100 | max rel diff. = 17.9733
[2021-05-23 10:38:10.457] [jointLog] [info] iteration = 200 | max rel diff. = 2.30363
[2021-05-23 10:38:12.159] [jointLog] [info] iteration = 300 | max rel diff. = 20.4213
[2021-05-23 10:38:13.867] [jointLog] [info] iteration = 400 | max rel diff. = 0.562356
[2021-05-23 10:38:15.593] [jointLog] [info] iteration = 500 | max rel diff. = 0.58264
[2021-05-23 10:38:17.308] [jointLog] [info] iteration = 600 | max rel diff. = 0.0870368
[2021-05-23 10:38:19.017] [jointLog] [info] iteration = 700 | max rel diff. = 0.119123
[2021-05-23 10:38:20.739] [jointLog] [info] iteration = 800 | max rel diff. = 0.0961296
[2021-05-23 10:38:22.449] [jointLog] [info] iteration = 900 | max rel diff. = 0.0662281
[2021-05-23 10:38:24.136] [jointLog] [info] iteration = 1000 | max rel diff. = 0.0495415
[2021-05-23 10:38:25.834] [jointLog] [info] iteration = 1100 | max rel diff. = 0.103359
[2021-05-23 10:38:27.559] [jointLog] [info] iteration = 1200 | max rel diff. = 0.676589
[2021-05-23 10:38:29.294] [jointLog] [info] iteration = 1300 | max rel diff. = 0.0407969
[2021-05-23 10:38:30.986] [jointLog] [info] iteration = 1400 | max rel diff. = 0.073462
[2021-05-23 10:38:32.710] [jointLog] [info] iteration = 1500 | max rel diff. = 1.29418
[2021-05-23 10:38:34.411] [jointLog] [info] iteration = 1600 | max rel diff. = 0.0211731
[2021-05-23 10:38:36.125] [jointLog] [info] iteration = 1700 | max rel diff. = 0.17735
[2021-05-23 10:38:37.818] [jointLog] [info] iteration = 1800 | max rel diff. = 0.0279761
[2021-05-23 10:38:39.515] [jointLog] [info] iteration = 1900 | max rel diff. = 0.229142
[2021-05-23 10:38:39.761] [jointLog] [info] iteration = 1915 | max rel diff. = 0.00657961
[2021-05-23 10:38:39.800] [jointLog] [info] finished optimizer
[2021-05-23 10:38:39.800] [jointLog] [info] writing output
[2021-05-23 10:38:41.911] [jointLog] [info] Computing gene-level abundance estimates
[2021-05-23 10:39:14.568] [jointLog] [warning] Feature has no GFF ID
[2021-05-23 10:39:14.568] [jointLog] [warning] Feature has no GFF ID
[2021-05-23 10:39:14.568] [jointLog] [warning] Feature has no GFF ID
[2021-05-23 10:39:14.568] [jointLog] [warning] Feature has no GFF ID
[2021-05-23 10:39:14.568] [jointLog] [warning] Feature has no GFF ID
[2021-05-23 10:39:14.568] [jointLog] [warning] Feature has no GFF ID
[2021-05-23 10:39:14.568] [jointLog] [warning] Feature has no GFF ID
[2021-05-23 10:39:14.568] [jointLog] [warning] Feature has no GFF ID
[2021-05-23 10:39:14.568] [jointLog] [warning] Feature has no GFF ID
[2021-05-23 10:39:14.568] [jointLog] [warning] Feature has no GFF ID
[2021-05-23 10:39:14.568] [jointLog] [warning] Feature has no GFF ID
[2021-05-23 10:39:14.568] [jointLog] [warning] Feature has no GFF ID
[2021-05-23 10:39:14.568] [jointLog] [warning] Feature has no GFF ID
[2021-05-23 10:39:14.568] [jointLog] [warning] Feature has no GFF ID
[2021-05-23 10:39:14.568] [jointLog] [warning] Feature has no GFF ID
[2021-05-23 10:39:14.568] [jointLog] [warning] Feature has no GFF ID
[2021-05-23 10:39:14.568] [jointLog] [warning] Feature has no GFF ID
[2021-05-23 10:39:14.568] [jointLog] [warning] Feature has no GFF ID
[2021-05-23 10:39:14.568] [jointLog] [warning] Feature has no GFF ID
[2021-05-23 10:39:14.568] [jointLog] [warning] Feature has no GFF ID
[2021-05-23 10:39:14.568] [jointLog] [warning] Feature has no GFF ID
[2021-05-23 10:39:14.568] [jointLog] [warning] Feature has no GFF ID
[2021-05-23 10:39:14.568] [jointLog] [warning] Feature has no GFF ID
[2021-05-23 10:39:14.568] [jointLog] [warning] Feature has no GFF ID
[2021-05-23 10:39:14.568] [jointLog] [warning] Feature has no GFF ID
[2021-05-23 10:39:14.568] [jointLog] [warning] Feature has no GFF ID
[2021-05-23 10:39:14.568] [jointLog] [warning] Feature has no GFF ID
[2021-05-23 10:39:14.568] [jointLog] [warning] Feature has no GFF ID
[2021-05-23 10:39:14.568] [jointLog] [warning] Feature has no GFF ID
[2021-05-23 10:39:14.568] [jointLog] [warning] Feature has no GFF ID
[2021-05-23 10:39:14.568] [jointLog] [warning] Feature has no GFF ID
[2021-05-23 10:39:14.568] [jointLog] [warning] Feature has no GFF ID
[2021-05-23 10:39:14.568] [jointLog] [warning] Feature has no GFF ID
[2021-05-23 10:39:14.568] [jointLog] [warning] Feature has no GFF ID
[2021-05-23 10:39:14.568] [jointLog] [warning] Feature has no GFF ID
[2021-05-23 10:39:14.568] [jointLog] [warning] Feature has no GFF ID
[2021-05-23 10:39:14.568] [jointLog] [warning] Feature has no GFF ID
[2021-05-23 10:39:14.568] [jointLog] [warning] Feature has no GFF ID
[2021-05-23 10:39:14.568] [jointLog] [warning] Feature has no GFF ID
[2021-05-23 10:39:14.568] [jointLog] [warning] Feature has no GFF ID
[2021-05-23 10:39:14.568] [jointLog] [warning] Feature has no GFF ID
[2021-05-23 10:39:14.568] [jointLog] [warning] Feature has no GFF ID
[2021-05-23 10:39:14.568] [jointLog] [warning] Feature has no GFF ID
[2021-05-23 10:39:14.568] [jointLog] [warning] Feature has no GFF ID
[2021-05-23 10:39:14.568] [jointLog] [warning] Feature has no GFF ID
[2021-05-23 10:39:14.568] [jointLog] [warning] Feature has no GFF ID
[2021-05-23 10:39:14.568] [jointLog] [warning] Feature has no GFF ID
[2021-05-23 10:39:14.568] [jointLog] [warning] Feature has no GFF ID
[2021-05-23 10:39:14.568] [jointLog] [warning] Feature has no GFF ID
[2021-05-23 10:39:14.568] [jointLog] [warning] Feature has no GFF ID
[2021-05-23 10:39:14.568] [jointLog] [warning] Feature has no GFF ID
[2021-05-23 10:39:14.568] [jointLog] [warning] Feature has no GFF ID
[2021-05-23 10:39:14.568] [jointLog] [warning] Feature has no GFF ID
[2021-05-23 10:39:14.568] [jointLog] [warning] Feature has no GFF ID
[2021-05-23 10:39:14.568] [jointLog] [warning] Feature has no GFF ID
[2021-05-23 10:39:14.568] [jointLog] [warning] Feature has no GFF ID
[2021-05-23 10:39:14.568] [jointLog] [warning] Feature has no GFF ID
[2021-05-23 10:39:14.568] [jointLog] [warning] Feature has no GFF ID
[2021-05-23 10:39:14.568] [jointLog] [warning] Feature has no GFF ID
[2021-05-23 10:39:14.568] [jointLog] [warning] Feature has no GFF ID
[2021-05-23 10:39:14.568] [jointLog] [warning] Feature has no GFF ID
[2021-05-23 10:39:14.568] [jointLog] [warning] Feature has no GFF ID
[2021-05-23 10:39:14.568] [jointLog] [warning] Feature has no GFF ID
[2021-05-23 10:39:14.568] [jointLog] [warning] Feature has no GFF ID
[2021-05-23 10:39:14.568] [jointLog] [warning] Feature has no GFF ID
[2021-05-23 10:39:14.568] [jointLog] [warning] Feature has no GFF ID
[2021-05-23 10:39:14.568] [jointLog] [warning] Feature has no GFF ID
[2021-05-23 10:39:14.568] [jointLog] [warning] Feature has no GFF ID
[2021-05-23 10:39:14.568] [jointLog] [warning] Feature has no GFF ID
[2021-05-23 10:39:14.568] [jointLog] [warning] Feature has no GFF ID
[2021-05-23 10:39:14.568] [jointLog] [warning] Feature has no GFF ID
[2021-05-23 10:39:14.568] [jointLog] [warning] Feature has no GFF ID
[2021-05-23 10:39:14.568] [jointLog] [warning] Feature has no GFF ID
[2021-05-23 10:39:14.568] [jointLog] [warning] Feature has no GFF ID
[2021-05-23 10:39:14.568] [jointLog] [warning] Feature has no GFF ID
[2021-05-23 10:39:14.568] [jointLog] [warning] Feature has no GFF ID
[2021-05-23 10:39:14.568] [jointLog] [warning] Feature has no GFF ID
[2021-05-23 10:39:14.568] [jointLog] [warning] Feature has no GFF ID
[2021-05-23 10:39:14.568] [jointLog] [warning] Feature has no GFF ID
[2021-05-23 10:39:14.568] [jointLog] [warning] Feature has no GFF ID
[2021-05-23 10:39:14.568] [jointLog] [warning] Feature has no GFF ID
[2021-05-23 10:39:14.568] [jointLog] [warning] Feature has no GFF ID
[2021-05-23 10:39:14.568] [jointLog] [warning] Feature has no GFF ID
[2021-05-23 10:39:14.568] [jointLog] [warning] Feature has no GFF ID
[2021-05-23 10:39:14.568] [jointLog] [warning] Feature has no GFF ID
[2021-05-23 10:39:14.568] [jointLog] [warning] Feature has no GFF ID
[2021-05-23 10:39:14.568] [jointLog] [warning] Feature has no GFF ID
[2021-05-23 10:39:14.568] [jointLog] [warning] Feature has no GFF ID
[2021-05-23 10:39:14.568] [jointLog] [warning] Feature has no GFF ID
[2021-05-23 10:39:14.568] [jointLog] [warning] Feature has no GFF ID
[2021-05-23 10:39:14.568] [jointLog] [warning] Feature has no GFF ID
[2021-05-23 10:39:14.568] [jointLog] [warning] Feature has no GFF ID
[2021-05-23 10:39:14.932] [jointLog] [info] There were 142604 transcripts mapping to 55401 genes
[2021-05-23 10:39:14.932] [jointLog] [info] NOTE: We recommend using tximport (https://bioconductor.org/packages/release/bioc/html/tximport.html) for aggregating transcript-level salmon abundance estimates to the gene level.  It is more versatile, exposes more features, and allows considering multi-sample information during aggregation.
[2021-05-23 10:39:15.274] [jointLog] [warning] couldn't find transcript named [DQ459430] in transcript <-> gene map; returning transcript as it's own gene
[2021-05-23 10:39:15.274] [jointLog] [warning] couldn't find transcript named [DQ516784] in transcript <-> gene map; returning transcript as it's own gene
[2021-05-23 10:39:15.274] [jointLog] [warning] couldn't find transcript named [DQ516752] in transcript <-> gene map; returning transcript as it's own gene
[2021-05-23 10:39:15.274] [jointLog] [warning] couldn't find transcript named [DQ668364] in transcript <-> gene map; returning transcript as it's own gene
[2021-05-23 10:39:15.274] [jointLog] [warning] couldn't find transcript named [DQ883670] in transcript <-> gene map; returning transcript as it's own gene
[2021-05-23 10:39:15.274] [jointLog] [warning] couldn't find transcript named [EF011062] in transcript <-> gene map; returning transcript as it's own gene
[2021-05-23 10:39:15.274] [jointLog] [warning] couldn't find transcript named [DQ875385] in transcript <-> gene map; returning transcript as it's own gene
[2021-05-23 10:39:15.274] [jointLog] [warning] couldn't find transcript named [DQ883664] in transcript <-> gene map; returning transcript as it's own gene
[2021-05-23 10:39:15.274] [jointLog] [warning] couldn't find transcript named [DQ459420] in transcript <-> gene map; returning transcript as it's own gene
[2021-05-23 10:39:15.274] [jointLog] [warning] couldn't find transcript named [DQ883651] in transcript <-> gene map; returning transcript as it's own gene
[2021-05-23 10:39:15.274] [jointLog] [warning] couldn't find transcript named [DQ855004] in transcript <-> gene map; returning transcript as it's own gene
[2021-05-23 10:39:15.274] [jointLog] [warning] couldn't find transcript named [DQ854993] in transcript <-> gene map; returning transcript as it's own gene
[2021-05-23 10:39:15.274] [jointLog] [warning] couldn't find transcript named [DQ883689] in transcript <-> gene map; returning transcript as it's own gene
[2021-05-23 10:39:15.274] [jointLog] [warning] couldn't find transcript named [DQ459419] in transcript <-> gene map; returning transcript as it's own gene
[2021-05-23 10:39:15.274] [jointLog] [warning] couldn't find transcript named [DQ459431] in transcript <-> gene map; returning transcript as it's own gene
[2021-05-23 10:39:15.274] [jointLog] [warning] couldn't find transcript named [DQ516796] in transcript <-> gene map; returning transcript as it's own gene
[2021-05-23 10:39:15.274] [jointLog] [warning] couldn't find transcript named [DQ855001] in transcript <-> gene map; returning transcript as it's own gene
[2021-05-23 10:39:15.274] [jointLog] [warning] couldn't find transcript named [DQ459413] in transcript <-> gene map; returning transcript as it's own gene
[2021-05-23 10:39:15.274] [jointLog] [warning] couldn't find transcript named [DQ883656] in transcript <-> gene map; returning transcript as it's own gene
[2021-05-23 10:39:15.274] [jointLog] [warning] couldn't find transcript named [DQ883661] in transcript <-> gene map; returning transcript as it's own gene
[2021-05-23 10:39:15.274] [jointLog] [warning] couldn't find transcript named [EF011069] in transcript <-> gene map; returning transcript as it's own gene
[2021-05-23 10:39:15.274] [jointLog] [warning] couldn't find transcript named [DQ516783] in transcript <-> gene map; returning transcript as it's own gene
[2021-05-23 10:39:15.274] [jointLog] [warning] couldn't find transcript named [DQ516787] in transcript <-> gene map; returning transcript as it's own gene
[2021-05-23 10:39:15.274] [jointLog] [warning] couldn't find transcript named [DQ459424] in transcript <-> gene map; returning transcript as it's own gene
[2021-05-23 10:39:15.274] [jointLog] [warning] couldn't find transcript named [DQ516748] in transcript <-> gene map; returning transcript as it's own gene
[2021-05-23 10:39:15.274] [jointLog] [warning] couldn't find transcript named [DQ883671] in transcript <-> gene map; returning transcript as it's own gene
[2021-05-23 10:39:15.274] [jointLog] [warning] couldn't find transcript named [DQ516740] in transcript <-> gene map; returning transcript as it's own gene
[2021-05-23 10:39:15.274] [jointLog] [warning] couldn't find transcript named [DQ516785] in transcript <-> gene map; returning transcript as it's own gene
[2021-05-23 10:39:15.274] [jointLog] [warning] couldn't find transcript named [DQ516731] in transcript <-> gene map; returning transcript as it's own gene
[2021-05-23 10:39:15.274] [jointLog] [warning] couldn't find transcript named [DQ668366] in transcript <-> gene map; returning transcript as it's own gene
[2021-05-23 10:39:15.274] [jointLog] [warning] couldn't find transcript named [DQ459418] in transcript <-> gene map; returning transcript as it's own gene
[2021-05-23 10:39:15.274] [jointLog] [warning] couldn't find transcript named [DQ668356] in transcript <-> gene map; returning transcript as it's own gene
[2021-05-23 10:39:15.274] [jointLog] [warning] couldn't find transcript named [DQ516763] in transcript <-> gene map; returning transcript as it's own gene
[2021-05-23 10:39:15.274] [jointLog] [warning] couldn't find transcript named [DQ459426] in transcript <-> gene map; returning transcript as it's own gene
[2021-05-23 10:39:15.274] [jointLog] [warning] couldn't find transcript named [DQ516786] in transcript <-> gene map; returning transcript as it's own gene
[2021-05-23 10:39:15.274] [jointLog] [warning] couldn't find transcript named [DQ883653] in transcript <-> gene map; returning transcript as it's own gene
[2021-05-23 10:39:15.274] [jointLog] [warning] couldn't find transcript named [DQ459421] in transcript <-> gene map; returning transcript as it's own gene
[2021-05-23 10:39:15.274] [jointLog] [warning] couldn't find transcript named [DQ883654] in transcript <-> gene map; returning transcript as it's own gene
[2021-05-23 10:39:15.274] [jointLog] [warning] couldn't find transcript named [DQ668358] in transcript <-> gene map; returning transcript as it's own gene
[2021-05-23 10:39:15.274] [jointLog] [warning] couldn't find transcript named [DQ516754] in transcript <-> gene map; returning transcript as it's own gene
[2021-05-23 10:39:15.274] [jointLog] [warning] couldn't find transcript named [DQ516778] in transcript <-> gene map; returning transcript as it's own gene
[2021-05-23 10:39:15.274] [jointLog] [warning] couldn't find transcript named [DQ883650] in transcript <-> gene map; returning transcript as it's own gene
[2021-05-23 10:39:15.274] [jointLog] [warning] couldn't find transcript named [DQ516742] in transcript <-> gene map; returning transcript as it's own gene
[2021-05-23 10:39:15.274] [jointLog] [warning] couldn't find transcript named [DQ883673] in transcript <-> gene map; returning transcript as it's own gene
[2021-05-23 10:39:15.274] [jointLog] [warning] couldn't find transcript named [DQ883652] in transcript <-> gene map; returning transcript as it's own gene
[2021-05-23 10:39:15.274] [jointLog] [warning] couldn't find transcript named [DQ854991] in transcript <-> gene map; returning transcript as it's own gene
[2021-05-23 10:39:15.274] [jointLog] [warning] couldn't find transcript named [DQ516780] in transcript <-> gene map; returning transcript as it's own gene
[2021-05-23 10:39:15.274] [jointLog] [warning] couldn't find transcript named [DQ883682] in transcript <-> gene map; returning transcript as it's own gene
[2021-05-23 10:39:15.274] [jointLog] [warning] couldn't find transcript named [DQ883669] in transcript <-> gene map; returning transcript as it's own gene
[2021-05-23 10:39:15.274] [jointLog] [warning] couldn't find transcript named [DQ516791] in transcript <-> gene map; returning transcript as it's own gene
[2021-05-23 10:39:15.274] [jointLog] [warning] couldn't find transcript named [DQ459425] in transcript <-> gene map; returning transcript as it's own gene
[2021-05-23 10:39:15.274] [jointLog] [warning] couldn't find transcript named [DQ516759] in transcript <-> gene map; returning transcript as it's own gene
[2021-05-23 10:39:15.274] [jointLog] [warning] couldn't find transcript named [DQ459429] in transcript <-> gene map; returning transcript as it's own gene
[2021-05-23 10:39:15.274] [jointLog] [warning] couldn't find transcript named [DQ516758] in transcript <-> gene map; returning transcript as it's own gene
[2021-05-23 10:39:15.274] [jointLog] [warning] couldn't find transcript named [DQ459415] in transcript <-> gene map; returning transcript as it's own gene
[2021-05-23 10:39:15.274] [jointLog] [warning] couldn't find transcript named [DQ875387] in transcript <-> gene map; returning transcript as it's own gene
[2021-05-23 10:39:15.274] [jointLog] [warning] couldn't find transcript named [DQ516815] in transcript <-> gene map; returning transcript as it's own gene
[2021-05-23 10:39:15.274] [jointLog] [warning] couldn't find transcript named [DQ668365] in transcript <-> gene map; returning transcript as it's own gene
[2021-05-23 10:39:15.274] [jointLog] [warning] couldn't find transcript named [DQ854998] in transcript <-> gene map; returning transcript as it's own gene
[2021-05-23 10:39:15.274] [jointLog] [warning] couldn't find transcript named [DQ883685] in transcript <-> gene map; returning transcript as it's own gene
[2021-05-23 10:39:15.274] [jointLog] [warning] couldn't find transcript named [DQ459422] in transcript <-> gene map; returning transcript as it's own gene
[2021-05-23 10:39:15.274] [jointLog] [warning] couldn't find transcript named [DQ883663] in transcript <-> gene map; returning transcript as it's own gene
[2021-05-23 10:39:15.274] [jointLog] [warning] couldn't find transcript named [DQ668367] in transcript <-> gene map; returning transcript as it's own gene
[2021-05-23 10:39:15.274] [jointLog] [warning] couldn't find transcript named [DQ459412] in transcript <-> gene map; returning transcript as it's own gene
[2021-05-23 10:39:15.274] [jointLog] [warning] couldn't find transcript named [DQ854992] in transcript <-> gene map; returning transcript as it's own gene
[2021-05-23 10:39:15.274] [jointLog] [warning] couldn't find transcript named [DQ516782] in transcript <-> gene map; returning transcript as it's own gene
[2021-05-23 10:39:15.274] [jointLog] [warning] couldn't find transcript named [DQ459427] in transcript <-> gene map; returning transcript as it's own gene
[2021-05-23 10:39:15.274] [jointLog] [warning] couldn't find transcript named [EF011072] in transcript <-> gene map; returning transcript as it's own gene
[2021-05-23 10:39:15.274] [jointLog] [warning] couldn't find transcript named [DQ855003] in transcript <-> gene map; returning transcript as it's own gene
[2021-05-23 10:39:15.274] [jointLog] [warning] couldn't find transcript named [DQ516739] in transcript <-> gene map; returning transcript as it's own gene
[2021-05-23 10:39:15.274] [jointLog] [warning] couldn't find transcript named [EF011063] in transcript <-> gene map; returning transcript as it's own gene
[2021-05-23 10:39:15.274] [jointLog] [warning] couldn't find transcript named [DQ855000] in transcript <-> gene map; returning transcript as it's own gene
[2021-05-23 10:39:15.274] [jointLog] [warning] couldn't find transcript named [DQ516777] in transcript <-> gene map; returning transcript as it's own gene
[2021-05-23 10:39:15.274] [jointLog] [warning] couldn't find transcript named [DQ883646] in transcript <-> gene map; returning transcript as it's own gene
[2021-05-23 10:39:15.274] [jointLog] [warning] couldn't find transcript named [DQ668362] in transcript <-> gene map; returning transcript as it's own gene
[2021-05-23 10:39:15.274] [jointLog] [warning] couldn't find transcript named [DQ854995] in transcript <-> gene map; returning transcript as it's own gene
[2021-05-23 10:39:15.274] [jointLog] [warning] couldn't find transcript named [DQ875386] in transcript <-> gene map; returning transcript as it's own gene
[2021-05-23 10:39:15.274] [jointLog] [warning] couldn't find transcript named [DQ516790] in transcript <-> gene map; returning transcript as it's own gene
[2021-05-23 10:39:15.274] [jointLog] [warning] couldn't find transcript named [DQ883642] in transcript <-> gene map; returning transcript as it's own gene
[2021-05-23 10:39:15.274] [jointLog] [warning] couldn't find transcript named [DQ883659] in transcript <-> gene map; returning transcript as it's own gene
[2021-05-23 10:39:15.274] [jointLog] [warning] couldn't find transcript named [DQ854997] in transcript <-> gene map; returning transcript as it's own gene
[2021-05-23 10:39:15.274] [jointLog] [warning] couldn't find transcript named [DQ883643] in transcript <-> gene map; returning transcript as it's own gene
[2021-05-23 10:39:15.274] [jointLog] [warning] couldn't find transcript named [DQ839618] in transcript <-> gene map; returning transcript as it's own gene
[2021-05-23 10:39:15.274] [jointLog] [warning] couldn't find transcript named [DQ516795] in transcript <-> gene map; returning transcript as it's own gene
[2021-05-23 10:39:15.274] [jointLog] [warning] couldn't find transcript named [DQ883658] in transcript <-> gene map; returning transcript as it's own gene
[2021-05-23 10:39:15.274] [jointLog] [warning] couldn't find transcript named [DQ516750] in transcript <-> gene map; returning transcript as it's own gene
[2021-05-23 10:39:15.274] [jointLog] [warning] couldn't find transcript named [DQ668359] in transcript <-> gene map; returning transcript as it's own gene
[2021-05-23 10:39:15.274] [jointLog] [warning] couldn't find transcript named [DQ516779] in transcript <-> gene map; returning transcript as it's own gene
[2021-05-23 10:39:15.274] [jointLog] [warning] couldn't find transcript named [DQ668363] in transcript <-> gene map; returning transcript as it's own gene
[2021-05-23 10:39:15.274] [jointLog] [warning] couldn't find transcript named [DQ516776] in transcript <-> gene map; returning transcript as it's own gene
[2021-05-23 10:39:15.274] [jointLog] [warning] couldn't find transcript named [DQ516773] in transcript <-> gene map; returning transcript as it's own gene
[2021-05-23 10:39:15.274] [jointLog] [warning] couldn't find transcript named [DQ854994] in transcript <-> gene map; returning transcript as it's own gene
[2021-05-23 10:39:15.274] [jointLog] [info] Aggregating expressions to gene level
[2021-05-23 10:39:15.456] [jointLog] [info] done
