[2021-04-27 20:41:08.452] [jointLog] [info] setting maxHashResizeThreads to 6
[2021-04-27 20:41:08.452] [jointLog] [info] Fragment incompatibility prior below threshold.  Incompatible fragments will be ignored.
[2021-04-27 20:41:08.453] [jointLog] [info] numQuantThreads = 3
[2021-04-27 20:41:12.474] [jointLog] [info] replaced 4 non-ACGT nucleotides with random nucleotides
[2021-04-27 20:41:12.734] [fileLog] [info] quantification processed 0 fragments so far

[2021-04-27 20:41:15.701] [fileLog] [info] quantification processed 1000000 fragments so far

[2021-04-27 20:41:18.769] [fileLog] [info] quantification processed 2000000 fragments so far

[2021-04-27 20:41:20.388] [jointLog] [info] 

The alignment group queue pool has been exhausted.  3136875 extra fragments were allocated on the heap to saturate the pool.  No new fragments will be allocated


[2021-04-27 20:41:27.084] [fileLog] [info] quantification processed 3000000 fragments so far

[2021-04-27 20:41:41.027] [fileLog] [info] quantification processed 4000000 fragments so far

[2021-04-27 20:41:54.895] [fileLog] [info] quantification processed 5000000 fragments so far

[2021-04-27 20:42:08.873] [fileLog] [info] quantification processed 6000000 fragments so far

[2021-04-27 20:42:22.978] [fileLog] [info] quantification processed 7000000 fragments so far

[2021-04-27 20:42:26.152] [fileLog] [info] quantification processed 8000000 fragments so far

[2021-04-27 20:42:29.197] [fileLog] [info] quantification processed 9000000 fragments so far

[2021-04-27 20:42:32.230] [fileLog] [info] quantification processed 10000000 fragments so far

[2021-04-27 20:42:35.221] [fileLog] [info] quantification processed 11000000 fragments so far

[2021-04-27 20:42:38.302] [fileLog] [info] quantification processed 12000000 fragments so far

[2021-04-27 20:42:41.294] [fileLog] [info] quantification processed 13000000 fragments so far

[2021-04-27 20:42:44.262] [fileLog] [info] quantification processed 14000000 fragments so far

[2021-04-27 20:42:47.382] [fileLog] [info] quantification processed 15000000 fragments so far

[2021-04-27 20:42:50.386] [fileLog] [info] quantification processed 16000000 fragments so far

[2021-04-27 20:42:53.421] [fileLog] [info] quantification processed 17000000 fragments so far

[2021-04-27 20:42:56.429] [fileLog] [info] quantification processed 18000000 fragments so far

[2021-04-27 20:42:59.445] [fileLog] [info] quantification processed 19000000 fragments so far

[2021-04-27 20:43:02.460] [fileLog] [info] quantification processed 20000000 fragments so far

[2021-04-27 20:43:05.496] [fileLog] [info] quantification processed 21000000 fragments so far

[2021-04-27 20:43:08.481] [fileLog] [info] quantification processed 22000000 fragments so far

[2021-04-27 20:43:11.438] [fileLog] [info] quantification processed 23000000 fragments so far

[2021-04-27 20:43:14.433] [fileLog] [info] quantification processed 24000000 fragments so far

[2021-04-27 20:43:17.549] [fileLog] [info] quantification processed 25000000 fragments so far

[2021-04-27 20:43:20.657] [fileLog] [info] quantification processed 26000000 fragments so far

[2021-04-27 20:43:23.651] [fileLog] [info] quantification processed 27000000 fragments so far

[2021-04-27 20:43:26.665] [fileLog] [info] quantification processed 28000000 fragments so far

[2021-04-27 20:43:29.682] [fileLog] [info] quantification processed 29000000 fragments so far

[2021-04-27 20:43:32.779] [fileLog] [info] quantification processed 30000000 fragments so far

[2021-04-27 20:43:35.944] [fileLog] [info] quantification processed 30990381 fragments so far

[2021-04-27 20:43:41.520] [jointLog] [info] Thread saw mini-batch with a maximum of 3.80% zero probability fragments
[2021-04-27 20:43:41.520] [jointLog] [info] Thread saw mini-batch with a maximum of 5.50% zero probability fragments
[2021-04-27 20:43:41.521] [jointLog] [info] Thread saw mini-batch with a maximum of 3.50% zero probability fragments
[2021-04-27 20:43:41.521] [jointLog] [info] 


Completed first pass through the alignment file.
Total # of mapped reads : 30990381
# of uniquely mapped reads : 12005523
# ambiguously mapped reads : 18984858



[2021-04-27 20:43:41.649] [jointLog] [info] Computed 215216 rich equivalence classes for further processing
[2021-04-27 20:43:41.649] [jointLog] [info] Counted 30892696 total reads in the equivalence classes 
[2021-04-27 20:43:41.651] [jointLog] [info] starting optimizer
[2021-04-27 20:43:41.746] [jointLog] [info] Marked 0 weighted equivalence classes as degenerate
[2021-04-27 20:43:41.764] [jointLog] [info] iteration = 0 | max rel diff. = 8188.92
[2021-04-27 20:43:43.215] [jointLog] [info] iteration = 100 | max rel diff. = 19.635
[2021-04-27 20:43:44.671] [jointLog] [info] iteration = 200 | max rel diff. = 2.88864
[2021-04-27 20:43:46.118] [jointLog] [info] iteration = 300 | max rel diff. = 11.3858
[2021-04-27 20:43:47.562] [jointLog] [info] iteration = 400 | max rel diff. = 2.62714
[2021-04-27 20:43:49.007] [jointLog] [info] iteration = 500 | max rel diff. = 0.650668
[2021-04-27 20:43:50.458] [jointLog] [info] iteration = 600 | max rel diff. = 0.789561
[2021-04-27 20:43:51.880] [jointLog] [info] iteration = 700 | max rel diff. = 1.11119
[2021-04-27 20:43:53.302] [jointLog] [info] iteration = 800 | max rel diff. = 1.235
[2021-04-27 20:43:54.710] [jointLog] [info] iteration = 900 | max rel diff. = 0.278102
[2021-04-27 20:43:56.122] [jointLog] [info] iteration = 1000 | max rel diff. = 0.59956
[2021-04-27 20:43:57.543] [jointLog] [info] iteration = 1100 | max rel diff. = 0.259628
[2021-04-27 20:43:58.947] [jointLog] [info] iteration = 1200 | max rel diff. = 3.093
[2021-04-27 20:44:00.358] [jointLog] [info] iteration = 1300 | max rel diff. = 0.110505
[2021-04-27 20:44:01.760] [jointLog] [info] iteration = 1400 | max rel diff. = 0.0134082
[2021-04-27 20:44:03.159] [jointLog] [info] iteration = 1500 | max rel diff. = 0.409469
[2021-04-27 20:44:04.567] [jointLog] [info] iteration = 1600 | max rel diff. = 0.0330505
[2021-04-27 20:44:05.677] [jointLog] [info] iteration = 1680 | max rel diff. = 0.00220896
[2021-04-27 20:44:05.706] [jointLog] [info] finished optimizer
[2021-04-27 20:44:05.706] [jointLog] [info] writing output
[2021-04-27 20:44:07.397] [jointLog] [info] Computing gene-level abundance estimates
[2021-04-27 20:44:36.100] [jointLog] [warning] Feature has no GFF ID
[2021-04-27 20:44:36.100] [jointLog] [warning] Feature has no GFF ID
[2021-04-27 20:44:36.100] [jointLog] [warning] Feature has no GFF ID
[2021-04-27 20:44:36.100] [jointLog] [warning] Feature has no GFF ID
[2021-04-27 20:44:36.100] [jointLog] [warning] Feature has no GFF ID
[2021-04-27 20:44:36.100] [jointLog] [warning] Feature has no GFF ID
[2021-04-27 20:44:36.100] [jointLog] [warning] Feature has no GFF ID
[2021-04-27 20:44:36.100] [jointLog] [warning] Feature has no GFF ID
[2021-04-27 20:44:36.100] [jointLog] [warning] Feature has no GFF ID
[2021-04-27 20:44:36.100] [jointLog] [warning] Feature has no GFF ID
[2021-04-27 20:44:36.100] [jointLog] [warning] Feature has no GFF ID
[2021-04-27 20:44:36.100] [jointLog] [warning] Feature has no GFF ID
[2021-04-27 20:44:36.100] [jointLog] [warning] Feature has no GFF ID
[2021-04-27 20:44:36.100] [jointLog] [warning] Feature has no GFF ID
[2021-04-27 20:44:36.100] [jointLog] [warning] Feature has no GFF ID
[2021-04-27 20:44:36.100] [jointLog] [warning] Feature has no GFF ID
[2021-04-27 20:44:36.100] [jointLog] [warning] Feature has no GFF ID
[2021-04-27 20:44:36.100] [jointLog] [warning] Feature has no GFF ID
[2021-04-27 20:44:36.100] [jointLog] [warning] Feature has no GFF ID
[2021-04-27 20:44:36.100] [jointLog] [warning] Feature has no GFF ID
[2021-04-27 20:44:36.100] [jointLog] [warning] Feature has no GFF ID
[2021-04-27 20:44:36.100] [jointLog] [warning] Feature has no GFF ID
[2021-04-27 20:44:36.100] [jointLog] [warning] Feature has no GFF ID
[2021-04-27 20:44:36.100] [jointLog] [warning] Feature has no GFF ID
[2021-04-27 20:44:36.100] [jointLog] [warning] Feature has no GFF ID
[2021-04-27 20:44:36.100] [jointLog] [warning] Feature has no GFF ID
[2021-04-27 20:44:36.100] [jointLog] [warning] Feature has no GFF ID
[2021-04-27 20:44:36.100] [jointLog] [warning] Feature has no GFF ID
[2021-04-27 20:44:36.100] [jointLog] [warning] Feature has no GFF ID
[2021-04-27 20:44:36.100] [jointLog] [warning] Feature has no GFF ID
[2021-04-27 20:44:36.100] [jointLog] [warning] Feature has no GFF ID
[2021-04-27 20:44:36.100] [jointLog] [warning] Feature has no GFF ID
[2021-04-27 20:44:36.100] [jointLog] [warning] Feature has no GFF ID
[2021-04-27 20:44:36.100] [jointLog] [warning] Feature has no GFF ID
[2021-04-27 20:44:36.100] [jointLog] [warning] Feature has no GFF ID
[2021-04-27 20:44:36.100] [jointLog] [warning] Feature has no GFF ID
[2021-04-27 20:44:36.100] [jointLog] [warning] Feature has no GFF ID
[2021-04-27 20:44:36.100] [jointLog] [warning] Feature has no GFF ID
[2021-04-27 20:44:36.100] [jointLog] [warning] Feature has no GFF ID
[2021-04-27 20:44:36.100] [jointLog] [warning] Feature has no GFF ID
[2021-04-27 20:44:36.100] [jointLog] [warning] Feature has no GFF ID
[2021-04-27 20:44:36.100] [jointLog] [warning] Feature has no GFF ID
[2021-04-27 20:44:36.100] [jointLog] [warning] Feature has no GFF ID
[2021-04-27 20:44:36.100] [jointLog] [warning] Feature has no GFF ID
[2021-04-27 20:44:36.100] [jointLog] [warning] Feature has no GFF ID
[2021-04-27 20:44:36.100] [jointLog] [warning] Feature has no GFF ID
[2021-04-27 20:44:36.100] [jointLog] [warning] Feature has no GFF ID
[2021-04-27 20:44:36.100] [jointLog] [warning] Feature has no GFF ID
[2021-04-27 20:44:36.100] [jointLog] [warning] Feature has no GFF ID
[2021-04-27 20:44:36.100] [jointLog] [warning] Feature has no GFF ID
[2021-04-27 20:44:36.100] [jointLog] [warning] Feature has no GFF ID
[2021-04-27 20:44:36.100] [jointLog] [warning] Feature has no GFF ID
[2021-04-27 20:44:36.100] [jointLog] [warning] Feature has no GFF ID
[2021-04-27 20:44:36.100] [jointLog] [warning] Feature has no GFF ID
[2021-04-27 20:44:36.100] [jointLog] [warning] Feature has no GFF ID
[2021-04-27 20:44:36.100] [jointLog] [warning] Feature has no GFF ID
[2021-04-27 20:44:36.100] [jointLog] [warning] Feature has no GFF ID
[2021-04-27 20:44:36.100] [jointLog] [warning] Feature has no GFF ID
[2021-04-27 20:44:36.100] [jointLog] [warning] Feature has no GFF ID
[2021-04-27 20:44:36.100] [jointLog] [warning] Feature has no GFF ID
[2021-04-27 20:44:36.100] [jointLog] [warning] Feature has no GFF ID
[2021-04-27 20:44:36.100] [jointLog] [warning] Feature has no GFF ID
[2021-04-27 20:44:36.100] [jointLog] [warning] Feature has no GFF ID
[2021-04-27 20:44:36.100] [jointLog] [warning] Feature has no GFF ID
[2021-04-27 20:44:36.100] [jointLog] [warning] Feature has no GFF ID
[2021-04-27 20:44:36.100] [jointLog] [warning] Feature has no GFF ID
[2021-04-27 20:44:36.100] [jointLog] [warning] Feature has no GFF ID
[2021-04-27 20:44:36.100] [jointLog] [warning] Feature has no GFF ID
[2021-04-27 20:44:36.100] [jointLog] [warning] Feature has no GFF ID
[2021-04-27 20:44:36.100] [jointLog] [warning] Feature has no GFF ID
[2021-04-27 20:44:36.100] [jointLog] [warning] Feature has no GFF ID
[2021-04-27 20:44:36.100] [jointLog] [warning] Feature has no GFF ID
[2021-04-27 20:44:36.100] [jointLog] [warning] Feature has no GFF ID
[2021-04-27 20:44:36.100] [jointLog] [warning] Feature has no GFF ID
[2021-04-27 20:44:36.100] [jointLog] [warning] Feature has no GFF ID
[2021-04-27 20:44:36.100] [jointLog] [warning] Feature has no GFF ID
[2021-04-27 20:44:36.100] [jointLog] [warning] Feature has no GFF ID
[2021-04-27 20:44:36.100] [jointLog] [warning] Feature has no GFF ID
[2021-04-27 20:44:36.100] [jointLog] [warning] Feature has no GFF ID
[2021-04-27 20:44:36.100] [jointLog] [warning] Feature has no GFF ID
[2021-04-27 20:44:36.100] [jointLog] [warning] Feature has no GFF ID
[2021-04-27 20:44:36.100] [jointLog] [warning] Feature has no GFF ID
[2021-04-27 20:44:36.100] [jointLog] [warning] Feature has no GFF ID
[2021-04-27 20:44:36.100] [jointLog] [warning] Feature has no GFF ID
[2021-04-27 20:44:36.100] [jointLog] [warning] Feature has no GFF ID
[2021-04-27 20:44:36.100] [jointLog] [warning] Feature has no GFF ID
[2021-04-27 20:44:36.100] [jointLog] [warning] Feature has no GFF ID
[2021-04-27 20:44:36.100] [jointLog] [warning] Feature has no GFF ID
[2021-04-27 20:44:36.100] [jointLog] [warning] Feature has no GFF ID
[2021-04-27 20:44:36.100] [jointLog] [warning] Feature has no GFF ID
[2021-04-27 20:44:36.100] [jointLog] [warning] Feature has no GFF ID
[2021-04-27 20:44:36.100] [jointLog] [warning] Feature has no GFF ID
[2021-04-27 20:44:36.403] [jointLog] [info] There were 142604 transcripts mapping to 55401 genes
[2021-04-27 20:44:36.403] [jointLog] [info] NOTE: We recommend using tximport (https://bioconductor.org/packages/release/bioc/html/tximport.html) for aggregating transcript-level salmon abundance estimates to the gene level.  It is more versatile, exposes more features, and allows considering multi-sample information during aggregation.
[2021-04-27 20:44:36.670] [jointLog] [warning] couldn't find transcript named [DQ459430] in transcript <-> gene map; returning transcript as it's own gene
[2021-04-27 20:44:36.670] [jointLog] [warning] couldn't find transcript named [DQ516784] in transcript <-> gene map; returning transcript as it's own gene
[2021-04-27 20:44:36.670] [jointLog] [warning] couldn't find transcript named [DQ516752] in transcript <-> gene map; returning transcript as it's own gene
[2021-04-27 20:44:36.670] [jointLog] [warning] couldn't find transcript named [DQ668364] in transcript <-> gene map; returning transcript as it's own gene
[2021-04-27 20:44:36.670] [jointLog] [warning] couldn't find transcript named [DQ883670] in transcript <-> gene map; returning transcript as it's own gene
[2021-04-27 20:44:36.670] [jointLog] [warning] couldn't find transcript named [EF011062] in transcript <-> gene map; returning transcript as it's own gene
[2021-04-27 20:44:36.670] [jointLog] [warning] couldn't find transcript named [DQ875385] in transcript <-> gene map; returning transcript as it's own gene
[2021-04-27 20:44:36.670] [jointLog] [warning] couldn't find transcript named [DQ883664] in transcript <-> gene map; returning transcript as it's own gene
[2021-04-27 20:44:36.670] [jointLog] [warning] couldn't find transcript named [DQ459420] in transcript <-> gene map; returning transcript as it's own gene
[2021-04-27 20:44:36.670] [jointLog] [warning] couldn't find transcript named [DQ883651] in transcript <-> gene map; returning transcript as it's own gene
[2021-04-27 20:44:36.670] [jointLog] [warning] couldn't find transcript named [DQ855004] in transcript <-> gene map; returning transcript as it's own gene
[2021-04-27 20:44:36.670] [jointLog] [warning] couldn't find transcript named [DQ854993] in transcript <-> gene map; returning transcript as it's own gene
[2021-04-27 20:44:36.670] [jointLog] [warning] couldn't find transcript named [DQ883689] in transcript <-> gene map; returning transcript as it's own gene
[2021-04-27 20:44:36.670] [jointLog] [warning] couldn't find transcript named [DQ459419] in transcript <-> gene map; returning transcript as it's own gene
[2021-04-27 20:44:36.670] [jointLog] [warning] couldn't find transcript named [DQ459431] in transcript <-> gene map; returning transcript as it's own gene
[2021-04-27 20:44:36.670] [jointLog] [warning] couldn't find transcript named [DQ516796] in transcript <-> gene map; returning transcript as it's own gene
[2021-04-27 20:44:36.670] [jointLog] [warning] couldn't find transcript named [DQ855001] in transcript <-> gene map; returning transcript as it's own gene
[2021-04-27 20:44:36.670] [jointLog] [warning] couldn't find transcript named [DQ459413] in transcript <-> gene map; returning transcript as it's own gene
[2021-04-27 20:44:36.670] [jointLog] [warning] couldn't find transcript named [DQ883656] in transcript <-> gene map; returning transcript as it's own gene
[2021-04-27 20:44:36.670] [jointLog] [warning] couldn't find transcript named [DQ883661] in transcript <-> gene map; returning transcript as it's own gene
[2021-04-27 20:44:36.670] [jointLog] [warning] couldn't find transcript named [EF011069] in transcript <-> gene map; returning transcript as it's own gene
[2021-04-27 20:44:36.670] [jointLog] [warning] couldn't find transcript named [DQ516783] in transcript <-> gene map; returning transcript as it's own gene
[2021-04-27 20:44:36.670] [jointLog] [warning] couldn't find transcript named [DQ516787] in transcript <-> gene map; returning transcript as it's own gene
[2021-04-27 20:44:36.670] [jointLog] [warning] couldn't find transcript named [DQ459424] in transcript <-> gene map; returning transcript as it's own gene
[2021-04-27 20:44:36.670] [jointLog] [warning] couldn't find transcript named [DQ516748] in transcript <-> gene map; returning transcript as it's own gene
[2021-04-27 20:44:36.670] [jointLog] [warning] couldn't find transcript named [DQ883671] in transcript <-> gene map; returning transcript as it's own gene
[2021-04-27 20:44:36.670] [jointLog] [warning] couldn't find transcript named [DQ516740] in transcript <-> gene map; returning transcript as it's own gene
[2021-04-27 20:44:36.670] [jointLog] [warning] couldn't find transcript named [DQ516785] in transcript <-> gene map; returning transcript as it's own gene
[2021-04-27 20:44:36.670] [jointLog] [warning] couldn't find transcript named [DQ516731] in transcript <-> gene map; returning transcript as it's own gene
[2021-04-27 20:44:36.670] [jointLog] [warning] couldn't find transcript named [DQ668366] in transcript <-> gene map; returning transcript as it's own gene
[2021-04-27 20:44:36.670] [jointLog] [warning] couldn't find transcript named [DQ459418] in transcript <-> gene map; returning transcript as it's own gene
[2021-04-27 20:44:36.670] [jointLog] [warning] couldn't find transcript named [DQ668356] in transcript <-> gene map; returning transcript as it's own gene
[2021-04-27 20:44:36.670] [jointLog] [warning] couldn't find transcript named [DQ516763] in transcript <-> gene map; returning transcript as it's own gene
[2021-04-27 20:44:36.670] [jointLog] [warning] couldn't find transcript named [DQ459426] in transcript <-> gene map; returning transcript as it's own gene
[2021-04-27 20:44:36.670] [jointLog] [warning] couldn't find transcript named [DQ516786] in transcript <-> gene map; returning transcript as it's own gene
[2021-04-27 20:44:36.670] [jointLog] [warning] couldn't find transcript named [DQ883653] in transcript <-> gene map; returning transcript as it's own gene
[2021-04-27 20:44:36.670] [jointLog] [warning] couldn't find transcript named [DQ459421] in transcript <-> gene map; returning transcript as it's own gene
[2021-04-27 20:44:36.670] [jointLog] [warning] couldn't find transcript named [DQ883654] in transcript <-> gene map; returning transcript as it's own gene
[2021-04-27 20:44:36.670] [jointLog] [warning] couldn't find transcript named [DQ668358] in transcript <-> gene map; returning transcript as it's own gene
[2021-04-27 20:44:36.670] [jointLog] [warning] couldn't find transcript named [DQ516754] in transcript <-> gene map; returning transcript as it's own gene
[2021-04-27 20:44:36.670] [jointLog] [warning] couldn't find transcript named [DQ516778] in transcript <-> gene map; returning transcript as it's own gene
[2021-04-27 20:44:36.670] [jointLog] [warning] couldn't find transcript named [DQ883650] in transcript <-> gene map; returning transcript as it's own gene
[2021-04-27 20:44:36.670] [jointLog] [warning] couldn't find transcript named [DQ516742] in transcript <-> gene map; returning transcript as it's own gene
[2021-04-27 20:44:36.670] [jointLog] [warning] couldn't find transcript named [DQ883673] in transcript <-> gene map; returning transcript as it's own gene
[2021-04-27 20:44:36.670] [jointLog] [warning] couldn't find transcript named [DQ883652] in transcript <-> gene map; returning transcript as it's own gene
[2021-04-27 20:44:36.670] [jointLog] [warning] couldn't find transcript named [DQ854991] in transcript <-> gene map; returning transcript as it's own gene
[2021-04-27 20:44:36.670] [jointLog] [warning] couldn't find transcript named [DQ516780] in transcript <-> gene map; returning transcript as it's own gene
[2021-04-27 20:44:36.670] [jointLog] [warning] couldn't find transcript named [DQ883682] in transcript <-> gene map; returning transcript as it's own gene
[2021-04-27 20:44:36.670] [jointLog] [warning] couldn't find transcript named [DQ883669] in transcript <-> gene map; returning transcript as it's own gene
[2021-04-27 20:44:36.670] [jointLog] [warning] couldn't find transcript named [DQ516791] in transcript <-> gene map; returning transcript as it's own gene
[2021-04-27 20:44:36.670] [jointLog] [warning] couldn't find transcript named [DQ459425] in transcript <-> gene map; returning transcript as it's own gene
[2021-04-27 20:44:36.670] [jointLog] [warning] couldn't find transcript named [DQ516759] in transcript <-> gene map; returning transcript as it's own gene
[2021-04-27 20:44:36.670] [jointLog] [warning] couldn't find transcript named [DQ459429] in transcript <-> gene map; returning transcript as it's own gene
[2021-04-27 20:44:36.670] [jointLog] [warning] couldn't find transcript named [DQ516758] in transcript <-> gene map; returning transcript as it's own gene
[2021-04-27 20:44:36.670] [jointLog] [warning] couldn't find transcript named [DQ459415] in transcript <-> gene map; returning transcript as it's own gene
[2021-04-27 20:44:36.670] [jointLog] [warning] couldn't find transcript named [DQ875387] in transcript <-> gene map; returning transcript as it's own gene
[2021-04-27 20:44:36.670] [jointLog] [warning] couldn't find transcript named [DQ516815] in transcript <-> gene map; returning transcript as it's own gene
[2021-04-27 20:44:36.670] [jointLog] [warning] couldn't find transcript named [DQ668365] in transcript <-> gene map; returning transcript as it's own gene
[2021-04-27 20:44:36.670] [jointLog] [warning] couldn't find transcript named [DQ854998] in transcript <-> gene map; returning transcript as it's own gene
[2021-04-27 20:44:36.670] [jointLog] [warning] couldn't find transcript named [DQ883685] in transcript <-> gene map; returning transcript as it's own gene
[2021-04-27 20:44:36.670] [jointLog] [warning] couldn't find transcript named [DQ459422] in transcript <-> gene map; returning transcript as it's own gene
[2021-04-27 20:44:36.670] [jointLog] [warning] couldn't find transcript named [DQ883663] in transcript <-> gene map; returning transcript as it's own gene
[2021-04-27 20:44:36.670] [jointLog] [warning] couldn't find transcript named [DQ668367] in transcript <-> gene map; returning transcript as it's own gene
[2021-04-27 20:44:36.670] [jointLog] [warning] couldn't find transcript named [DQ459412] in transcript <-> gene map; returning transcript as it's own gene
[2021-04-27 20:44:36.670] [jointLog] [warning] couldn't find transcript named [DQ854992] in transcript <-> gene map; returning transcript as it's own gene
[2021-04-27 20:44:36.670] [jointLog] [warning] couldn't find transcript named [DQ516782] in transcript <-> gene map; returning transcript as it's own gene
[2021-04-27 20:44:36.670] [jointLog] [warning] couldn't find transcript named [DQ459427] in transcript <-> gene map; returning transcript as it's own gene
[2021-04-27 20:44:36.670] [jointLog] [warning] couldn't find transcript named [EF011072] in transcript <-> gene map; returning transcript as it's own gene
[2021-04-27 20:44:36.670] [jointLog] [warning] couldn't find transcript named [DQ855003] in transcript <-> gene map; returning transcript as it's own gene
[2021-04-27 20:44:36.670] [jointLog] [warning] couldn't find transcript named [DQ516739] in transcript <-> gene map; returning transcript as it's own gene
[2021-04-27 20:44:36.670] [jointLog] [warning] couldn't find transcript named [EF011063] in transcript <-> gene map; returning transcript as it's own gene
[2021-04-27 20:44:36.670] [jointLog] [warning] couldn't find transcript named [DQ855000] in transcript <-> gene map; returning transcript as it's own gene
[2021-04-27 20:44:36.670] [jointLog] [warning] couldn't find transcript named [DQ516777] in transcript <-> gene map; returning transcript as it's own gene
[2021-04-27 20:44:36.670] [jointLog] [warning] couldn't find transcript named [DQ883646] in transcript <-> gene map; returning transcript as it's own gene
[2021-04-27 20:44:36.670] [jointLog] [warning] couldn't find transcript named [DQ668362] in transcript <-> gene map; returning transcript as it's own gene
[2021-04-27 20:44:36.670] [jointLog] [warning] couldn't find transcript named [DQ854995] in transcript <-> gene map; returning transcript as it's own gene
[2021-04-27 20:44:36.670] [jointLog] [warning] couldn't find transcript named [DQ875386] in transcript <-> gene map; returning transcript as it's own gene
[2021-04-27 20:44:36.670] [jointLog] [warning] couldn't find transcript named [DQ516790] in transcript <-> gene map; returning transcript as it's own gene
[2021-04-27 20:44:36.670] [jointLog] [warning] couldn't find transcript named [DQ883642] in transcript <-> gene map; returning transcript as it's own gene
[2021-04-27 20:44:36.670] [jointLog] [warning] couldn't find transcript named [DQ883659] in transcript <-> gene map; returning transcript as it's own gene
[2021-04-27 20:44:36.670] [jointLog] [warning] couldn't find transcript named [DQ854997] in transcript <-> gene map; returning transcript as it's own gene
[2021-04-27 20:44:36.670] [jointLog] [warning] couldn't find transcript named [DQ883643] in transcript <-> gene map; returning transcript as it's own gene
[2021-04-27 20:44:36.670] [jointLog] [warning] couldn't find transcript named [DQ839618] in transcript <-> gene map; returning transcript as it's own gene
[2021-04-27 20:44:36.670] [jointLog] [warning] couldn't find transcript named [DQ516795] in transcript <-> gene map; returning transcript as it's own gene
[2021-04-27 20:44:36.670] [jointLog] [warning] couldn't find transcript named [DQ883658] in transcript <-> gene map; returning transcript as it's own gene
[2021-04-27 20:44:36.670] [jointLog] [warning] couldn't find transcript named [DQ516750] in transcript <-> gene map; returning transcript as it's own gene
[2021-04-27 20:44:36.670] [jointLog] [warning] couldn't find transcript named [DQ668359] in transcript <-> gene map; returning transcript as it's own gene
[2021-04-27 20:44:36.670] [jointLog] [warning] couldn't find transcript named [DQ516779] in transcript <-> gene map; returning transcript as it's own gene
[2021-04-27 20:44:36.670] [jointLog] [warning] couldn't find transcript named [DQ668363] in transcript <-> gene map; returning transcript as it's own gene
[2021-04-27 20:44:36.670] [jointLog] [warning] couldn't find transcript named [DQ516776] in transcript <-> gene map; returning transcript as it's own gene
[2021-04-27 20:44:36.670] [jointLog] [warning] couldn't find transcript named [DQ516773] in transcript <-> gene map; returning transcript as it's own gene
[2021-04-27 20:44:36.670] [jointLog] [warning] couldn't find transcript named [DQ854994] in transcript <-> gene map; returning transcript as it's own gene
[2021-04-27 20:44:36.670] [jointLog] [info] Aggregating expressions to gene level
[2021-04-27 20:44:36.842] [jointLog] [info] done
