[2021-05-20 19:13:52.351] [jointLog] [info] setting maxHashResizeThreads to 6
[2021-05-20 19:13:52.351] [jointLog] [info] Fragment incompatibility prior below threshold.  Incompatible fragments will be ignored.
[2021-05-20 19:13:52.355] [jointLog] [info] numQuantThreads = 3
[2021-05-20 19:13:56.523] [jointLog] [info] replaced 4 non-ACGT nucleotides with random nucleotides
[2021-05-20 19:13:56.816] [fileLog] [info] quantification processed 0 fragments so far

[2021-05-20 19:13:59.728] [fileLog] [info] quantification processed 1000000 fragments so far

[2021-05-20 19:14:02.729] [fileLog] [info] quantification processed 2000000 fragments so far

[2021-05-20 19:14:04.095] [jointLog] [info] 

The alignment group queue pool has been exhausted.  2976164 extra fragments were allocated on the heap to saturate the pool.  No new fragments will be allocated


[2021-05-20 19:14:13.143] [fileLog] [info] quantification processed 3000000 fragments so far

[2021-05-20 19:14:28.965] [fileLog] [info] quantification processed 4000000 fragments so far

[2021-05-20 19:14:44.866] [fileLog] [info] quantification processed 5000000 fragments so far

[2021-05-20 19:15:00.847] [fileLog] [info] quantification processed 6000000 fragments so far

[2021-05-20 19:15:16.709] [fileLog] [info] quantification processed 7000000 fragments so far

[2021-05-20 19:15:20.133] [fileLog] [info] quantification processed 8000000 fragments so far

[2021-05-20 19:15:23.754] [fileLog] [info] quantification processed 9000000 fragments so far

[2021-05-20 19:15:27.293] [fileLog] [info] quantification processed 10000000 fragments so far

[2021-05-20 19:15:30.712] [fileLog] [info] quantification processed 11000000 fragments so far

[2021-05-20 19:15:34.148] [fileLog] [info] quantification processed 12000000 fragments so far

[2021-05-20 19:15:37.621] [fileLog] [info] quantification processed 13000000 fragments so far

[2021-05-20 19:15:41.013] [fileLog] [info] quantification processed 14000000 fragments so far

[2021-05-20 19:15:44.459] [fileLog] [info] quantification processed 15000000 fragments so far

[2021-05-20 19:15:47.935] [fileLog] [info] quantification processed 16000000 fragments so far

[2021-05-20 19:15:51.408] [fileLog] [info] quantification processed 17000000 fragments so far

[2021-05-20 19:15:54.888] [fileLog] [info] quantification processed 18000000 fragments so far

[2021-05-20 19:15:58.371] [fileLog] [info] quantification processed 19000000 fragments so far

[2021-05-20 19:16:01.821] [fileLog] [info] quantification processed 20000000 fragments so far

[2021-05-20 19:16:05.273] [fileLog] [info] quantification processed 21000000 fragments so far

[2021-05-20 19:16:08.764] [fileLog] [info] quantification processed 22000000 fragments so far

[2021-05-20 19:16:12.206] [fileLog] [info] quantification processed 23000000 fragments so far

[2021-05-20 19:16:15.631] [fileLog] [info] quantification processed 24000000 fragments so far

[2021-05-20 19:16:19.163] [fileLog] [info] quantification processed 25000000 fragments so far

[2021-05-20 19:16:22.585] [fileLog] [info] quantification processed 26000000 fragments so far

[2021-05-20 19:16:25.988] [fileLog] [info] quantification processed 27000000 fragments so far

[2021-05-20 19:16:29.472] [fileLog] [info] quantification processed 28000000 fragments so far

[2021-05-20 19:16:32.925] [fileLog] [info] quantification processed 29000000 fragments so far

[2021-05-20 19:16:36.404] [fileLog] [info] quantification processed 30000000 fragments so far

[2021-05-20 19:16:39.969] [fileLog] [info] quantification processed 31000000 fragments so far

[2021-05-20 19:16:42.050] [fileLog] [info] quantification processed 31612234 fragments so far

[2021-05-20 19:16:48.568] [jointLog] [info] Thread saw mini-batch with a maximum of 2.30% zero probability fragments
[2021-05-20 19:16:48.574] [jointLog] [info] Thread saw mini-batch with a maximum of 1.70% zero probability fragments
[2021-05-20 19:16:48.574] [jointLog] [info] Thread saw mini-batch with a maximum of 2.40% zero probability fragments
[2021-05-20 19:16:48.575] [jointLog] [info] 


Completed first pass through the alignment file.
Total # of mapped reads : 31612234
# of uniquely mapped reads : 12326122
# ambiguously mapped reads : 19286112



[2021-05-20 19:16:48.742] [jointLog] [info] Computed 236723 rich equivalence classes for further processing
[2021-05-20 19:16:48.742] [jointLog] [info] Counted 31502560 total reads in the equivalence classes 
[2021-05-20 19:16:48.744] [jointLog] [info] starting optimizer
[2021-05-20 19:16:48.840] [jointLog] [info] Marked 0 weighted equivalence classes as degenerate
[2021-05-20 19:16:48.855] [jointLog] [info] iteration = 0 | max rel diff. = 7966.08
[2021-05-20 19:16:50.335] [jointLog] [info] iteration = 100 | max rel diff. = 18.6518
[2021-05-20 19:16:51.823] [jointLog] [info] iteration = 200 | max rel diff. = 11.9072
[2021-05-20 19:16:53.317] [jointLog] [info] iteration = 300 | max rel diff. = 12.6829
[2021-05-20 19:16:54.800] [jointLog] [info] iteration = 400 | max rel diff. = 0.435332
[2021-05-20 19:16:56.296] [jointLog] [info] iteration = 500 | max rel diff. = 4.11335
[2021-05-20 19:16:57.777] [jointLog] [info] iteration = 600 | max rel diff. = 0.675351
[2021-05-20 19:16:59.249] [jointLog] [info] iteration = 700 | max rel diff. = 0.89554
[2021-05-20 19:17:00.715] [jointLog] [info] iteration = 800 | max rel diff. = 0.205484
[2021-05-20 19:17:02.216] [jointLog] [info] iteration = 900 | max rel diff. = 2.25568
[2021-05-20 19:17:03.684] [jointLog] [info] iteration = 1000 | max rel diff. = 0.0964404
[2021-05-20 19:17:05.157] [jointLog] [info] iteration = 1100 | max rel diff. = 0.036015
[2021-05-20 19:17:06.627] [jointLog] [info] iteration = 1200 | max rel diff. = 0.162276
[2021-05-20 19:17:08.112] [jointLog] [info] iteration = 1300 | max rel diff. = 0.0520822
[2021-05-20 19:17:09.589] [jointLog] [info] iteration = 1400 | max rel diff. = 0.0445738
[2021-05-20 19:17:10.470] [jointLog] [info] iteration = 1461 | max rel diff. = 0.00872036
[2021-05-20 19:17:10.501] [jointLog] [info] finished optimizer
[2021-05-20 19:17:10.501] [jointLog] [info] writing output
[2021-05-20 19:17:12.258] [jointLog] [info] Computing gene-level abundance estimates
[2021-05-20 19:17:42.431] [jointLog] [warning] Feature has no GFF ID
[2021-05-20 19:17:42.431] [jointLog] [warning] Feature has no GFF ID
[2021-05-20 19:17:42.431] [jointLog] [warning] Feature has no GFF ID
[2021-05-20 19:17:42.431] [jointLog] [warning] Feature has no GFF ID
[2021-05-20 19:17:42.431] [jointLog] [warning] Feature has no GFF ID
[2021-05-20 19:17:42.431] [jointLog] [warning] Feature has no GFF ID
[2021-05-20 19:17:42.431] [jointLog] [warning] Feature has no GFF ID
[2021-05-20 19:17:42.431] [jointLog] [warning] Feature has no GFF ID
[2021-05-20 19:17:42.431] [jointLog] [warning] Feature has no GFF ID
[2021-05-20 19:17:42.431] [jointLog] [warning] Feature has no GFF ID
[2021-05-20 19:17:42.431] [jointLog] [warning] Feature has no GFF ID
[2021-05-20 19:17:42.431] [jointLog] [warning] Feature has no GFF ID
[2021-05-20 19:17:42.431] [jointLog] [warning] Feature has no GFF ID
[2021-05-20 19:17:42.431] [jointLog] [warning] Feature has no GFF ID
[2021-05-20 19:17:42.431] [jointLog] [warning] Feature has no GFF ID
[2021-05-20 19:17:42.431] [jointLog] [warning] Feature has no GFF ID
[2021-05-20 19:17:42.431] [jointLog] [warning] Feature has no GFF ID
[2021-05-20 19:17:42.431] [jointLog] [warning] Feature has no GFF ID
[2021-05-20 19:17:42.431] [jointLog] [warning] Feature has no GFF ID
[2021-05-20 19:17:42.431] [jointLog] [warning] Feature has no GFF ID
[2021-05-20 19:17:42.431] [jointLog] [warning] Feature has no GFF ID
[2021-05-20 19:17:42.431] [jointLog] [warning] Feature has no GFF ID
[2021-05-20 19:17:42.431] [jointLog] [warning] Feature has no GFF ID
[2021-05-20 19:17:42.431] [jointLog] [warning] Feature has no GFF ID
[2021-05-20 19:17:42.431] [jointLog] [warning] Feature has no GFF ID
[2021-05-20 19:17:42.431] [jointLog] [warning] Feature has no GFF ID
[2021-05-20 19:17:42.431] [jointLog] [warning] Feature has no GFF ID
[2021-05-20 19:17:42.431] [jointLog] [warning] Feature has no GFF ID
[2021-05-20 19:17:42.431] [jointLog] [warning] Feature has no GFF ID
[2021-05-20 19:17:42.431] [jointLog] [warning] Feature has no GFF ID
[2021-05-20 19:17:42.431] [jointLog] [warning] Feature has no GFF ID
[2021-05-20 19:17:42.431] [jointLog] [warning] Feature has no GFF ID
[2021-05-20 19:17:42.431] [jointLog] [warning] Feature has no GFF ID
[2021-05-20 19:17:42.431] [jointLog] [warning] Feature has no GFF ID
[2021-05-20 19:17:42.431] [jointLog] [warning] Feature has no GFF ID
[2021-05-20 19:17:42.431] [jointLog] [warning] Feature has no GFF ID
[2021-05-20 19:17:42.431] [jointLog] [warning] Feature has no GFF ID
[2021-05-20 19:17:42.431] [jointLog] [warning] Feature has no GFF ID
[2021-05-20 19:17:42.431] [jointLog] [warning] Feature has no GFF ID
[2021-05-20 19:17:42.431] [jointLog] [warning] Feature has no GFF ID
[2021-05-20 19:17:42.431] [jointLog] [warning] Feature has no GFF ID
[2021-05-20 19:17:42.431] [jointLog] [warning] Feature has no GFF ID
[2021-05-20 19:17:42.431] [jointLog] [warning] Feature has no GFF ID
[2021-05-20 19:17:42.431] [jointLog] [warning] Feature has no GFF ID
[2021-05-20 19:17:42.431] [jointLog] [warning] Feature has no GFF ID
[2021-05-20 19:17:42.431] [jointLog] [warning] Feature has no GFF ID
[2021-05-20 19:17:42.431] [jointLog] [warning] Feature has no GFF ID
[2021-05-20 19:17:42.431] [jointLog] [warning] Feature has no GFF ID
[2021-05-20 19:17:42.431] [jointLog] [warning] Feature has no GFF ID
[2021-05-20 19:17:42.431] [jointLog] [warning] Feature has no GFF ID
[2021-05-20 19:17:42.431] [jointLog] [warning] Feature has no GFF ID
[2021-05-20 19:17:42.431] [jointLog] [warning] Feature has no GFF ID
[2021-05-20 19:17:42.431] [jointLog] [warning] Feature has no GFF ID
[2021-05-20 19:17:42.431] [jointLog] [warning] Feature has no GFF ID
[2021-05-20 19:17:42.431] [jointLog] [warning] Feature has no GFF ID
[2021-05-20 19:17:42.431] [jointLog] [warning] Feature has no GFF ID
[2021-05-20 19:17:42.431] [jointLog] [warning] Feature has no GFF ID
[2021-05-20 19:17:42.431] [jointLog] [warning] Feature has no GFF ID
[2021-05-20 19:17:42.431] [jointLog] [warning] Feature has no GFF ID
[2021-05-20 19:17:42.431] [jointLog] [warning] Feature has no GFF ID
[2021-05-20 19:17:42.431] [jointLog] [warning] Feature has no GFF ID
[2021-05-20 19:17:42.431] [jointLog] [warning] Feature has no GFF ID
[2021-05-20 19:17:42.431] [jointLog] [warning] Feature has no GFF ID
[2021-05-20 19:17:42.431] [jointLog] [warning] Feature has no GFF ID
[2021-05-20 19:17:42.431] [jointLog] [warning] Feature has no GFF ID
[2021-05-20 19:17:42.431] [jointLog] [warning] Feature has no GFF ID
[2021-05-20 19:17:42.431] [jointLog] [warning] Feature has no GFF ID
[2021-05-20 19:17:42.431] [jointLog] [warning] Feature has no GFF ID
[2021-05-20 19:17:42.431] [jointLog] [warning] Feature has no GFF ID
[2021-05-20 19:17:42.431] [jointLog] [warning] Feature has no GFF ID
[2021-05-20 19:17:42.431] [jointLog] [warning] Feature has no GFF ID
[2021-05-20 19:17:42.431] [jointLog] [warning] Feature has no GFF ID
[2021-05-20 19:17:42.431] [jointLog] [warning] Feature has no GFF ID
[2021-05-20 19:17:42.431] [jointLog] [warning] Feature has no GFF ID
[2021-05-20 19:17:42.431] [jointLog] [warning] Feature has no GFF ID
[2021-05-20 19:17:42.431] [jointLog] [warning] Feature has no GFF ID
[2021-05-20 19:17:42.431] [jointLog] [warning] Feature has no GFF ID
[2021-05-20 19:17:42.431] [jointLog] [warning] Feature has no GFF ID
[2021-05-20 19:17:42.431] [jointLog] [warning] Feature has no GFF ID
[2021-05-20 19:17:42.431] [jointLog] [warning] Feature has no GFF ID
[2021-05-20 19:17:42.431] [jointLog] [warning] Feature has no GFF ID
[2021-05-20 19:17:42.431] [jointLog] [warning] Feature has no GFF ID
[2021-05-20 19:17:42.431] [jointLog] [warning] Feature has no GFF ID
[2021-05-20 19:17:42.431] [jointLog] [warning] Feature has no GFF ID
[2021-05-20 19:17:42.431] [jointLog] [warning] Feature has no GFF ID
[2021-05-20 19:17:42.431] [jointLog] [warning] Feature has no GFF ID
[2021-05-20 19:17:42.431] [jointLog] [warning] Feature has no GFF ID
[2021-05-20 19:17:42.431] [jointLog] [warning] Feature has no GFF ID
[2021-05-20 19:17:42.431] [jointLog] [warning] Feature has no GFF ID
[2021-05-20 19:17:42.431] [jointLog] [warning] Feature has no GFF ID
[2021-05-20 19:17:42.431] [jointLog] [warning] Feature has no GFF ID
[2021-05-20 19:17:42.431] [jointLog] [warning] Feature has no GFF ID
[2021-05-20 19:17:42.773] [jointLog] [info] There were 142604 transcripts mapping to 55401 genes
[2021-05-20 19:17:42.773] [jointLog] [info] NOTE: We recommend using tximport (https://bioconductor.org/packages/release/bioc/html/tximport.html) for aggregating transcript-level salmon abundance estimates to the gene level.  It is more versatile, exposes more features, and allows considering multi-sample information during aggregation.
[2021-05-20 19:17:43.082] [jointLog] [warning] couldn't find transcript named [DQ459430] in transcript <-> gene map; returning transcript as it's own gene
[2021-05-20 19:17:43.082] [jointLog] [warning] couldn't find transcript named [DQ516784] in transcript <-> gene map; returning transcript as it's own gene
[2021-05-20 19:17:43.082] [jointLog] [warning] couldn't find transcript named [DQ516752] in transcript <-> gene map; returning transcript as it's own gene
[2021-05-20 19:17:43.082] [jointLog] [warning] couldn't find transcript named [DQ668364] in transcript <-> gene map; returning transcript as it's own gene
[2021-05-20 19:17:43.082] [jointLog] [warning] couldn't find transcript named [DQ883670] in transcript <-> gene map; returning transcript as it's own gene
[2021-05-20 19:17:43.082] [jointLog] [warning] couldn't find transcript named [EF011062] in transcript <-> gene map; returning transcript as it's own gene
[2021-05-20 19:17:43.082] [jointLog] [warning] couldn't find transcript named [DQ875385] in transcript <-> gene map; returning transcript as it's own gene
[2021-05-20 19:17:43.082] [jointLog] [warning] couldn't find transcript named [DQ883664] in transcript <-> gene map; returning transcript as it's own gene
[2021-05-20 19:17:43.082] [jointLog] [warning] couldn't find transcript named [DQ459420] in transcript <-> gene map; returning transcript as it's own gene
[2021-05-20 19:17:43.082] [jointLog] [warning] couldn't find transcript named [DQ883651] in transcript <-> gene map; returning transcript as it's own gene
[2021-05-20 19:17:43.082] [jointLog] [warning] couldn't find transcript named [DQ855004] in transcript <-> gene map; returning transcript as it's own gene
[2021-05-20 19:17:43.082] [jointLog] [warning] couldn't find transcript named [DQ854993] in transcript <-> gene map; returning transcript as it's own gene
[2021-05-20 19:17:43.082] [jointLog] [warning] couldn't find transcript named [DQ883689] in transcript <-> gene map; returning transcript as it's own gene
[2021-05-20 19:17:43.082] [jointLog] [warning] couldn't find transcript named [DQ459419] in transcript <-> gene map; returning transcript as it's own gene
[2021-05-20 19:17:43.082] [jointLog] [warning] couldn't find transcript named [DQ459431] in transcript <-> gene map; returning transcript as it's own gene
[2021-05-20 19:17:43.082] [jointLog] [warning] couldn't find transcript named [DQ516796] in transcript <-> gene map; returning transcript as it's own gene
[2021-05-20 19:17:43.082] [jointLog] [warning] couldn't find transcript named [DQ855001] in transcript <-> gene map; returning transcript as it's own gene
[2021-05-20 19:17:43.082] [jointLog] [warning] couldn't find transcript named [DQ459413] in transcript <-> gene map; returning transcript as it's own gene
[2021-05-20 19:17:43.082] [jointLog] [warning] couldn't find transcript named [DQ883656] in transcript <-> gene map; returning transcript as it's own gene
[2021-05-20 19:17:43.082] [jointLog] [warning] couldn't find transcript named [DQ883661] in transcript <-> gene map; returning transcript as it's own gene
[2021-05-20 19:17:43.082] [jointLog] [warning] couldn't find transcript named [EF011069] in transcript <-> gene map; returning transcript as it's own gene
[2021-05-20 19:17:43.082] [jointLog] [warning] couldn't find transcript named [DQ516783] in transcript <-> gene map; returning transcript as it's own gene
[2021-05-20 19:17:43.082] [jointLog] [warning] couldn't find transcript named [DQ516787] in transcript <-> gene map; returning transcript as it's own gene
[2021-05-20 19:17:43.082] [jointLog] [warning] couldn't find transcript named [DQ459424] in transcript <-> gene map; returning transcript as it's own gene
[2021-05-20 19:17:43.082] [jointLog] [warning] couldn't find transcript named [DQ516748] in transcript <-> gene map; returning transcript as it's own gene
[2021-05-20 19:17:43.082] [jointLog] [warning] couldn't find transcript named [DQ883671] in transcript <-> gene map; returning transcript as it's own gene
[2021-05-20 19:17:43.082] [jointLog] [warning] couldn't find transcript named [DQ516740] in transcript <-> gene map; returning transcript as it's own gene
[2021-05-20 19:17:43.082] [jointLog] [warning] couldn't find transcript named [DQ516785] in transcript <-> gene map; returning transcript as it's own gene
[2021-05-20 19:17:43.082] [jointLog] [warning] couldn't find transcript named [DQ516731] in transcript <-> gene map; returning transcript as it's own gene
[2021-05-20 19:17:43.082] [jointLog] [warning] couldn't find transcript named [DQ668366] in transcript <-> gene map; returning transcript as it's own gene
[2021-05-20 19:17:43.082] [jointLog] [warning] couldn't find transcript named [DQ459418] in transcript <-> gene map; returning transcript as it's own gene
[2021-05-20 19:17:43.082] [jointLog] [warning] couldn't find transcript named [DQ668356] in transcript <-> gene map; returning transcript as it's own gene
[2021-05-20 19:17:43.082] [jointLog] [warning] couldn't find transcript named [DQ516763] in transcript <-> gene map; returning transcript as it's own gene
[2021-05-20 19:17:43.082] [jointLog] [warning] couldn't find transcript named [DQ459426] in transcript <-> gene map; returning transcript as it's own gene
[2021-05-20 19:17:43.082] [jointLog] [warning] couldn't find transcript named [DQ516786] in transcript <-> gene map; returning transcript as it's own gene
[2021-05-20 19:17:43.082] [jointLog] [warning] couldn't find transcript named [DQ883653] in transcript <-> gene map; returning transcript as it's own gene
[2021-05-20 19:17:43.082] [jointLog] [warning] couldn't find transcript named [DQ459421] in transcript <-> gene map; returning transcript as it's own gene
[2021-05-20 19:17:43.082] [jointLog] [warning] couldn't find transcript named [DQ883654] in transcript <-> gene map; returning transcript as it's own gene
[2021-05-20 19:17:43.082] [jointLog] [warning] couldn't find transcript named [DQ668358] in transcript <-> gene map; returning transcript as it's own gene
[2021-05-20 19:17:43.082] [jointLog] [warning] couldn't find transcript named [DQ516754] in transcript <-> gene map; returning transcript as it's own gene
[2021-05-20 19:17:43.082] [jointLog] [warning] couldn't find transcript named [DQ516778] in transcript <-> gene map; returning transcript as it's own gene
[2021-05-20 19:17:43.082] [jointLog] [warning] couldn't find transcript named [DQ883650] in transcript <-> gene map; returning transcript as it's own gene
[2021-05-20 19:17:43.082] [jointLog] [warning] couldn't find transcript named [DQ516742] in transcript <-> gene map; returning transcript as it's own gene
[2021-05-20 19:17:43.082] [jointLog] [warning] couldn't find transcript named [DQ883673] in transcript <-> gene map; returning transcript as it's own gene
[2021-05-20 19:17:43.082] [jointLog] [warning] couldn't find transcript named [DQ883652] in transcript <-> gene map; returning transcript as it's own gene
[2021-05-20 19:17:43.082] [jointLog] [warning] couldn't find transcript named [DQ854991] in transcript <-> gene map; returning transcript as it's own gene
[2021-05-20 19:17:43.082] [jointLog] [warning] couldn't find transcript named [DQ516780] in transcript <-> gene map; returning transcript as it's own gene
[2021-05-20 19:17:43.082] [jointLog] [warning] couldn't find transcript named [DQ883682] in transcript <-> gene map; returning transcript as it's own gene
[2021-05-20 19:17:43.082] [jointLog] [warning] couldn't find transcript named [DQ883669] in transcript <-> gene map; returning transcript as it's own gene
[2021-05-20 19:17:43.082] [jointLog] [warning] couldn't find transcript named [DQ516791] in transcript <-> gene map; returning transcript as it's own gene
[2021-05-20 19:17:43.082] [jointLog] [warning] couldn't find transcript named [DQ459425] in transcript <-> gene map; returning transcript as it's own gene
[2021-05-20 19:17:43.082] [jointLog] [warning] couldn't find transcript named [DQ516759] in transcript <-> gene map; returning transcript as it's own gene
[2021-05-20 19:17:43.082] [jointLog] [warning] couldn't find transcript named [DQ459429] in transcript <-> gene map; returning transcript as it's own gene
[2021-05-20 19:17:43.082] [jointLog] [warning] couldn't find transcript named [DQ516758] in transcript <-> gene map; returning transcript as it's own gene
[2021-05-20 19:17:43.082] [jointLog] [warning] couldn't find transcript named [DQ459415] in transcript <-> gene map; returning transcript as it's own gene
[2021-05-20 19:17:43.082] [jointLog] [warning] couldn't find transcript named [DQ875387] in transcript <-> gene map; returning transcript as it's own gene
[2021-05-20 19:17:43.082] [jointLog] [warning] couldn't find transcript named [DQ516815] in transcript <-> gene map; returning transcript as it's own gene
[2021-05-20 19:17:43.082] [jointLog] [warning] couldn't find transcript named [DQ668365] in transcript <-> gene map; returning transcript as it's own gene
[2021-05-20 19:17:43.082] [jointLog] [warning] couldn't find transcript named [DQ854998] in transcript <-> gene map; returning transcript as it's own gene
[2021-05-20 19:17:43.082] [jointLog] [warning] couldn't find transcript named [DQ883685] in transcript <-> gene map; returning transcript as it's own gene
[2021-05-20 19:17:43.082] [jointLog] [warning] couldn't find transcript named [DQ459422] in transcript <-> gene map; returning transcript as it's own gene
[2021-05-20 19:17:43.082] [jointLog] [warning] couldn't find transcript named [DQ883663] in transcript <-> gene map; returning transcript as it's own gene
[2021-05-20 19:17:43.082] [jointLog] [warning] couldn't find transcript named [DQ668367] in transcript <-> gene map; returning transcript as it's own gene
[2021-05-20 19:17:43.082] [jointLog] [warning] couldn't find transcript named [DQ459412] in transcript <-> gene map; returning transcript as it's own gene
[2021-05-20 19:17:43.082] [jointLog] [warning] couldn't find transcript named [DQ854992] in transcript <-> gene map; returning transcript as it's own gene
[2021-05-20 19:17:43.082] [jointLog] [warning] couldn't find transcript named [DQ516782] in transcript <-> gene map; returning transcript as it's own gene
[2021-05-20 19:17:43.082] [jointLog] [warning] couldn't find transcript named [DQ459427] in transcript <-> gene map; returning transcript as it's own gene
[2021-05-20 19:17:43.082] [jointLog] [warning] couldn't find transcript named [EF011072] in transcript <-> gene map; returning transcript as it's own gene
[2021-05-20 19:17:43.082] [jointLog] [warning] couldn't find transcript named [DQ855003] in transcript <-> gene map; returning transcript as it's own gene
[2021-05-20 19:17:43.082] [jointLog] [warning] couldn't find transcript named [DQ516739] in transcript <-> gene map; returning transcript as it's own gene
[2021-05-20 19:17:43.082] [jointLog] [warning] couldn't find transcript named [EF011063] in transcript <-> gene map; returning transcript as it's own gene
[2021-05-20 19:17:43.082] [jointLog] [warning] couldn't find transcript named [DQ855000] in transcript <-> gene map; returning transcript as it's own gene
[2021-05-20 19:17:43.082] [jointLog] [warning] couldn't find transcript named [DQ516777] in transcript <-> gene map; returning transcript as it's own gene
[2021-05-20 19:17:43.082] [jointLog] [warning] couldn't find transcript named [DQ883646] in transcript <-> gene map; returning transcript as it's own gene
[2021-05-20 19:17:43.082] [jointLog] [warning] couldn't find transcript named [DQ668362] in transcript <-> gene map; returning transcript as it's own gene
[2021-05-20 19:17:43.082] [jointLog] [warning] couldn't find transcript named [DQ854995] in transcript <-> gene map; returning transcript as it's own gene
[2021-05-20 19:17:43.082] [jointLog] [warning] couldn't find transcript named [DQ875386] in transcript <-> gene map; returning transcript as it's own gene
[2021-05-20 19:17:43.082] [jointLog] [warning] couldn't find transcript named [DQ516790] in transcript <-> gene map; returning transcript as it's own gene
[2021-05-20 19:17:43.082] [jointLog] [warning] couldn't find transcript named [DQ883642] in transcript <-> gene map; returning transcript as it's own gene
[2021-05-20 19:17:43.082] [jointLog] [warning] couldn't find transcript named [DQ883659] in transcript <-> gene map; returning transcript as it's own gene
[2021-05-20 19:17:43.082] [jointLog] [warning] couldn't find transcript named [DQ854997] in transcript <-> gene map; returning transcript as it's own gene
[2021-05-20 19:17:43.082] [jointLog] [warning] couldn't find transcript named [DQ883643] in transcript <-> gene map; returning transcript as it's own gene
[2021-05-20 19:17:43.082] [jointLog] [warning] couldn't find transcript named [DQ839618] in transcript <-> gene map; returning transcript as it's own gene
[2021-05-20 19:17:43.082] [jointLog] [warning] couldn't find transcript named [DQ516795] in transcript <-> gene map; returning transcript as it's own gene
[2021-05-20 19:17:43.082] [jointLog] [warning] couldn't find transcript named [DQ883658] in transcript <-> gene map; returning transcript as it's own gene
[2021-05-20 19:17:43.082] [jointLog] [warning] couldn't find transcript named [DQ516750] in transcript <-> gene map; returning transcript as it's own gene
[2021-05-20 19:17:43.082] [jointLog] [warning] couldn't find transcript named [DQ668359] in transcript <-> gene map; returning transcript as it's own gene
[2021-05-20 19:17:43.082] [jointLog] [warning] couldn't find transcript named [DQ516779] in transcript <-> gene map; returning transcript as it's own gene
[2021-05-20 19:17:43.082] [jointLog] [warning] couldn't find transcript named [DQ668363] in transcript <-> gene map; returning transcript as it's own gene
[2021-05-20 19:17:43.082] [jointLog] [warning] couldn't find transcript named [DQ516776] in transcript <-> gene map; returning transcript as it's own gene
[2021-05-20 19:17:43.082] [jointLog] [warning] couldn't find transcript named [DQ516773] in transcript <-> gene map; returning transcript as it's own gene
[2021-05-20 19:17:43.082] [jointLog] [warning] couldn't find transcript named [DQ854994] in transcript <-> gene map; returning transcript as it's own gene
[2021-05-20 19:17:43.082] [jointLog] [info] Aggregating expressions to gene level
[2021-05-20 19:17:43.250] [jointLog] [info] done
