[2021-05-21 18:35:26.135] [jointLog] [info] setting maxHashResizeThreads to 6
[2021-05-21 18:35:26.135] [jointLog] [info] Fragment incompatibility prior below threshold.  Incompatible fragments will be ignored.
[2021-05-21 18:35:26.136] [jointLog] [info] numQuantThreads = 3
[2021-05-21 18:35:30.226] [fileLog] [info] quantification processed 0 fragments so far

[2021-05-21 18:35:29.968] [jointLog] [info] replaced 4 non-ACGT nucleotides with random nucleotides
[2021-05-21 18:35:33.367] [fileLog] [info] quantification processed 1000000 fragments so far

[2021-05-21 18:35:36.531] [fileLog] [info] quantification processed 2000000 fragments so far

[2021-05-21 18:35:38.338] [jointLog] [info] 

The alignment group queue pool has been exhausted.  3561878 extra fragments were allocated on the heap to saturate the pool.  No new fragments will be allocated


[2021-05-21 18:35:44.564] [fileLog] [info] quantification processed 3000000 fragments so far

[2021-05-21 18:35:58.469] [fileLog] [info] quantification processed 4000000 fragments so far

[2021-05-21 18:36:12.468] [fileLog] [info] quantification processed 5000000 fragments so far

[2021-05-21 18:36:26.438] [fileLog] [info] quantification processed 6000000 fragments so far

[2021-05-21 18:36:40.132] [fileLog] [info] quantification processed 7000000 fragments so far

[2021-05-21 18:36:43.469] [fileLog] [info] quantification processed 8000000 fragments so far

[2021-05-21 18:36:46.761] [fileLog] [info] quantification processed 9000000 fragments so far

[2021-05-21 18:36:50.038] [fileLog] [info] quantification processed 10000000 fragments so far

[2021-05-21 18:36:53.337] [fileLog] [info] quantification processed 11000000 fragments so far

[2021-05-21 18:36:56.618] [fileLog] [info] quantification processed 12000000 fragments so far

[2021-05-21 18:36:59.873] [fileLog] [info] quantification processed 13000000 fragments so far

[2021-05-21 18:37:03.130] [fileLog] [info] quantification processed 14000000 fragments so far

[2021-05-21 18:37:06.415] [fileLog] [info] quantification processed 15000000 fragments so far

[2021-05-21 18:37:09.626] [fileLog] [info] quantification processed 16000000 fragments so far

[2021-05-21 18:37:12.851] [fileLog] [info] quantification processed 17000000 fragments so far

[2021-05-21 18:37:16.113] [fileLog] [info] quantification processed 18000000 fragments so far

[2021-05-21 18:37:19.370] [fileLog] [info] quantification processed 19000000 fragments so far

[2021-05-21 18:37:22.592] [fileLog] [info] quantification processed 20000000 fragments so far

[2021-05-21 18:37:25.867] [fileLog] [info] quantification processed 21000000 fragments so far

[2021-05-21 18:37:29.060] [fileLog] [info] quantification processed 22000000 fragments so far

[2021-05-21 18:37:32.295] [fileLog] [info] quantification processed 23000000 fragments so far

[2021-05-21 18:37:35.590] [fileLog] [info] quantification processed 24000000 fragments so far

[2021-05-21 18:37:38.827] [fileLog] [info] quantification processed 25000000 fragments so far

[2021-05-21 18:37:42.150] [fileLog] [info] quantification processed 26000000 fragments so far

[2021-05-21 18:37:45.374] [fileLog] [info] quantification processed 27000000 fragments so far

[2021-05-21 18:37:48.639] [fileLog] [info] quantification processed 28000000 fragments so far

[2021-05-21 18:37:51.902] [fileLog] [info] quantification processed 29000000 fragments so far

[2021-05-21 18:37:55.093] [fileLog] [info] quantification processed 30000000 fragments so far

[2021-05-21 18:37:58.359] [fileLog] [info] quantification processed 31000000 fragments so far

[2021-05-21 18:37:59.693] [fileLog] [info] quantification processed 31408605 fragments so far

[2021-05-21 18:38:05.609] [jointLog] [info] Thread saw mini-batch with a maximum of 7.50% zero probability fragments
[2021-05-21 18:38:05.610] [jointLog] [info] Thread saw mini-batch with a maximum of 8.20% zero probability fragments
[2021-05-21 18:38:05.612] [jointLog] [info] Thread saw mini-batch with a maximum of 8.20% zero probability fragments
[2021-05-21 18:38:05.613] [jointLog] [info] 


Completed first pass through the alignment file.
Total # of mapped reads : 31408605
# of uniquely mapped reads : 10933149
# ambiguously mapped reads : 20475456



[2021-05-21 18:38:05.727] [jointLog] [info] Computed 156017 rich equivalence classes for further processing
[2021-05-21 18:38:05.727] [jointLog] [info] Counted 31211585 total reads in the equivalence classes 
[2021-05-21 18:38:05.729] [jointLog] [info] starting optimizer
[2021-05-21 18:38:05.817] [jointLog] [info] Marked 0 weighted equivalence classes as degenerate
[2021-05-21 18:38:05.832] [jointLog] [info] iteration = 0 | max rel diff. = 8028.93
[2021-05-21 18:38:07.115] [jointLog] [info] iteration = 100 | max rel diff. = 18.8231
[2021-05-21 18:38:08.379] [jointLog] [info] iteration = 200 | max rel diff. = 13.5789
[2021-05-21 18:38:09.626] [jointLog] [info] iteration = 300 | max rel diff. = 20.8516
[2021-05-21 18:38:10.880] [jointLog] [info] iteration = 400 | max rel diff. = 2.95143
[2021-05-21 18:38:12.129] [jointLog] [info] iteration = 500 | max rel diff. = 16.0135
[2021-05-21 18:38:13.390] [jointLog] [info] iteration = 600 | max rel diff. = 0.168192
[2021-05-21 18:38:14.649] [jointLog] [info] iteration = 700 | max rel diff. = 6.82649
[2021-05-21 18:38:15.900] [jointLog] [info] iteration = 800 | max rel diff. = 1.35339
[2021-05-21 18:38:17.149] [jointLog] [info] iteration = 900 | max rel diff. = 0.875072
[2021-05-21 18:38:18.398] [jointLog] [info] iteration = 1000 | max rel diff. = 0.0999894
[2021-05-21 18:38:19.628] [jointLog] [info] iteration = 1100 | max rel diff. = 0.14458
[2021-05-21 18:38:20.874] [jointLog] [info] iteration = 1200 | max rel diff. = 0.0996702
[2021-05-21 18:38:22.112] [jointLog] [info] iteration = 1300 | max rel diff. = 0.0308763
[2021-05-21 18:38:23.355] [jointLog] [info] iteration = 1400 | max rel diff. = 0.292651
[2021-05-21 18:38:24.623] [jointLog] [info] iteration = 1500 | max rel diff. = 0.0333285
[2021-05-21 18:38:25.567] [jointLog] [info] iteration = 1577 | max rel diff. = 0.00525706
[2021-05-21 18:38:25.595] [jointLog] [info] finished optimizer
[2021-05-21 18:38:25.595] [jointLog] [info] writing output
[2021-05-21 18:38:27.190] [jointLog] [info] Computing gene-level abundance estimates
[2021-05-21 18:38:52.964] [jointLog] [warning] Feature has no GFF ID
[2021-05-21 18:38:52.964] [jointLog] [warning] Feature has no GFF ID
[2021-05-21 18:38:52.964] [jointLog] [warning] Feature has no GFF ID
[2021-05-21 18:38:52.964] [jointLog] [warning] Feature has no GFF ID
[2021-05-21 18:38:52.964] [jointLog] [warning] Feature has no GFF ID
[2021-05-21 18:38:52.964] [jointLog] [warning] Feature has no GFF ID
[2021-05-21 18:38:52.964] [jointLog] [warning] Feature has no GFF ID
[2021-05-21 18:38:52.964] [jointLog] [warning] Feature has no GFF ID
[2021-05-21 18:38:52.964] [jointLog] [warning] Feature has no GFF ID
[2021-05-21 18:38:52.964] [jointLog] [warning] Feature has no GFF ID
[2021-05-21 18:38:52.964] [jointLog] [warning] Feature has no GFF ID
[2021-05-21 18:38:52.964] [jointLog] [warning] Feature has no GFF ID
[2021-05-21 18:38:52.964] [jointLog] [warning] Feature has no GFF ID
[2021-05-21 18:38:52.964] [jointLog] [warning] Feature has no GFF ID
[2021-05-21 18:38:52.964] [jointLog] [warning] Feature has no GFF ID
[2021-05-21 18:38:52.964] [jointLog] [warning] Feature has no GFF ID
[2021-05-21 18:38:52.964] [jointLog] [warning] Feature has no GFF ID
[2021-05-21 18:38:52.964] [jointLog] [warning] Feature has no GFF ID
[2021-05-21 18:38:52.964] [jointLog] [warning] Feature has no GFF ID
[2021-05-21 18:38:52.964] [jointLog] [warning] Feature has no GFF ID
[2021-05-21 18:38:52.964] [jointLog] [warning] Feature has no GFF ID
[2021-05-21 18:38:52.964] [jointLog] [warning] Feature has no GFF ID
[2021-05-21 18:38:52.964] [jointLog] [warning] Feature has no GFF ID
[2021-05-21 18:38:52.964] [jointLog] [warning] Feature has no GFF ID
[2021-05-21 18:38:52.964] [jointLog] [warning] Feature has no GFF ID
[2021-05-21 18:38:52.964] [jointLog] [warning] Feature has no GFF ID
[2021-05-21 18:38:52.964] [jointLog] [warning] Feature has no GFF ID
[2021-05-21 18:38:52.964] [jointLog] [warning] Feature has no GFF ID
[2021-05-21 18:38:52.964] [jointLog] [warning] Feature has no GFF ID
[2021-05-21 18:38:52.964] [jointLog] [warning] Feature has no GFF ID
[2021-05-21 18:38:52.964] [jointLog] [warning] Feature has no GFF ID
[2021-05-21 18:38:52.964] [jointLog] [warning] Feature has no GFF ID
[2021-05-21 18:38:52.964] [jointLog] [warning] Feature has no GFF ID
[2021-05-21 18:38:52.964] [jointLog] [warning] Feature has no GFF ID
[2021-05-21 18:38:52.964] [jointLog] [warning] Feature has no GFF ID
[2021-05-21 18:38:52.964] [jointLog] [warning] Feature has no GFF ID
[2021-05-21 18:38:52.964] [jointLog] [warning] Feature has no GFF ID
[2021-05-21 18:38:52.964] [jointLog] [warning] Feature has no GFF ID
[2021-05-21 18:38:52.964] [jointLog] [warning] Feature has no GFF ID
[2021-05-21 18:38:52.964] [jointLog] [warning] Feature has no GFF ID
[2021-05-21 18:38:52.964] [jointLog] [warning] Feature has no GFF ID
[2021-05-21 18:38:52.964] [jointLog] [warning] Feature has no GFF ID
[2021-05-21 18:38:52.964] [jointLog] [warning] Feature has no GFF ID
[2021-05-21 18:38:52.964] [jointLog] [warning] Feature has no GFF ID
[2021-05-21 18:38:52.964] [jointLog] [warning] Feature has no GFF ID
[2021-05-21 18:38:52.964] [jointLog] [warning] Feature has no GFF ID
[2021-05-21 18:38:52.964] [jointLog] [warning] Feature has no GFF ID
[2021-05-21 18:38:52.964] [jointLog] [warning] Feature has no GFF ID
[2021-05-21 18:38:52.964] [jointLog] [warning] Feature has no GFF ID
[2021-05-21 18:38:52.964] [jointLog] [warning] Feature has no GFF ID
[2021-05-21 18:38:52.964] [jointLog] [warning] Feature has no GFF ID
[2021-05-21 18:38:52.964] [jointLog] [warning] Feature has no GFF ID
[2021-05-21 18:38:52.964] [jointLog] [warning] Feature has no GFF ID
[2021-05-21 18:38:52.964] [jointLog] [warning] Feature has no GFF ID
[2021-05-21 18:38:52.964] [jointLog] [warning] Feature has no GFF ID
[2021-05-21 18:38:52.964] [jointLog] [warning] Feature has no GFF ID
[2021-05-21 18:38:52.964] [jointLog] [warning] Feature has no GFF ID
[2021-05-21 18:38:52.964] [jointLog] [warning] Feature has no GFF ID
[2021-05-21 18:38:52.964] [jointLog] [warning] Feature has no GFF ID
[2021-05-21 18:38:52.964] [jointLog] [warning] Feature has no GFF ID
[2021-05-21 18:38:52.964] [jointLog] [warning] Feature has no GFF ID
[2021-05-21 18:38:52.964] [jointLog] [warning] Feature has no GFF ID
[2021-05-21 18:38:52.964] [jointLog] [warning] Feature has no GFF ID
[2021-05-21 18:38:52.964] [jointLog] [warning] Feature has no GFF ID
[2021-05-21 18:38:52.964] [jointLog] [warning] Feature has no GFF ID
[2021-05-21 18:38:52.964] [jointLog] [warning] Feature has no GFF ID
[2021-05-21 18:38:52.964] [jointLog] [warning] Feature has no GFF ID
[2021-05-21 18:38:52.964] [jointLog] [warning] Feature has no GFF ID
[2021-05-21 18:38:52.964] [jointLog] [warning] Feature has no GFF ID
[2021-05-21 18:38:52.964] [jointLog] [warning] Feature has no GFF ID
[2021-05-21 18:38:52.964] [jointLog] [warning] Feature has no GFF ID
[2021-05-21 18:38:52.964] [jointLog] [warning] Feature has no GFF ID
[2021-05-21 18:38:52.964] [jointLog] [warning] Feature has no GFF ID
[2021-05-21 18:38:52.964] [jointLog] [warning] Feature has no GFF ID
[2021-05-21 18:38:52.964] [jointLog] [warning] Feature has no GFF ID
[2021-05-21 18:38:52.964] [jointLog] [warning] Feature has no GFF ID
[2021-05-21 18:38:52.964] [jointLog] [warning] Feature has no GFF ID
[2021-05-21 18:38:52.964] [jointLog] [warning] Feature has no GFF ID
[2021-05-21 18:38:52.964] [jointLog] [warning] Feature has no GFF ID
[2021-05-21 18:38:52.964] [jointLog] [warning] Feature has no GFF ID
[2021-05-21 18:38:52.964] [jointLog] [warning] Feature has no GFF ID
[2021-05-21 18:38:52.964] [jointLog] [warning] Feature has no GFF ID
[2021-05-21 18:38:52.964] [jointLog] [warning] Feature has no GFF ID
[2021-05-21 18:38:52.964] [jointLog] [warning] Feature has no GFF ID
[2021-05-21 18:38:52.964] [jointLog] [warning] Feature has no GFF ID
[2021-05-21 18:38:52.964] [jointLog] [warning] Feature has no GFF ID
[2021-05-21 18:38:52.964] [jointLog] [warning] Feature has no GFF ID
[2021-05-21 18:38:52.964] [jointLog] [warning] Feature has no GFF ID
[2021-05-21 18:38:52.964] [jointLog] [warning] Feature has no GFF ID
[2021-05-21 18:38:52.964] [jointLog] [warning] Feature has no GFF ID
[2021-05-21 18:38:52.964] [jointLog] [warning] Feature has no GFF ID
[2021-05-21 18:38:52.964] [jointLog] [warning] Feature has no GFF ID
[2021-05-21 18:38:53.271] [jointLog] [info] There were 142604 transcripts mapping to 55401 genes
[2021-05-21 18:38:53.271] [jointLog] [info] NOTE: We recommend using tximport (https://bioconductor.org/packages/release/bioc/html/tximport.html) for aggregating transcript-level salmon abundance estimates to the gene level.  It is more versatile, exposes more features, and allows considering multi-sample information during aggregation.
[2021-05-21 18:38:53.540] [jointLog] [warning] couldn't find transcript named [DQ459430] in transcript <-> gene map; returning transcript as it's own gene
[2021-05-21 18:38:53.540] [jointLog] [warning] couldn't find transcript named [DQ516784] in transcript <-> gene map; returning transcript as it's own gene
[2021-05-21 18:38:53.540] [jointLog] [warning] couldn't find transcript named [DQ516752] in transcript <-> gene map; returning transcript as it's own gene
[2021-05-21 18:38:53.540] [jointLog] [warning] couldn't find transcript named [DQ668364] in transcript <-> gene map; returning transcript as it's own gene
[2021-05-21 18:38:53.540] [jointLog] [warning] couldn't find transcript named [DQ883670] in transcript <-> gene map; returning transcript as it's own gene
[2021-05-21 18:38:53.540] [jointLog] [warning] couldn't find transcript named [EF011062] in transcript <-> gene map; returning transcript as it's own gene
[2021-05-21 18:38:53.540] [jointLog] [warning] couldn't find transcript named [DQ875385] in transcript <-> gene map; returning transcript as it's own gene
[2021-05-21 18:38:53.540] [jointLog] [warning] couldn't find transcript named [DQ883664] in transcript <-> gene map; returning transcript as it's own gene
[2021-05-21 18:38:53.540] [jointLog] [warning] couldn't find transcript named [DQ459420] in transcript <-> gene map; returning transcript as it's own gene
[2021-05-21 18:38:53.540] [jointLog] [warning] couldn't find transcript named [DQ883651] in transcript <-> gene map; returning transcript as it's own gene
[2021-05-21 18:38:53.540] [jointLog] [warning] couldn't find transcript named [DQ855004] in transcript <-> gene map; returning transcript as it's own gene
[2021-05-21 18:38:53.540] [jointLog] [warning] couldn't find transcript named [DQ854993] in transcript <-> gene map; returning transcript as it's own gene
[2021-05-21 18:38:53.540] [jointLog] [warning] couldn't find transcript named [DQ883689] in transcript <-> gene map; returning transcript as it's own gene
[2021-05-21 18:38:53.540] [jointLog] [warning] couldn't find transcript named [DQ459419] in transcript <-> gene map; returning transcript as it's own gene
[2021-05-21 18:38:53.540] [jointLog] [warning] couldn't find transcript named [DQ459431] in transcript <-> gene map; returning transcript as it's own gene
[2021-05-21 18:38:53.540] [jointLog] [warning] couldn't find transcript named [DQ516796] in transcript <-> gene map; returning transcript as it's own gene
[2021-05-21 18:38:53.540] [jointLog] [warning] couldn't find transcript named [DQ855001] in transcript <-> gene map; returning transcript as it's own gene
[2021-05-21 18:38:53.540] [jointLog] [warning] couldn't find transcript named [DQ459413] in transcript <-> gene map; returning transcript as it's own gene
[2021-05-21 18:38:53.540] [jointLog] [warning] couldn't find transcript named [DQ883656] in transcript <-> gene map; returning transcript as it's own gene
[2021-05-21 18:38:53.540] [jointLog] [warning] couldn't find transcript named [DQ883661] in transcript <-> gene map; returning transcript as it's own gene
[2021-05-21 18:38:53.540] [jointLog] [warning] couldn't find transcript named [EF011069] in transcript <-> gene map; returning transcript as it's own gene
[2021-05-21 18:38:53.540] [jointLog] [warning] couldn't find transcript named [DQ516783] in transcript <-> gene map; returning transcript as it's own gene
[2021-05-21 18:38:53.540] [jointLog] [warning] couldn't find transcript named [DQ516787] in transcript <-> gene map; returning transcript as it's own gene
[2021-05-21 18:38:53.541] [jointLog] [warning] couldn't find transcript named [DQ459424] in transcript <-> gene map; returning transcript as it's own gene
[2021-05-21 18:38:53.541] [jointLog] [warning] couldn't find transcript named [DQ516748] in transcript <-> gene map; returning transcript as it's own gene
[2021-05-21 18:38:53.541] [jointLog] [warning] couldn't find transcript named [DQ883671] in transcript <-> gene map; returning transcript as it's own gene
[2021-05-21 18:38:53.541] [jointLog] [warning] couldn't find transcript named [DQ516740] in transcript <-> gene map; returning transcript as it's own gene
[2021-05-21 18:38:53.541] [jointLog] [warning] couldn't find transcript named [DQ516785] in transcript <-> gene map; returning transcript as it's own gene
[2021-05-21 18:38:53.541] [jointLog] [warning] couldn't find transcript named [DQ516731] in transcript <-> gene map; returning transcript as it's own gene
[2021-05-21 18:38:53.541] [jointLog] [warning] couldn't find transcript named [DQ668366] in transcript <-> gene map; returning transcript as it's own gene
[2021-05-21 18:38:53.541] [jointLog] [warning] couldn't find transcript named [DQ459418] in transcript <-> gene map; returning transcript as it's own gene
[2021-05-21 18:38:53.541] [jointLog] [warning] couldn't find transcript named [DQ668356] in transcript <-> gene map; returning transcript as it's own gene
[2021-05-21 18:38:53.541] [jointLog] [warning] couldn't find transcript named [DQ516763] in transcript <-> gene map; returning transcript as it's own gene
[2021-05-21 18:38:53.541] [jointLog] [warning] couldn't find transcript named [DQ459426] in transcript <-> gene map; returning transcript as it's own gene
[2021-05-21 18:38:53.541] [jointLog] [warning] couldn't find transcript named [DQ516786] in transcript <-> gene map; returning transcript as it's own gene
[2021-05-21 18:38:53.541] [jointLog] [warning] couldn't find transcript named [DQ883653] in transcript <-> gene map; returning transcript as it's own gene
[2021-05-21 18:38:53.541] [jointLog] [warning] couldn't find transcript named [DQ459421] in transcript <-> gene map; returning transcript as it's own gene
[2021-05-21 18:38:53.541] [jointLog] [warning] couldn't find transcript named [DQ883654] in transcript <-> gene map; returning transcript as it's own gene
[2021-05-21 18:38:53.541] [jointLog] [warning] couldn't find transcript named [DQ668358] in transcript <-> gene map; returning transcript as it's own gene
[2021-05-21 18:38:53.541] [jointLog] [warning] couldn't find transcript named [DQ516754] in transcript <-> gene map; returning transcript as it's own gene
[2021-05-21 18:38:53.541] [jointLog] [warning] couldn't find transcript named [DQ516778] in transcript <-> gene map; returning transcript as it's own gene
[2021-05-21 18:38:53.541] [jointLog] [warning] couldn't find transcript named [DQ883650] in transcript <-> gene map; returning transcript as it's own gene
[2021-05-21 18:38:53.541] [jointLog] [warning] couldn't find transcript named [DQ516742] in transcript <-> gene map; returning transcript as it's own gene
[2021-05-21 18:38:53.541] [jointLog] [warning] couldn't find transcript named [DQ883673] in transcript <-> gene map; returning transcript as it's own gene
[2021-05-21 18:38:53.541] [jointLog] [warning] couldn't find transcript named [DQ883652] in transcript <-> gene map; returning transcript as it's own gene
[2021-05-21 18:38:53.541] [jointLog] [warning] couldn't find transcript named [DQ854991] in transcript <-> gene map; returning transcript as it's own gene
[2021-05-21 18:38:53.541] [jointLog] [warning] couldn't find transcript named [DQ516780] in transcript <-> gene map; returning transcript as it's own gene
[2021-05-21 18:38:53.541] [jointLog] [warning] couldn't find transcript named [DQ883682] in transcript <-> gene map; returning transcript as it's own gene
[2021-05-21 18:38:53.541] [jointLog] [warning] couldn't find transcript named [DQ883669] in transcript <-> gene map; returning transcript as it's own gene
[2021-05-21 18:38:53.541] [jointLog] [warning] couldn't find transcript named [DQ516791] in transcript <-> gene map; returning transcript as it's own gene
[2021-05-21 18:38:53.541] [jointLog] [warning] couldn't find transcript named [DQ459425] in transcript <-> gene map; returning transcript as it's own gene
[2021-05-21 18:38:53.541] [jointLog] [warning] couldn't find transcript named [DQ516759] in transcript <-> gene map; returning transcript as it's own gene
[2021-05-21 18:38:53.541] [jointLog] [warning] couldn't find transcript named [DQ459429] in transcript <-> gene map; returning transcript as it's own gene
[2021-05-21 18:38:53.541] [jointLog] [warning] couldn't find transcript named [DQ516758] in transcript <-> gene map; returning transcript as it's own gene
[2021-05-21 18:38:53.541] [jointLog] [warning] couldn't find transcript named [DQ459415] in transcript <-> gene map; returning transcript as it's own gene
[2021-05-21 18:38:53.541] [jointLog] [warning] couldn't find transcript named [DQ875387] in transcript <-> gene map; returning transcript as it's own gene
[2021-05-21 18:38:53.541] [jointLog] [warning] couldn't find transcript named [DQ516815] in transcript <-> gene map; returning transcript as it's own gene
[2021-05-21 18:38:53.541] [jointLog] [warning] couldn't find transcript named [DQ668365] in transcript <-> gene map; returning transcript as it's own gene
[2021-05-21 18:38:53.541] [jointLog] [warning] couldn't find transcript named [DQ854998] in transcript <-> gene map; returning transcript as it's own gene
[2021-05-21 18:38:53.541] [jointLog] [warning] couldn't find transcript named [DQ883685] in transcript <-> gene map; returning transcript as it's own gene
[2021-05-21 18:38:53.541] [jointLog] [warning] couldn't find transcript named [DQ459422] in transcript <-> gene map; returning transcript as it's own gene
[2021-05-21 18:38:53.541] [jointLog] [warning] couldn't find transcript named [DQ883663] in transcript <-> gene map; returning transcript as it's own gene
[2021-05-21 18:38:53.541] [jointLog] [warning] couldn't find transcript named [DQ668367] in transcript <-> gene map; returning transcript as it's own gene
[2021-05-21 18:38:53.541] [jointLog] [warning] couldn't find transcript named [DQ459412] in transcript <-> gene map; returning transcript as it's own gene
[2021-05-21 18:38:53.541] [jointLog] [warning] couldn't find transcript named [DQ854992] in transcript <-> gene map; returning transcript as it's own gene
[2021-05-21 18:38:53.541] [jointLog] [warning] couldn't find transcript named [DQ516782] in transcript <-> gene map; returning transcript as it's own gene
[2021-05-21 18:38:53.541] [jointLog] [warning] couldn't find transcript named [DQ459427] in transcript <-> gene map; returning transcript as it's own gene
[2021-05-21 18:38:53.541] [jointLog] [warning] couldn't find transcript named [EF011072] in transcript <-> gene map; returning transcript as it's own gene
[2021-05-21 18:38:53.541] [jointLog] [warning] couldn't find transcript named [DQ855003] in transcript <-> gene map; returning transcript as it's own gene
[2021-05-21 18:38:53.541] [jointLog] [warning] couldn't find transcript named [DQ516739] in transcript <-> gene map; returning transcript as it's own gene
[2021-05-21 18:38:53.541] [jointLog] [warning] couldn't find transcript named [EF011063] in transcript <-> gene map; returning transcript as it's own gene
[2021-05-21 18:38:53.541] [jointLog] [warning] couldn't find transcript named [DQ855000] in transcript <-> gene map; returning transcript as it's own gene
[2021-05-21 18:38:53.541] [jointLog] [warning] couldn't find transcript named [DQ516777] in transcript <-> gene map; returning transcript as it's own gene
[2021-05-21 18:38:53.541] [jointLog] [warning] couldn't find transcript named [DQ883646] in transcript <-> gene map; returning transcript as it's own gene
[2021-05-21 18:38:53.541] [jointLog] [warning] couldn't find transcript named [DQ668362] in transcript <-> gene map; returning transcript as it's own gene
[2021-05-21 18:38:53.541] [jointLog] [warning] couldn't find transcript named [DQ854995] in transcript <-> gene map; returning transcript as it's own gene
[2021-05-21 18:38:53.541] [jointLog] [warning] couldn't find transcript named [DQ875386] in transcript <-> gene map; returning transcript as it's own gene
[2021-05-21 18:38:53.541] [jointLog] [warning] couldn't find transcript named [DQ516790] in transcript <-> gene map; returning transcript as it's own gene
[2021-05-21 18:38:53.541] [jointLog] [warning] couldn't find transcript named [DQ883642] in transcript <-> gene map; returning transcript as it's own gene
[2021-05-21 18:38:53.541] [jointLog] [warning] couldn't find transcript named [DQ883659] in transcript <-> gene map; returning transcript as it's own gene
[2021-05-21 18:38:53.541] [jointLog] [warning] couldn't find transcript named [DQ854997] in transcript <-> gene map; returning transcript as it's own gene
[2021-05-21 18:38:53.541] [jointLog] [warning] couldn't find transcript named [DQ883643] in transcript <-> gene map; returning transcript as it's own gene
[2021-05-21 18:38:53.541] [jointLog] [warning] couldn't find transcript named [DQ839618] in transcript <-> gene map; returning transcript as it's own gene
[2021-05-21 18:38:53.541] [jointLog] [warning] couldn't find transcript named [DQ516795] in transcript <-> gene map; returning transcript as it's own gene
[2021-05-21 18:38:53.541] [jointLog] [warning] couldn't find transcript named [DQ883658] in transcript <-> gene map; returning transcript as it's own gene
[2021-05-21 18:38:53.541] [jointLog] [warning] couldn't find transcript named [DQ516750] in transcript <-> gene map; returning transcript as it's own gene
[2021-05-21 18:38:53.541] [jointLog] [warning] couldn't find transcript named [DQ668359] in transcript <-> gene map; returning transcript as it's own gene
[2021-05-21 18:38:53.541] [jointLog] [warning] couldn't find transcript named [DQ516779] in transcript <-> gene map; returning transcript as it's own gene
[2021-05-21 18:38:53.541] [jointLog] [warning] couldn't find transcript named [DQ668363] in transcript <-> gene map; returning transcript as it's own gene
[2021-05-21 18:38:53.541] [jointLog] [warning] couldn't find transcript named [DQ516776] in transcript <-> gene map; returning transcript as it's own gene
[2021-05-21 18:38:53.541] [jointLog] [warning] couldn't find transcript named [DQ516773] in transcript <-> gene map; returning transcript as it's own gene
[2021-05-21 18:38:53.541] [jointLog] [warning] couldn't find transcript named [DQ854994] in transcript <-> gene map; returning transcript as it's own gene
[2021-05-21 18:38:53.541] [jointLog] [info] Aggregating expressions to gene level
[2021-05-21 18:38:53.693] [jointLog] [info] done
