[2021-05-23 10:46:10.421] [jointLog] [info] setting maxHashResizeThreads to 6
[2021-05-23 10:46:10.421] [jointLog] [info] Fragment incompatibility prior below threshold.  Incompatible fragments will be ignored.
[2021-05-23 10:46:10.424] [jointLog] [info] numQuantThreads = 3
[2021-05-23 10:46:15.056] [fileLog] [info] quantification processed 0 fragments so far

[2021-05-23 10:46:14.746] [jointLog] [info] replaced 4 non-ACGT nucleotides with random nucleotides
[2021-05-23 10:46:18.620] [fileLog] [info] quantification processed 1000000 fragments so far

[2021-05-23 10:46:22.011] [fileLog] [info] quantification processed 2000000 fragments so far

[2021-05-23 10:46:23.075] [jointLog] [info] 

The alignment group queue pool has been exhausted.  3605512 extra fragments were allocated on the heap to saturate the pool.  No new fragments will be allocated


[2021-05-23 10:46:38.288] [fileLog] [info] quantification processed 3000000 fragments so far

[2021-05-23 10:47:00.115] [fileLog] [info] quantification processed 4000000 fragments so far

[2021-05-23 10:47:23.170] [fileLog] [info] quantification processed 5000000 fragments so far

[2021-05-23 10:47:46.223] [fileLog] [info] quantification processed 6000000 fragments so far

[2021-05-23 10:48:09.033] [fileLog] [info] quantification processed 7000000 fragments so far

[2021-05-23 10:48:13.986] [fileLog] [info] quantification processed 8000000 fragments so far

[2021-05-23 10:48:18.858] [fileLog] [info] quantification processed 9000000 fragments so far

[2021-05-23 10:48:23.844] [fileLog] [info] quantification processed 10000000 fragments so far

[2021-05-23 10:48:28.669] [fileLog] [info] quantification processed 11000000 fragments so far

[2021-05-23 10:48:33.536] [fileLog] [info] quantification processed 12000000 fragments so far

[2021-05-23 10:48:38.411] [fileLog] [info] quantification processed 13000000 fragments so far

[2021-05-23 10:48:43.301] [fileLog] [info] quantification processed 14000000 fragments so far

[2021-05-23 10:48:48.121] [fileLog] [info] quantification processed 15000000 fragments so far

[2021-05-23 10:48:52.936] [fileLog] [info] quantification processed 16000000 fragments so far

[2021-05-23 10:48:57.615] [fileLog] [info] quantification processed 17000000 fragments so far

[2021-05-23 10:49:02.402] [fileLog] [info] quantification processed 18000000 fragments so far

[2021-05-23 10:49:07.467] [fileLog] [info] quantification processed 19000000 fragments so far

[2021-05-23 10:49:12.428] [fileLog] [info] quantification processed 20000000 fragments so far

[2021-05-23 10:49:17.043] [fileLog] [info] quantification processed 21000000 fragments so far

[2021-05-23 10:49:21.726] [fileLog] [info] quantification processed 22000000 fragments so far

[2021-05-23 10:49:26.430] [fileLog] [info] quantification processed 23000000 fragments so far

[2021-05-23 10:49:30.996] [fileLog] [info] quantification processed 24000000 fragments so far

[2021-05-23 10:49:35.755] [fileLog] [info] quantification processed 25000000 fragments so far

[2021-05-23 10:49:40.717] [fileLog] [info] quantification processed 26000000 fragments so far

[2021-05-23 10:49:45.666] [fileLog] [info] quantification processed 27000000 fragments so far

[2021-05-23 10:49:50.570] [fileLog] [info] quantification processed 28000000 fragments so far

[2021-05-23 10:49:55.427] [fileLog] [info] quantification processed 29000000 fragments so far

[2021-05-23 10:50:00.425] [fileLog] [info] quantification processed 30000000 fragments so far

[2021-05-23 10:50:05.194] [fileLog] [info] quantification processed 31000000 fragments so far

[2021-05-23 10:50:09.870] [fileLog] [info] quantification processed 32000000 fragments so far

[2021-05-23 10:50:14.484] [fileLog] [info] quantification processed 33000000 fragments so far

[2021-05-23 10:50:19.094] [fileLog] [info] quantification processed 34000000 fragments so far

[2021-05-23 10:50:24.010] [fileLog] [info] quantification processed 35000000 fragments so far

[2021-05-23 10:50:28.882] [fileLog] [info] quantification processed 36000000 fragments so far

[2021-05-23 10:50:33.683] [fileLog] [info] quantification processed 37000000 fragments so far

[2021-05-23 10:50:38.505] [fileLog] [info] quantification processed 38000000 fragments so far

[2021-05-23 10:50:43.331] [fileLog] [info] quantification processed 39000000 fragments so far

[2021-05-23 10:50:48.169] [fileLog] [info] quantification processed 40000000 fragments so far

[2021-05-23 10:50:53.358] [fileLog] [info] quantification processed 41000000 fragments so far

[2021-05-23 10:50:58.192] [fileLog] [info] quantification processed 42000000 fragments so far

[2021-05-23 10:51:02.917] [fileLog] [info] quantification processed 43000000 fragments so far

[2021-05-23 10:51:07.524] [fileLog] [info] quantification processed 44000000 fragments so far

[2021-05-23 10:51:12.417] [fileLog] [info] quantification processed 45000000 fragments so far

[2021-05-23 10:51:17.290] [fileLog] [info] quantification processed 46000000 fragments so far

[2021-05-23 10:51:18.430] [fileLog] [info] quantification processed 46241871 fragments so far

[2021-05-23 10:51:27.807] [jointLog] [info] Thread saw mini-batch with a maximum of 21.80% zero probability fragments
[2021-05-23 10:51:27.811] [jointLog] [info] Thread saw mini-batch with a maximum of 23.60% zero probability fragments
[2021-05-23 10:51:27.817] [jointLog] [info] Thread saw mini-batch with a maximum of 23.50% zero probability fragments
[2021-05-23 10:51:27.819] [jointLog] [info] 


Completed first pass through the alignment file.
Total # of mapped reads : 46241871
# of uniquely mapped reads : 15382763
# ambiguously mapped reads : 30859108



[2021-05-23 10:51:28.010] [jointLog] [info] Computed 189902 rich equivalence classes for further processing
[2021-05-23 10:51:28.010] [jointLog] [info] Counted 45921071 total reads in the equivalence classes 
[2021-05-23 10:51:28.013] [jointLog] [info] starting optimizer
[2021-05-23 10:51:28.135] [jointLog] [info] Marked 0 weighted equivalence classes as degenerate
[2021-05-23 10:51:28.154] [jointLog] [info] iteration = 0 | max rel diff. = 2623.85
[2021-05-23 10:51:29.747] [jointLog] [info] iteration = 100 | max rel diff. = 7.77768
[2021-05-23 10:51:31.330] [jointLog] [info] iteration = 200 | max rel diff. = 11.1231
[2021-05-23 10:51:32.915] [jointLog] [info] iteration = 300 | max rel diff. = 13.9235
[2021-05-23 10:51:34.517] [jointLog] [info] iteration = 400 | max rel diff. = 16.4991
[2021-05-23 10:51:36.141] [jointLog] [info] iteration = 500 | max rel diff. = 1.12959
[2021-05-23 10:51:37.721] [jointLog] [info] iteration = 600 | max rel diff. = 0.294225
[2021-05-23 10:51:39.316] [jointLog] [info] iteration = 700 | max rel diff. = 0.338389
[2021-05-23 10:51:40.901] [jointLog] [info] iteration = 800 | max rel diff. = 0.6627
[2021-05-23 10:51:42.507] [jointLog] [info] iteration = 900 | max rel diff. = 0.0712105
[2021-05-23 10:51:44.120] [jointLog] [info] iteration = 1000 | max rel diff. = 0.23041
[2021-05-23 10:51:45.745] [jointLog] [info] iteration = 1100 | max rel diff. = 0.149632
[2021-05-23 10:51:47.348] [jointLog] [info] iteration = 1200 | max rel diff. = 0.131308
[2021-05-23 10:51:48.946] [jointLog] [info] iteration = 1300 | max rel diff. = 0.0832134
[2021-05-23 10:51:50.545] [jointLog] [info] iteration = 1400 | max rel diff. = 0.290231
[2021-05-23 10:51:52.169] [jointLog] [info] iteration = 1500 | max rel diff. = 0.0255263
[2021-05-23 10:51:53.757] [jointLog] [info] iteration = 1600 | max rel diff. = 0.793124
[2021-05-23 10:51:54.833] [jointLog] [info] iteration = 1669 | max rel diff. = 0.00599262
[2021-05-23 10:51:54.873] [jointLog] [info] finished optimizer
[2021-05-23 10:51:54.873] [jointLog] [info] writing output
[2021-05-23 10:51:57.209] [jointLog] [info] Computing gene-level abundance estimates
[2021-05-23 10:52:30.046] [jointLog] [warning] Feature has no GFF ID
[2021-05-23 10:52:30.046] [jointLog] [warning] Feature has no GFF ID
[2021-05-23 10:52:30.046] [jointLog] [warning] Feature has no GFF ID
[2021-05-23 10:52:30.046] [jointLog] [warning] Feature has no GFF ID
[2021-05-23 10:52:30.046] [jointLog] [warning] Feature has no GFF ID
[2021-05-23 10:52:30.046] [jointLog] [warning] Feature has no GFF ID
[2021-05-23 10:52:30.046] [jointLog] [warning] Feature has no GFF ID
[2021-05-23 10:52:30.046] [jointLog] [warning] Feature has no GFF ID
[2021-05-23 10:52:30.046] [jointLog] [warning] Feature has no GFF ID
[2021-05-23 10:52:30.046] [jointLog] [warning] Feature has no GFF ID
[2021-05-23 10:52:30.046] [jointLog] [warning] Feature has no GFF ID
[2021-05-23 10:52:30.046] [jointLog] [warning] Feature has no GFF ID
[2021-05-23 10:52:30.046] [jointLog] [warning] Feature has no GFF ID
[2021-05-23 10:52:30.046] [jointLog] [warning] Feature has no GFF ID
[2021-05-23 10:52:30.046] [jointLog] [warning] Feature has no GFF ID
[2021-05-23 10:52:30.046] [jointLog] [warning] Feature has no GFF ID
[2021-05-23 10:52:30.046] [jointLog] [warning] Feature has no GFF ID
[2021-05-23 10:52:30.046] [jointLog] [warning] Feature has no GFF ID
[2021-05-23 10:52:30.046] [jointLog] [warning] Feature has no GFF ID
[2021-05-23 10:52:30.046] [jointLog] [warning] Feature has no GFF ID
[2021-05-23 10:52:30.046] [jointLog] [warning] Feature has no GFF ID
[2021-05-23 10:52:30.046] [jointLog] [warning] Feature has no GFF ID
[2021-05-23 10:52:30.046] [jointLog] [warning] Feature has no GFF ID
[2021-05-23 10:52:30.046] [jointLog] [warning] Feature has no GFF ID
[2021-05-23 10:52:30.046] [jointLog] [warning] Feature has no GFF ID
[2021-05-23 10:52:30.046] [jointLog] [warning] Feature has no GFF ID
[2021-05-23 10:52:30.046] [jointLog] [warning] Feature has no GFF ID
[2021-05-23 10:52:30.046] [jointLog] [warning] Feature has no GFF ID
[2021-05-23 10:52:30.046] [jointLog] [warning] Feature has no GFF ID
[2021-05-23 10:52:30.046] [jointLog] [warning] Feature has no GFF ID
[2021-05-23 10:52:30.046] [jointLog] [warning] Feature has no GFF ID
[2021-05-23 10:52:30.046] [jointLog] [warning] Feature has no GFF ID
[2021-05-23 10:52:30.046] [jointLog] [warning] Feature has no GFF ID
[2021-05-23 10:52:30.046] [jointLog] [warning] Feature has no GFF ID
[2021-05-23 10:52:30.046] [jointLog] [warning] Feature has no GFF ID
[2021-05-23 10:52:30.046] [jointLog] [warning] Feature has no GFF ID
[2021-05-23 10:52:30.046] [jointLog] [warning] Feature has no GFF ID
[2021-05-23 10:52:30.046] [jointLog] [warning] Feature has no GFF ID
[2021-05-23 10:52:30.046] [jointLog] [warning] Feature has no GFF ID
[2021-05-23 10:52:30.046] [jointLog] [warning] Feature has no GFF ID
[2021-05-23 10:52:30.046] [jointLog] [warning] Feature has no GFF ID
[2021-05-23 10:52:30.046] [jointLog] [warning] Feature has no GFF ID
[2021-05-23 10:52:30.046] [jointLog] [warning] Feature has no GFF ID
[2021-05-23 10:52:30.046] [jointLog] [warning] Feature has no GFF ID
[2021-05-23 10:52:30.046] [jointLog] [warning] Feature has no GFF ID
[2021-05-23 10:52:30.046] [jointLog] [warning] Feature has no GFF ID
[2021-05-23 10:52:30.046] [jointLog] [warning] Feature has no GFF ID
[2021-05-23 10:52:30.046] [jointLog] [warning] Feature has no GFF ID
[2021-05-23 10:52:30.046] [jointLog] [warning] Feature has no GFF ID
[2021-05-23 10:52:30.046] [jointLog] [warning] Feature has no GFF ID
[2021-05-23 10:52:30.046] [jointLog] [warning] Feature has no GFF ID
[2021-05-23 10:52:30.046] [jointLog] [warning] Feature has no GFF ID
[2021-05-23 10:52:30.046] [jointLog] [warning] Feature has no GFF ID
[2021-05-23 10:52:30.046] [jointLog] [warning] Feature has no GFF ID
[2021-05-23 10:52:30.046] [jointLog] [warning] Feature has no GFF ID
[2021-05-23 10:52:30.046] [jointLog] [warning] Feature has no GFF ID
[2021-05-23 10:52:30.046] [jointLog] [warning] Feature has no GFF ID
[2021-05-23 10:52:30.046] [jointLog] [warning] Feature has no GFF ID
[2021-05-23 10:52:30.046] [jointLog] [warning] Feature has no GFF ID
[2021-05-23 10:52:30.046] [jointLog] [warning] Feature has no GFF ID
[2021-05-23 10:52:30.046] [jointLog] [warning] Feature has no GFF ID
[2021-05-23 10:52:30.046] [jointLog] [warning] Feature has no GFF ID
[2021-05-23 10:52:30.046] [jointLog] [warning] Feature has no GFF ID
[2021-05-23 10:52:30.046] [jointLog] [warning] Feature has no GFF ID
[2021-05-23 10:52:30.046] [jointLog] [warning] Feature has no GFF ID
[2021-05-23 10:52:30.046] [jointLog] [warning] Feature has no GFF ID
[2021-05-23 10:52:30.046] [jointLog] [warning] Feature has no GFF ID
[2021-05-23 10:52:30.046] [jointLog] [warning] Feature has no GFF ID
[2021-05-23 10:52:30.046] [jointLog] [warning] Feature has no GFF ID
[2021-05-23 10:52:30.046] [jointLog] [warning] Feature has no GFF ID
[2021-05-23 10:52:30.046] [jointLog] [warning] Feature has no GFF ID
[2021-05-23 10:52:30.046] [jointLog] [warning] Feature has no GFF ID
[2021-05-23 10:52:30.046] [jointLog] [warning] Feature has no GFF ID
[2021-05-23 10:52:30.046] [jointLog] [warning] Feature has no GFF ID
[2021-05-23 10:52:30.046] [jointLog] [warning] Feature has no GFF ID
[2021-05-23 10:52:30.046] [jointLog] [warning] Feature has no GFF ID
[2021-05-23 10:52:30.046] [jointLog] [warning] Feature has no GFF ID
[2021-05-23 10:52:30.046] [jointLog] [warning] Feature has no GFF ID
[2021-05-23 10:52:30.046] [jointLog] [warning] Feature has no GFF ID
[2021-05-23 10:52:30.046] [jointLog] [warning] Feature has no GFF ID
[2021-05-23 10:52:30.046] [jointLog] [warning] Feature has no GFF ID
[2021-05-23 10:52:30.046] [jointLog] [warning] Feature has no GFF ID
[2021-05-23 10:52:30.046] [jointLog] [warning] Feature has no GFF ID
[2021-05-23 10:52:30.046] [jointLog] [warning] Feature has no GFF ID
[2021-05-23 10:52:30.046] [jointLog] [warning] Feature has no GFF ID
[2021-05-23 10:52:30.046] [jointLog] [warning] Feature has no GFF ID
[2021-05-23 10:52:30.046] [jointLog] [warning] Feature has no GFF ID
[2021-05-23 10:52:30.046] [jointLog] [warning] Feature has no GFF ID
[2021-05-23 10:52:30.046] [jointLog] [warning] Feature has no GFF ID
[2021-05-23 10:52:30.046] [jointLog] [warning] Feature has no GFF ID
[2021-05-23 10:52:30.046] [jointLog] [warning] Feature has no GFF ID
[2021-05-23 10:52:30.046] [jointLog] [warning] Feature has no GFF ID
[2021-05-23 10:52:30.441] [jointLog] [info] There were 142604 transcripts mapping to 55401 genes
[2021-05-23 10:52:30.441] [jointLog] [info] NOTE: We recommend using tximport (https://bioconductor.org/packages/release/bioc/html/tximport.html) for aggregating transcript-level salmon abundance estimates to the gene level.  It is more versatile, exposes more features, and allows considering multi-sample information during aggregation.
[2021-05-23 10:52:30.798] [jointLog] [warning] couldn't find transcript named [DQ459430] in transcript <-> gene map; returning transcript as it's own gene
[2021-05-23 10:52:30.798] [jointLog] [warning] couldn't find transcript named [DQ516784] in transcript <-> gene map; returning transcript as it's own gene
[2021-05-23 10:52:30.798] [jointLog] [warning] couldn't find transcript named [DQ516752] in transcript <-> gene map; returning transcript as it's own gene
[2021-05-23 10:52:30.798] [jointLog] [warning] couldn't find transcript named [DQ668364] in transcript <-> gene map; returning transcript as it's own gene
[2021-05-23 10:52:30.798] [jointLog] [warning] couldn't find transcript named [DQ883670] in transcript <-> gene map; returning transcript as it's own gene
[2021-05-23 10:52:30.798] [jointLog] [warning] couldn't find transcript named [EF011062] in transcript <-> gene map; returning transcript as it's own gene
[2021-05-23 10:52:30.798] [jointLog] [warning] couldn't find transcript named [DQ875385] in transcript <-> gene map; returning transcript as it's own gene
[2021-05-23 10:52:30.798] [jointLog] [warning] couldn't find transcript named [DQ883664] in transcript <-> gene map; returning transcript as it's own gene
[2021-05-23 10:52:30.798] [jointLog] [warning] couldn't find transcript named [DQ459420] in transcript <-> gene map; returning transcript as it's own gene
[2021-05-23 10:52:30.798] [jointLog] [warning] couldn't find transcript named [DQ883651] in transcript <-> gene map; returning transcript as it's own gene
[2021-05-23 10:52:30.798] [jointLog] [warning] couldn't find transcript named [DQ855004] in transcript <-> gene map; returning transcript as it's own gene
[2021-05-23 10:52:30.798] [jointLog] [warning] couldn't find transcript named [DQ854993] in transcript <-> gene map; returning transcript as it's own gene
[2021-05-23 10:52:30.798] [jointLog] [warning] couldn't find transcript named [DQ883689] in transcript <-> gene map; returning transcript as it's own gene
[2021-05-23 10:52:30.798] [jointLog] [warning] couldn't find transcript named [DQ459419] in transcript <-> gene map; returning transcript as it's own gene
[2021-05-23 10:52:30.798] [jointLog] [warning] couldn't find transcript named [DQ459431] in transcript <-> gene map; returning transcript as it's own gene
[2021-05-23 10:52:30.798] [jointLog] [warning] couldn't find transcript named [DQ516796] in transcript <-> gene map; returning transcript as it's own gene
[2021-05-23 10:52:30.798] [jointLog] [warning] couldn't find transcript named [DQ855001] in transcript <-> gene map; returning transcript as it's own gene
[2021-05-23 10:52:30.798] [jointLog] [warning] couldn't find transcript named [DQ459413] in transcript <-> gene map; returning transcript as it's own gene
[2021-05-23 10:52:30.798] [jointLog] [warning] couldn't find transcript named [DQ883656] in transcript <-> gene map; returning transcript as it's own gene
[2021-05-23 10:52:30.798] [jointLog] [warning] couldn't find transcript named [DQ883661] in transcript <-> gene map; returning transcript as it's own gene
[2021-05-23 10:52:30.798] [jointLog] [warning] couldn't find transcript named [EF011069] in transcript <-> gene map; returning transcript as it's own gene
[2021-05-23 10:52:30.798] [jointLog] [warning] couldn't find transcript named [DQ516783] in transcript <-> gene map; returning transcript as it's own gene
[2021-05-23 10:52:30.798] [jointLog] [warning] couldn't find transcript named [DQ516787] in transcript <-> gene map; returning transcript as it's own gene
[2021-05-23 10:52:30.798] [jointLog] [warning] couldn't find transcript named [DQ459424] in transcript <-> gene map; returning transcript as it's own gene
[2021-05-23 10:52:30.798] [jointLog] [warning] couldn't find transcript named [DQ516748] in transcript <-> gene map; returning transcript as it's own gene
[2021-05-23 10:52:30.798] [jointLog] [warning] couldn't find transcript named [DQ883671] in transcript <-> gene map; returning transcript as it's own gene
[2021-05-23 10:52:30.798] [jointLog] [warning] couldn't find transcript named [DQ516740] in transcript <-> gene map; returning transcript as it's own gene
[2021-05-23 10:52:30.798] [jointLog] [warning] couldn't find transcript named [DQ516785] in transcript <-> gene map; returning transcript as it's own gene
[2021-05-23 10:52:30.798] [jointLog] [warning] couldn't find transcript named [DQ516731] in transcript <-> gene map; returning transcript as it's own gene
[2021-05-23 10:52:30.798] [jointLog] [warning] couldn't find transcript named [DQ668366] in transcript <-> gene map; returning transcript as it's own gene
[2021-05-23 10:52:30.798] [jointLog] [warning] couldn't find transcript named [DQ459418] in transcript <-> gene map; returning transcript as it's own gene
[2021-05-23 10:52:30.798] [jointLog] [warning] couldn't find transcript named [DQ668356] in transcript <-> gene map; returning transcript as it's own gene
[2021-05-23 10:52:30.798] [jointLog] [warning] couldn't find transcript named [DQ516763] in transcript <-> gene map; returning transcript as it's own gene
[2021-05-23 10:52:30.798] [jointLog] [warning] couldn't find transcript named [DQ459426] in transcript <-> gene map; returning transcript as it's own gene
[2021-05-23 10:52:30.798] [jointLog] [warning] couldn't find transcript named [DQ516786] in transcript <-> gene map; returning transcript as it's own gene
[2021-05-23 10:52:30.798] [jointLog] [warning] couldn't find transcript named [DQ883653] in transcript <-> gene map; returning transcript as it's own gene
[2021-05-23 10:52:30.798] [jointLog] [warning] couldn't find transcript named [DQ459421] in transcript <-> gene map; returning transcript as it's own gene
[2021-05-23 10:52:30.798] [jointLog] [warning] couldn't find transcript named [DQ883654] in transcript <-> gene map; returning transcript as it's own gene
[2021-05-23 10:52:30.798] [jointLog] [warning] couldn't find transcript named [DQ668358] in transcript <-> gene map; returning transcript as it's own gene
[2021-05-23 10:52:30.798] [jointLog] [warning] couldn't find transcript named [DQ516754] in transcript <-> gene map; returning transcript as it's own gene
[2021-05-23 10:52:30.798] [jointLog] [warning] couldn't find transcript named [DQ516778] in transcript <-> gene map; returning transcript as it's own gene
[2021-05-23 10:52:30.798] [jointLog] [warning] couldn't find transcript named [DQ883650] in transcript <-> gene map; returning transcript as it's own gene
[2021-05-23 10:52:30.798] [jointLog] [warning] couldn't find transcript named [DQ516742] in transcript <-> gene map; returning transcript as it's own gene
[2021-05-23 10:52:30.798] [jointLog] [warning] couldn't find transcript named [DQ883673] in transcript <-> gene map; returning transcript as it's own gene
[2021-05-23 10:52:30.798] [jointLog] [warning] couldn't find transcript named [DQ883652] in transcript <-> gene map; returning transcript as it's own gene
[2021-05-23 10:52:30.798] [jointLog] [warning] couldn't find transcript named [DQ854991] in transcript <-> gene map; returning transcript as it's own gene
[2021-05-23 10:52:30.798] [jointLog] [warning] couldn't find transcript named [DQ516780] in transcript <-> gene map; returning transcript as it's own gene
[2021-05-23 10:52:30.798] [jointLog] [warning] couldn't find transcript named [DQ883682] in transcript <-> gene map; returning transcript as it's own gene
[2021-05-23 10:52:30.798] [jointLog] [warning] couldn't find transcript named [DQ883669] in transcript <-> gene map; returning transcript as it's own gene
[2021-05-23 10:52:30.798] [jointLog] [warning] couldn't find transcript named [DQ516791] in transcript <-> gene map; returning transcript as it's own gene
[2021-05-23 10:52:30.798] [jointLog] [warning] couldn't find transcript named [DQ459425] in transcript <-> gene map; returning transcript as it's own gene
[2021-05-23 10:52:30.798] [jointLog] [warning] couldn't find transcript named [DQ516759] in transcript <-> gene map; returning transcript as it's own gene
[2021-05-23 10:52:30.798] [jointLog] [warning] couldn't find transcript named [DQ459429] in transcript <-> gene map; returning transcript as it's own gene
[2021-05-23 10:52:30.798] [jointLog] [warning] couldn't find transcript named [DQ516758] in transcript <-> gene map; returning transcript as it's own gene
[2021-05-23 10:52:30.798] [jointLog] [warning] couldn't find transcript named [DQ459415] in transcript <-> gene map; returning transcript as it's own gene
[2021-05-23 10:52:30.798] [jointLog] [warning] couldn't find transcript named [DQ875387] in transcript <-> gene map; returning transcript as it's own gene
[2021-05-23 10:52:30.798] [jointLog] [warning] couldn't find transcript named [DQ516815] in transcript <-> gene map; returning transcript as it's own gene
[2021-05-23 10:52:30.798] [jointLog] [warning] couldn't find transcript named [DQ668365] in transcript <-> gene map; returning transcript as it's own gene
[2021-05-23 10:52:30.798] [jointLog] [warning] couldn't find transcript named [DQ854998] in transcript <-> gene map; returning transcript as it's own gene
[2021-05-23 10:52:30.798] [jointLog] [warning] couldn't find transcript named [DQ883685] in transcript <-> gene map; returning transcript as it's own gene
[2021-05-23 10:52:30.798] [jointLog] [warning] couldn't find transcript named [DQ459422] in transcript <-> gene map; returning transcript as it's own gene
[2021-05-23 10:52:30.798] [jointLog] [warning] couldn't find transcript named [DQ883663] in transcript <-> gene map; returning transcript as it's own gene
[2021-05-23 10:52:30.798] [jointLog] [warning] couldn't find transcript named [DQ668367] in transcript <-> gene map; returning transcript as it's own gene
[2021-05-23 10:52:30.798] [jointLog] [warning] couldn't find transcript named [DQ459412] in transcript <-> gene map; returning transcript as it's own gene
[2021-05-23 10:52:30.798] [jointLog] [warning] couldn't find transcript named [DQ854992] in transcript <-> gene map; returning transcript as it's own gene
[2021-05-23 10:52:30.798] [jointLog] [warning] couldn't find transcript named [DQ516782] in transcript <-> gene map; returning transcript as it's own gene
[2021-05-23 10:52:30.798] [jointLog] [warning] couldn't find transcript named [DQ459427] in transcript <-> gene map; returning transcript as it's own gene
[2021-05-23 10:52:30.798] [jointLog] [warning] couldn't find transcript named [EF011072] in transcript <-> gene map; returning transcript as it's own gene
[2021-05-23 10:52:30.798] [jointLog] [warning] couldn't find transcript named [DQ855003] in transcript <-> gene map; returning transcript as it's own gene
[2021-05-23 10:52:30.798] [jointLog] [warning] couldn't find transcript named [DQ516739] in transcript <-> gene map; returning transcript as it's own gene
[2021-05-23 10:52:30.798] [jointLog] [warning] couldn't find transcript named [EF011063] in transcript <-> gene map; returning transcript as it's own gene
[2021-05-23 10:52:30.798] [jointLog] [warning] couldn't find transcript named [DQ855000] in transcript <-> gene map; returning transcript as it's own gene
[2021-05-23 10:52:30.798] [jointLog] [warning] couldn't find transcript named [DQ516777] in transcript <-> gene map; returning transcript as it's own gene
[2021-05-23 10:52:30.798] [jointLog] [warning] couldn't find transcript named [DQ883646] in transcript <-> gene map; returning transcript as it's own gene
[2021-05-23 10:52:30.798] [jointLog] [warning] couldn't find transcript named [DQ668362] in transcript <-> gene map; returning transcript as it's own gene
[2021-05-23 10:52:30.798] [jointLog] [warning] couldn't find transcript named [DQ854995] in transcript <-> gene map; returning transcript as it's own gene
[2021-05-23 10:52:30.798] [jointLog] [warning] couldn't find transcript named [DQ875386] in transcript <-> gene map; returning transcript as it's own gene
[2021-05-23 10:52:30.798] [jointLog] [warning] couldn't find transcript named [DQ516790] in transcript <-> gene map; returning transcript as it's own gene
[2021-05-23 10:52:30.798] [jointLog] [warning] couldn't find transcript named [DQ883642] in transcript <-> gene map; returning transcript as it's own gene
[2021-05-23 10:52:30.798] [jointLog] [warning] couldn't find transcript named [DQ883659] in transcript <-> gene map; returning transcript as it's own gene
[2021-05-23 10:52:30.798] [jointLog] [warning] couldn't find transcript named [DQ854997] in transcript <-> gene map; returning transcript as it's own gene
[2021-05-23 10:52:30.798] [jointLog] [warning] couldn't find transcript named [DQ883643] in transcript <-> gene map; returning transcript as it's own gene
[2021-05-23 10:52:30.798] [jointLog] [warning] couldn't find transcript named [DQ839618] in transcript <-> gene map; returning transcript as it's own gene
[2021-05-23 10:52:30.798] [jointLog] [warning] couldn't find transcript named [DQ516795] in transcript <-> gene map; returning transcript as it's own gene
[2021-05-23 10:52:30.798] [jointLog] [warning] couldn't find transcript named [DQ883658] in transcript <-> gene map; returning transcript as it's own gene
[2021-05-23 10:52:30.798] [jointLog] [warning] couldn't find transcript named [DQ516750] in transcript <-> gene map; returning transcript as it's own gene
[2021-05-23 10:52:30.798] [jointLog] [warning] couldn't find transcript named [DQ668359] in transcript <-> gene map; returning transcript as it's own gene
[2021-05-23 10:52:30.798] [jointLog] [warning] couldn't find transcript named [DQ516779] in transcript <-> gene map; returning transcript as it's own gene
[2021-05-23 10:52:30.798] [jointLog] [warning] couldn't find transcript named [DQ668363] in transcript <-> gene map; returning transcript as it's own gene
[2021-05-23 10:52:30.798] [jointLog] [warning] couldn't find transcript named [DQ516776] in transcript <-> gene map; returning transcript as it's own gene
[2021-05-23 10:52:30.798] [jointLog] [warning] couldn't find transcript named [DQ516773] in transcript <-> gene map; returning transcript as it's own gene
[2021-05-23 10:52:30.798] [jointLog] [warning] couldn't find transcript named [DQ854994] in transcript <-> gene map; returning transcript as it's own gene
[2021-05-23 10:52:30.798] [jointLog] [info] Aggregating expressions to gene level
[2021-05-23 10:52:30.983] [jointLog] [info] done
