[2021-04-27 20:53:42.351] [jointLog] [info] setting maxHashResizeThreads to 6
[2021-04-27 20:53:42.351] [jointLog] [info] Fragment incompatibility prior below threshold.  Incompatible fragments will be ignored.
[2021-04-27 20:53:42.352] [jointLog] [info] numQuantThreads = 3
[2021-04-27 20:53:46.512] [fileLog] [info] quantification processed 0 fragments so far

[2021-04-27 20:53:46.278] [jointLog] [info] replaced 4 non-ACGT nucleotides with random nucleotides
[2021-04-27 20:53:49.256] [fileLog] [info] quantification processed 1000000 fragments so far

[2021-04-27 20:53:51.996] [fileLog] [info] quantification processed 2000000 fragments so far

[2021-04-27 20:53:53.412] [jointLog] [info] 

The alignment group queue pool has been exhausted.  2927039 extra fragments were allocated on the heap to saturate the pool.  No new fragments will be allocated


[2021-04-27 20:53:59.819] [fileLog] [info] quantification processed 3000000 fragments so far

[2021-04-27 20:54:12.652] [fileLog] [info] quantification processed 4000000 fragments so far

[2021-04-27 20:54:25.460] [fileLog] [info] quantification processed 5000000 fragments so far

[2021-04-27 20:54:38.210] [fileLog] [info] quantification processed 6000000 fragments so far

[2021-04-27 20:54:50.910] [fileLog] [info] quantification processed 7000000 fragments so far

[2021-04-27 20:54:53.698] [fileLog] [info] quantification processed 8000000 fragments so far

[2021-04-27 20:54:56.436] [fileLog] [info] quantification processed 9000000 fragments so far

[2021-04-27 20:54:59.094] [fileLog] [info] quantification processed 10000000 fragments so far

[2021-04-27 20:55:01.781] [fileLog] [info] quantification processed 11000000 fragments so far

[2021-04-27 20:55:04.485] [fileLog] [info] quantification processed 12000000 fragments so far

[2021-04-27 20:55:07.210] [fileLog] [info] quantification processed 13000000 fragments so far

[2021-04-27 20:55:09.898] [fileLog] [info] quantification processed 14000000 fragments so far

[2021-04-27 20:55:12.652] [fileLog] [info] quantification processed 15000000 fragments so far

[2021-04-27 20:55:15.363] [fileLog] [info] quantification processed 16000000 fragments so far

[2021-04-27 20:55:18.111] [fileLog] [info] quantification processed 17000000 fragments so far

[2021-04-27 20:55:20.804] [fileLog] [info] quantification processed 18000000 fragments so far

[2021-04-27 20:55:23.510] [fileLog] [info] quantification processed 19000000 fragments so far

[2021-04-27 20:55:26.250] [fileLog] [info] quantification processed 20000000 fragments so far

[2021-04-27 20:55:28.940] [fileLog] [info] quantification processed 21000000 fragments so far

[2021-04-27 20:55:31.641] [fileLog] [info] quantification processed 22000000 fragments so far

[2021-04-27 20:55:34.419] [fileLog] [info] quantification processed 23000000 fragments so far

[2021-04-27 20:55:37.126] [fileLog] [info] quantification processed 24000000 fragments so far

[2021-04-27 20:55:39.880] [fileLog] [info] quantification processed 25000000 fragments so far

[2021-04-27 20:55:42.615] [fileLog] [info] quantification processed 26000000 fragments so far

[2021-04-27 20:55:45.366] [fileLog] [info] quantification processed 27000000 fragments so far

[2021-04-27 20:55:48.055] [fileLog] [info] quantification processed 28000000 fragments so far

[2021-04-27 20:55:50.746] [fileLog] [info] quantification processed 29000000 fragments so far

[2021-04-27 20:55:53.445] [fileLog] [info] quantification processed 30000000 fragments so far

[2021-04-27 20:55:56.146] [fileLog] [info] quantification processed 31000000 fragments so far

[2021-04-27 20:55:58.808] [fileLog] [info] quantification processed 32000000 fragments so far

[2021-04-27 20:56:01.495] [fileLog] [info] quantification processed 33000000 fragments so far

[2021-04-27 20:56:04.180] [fileLog] [info] quantification processed 34000000 fragments so far

[2021-04-27 20:56:06.914] [fileLog] [info] quantification processed 35000000 fragments so far

[2021-04-27 20:56:08.665] [fileLog] [info] quantification processed 35644837 fragments so far

[2021-04-27 20:56:13.685] [jointLog] [info] Thread saw mini-batch with a maximum of 4.00% zero probability fragments
[2021-04-27 20:56:13.689] [jointLog] [info] Thread saw mini-batch with a maximum of 5.10% zero probability fragments
[2021-04-27 20:56:13.690] [jointLog] [info] Thread saw mini-batch with a maximum of 5.30% zero probability fragments
[2021-04-27 20:56:13.691] [jointLog] [info] 


Completed first pass through the alignment file.
Total # of mapped reads : 35644837
# of uniquely mapped reads : 15046655
# ambiguously mapped reads : 20598182



[2021-04-27 20:56:13.798] [jointLog] [info] Computed 181612 rich equivalence classes for further processing
[2021-04-27 20:56:13.798] [jointLog] [info] Counted 35476931 total reads in the equivalence classes 
[2021-04-27 20:56:13.800] [jointLog] [info] starting optimizer
[2021-04-27 20:56:13.885] [jointLog] [info] Marked 0 weighted equivalence classes as degenerate
[2021-04-27 20:56:13.901] [jointLog] [info] iteration = 0 | max rel diff. = 7179.11
[2021-04-27 20:56:15.180] [jointLog] [info] iteration = 100 | max rel diff. = 20.5717
[2021-04-27 20:56:16.424] [jointLog] [info] iteration = 200 | max rel diff. = 1.52627
[2021-04-27 20:56:17.665] [jointLog] [info] iteration = 300 | max rel diff. = 4.48685
[2021-04-27 20:56:18.915] [jointLog] [info] iteration = 400 | max rel diff. = 0.996048
[2021-04-27 20:56:20.159] [jointLog] [info] iteration = 500 | max rel diff. = 0.193246
[2021-04-27 20:56:21.402] [jointLog] [info] iteration = 600 | max rel diff. = 0.481283
[2021-04-27 20:56:22.642] [jointLog] [info] iteration = 700 | max rel diff. = 3.03142
[2021-04-27 20:56:23.893] [jointLog] [info] iteration = 800 | max rel diff. = 5.25451
[2021-04-27 20:56:25.133] [jointLog] [info] iteration = 900 | max rel diff. = 0.235328
[2021-04-27 20:56:26.373] [jointLog] [info] iteration = 1000 | max rel diff. = 0.458661
[2021-04-27 20:56:27.615] [jointLog] [info] iteration = 1100 | max rel diff. = 0.0515998
[2021-04-27 20:56:28.865] [jointLog] [info] iteration = 1200 | max rel diff. = 18.7442
[2021-04-27 20:56:30.104] [jointLog] [info] iteration = 1300 | max rel diff. = 0.0316475
[2021-04-27 20:56:31.344] [jointLog] [info] iteration = 1400 | max rel diff. = 0.036345
[2021-04-27 20:56:32.583] [jointLog] [info] iteration = 1500 | max rel diff. = 0.593808
[2021-04-27 20:56:33.830] [jointLog] [info] iteration = 1600 | max rel diff. = 0.064829
[2021-04-27 20:56:35.071] [jointLog] [info] iteration = 1700 | max rel diff. = 0.105161
[2021-04-27 20:56:36.310] [jointLog] [info] iteration = 1800 | max rel diff. = 0.819627
[2021-04-27 20:56:37.552] [jointLog] [info] iteration = 1900 | max rel diff. = 0.23653
[2021-04-27 20:56:38.803] [jointLog] [info] iteration = 2000 | max rel diff. = 0.0208459
[2021-04-27 20:56:40.042] [jointLog] [info] iteration = 2100 | max rel diff. = 0.206582
[2021-04-27 20:56:40.178] [jointLog] [info] iteration = 2112 | max rel diff. = 0.00490749
[2021-04-27 20:56:40.205] [jointLog] [info] finished optimizer
[2021-04-27 20:56:40.205] [jointLog] [info] writing output
[2021-04-27 20:56:41.600] [jointLog] [info] Computing gene-level abundance estimates
[2021-04-27 20:57:06.394] [jointLog] [warning] Feature has no GFF ID
[2021-04-27 20:57:06.394] [jointLog] [warning] Feature has no GFF ID
[2021-04-27 20:57:06.394] [jointLog] [warning] Feature has no GFF ID
[2021-04-27 20:57:06.394] [jointLog] [warning] Feature has no GFF ID
[2021-04-27 20:57:06.394] [jointLog] [warning] Feature has no GFF ID
[2021-04-27 20:57:06.394] [jointLog] [warning] Feature has no GFF ID
[2021-04-27 20:57:06.394] [jointLog] [warning] Feature has no GFF ID
[2021-04-27 20:57:06.394] [jointLog] [warning] Feature has no GFF ID
[2021-04-27 20:57:06.394] [jointLog] [warning] Feature has no GFF ID
[2021-04-27 20:57:06.394] [jointLog] [warning] Feature has no GFF ID
[2021-04-27 20:57:06.394] [jointLog] [warning] Feature has no GFF ID
[2021-04-27 20:57:06.394] [jointLog] [warning] Feature has no GFF ID
[2021-04-27 20:57:06.394] [jointLog] [warning] Feature has no GFF ID
[2021-04-27 20:57:06.394] [jointLog] [warning] Feature has no GFF ID
[2021-04-27 20:57:06.394] [jointLog] [warning] Feature has no GFF ID
[2021-04-27 20:57:06.394] [jointLog] [warning] Feature has no GFF ID
[2021-04-27 20:57:06.394] [jointLog] [warning] Feature has no GFF ID
[2021-04-27 20:57:06.394] [jointLog] [warning] Feature has no GFF ID
[2021-04-27 20:57:06.394] [jointLog] [warning] Feature has no GFF ID
[2021-04-27 20:57:06.394] [jointLog] [warning] Feature has no GFF ID
[2021-04-27 20:57:06.394] [jointLog] [warning] Feature has no GFF ID
[2021-04-27 20:57:06.394] [jointLog] [warning] Feature has no GFF ID
[2021-04-27 20:57:06.394] [jointLog] [warning] Feature has no GFF ID
[2021-04-27 20:57:06.394] [jointLog] [warning] Feature has no GFF ID
[2021-04-27 20:57:06.394] [jointLog] [warning] Feature has no GFF ID
[2021-04-27 20:57:06.394] [jointLog] [warning] Feature has no GFF ID
[2021-04-27 20:57:06.394] [jointLog] [warning] Feature has no GFF ID
[2021-04-27 20:57:06.394] [jointLog] [warning] Feature has no GFF ID
[2021-04-27 20:57:06.394] [jointLog] [warning] Feature has no GFF ID
[2021-04-27 20:57:06.394] [jointLog] [warning] Feature has no GFF ID
[2021-04-27 20:57:06.394] [jointLog] [warning] Feature has no GFF ID
[2021-04-27 20:57:06.394] [jointLog] [warning] Feature has no GFF ID
[2021-04-27 20:57:06.394] [jointLog] [warning] Feature has no GFF ID
[2021-04-27 20:57:06.394] [jointLog] [warning] Feature has no GFF ID
[2021-04-27 20:57:06.394] [jointLog] [warning] Feature has no GFF ID
[2021-04-27 20:57:06.394] [jointLog] [warning] Feature has no GFF ID
[2021-04-27 20:57:06.394] [jointLog] [warning] Feature has no GFF ID
[2021-04-27 20:57:06.394] [jointLog] [warning] Feature has no GFF ID
[2021-04-27 20:57:06.394] [jointLog] [warning] Feature has no GFF ID
[2021-04-27 20:57:06.394] [jointLog] [warning] Feature has no GFF ID
[2021-04-27 20:57:06.394] [jointLog] [warning] Feature has no GFF ID
[2021-04-27 20:57:06.394] [jointLog] [warning] Feature has no GFF ID
[2021-04-27 20:57:06.394] [jointLog] [warning] Feature has no GFF ID
[2021-04-27 20:57:06.394] [jointLog] [warning] Feature has no GFF ID
[2021-04-27 20:57:06.394] [jointLog] [warning] Feature has no GFF ID
[2021-04-27 20:57:06.394] [jointLog] [warning] Feature has no GFF ID
[2021-04-27 20:57:06.394] [jointLog] [warning] Feature has no GFF ID
[2021-04-27 20:57:06.394] [jointLog] [warning] Feature has no GFF ID
[2021-04-27 20:57:06.394] [jointLog] [warning] Feature has no GFF ID
[2021-04-27 20:57:06.394] [jointLog] [warning] Feature has no GFF ID
[2021-04-27 20:57:06.394] [jointLog] [warning] Feature has no GFF ID
[2021-04-27 20:57:06.394] [jointLog] [warning] Feature has no GFF ID
[2021-04-27 20:57:06.394] [jointLog] [warning] Feature has no GFF ID
[2021-04-27 20:57:06.394] [jointLog] [warning] Feature has no GFF ID
[2021-04-27 20:57:06.394] [jointLog] [warning] Feature has no GFF ID
[2021-04-27 20:57:06.394] [jointLog] [warning] Feature has no GFF ID
[2021-04-27 20:57:06.394] [jointLog] [warning] Feature has no GFF ID
[2021-04-27 20:57:06.394] [jointLog] [warning] Feature has no GFF ID
[2021-04-27 20:57:06.394] [jointLog] [warning] Feature has no GFF ID
[2021-04-27 20:57:06.394] [jointLog] [warning] Feature has no GFF ID
[2021-04-27 20:57:06.394] [jointLog] [warning] Feature has no GFF ID
[2021-04-27 20:57:06.394] [jointLog] [warning] Feature has no GFF ID
[2021-04-27 20:57:06.394] [jointLog] [warning] Feature has no GFF ID
[2021-04-27 20:57:06.394] [jointLog] [warning] Feature has no GFF ID
[2021-04-27 20:57:06.394] [jointLog] [warning] Feature has no GFF ID
[2021-04-27 20:57:06.394] [jointLog] [warning] Feature has no GFF ID
[2021-04-27 20:57:06.394] [jointLog] [warning] Feature has no GFF ID
[2021-04-27 20:57:06.394] [jointLog] [warning] Feature has no GFF ID
[2021-04-27 20:57:06.394] [jointLog] [warning] Feature has no GFF ID
[2021-04-27 20:57:06.394] [jointLog] [warning] Feature has no GFF ID
[2021-04-27 20:57:06.394] [jointLog] [warning] Feature has no GFF ID
[2021-04-27 20:57:06.394] [jointLog] [warning] Feature has no GFF ID
[2021-04-27 20:57:06.394] [jointLog] [warning] Feature has no GFF ID
[2021-04-27 20:57:06.394] [jointLog] [warning] Feature has no GFF ID
[2021-04-27 20:57:06.394] [jointLog] [warning] Feature has no GFF ID
[2021-04-27 20:57:06.394] [jointLog] [warning] Feature has no GFF ID
[2021-04-27 20:57:06.394] [jointLog] [warning] Feature has no GFF ID
[2021-04-27 20:57:06.394] [jointLog] [warning] Feature has no GFF ID
[2021-04-27 20:57:06.394] [jointLog] [warning] Feature has no GFF ID
[2021-04-27 20:57:06.394] [jointLog] [warning] Feature has no GFF ID
[2021-04-27 20:57:06.394] [jointLog] [warning] Feature has no GFF ID
[2021-04-27 20:57:06.394] [jointLog] [warning] Feature has no GFF ID
[2021-04-27 20:57:06.394] [jointLog] [warning] Feature has no GFF ID
[2021-04-27 20:57:06.394] [jointLog] [warning] Feature has no GFF ID
[2021-04-27 20:57:06.394] [jointLog] [warning] Feature has no GFF ID
[2021-04-27 20:57:06.394] [jointLog] [warning] Feature has no GFF ID
[2021-04-27 20:57:06.394] [jointLog] [warning] Feature has no GFF ID
[2021-04-27 20:57:06.394] [jointLog] [warning] Feature has no GFF ID
[2021-04-27 20:57:06.394] [jointLog] [warning] Feature has no GFF ID
[2021-04-27 20:57:06.394] [jointLog] [warning] Feature has no GFF ID
[2021-04-27 20:57:06.394] [jointLog] [warning] Feature has no GFF ID
[2021-04-27 20:57:06.394] [jointLog] [warning] Feature has no GFF ID
[2021-04-27 20:57:06.657] [jointLog] [info] There were 142604 transcripts mapping to 55401 genes
[2021-04-27 20:57:06.657] [jointLog] [info] NOTE: We recommend using tximport (https://bioconductor.org/packages/release/bioc/html/tximport.html) for aggregating transcript-level salmon abundance estimates to the gene level.  It is more versatile, exposes more features, and allows considering multi-sample information during aggregation.
[2021-04-27 20:57:06.888] [jointLog] [warning] couldn't find transcript named [DQ459430] in transcript <-> gene map; returning transcript as it's own gene
[2021-04-27 20:57:06.888] [jointLog] [warning] couldn't find transcript named [DQ516784] in transcript <-> gene map; returning transcript as it's own gene
[2021-04-27 20:57:06.888] [jointLog] [warning] couldn't find transcript named [DQ516752] in transcript <-> gene map; returning transcript as it's own gene
[2021-04-27 20:57:06.888] [jointLog] [warning] couldn't find transcript named [DQ668364] in transcript <-> gene map; returning transcript as it's own gene
[2021-04-27 20:57:06.888] [jointLog] [warning] couldn't find transcript named [DQ883670] in transcript <-> gene map; returning transcript as it's own gene
[2021-04-27 20:57:06.888] [jointLog] [warning] couldn't find transcript named [EF011062] in transcript <-> gene map; returning transcript as it's own gene
[2021-04-27 20:57:06.888] [jointLog] [warning] couldn't find transcript named [DQ875385] in transcript <-> gene map; returning transcript as it's own gene
[2021-04-27 20:57:06.888] [jointLog] [warning] couldn't find transcript named [DQ883664] in transcript <-> gene map; returning transcript as it's own gene
[2021-04-27 20:57:06.888] [jointLog] [warning] couldn't find transcript named [DQ459420] in transcript <-> gene map; returning transcript as it's own gene
[2021-04-27 20:57:06.888] [jointLog] [warning] couldn't find transcript named [DQ883651] in transcript <-> gene map; returning transcript as it's own gene
[2021-04-27 20:57:06.888] [jointLog] [warning] couldn't find transcript named [DQ855004] in transcript <-> gene map; returning transcript as it's own gene
[2021-04-27 20:57:06.888] [jointLog] [warning] couldn't find transcript named [DQ854993] in transcript <-> gene map; returning transcript as it's own gene
[2021-04-27 20:57:06.888] [jointLog] [warning] couldn't find transcript named [DQ883689] in transcript <-> gene map; returning transcript as it's own gene
[2021-04-27 20:57:06.888] [jointLog] [warning] couldn't find transcript named [DQ459419] in transcript <-> gene map; returning transcript as it's own gene
[2021-04-27 20:57:06.888] [jointLog] [warning] couldn't find transcript named [DQ459431] in transcript <-> gene map; returning transcript as it's own gene
[2021-04-27 20:57:06.888] [jointLog] [warning] couldn't find transcript named [DQ516796] in transcript <-> gene map; returning transcript as it's own gene
[2021-04-27 20:57:06.888] [jointLog] [warning] couldn't find transcript named [DQ855001] in transcript <-> gene map; returning transcript as it's own gene
[2021-04-27 20:57:06.888] [jointLog] [warning] couldn't find transcript named [DQ459413] in transcript <-> gene map; returning transcript as it's own gene
[2021-04-27 20:57:06.888] [jointLog] [warning] couldn't find transcript named [DQ883656] in transcript <-> gene map; returning transcript as it's own gene
[2021-04-27 20:57:06.888] [jointLog] [warning] couldn't find transcript named [DQ883661] in transcript <-> gene map; returning transcript as it's own gene
[2021-04-27 20:57:06.888] [jointLog] [warning] couldn't find transcript named [EF011069] in transcript <-> gene map; returning transcript as it's own gene
[2021-04-27 20:57:06.888] [jointLog] [warning] couldn't find transcript named [DQ516783] in transcript <-> gene map; returning transcript as it's own gene
[2021-04-27 20:57:06.888] [jointLog] [warning] couldn't find transcript named [DQ516787] in transcript <-> gene map; returning transcript as it's own gene
[2021-04-27 20:57:06.888] [jointLog] [warning] couldn't find transcript named [DQ459424] in transcript <-> gene map; returning transcript as it's own gene
[2021-04-27 20:57:06.888] [jointLog] [warning] couldn't find transcript named [DQ516748] in transcript <-> gene map; returning transcript as it's own gene
[2021-04-27 20:57:06.888] [jointLog] [warning] couldn't find transcript named [DQ883671] in transcript <-> gene map; returning transcript as it's own gene
[2021-04-27 20:57:06.888] [jointLog] [warning] couldn't find transcript named [DQ516740] in transcript <-> gene map; returning transcript as it's own gene
[2021-04-27 20:57:06.888] [jointLog] [warning] couldn't find transcript named [DQ516785] in transcript <-> gene map; returning transcript as it's own gene
[2021-04-27 20:57:06.888] [jointLog] [warning] couldn't find transcript named [DQ516731] in transcript <-> gene map; returning transcript as it's own gene
[2021-04-27 20:57:06.888] [jointLog] [warning] couldn't find transcript named [DQ668366] in transcript <-> gene map; returning transcript as it's own gene
[2021-04-27 20:57:06.888] [jointLog] [warning] couldn't find transcript named [DQ459418] in transcript <-> gene map; returning transcript as it's own gene
[2021-04-27 20:57:06.888] [jointLog] [warning] couldn't find transcript named [DQ668356] in transcript <-> gene map; returning transcript as it's own gene
[2021-04-27 20:57:06.888] [jointLog] [warning] couldn't find transcript named [DQ516763] in transcript <-> gene map; returning transcript as it's own gene
[2021-04-27 20:57:06.888] [jointLog] [warning] couldn't find transcript named [DQ459426] in transcript <-> gene map; returning transcript as it's own gene
[2021-04-27 20:57:06.888] [jointLog] [warning] couldn't find transcript named [DQ516786] in transcript <-> gene map; returning transcript as it's own gene
[2021-04-27 20:57:06.888] [jointLog] [warning] couldn't find transcript named [DQ883653] in transcript <-> gene map; returning transcript as it's own gene
[2021-04-27 20:57:06.888] [jointLog] [warning] couldn't find transcript named [DQ459421] in transcript <-> gene map; returning transcript as it's own gene
[2021-04-27 20:57:06.888] [jointLog] [warning] couldn't find transcript named [DQ883654] in transcript <-> gene map; returning transcript as it's own gene
[2021-04-27 20:57:06.888] [jointLog] [warning] couldn't find transcript named [DQ668358] in transcript <-> gene map; returning transcript as it's own gene
[2021-04-27 20:57:06.888] [jointLog] [warning] couldn't find transcript named [DQ516754] in transcript <-> gene map; returning transcript as it's own gene
[2021-04-27 20:57:06.888] [jointLog] [warning] couldn't find transcript named [DQ516778] in transcript <-> gene map; returning transcript as it's own gene
[2021-04-27 20:57:06.888] [jointLog] [warning] couldn't find transcript named [DQ883650] in transcript <-> gene map; returning transcript as it's own gene
[2021-04-27 20:57:06.888] [jointLog] [warning] couldn't find transcript named [DQ516742] in transcript <-> gene map; returning transcript as it's own gene
[2021-04-27 20:57:06.888] [jointLog] [warning] couldn't find transcript named [DQ883673] in transcript <-> gene map; returning transcript as it's own gene
[2021-04-27 20:57:06.888] [jointLog] [warning] couldn't find transcript named [DQ883652] in transcript <-> gene map; returning transcript as it's own gene
[2021-04-27 20:57:06.888] [jointLog] [warning] couldn't find transcript named [DQ854991] in transcript <-> gene map; returning transcript as it's own gene
[2021-04-27 20:57:06.888] [jointLog] [warning] couldn't find transcript named [DQ516780] in transcript <-> gene map; returning transcript as it's own gene
[2021-04-27 20:57:06.888] [jointLog] [warning] couldn't find transcript named [DQ883682] in transcript <-> gene map; returning transcript as it's own gene
[2021-04-27 20:57:06.888] [jointLog] [warning] couldn't find transcript named [DQ883669] in transcript <-> gene map; returning transcript as it's own gene
[2021-04-27 20:57:06.888] [jointLog] [warning] couldn't find transcript named [DQ516791] in transcript <-> gene map; returning transcript as it's own gene
[2021-04-27 20:57:06.888] [jointLog] [warning] couldn't find transcript named [DQ459425] in transcript <-> gene map; returning transcript as it's own gene
[2021-04-27 20:57:06.888] [jointLog] [warning] couldn't find transcript named [DQ516759] in transcript <-> gene map; returning transcript as it's own gene
[2021-04-27 20:57:06.888] [jointLog] [warning] couldn't find transcript named [DQ459429] in transcript <-> gene map; returning transcript as it's own gene
[2021-04-27 20:57:06.888] [jointLog] [warning] couldn't find transcript named [DQ516758] in transcript <-> gene map; returning transcript as it's own gene
[2021-04-27 20:57:06.888] [jointLog] [warning] couldn't find transcript named [DQ459415] in transcript <-> gene map; returning transcript as it's own gene
[2021-04-27 20:57:06.888] [jointLog] [warning] couldn't find transcript named [DQ875387] in transcript <-> gene map; returning transcript as it's own gene
[2021-04-27 20:57:06.888] [jointLog] [warning] couldn't find transcript named [DQ516815] in transcript <-> gene map; returning transcript as it's own gene
[2021-04-27 20:57:06.888] [jointLog] [warning] couldn't find transcript named [DQ668365] in transcript <-> gene map; returning transcript as it's own gene
[2021-04-27 20:57:06.888] [jointLog] [warning] couldn't find transcript named [DQ854998] in transcript <-> gene map; returning transcript as it's own gene
[2021-04-27 20:57:06.888] [jointLog] [warning] couldn't find transcript named [DQ883685] in transcript <-> gene map; returning transcript as it's own gene
[2021-04-27 20:57:06.888] [jointLog] [warning] couldn't find transcript named [DQ459422] in transcript <-> gene map; returning transcript as it's own gene
[2021-04-27 20:57:06.888] [jointLog] [warning] couldn't find transcript named [DQ883663] in transcript <-> gene map; returning transcript as it's own gene
[2021-04-27 20:57:06.888] [jointLog] [warning] couldn't find transcript named [DQ668367] in transcript <-> gene map; returning transcript as it's own gene
[2021-04-27 20:57:06.888] [jointLog] [warning] couldn't find transcript named [DQ459412] in transcript <-> gene map; returning transcript as it's own gene
[2021-04-27 20:57:06.888] [jointLog] [warning] couldn't find transcript named [DQ854992] in transcript <-> gene map; returning transcript as it's own gene
[2021-04-27 20:57:06.888] [jointLog] [warning] couldn't find transcript named [DQ516782] in transcript <-> gene map; returning transcript as it's own gene
[2021-04-27 20:57:06.888] [jointLog] [warning] couldn't find transcript named [DQ459427] in transcript <-> gene map; returning transcript as it's own gene
[2021-04-27 20:57:06.888] [jointLog] [warning] couldn't find transcript named [EF011072] in transcript <-> gene map; returning transcript as it's own gene
[2021-04-27 20:57:06.888] [jointLog] [warning] couldn't find transcript named [DQ855003] in transcript <-> gene map; returning transcript as it's own gene
[2021-04-27 20:57:06.888] [jointLog] [warning] couldn't find transcript named [DQ516739] in transcript <-> gene map; returning transcript as it's own gene
[2021-04-27 20:57:06.888] [jointLog] [warning] couldn't find transcript named [EF011063] in transcript <-> gene map; returning transcript as it's own gene
[2021-04-27 20:57:06.888] [jointLog] [warning] couldn't find transcript named [DQ855000] in transcript <-> gene map; returning transcript as it's own gene
[2021-04-27 20:57:06.888] [jointLog] [warning] couldn't find transcript named [DQ516777] in transcript <-> gene map; returning transcript as it's own gene
[2021-04-27 20:57:06.888] [jointLog] [warning] couldn't find transcript named [DQ883646] in transcript <-> gene map; returning transcript as it's own gene
[2021-04-27 20:57:06.888] [jointLog] [warning] couldn't find transcript named [DQ668362] in transcript <-> gene map; returning transcript as it's own gene
[2021-04-27 20:57:06.888] [jointLog] [warning] couldn't find transcript named [DQ854995] in transcript <-> gene map; returning transcript as it's own gene
[2021-04-27 20:57:06.888] [jointLog] [warning] couldn't find transcript named [DQ875386] in transcript <-> gene map; returning transcript as it's own gene
[2021-04-27 20:57:06.888] [jointLog] [warning] couldn't find transcript named [DQ516790] in transcript <-> gene map; returning transcript as it's own gene
[2021-04-27 20:57:06.888] [jointLog] [warning] couldn't find transcript named [DQ883642] in transcript <-> gene map; returning transcript as it's own gene
[2021-04-27 20:57:06.888] [jointLog] [warning] couldn't find transcript named [DQ883659] in transcript <-> gene map; returning transcript as it's own gene
[2021-04-27 20:57:06.888] [jointLog] [warning] couldn't find transcript named [DQ854997] in transcript <-> gene map; returning transcript as it's own gene
[2021-04-27 20:57:06.888] [jointLog] [warning] couldn't find transcript named [DQ883643] in transcript <-> gene map; returning transcript as it's own gene
[2021-04-27 20:57:06.888] [jointLog] [warning] couldn't find transcript named [DQ839618] in transcript <-> gene map; returning transcript as it's own gene
[2021-04-27 20:57:06.888] [jointLog] [warning] couldn't find transcript named [DQ516795] in transcript <-> gene map; returning transcript as it's own gene
[2021-04-27 20:57:06.888] [jointLog] [warning] couldn't find transcript named [DQ883658] in transcript <-> gene map; returning transcript as it's own gene
[2021-04-27 20:57:06.888] [jointLog] [warning] couldn't find transcript named [DQ516750] in transcript <-> gene map; returning transcript as it's own gene
[2021-04-27 20:57:06.888] [jointLog] [warning] couldn't find transcript named [DQ668359] in transcript <-> gene map; returning transcript as it's own gene
[2021-04-27 20:57:06.888] [jointLog] [warning] couldn't find transcript named [DQ516779] in transcript <-> gene map; returning transcript as it's own gene
[2021-04-27 20:57:06.888] [jointLog] [warning] couldn't find transcript named [DQ668363] in transcript <-> gene map; returning transcript as it's own gene
[2021-04-27 20:57:06.888] [jointLog] [warning] couldn't find transcript named [DQ516776] in transcript <-> gene map; returning transcript as it's own gene
[2021-04-27 20:57:06.888] [jointLog] [warning] couldn't find transcript named [DQ516773] in transcript <-> gene map; returning transcript as it's own gene
[2021-04-27 20:57:06.888] [jointLog] [warning] couldn't find transcript named [DQ854994] in transcript <-> gene map; returning transcript as it's own gene
[2021-04-27 20:57:06.889] [jointLog] [info] Aggregating expressions to gene level
[2021-04-27 20:57:07.025] [jointLog] [info] done
