[2021-04-27 20:41:00.757] [jointLog] [info] setting maxHashResizeThreads to 6
[2021-04-27 20:41:00.757] [jointLog] [info] Fragment incompatibility prior below threshold.  Incompatible fragments will be ignored.
[2021-04-27 20:41:00.758] [jointLog] [info] numQuantThreads = 3
[2021-04-27 20:41:03.890] [jointLog] [info] replaced 4 non-ACGT nucleotides with random nucleotides
[2021-04-27 20:41:04.149] [fileLog] [info] quantification processed 0 fragments so far

[2021-04-27 20:41:08.404] [fileLog] [info] quantification processed 1000000 fragments so far

[2021-04-27 20:41:12.381] [fileLog] [info] quantification processed 2000000 fragments so far

[2021-04-27 20:41:14.084] [jointLog] [info] 

The alignment group queue pool has been exhausted.  3082118 extra fragments were allocated on the heap to saturate the pool.  No new fragments will be allocated


[2021-04-27 20:41:25.528] [fileLog] [info] quantification processed 3000000 fragments so far

[2021-04-27 20:41:46.323] [fileLog] [info] quantification processed 4000000 fragments so far

[2021-04-27 20:42:07.244] [fileLog] [info] quantification processed 5000000 fragments so far

[2021-04-27 20:42:27.902] [fileLog] [info] quantification processed 6000000 fragments so far

[2021-04-27 20:42:48.481] [fileLog] [info] quantification processed 7000000 fragments so far

[2021-04-27 20:42:52.678] [fileLog] [info] quantification processed 8000000 fragments so far

[2021-04-27 20:42:56.567] [fileLog] [info] quantification processed 9000000 fragments so far

[2021-04-27 20:43:00.557] [fileLog] [info] quantification processed 10000000 fragments so far

[2021-04-27 20:43:04.914] [fileLog] [info] quantification processed 11000000 fragments so far

[2021-04-27 20:43:08.674] [fileLog] [info] quantification processed 12000000 fragments so far

[2021-04-27 20:43:12.490] [fileLog] [info] quantification processed 13000000 fragments so far

[2021-04-27 20:43:16.536] [fileLog] [info] quantification processed 14000000 fragments so far

[2021-04-27 20:43:21.063] [fileLog] [info] quantification processed 15000000 fragments so far

[2021-04-27 20:43:26.232] [fileLog] [info] quantification processed 16000000 fragments so far

[2021-04-27 20:43:33.883] [fileLog] [info] quantification processed 17000000 fragments so far

[2021-04-27 20:43:37.311] [fileLog] [info] quantification processed 18000000 fragments so far

[2021-04-27 20:43:43.985] [fileLog] [info] quantification processed 19000000 fragments so far

[2021-04-27 20:43:48.640] [fileLog] [info] quantification processed 20000000 fragments so far

[2021-04-27 20:43:53.037] [fileLog] [info] quantification processed 21000000 fragments so far

[2021-04-27 20:43:57.581] [fileLog] [info] quantification processed 22000000 fragments so far

[2021-04-27 20:44:02.276] [fileLog] [info] quantification processed 23000000 fragments so far

[2021-04-27 20:44:06.792] [fileLog] [info] quantification processed 24000000 fragments so far

[2021-04-27 20:44:11.244] [fileLog] [info] quantification processed 25000000 fragments so far

[2021-04-27 20:44:15.562] [fileLog] [info] quantification processed 26000000 fragments so far

[2021-04-27 20:44:20.274] [fileLog] [info] quantification processed 27000000 fragments so far

[2021-04-27 20:44:24.524] [fileLog] [info] quantification processed 28000000 fragments so far

[2021-04-27 20:44:28.217] [fileLog] [info] quantification processed 29000000 fragments so far

[2021-04-27 20:44:32.268] [fileLog] [info] quantification processed 30000000 fragments so far

[2021-04-27 20:44:36.800] [fileLog] [info] quantification processed 31000000 fragments so far

[2021-04-27 20:44:41.329] [fileLog] [info] quantification processed 32000000 fragments so far

[2021-04-27 20:44:45.414] [fileLog] [info] quantification processed 33000000 fragments so far

[2021-04-27 20:44:50.068] [fileLog] [info] quantification processed 34000000 fragments so far

[2021-04-27 20:44:55.002] [fileLog] [info] quantification processed 35000000 fragments so far

[2021-04-27 20:44:58.331] [fileLog] [info] quantification processed 36000000 fragments so far

[2021-04-27 20:45:00.489] [fileLog] [info] quantification processed 36415495 fragments so far

[2021-04-27 20:45:07.832] [jointLog] [info] Thread saw mini-batch with a maximum of 2.50% zero probability fragments
[2021-04-27 20:45:07.838] [jointLog] [info] Thread saw mini-batch with a maximum of 1.80% zero probability fragments
[2021-04-27 20:45:07.839] [jointLog] [info] Thread saw mini-batch with a maximum of 3.30% zero probability fragments
[2021-04-27 20:45:07.841] [jointLog] [info] 


Completed first pass through the alignment file.
Total # of mapped reads : 36415495
# of uniquely mapped reads : 14074828
# ambiguously mapped reads : 22340667



[2021-04-27 20:45:08.066] [jointLog] [info] Computed 215311 rich equivalence classes for further processing
[2021-04-27 20:45:08.066] [jointLog] [info] Counted 36310012 total reads in the equivalence classes 
[2021-04-27 20:45:08.069] [jointLog] [info] starting optimizer
[2021-04-27 20:45:08.209] [jointLog] [info] Marked 0 weighted equivalence classes as degenerate
[2021-04-27 20:45:08.235] [jointLog] [info] iteration = 0 | max rel diff. = 6808.22
[2021-04-27 20:45:10.102] [jointLog] [info] iteration = 100 | max rel diff. = 13.2848
[2021-04-27 20:45:11.887] [jointLog] [info] iteration = 200 | max rel diff. = 8.97347
[2021-04-27 20:45:13.649] [jointLog] [info] iteration = 300 | max rel diff. = 0.664604
[2021-04-27 20:45:15.287] [jointLog] [info] iteration = 400 | max rel diff. = 2.38058
[2021-04-27 20:45:16.917] [jointLog] [info] iteration = 500 | max rel diff. = 2.34356
[2021-04-27 20:45:18.548] [jointLog] [info] iteration = 600 | max rel diff. = 1.35146
[2021-04-27 20:45:20.261] [jointLog] [info] iteration = 700 | max rel diff. = 9.92232
[2021-04-27 20:45:21.981] [jointLog] [info] iteration = 800 | max rel diff. = 0.104597
[2021-04-27 20:45:23.591] [jointLog] [info] iteration = 900 | max rel diff. = 3.24805
[2021-04-27 20:45:25.217] [jointLog] [info] iteration = 1000 | max rel diff. = 0.154875
[2021-04-27 20:45:26.843] [jointLog] [info] iteration = 1100 | max rel diff. = 0.0715423
[2021-04-27 20:45:28.610] [jointLog] [info] iteration = 1200 | max rel diff. = 0.0103472
[2021-04-27 20:45:30.274] [jointLog] [info] iteration = 1300 | max rel diff. = 0.185767
[2021-04-27 20:45:31.923] [jointLog] [info] iteration = 1400 | max rel diff. = 0.441043
[2021-04-27 20:45:32.411] [jointLog] [info] iteration = 1430 | max rel diff. = 0.00525205
[2021-04-27 20:45:32.447] [jointLog] [info] finished optimizer
[2021-04-27 20:45:32.447] [jointLog] [info] writing output
[2021-04-27 20:45:34.903] [jointLog] [info] Computing gene-level abundance estimates
[2021-04-27 20:46:04.222] [jointLog] [warning] Feature has no GFF ID
[2021-04-27 20:46:04.222] [jointLog] [warning] Feature has no GFF ID
[2021-04-27 20:46:04.222] [jointLog] [warning] Feature has no GFF ID
[2021-04-27 20:46:04.222] [jointLog] [warning] Feature has no GFF ID
[2021-04-27 20:46:04.222] [jointLog] [warning] Feature has no GFF ID
[2021-04-27 20:46:04.222] [jointLog] [warning] Feature has no GFF ID
[2021-04-27 20:46:04.222] [jointLog] [warning] Feature has no GFF ID
[2021-04-27 20:46:04.222] [jointLog] [warning] Feature has no GFF ID
[2021-04-27 20:46:04.222] [jointLog] [warning] Feature has no GFF ID
[2021-04-27 20:46:04.222] [jointLog] [warning] Feature has no GFF ID
[2021-04-27 20:46:04.222] [jointLog] [warning] Feature has no GFF ID
[2021-04-27 20:46:04.222] [jointLog] [warning] Feature has no GFF ID
[2021-04-27 20:46:04.222] [jointLog] [warning] Feature has no GFF ID
[2021-04-27 20:46:04.222] [jointLog] [warning] Feature has no GFF ID
[2021-04-27 20:46:04.222] [jointLog] [warning] Feature has no GFF ID
[2021-04-27 20:46:04.222] [jointLog] [warning] Feature has no GFF ID
[2021-04-27 20:46:04.222] [jointLog] [warning] Feature has no GFF ID
[2021-04-27 20:46:04.222] [jointLog] [warning] Feature has no GFF ID
[2021-04-27 20:46:04.222] [jointLog] [warning] Feature has no GFF ID
[2021-04-27 20:46:04.222] [jointLog] [warning] Feature has no GFF ID
[2021-04-27 20:46:04.222] [jointLog] [warning] Feature has no GFF ID
[2021-04-27 20:46:04.222] [jointLog] [warning] Feature has no GFF ID
[2021-04-27 20:46:04.222] [jointLog] [warning] Feature has no GFF ID
[2021-04-27 20:46:04.222] [jointLog] [warning] Feature has no GFF ID
[2021-04-27 20:46:04.222] [jointLog] [warning] Feature has no GFF ID
[2021-04-27 20:46:04.222] [jointLog] [warning] Feature has no GFF ID
[2021-04-27 20:46:04.222] [jointLog] [warning] Feature has no GFF ID
[2021-04-27 20:46:04.222] [jointLog] [warning] Feature has no GFF ID
[2021-04-27 20:46:04.222] [jointLog] [warning] Feature has no GFF ID
[2021-04-27 20:46:04.222] [jointLog] [warning] Feature has no GFF ID
[2021-04-27 20:46:04.222] [jointLog] [warning] Feature has no GFF ID
[2021-04-27 20:46:04.222] [jointLog] [warning] Feature has no GFF ID
[2021-04-27 20:46:04.222] [jointLog] [warning] Feature has no GFF ID
[2021-04-27 20:46:04.222] [jointLog] [warning] Feature has no GFF ID
[2021-04-27 20:46:04.222] [jointLog] [warning] Feature has no GFF ID
[2021-04-27 20:46:04.222] [jointLog] [warning] Feature has no GFF ID
[2021-04-27 20:46:04.222] [jointLog] [warning] Feature has no GFF ID
[2021-04-27 20:46:04.222] [jointLog] [warning] Feature has no GFF ID
[2021-04-27 20:46:04.222] [jointLog] [warning] Feature has no GFF ID
[2021-04-27 20:46:04.222] [jointLog] [warning] Feature has no GFF ID
[2021-04-27 20:46:04.222] [jointLog] [warning] Feature has no GFF ID
[2021-04-27 20:46:04.222] [jointLog] [warning] Feature has no GFF ID
[2021-04-27 20:46:04.222] [jointLog] [warning] Feature has no GFF ID
[2021-04-27 20:46:04.222] [jointLog] [warning] Feature has no GFF ID
[2021-04-27 20:46:04.222] [jointLog] [warning] Feature has no GFF ID
[2021-04-27 20:46:04.222] [jointLog] [warning] Feature has no GFF ID
[2021-04-27 20:46:04.222] [jointLog] [warning] Feature has no GFF ID
[2021-04-27 20:46:04.222] [jointLog] [warning] Feature has no GFF ID
[2021-04-27 20:46:04.222] [jointLog] [warning] Feature has no GFF ID
[2021-04-27 20:46:04.222] [jointLog] [warning] Feature has no GFF ID
[2021-04-27 20:46:04.222] [jointLog] [warning] Feature has no GFF ID
[2021-04-27 20:46:04.222] [jointLog] [warning] Feature has no GFF ID
[2021-04-27 20:46:04.222] [jointLog] [warning] Feature has no GFF ID
[2021-04-27 20:46:04.222] [jointLog] [warning] Feature has no GFF ID
[2021-04-27 20:46:04.222] [jointLog] [warning] Feature has no GFF ID
[2021-04-27 20:46:04.222] [jointLog] [warning] Feature has no GFF ID
[2021-04-27 20:46:04.222] [jointLog] [warning] Feature has no GFF ID
[2021-04-27 20:46:04.222] [jointLog] [warning] Feature has no GFF ID
[2021-04-27 20:46:04.222] [jointLog] [warning] Feature has no GFF ID
[2021-04-27 20:46:04.222] [jointLog] [warning] Feature has no GFF ID
[2021-04-27 20:46:04.222] [jointLog] [warning] Feature has no GFF ID
[2021-04-27 20:46:04.222] [jointLog] [warning] Feature has no GFF ID
[2021-04-27 20:46:04.222] [jointLog] [warning] Feature has no GFF ID
[2021-04-27 20:46:04.222] [jointLog] [warning] Feature has no GFF ID
[2021-04-27 20:46:04.222] [jointLog] [warning] Feature has no GFF ID
[2021-04-27 20:46:04.222] [jointLog] [warning] Feature has no GFF ID
[2021-04-27 20:46:04.222] [jointLog] [warning] Feature has no GFF ID
[2021-04-27 20:46:04.222] [jointLog] [warning] Feature has no GFF ID
[2021-04-27 20:46:04.222] [jointLog] [warning] Feature has no GFF ID
[2021-04-27 20:46:04.222] [jointLog] [warning] Feature has no GFF ID
[2021-04-27 20:46:04.222] [jointLog] [warning] Feature has no GFF ID
[2021-04-27 20:46:04.222] [jointLog] [warning] Feature has no GFF ID
[2021-04-27 20:46:04.222] [jointLog] [warning] Feature has no GFF ID
[2021-04-27 20:46:04.222] [jointLog] [warning] Feature has no GFF ID
[2021-04-27 20:46:04.222] [jointLog] [warning] Feature has no GFF ID
[2021-04-27 20:46:04.222] [jointLog] [warning] Feature has no GFF ID
[2021-04-27 20:46:04.222] [jointLog] [warning] Feature has no GFF ID
[2021-04-27 20:46:04.222] [jointLog] [warning] Feature has no GFF ID
[2021-04-27 20:46:04.222] [jointLog] [warning] Feature has no GFF ID
[2021-04-27 20:46:04.222] [jointLog] [warning] Feature has no GFF ID
[2021-04-27 20:46:04.222] [jointLog] [warning] Feature has no GFF ID
[2021-04-27 20:46:04.222] [jointLog] [warning] Feature has no GFF ID
[2021-04-27 20:46:04.222] [jointLog] [warning] Feature has no GFF ID
[2021-04-27 20:46:04.222] [jointLog] [warning] Feature has no GFF ID
[2021-04-27 20:46:04.222] [jointLog] [warning] Feature has no GFF ID
[2021-04-27 20:46:04.222] [jointLog] [warning] Feature has no GFF ID
[2021-04-27 20:46:04.222] [jointLog] [warning] Feature has no GFF ID
[2021-04-27 20:46:04.222] [jointLog] [warning] Feature has no GFF ID
[2021-04-27 20:46:04.222] [jointLog] [warning] Feature has no GFF ID
[2021-04-27 20:46:04.222] [jointLog] [warning] Feature has no GFF ID
[2021-04-27 20:46:04.222] [jointLog] [warning] Feature has no GFF ID
[2021-04-27 20:46:04.222] [jointLog] [warning] Feature has no GFF ID
[2021-04-27 20:46:04.546] [jointLog] [info] There were 142604 transcripts mapping to 55401 genes
[2021-04-27 20:46:04.546] [jointLog] [info] NOTE: We recommend using tximport (https://bioconductor.org/packages/release/bioc/html/tximport.html) for aggregating transcript-level salmon abundance estimates to the gene level.  It is more versatile, exposes more features, and allows considering multi-sample information during aggregation.
[2021-04-27 20:46:04.828] [jointLog] [warning] couldn't find transcript named [DQ459430] in transcript <-> gene map; returning transcript as it's own gene
[2021-04-27 20:46:04.828] [jointLog] [warning] couldn't find transcript named [DQ516784] in transcript <-> gene map; returning transcript as it's own gene
[2021-04-27 20:46:04.828] [jointLog] [warning] couldn't find transcript named [DQ516752] in transcript <-> gene map; returning transcript as it's own gene
[2021-04-27 20:46:04.828] [jointLog] [warning] couldn't find transcript named [DQ668364] in transcript <-> gene map; returning transcript as it's own gene
[2021-04-27 20:46:04.828] [jointLog] [warning] couldn't find transcript named [DQ883670] in transcript <-> gene map; returning transcript as it's own gene
[2021-04-27 20:46:04.828] [jointLog] [warning] couldn't find transcript named [EF011062] in transcript <-> gene map; returning transcript as it's own gene
[2021-04-27 20:46:04.828] [jointLog] [warning] couldn't find transcript named [DQ875385] in transcript <-> gene map; returning transcript as it's own gene
[2021-04-27 20:46:04.828] [jointLog] [warning] couldn't find transcript named [DQ883664] in transcript <-> gene map; returning transcript as it's own gene
[2021-04-27 20:46:04.828] [jointLog] [warning] couldn't find transcript named [DQ459420] in transcript <-> gene map; returning transcript as it's own gene
[2021-04-27 20:46:04.828] [jointLog] [warning] couldn't find transcript named [DQ883651] in transcript <-> gene map; returning transcript as it's own gene
[2021-04-27 20:46:04.828] [jointLog] [warning] couldn't find transcript named [DQ855004] in transcript <-> gene map; returning transcript as it's own gene
[2021-04-27 20:46:04.828] [jointLog] [warning] couldn't find transcript named [DQ854993] in transcript <-> gene map; returning transcript as it's own gene
[2021-04-27 20:46:04.828] [jointLog] [warning] couldn't find transcript named [DQ883689] in transcript <-> gene map; returning transcript as it's own gene
[2021-04-27 20:46:04.828] [jointLog] [warning] couldn't find transcript named [DQ459419] in transcript <-> gene map; returning transcript as it's own gene
[2021-04-27 20:46:04.828] [jointLog] [warning] couldn't find transcript named [DQ459431] in transcript <-> gene map; returning transcript as it's own gene
[2021-04-27 20:46:04.828] [jointLog] [warning] couldn't find transcript named [DQ516796] in transcript <-> gene map; returning transcript as it's own gene
[2021-04-27 20:46:04.828] [jointLog] [warning] couldn't find transcript named [DQ855001] in transcript <-> gene map; returning transcript as it's own gene
[2021-04-27 20:46:04.828] [jointLog] [warning] couldn't find transcript named [DQ459413] in transcript <-> gene map; returning transcript as it's own gene
[2021-04-27 20:46:04.828] [jointLog] [warning] couldn't find transcript named [DQ883656] in transcript <-> gene map; returning transcript as it's own gene
[2021-04-27 20:46:04.828] [jointLog] [warning] couldn't find transcript named [DQ883661] in transcript <-> gene map; returning transcript as it's own gene
[2021-04-27 20:46:04.828] [jointLog] [warning] couldn't find transcript named [EF011069] in transcript <-> gene map; returning transcript as it's own gene
[2021-04-27 20:46:04.828] [jointLog] [warning] couldn't find transcript named [DQ516783] in transcript <-> gene map; returning transcript as it's own gene
[2021-04-27 20:46:04.828] [jointLog] [warning] couldn't find transcript named [DQ516787] in transcript <-> gene map; returning transcript as it's own gene
[2021-04-27 20:46:04.828] [jointLog] [warning] couldn't find transcript named [DQ459424] in transcript <-> gene map; returning transcript as it's own gene
[2021-04-27 20:46:04.828] [jointLog] [warning] couldn't find transcript named [DQ516748] in transcript <-> gene map; returning transcript as it's own gene
[2021-04-27 20:46:04.828] [jointLog] [warning] couldn't find transcript named [DQ883671] in transcript <-> gene map; returning transcript as it's own gene
[2021-04-27 20:46:04.828] [jointLog] [warning] couldn't find transcript named [DQ516740] in transcript <-> gene map; returning transcript as it's own gene
[2021-04-27 20:46:04.828] [jointLog] [warning] couldn't find transcript named [DQ516785] in transcript <-> gene map; returning transcript as it's own gene
[2021-04-27 20:46:04.828] [jointLog] [warning] couldn't find transcript named [DQ516731] in transcript <-> gene map; returning transcript as it's own gene
[2021-04-27 20:46:04.828] [jointLog] [warning] couldn't find transcript named [DQ668366] in transcript <-> gene map; returning transcript as it's own gene
[2021-04-27 20:46:04.828] [jointLog] [warning] couldn't find transcript named [DQ459418] in transcript <-> gene map; returning transcript as it's own gene
[2021-04-27 20:46:04.828] [jointLog] [warning] couldn't find transcript named [DQ668356] in transcript <-> gene map; returning transcript as it's own gene
[2021-04-27 20:46:04.828] [jointLog] [warning] couldn't find transcript named [DQ516763] in transcript <-> gene map; returning transcript as it's own gene
[2021-04-27 20:46:04.828] [jointLog] [warning] couldn't find transcript named [DQ459426] in transcript <-> gene map; returning transcript as it's own gene
[2021-04-27 20:46:04.828] [jointLog] [warning] couldn't find transcript named [DQ516786] in transcript <-> gene map; returning transcript as it's own gene
[2021-04-27 20:46:04.828] [jointLog] [warning] couldn't find transcript named [DQ883653] in transcript <-> gene map; returning transcript as it's own gene
[2021-04-27 20:46:04.828] [jointLog] [warning] couldn't find transcript named [DQ459421] in transcript <-> gene map; returning transcript as it's own gene
[2021-04-27 20:46:04.828] [jointLog] [warning] couldn't find transcript named [DQ883654] in transcript <-> gene map; returning transcript as it's own gene
[2021-04-27 20:46:04.828] [jointLog] [warning] couldn't find transcript named [DQ668358] in transcript <-> gene map; returning transcript as it's own gene
[2021-04-27 20:46:04.828] [jointLog] [warning] couldn't find transcript named [DQ516754] in transcript <-> gene map; returning transcript as it's own gene
[2021-04-27 20:46:04.828] [jointLog] [warning] couldn't find transcript named [DQ516778] in transcript <-> gene map; returning transcript as it's own gene
[2021-04-27 20:46:04.828] [jointLog] [warning] couldn't find transcript named [DQ883650] in transcript <-> gene map; returning transcript as it's own gene
[2021-04-27 20:46:04.828] [jointLog] [warning] couldn't find transcript named [DQ516742] in transcript <-> gene map; returning transcript as it's own gene
[2021-04-27 20:46:04.828] [jointLog] [warning] couldn't find transcript named [DQ883673] in transcript <-> gene map; returning transcript as it's own gene
[2021-04-27 20:46:04.828] [jointLog] [warning] couldn't find transcript named [DQ883652] in transcript <-> gene map; returning transcript as it's own gene
[2021-04-27 20:46:04.828] [jointLog] [warning] couldn't find transcript named [DQ854991] in transcript <-> gene map; returning transcript as it's own gene
[2021-04-27 20:46:04.828] [jointLog] [warning] couldn't find transcript named [DQ516780] in transcript <-> gene map; returning transcript as it's own gene
[2021-04-27 20:46:04.828] [jointLog] [warning] couldn't find transcript named [DQ883682] in transcript <-> gene map; returning transcript as it's own gene
[2021-04-27 20:46:04.828] [jointLog] [warning] couldn't find transcript named [DQ883669] in transcript <-> gene map; returning transcript as it's own gene
[2021-04-27 20:46:04.828] [jointLog] [warning] couldn't find transcript named [DQ516791] in transcript <-> gene map; returning transcript as it's own gene
[2021-04-27 20:46:04.828] [jointLog] [warning] couldn't find transcript named [DQ459425] in transcript <-> gene map; returning transcript as it's own gene
[2021-04-27 20:46:04.828] [jointLog] [warning] couldn't find transcript named [DQ516759] in transcript <-> gene map; returning transcript as it's own gene
[2021-04-27 20:46:04.828] [jointLog] [warning] couldn't find transcript named [DQ459429] in transcript <-> gene map; returning transcript as it's own gene
[2021-04-27 20:46:04.828] [jointLog] [warning] couldn't find transcript named [DQ516758] in transcript <-> gene map; returning transcript as it's own gene
[2021-04-27 20:46:04.828] [jointLog] [warning] couldn't find transcript named [DQ459415] in transcript <-> gene map; returning transcript as it's own gene
[2021-04-27 20:46:04.828] [jointLog] [warning] couldn't find transcript named [DQ875387] in transcript <-> gene map; returning transcript as it's own gene
[2021-04-27 20:46:04.828] [jointLog] [warning] couldn't find transcript named [DQ516815] in transcript <-> gene map; returning transcript as it's own gene
[2021-04-27 20:46:04.828] [jointLog] [warning] couldn't find transcript named [DQ668365] in transcript <-> gene map; returning transcript as it's own gene
[2021-04-27 20:46:04.828] [jointLog] [warning] couldn't find transcript named [DQ854998] in transcript <-> gene map; returning transcript as it's own gene
[2021-04-27 20:46:04.828] [jointLog] [warning] couldn't find transcript named [DQ883685] in transcript <-> gene map; returning transcript as it's own gene
[2021-04-27 20:46:04.828] [jointLog] [warning] couldn't find transcript named [DQ459422] in transcript <-> gene map; returning transcript as it's own gene
[2021-04-27 20:46:04.828] [jointLog] [warning] couldn't find transcript named [DQ883663] in transcript <-> gene map; returning transcript as it's own gene
[2021-04-27 20:46:04.828] [jointLog] [warning] couldn't find transcript named [DQ668367] in transcript <-> gene map; returning transcript as it's own gene
[2021-04-27 20:46:04.828] [jointLog] [warning] couldn't find transcript named [DQ459412] in transcript <-> gene map; returning transcript as it's own gene
[2021-04-27 20:46:04.828] [jointLog] [warning] couldn't find transcript named [DQ854992] in transcript <-> gene map; returning transcript as it's own gene
[2021-04-27 20:46:04.828] [jointLog] [warning] couldn't find transcript named [DQ516782] in transcript <-> gene map; returning transcript as it's own gene
[2021-04-27 20:46:04.828] [jointLog] [warning] couldn't find transcript named [DQ459427] in transcript <-> gene map; returning transcript as it's own gene
[2021-04-27 20:46:04.828] [jointLog] [warning] couldn't find transcript named [EF011072] in transcript <-> gene map; returning transcript as it's own gene
[2021-04-27 20:46:04.828] [jointLog] [warning] couldn't find transcript named [DQ855003] in transcript <-> gene map; returning transcript as it's own gene
[2021-04-27 20:46:04.828] [jointLog] [warning] couldn't find transcript named [DQ516739] in transcript <-> gene map; returning transcript as it's own gene
[2021-04-27 20:46:04.828] [jointLog] [warning] couldn't find transcript named [EF011063] in transcript <-> gene map; returning transcript as it's own gene
[2021-04-27 20:46:04.828] [jointLog] [warning] couldn't find transcript named [DQ855000] in transcript <-> gene map; returning transcript as it's own gene
[2021-04-27 20:46:04.828] [jointLog] [warning] couldn't find transcript named [DQ516777] in transcript <-> gene map; returning transcript as it's own gene
[2021-04-27 20:46:04.828] [jointLog] [warning] couldn't find transcript named [DQ883646] in transcript <-> gene map; returning transcript as it's own gene
[2021-04-27 20:46:04.828] [jointLog] [warning] couldn't find transcript named [DQ668362] in transcript <-> gene map; returning transcript as it's own gene
[2021-04-27 20:46:04.828] [jointLog] [warning] couldn't find transcript named [DQ854995] in transcript <-> gene map; returning transcript as it's own gene
[2021-04-27 20:46:04.828] [jointLog] [warning] couldn't find transcript named [DQ875386] in transcript <-> gene map; returning transcript as it's own gene
[2021-04-27 20:46:04.828] [jointLog] [warning] couldn't find transcript named [DQ516790] in transcript <-> gene map; returning transcript as it's own gene
[2021-04-27 20:46:04.828] [jointLog] [warning] couldn't find transcript named [DQ883642] in transcript <-> gene map; returning transcript as it's own gene
[2021-04-27 20:46:04.828] [jointLog] [warning] couldn't find transcript named [DQ883659] in transcript <-> gene map; returning transcript as it's own gene
[2021-04-27 20:46:04.828] [jointLog] [warning] couldn't find transcript named [DQ854997] in transcript <-> gene map; returning transcript as it's own gene
[2021-04-27 20:46:04.828] [jointLog] [warning] couldn't find transcript named [DQ883643] in transcript <-> gene map; returning transcript as it's own gene
[2021-04-27 20:46:04.828] [jointLog] [warning] couldn't find transcript named [DQ839618] in transcript <-> gene map; returning transcript as it's own gene
[2021-04-27 20:46:04.828] [jointLog] [warning] couldn't find transcript named [DQ516795] in transcript <-> gene map; returning transcript as it's own gene
[2021-04-27 20:46:04.828] [jointLog] [warning] couldn't find transcript named [DQ883658] in transcript <-> gene map; returning transcript as it's own gene
[2021-04-27 20:46:04.828] [jointLog] [warning] couldn't find transcript named [DQ516750] in transcript <-> gene map; returning transcript as it's own gene
[2021-04-27 20:46:04.828] [jointLog] [warning] couldn't find transcript named [DQ668359] in transcript <-> gene map; returning transcript as it's own gene
[2021-04-27 20:46:04.828] [jointLog] [warning] couldn't find transcript named [DQ516779] in transcript <-> gene map; returning transcript as it's own gene
[2021-04-27 20:46:04.828] [jointLog] [warning] couldn't find transcript named [DQ668363] in transcript <-> gene map; returning transcript as it's own gene
[2021-04-27 20:46:04.828] [jointLog] [warning] couldn't find transcript named [DQ516776] in transcript <-> gene map; returning transcript as it's own gene
[2021-04-27 20:46:04.828] [jointLog] [warning] couldn't find transcript named [DQ516773] in transcript <-> gene map; returning transcript as it's own gene
[2021-04-27 20:46:04.828] [jointLog] [warning] couldn't find transcript named [DQ854994] in transcript <-> gene map; returning transcript as it's own gene
[2021-04-27 20:46:04.828] [jointLog] [info] Aggregating expressions to gene level
[2021-04-27 20:46:05.011] [jointLog] [info] done
