[2021-05-21 18:30:01.188] [jointLog] [info] setting maxHashResizeThreads to 6
[2021-05-21 18:30:01.188] [jointLog] [info] Fragment incompatibility prior below threshold.  Incompatible fragments will be ignored.
[2021-05-21 18:30:01.189] [jointLog] [info] numQuantThreads = 3
[2021-05-21 18:30:05.359] [fileLog] [info] quantification processed 0 fragments so far

[2021-05-21 18:30:05.091] [jointLog] [info] replaced 4 non-ACGT nucleotides with random nucleotides
[2021-05-21 18:30:08.508] [fileLog] [info] quantification processed 1000000 fragments so far

[2021-05-21 18:30:11.486] [fileLog] [info] quantification processed 2000000 fragments so far

[2021-05-21 18:30:12.971] [jointLog] [info] 

The alignment group queue pool has been exhausted.  2422004 extra fragments were allocated on the heap to saturate the pool.  No new fragments will be allocated


[2021-05-21 18:30:22.045] [fileLog] [info] quantification processed 3000000 fragments so far

[2021-05-21 18:30:37.906] [fileLog] [info] quantification processed 4000000 fragments so far

[2021-05-21 18:30:53.496] [fileLog] [info] quantification processed 5000000 fragments so far

[2021-05-21 18:31:09.297] [fileLog] [info] quantification processed 6000000 fragments so far

[2021-05-21 18:31:25.236] [fileLog] [info] quantification processed 7000000 fragments so far

[2021-05-21 18:31:28.287] [fileLog] [info] quantification processed 8000000 fragments so far

[2021-05-21 18:31:31.302] [fileLog] [info] quantification processed 9000000 fragments so far

[2021-05-21 18:31:34.255] [fileLog] [info] quantification processed 10000000 fragments so far

[2021-05-21 18:31:37.211] [fileLog] [info] quantification processed 11000000 fragments so far

[2021-05-21 18:31:40.417] [fileLog] [info] quantification processed 12000000 fragments so far

[2021-05-21 18:31:43.653] [fileLog] [info] quantification processed 13000000 fragments so far

[2021-05-21 18:31:46.760] [fileLog] [info] quantification processed 14000000 fragments so far

[2021-05-21 18:31:49.901] [fileLog] [info] quantification processed 15000000 fragments so far

[2021-05-21 18:31:52.926] [fileLog] [info] quantification processed 16000000 fragments so far

[2021-05-21 18:31:56.010] [fileLog] [info] quantification processed 17000000 fragments so far

[2021-05-21 18:31:59.073] [fileLog] [info] quantification processed 18000000 fragments so far

[2021-05-21 18:32:02.058] [fileLog] [info] quantification processed 19000000 fragments so far

[2021-05-21 18:32:05.104] [fileLog] [info] quantification processed 20000000 fragments so far

[2021-05-21 18:32:08.198] [fileLog] [info] quantification processed 21000000 fragments so far

[2021-05-21 18:32:11.396] [fileLog] [info] quantification processed 22000000 fragments so far

[2021-05-21 18:32:14.618] [fileLog] [info] quantification processed 23000000 fragments so far

[2021-05-21 18:32:17.714] [fileLog] [info] quantification processed 24000000 fragments so far

[2021-05-21 18:32:20.859] [fileLog] [info] quantification processed 25000000 fragments so far

[2021-05-21 18:32:23.995] [fileLog] [info] quantification processed 26000000 fragments so far

[2021-05-21 18:32:27.140] [fileLog] [info] quantification processed 27000000 fragments so far

[2021-05-21 18:32:30.387] [fileLog] [info] quantification processed 28000000 fragments so far

[2021-05-21 18:32:33.463] [fileLog] [info] quantification processed 29000000 fragments so far

[2021-05-21 18:32:36.575] [fileLog] [info] quantification processed 30000000 fragments so far

[2021-05-21 18:32:39.726] [fileLog] [info] quantification processed 31000000 fragments so far

[2021-05-21 18:32:42.810] [fileLog] [info] quantification processed 32000000 fragments so far

[2021-05-21 18:32:45.631] [fileLog] [info] quantification processed 32867145 fragments so far

[2021-05-21 18:32:51.629] [jointLog] [info] Thread saw mini-batch with a maximum of 4.20% zero probability fragments
[2021-05-21 18:32:51.632] [jointLog] [info] Thread saw mini-batch with a maximum of 7.10% zero probability fragments
[2021-05-21 18:32:51.635] [jointLog] [info] Thread saw mini-batch with a maximum of 4.80% zero probability fragments
[2021-05-21 18:32:51.636] [jointLog] [info] 


Completed first pass through the alignment file.
Total # of mapped reads : 32867145
# of uniquely mapped reads : 17091538
# ambiguously mapped reads : 15775607



[2021-05-21 18:32:51.736] [jointLog] [info] Computed 81684 rich equivalence classes for further processing
[2021-05-21 18:32:51.736] [jointLog] [info] Counted 32673341 total reads in the equivalence classes 
[2021-05-21 18:32:51.739] [jointLog] [info] starting optimizer
[2021-05-21 18:32:51.841] [jointLog] [info] Marked 0 weighted equivalence classes as degenerate
[2021-05-21 18:32:51.871] [jointLog] [info] iteration = 0 | max rel diff. = 7219.62
[2021-05-21 18:32:53.240] [jointLog] [info] iteration = 100 | max rel diff. = 18.4971
[2021-05-21 18:32:54.446] [jointLog] [info] iteration = 200 | max rel diff. = 9.75841
[2021-05-21 18:32:55.627] [jointLog] [info] iteration = 300 | max rel diff. = 17.1786
[2021-05-21 18:32:56.797] [jointLog] [info] iteration = 400 | max rel diff. = 8.03633
[2021-05-21 18:32:57.975] [jointLog] [info] iteration = 500 | max rel diff. = 18.4888
[2021-05-21 18:32:59.180] [jointLog] [info] iteration = 600 | max rel diff. = 0.952204
[2021-05-21 18:33:00.353] [jointLog] [info] iteration = 700 | max rel diff. = 13.9135
[2021-05-21 18:33:01.589] [jointLog] [info] iteration = 800 | max rel diff. = 0.271381
[2021-05-21 18:33:02.760] [jointLog] [info] iteration = 900 | max rel diff. = 0.0656898
[2021-05-21 18:33:03.975] [jointLog] [info] iteration = 1000 | max rel diff. = 3.5988
[2021-05-21 18:33:05.154] [jointLog] [info] iteration = 1100 | max rel diff. = 0.419071
[2021-05-21 18:33:06.367] [jointLog] [info] iteration = 1200 | max rel diff. = 4.63377
[2021-05-21 18:33:07.534] [jointLog] [info] iteration = 1300 | max rel diff. = 0.0467923
[2021-05-21 18:33:08.718] [jointLog] [info] iteration = 1400 | max rel diff. = 0.239891
[2021-05-21 18:33:09.889] [jointLog] [info] iteration = 1500 | max rel diff. = 0.595646
[2021-05-21 18:33:11.056] [jointLog] [info] iteration = 1600 | max rel diff. = 0.229798
[2021-05-21 18:33:12.233] [jointLog] [info] iteration = 1700 | max rel diff. = 0.0531542
[2021-05-21 18:33:13.409] [jointLog] [info] iteration = 1800 | max rel diff. = 0.0160897
[2021-05-21 18:33:14.614] [jointLog] [info] iteration = 1900 | max rel diff. = 0.0489652
[2021-05-21 18:33:15.597] [jointLog] [info] iteration = 1985 | max rel diff. = 0.00458235
[2021-05-21 18:33:15.626] [jointLog] [info] finished optimizer
[2021-05-21 18:33:15.626] [jointLog] [info] writing output
[2021-05-21 18:33:17.390] [jointLog] [info] Computing gene-level abundance estimates
[2021-05-21 18:33:45.800] [jointLog] [warning] Feature has no GFF ID
[2021-05-21 18:33:45.800] [jointLog] [warning] Feature has no GFF ID
[2021-05-21 18:33:45.800] [jointLog] [warning] Feature has no GFF ID
[2021-05-21 18:33:45.800] [jointLog] [warning] Feature has no GFF ID
[2021-05-21 18:33:45.800] [jointLog] [warning] Feature has no GFF ID
[2021-05-21 18:33:45.800] [jointLog] [warning] Feature has no GFF ID
[2021-05-21 18:33:45.800] [jointLog] [warning] Feature has no GFF ID
[2021-05-21 18:33:45.800] [jointLog] [warning] Feature has no GFF ID
[2021-05-21 18:33:45.800] [jointLog] [warning] Feature has no GFF ID
[2021-05-21 18:33:45.800] [jointLog] [warning] Feature has no GFF ID
[2021-05-21 18:33:45.800] [jointLog] [warning] Feature has no GFF ID
[2021-05-21 18:33:45.800] [jointLog] [warning] Feature has no GFF ID
[2021-05-21 18:33:45.800] [jointLog] [warning] Feature has no GFF ID
[2021-05-21 18:33:45.800] [jointLog] [warning] Feature has no GFF ID
[2021-05-21 18:33:45.800] [jointLog] [warning] Feature has no GFF ID
[2021-05-21 18:33:45.800] [jointLog] [warning] Feature has no GFF ID
[2021-05-21 18:33:45.800] [jointLog] [warning] Feature has no GFF ID
[2021-05-21 18:33:45.800] [jointLog] [warning] Feature has no GFF ID
[2021-05-21 18:33:45.800] [jointLog] [warning] Feature has no GFF ID
[2021-05-21 18:33:45.800] [jointLog] [warning] Feature has no GFF ID
[2021-05-21 18:33:45.800] [jointLog] [warning] Feature has no GFF ID
[2021-05-21 18:33:45.800] [jointLog] [warning] Feature has no GFF ID
[2021-05-21 18:33:45.800] [jointLog] [warning] Feature has no GFF ID
[2021-05-21 18:33:45.800] [jointLog] [warning] Feature has no GFF ID
[2021-05-21 18:33:45.800] [jointLog] [warning] Feature has no GFF ID
[2021-05-21 18:33:45.800] [jointLog] [warning] Feature has no GFF ID
[2021-05-21 18:33:45.800] [jointLog] [warning] Feature has no GFF ID
[2021-05-21 18:33:45.800] [jointLog] [warning] Feature has no GFF ID
[2021-05-21 18:33:45.800] [jointLog] [warning] Feature has no GFF ID
[2021-05-21 18:33:45.800] [jointLog] [warning] Feature has no GFF ID
[2021-05-21 18:33:45.800] [jointLog] [warning] Feature has no GFF ID
[2021-05-21 18:33:45.800] [jointLog] [warning] Feature has no GFF ID
[2021-05-21 18:33:45.800] [jointLog] [warning] Feature has no GFF ID
[2021-05-21 18:33:45.800] [jointLog] [warning] Feature has no GFF ID
[2021-05-21 18:33:45.800] [jointLog] [warning] Feature has no GFF ID
[2021-05-21 18:33:45.800] [jointLog] [warning] Feature has no GFF ID
[2021-05-21 18:33:45.800] [jointLog] [warning] Feature has no GFF ID
[2021-05-21 18:33:45.800] [jointLog] [warning] Feature has no GFF ID
[2021-05-21 18:33:45.800] [jointLog] [warning] Feature has no GFF ID
[2021-05-21 18:33:45.800] [jointLog] [warning] Feature has no GFF ID
[2021-05-21 18:33:45.800] [jointLog] [warning] Feature has no GFF ID
[2021-05-21 18:33:45.800] [jointLog] [warning] Feature has no GFF ID
[2021-05-21 18:33:45.800] [jointLog] [warning] Feature has no GFF ID
[2021-05-21 18:33:45.800] [jointLog] [warning] Feature has no GFF ID
[2021-05-21 18:33:45.800] [jointLog] [warning] Feature has no GFF ID
[2021-05-21 18:33:45.800] [jointLog] [warning] Feature has no GFF ID
[2021-05-21 18:33:45.800] [jointLog] [warning] Feature has no GFF ID
[2021-05-21 18:33:45.800] [jointLog] [warning] Feature has no GFF ID
[2021-05-21 18:33:45.800] [jointLog] [warning] Feature has no GFF ID
[2021-05-21 18:33:45.800] [jointLog] [warning] Feature has no GFF ID
[2021-05-21 18:33:45.800] [jointLog] [warning] Feature has no GFF ID
[2021-05-21 18:33:45.800] [jointLog] [warning] Feature has no GFF ID
[2021-05-21 18:33:45.800] [jointLog] [warning] Feature has no GFF ID
[2021-05-21 18:33:45.800] [jointLog] [warning] Feature has no GFF ID
[2021-05-21 18:33:45.800] [jointLog] [warning] Feature has no GFF ID
[2021-05-21 18:33:45.800] [jointLog] [warning] Feature has no GFF ID
[2021-05-21 18:33:45.800] [jointLog] [warning] Feature has no GFF ID
[2021-05-21 18:33:45.800] [jointLog] [warning] Feature has no GFF ID
[2021-05-21 18:33:45.800] [jointLog] [warning] Feature has no GFF ID
[2021-05-21 18:33:45.800] [jointLog] [warning] Feature has no GFF ID
[2021-05-21 18:33:45.800] [jointLog] [warning] Feature has no GFF ID
[2021-05-21 18:33:45.800] [jointLog] [warning] Feature has no GFF ID
[2021-05-21 18:33:45.800] [jointLog] [warning] Feature has no GFF ID
[2021-05-21 18:33:45.800] [jointLog] [warning] Feature has no GFF ID
[2021-05-21 18:33:45.800] [jointLog] [warning] Feature has no GFF ID
[2021-05-21 18:33:45.800] [jointLog] [warning] Feature has no GFF ID
[2021-05-21 18:33:45.800] [jointLog] [warning] Feature has no GFF ID
[2021-05-21 18:33:45.800] [jointLog] [warning] Feature has no GFF ID
[2021-05-21 18:33:45.800] [jointLog] [warning] Feature has no GFF ID
[2021-05-21 18:33:45.800] [jointLog] [warning] Feature has no GFF ID
[2021-05-21 18:33:45.800] [jointLog] [warning] Feature has no GFF ID
[2021-05-21 18:33:45.800] [jointLog] [warning] Feature has no GFF ID
[2021-05-21 18:33:45.800] [jointLog] [warning] Feature has no GFF ID
[2021-05-21 18:33:45.800] [jointLog] [warning] Feature has no GFF ID
[2021-05-21 18:33:45.800] [jointLog] [warning] Feature has no GFF ID
[2021-05-21 18:33:45.800] [jointLog] [warning] Feature has no GFF ID
[2021-05-21 18:33:45.800] [jointLog] [warning] Feature has no GFF ID
[2021-05-21 18:33:45.800] [jointLog] [warning] Feature has no GFF ID
[2021-05-21 18:33:45.800] [jointLog] [warning] Feature has no GFF ID
[2021-05-21 18:33:45.800] [jointLog] [warning] Feature has no GFF ID
[2021-05-21 18:33:45.800] [jointLog] [warning] Feature has no GFF ID
[2021-05-21 18:33:45.800] [jointLog] [warning] Feature has no GFF ID
[2021-05-21 18:33:45.800] [jointLog] [warning] Feature has no GFF ID
[2021-05-21 18:33:45.800] [jointLog] [warning] Feature has no GFF ID
[2021-05-21 18:33:45.800] [jointLog] [warning] Feature has no GFF ID
[2021-05-21 18:33:45.800] [jointLog] [warning] Feature has no GFF ID
[2021-05-21 18:33:45.800] [jointLog] [warning] Feature has no GFF ID
[2021-05-21 18:33:45.800] [jointLog] [warning] Feature has no GFF ID
[2021-05-21 18:33:45.800] [jointLog] [warning] Feature has no GFF ID
[2021-05-21 18:33:45.800] [jointLog] [warning] Feature has no GFF ID
[2021-05-21 18:33:45.800] [jointLog] [warning] Feature has no GFF ID
[2021-05-21 18:33:45.800] [jointLog] [warning] Feature has no GFF ID
[2021-05-21 18:33:46.122] [jointLog] [info] There were 142604 transcripts mapping to 55401 genes
[2021-05-21 18:33:46.122] [jointLog] [info] NOTE: We recommend using tximport (https://bioconductor.org/packages/release/bioc/html/tximport.html) for aggregating transcript-level salmon abundance estimates to the gene level.  It is more versatile, exposes more features, and allows considering multi-sample information during aggregation.
[2021-05-21 18:33:46.404] [jointLog] [warning] couldn't find transcript named [DQ459430] in transcript <-> gene map; returning transcript as it's own gene
[2021-05-21 18:33:46.404] [jointLog] [warning] couldn't find transcript named [DQ516784] in transcript <-> gene map; returning transcript as it's own gene
[2021-05-21 18:33:46.404] [jointLog] [warning] couldn't find transcript named [DQ516752] in transcript <-> gene map; returning transcript as it's own gene
[2021-05-21 18:33:46.404] [jointLog] [warning] couldn't find transcript named [DQ668364] in transcript <-> gene map; returning transcript as it's own gene
[2021-05-21 18:33:46.404] [jointLog] [warning] couldn't find transcript named [DQ883670] in transcript <-> gene map; returning transcript as it's own gene
[2021-05-21 18:33:46.404] [jointLog] [warning] couldn't find transcript named [EF011062] in transcript <-> gene map; returning transcript as it's own gene
[2021-05-21 18:33:46.404] [jointLog] [warning] couldn't find transcript named [DQ875385] in transcript <-> gene map; returning transcript as it's own gene
[2021-05-21 18:33:46.404] [jointLog] [warning] couldn't find transcript named [DQ883664] in transcript <-> gene map; returning transcript as it's own gene
[2021-05-21 18:33:46.404] [jointLog] [warning] couldn't find transcript named [DQ459420] in transcript <-> gene map; returning transcript as it's own gene
[2021-05-21 18:33:46.404] [jointLog] [warning] couldn't find transcript named [DQ883651] in transcript <-> gene map; returning transcript as it's own gene
[2021-05-21 18:33:46.404] [jointLog] [warning] couldn't find transcript named [DQ855004] in transcript <-> gene map; returning transcript as it's own gene
[2021-05-21 18:33:46.404] [jointLog] [warning] couldn't find transcript named [DQ854993] in transcript <-> gene map; returning transcript as it's own gene
[2021-05-21 18:33:46.404] [jointLog] [warning] couldn't find transcript named [DQ883689] in transcript <-> gene map; returning transcript as it's own gene
[2021-05-21 18:33:46.404] [jointLog] [warning] couldn't find transcript named [DQ459419] in transcript <-> gene map; returning transcript as it's own gene
[2021-05-21 18:33:46.404] [jointLog] [warning] couldn't find transcript named [DQ459431] in transcript <-> gene map; returning transcript as it's own gene
[2021-05-21 18:33:46.404] [jointLog] [warning] couldn't find transcript named [DQ516796] in transcript <-> gene map; returning transcript as it's own gene
[2021-05-21 18:33:46.404] [jointLog] [warning] couldn't find transcript named [DQ855001] in transcript <-> gene map; returning transcript as it's own gene
[2021-05-21 18:33:46.404] [jointLog] [warning] couldn't find transcript named [DQ459413] in transcript <-> gene map; returning transcript as it's own gene
[2021-05-21 18:33:46.404] [jointLog] [warning] couldn't find transcript named [DQ883656] in transcript <-> gene map; returning transcript as it's own gene
[2021-05-21 18:33:46.404] [jointLog] [warning] couldn't find transcript named [DQ883661] in transcript <-> gene map; returning transcript as it's own gene
[2021-05-21 18:33:46.404] [jointLog] [warning] couldn't find transcript named [EF011069] in transcript <-> gene map; returning transcript as it's own gene
[2021-05-21 18:33:46.404] [jointLog] [warning] couldn't find transcript named [DQ516783] in transcript <-> gene map; returning transcript as it's own gene
[2021-05-21 18:33:46.404] [jointLog] [warning] couldn't find transcript named [DQ516787] in transcript <-> gene map; returning transcript as it's own gene
[2021-05-21 18:33:46.404] [jointLog] [warning] couldn't find transcript named [DQ459424] in transcript <-> gene map; returning transcript as it's own gene
[2021-05-21 18:33:46.404] [jointLog] [warning] couldn't find transcript named [DQ516748] in transcript <-> gene map; returning transcript as it's own gene
[2021-05-21 18:33:46.404] [jointLog] [warning] couldn't find transcript named [DQ883671] in transcript <-> gene map; returning transcript as it's own gene
[2021-05-21 18:33:46.404] [jointLog] [warning] couldn't find transcript named [DQ516740] in transcript <-> gene map; returning transcript as it's own gene
[2021-05-21 18:33:46.404] [jointLog] [warning] couldn't find transcript named [DQ516785] in transcript <-> gene map; returning transcript as it's own gene
[2021-05-21 18:33:46.404] [jointLog] [warning] couldn't find transcript named [DQ516731] in transcript <-> gene map; returning transcript as it's own gene
[2021-05-21 18:33:46.404] [jointLog] [warning] couldn't find transcript named [DQ668366] in transcript <-> gene map; returning transcript as it's own gene
[2021-05-21 18:33:46.404] [jointLog] [warning] couldn't find transcript named [DQ459418] in transcript <-> gene map; returning transcript as it's own gene
[2021-05-21 18:33:46.404] [jointLog] [warning] couldn't find transcript named [DQ668356] in transcript <-> gene map; returning transcript as it's own gene
[2021-05-21 18:33:46.404] [jointLog] [warning] couldn't find transcript named [DQ516763] in transcript <-> gene map; returning transcript as it's own gene
[2021-05-21 18:33:46.404] [jointLog] [warning] couldn't find transcript named [DQ459426] in transcript <-> gene map; returning transcript as it's own gene
[2021-05-21 18:33:46.404] [jointLog] [warning] couldn't find transcript named [DQ516786] in transcript <-> gene map; returning transcript as it's own gene
[2021-05-21 18:33:46.404] [jointLog] [warning] couldn't find transcript named [DQ883653] in transcript <-> gene map; returning transcript as it's own gene
[2021-05-21 18:33:46.404] [jointLog] [warning] couldn't find transcript named [DQ459421] in transcript <-> gene map; returning transcript as it's own gene
[2021-05-21 18:33:46.404] [jointLog] [warning] couldn't find transcript named [DQ883654] in transcript <-> gene map; returning transcript as it's own gene
[2021-05-21 18:33:46.404] [jointLog] [warning] couldn't find transcript named [DQ668358] in transcript <-> gene map; returning transcript as it's own gene
[2021-05-21 18:33:46.404] [jointLog] [warning] couldn't find transcript named [DQ516754] in transcript <-> gene map; returning transcript as it's own gene
[2021-05-21 18:33:46.404] [jointLog] [warning] couldn't find transcript named [DQ516778] in transcript <-> gene map; returning transcript as it's own gene
[2021-05-21 18:33:46.404] [jointLog] [warning] couldn't find transcript named [DQ883650] in transcript <-> gene map; returning transcript as it's own gene
[2021-05-21 18:33:46.404] [jointLog] [warning] couldn't find transcript named [DQ516742] in transcript <-> gene map; returning transcript as it's own gene
[2021-05-21 18:33:46.404] [jointLog] [warning] couldn't find transcript named [DQ883673] in transcript <-> gene map; returning transcript as it's own gene
[2021-05-21 18:33:46.404] [jointLog] [warning] couldn't find transcript named [DQ883652] in transcript <-> gene map; returning transcript as it's own gene
[2021-05-21 18:33:46.404] [jointLog] [warning] couldn't find transcript named [DQ854991] in transcript <-> gene map; returning transcript as it's own gene
[2021-05-21 18:33:46.404] [jointLog] [warning] couldn't find transcript named [DQ516780] in transcript <-> gene map; returning transcript as it's own gene
[2021-05-21 18:33:46.404] [jointLog] [warning] couldn't find transcript named [DQ883682] in transcript <-> gene map; returning transcript as it's own gene
[2021-05-21 18:33:46.404] [jointLog] [warning] couldn't find transcript named [DQ883669] in transcript <-> gene map; returning transcript as it's own gene
[2021-05-21 18:33:46.404] [jointLog] [warning] couldn't find transcript named [DQ516791] in transcript <-> gene map; returning transcript as it's own gene
[2021-05-21 18:33:46.404] [jointLog] [warning] couldn't find transcript named [DQ459425] in transcript <-> gene map; returning transcript as it's own gene
[2021-05-21 18:33:46.404] [jointLog] [warning] couldn't find transcript named [DQ516759] in transcript <-> gene map; returning transcript as it's own gene
[2021-05-21 18:33:46.404] [jointLog] [warning] couldn't find transcript named [DQ459429] in transcript <-> gene map; returning transcript as it's own gene
[2021-05-21 18:33:46.404] [jointLog] [warning] couldn't find transcript named [DQ516758] in transcript <-> gene map; returning transcript as it's own gene
[2021-05-21 18:33:46.404] [jointLog] [warning] couldn't find transcript named [DQ459415] in transcript <-> gene map; returning transcript as it's own gene
[2021-05-21 18:33:46.404] [jointLog] [warning] couldn't find transcript named [DQ875387] in transcript <-> gene map; returning transcript as it's own gene
[2021-05-21 18:33:46.404] [jointLog] [warning] couldn't find transcript named [DQ516815] in transcript <-> gene map; returning transcript as it's own gene
[2021-05-21 18:33:46.404] [jointLog] [warning] couldn't find transcript named [DQ668365] in transcript <-> gene map; returning transcript as it's own gene
[2021-05-21 18:33:46.404] [jointLog] [warning] couldn't find transcript named [DQ854998] in transcript <-> gene map; returning transcript as it's own gene
[2021-05-21 18:33:46.404] [jointLog] [warning] couldn't find transcript named [DQ883685] in transcript <-> gene map; returning transcript as it's own gene
[2021-05-21 18:33:46.404] [jointLog] [warning] couldn't find transcript named [DQ459422] in transcript <-> gene map; returning transcript as it's own gene
[2021-05-21 18:33:46.404] [jointLog] [warning] couldn't find transcript named [DQ883663] in transcript <-> gene map; returning transcript as it's own gene
[2021-05-21 18:33:46.404] [jointLog] [warning] couldn't find transcript named [DQ668367] in transcript <-> gene map; returning transcript as it's own gene
[2021-05-21 18:33:46.404] [jointLog] [warning] couldn't find transcript named [DQ459412] in transcript <-> gene map; returning transcript as it's own gene
[2021-05-21 18:33:46.404] [jointLog] [warning] couldn't find transcript named [DQ854992] in transcript <-> gene map; returning transcript as it's own gene
[2021-05-21 18:33:46.404] [jointLog] [warning] couldn't find transcript named [DQ516782] in transcript <-> gene map; returning transcript as it's own gene
[2021-05-21 18:33:46.404] [jointLog] [warning] couldn't find transcript named [DQ459427] in transcript <-> gene map; returning transcript as it's own gene
[2021-05-21 18:33:46.404] [jointLog] [warning] couldn't find transcript named [EF011072] in transcript <-> gene map; returning transcript as it's own gene
[2021-05-21 18:33:46.404] [jointLog] [warning] couldn't find transcript named [DQ855003] in transcript <-> gene map; returning transcript as it's own gene
[2021-05-21 18:33:46.404] [jointLog] [warning] couldn't find transcript named [DQ516739] in transcript <-> gene map; returning transcript as it's own gene
[2021-05-21 18:33:46.404] [jointLog] [warning] couldn't find transcript named [EF011063] in transcript <-> gene map; returning transcript as it's own gene
[2021-05-21 18:33:46.404] [jointLog] [warning] couldn't find transcript named [DQ855000] in transcript <-> gene map; returning transcript as it's own gene
[2021-05-21 18:33:46.404] [jointLog] [warning] couldn't find transcript named [DQ516777] in transcript <-> gene map; returning transcript as it's own gene
[2021-05-21 18:33:46.404] [jointLog] [warning] couldn't find transcript named [DQ883646] in transcript <-> gene map; returning transcript as it's own gene
[2021-05-21 18:33:46.404] [jointLog] [warning] couldn't find transcript named [DQ668362] in transcript <-> gene map; returning transcript as it's own gene
[2021-05-21 18:33:46.404] [jointLog] [warning] couldn't find transcript named [DQ854995] in transcript <-> gene map; returning transcript as it's own gene
[2021-05-21 18:33:46.404] [jointLog] [warning] couldn't find transcript named [DQ875386] in transcript <-> gene map; returning transcript as it's own gene
[2021-05-21 18:33:46.404] [jointLog] [warning] couldn't find transcript named [DQ516790] in transcript <-> gene map; returning transcript as it's own gene
[2021-05-21 18:33:46.404] [jointLog] [warning] couldn't find transcript named [DQ883642] in transcript <-> gene map; returning transcript as it's own gene
[2021-05-21 18:33:46.404] [jointLog] [warning] couldn't find transcript named [DQ883659] in transcript <-> gene map; returning transcript as it's own gene
[2021-05-21 18:33:46.404] [jointLog] [warning] couldn't find transcript named [DQ854997] in transcript <-> gene map; returning transcript as it's own gene
[2021-05-21 18:33:46.404] [jointLog] [warning] couldn't find transcript named [DQ883643] in transcript <-> gene map; returning transcript as it's own gene
[2021-05-21 18:33:46.404] [jointLog] [warning] couldn't find transcript named [DQ839618] in transcript <-> gene map; returning transcript as it's own gene
[2021-05-21 18:33:46.404] [jointLog] [warning] couldn't find transcript named [DQ516795] in transcript <-> gene map; returning transcript as it's own gene
[2021-05-21 18:33:46.404] [jointLog] [warning] couldn't find transcript named [DQ883658] in transcript <-> gene map; returning transcript as it's own gene
[2021-05-21 18:33:46.404] [jointLog] [warning] couldn't find transcript named [DQ516750] in transcript <-> gene map; returning transcript as it's own gene
[2021-05-21 18:33:46.404] [jointLog] [warning] couldn't find transcript named [DQ668359] in transcript <-> gene map; returning transcript as it's own gene
[2021-05-21 18:33:46.404] [jointLog] [warning] couldn't find transcript named [DQ516779] in transcript <-> gene map; returning transcript as it's own gene
[2021-05-21 18:33:46.404] [jointLog] [warning] couldn't find transcript named [DQ668363] in transcript <-> gene map; returning transcript as it's own gene
[2021-05-21 18:33:46.404] [jointLog] [warning] couldn't find transcript named [DQ516776] in transcript <-> gene map; returning transcript as it's own gene
[2021-05-21 18:33:46.404] [jointLog] [warning] couldn't find transcript named [DQ516773] in transcript <-> gene map; returning transcript as it's own gene
[2021-05-21 18:33:46.404] [jointLog] [warning] couldn't find transcript named [DQ854994] in transcript <-> gene map; returning transcript as it's own gene
[2021-05-21 18:33:46.405] [jointLog] [info] Aggregating expressions to gene level
[2021-05-21 18:33:46.564] [jointLog] [info] done
