[2021-05-21 18:35:26.163] [jointLog] [info] setting maxHashResizeThreads to 6
[2021-05-21 18:35:26.163] [jointLog] [info] Fragment incompatibility prior below threshold.  Incompatible fragments will be ignored.
[2021-05-21 18:35:26.164] [jointLog] [info] numQuantThreads = 3
[2021-05-21 18:35:30.868] [jointLog] [info] replaced 4 non-ACGT nucleotides with random nucleotides
[2021-05-21 18:35:31.138] [fileLog] [info] quantification processed 0 fragments so far

[2021-05-21 18:35:34.286] [fileLog] [info] quantification processed 1000000 fragments so far

[2021-05-21 18:35:37.443] [fileLog] [info] quantification processed 2000000 fragments so far

[2021-05-21 18:35:39.144] [jointLog] [info] 

The alignment group queue pool has been exhausted.  3077981 extra fragments were allocated on the heap to saturate the pool.  No new fragments will be allocated


[2021-05-21 18:35:45.888] [fileLog] [info] quantification processed 3000000 fragments so far

[2021-05-21 18:36:00.426] [fileLog] [info] quantification processed 4000000 fragments so far

[2021-05-21 18:36:14.849] [fileLog] [info] quantification processed 5000000 fragments so far

[2021-05-21 18:36:29.250] [fileLog] [info] quantification processed 6000000 fragments so far

[2021-05-21 18:36:43.675] [fileLog] [info] quantification processed 7000000 fragments so far

[2021-05-21 18:36:46.938] [fileLog] [info] quantification processed 8000000 fragments so far

[2021-05-21 18:36:50.058] [fileLog] [info] quantification processed 9000000 fragments so far

[2021-05-21 18:36:53.181] [fileLog] [info] quantification processed 10000000 fragments so far

[2021-05-21 18:36:56.360] [fileLog] [info] quantification processed 11000000 fragments so far

[2021-05-21 18:36:59.576] [fileLog] [info] quantification processed 12000000 fragments so far

[2021-05-21 18:37:02.728] [fileLog] [info] quantification processed 13000000 fragments so far

[2021-05-21 18:37:05.881] [fileLog] [info] quantification processed 14000000 fragments so far

[2021-05-21 18:37:09.046] [fileLog] [info] quantification processed 15000000 fragments so far

[2021-05-21 18:37:12.180] [fileLog] [info] quantification processed 16000000 fragments so far

[2021-05-21 18:37:15.322] [fileLog] [info] quantification processed 17000000 fragments so far

[2021-05-21 18:37:18.452] [fileLog] [info] quantification processed 18000000 fragments so far

[2021-05-21 18:37:21.438] [fileLog] [info] quantification processed 19000000 fragments so far

[2021-05-21 18:37:24.413] [fileLog] [info] quantification processed 20000000 fragments so far

[2021-05-21 18:37:27.417] [fileLog] [info] quantification processed 21000000 fragments so far

[2021-05-21 18:37:30.383] [fileLog] [info] quantification processed 22000000 fragments so far

[2021-05-21 18:37:33.437] [fileLog] [info] quantification processed 23000000 fragments so far

[2021-05-21 18:37:36.497] [fileLog] [info] quantification processed 24000000 fragments so far

[2021-05-21 18:37:39.653] [fileLog] [info] quantification processed 25000000 fragments so far

[2021-05-21 18:37:42.918] [fileLog] [info] quantification processed 26000000 fragments so far

[2021-05-21 18:37:45.995] [fileLog] [info] quantification processed 27000000 fragments so far

[2021-05-21 18:37:49.169] [fileLog] [info] quantification processed 28000000 fragments so far

[2021-05-21 18:37:52.342] [fileLog] [info] quantification processed 29000000 fragments so far

[2021-05-21 18:37:55.464] [fileLog] [info] quantification processed 30000000 fragments so far

[2021-05-21 18:37:58.691] [fileLog] [info] quantification processed 31000000 fragments so far

[2021-05-21 18:38:00.641] [fileLog] [info] quantification processed 31613304 fragments so far

[2021-05-21 18:38:06.513] [jointLog] [info] Thread saw mini-batch with a maximum of 1.80% zero probability fragments
[2021-05-21 18:38:06.515] [jointLog] [info] Thread saw mini-batch with a maximum of 3.00% zero probability fragments
[2021-05-21 18:38:06.516] [jointLog] [info] Thread saw mini-batch with a maximum of 1.70% zero probability fragments
[2021-05-21 18:38:06.517] [jointLog] [info] 


Completed first pass through the alignment file.
Total # of mapped reads : 31613304
# of uniquely mapped reads : 12220391
# ambiguously mapped reads : 19392913



[2021-05-21 18:38:06.669] [jointLog] [info] Computed 236851 rich equivalence classes for further processing
[2021-05-21 18:38:06.669] [jointLog] [info] Counted 31436671 total reads in the equivalence classes 
[2021-05-21 18:38:06.672] [jointLog] [info] starting optimizer
[2021-05-21 18:38:06.778] [jointLog] [info] Marked 0 weighted equivalence classes as degenerate
[2021-05-21 18:38:06.797] [jointLog] [info] iteration = 0 | max rel diff. = 7354.95
[2021-05-21 18:38:08.315] [jointLog] [info] iteration = 100 | max rel diff. = 11.6638
[2021-05-21 18:38:09.816] [jointLog] [info] iteration = 200 | max rel diff. = 4.92503
[2021-05-21 18:38:11.313] [jointLog] [info] iteration = 300 | max rel diff. = 5.60765
[2021-05-21 18:38:12.816] [jointLog] [info] iteration = 400 | max rel diff. = 0.331461
[2021-05-21 18:38:14.313] [jointLog] [info] iteration = 500 | max rel diff. = 10.6557
[2021-05-21 18:38:15.812] [jointLog] [info] iteration = 600 | max rel diff. = 0.134925
[2021-05-21 18:38:17.328] [jointLog] [info] iteration = 700 | max rel diff. = 0.236426
[2021-05-21 18:38:18.832] [jointLog] [info] iteration = 800 | max rel diff. = 0.471533
[2021-05-21 18:38:20.346] [jointLog] [info] iteration = 900 | max rel diff. = 0.146075
[2021-05-21 18:38:21.848] [jointLog] [info] iteration = 1000 | max rel diff. = 0.121993
[2021-05-21 18:38:23.370] [jointLog] [info] iteration = 1100 | max rel diff. = 0.686603
[2021-05-21 18:38:24.868] [jointLog] [info] iteration = 1200 | max rel diff. = 8.53937
[2021-05-21 18:38:26.373] [jointLog] [info] iteration = 1300 | max rel diff. = 0.0597889
[2021-05-21 18:38:27.877] [jointLog] [info] iteration = 1400 | max rel diff. = 0.0430974
[2021-05-21 18:38:28.221] [jointLog] [info] iteration = 1424 | max rel diff. = 0.00868138
[2021-05-21 18:38:28.253] [jointLog] [info] finished optimizer
[2021-05-21 18:38:28.253] [jointLog] [info] writing output
[2021-05-21 18:38:29.922] [jointLog] [info] Computing gene-level abundance estimates
[2021-05-21 18:38:59.035] [jointLog] [warning] Feature has no GFF ID
[2021-05-21 18:38:59.035] [jointLog] [warning] Feature has no GFF ID
[2021-05-21 18:38:59.035] [jointLog] [warning] Feature has no GFF ID
[2021-05-21 18:38:59.035] [jointLog] [warning] Feature has no GFF ID
[2021-05-21 18:38:59.035] [jointLog] [warning] Feature has no GFF ID
[2021-05-21 18:38:59.035] [jointLog] [warning] Feature has no GFF ID
[2021-05-21 18:38:59.035] [jointLog] [warning] Feature has no GFF ID
[2021-05-21 18:38:59.035] [jointLog] [warning] Feature has no GFF ID
[2021-05-21 18:38:59.035] [jointLog] [warning] Feature has no GFF ID
[2021-05-21 18:38:59.035] [jointLog] [warning] Feature has no GFF ID
[2021-05-21 18:38:59.035] [jointLog] [warning] Feature has no GFF ID
[2021-05-21 18:38:59.035] [jointLog] [warning] Feature has no GFF ID
[2021-05-21 18:38:59.035] [jointLog] [warning] Feature has no GFF ID
[2021-05-21 18:38:59.035] [jointLog] [warning] Feature has no GFF ID
[2021-05-21 18:38:59.035] [jointLog] [warning] Feature has no GFF ID
[2021-05-21 18:38:59.035] [jointLog] [warning] Feature has no GFF ID
[2021-05-21 18:38:59.035] [jointLog] [warning] Feature has no GFF ID
[2021-05-21 18:38:59.035] [jointLog] [warning] Feature has no GFF ID
[2021-05-21 18:38:59.035] [jointLog] [warning] Feature has no GFF ID
[2021-05-21 18:38:59.035] [jointLog] [warning] Feature has no GFF ID
[2021-05-21 18:38:59.035] [jointLog] [warning] Feature has no GFF ID
[2021-05-21 18:38:59.035] [jointLog] [warning] Feature has no GFF ID
[2021-05-21 18:38:59.035] [jointLog] [warning] Feature has no GFF ID
[2021-05-21 18:38:59.035] [jointLog] [warning] Feature has no GFF ID
[2021-05-21 18:38:59.035] [jointLog] [warning] Feature has no GFF ID
[2021-05-21 18:38:59.035] [jointLog] [warning] Feature has no GFF ID
[2021-05-21 18:38:59.035] [jointLog] [warning] Feature has no GFF ID
[2021-05-21 18:38:59.035] [jointLog] [warning] Feature has no GFF ID
[2021-05-21 18:38:59.035] [jointLog] [warning] Feature has no GFF ID
[2021-05-21 18:38:59.035] [jointLog] [warning] Feature has no GFF ID
[2021-05-21 18:38:59.035] [jointLog] [warning] Feature has no GFF ID
[2021-05-21 18:38:59.035] [jointLog] [warning] Feature has no GFF ID
[2021-05-21 18:38:59.035] [jointLog] [warning] Feature has no GFF ID
[2021-05-21 18:38:59.035] [jointLog] [warning] Feature has no GFF ID
[2021-05-21 18:38:59.035] [jointLog] [warning] Feature has no GFF ID
[2021-05-21 18:38:59.035] [jointLog] [warning] Feature has no GFF ID
[2021-05-21 18:38:59.035] [jointLog] [warning] Feature has no GFF ID
[2021-05-21 18:38:59.035] [jointLog] [warning] Feature has no GFF ID
[2021-05-21 18:38:59.035] [jointLog] [warning] Feature has no GFF ID
[2021-05-21 18:38:59.035] [jointLog] [warning] Feature has no GFF ID
[2021-05-21 18:38:59.035] [jointLog] [warning] Feature has no GFF ID
[2021-05-21 18:38:59.035] [jointLog] [warning] Feature has no GFF ID
[2021-05-21 18:38:59.035] [jointLog] [warning] Feature has no GFF ID
[2021-05-21 18:38:59.035] [jointLog] [warning] Feature has no GFF ID
[2021-05-21 18:38:59.035] [jointLog] [warning] Feature has no GFF ID
[2021-05-21 18:38:59.035] [jointLog] [warning] Feature has no GFF ID
[2021-05-21 18:38:59.035] [jointLog] [warning] Feature has no GFF ID
[2021-05-21 18:38:59.035] [jointLog] [warning] Feature has no GFF ID
[2021-05-21 18:38:59.035] [jointLog] [warning] Feature has no GFF ID
[2021-05-21 18:38:59.035] [jointLog] [warning] Feature has no GFF ID
[2021-05-21 18:38:59.035] [jointLog] [warning] Feature has no GFF ID
[2021-05-21 18:38:59.035] [jointLog] [warning] Feature has no GFF ID
[2021-05-21 18:38:59.035] [jointLog] [warning] Feature has no GFF ID
[2021-05-21 18:38:59.035] [jointLog] [warning] Feature has no GFF ID
[2021-05-21 18:38:59.035] [jointLog] [warning] Feature has no GFF ID
[2021-05-21 18:38:59.035] [jointLog] [warning] Feature has no GFF ID
[2021-05-21 18:38:59.035] [jointLog] [warning] Feature has no GFF ID
[2021-05-21 18:38:59.035] [jointLog] [warning] Feature has no GFF ID
[2021-05-21 18:38:59.035] [jointLog] [warning] Feature has no GFF ID
[2021-05-21 18:38:59.035] [jointLog] [warning] Feature has no GFF ID
[2021-05-21 18:38:59.035] [jointLog] [warning] Feature has no GFF ID
[2021-05-21 18:38:59.035] [jointLog] [warning] Feature has no GFF ID
[2021-05-21 18:38:59.035] [jointLog] [warning] Feature has no GFF ID
[2021-05-21 18:38:59.035] [jointLog] [warning] Feature has no GFF ID
[2021-05-21 18:38:59.035] [jointLog] [warning] Feature has no GFF ID
[2021-05-21 18:38:59.035] [jointLog] [warning] Feature has no GFF ID
[2021-05-21 18:38:59.035] [jointLog] [warning] Feature has no GFF ID
[2021-05-21 18:38:59.035] [jointLog] [warning] Feature has no GFF ID
[2021-05-21 18:38:59.035] [jointLog] [warning] Feature has no GFF ID
[2021-05-21 18:38:59.035] [jointLog] [warning] Feature has no GFF ID
[2021-05-21 18:38:59.035] [jointLog] [warning] Feature has no GFF ID
[2021-05-21 18:38:59.035] [jointLog] [warning] Feature has no GFF ID
[2021-05-21 18:38:59.035] [jointLog] [warning] Feature has no GFF ID
[2021-05-21 18:38:59.035] [jointLog] [warning] Feature has no GFF ID
[2021-05-21 18:38:59.035] [jointLog] [warning] Feature has no GFF ID
[2021-05-21 18:38:59.035] [jointLog] [warning] Feature has no GFF ID
[2021-05-21 18:38:59.035] [jointLog] [warning] Feature has no GFF ID
[2021-05-21 18:38:59.035] [jointLog] [warning] Feature has no GFF ID
[2021-05-21 18:38:59.035] [jointLog] [warning] Feature has no GFF ID
[2021-05-21 18:38:59.035] [jointLog] [warning] Feature has no GFF ID
[2021-05-21 18:38:59.035] [jointLog] [warning] Feature has no GFF ID
[2021-05-21 18:38:59.035] [jointLog] [warning] Feature has no GFF ID
[2021-05-21 18:38:59.035] [jointLog] [warning] Feature has no GFF ID
[2021-05-21 18:38:59.035] [jointLog] [warning] Feature has no GFF ID
[2021-05-21 18:38:59.035] [jointLog] [warning] Feature has no GFF ID
[2021-05-21 18:38:59.035] [jointLog] [warning] Feature has no GFF ID
[2021-05-21 18:38:59.035] [jointLog] [warning] Feature has no GFF ID
[2021-05-21 18:38:59.035] [jointLog] [warning] Feature has no GFF ID
[2021-05-21 18:38:59.035] [jointLog] [warning] Feature has no GFF ID
[2021-05-21 18:38:59.035] [jointLog] [warning] Feature has no GFF ID
[2021-05-21 18:38:59.035] [jointLog] [warning] Feature has no GFF ID
[2021-05-21 18:38:59.035] [jointLog] [warning] Feature has no GFF ID
[2021-05-21 18:38:59.365] [jointLog] [info] There were 142604 transcripts mapping to 55401 genes
[2021-05-21 18:38:59.365] [jointLog] [info] NOTE: We recommend using tximport (https://bioconductor.org/packages/release/bioc/html/tximport.html) for aggregating transcript-level salmon abundance estimates to the gene level.  It is more versatile, exposes more features, and allows considering multi-sample information during aggregation.
[2021-05-21 18:38:59.658] [jointLog] [warning] couldn't find transcript named [DQ459430] in transcript <-> gene map; returning transcript as it's own gene
[2021-05-21 18:38:59.658] [jointLog] [warning] couldn't find transcript named [DQ516784] in transcript <-> gene map; returning transcript as it's own gene
[2021-05-21 18:38:59.658] [jointLog] [warning] couldn't find transcript named [DQ516752] in transcript <-> gene map; returning transcript as it's own gene
[2021-05-21 18:38:59.658] [jointLog] [warning] couldn't find transcript named [DQ668364] in transcript <-> gene map; returning transcript as it's own gene
[2021-05-21 18:38:59.658] [jointLog] [warning] couldn't find transcript named [DQ883670] in transcript <-> gene map; returning transcript as it's own gene
[2021-05-21 18:38:59.658] [jointLog] [warning] couldn't find transcript named [EF011062] in transcript <-> gene map; returning transcript as it's own gene
[2021-05-21 18:38:59.658] [jointLog] [warning] couldn't find transcript named [DQ875385] in transcript <-> gene map; returning transcript as it's own gene
[2021-05-21 18:38:59.658] [jointLog] [warning] couldn't find transcript named [DQ883664] in transcript <-> gene map; returning transcript as it's own gene
[2021-05-21 18:38:59.658] [jointLog] [warning] couldn't find transcript named [DQ459420] in transcript <-> gene map; returning transcript as it's own gene
[2021-05-21 18:38:59.658] [jointLog] [warning] couldn't find transcript named [DQ883651] in transcript <-> gene map; returning transcript as it's own gene
[2021-05-21 18:38:59.658] [jointLog] [warning] couldn't find transcript named [DQ855004] in transcript <-> gene map; returning transcript as it's own gene
[2021-05-21 18:38:59.658] [jointLog] [warning] couldn't find transcript named [DQ854993] in transcript <-> gene map; returning transcript as it's own gene
[2021-05-21 18:38:59.658] [jointLog] [warning] couldn't find transcript named [DQ883689] in transcript <-> gene map; returning transcript as it's own gene
[2021-05-21 18:38:59.658] [jointLog] [warning] couldn't find transcript named [DQ459419] in transcript <-> gene map; returning transcript as it's own gene
[2021-05-21 18:38:59.658] [jointLog] [warning] couldn't find transcript named [DQ459431] in transcript <-> gene map; returning transcript as it's own gene
[2021-05-21 18:38:59.658] [jointLog] [warning] couldn't find transcript named [DQ516796] in transcript <-> gene map; returning transcript as it's own gene
[2021-05-21 18:38:59.658] [jointLog] [warning] couldn't find transcript named [DQ855001] in transcript <-> gene map; returning transcript as it's own gene
[2021-05-21 18:38:59.658] [jointLog] [warning] couldn't find transcript named [DQ459413] in transcript <-> gene map; returning transcript as it's own gene
[2021-05-21 18:38:59.658] [jointLog] [warning] couldn't find transcript named [DQ883656] in transcript <-> gene map; returning transcript as it's own gene
[2021-05-21 18:38:59.658] [jointLog] [warning] couldn't find transcript named [DQ883661] in transcript <-> gene map; returning transcript as it's own gene
[2021-05-21 18:38:59.658] [jointLog] [warning] couldn't find transcript named [EF011069] in transcript <-> gene map; returning transcript as it's own gene
[2021-05-21 18:38:59.658] [jointLog] [warning] couldn't find transcript named [DQ516783] in transcript <-> gene map; returning transcript as it's own gene
[2021-05-21 18:38:59.658] [jointLog] [warning] couldn't find transcript named [DQ516787] in transcript <-> gene map; returning transcript as it's own gene
[2021-05-21 18:38:59.658] [jointLog] [warning] couldn't find transcript named [DQ459424] in transcript <-> gene map; returning transcript as it's own gene
[2021-05-21 18:38:59.658] [jointLog] [warning] couldn't find transcript named [DQ516748] in transcript <-> gene map; returning transcript as it's own gene
[2021-05-21 18:38:59.658] [jointLog] [warning] couldn't find transcript named [DQ883671] in transcript <-> gene map; returning transcript as it's own gene
[2021-05-21 18:38:59.658] [jointLog] [warning] couldn't find transcript named [DQ516740] in transcript <-> gene map; returning transcript as it's own gene
[2021-05-21 18:38:59.658] [jointLog] [warning] couldn't find transcript named [DQ516785] in transcript <-> gene map; returning transcript as it's own gene
[2021-05-21 18:38:59.658] [jointLog] [warning] couldn't find transcript named [DQ516731] in transcript <-> gene map; returning transcript as it's own gene
[2021-05-21 18:38:59.658] [jointLog] [warning] couldn't find transcript named [DQ668366] in transcript <-> gene map; returning transcript as it's own gene
[2021-05-21 18:38:59.658] [jointLog] [warning] couldn't find transcript named [DQ459418] in transcript <-> gene map; returning transcript as it's own gene
[2021-05-21 18:38:59.658] [jointLog] [warning] couldn't find transcript named [DQ668356] in transcript <-> gene map; returning transcript as it's own gene
[2021-05-21 18:38:59.658] [jointLog] [warning] couldn't find transcript named [DQ516763] in transcript <-> gene map; returning transcript as it's own gene
[2021-05-21 18:38:59.658] [jointLog] [warning] couldn't find transcript named [DQ459426] in transcript <-> gene map; returning transcript as it's own gene
[2021-05-21 18:38:59.658] [jointLog] [warning] couldn't find transcript named [DQ516786] in transcript <-> gene map; returning transcript as it's own gene
[2021-05-21 18:38:59.658] [jointLog] [warning] couldn't find transcript named [DQ883653] in transcript <-> gene map; returning transcript as it's own gene
[2021-05-21 18:38:59.658] [jointLog] [warning] couldn't find transcript named [DQ459421] in transcript <-> gene map; returning transcript as it's own gene
[2021-05-21 18:38:59.658] [jointLog] [warning] couldn't find transcript named [DQ883654] in transcript <-> gene map; returning transcript as it's own gene
[2021-05-21 18:38:59.658] [jointLog] [warning] couldn't find transcript named [DQ668358] in transcript <-> gene map; returning transcript as it's own gene
[2021-05-21 18:38:59.658] [jointLog] [warning] couldn't find transcript named [DQ516754] in transcript <-> gene map; returning transcript as it's own gene
[2021-05-21 18:38:59.658] [jointLog] [warning] couldn't find transcript named [DQ516778] in transcript <-> gene map; returning transcript as it's own gene
[2021-05-21 18:38:59.658] [jointLog] [warning] couldn't find transcript named [DQ883650] in transcript <-> gene map; returning transcript as it's own gene
[2021-05-21 18:38:59.658] [jointLog] [warning] couldn't find transcript named [DQ516742] in transcript <-> gene map; returning transcript as it's own gene
[2021-05-21 18:38:59.658] [jointLog] [warning] couldn't find transcript named [DQ883673] in transcript <-> gene map; returning transcript as it's own gene
[2021-05-21 18:38:59.658] [jointLog] [warning] couldn't find transcript named [DQ883652] in transcript <-> gene map; returning transcript as it's own gene
[2021-05-21 18:38:59.658] [jointLog] [warning] couldn't find transcript named [DQ854991] in transcript <-> gene map; returning transcript as it's own gene
[2021-05-21 18:38:59.658] [jointLog] [warning] couldn't find transcript named [DQ516780] in transcript <-> gene map; returning transcript as it's own gene
[2021-05-21 18:38:59.658] [jointLog] [warning] couldn't find transcript named [DQ883682] in transcript <-> gene map; returning transcript as it's own gene
[2021-05-21 18:38:59.658] [jointLog] [warning] couldn't find transcript named [DQ883669] in transcript <-> gene map; returning transcript as it's own gene
[2021-05-21 18:38:59.658] [jointLog] [warning] couldn't find transcript named [DQ516791] in transcript <-> gene map; returning transcript as it's own gene
[2021-05-21 18:38:59.658] [jointLog] [warning] couldn't find transcript named [DQ459425] in transcript <-> gene map; returning transcript as it's own gene
[2021-05-21 18:38:59.658] [jointLog] [warning] couldn't find transcript named [DQ516759] in transcript <-> gene map; returning transcript as it's own gene
[2021-05-21 18:38:59.658] [jointLog] [warning] couldn't find transcript named [DQ459429] in transcript <-> gene map; returning transcript as it's own gene
[2021-05-21 18:38:59.658] [jointLog] [warning] couldn't find transcript named [DQ516758] in transcript <-> gene map; returning transcript as it's own gene
[2021-05-21 18:38:59.658] [jointLog] [warning] couldn't find transcript named [DQ459415] in transcript <-> gene map; returning transcript as it's own gene
[2021-05-21 18:38:59.658] [jointLog] [warning] couldn't find transcript named [DQ875387] in transcript <-> gene map; returning transcript as it's own gene
[2021-05-21 18:38:59.658] [jointLog] [warning] couldn't find transcript named [DQ516815] in transcript <-> gene map; returning transcript as it's own gene
[2021-05-21 18:38:59.658] [jointLog] [warning] couldn't find transcript named [DQ668365] in transcript <-> gene map; returning transcript as it's own gene
[2021-05-21 18:38:59.658] [jointLog] [warning] couldn't find transcript named [DQ854998] in transcript <-> gene map; returning transcript as it's own gene
[2021-05-21 18:38:59.658] [jointLog] [warning] couldn't find transcript named [DQ883685] in transcript <-> gene map; returning transcript as it's own gene
[2021-05-21 18:38:59.658] [jointLog] [warning] couldn't find transcript named [DQ459422] in transcript <-> gene map; returning transcript as it's own gene
[2021-05-21 18:38:59.658] [jointLog] [warning] couldn't find transcript named [DQ883663] in transcript <-> gene map; returning transcript as it's own gene
[2021-05-21 18:38:59.658] [jointLog] [warning] couldn't find transcript named [DQ668367] in transcript <-> gene map; returning transcript as it's own gene
[2021-05-21 18:38:59.658] [jointLog] [warning] couldn't find transcript named [DQ459412] in transcript <-> gene map; returning transcript as it's own gene
[2021-05-21 18:38:59.658] [jointLog] [warning] couldn't find transcript named [DQ854992] in transcript <-> gene map; returning transcript as it's own gene
[2021-05-21 18:38:59.658] [jointLog] [warning] couldn't find transcript named [DQ516782] in transcript <-> gene map; returning transcript as it's own gene
[2021-05-21 18:38:59.658] [jointLog] [warning] couldn't find transcript named [DQ459427] in transcript <-> gene map; returning transcript as it's own gene
[2021-05-21 18:38:59.658] [jointLog] [warning] couldn't find transcript named [EF011072] in transcript <-> gene map; returning transcript as it's own gene
[2021-05-21 18:38:59.658] [jointLog] [warning] couldn't find transcript named [DQ855003] in transcript <-> gene map; returning transcript as it's own gene
[2021-05-21 18:38:59.658] [jointLog] [warning] couldn't find transcript named [DQ516739] in transcript <-> gene map; returning transcript as it's own gene
[2021-05-21 18:38:59.658] [jointLog] [warning] couldn't find transcript named [EF011063] in transcript <-> gene map; returning transcript as it's own gene
[2021-05-21 18:38:59.658] [jointLog] [warning] couldn't find transcript named [DQ855000] in transcript <-> gene map; returning transcript as it's own gene
[2021-05-21 18:38:59.658] [jointLog] [warning] couldn't find transcript named [DQ516777] in transcript <-> gene map; returning transcript as it's own gene
[2021-05-21 18:38:59.658] [jointLog] [warning] couldn't find transcript named [DQ883646] in transcript <-> gene map; returning transcript as it's own gene
[2021-05-21 18:38:59.658] [jointLog] [warning] couldn't find transcript named [DQ668362] in transcript <-> gene map; returning transcript as it's own gene
[2021-05-21 18:38:59.658] [jointLog] [warning] couldn't find transcript named [DQ854995] in transcript <-> gene map; returning transcript as it's own gene
[2021-05-21 18:38:59.658] [jointLog] [warning] couldn't find transcript named [DQ875386] in transcript <-> gene map; returning transcript as it's own gene
[2021-05-21 18:38:59.658] [jointLog] [warning] couldn't find transcript named [DQ516790] in transcript <-> gene map; returning transcript as it's own gene
[2021-05-21 18:38:59.658] [jointLog] [warning] couldn't find transcript named [DQ883642] in transcript <-> gene map; returning transcript as it's own gene
[2021-05-21 18:38:59.658] [jointLog] [warning] couldn't find transcript named [DQ883659] in transcript <-> gene map; returning transcript as it's own gene
[2021-05-21 18:38:59.658] [jointLog] [warning] couldn't find transcript named [DQ854997] in transcript <-> gene map; returning transcript as it's own gene
[2021-05-21 18:38:59.658] [jointLog] [warning] couldn't find transcript named [DQ883643] in transcript <-> gene map; returning transcript as it's own gene
[2021-05-21 18:38:59.658] [jointLog] [warning] couldn't find transcript named [DQ839618] in transcript <-> gene map; returning transcript as it's own gene
[2021-05-21 18:38:59.658] [jointLog] [warning] couldn't find transcript named [DQ516795] in transcript <-> gene map; returning transcript as it's own gene
[2021-05-21 18:38:59.658] [jointLog] [warning] couldn't find transcript named [DQ883658] in transcript <-> gene map; returning transcript as it's own gene
[2021-05-21 18:38:59.658] [jointLog] [warning] couldn't find transcript named [DQ516750] in transcript <-> gene map; returning transcript as it's own gene
[2021-05-21 18:38:59.658] [jointLog] [warning] couldn't find transcript named [DQ668359] in transcript <-> gene map; returning transcript as it's own gene
[2021-05-21 18:38:59.658] [jointLog] [warning] couldn't find transcript named [DQ516779] in transcript <-> gene map; returning transcript as it's own gene
[2021-05-21 18:38:59.658] [jointLog] [warning] couldn't find transcript named [DQ668363] in transcript <-> gene map; returning transcript as it's own gene
[2021-05-21 18:38:59.658] [jointLog] [warning] couldn't find transcript named [DQ516776] in transcript <-> gene map; returning transcript as it's own gene
[2021-05-21 18:38:59.658] [jointLog] [warning] couldn't find transcript named [DQ516773] in transcript <-> gene map; returning transcript as it's own gene
[2021-05-21 18:38:59.658] [jointLog] [warning] couldn't find transcript named [DQ854994] in transcript <-> gene map; returning transcript as it's own gene
[2021-05-21 18:38:59.659] [jointLog] [info] Aggregating expressions to gene level
[2021-05-21 18:38:59.822] [jointLog] [info] done
