[2021-05-21 18:24:33.776] [jointLog] [info] setting maxHashResizeThreads to 6
[2021-05-21 18:24:33.776] [jointLog] [info] Fragment incompatibility prior below threshold.  Incompatible fragments will be ignored.
[2021-05-21 18:24:33.777] [jointLog] [info] numQuantThreads = 3
[2021-05-21 18:24:36.982] [jointLog] [info] replaced 4 non-ACGT nucleotides with random nucleotides
[2021-05-21 18:24:37.316] [fileLog] [info] quantification processed 0 fragments so far

[2021-05-21 18:24:40.454] [fileLog] [info] quantification processed 1000000 fragments so far

[2021-05-21 18:24:43.296] [fileLog] [info] quantification processed 2000000 fragments so far

[2021-05-21 18:24:44.294] [jointLog] [info] 

The alignment group queue pool has been exhausted.  2996555 extra fragments were allocated on the heap to saturate the pool.  No new fragments will be allocated


[2021-05-21 18:24:55.656] [fileLog] [info] quantification processed 3000000 fragments so far

[2021-05-21 18:25:13.310] [fileLog] [info] quantification processed 4000000 fragments so far

[2021-05-21 18:25:29.175] [fileLog] [info] quantification processed 5000000 fragments so far

[2021-05-21 18:25:41.984] [fileLog] [info] quantification processed 6000000 fragments so far

[2021-05-21 18:25:54.665] [fileLog] [info] quantification processed 7000000 fragments so far

[2021-05-21 18:25:57.513] [fileLog] [info] quantification processed 8000000 fragments so far

[2021-05-21 18:26:00.295] [fileLog] [info] quantification processed 9000000 fragments so far

[2021-05-21 18:26:03.109] [fileLog] [info] quantification processed 10000000 fragments so far

[2021-05-21 18:26:05.793] [fileLog] [info] quantification processed 11000000 fragments so far

[2021-05-21 18:26:08.409] [fileLog] [info] quantification processed 12000000 fragments so far

[2021-05-21 18:26:11.033] [fileLog] [info] quantification processed 13000000 fragments so far

[2021-05-21 18:26:13.641] [fileLog] [info] quantification processed 14000000 fragments so far

[2021-05-21 18:26:16.277] [fileLog] [info] quantification processed 15000000 fragments so far

[2021-05-21 18:26:19.109] [fileLog] [info] quantification processed 16000000 fragments so far

[2021-05-21 18:26:21.727] [fileLog] [info] quantification processed 17000000 fragments so far

[2021-05-21 18:26:24.311] [fileLog] [info] quantification processed 18000000 fragments so far

[2021-05-21 18:26:27.036] [fileLog] [info] quantification processed 19000000 fragments so far

[2021-05-21 18:26:29.695] [fileLog] [info] quantification processed 20000000 fragments so far

[2021-05-21 18:26:32.379] [fileLog] [info] quantification processed 21000000 fragments so far

[2021-05-21 18:26:35.137] [fileLog] [info] quantification processed 22000000 fragments so far

[2021-05-21 18:26:37.767] [fileLog] [info] quantification processed 23000000 fragments so far

[2021-05-21 18:26:40.463] [fileLog] [info] quantification processed 24000000 fragments so far

[2021-05-21 18:26:43.162] [fileLog] [info] quantification processed 25000000 fragments so far

[2021-05-21 18:26:43.510] [fileLog] [info] quantification processed 25129394 fragments so far

[2021-05-21 18:26:48.825] [jointLog] [info] Thread saw mini-batch with a maximum of 6.80% zero probability fragments
[2021-05-21 18:26:48.828] [jointLog] [info] Thread saw mini-batch with a maximum of 7.80% zero probability fragments
[2021-05-21 18:26:48.828] [jointLog] [info] Thread saw mini-batch with a maximum of 7.20% zero probability fragments
[2021-05-21 18:26:48.828] [jointLog] [info] 


Completed first pass through the alignment file.
Total # of mapped reads : 25129394
# of uniquely mapped reads : 9885864
# ambiguously mapped reads : 15243530



[2021-05-21 18:26:48.998] [jointLog] [info] Computed 225948 rich equivalence classes for further processing
[2021-05-21 18:26:48.998] [jointLog] [info] Counted 24938940 total reads in the equivalence classes 
[2021-05-21 18:26:49.001] [jointLog] [info] starting optimizer
[2021-05-21 18:26:49.114] [jointLog] [info] Marked 0 weighted equivalence classes as degenerate
[2021-05-21 18:26:49.133] [jointLog] [info] iteration = 0 | max rel diff. = 8737.74
[2021-05-21 18:26:50.713] [jointLog] [info] iteration = 100 | max rel diff. = 13.7319
[2021-05-21 18:26:52.269] [jointLog] [info] iteration = 200 | max rel diff. = 14.5502
[2021-05-21 18:26:53.806] [jointLog] [info] iteration = 300 | max rel diff. = 1.03724
[2021-05-21 18:26:55.378] [jointLog] [info] iteration = 400 | max rel diff. = 9.61199
[2021-05-21 18:26:56.939] [jointLog] [info] iteration = 500 | max rel diff. = 4.06737
[2021-05-21 18:26:58.490] [jointLog] [info] iteration = 600 | max rel diff. = 0.217025
[2021-05-21 18:27:00.040] [jointLog] [info] iteration = 700 | max rel diff. = 1.46248
[2021-05-21 18:27:01.594] [jointLog] [info] iteration = 800 | max rel diff. = 0.0623617
[2021-05-21 18:27:03.135] [jointLog] [info] iteration = 900 | max rel diff. = 0.183844
[2021-05-21 18:27:04.692] [jointLog] [info] iteration = 1000 | max rel diff. = 0.144723
[2021-05-21 18:27:06.229] [jointLog] [info] iteration = 1100 | max rel diff. = 0.128093
[2021-05-21 18:27:07.777] [jointLog] [info] iteration = 1200 | max rel diff. = 0.0951125
[2021-05-21 18:27:09.327] [jointLog] [info] iteration = 1300 | max rel diff. = 0.0200776
[2021-05-21 18:27:10.863] [jointLog] [info] iteration = 1400 | max rel diff. = 0.125364
[2021-05-21 18:27:12.410] [jointLog] [info] iteration = 1500 | max rel diff. = 0.0362606
[2021-05-21 18:27:13.935] [jointLog] [info] iteration = 1600 | max rel diff. = 0.13002
[2021-05-21 18:27:15.483] [jointLog] [info] iteration = 1700 | max rel diff. = 0.027231
[2021-05-21 18:27:16.305] [jointLog] [info] iteration = 1755 | max rel diff. = 0.00716329
[2021-05-21 18:27:16.337] [jointLog] [info] finished optimizer
[2021-05-21 18:27:16.337] [jointLog] [info] writing output
[2021-05-21 18:27:18.221] [jointLog] [info] Computing gene-level abundance estimates
[2021-05-21 18:27:48.164] [jointLog] [warning] Feature has no GFF ID
[2021-05-21 18:27:48.164] [jointLog] [warning] Feature has no GFF ID
[2021-05-21 18:27:48.164] [jointLog] [warning] Feature has no GFF ID
[2021-05-21 18:27:48.164] [jointLog] [warning] Feature has no GFF ID
[2021-05-21 18:27:48.164] [jointLog] [warning] Feature has no GFF ID
[2021-05-21 18:27:48.164] [jointLog] [warning] Feature has no GFF ID
[2021-05-21 18:27:48.164] [jointLog] [warning] Feature has no GFF ID
[2021-05-21 18:27:48.164] [jointLog] [warning] Feature has no GFF ID
[2021-05-21 18:27:48.164] [jointLog] [warning] Feature has no GFF ID
[2021-05-21 18:27:48.164] [jointLog] [warning] Feature has no GFF ID
[2021-05-21 18:27:48.164] [jointLog] [warning] Feature has no GFF ID
[2021-05-21 18:27:48.164] [jointLog] [warning] Feature has no GFF ID
[2021-05-21 18:27:48.164] [jointLog] [warning] Feature has no GFF ID
[2021-05-21 18:27:48.164] [jointLog] [warning] Feature has no GFF ID
[2021-05-21 18:27:48.164] [jointLog] [warning] Feature has no GFF ID
[2021-05-21 18:27:48.164] [jointLog] [warning] Feature has no GFF ID
[2021-05-21 18:27:48.164] [jointLog] [warning] Feature has no GFF ID
[2021-05-21 18:27:48.164] [jointLog] [warning] Feature has no GFF ID
[2021-05-21 18:27:48.164] [jointLog] [warning] Feature has no GFF ID
[2021-05-21 18:27:48.164] [jointLog] [warning] Feature has no GFF ID
[2021-05-21 18:27:48.164] [jointLog] [warning] Feature has no GFF ID
[2021-05-21 18:27:48.164] [jointLog] [warning] Feature has no GFF ID
[2021-05-21 18:27:48.164] [jointLog] [warning] Feature has no GFF ID
[2021-05-21 18:27:48.164] [jointLog] [warning] Feature has no GFF ID
[2021-05-21 18:27:48.164] [jointLog] [warning] Feature has no GFF ID
[2021-05-21 18:27:48.164] [jointLog] [warning] Feature has no GFF ID
[2021-05-21 18:27:48.164] [jointLog] [warning] Feature has no GFF ID
[2021-05-21 18:27:48.164] [jointLog] [warning] Feature has no GFF ID
[2021-05-21 18:27:48.164] [jointLog] [warning] Feature has no GFF ID
[2021-05-21 18:27:48.164] [jointLog] [warning] Feature has no GFF ID
[2021-05-21 18:27:48.164] [jointLog] [warning] Feature has no GFF ID
[2021-05-21 18:27:48.164] [jointLog] [warning] Feature has no GFF ID
[2021-05-21 18:27:48.164] [jointLog] [warning] Feature has no GFF ID
[2021-05-21 18:27:48.164] [jointLog] [warning] Feature has no GFF ID
[2021-05-21 18:27:48.164] [jointLog] [warning] Feature has no GFF ID
[2021-05-21 18:27:48.164] [jointLog] [warning] Feature has no GFF ID
[2021-05-21 18:27:48.164] [jointLog] [warning] Feature has no GFF ID
[2021-05-21 18:27:48.164] [jointLog] [warning] Feature has no GFF ID
[2021-05-21 18:27:48.164] [jointLog] [warning] Feature has no GFF ID
[2021-05-21 18:27:48.164] [jointLog] [warning] Feature has no GFF ID
[2021-05-21 18:27:48.164] [jointLog] [warning] Feature has no GFF ID
[2021-05-21 18:27:48.164] [jointLog] [warning] Feature has no GFF ID
[2021-05-21 18:27:48.164] [jointLog] [warning] Feature has no GFF ID
[2021-05-21 18:27:48.164] [jointLog] [warning] Feature has no GFF ID
[2021-05-21 18:27:48.164] [jointLog] [warning] Feature has no GFF ID
[2021-05-21 18:27:48.164] [jointLog] [warning] Feature has no GFF ID
[2021-05-21 18:27:48.164] [jointLog] [warning] Feature has no GFF ID
[2021-05-21 18:27:48.164] [jointLog] [warning] Feature has no GFF ID
[2021-05-21 18:27:48.164] [jointLog] [warning] Feature has no GFF ID
[2021-05-21 18:27:48.164] [jointLog] [warning] Feature has no GFF ID
[2021-05-21 18:27:48.164] [jointLog] [warning] Feature has no GFF ID
[2021-05-21 18:27:48.164] [jointLog] [warning] Feature has no GFF ID
[2021-05-21 18:27:48.164] [jointLog] [warning] Feature has no GFF ID
[2021-05-21 18:27:48.164] [jointLog] [warning] Feature has no GFF ID
[2021-05-21 18:27:48.164] [jointLog] [warning] Feature has no GFF ID
[2021-05-21 18:27:48.164] [jointLog] [warning] Feature has no GFF ID
[2021-05-21 18:27:48.164] [jointLog] [warning] Feature has no GFF ID
[2021-05-21 18:27:48.164] [jointLog] [warning] Feature has no GFF ID
[2021-05-21 18:27:48.164] [jointLog] [warning] Feature has no GFF ID
[2021-05-21 18:27:48.164] [jointLog] [warning] Feature has no GFF ID
[2021-05-21 18:27:48.164] [jointLog] [warning] Feature has no GFF ID
[2021-05-21 18:27:48.164] [jointLog] [warning] Feature has no GFF ID
[2021-05-21 18:27:48.164] [jointLog] [warning] Feature has no GFF ID
[2021-05-21 18:27:48.164] [jointLog] [warning] Feature has no GFF ID
[2021-05-21 18:27:48.164] [jointLog] [warning] Feature has no GFF ID
[2021-05-21 18:27:48.164] [jointLog] [warning] Feature has no GFF ID
[2021-05-21 18:27:48.164] [jointLog] [warning] Feature has no GFF ID
[2021-05-21 18:27:48.164] [jointLog] [warning] Feature has no GFF ID
[2021-05-21 18:27:48.164] [jointLog] [warning] Feature has no GFF ID
[2021-05-21 18:27:48.164] [jointLog] [warning] Feature has no GFF ID
[2021-05-21 18:27:48.164] [jointLog] [warning] Feature has no GFF ID
[2021-05-21 18:27:48.164] [jointLog] [warning] Feature has no GFF ID
[2021-05-21 18:27:48.164] [jointLog] [warning] Feature has no GFF ID
[2021-05-21 18:27:48.164] [jointLog] [warning] Feature has no GFF ID
[2021-05-21 18:27:48.164] [jointLog] [warning] Feature has no GFF ID
[2021-05-21 18:27:48.164] [jointLog] [warning] Feature has no GFF ID
[2021-05-21 18:27:48.164] [jointLog] [warning] Feature has no GFF ID
[2021-05-21 18:27:48.164] [jointLog] [warning] Feature has no GFF ID
[2021-05-21 18:27:48.164] [jointLog] [warning] Feature has no GFF ID
[2021-05-21 18:27:48.164] [jointLog] [warning] Feature has no GFF ID
[2021-05-21 18:27:48.164] [jointLog] [warning] Feature has no GFF ID
[2021-05-21 18:27:48.164] [jointLog] [warning] Feature has no GFF ID
[2021-05-21 18:27:48.164] [jointLog] [warning] Feature has no GFF ID
[2021-05-21 18:27:48.164] [jointLog] [warning] Feature has no GFF ID
[2021-05-21 18:27:48.164] [jointLog] [warning] Feature has no GFF ID
[2021-05-21 18:27:48.164] [jointLog] [warning] Feature has no GFF ID
[2021-05-21 18:27:48.164] [jointLog] [warning] Feature has no GFF ID
[2021-05-21 18:27:48.164] [jointLog] [warning] Feature has no GFF ID
[2021-05-21 18:27:48.164] [jointLog] [warning] Feature has no GFF ID
[2021-05-21 18:27:48.164] [jointLog] [warning] Feature has no GFF ID
[2021-05-21 18:27:48.164] [jointLog] [warning] Feature has no GFF ID
[2021-05-21 18:27:48.164] [jointLog] [warning] Feature has no GFF ID
[2021-05-21 18:27:48.490] [jointLog] [info] There were 142604 transcripts mapping to 55401 genes
[2021-05-21 18:27:48.490] [jointLog] [info] NOTE: We recommend using tximport (https://bioconductor.org/packages/release/bioc/html/tximport.html) for aggregating transcript-level salmon abundance estimates to the gene level.  It is more versatile, exposes more features, and allows considering multi-sample information during aggregation.
[2021-05-21 18:27:48.808] [jointLog] [warning] couldn't find transcript named [DQ459430] in transcript <-> gene map; returning transcript as it's own gene
[2021-05-21 18:27:48.808] [jointLog] [warning] couldn't find transcript named [DQ516784] in transcript <-> gene map; returning transcript as it's own gene
[2021-05-21 18:27:48.808] [jointLog] [warning] couldn't find transcript named [DQ516752] in transcript <-> gene map; returning transcript as it's own gene
[2021-05-21 18:27:48.808] [jointLog] [warning] couldn't find transcript named [DQ668364] in transcript <-> gene map; returning transcript as it's own gene
[2021-05-21 18:27:48.808] [jointLog] [warning] couldn't find transcript named [DQ883670] in transcript <-> gene map; returning transcript as it's own gene
[2021-05-21 18:27:48.808] [jointLog] [warning] couldn't find transcript named [EF011062] in transcript <-> gene map; returning transcript as it's own gene
[2021-05-21 18:27:48.808] [jointLog] [warning] couldn't find transcript named [DQ875385] in transcript <-> gene map; returning transcript as it's own gene
[2021-05-21 18:27:48.808] [jointLog] [warning] couldn't find transcript named [DQ883664] in transcript <-> gene map; returning transcript as it's own gene
[2021-05-21 18:27:48.808] [jointLog] [warning] couldn't find transcript named [DQ459420] in transcript <-> gene map; returning transcript as it's own gene
[2021-05-21 18:27:48.808] [jointLog] [warning] couldn't find transcript named [DQ883651] in transcript <-> gene map; returning transcript as it's own gene
[2021-05-21 18:27:48.808] [jointLog] [warning] couldn't find transcript named [DQ855004] in transcript <-> gene map; returning transcript as it's own gene
[2021-05-21 18:27:48.808] [jointLog] [warning] couldn't find transcript named [DQ854993] in transcript <-> gene map; returning transcript as it's own gene
[2021-05-21 18:27:48.808] [jointLog] [warning] couldn't find transcript named [DQ883689] in transcript <-> gene map; returning transcript as it's own gene
[2021-05-21 18:27:48.808] [jointLog] [warning] couldn't find transcript named [DQ459419] in transcript <-> gene map; returning transcript as it's own gene
[2021-05-21 18:27:48.808] [jointLog] [warning] couldn't find transcript named [DQ459431] in transcript <-> gene map; returning transcript as it's own gene
[2021-05-21 18:27:48.808] [jointLog] [warning] couldn't find transcript named [DQ516796] in transcript <-> gene map; returning transcript as it's own gene
[2021-05-21 18:27:48.808] [jointLog] [warning] couldn't find transcript named [DQ855001] in transcript <-> gene map; returning transcript as it's own gene
[2021-05-21 18:27:48.808] [jointLog] [warning] couldn't find transcript named [DQ459413] in transcript <-> gene map; returning transcript as it's own gene
[2021-05-21 18:27:48.808] [jointLog] [warning] couldn't find transcript named [DQ883656] in transcript <-> gene map; returning transcript as it's own gene
[2021-05-21 18:27:48.808] [jointLog] [warning] couldn't find transcript named [DQ883661] in transcript <-> gene map; returning transcript as it's own gene
[2021-05-21 18:27:48.808] [jointLog] [warning] couldn't find transcript named [EF011069] in transcript <-> gene map; returning transcript as it's own gene
[2021-05-21 18:27:48.808] [jointLog] [warning] couldn't find transcript named [DQ516783] in transcript <-> gene map; returning transcript as it's own gene
[2021-05-21 18:27:48.808] [jointLog] [warning] couldn't find transcript named [DQ516787] in transcript <-> gene map; returning transcript as it's own gene
[2021-05-21 18:27:48.808] [jointLog] [warning] couldn't find transcript named [DQ459424] in transcript <-> gene map; returning transcript as it's own gene
[2021-05-21 18:27:48.808] [jointLog] [warning] couldn't find transcript named [DQ516748] in transcript <-> gene map; returning transcript as it's own gene
[2021-05-21 18:27:48.808] [jointLog] [warning] couldn't find transcript named [DQ883671] in transcript <-> gene map; returning transcript as it's own gene
[2021-05-21 18:27:48.808] [jointLog] [warning] couldn't find transcript named [DQ516740] in transcript <-> gene map; returning transcript as it's own gene
[2021-05-21 18:27:48.808] [jointLog] [warning] couldn't find transcript named [DQ516785] in transcript <-> gene map; returning transcript as it's own gene
[2021-05-21 18:27:48.808] [jointLog] [warning] couldn't find transcript named [DQ516731] in transcript <-> gene map; returning transcript as it's own gene
[2021-05-21 18:27:48.808] [jointLog] [warning] couldn't find transcript named [DQ668366] in transcript <-> gene map; returning transcript as it's own gene
[2021-05-21 18:27:48.808] [jointLog] [warning] couldn't find transcript named [DQ459418] in transcript <-> gene map; returning transcript as it's own gene
[2021-05-21 18:27:48.808] [jointLog] [warning] couldn't find transcript named [DQ668356] in transcript <-> gene map; returning transcript as it's own gene
[2021-05-21 18:27:48.808] [jointLog] [warning] couldn't find transcript named [DQ516763] in transcript <-> gene map; returning transcript as it's own gene
[2021-05-21 18:27:48.808] [jointLog] [warning] couldn't find transcript named [DQ459426] in transcript <-> gene map; returning transcript as it's own gene
[2021-05-21 18:27:48.808] [jointLog] [warning] couldn't find transcript named [DQ516786] in transcript <-> gene map; returning transcript as it's own gene
[2021-05-21 18:27:48.808] [jointLog] [warning] couldn't find transcript named [DQ883653] in transcript <-> gene map; returning transcript as it's own gene
[2021-05-21 18:27:48.808] [jointLog] [warning] couldn't find transcript named [DQ459421] in transcript <-> gene map; returning transcript as it's own gene
[2021-05-21 18:27:48.808] [jointLog] [warning] couldn't find transcript named [DQ883654] in transcript <-> gene map; returning transcript as it's own gene
[2021-05-21 18:27:48.808] [jointLog] [warning] couldn't find transcript named [DQ668358] in transcript <-> gene map; returning transcript as it's own gene
[2021-05-21 18:27:48.808] [jointLog] [warning] couldn't find transcript named [DQ516754] in transcript <-> gene map; returning transcript as it's own gene
[2021-05-21 18:27:48.808] [jointLog] [warning] couldn't find transcript named [DQ516778] in transcript <-> gene map; returning transcript as it's own gene
[2021-05-21 18:27:48.808] [jointLog] [warning] couldn't find transcript named [DQ883650] in transcript <-> gene map; returning transcript as it's own gene
[2021-05-21 18:27:48.808] [jointLog] [warning] couldn't find transcript named [DQ516742] in transcript <-> gene map; returning transcript as it's own gene
[2021-05-21 18:27:48.808] [jointLog] [warning] couldn't find transcript named [DQ883673] in transcript <-> gene map; returning transcript as it's own gene
[2021-05-21 18:27:48.808] [jointLog] [warning] couldn't find transcript named [DQ883652] in transcript <-> gene map; returning transcript as it's own gene
[2021-05-21 18:27:48.808] [jointLog] [warning] couldn't find transcript named [DQ854991] in transcript <-> gene map; returning transcript as it's own gene
[2021-05-21 18:27:48.808] [jointLog] [warning] couldn't find transcript named [DQ516780] in transcript <-> gene map; returning transcript as it's own gene
[2021-05-21 18:27:48.808] [jointLog] [warning] couldn't find transcript named [DQ883682] in transcript <-> gene map; returning transcript as it's own gene
[2021-05-21 18:27:48.808] [jointLog] [warning] couldn't find transcript named [DQ883669] in transcript <-> gene map; returning transcript as it's own gene
[2021-05-21 18:27:48.808] [jointLog] [warning] couldn't find transcript named [DQ516791] in transcript <-> gene map; returning transcript as it's own gene
[2021-05-21 18:27:48.808] [jointLog] [warning] couldn't find transcript named [DQ459425] in transcript <-> gene map; returning transcript as it's own gene
[2021-05-21 18:27:48.808] [jointLog] [warning] couldn't find transcript named [DQ516759] in transcript <-> gene map; returning transcript as it's own gene
[2021-05-21 18:27:48.808] [jointLog] [warning] couldn't find transcript named [DQ459429] in transcript <-> gene map; returning transcript as it's own gene
[2021-05-21 18:27:48.808] [jointLog] [warning] couldn't find transcript named [DQ516758] in transcript <-> gene map; returning transcript as it's own gene
[2021-05-21 18:27:48.808] [jointLog] [warning] couldn't find transcript named [DQ459415] in transcript <-> gene map; returning transcript as it's own gene
[2021-05-21 18:27:48.808] [jointLog] [warning] couldn't find transcript named [DQ875387] in transcript <-> gene map; returning transcript as it's own gene
[2021-05-21 18:27:48.808] [jointLog] [warning] couldn't find transcript named [DQ516815] in transcript <-> gene map; returning transcript as it's own gene
[2021-05-21 18:27:48.808] [jointLog] [warning] couldn't find transcript named [DQ668365] in transcript <-> gene map; returning transcript as it's own gene
[2021-05-21 18:27:48.808] [jointLog] [warning] couldn't find transcript named [DQ854998] in transcript <-> gene map; returning transcript as it's own gene
[2021-05-21 18:27:48.808] [jointLog] [warning] couldn't find transcript named [DQ883685] in transcript <-> gene map; returning transcript as it's own gene
[2021-05-21 18:27:48.808] [jointLog] [warning] couldn't find transcript named [DQ459422] in transcript <-> gene map; returning transcript as it's own gene
[2021-05-21 18:27:48.808] [jointLog] [warning] couldn't find transcript named [DQ883663] in transcript <-> gene map; returning transcript as it's own gene
[2021-05-21 18:27:48.808] [jointLog] [warning] couldn't find transcript named [DQ668367] in transcript <-> gene map; returning transcript as it's own gene
[2021-05-21 18:27:48.808] [jointLog] [warning] couldn't find transcript named [DQ459412] in transcript <-> gene map; returning transcript as it's own gene
[2021-05-21 18:27:48.808] [jointLog] [warning] couldn't find transcript named [DQ854992] in transcript <-> gene map; returning transcript as it's own gene
[2021-05-21 18:27:48.808] [jointLog] [warning] couldn't find transcript named [DQ516782] in transcript <-> gene map; returning transcript as it's own gene
[2021-05-21 18:27:48.808] [jointLog] [warning] couldn't find transcript named [DQ459427] in transcript <-> gene map; returning transcript as it's own gene
[2021-05-21 18:27:48.808] [jointLog] [warning] couldn't find transcript named [EF011072] in transcript <-> gene map; returning transcript as it's own gene
[2021-05-21 18:27:48.808] [jointLog] [warning] couldn't find transcript named [DQ855003] in transcript <-> gene map; returning transcript as it's own gene
[2021-05-21 18:27:48.808] [jointLog] [warning] couldn't find transcript named [DQ516739] in transcript <-> gene map; returning transcript as it's own gene
[2021-05-21 18:27:48.808] [jointLog] [warning] couldn't find transcript named [EF011063] in transcript <-> gene map; returning transcript as it's own gene
[2021-05-21 18:27:48.808] [jointLog] [warning] couldn't find transcript named [DQ855000] in transcript <-> gene map; returning transcript as it's own gene
[2021-05-21 18:27:48.808] [jointLog] [warning] couldn't find transcript named [DQ516777] in transcript <-> gene map; returning transcript as it's own gene
[2021-05-21 18:27:48.808] [jointLog] [warning] couldn't find transcript named [DQ883646] in transcript <-> gene map; returning transcript as it's own gene
[2021-05-21 18:27:48.808] [jointLog] [warning] couldn't find transcript named [DQ668362] in transcript <-> gene map; returning transcript as it's own gene
[2021-05-21 18:27:48.808] [jointLog] [warning] couldn't find transcript named [DQ854995] in transcript <-> gene map; returning transcript as it's own gene
[2021-05-21 18:27:48.808] [jointLog] [warning] couldn't find transcript named [DQ875386] in transcript <-> gene map; returning transcript as it's own gene
[2021-05-21 18:27:48.808] [jointLog] [warning] couldn't find transcript named [DQ516790] in transcript <-> gene map; returning transcript as it's own gene
[2021-05-21 18:27:48.808] [jointLog] [warning] couldn't find transcript named [DQ883642] in transcript <-> gene map; returning transcript as it's own gene
[2021-05-21 18:27:48.808] [jointLog] [warning] couldn't find transcript named [DQ883659] in transcript <-> gene map; returning transcript as it's own gene
[2021-05-21 18:27:48.808] [jointLog] [warning] couldn't find transcript named [DQ854997] in transcript <-> gene map; returning transcript as it's own gene
[2021-05-21 18:27:48.808] [jointLog] [warning] couldn't find transcript named [DQ883643] in transcript <-> gene map; returning transcript as it's own gene
[2021-05-21 18:27:48.808] [jointLog] [warning] couldn't find transcript named [DQ839618] in transcript <-> gene map; returning transcript as it's own gene
[2021-05-21 18:27:48.808] [jointLog] [warning] couldn't find transcript named [DQ516795] in transcript <-> gene map; returning transcript as it's own gene
[2021-05-21 18:27:48.808] [jointLog] [warning] couldn't find transcript named [DQ883658] in transcript <-> gene map; returning transcript as it's own gene
[2021-05-21 18:27:48.808] [jointLog] [warning] couldn't find transcript named [DQ516750] in transcript <-> gene map; returning transcript as it's own gene
[2021-05-21 18:27:48.808] [jointLog] [warning] couldn't find transcript named [DQ668359] in transcript <-> gene map; returning transcript as it's own gene
[2021-05-21 18:27:48.808] [jointLog] [warning] couldn't find transcript named [DQ516779] in transcript <-> gene map; returning transcript as it's own gene
[2021-05-21 18:27:48.808] [jointLog] [warning] couldn't find transcript named [DQ668363] in transcript <-> gene map; returning transcript as it's own gene
[2021-05-21 18:27:48.808] [jointLog] [warning] couldn't find transcript named [DQ516776] in transcript <-> gene map; returning transcript as it's own gene
[2021-05-21 18:27:48.808] [jointLog] [warning] couldn't find transcript named [DQ516773] in transcript <-> gene map; returning transcript as it's own gene
[2021-05-21 18:27:48.808] [jointLog] [warning] couldn't find transcript named [DQ854994] in transcript <-> gene map; returning transcript as it's own gene
[2021-05-21 18:27:48.808] [jointLog] [info] Aggregating expressions to gene level
[2021-05-21 18:27:48.997] [jointLog] [info] done
