[2021-04-27 20:20:13.755] [jointLog] [info] setting maxHashResizeThreads to 6
[2021-04-27 20:20:13.755] [jointLog] [info] Fragment incompatibility prior below threshold.  Incompatible fragments will be ignored.
[2021-04-27 20:20:13.757] [jointLog] [info] numQuantThreads = 3
[2021-04-27 20:20:17.865] [jointLog] [info] replaced 4 non-ACGT nucleotides with random nucleotides
[2021-04-27 20:20:18.136] [fileLog] [info] quantification processed 0 fragments so far

[2021-04-27 20:20:20.959] [fileLog] [info] quantification processed 1000000 fragments so far

[2021-04-27 20:20:23.963] [fileLog] [info] quantification processed 2000000 fragments so far

[2021-04-27 20:20:25.139] [jointLog] [info] 

The alignment group queue pool has been exhausted.  2970352 extra fragments were allocated on the heap to saturate the pool.  No new fragments will be allocated


[2021-04-27 20:20:34.239] [fileLog] [info] quantification processed 3000000 fragments so far

[2021-04-27 20:20:51.102] [fileLog] [info] quantification processed 4000000 fragments so far

[2021-04-27 20:21:06.571] [fileLog] [info] quantification processed 5000000 fragments so far

[2021-04-27 20:21:21.508] [fileLog] [info] quantification processed 6000000 fragments so far

[2021-04-27 20:21:36.997] [fileLog] [info] quantification processed 7000000 fragments so far

[2021-04-27 20:21:40.315] [fileLog] [info] quantification processed 8000000 fragments so far

[2021-04-27 20:21:43.677] [fileLog] [info] quantification processed 9000000 fragments so far

[2021-04-27 20:21:46.956] [fileLog] [info] quantification processed 10000000 fragments so far

[2021-04-27 20:21:50.155] [fileLog] [info] quantification processed 11000000 fragments so far

[2021-04-27 20:21:53.113] [fileLog] [info] quantification processed 12000000 fragments so far

[2021-04-27 20:21:56.114] [fileLog] [info] quantification processed 13000000 fragments so far

[2021-04-27 20:21:59.413] [fileLog] [info] quantification processed 14000000 fragments so far

[2021-04-27 20:22:02.605] [fileLog] [info] quantification processed 15000000 fragments so far

[2021-04-27 20:22:05.747] [fileLog] [info] quantification processed 16000000 fragments so far

[2021-04-27 20:22:08.819] [fileLog] [info] quantification processed 17000000 fragments so far

[2021-04-27 20:22:11.980] [fileLog] [info] quantification processed 18000000 fragments so far

[2021-04-27 20:22:15.116] [fileLog] [info] quantification processed 19000000 fragments so far

[2021-04-27 20:22:18.213] [fileLog] [info] quantification processed 20000000 fragments so far

[2021-04-27 20:22:21.346] [fileLog] [info] quantification processed 21000000 fragments so far

[2021-04-27 20:22:24.616] [fileLog] [info] quantification processed 22000000 fragments so far

[2021-04-27 20:22:28.048] [fileLog] [info] quantification processed 23000000 fragments so far

[2021-04-27 20:22:31.331] [fileLog] [info] quantification processed 24000000 fragments so far

[2021-04-27 20:22:34.588] [fileLog] [info] quantification processed 25000000 fragments so far

[2021-04-27 20:22:37.724] [fileLog] [info] quantification processed 26000000 fragments so far

[2021-04-27 20:22:40.945] [fileLog] [info] quantification processed 27000000 fragments so far

[2021-04-27 20:22:44.022] [fileLog] [info] quantification processed 28000000 fragments so far

[2021-04-27 20:22:45.006] [fileLog] [info] quantification processed 28329950 fragments so far

[2021-04-27 20:22:50.741] [jointLog] [info] Thread saw mini-batch with a maximum of 2.40% zero probability fragments
[2021-04-27 20:22:50.745] [jointLog] [info] Thread saw mini-batch with a maximum of 2.40% zero probability fragments
[2021-04-27 20:22:50.748] [jointLog] [info] Thread saw mini-batch with a maximum of 1.50% zero probability fragments
[2021-04-27 20:22:50.748] [jointLog] [info] 


Completed first pass through the alignment file.
Total # of mapped reads : 28329950
# of uniquely mapped reads : 10860992
# ambiguously mapped reads : 17468958



[2021-04-27 20:22:50.892] [jointLog] [info] Computed 229634 rich equivalence classes for further processing
[2021-04-27 20:22:50.892] [jointLog] [info] Counted 28202736 total reads in the equivalence classes 
[2021-04-27 20:22:50.894] [jointLog] [info] starting optimizer
[2021-04-27 20:22:50.994] [jointLog] [info] Marked 0 weighted equivalence classes as degenerate
[2021-04-27 20:22:51.014] [jointLog] [info] iteration = 0 | max rel diff. = 8307.11
[2021-04-27 20:22:52.626] [jointLog] [info] iteration = 100 | max rel diff. = 14.6204
[2021-04-27 20:22:54.227] [jointLog] [info] iteration = 200 | max rel diff. = 1.35594
[2021-04-27 20:22:55.836] [jointLog] [info] iteration = 300 | max rel diff. = 3.28475
[2021-04-27 20:22:57.458] [jointLog] [info] iteration = 400 | max rel diff. = 4.03675
[2021-04-27 20:22:59.066] [jointLog] [info] iteration = 500 | max rel diff. = 0.154687
[2021-04-27 20:23:00.667] [jointLog] [info] iteration = 600 | max rel diff. = 0.272143
[2021-04-27 20:23:02.280] [jointLog] [info] iteration = 700 | max rel diff. = 0.054992
[2021-04-27 20:23:03.877] [jointLog] [info] iteration = 800 | max rel diff. = 0.0749941
[2021-04-27 20:23:05.471] [jointLog] [info] iteration = 900 | max rel diff. = 0.0414458
[2021-04-27 20:23:07.066] [jointLog] [info] iteration = 1000 | max rel diff. = 0.702352
[2021-04-27 20:23:08.663] [jointLog] [info] iteration = 1100 | max rel diff. = 0.0780243
[2021-04-27 20:23:10.257] [jointLog] [info] iteration = 1200 | max rel diff. = 0.0447026
[2021-04-27 20:23:11.850] [jointLog] [info] iteration = 1300 | max rel diff. = 0.0977734
[2021-04-27 20:23:13.450] [jointLog] [info] iteration = 1400 | max rel diff. = 1.33614
[2021-04-27 20:23:15.044] [jointLog] [info] iteration = 1500 | max rel diff. = 0.0150338
[2021-04-27 20:23:16.637] [jointLog] [info] iteration = 1600 | max rel diff. = 0.025311
[2021-04-27 20:23:18.231] [jointLog] [info] iteration = 1700 | max rel diff. = 0.0197596
[2021-04-27 20:23:19.828] [jointLog] [info] iteration = 1800 | max rel diff. = 0.100785
[2021-04-27 20:23:21.418] [jointLog] [info] iteration = 1900 | max rel diff. = 0.0154631
[2021-04-27 20:23:22.482] [jointLog] [info] iteration = 1968 | max rel diff. = 0.00337879
[2021-04-27 20:23:22.516] [jointLog] [info] finished optimizer
[2021-04-27 20:23:22.516] [jointLog] [info] writing output
[2021-04-27 20:23:24.263] [jointLog] [info] Computing gene-level abundance estimates
[2021-04-27 20:23:54.074] [jointLog] [warning] Feature has no GFF ID
[2021-04-27 20:23:54.074] [jointLog] [warning] Feature has no GFF ID
[2021-04-27 20:23:54.074] [jointLog] [warning] Feature has no GFF ID
[2021-04-27 20:23:54.074] [jointLog] [warning] Feature has no GFF ID
[2021-04-27 20:23:54.074] [jointLog] [warning] Feature has no GFF ID
[2021-04-27 20:23:54.074] [jointLog] [warning] Feature has no GFF ID
[2021-04-27 20:23:54.074] [jointLog] [warning] Feature has no GFF ID
[2021-04-27 20:23:54.074] [jointLog] [warning] Feature has no GFF ID
[2021-04-27 20:23:54.074] [jointLog] [warning] Feature has no GFF ID
[2021-04-27 20:23:54.074] [jointLog] [warning] Feature has no GFF ID
[2021-04-27 20:23:54.074] [jointLog] [warning] Feature has no GFF ID
[2021-04-27 20:23:54.074] [jointLog] [warning] Feature has no GFF ID
[2021-04-27 20:23:54.074] [jointLog] [warning] Feature has no GFF ID
[2021-04-27 20:23:54.074] [jointLog] [warning] Feature has no GFF ID
[2021-04-27 20:23:54.074] [jointLog] [warning] Feature has no GFF ID
[2021-04-27 20:23:54.074] [jointLog] [warning] Feature has no GFF ID
[2021-04-27 20:23:54.074] [jointLog] [warning] Feature has no GFF ID
[2021-04-27 20:23:54.074] [jointLog] [warning] Feature has no GFF ID
[2021-04-27 20:23:54.074] [jointLog] [warning] Feature has no GFF ID
[2021-04-27 20:23:54.074] [jointLog] [warning] Feature has no GFF ID
[2021-04-27 20:23:54.074] [jointLog] [warning] Feature has no GFF ID
[2021-04-27 20:23:54.074] [jointLog] [warning] Feature has no GFF ID
[2021-04-27 20:23:54.074] [jointLog] [warning] Feature has no GFF ID
[2021-04-27 20:23:54.074] [jointLog] [warning] Feature has no GFF ID
[2021-04-27 20:23:54.074] [jointLog] [warning] Feature has no GFF ID
[2021-04-27 20:23:54.074] [jointLog] [warning] Feature has no GFF ID
[2021-04-27 20:23:54.074] [jointLog] [warning] Feature has no GFF ID
[2021-04-27 20:23:54.074] [jointLog] [warning] Feature has no GFF ID
[2021-04-27 20:23:54.074] [jointLog] [warning] Feature has no GFF ID
[2021-04-27 20:23:54.074] [jointLog] [warning] Feature has no GFF ID
[2021-04-27 20:23:54.074] [jointLog] [warning] Feature has no GFF ID
[2021-04-27 20:23:54.074] [jointLog] [warning] Feature has no GFF ID
[2021-04-27 20:23:54.074] [jointLog] [warning] Feature has no GFF ID
[2021-04-27 20:23:54.074] [jointLog] [warning] Feature has no GFF ID
[2021-04-27 20:23:54.074] [jointLog] [warning] Feature has no GFF ID
[2021-04-27 20:23:54.074] [jointLog] [warning] Feature has no GFF ID
[2021-04-27 20:23:54.074] [jointLog] [warning] Feature has no GFF ID
[2021-04-27 20:23:54.074] [jointLog] [warning] Feature has no GFF ID
[2021-04-27 20:23:54.074] [jointLog] [warning] Feature has no GFF ID
[2021-04-27 20:23:54.074] [jointLog] [warning] Feature has no GFF ID
[2021-04-27 20:23:54.074] [jointLog] [warning] Feature has no GFF ID
[2021-04-27 20:23:54.074] [jointLog] [warning] Feature has no GFF ID
[2021-04-27 20:23:54.074] [jointLog] [warning] Feature has no GFF ID
[2021-04-27 20:23:54.074] [jointLog] [warning] Feature has no GFF ID
[2021-04-27 20:23:54.074] [jointLog] [warning] Feature has no GFF ID
[2021-04-27 20:23:54.074] [jointLog] [warning] Feature has no GFF ID
[2021-04-27 20:23:54.074] [jointLog] [warning] Feature has no GFF ID
[2021-04-27 20:23:54.074] [jointLog] [warning] Feature has no GFF ID
[2021-04-27 20:23:54.074] [jointLog] [warning] Feature has no GFF ID
[2021-04-27 20:23:54.074] [jointLog] [warning] Feature has no GFF ID
[2021-04-27 20:23:54.074] [jointLog] [warning] Feature has no GFF ID
[2021-04-27 20:23:54.074] [jointLog] [warning] Feature has no GFF ID
[2021-04-27 20:23:54.074] [jointLog] [warning] Feature has no GFF ID
[2021-04-27 20:23:54.074] [jointLog] [warning] Feature has no GFF ID
[2021-04-27 20:23:54.074] [jointLog] [warning] Feature has no GFF ID
[2021-04-27 20:23:54.074] [jointLog] [warning] Feature has no GFF ID
[2021-04-27 20:23:54.074] [jointLog] [warning] Feature has no GFF ID
[2021-04-27 20:23:54.074] [jointLog] [warning] Feature has no GFF ID
[2021-04-27 20:23:54.074] [jointLog] [warning] Feature has no GFF ID
[2021-04-27 20:23:54.074] [jointLog] [warning] Feature has no GFF ID
[2021-04-27 20:23:54.074] [jointLog] [warning] Feature has no GFF ID
[2021-04-27 20:23:54.074] [jointLog] [warning] Feature has no GFF ID
[2021-04-27 20:23:54.074] [jointLog] [warning] Feature has no GFF ID
[2021-04-27 20:23:54.074] [jointLog] [warning] Feature has no GFF ID
[2021-04-27 20:23:54.074] [jointLog] [warning] Feature has no GFF ID
[2021-04-27 20:23:54.074] [jointLog] [warning] Feature has no GFF ID
[2021-04-27 20:23:54.074] [jointLog] [warning] Feature has no GFF ID
[2021-04-27 20:23:54.074] [jointLog] [warning] Feature has no GFF ID
[2021-04-27 20:23:54.074] [jointLog] [warning] Feature has no GFF ID
[2021-04-27 20:23:54.074] [jointLog] [warning] Feature has no GFF ID
[2021-04-27 20:23:54.074] [jointLog] [warning] Feature has no GFF ID
[2021-04-27 20:23:54.074] [jointLog] [warning] Feature has no GFF ID
[2021-04-27 20:23:54.074] [jointLog] [warning] Feature has no GFF ID
[2021-04-27 20:23:54.074] [jointLog] [warning] Feature has no GFF ID
[2021-04-27 20:23:54.074] [jointLog] [warning] Feature has no GFF ID
[2021-04-27 20:23:54.074] [jointLog] [warning] Feature has no GFF ID
[2021-04-27 20:23:54.074] [jointLog] [warning] Feature has no GFF ID
[2021-04-27 20:23:54.074] [jointLog] [warning] Feature has no GFF ID
[2021-04-27 20:23:54.074] [jointLog] [warning] Feature has no GFF ID
[2021-04-27 20:23:54.074] [jointLog] [warning] Feature has no GFF ID
[2021-04-27 20:23:54.074] [jointLog] [warning] Feature has no GFF ID
[2021-04-27 20:23:54.074] [jointLog] [warning] Feature has no GFF ID
[2021-04-27 20:23:54.074] [jointLog] [warning] Feature has no GFF ID
[2021-04-27 20:23:54.074] [jointLog] [warning] Feature has no GFF ID
[2021-04-27 20:23:54.074] [jointLog] [warning] Feature has no GFF ID
[2021-04-27 20:23:54.074] [jointLog] [warning] Feature has no GFF ID
[2021-04-27 20:23:54.074] [jointLog] [warning] Feature has no GFF ID
[2021-04-27 20:23:54.074] [jointLog] [warning] Feature has no GFF ID
[2021-04-27 20:23:54.074] [jointLog] [warning] Feature has no GFF ID
[2021-04-27 20:23:54.074] [jointLog] [warning] Feature has no GFF ID
[2021-04-27 20:23:54.074] [jointLog] [warning] Feature has no GFF ID
[2021-04-27 20:23:54.074] [jointLog] [warning] Feature has no GFF ID
[2021-04-27 20:23:54.383] [jointLog] [info] There were 142604 transcripts mapping to 55401 genes
[2021-04-27 20:23:54.383] [jointLog] [info] NOTE: We recommend using tximport (https://bioconductor.org/packages/release/bioc/html/tximport.html) for aggregating transcript-level salmon abundance estimates to the gene level.  It is more versatile, exposes more features, and allows considering multi-sample information during aggregation.
[2021-04-27 20:23:54.655] [jointLog] [warning] couldn't find transcript named [DQ459430] in transcript <-> gene map; returning transcript as it's own gene
[2021-04-27 20:23:54.655] [jointLog] [warning] couldn't find transcript named [DQ516784] in transcript <-> gene map; returning transcript as it's own gene
[2021-04-27 20:23:54.655] [jointLog] [warning] couldn't find transcript named [DQ516752] in transcript <-> gene map; returning transcript as it's own gene
[2021-04-27 20:23:54.655] [jointLog] [warning] couldn't find transcript named [DQ668364] in transcript <-> gene map; returning transcript as it's own gene
[2021-04-27 20:23:54.655] [jointLog] [warning] couldn't find transcript named [DQ883670] in transcript <-> gene map; returning transcript as it's own gene
[2021-04-27 20:23:54.655] [jointLog] [warning] couldn't find transcript named [EF011062] in transcript <-> gene map; returning transcript as it's own gene
[2021-04-27 20:23:54.655] [jointLog] [warning] couldn't find transcript named [DQ875385] in transcript <-> gene map; returning transcript as it's own gene
[2021-04-27 20:23:54.655] [jointLog] [warning] couldn't find transcript named [DQ883664] in transcript <-> gene map; returning transcript as it's own gene
[2021-04-27 20:23:54.655] [jointLog] [warning] couldn't find transcript named [DQ459420] in transcript <-> gene map; returning transcript as it's own gene
[2021-04-27 20:23:54.655] [jointLog] [warning] couldn't find transcript named [DQ883651] in transcript <-> gene map; returning transcript as it's own gene
[2021-04-27 20:23:54.655] [jointLog] [warning] couldn't find transcript named [DQ855004] in transcript <-> gene map; returning transcript as it's own gene
[2021-04-27 20:23:54.655] [jointLog] [warning] couldn't find transcript named [DQ854993] in transcript <-> gene map; returning transcript as it's own gene
[2021-04-27 20:23:54.655] [jointLog] [warning] couldn't find transcript named [DQ883689] in transcript <-> gene map; returning transcript as it's own gene
[2021-04-27 20:23:54.655] [jointLog] [warning] couldn't find transcript named [DQ459419] in transcript <-> gene map; returning transcript as it's own gene
[2021-04-27 20:23:54.655] [jointLog] [warning] couldn't find transcript named [DQ459431] in transcript <-> gene map; returning transcript as it's own gene
[2021-04-27 20:23:54.655] [jointLog] [warning] couldn't find transcript named [DQ516796] in transcript <-> gene map; returning transcript as it's own gene
[2021-04-27 20:23:54.655] [jointLog] [warning] couldn't find transcript named [DQ855001] in transcript <-> gene map; returning transcript as it's own gene
[2021-04-27 20:23:54.655] [jointLog] [warning] couldn't find transcript named [DQ459413] in transcript <-> gene map; returning transcript as it's own gene
[2021-04-27 20:23:54.655] [jointLog] [warning] couldn't find transcript named [DQ883656] in transcript <-> gene map; returning transcript as it's own gene
[2021-04-27 20:23:54.655] [jointLog] [warning] couldn't find transcript named [DQ883661] in transcript <-> gene map; returning transcript as it's own gene
[2021-04-27 20:23:54.655] [jointLog] [warning] couldn't find transcript named [EF011069] in transcript <-> gene map; returning transcript as it's own gene
[2021-04-27 20:23:54.655] [jointLog] [warning] couldn't find transcript named [DQ516783] in transcript <-> gene map; returning transcript as it's own gene
[2021-04-27 20:23:54.655] [jointLog] [warning] couldn't find transcript named [DQ516787] in transcript <-> gene map; returning transcript as it's own gene
[2021-04-27 20:23:54.655] [jointLog] [warning] couldn't find transcript named [DQ459424] in transcript <-> gene map; returning transcript as it's own gene
[2021-04-27 20:23:54.655] [jointLog] [warning] couldn't find transcript named [DQ516748] in transcript <-> gene map; returning transcript as it's own gene
[2021-04-27 20:23:54.655] [jointLog] [warning] couldn't find transcript named [DQ883671] in transcript <-> gene map; returning transcript as it's own gene
[2021-04-27 20:23:54.655] [jointLog] [warning] couldn't find transcript named [DQ516740] in transcript <-> gene map; returning transcript as it's own gene
[2021-04-27 20:23:54.655] [jointLog] [warning] couldn't find transcript named [DQ516785] in transcript <-> gene map; returning transcript as it's own gene
[2021-04-27 20:23:54.655] [jointLog] [warning] couldn't find transcript named [DQ516731] in transcript <-> gene map; returning transcript as it's own gene
[2021-04-27 20:23:54.655] [jointLog] [warning] couldn't find transcript named [DQ668366] in transcript <-> gene map; returning transcript as it's own gene
[2021-04-27 20:23:54.655] [jointLog] [warning] couldn't find transcript named [DQ459418] in transcript <-> gene map; returning transcript as it's own gene
[2021-04-27 20:23:54.655] [jointLog] [warning] couldn't find transcript named [DQ668356] in transcript <-> gene map; returning transcript as it's own gene
[2021-04-27 20:23:54.655] [jointLog] [warning] couldn't find transcript named [DQ516763] in transcript <-> gene map; returning transcript as it's own gene
[2021-04-27 20:23:54.655] [jointLog] [warning] couldn't find transcript named [DQ459426] in transcript <-> gene map; returning transcript as it's own gene
[2021-04-27 20:23:54.655] [jointLog] [warning] couldn't find transcript named [DQ516786] in transcript <-> gene map; returning transcript as it's own gene
[2021-04-27 20:23:54.655] [jointLog] [warning] couldn't find transcript named [DQ883653] in transcript <-> gene map; returning transcript as it's own gene
[2021-04-27 20:23:54.655] [jointLog] [warning] couldn't find transcript named [DQ459421] in transcript <-> gene map; returning transcript as it's own gene
[2021-04-27 20:23:54.655] [jointLog] [warning] couldn't find transcript named [DQ883654] in transcript <-> gene map; returning transcript as it's own gene
[2021-04-27 20:23:54.655] [jointLog] [warning] couldn't find transcript named [DQ668358] in transcript <-> gene map; returning transcript as it's own gene
[2021-04-27 20:23:54.655] [jointLog] [warning] couldn't find transcript named [DQ516754] in transcript <-> gene map; returning transcript as it's own gene
[2021-04-27 20:23:54.655] [jointLog] [warning] couldn't find transcript named [DQ516778] in transcript <-> gene map; returning transcript as it's own gene
[2021-04-27 20:23:54.655] [jointLog] [warning] couldn't find transcript named [DQ883650] in transcript <-> gene map; returning transcript as it's own gene
[2021-04-27 20:23:54.655] [jointLog] [warning] couldn't find transcript named [DQ516742] in transcript <-> gene map; returning transcript as it's own gene
[2021-04-27 20:23:54.655] [jointLog] [warning] couldn't find transcript named [DQ883673] in transcript <-> gene map; returning transcript as it's own gene
[2021-04-27 20:23:54.655] [jointLog] [warning] couldn't find transcript named [DQ883652] in transcript <-> gene map; returning transcript as it's own gene
[2021-04-27 20:23:54.655] [jointLog] [warning] couldn't find transcript named [DQ854991] in transcript <-> gene map; returning transcript as it's own gene
[2021-04-27 20:23:54.655] [jointLog] [warning] couldn't find transcript named [DQ516780] in transcript <-> gene map; returning transcript as it's own gene
[2021-04-27 20:23:54.655] [jointLog] [warning] couldn't find transcript named [DQ883682] in transcript <-> gene map; returning transcript as it's own gene
[2021-04-27 20:23:54.655] [jointLog] [warning] couldn't find transcript named [DQ883669] in transcript <-> gene map; returning transcript as it's own gene
[2021-04-27 20:23:54.655] [jointLog] [warning] couldn't find transcript named [DQ516791] in transcript <-> gene map; returning transcript as it's own gene
[2021-04-27 20:23:54.655] [jointLog] [warning] couldn't find transcript named [DQ459425] in transcript <-> gene map; returning transcript as it's own gene
[2021-04-27 20:23:54.655] [jointLog] [warning] couldn't find transcript named [DQ516759] in transcript <-> gene map; returning transcript as it's own gene
[2021-04-27 20:23:54.655] [jointLog] [warning] couldn't find transcript named [DQ459429] in transcript <-> gene map; returning transcript as it's own gene
[2021-04-27 20:23:54.655] [jointLog] [warning] couldn't find transcript named [DQ516758] in transcript <-> gene map; returning transcript as it's own gene
[2021-04-27 20:23:54.655] [jointLog] [warning] couldn't find transcript named [DQ459415] in transcript <-> gene map; returning transcript as it's own gene
[2021-04-27 20:23:54.655] [jointLog] [warning] couldn't find transcript named [DQ875387] in transcript <-> gene map; returning transcript as it's own gene
[2021-04-27 20:23:54.655] [jointLog] [warning] couldn't find transcript named [DQ516815] in transcript <-> gene map; returning transcript as it's own gene
[2021-04-27 20:23:54.655] [jointLog] [warning] couldn't find transcript named [DQ668365] in transcript <-> gene map; returning transcript as it's own gene
[2021-04-27 20:23:54.655] [jointLog] [warning] couldn't find transcript named [DQ854998] in transcript <-> gene map; returning transcript as it's own gene
[2021-04-27 20:23:54.655] [jointLog] [warning] couldn't find transcript named [DQ883685] in transcript <-> gene map; returning transcript as it's own gene
[2021-04-27 20:23:54.655] [jointLog] [warning] couldn't find transcript named [DQ459422] in transcript <-> gene map; returning transcript as it's own gene
[2021-04-27 20:23:54.655] [jointLog] [warning] couldn't find transcript named [DQ883663] in transcript <-> gene map; returning transcript as it's own gene
[2021-04-27 20:23:54.655] [jointLog] [warning] couldn't find transcript named [DQ668367] in transcript <-> gene map; returning transcript as it's own gene
[2021-04-27 20:23:54.655] [jointLog] [warning] couldn't find transcript named [DQ459412] in transcript <-> gene map; returning transcript as it's own gene
[2021-04-27 20:23:54.655] [jointLog] [warning] couldn't find transcript named [DQ854992] in transcript <-> gene map; returning transcript as it's own gene
[2021-04-27 20:23:54.655] [jointLog] [warning] couldn't find transcript named [DQ516782] in transcript <-> gene map; returning transcript as it's own gene
[2021-04-27 20:23:54.655] [jointLog] [warning] couldn't find transcript named [DQ459427] in transcript <-> gene map; returning transcript as it's own gene
[2021-04-27 20:23:54.655] [jointLog] [warning] couldn't find transcript named [EF011072] in transcript <-> gene map; returning transcript as it's own gene
[2021-04-27 20:23:54.655] [jointLog] [warning] couldn't find transcript named [DQ855003] in transcript <-> gene map; returning transcript as it's own gene
[2021-04-27 20:23:54.655] [jointLog] [warning] couldn't find transcript named [DQ516739] in transcript <-> gene map; returning transcript as it's own gene
[2021-04-27 20:23:54.655] [jointLog] [warning] couldn't find transcript named [EF011063] in transcript <-> gene map; returning transcript as it's own gene
[2021-04-27 20:23:54.655] [jointLog] [warning] couldn't find transcript named [DQ855000] in transcript <-> gene map; returning transcript as it's own gene
[2021-04-27 20:23:54.655] [jointLog] [warning] couldn't find transcript named [DQ516777] in transcript <-> gene map; returning transcript as it's own gene
[2021-04-27 20:23:54.655] [jointLog] [warning] couldn't find transcript named [DQ883646] in transcript <-> gene map; returning transcript as it's own gene
[2021-04-27 20:23:54.655] [jointLog] [warning] couldn't find transcript named [DQ668362] in transcript <-> gene map; returning transcript as it's own gene
[2021-04-27 20:23:54.655] [jointLog] [warning] couldn't find transcript named [DQ854995] in transcript <-> gene map; returning transcript as it's own gene
[2021-04-27 20:23:54.655] [jointLog] [warning] couldn't find transcript named [DQ875386] in transcript <-> gene map; returning transcript as it's own gene
[2021-04-27 20:23:54.655] [jointLog] [warning] couldn't find transcript named [DQ516790] in transcript <-> gene map; returning transcript as it's own gene
[2021-04-27 20:23:54.655] [jointLog] [warning] couldn't find transcript named [DQ883642] in transcript <-> gene map; returning transcript as it's own gene
[2021-04-27 20:23:54.655] [jointLog] [warning] couldn't find transcript named [DQ883659] in transcript <-> gene map; returning transcript as it's own gene
[2021-04-27 20:23:54.655] [jointLog] [warning] couldn't find transcript named [DQ854997] in transcript <-> gene map; returning transcript as it's own gene
[2021-04-27 20:23:54.655] [jointLog] [warning] couldn't find transcript named [DQ883643] in transcript <-> gene map; returning transcript as it's own gene
[2021-04-27 20:23:54.655] [jointLog] [warning] couldn't find transcript named [DQ839618] in transcript <-> gene map; returning transcript as it's own gene
[2021-04-27 20:23:54.655] [jointLog] [warning] couldn't find transcript named [DQ516795] in transcript <-> gene map; returning transcript as it's own gene
[2021-04-27 20:23:54.655] [jointLog] [warning] couldn't find transcript named [DQ883658] in transcript <-> gene map; returning transcript as it's own gene
[2021-04-27 20:23:54.655] [jointLog] [warning] couldn't find transcript named [DQ516750] in transcript <-> gene map; returning transcript as it's own gene
[2021-04-27 20:23:54.655] [jointLog] [warning] couldn't find transcript named [DQ668359] in transcript <-> gene map; returning transcript as it's own gene
[2021-04-27 20:23:54.655] [jointLog] [warning] couldn't find transcript named [DQ516779] in transcript <-> gene map; returning transcript as it's own gene
[2021-04-27 20:23:54.655] [jointLog] [warning] couldn't find transcript named [DQ668363] in transcript <-> gene map; returning transcript as it's own gene
[2021-04-27 20:23:54.655] [jointLog] [warning] couldn't find transcript named [DQ516776] in transcript <-> gene map; returning transcript as it's own gene
[2021-04-27 20:23:54.655] [jointLog] [warning] couldn't find transcript named [DQ516773] in transcript <-> gene map; returning transcript as it's own gene
[2021-04-27 20:23:54.655] [jointLog] [warning] couldn't find transcript named [DQ854994] in transcript <-> gene map; returning transcript as it's own gene
[2021-04-27 20:23:54.655] [jointLog] [info] Aggregating expressions to gene level
[2021-04-27 20:23:54.894] [jointLog] [info] done
