[2021-04-27 22:04:08.704] [jointLog] [info] setting maxHashResizeThreads to 6
[2021-04-27 22:04:08.704] [jointLog] [info] Fragment incompatibility prior below threshold.  Incompatible fragments will be ignored.
[2021-04-27 22:04:08.723] [jointLog] [info] numQuantThreads = 3
[2021-04-27 22:04:11.721] [jointLog] [info] replaced 4 non-ACGT nucleotides with random nucleotides
[2021-04-27 22:04:11.997] [fileLog] [info] quantification processed 0 fragments so far

[2021-04-27 22:04:15.501] [fileLog] [info] quantification processed 1000000 fragments so far

[2021-04-27 22:04:18.799] [fileLog] [info] quantification processed 2000000 fragments so far

[2021-04-27 22:04:20.478] [jointLog] [info] 

The alignment group queue pool has been exhausted.  3140395 extra fragments were allocated on the heap to saturate the pool.  No new fragments will be allocated


[2021-04-27 22:04:29.058] [fileLog] [info] quantification processed 3000000 fragments so far

[2021-04-27 22:04:45.562] [fileLog] [info] quantification processed 4000000 fragments so far

[2021-04-27 22:05:00.866] [fileLog] [info] quantification processed 5000000 fragments so far

[2021-04-27 22:05:15.945] [fileLog] [info] quantification processed 6000000 fragments so far

[2021-04-27 22:05:30.435] [fileLog] [info] quantification processed 7000000 fragments so far

[2021-04-27 22:05:33.847] [fileLog] [info] quantification processed 8000000 fragments so far

[2021-04-27 22:05:37.162] [fileLog] [info] quantification processed 9000000 fragments so far

[2021-04-27 22:05:40.772] [fileLog] [info] quantification processed 10000000 fragments so far

[2021-04-27 22:05:43.989] [fileLog] [info] quantification processed 11000000 fragments so far

[2021-04-27 22:05:47.337] [fileLog] [info] quantification processed 12000000 fragments so far

[2021-04-27 22:05:50.416] [fileLog] [info] quantification processed 13000000 fragments so far

[2021-04-27 22:05:53.636] [fileLog] [info] quantification processed 14000000 fragments so far

[2021-04-27 22:05:56.804] [fileLog] [info] quantification processed 15000000 fragments so far

[2021-04-27 22:06:00.154] [fileLog] [info] quantification processed 16000000 fragments so far

[2021-04-27 22:06:03.546] [fileLog] [info] quantification processed 17000000 fragments so far

[2021-04-27 22:06:06.893] [fileLog] [info] quantification processed 18000000 fragments so far

[2021-04-27 22:06:10.196] [fileLog] [info] quantification processed 19000000 fragments so far

[2021-04-27 22:06:13.551] [fileLog] [info] quantification processed 20000000 fragments so far

[2021-04-27 22:06:16.799] [fileLog] [info] quantification processed 21000000 fragments so far

[2021-04-27 22:06:20.266] [fileLog] [info] quantification processed 22000000 fragments so far

[2021-04-27 22:06:23.599] [fileLog] [info] quantification processed 23000000 fragments so far

[2021-04-27 22:06:26.881] [fileLog] [info] quantification processed 24000000 fragments so far

[2021-04-27 22:06:30.267] [fileLog] [info] quantification processed 25000000 fragments so far

[2021-04-27 22:06:33.695] [fileLog] [info] quantification processed 26000000 fragments so far

[2021-04-27 22:06:37.111] [fileLog] [info] quantification processed 27000000 fragments so far

[2021-04-27 22:06:40.515] [fileLog] [info] quantification processed 28000000 fragments so far

[2021-04-27 22:06:44.011] [fileLog] [info] quantification processed 29000000 fragments so far

[2021-04-27 22:06:47.380] [fileLog] [info] quantification processed 30000000 fragments so far

[2021-04-27 22:06:50.705] [fileLog] [info] quantification processed 31000000 fragments so far

[2021-04-27 22:06:54.094] [fileLog] [info] quantification processed 32000000 fragments so far

[2021-04-27 22:06:57.440] [fileLog] [info] quantification processed 33000000 fragments so far

[2021-04-27 22:07:00.771] [fileLog] [info] quantification processed 34000000 fragments so far

[2021-04-27 22:07:04.104] [fileLog] [info] quantification processed 35000000 fragments so far

[2021-04-27 22:07:07.481] [fileLog] [info] quantification processed 36000000 fragments so far

[2021-04-27 22:07:10.870] [fileLog] [info] quantification processed 37000000 fragments so far

[2021-04-27 22:07:14.250] [fileLog] [info] quantification processed 38000000 fragments so far

[2021-04-27 22:07:17.674] [fileLog] [info] quantification processed 39000000 fragments so far

[2021-04-27 22:07:21.045] [fileLog] [info] quantification processed 40000000 fragments so far

[2021-04-27 22:07:24.399] [fileLog] [info] quantification processed 41000000 fragments so far

[2021-04-27 22:07:27.627] [fileLog] [info] quantification processed 42000000 fragments so far

[2021-04-27 22:07:30.907] [fileLog] [info] quantification processed 43000000 fragments so far

[2021-04-27 22:07:34.371] [fileLog] [info] quantification processed 44000000 fragments so far

[2021-04-27 22:07:37.789] [fileLog] [info] quantification processed 45000000 fragments so far

[2021-04-27 22:07:41.124] [fileLog] [info] quantification processed 46000000 fragments so far

[2021-04-27 22:07:44.484] [fileLog] [info] quantification processed 47000000 fragments so far

[2021-04-27 22:07:47.927] [fileLog] [info] quantification processed 48000000 fragments so far

[2021-04-27 22:07:51.222] [fileLog] [info] quantification processed 49000000 fragments so far

[2021-04-27 22:07:54.596] [fileLog] [info] quantification processed 50000000 fragments so far

[2021-04-27 22:07:57.980] [fileLog] [info] quantification processed 51000000 fragments so far

[2021-04-27 22:08:01.359] [fileLog] [info] quantification processed 52000000 fragments so far

[2021-04-27 22:08:04.821] [fileLog] [info] quantification processed 53000000 fragments so far

[2021-04-27 22:08:08.305] [fileLog] [info] quantification processed 54000000 fragments so far

[2021-04-27 22:08:11.635] [fileLog] [info] quantification processed 55000000 fragments so far

[2021-04-27 22:08:14.846] [fileLog] [info] quantification processed 56000000 fragments so far

[2021-04-27 22:08:17.961] [fileLog] [info] quantification processed 57000000 fragments so far

[2021-04-27 22:08:21.209] [fileLog] [info] quantification processed 58000000 fragments so far

[2021-04-27 22:08:24.435] [fileLog] [info] quantification processed 59000000 fragments so far

[2021-04-27 22:08:25.893] [fileLog] [info] quantification processed 59327978 fragments so far

[2021-04-27 22:08:31.533] [jointLog] [info] Thread saw mini-batch with a maximum of 6.10% zero probability fragments
[2021-04-27 22:08:31.535] [jointLog] [info] Thread saw mini-batch with a maximum of 5.10% zero probability fragments
[2021-04-27 22:08:31.537] [jointLog] [info] Thread saw mini-batch with a maximum of 6.80% zero probability fragments
[2021-04-27 22:08:31.538] [jointLog] [info] 


Completed first pass through the alignment file.
Total # of mapped reads : 59327978
# of uniquely mapped reads : 22693570
# ambiguously mapped reads : 36634408



[2021-04-27 22:08:31.689] [jointLog] [info] Computed 171804 rich equivalence classes for further processing
[2021-04-27 22:08:31.689] [jointLog] [info] Counted 58986140 total reads in the equivalence classes 
[2021-04-27 22:08:31.691] [jointLog] [info] starting optimizer
[2021-04-27 22:08:31.808] [jointLog] [info] Marked 0 weighted equivalence classes as degenerate
[2021-04-27 22:08:31.827] [jointLog] [info] iteration = 0 | max rel diff. = 40.3345
[2021-04-27 22:08:33.253] [jointLog] [info] iteration = 100 | max rel diff. = 3.34985
[2021-04-27 22:08:34.679] [jointLog] [info] iteration = 200 | max rel diff. = 1.53788
[2021-04-27 22:08:36.107] [jointLog] [info] iteration = 300 | max rel diff. = 1.61813
[2021-04-27 22:08:37.538] [jointLog] [info] iteration = 400 | max rel diff. = 2.40608
[2021-04-27 22:08:38.991] [jointLog] [info] iteration = 500 | max rel diff. = 0.546336
[2021-04-27 22:08:40.438] [jointLog] [info] iteration = 600 | max rel diff. = 1.29831
[2021-04-27 22:08:41.872] [jointLog] [info] iteration = 700 | max rel diff. = 2.42131
[2021-04-27 22:08:43.279] [jointLog] [info] iteration = 800 | max rel diff. = 0.258662
[2021-04-27 22:08:44.693] [jointLog] [info] iteration = 900 | max rel diff. = 0.551972
[2021-04-27 22:08:46.094] [jointLog] [info] iteration = 1000 | max rel diff. = 0.112634
[2021-04-27 22:08:47.517] [jointLog] [info] iteration = 1100 | max rel diff. = 0.0540965
[2021-04-27 22:08:48.932] [jointLog] [info] iteration = 1200 | max rel diff. = 0.0453326
[2021-04-27 22:08:50.349] [jointLog] [info] iteration = 1300 | max rel diff. = 0.195783
[2021-04-27 22:08:51.752] [jointLog] [info] iteration = 1400 | max rel diff. = 1.01815
[2021-04-27 22:08:53.169] [jointLog] [info] iteration = 1500 | max rel diff. = 3.85666
[2021-04-27 22:08:54.575] [jointLog] [info] iteration = 1600 | max rel diff. = 3.11662
[2021-04-27 22:08:55.979] [jointLog] [info] iteration = 1700 | max rel diff. = 0.0375229
[2021-04-27 22:08:57.387] [jointLog] [info] iteration = 1800 | max rel diff. = 0.114399
[2021-04-27 22:08:58.791] [jointLog] [info] iteration = 1900 | max rel diff. = 0.195574
[2021-04-27 22:08:59.759] [jointLog] [info] iteration = 1969 | max rel diff. = 0.00947683
[2021-04-27 22:08:59.792] [jointLog] [info] finished optimizer
[2021-04-27 22:08:59.792] [jointLog] [info] writing output
[2021-04-27 22:09:01.435] [jointLog] [info] Computing gene-level abundance estimates
[2021-04-27 22:09:29.179] [jointLog] [warning] Feature has no GFF ID
[2021-04-27 22:09:29.179] [jointLog] [warning] Feature has no GFF ID
[2021-04-27 22:09:29.179] [jointLog] [warning] Feature has no GFF ID
[2021-04-27 22:09:29.179] [jointLog] [warning] Feature has no GFF ID
[2021-04-27 22:09:29.179] [jointLog] [warning] Feature has no GFF ID
[2021-04-27 22:09:29.179] [jointLog] [warning] Feature has no GFF ID
[2021-04-27 22:09:29.179] [jointLog] [warning] Feature has no GFF ID
[2021-04-27 22:09:29.179] [jointLog] [warning] Feature has no GFF ID
[2021-04-27 22:09:29.179] [jointLog] [warning] Feature has no GFF ID
[2021-04-27 22:09:29.179] [jointLog] [warning] Feature has no GFF ID
[2021-04-27 22:09:29.179] [jointLog] [warning] Feature has no GFF ID
[2021-04-27 22:09:29.179] [jointLog] [warning] Feature has no GFF ID
[2021-04-27 22:09:29.179] [jointLog] [warning] Feature has no GFF ID
[2021-04-27 22:09:29.179] [jointLog] [warning] Feature has no GFF ID
[2021-04-27 22:09:29.179] [jointLog] [warning] Feature has no GFF ID
[2021-04-27 22:09:29.179] [jointLog] [warning] Feature has no GFF ID
[2021-04-27 22:09:29.179] [jointLog] [warning] Feature has no GFF ID
[2021-04-27 22:09:29.179] [jointLog] [warning] Feature has no GFF ID
[2021-04-27 22:09:29.179] [jointLog] [warning] Feature has no GFF ID
[2021-04-27 22:09:29.179] [jointLog] [warning] Feature has no GFF ID
[2021-04-27 22:09:29.179] [jointLog] [warning] Feature has no GFF ID
[2021-04-27 22:09:29.179] [jointLog] [warning] Feature has no GFF ID
[2021-04-27 22:09:29.179] [jointLog] [warning] Feature has no GFF ID
[2021-04-27 22:09:29.179] [jointLog] [warning] Feature has no GFF ID
[2021-04-27 22:09:29.179] [jointLog] [warning] Feature has no GFF ID
[2021-04-27 22:09:29.179] [jointLog] [warning] Feature has no GFF ID
[2021-04-27 22:09:29.179] [jointLog] [warning] Feature has no GFF ID
[2021-04-27 22:09:29.179] [jointLog] [warning] Feature has no GFF ID
[2021-04-27 22:09:29.179] [jointLog] [warning] Feature has no GFF ID
[2021-04-27 22:09:29.179] [jointLog] [warning] Feature has no GFF ID
[2021-04-27 22:09:29.179] [jointLog] [warning] Feature has no GFF ID
[2021-04-27 22:09:29.179] [jointLog] [warning] Feature has no GFF ID
[2021-04-27 22:09:29.179] [jointLog] [warning] Feature has no GFF ID
[2021-04-27 22:09:29.179] [jointLog] [warning] Feature has no GFF ID
[2021-04-27 22:09:29.179] [jointLog] [warning] Feature has no GFF ID
[2021-04-27 22:09:29.179] [jointLog] [warning] Feature has no GFF ID
[2021-04-27 22:09:29.179] [jointLog] [warning] Feature has no GFF ID
[2021-04-27 22:09:29.179] [jointLog] [warning] Feature has no GFF ID
[2021-04-27 22:09:29.179] [jointLog] [warning] Feature has no GFF ID
[2021-04-27 22:09:29.179] [jointLog] [warning] Feature has no GFF ID
[2021-04-27 22:09:29.179] [jointLog] [warning] Feature has no GFF ID
[2021-04-27 22:09:29.179] [jointLog] [warning] Feature has no GFF ID
[2021-04-27 22:09:29.179] [jointLog] [warning] Feature has no GFF ID
[2021-04-27 22:09:29.179] [jointLog] [warning] Feature has no GFF ID
[2021-04-27 22:09:29.179] [jointLog] [warning] Feature has no GFF ID
[2021-04-27 22:09:29.179] [jointLog] [warning] Feature has no GFF ID
[2021-04-27 22:09:29.179] [jointLog] [warning] Feature has no GFF ID
[2021-04-27 22:09:29.179] [jointLog] [warning] Feature has no GFF ID
[2021-04-27 22:09:29.179] [jointLog] [warning] Feature has no GFF ID
[2021-04-27 22:09:29.179] [jointLog] [warning] Feature has no GFF ID
[2021-04-27 22:09:29.179] [jointLog] [warning] Feature has no GFF ID
[2021-04-27 22:09:29.179] [jointLog] [warning] Feature has no GFF ID
[2021-04-27 22:09:29.179] [jointLog] [warning] Feature has no GFF ID
[2021-04-27 22:09:29.179] [jointLog] [warning] Feature has no GFF ID
[2021-04-27 22:09:29.179] [jointLog] [warning] Feature has no GFF ID
[2021-04-27 22:09:29.179] [jointLog] [warning] Feature has no GFF ID
[2021-04-27 22:09:29.179] [jointLog] [warning] Feature has no GFF ID
[2021-04-27 22:09:29.179] [jointLog] [warning] Feature has no GFF ID
[2021-04-27 22:09:29.179] [jointLog] [warning] Feature has no GFF ID
[2021-04-27 22:09:29.179] [jointLog] [warning] Feature has no GFF ID
[2021-04-27 22:09:29.179] [jointLog] [warning] Feature has no GFF ID
[2021-04-27 22:09:29.179] [jointLog] [warning] Feature has no GFF ID
[2021-04-27 22:09:29.179] [jointLog] [warning] Feature has no GFF ID
[2021-04-27 22:09:29.179] [jointLog] [warning] Feature has no GFF ID
[2021-04-27 22:09:29.179] [jointLog] [warning] Feature has no GFF ID
[2021-04-27 22:09:29.179] [jointLog] [warning] Feature has no GFF ID
[2021-04-27 22:09:29.179] [jointLog] [warning] Feature has no GFF ID
[2021-04-27 22:09:29.179] [jointLog] [warning] Feature has no GFF ID
[2021-04-27 22:09:29.179] [jointLog] [warning] Feature has no GFF ID
[2021-04-27 22:09:29.179] [jointLog] [warning] Feature has no GFF ID
[2021-04-27 22:09:29.179] [jointLog] [warning] Feature has no GFF ID
[2021-04-27 22:09:29.179] [jointLog] [warning] Feature has no GFF ID
[2021-04-27 22:09:29.179] [jointLog] [warning] Feature has no GFF ID
[2021-04-27 22:09:29.179] [jointLog] [warning] Feature has no GFF ID
[2021-04-27 22:09:29.179] [jointLog] [warning] Feature has no GFF ID
[2021-04-27 22:09:29.179] [jointLog] [warning] Feature has no GFF ID
[2021-04-27 22:09:29.179] [jointLog] [warning] Feature has no GFF ID
[2021-04-27 22:09:29.179] [jointLog] [warning] Feature has no GFF ID
[2021-04-27 22:09:29.179] [jointLog] [warning] Feature has no GFF ID
[2021-04-27 22:09:29.179] [jointLog] [warning] Feature has no GFF ID
[2021-04-27 22:09:29.179] [jointLog] [warning] Feature has no GFF ID
[2021-04-27 22:09:29.179] [jointLog] [warning] Feature has no GFF ID
[2021-04-27 22:09:29.179] [jointLog] [warning] Feature has no GFF ID
[2021-04-27 22:09:29.179] [jointLog] [warning] Feature has no GFF ID
[2021-04-27 22:09:29.179] [jointLog] [warning] Feature has no GFF ID
[2021-04-27 22:09:29.179] [jointLog] [warning] Feature has no GFF ID
[2021-04-27 22:09:29.179] [jointLog] [warning] Feature has no GFF ID
[2021-04-27 22:09:29.179] [jointLog] [warning] Feature has no GFF ID
[2021-04-27 22:09:29.179] [jointLog] [warning] Feature has no GFF ID
[2021-04-27 22:09:29.179] [jointLog] [warning] Feature has no GFF ID
[2021-04-27 22:09:29.179] [jointLog] [warning] Feature has no GFF ID
[2021-04-27 22:09:29.179] [jointLog] [warning] Feature has no GFF ID
[2021-04-27 22:09:29.497] [jointLog] [info] There were 142604 transcripts mapping to 55401 genes
[2021-04-27 22:09:29.498] [jointLog] [info] NOTE: We recommend using tximport (https://bioconductor.org/packages/release/bioc/html/tximport.html) for aggregating transcript-level salmon abundance estimates to the gene level.  It is more versatile, exposes more features, and allows considering multi-sample information during aggregation.
[2021-04-27 22:09:29.835] [jointLog] [warning] couldn't find transcript named [DQ459430] in transcript <-> gene map; returning transcript as it's own gene
[2021-04-27 22:09:29.835] [jointLog] [warning] couldn't find transcript named [DQ516784] in transcript <-> gene map; returning transcript as it's own gene
[2021-04-27 22:09:29.835] [jointLog] [warning] couldn't find transcript named [DQ516752] in transcript <-> gene map; returning transcript as it's own gene
[2021-04-27 22:09:29.835] [jointLog] [warning] couldn't find transcript named [DQ668364] in transcript <-> gene map; returning transcript as it's own gene
[2021-04-27 22:09:29.835] [jointLog] [warning] couldn't find transcript named [DQ883670] in transcript <-> gene map; returning transcript as it's own gene
[2021-04-27 22:09:29.835] [jointLog] [warning] couldn't find transcript named [EF011062] in transcript <-> gene map; returning transcript as it's own gene
[2021-04-27 22:09:29.835] [jointLog] [warning] couldn't find transcript named [DQ875385] in transcript <-> gene map; returning transcript as it's own gene
[2021-04-27 22:09:29.835] [jointLog] [warning] couldn't find transcript named [DQ883664] in transcript <-> gene map; returning transcript as it's own gene
[2021-04-27 22:09:29.835] [jointLog] [warning] couldn't find transcript named [DQ459420] in transcript <-> gene map; returning transcript as it's own gene
[2021-04-27 22:09:29.835] [jointLog] [warning] couldn't find transcript named [DQ883651] in transcript <-> gene map; returning transcript as it's own gene
[2021-04-27 22:09:29.835] [jointLog] [warning] couldn't find transcript named [DQ855004] in transcript <-> gene map; returning transcript as it's own gene
[2021-04-27 22:09:29.835] [jointLog] [warning] couldn't find transcript named [DQ854993] in transcript <-> gene map; returning transcript as it's own gene
[2021-04-27 22:09:29.835] [jointLog] [warning] couldn't find transcript named [DQ883689] in transcript <-> gene map; returning transcript as it's own gene
[2021-04-27 22:09:29.835] [jointLog] [warning] couldn't find transcript named [DQ459419] in transcript <-> gene map; returning transcript as it's own gene
[2021-04-27 22:09:29.835] [jointLog] [warning] couldn't find transcript named [DQ459431] in transcript <-> gene map; returning transcript as it's own gene
[2021-04-27 22:09:29.835] [jointLog] [warning] couldn't find transcript named [DQ516796] in transcript <-> gene map; returning transcript as it's own gene
[2021-04-27 22:09:29.835] [jointLog] [warning] couldn't find transcript named [DQ855001] in transcript <-> gene map; returning transcript as it's own gene
[2021-04-27 22:09:29.835] [jointLog] [warning] couldn't find transcript named [DQ459413] in transcript <-> gene map; returning transcript as it's own gene
[2021-04-27 22:09:29.835] [jointLog] [warning] couldn't find transcript named [DQ883656] in transcript <-> gene map; returning transcript as it's own gene
[2021-04-27 22:09:29.835] [jointLog] [warning] couldn't find transcript named [DQ883661] in transcript <-> gene map; returning transcript as it's own gene
[2021-04-27 22:09:29.835] [jointLog] [warning] couldn't find transcript named [EF011069] in transcript <-> gene map; returning transcript as it's own gene
[2021-04-27 22:09:29.835] [jointLog] [warning] couldn't find transcript named [DQ516783] in transcript <-> gene map; returning transcript as it's own gene
[2021-04-27 22:09:29.835] [jointLog] [warning] couldn't find transcript named [DQ516787] in transcript <-> gene map; returning transcript as it's own gene
[2021-04-27 22:09:29.835] [jointLog] [warning] couldn't find transcript named [DQ459424] in transcript <-> gene map; returning transcript as it's own gene
[2021-04-27 22:09:29.835] [jointLog] [warning] couldn't find transcript named [DQ516748] in transcript <-> gene map; returning transcript as it's own gene
[2021-04-27 22:09:29.835] [jointLog] [warning] couldn't find transcript named [DQ883671] in transcript <-> gene map; returning transcript as it's own gene
[2021-04-27 22:09:29.835] [jointLog] [warning] couldn't find transcript named [DQ516740] in transcript <-> gene map; returning transcript as it's own gene
[2021-04-27 22:09:29.835] [jointLog] [warning] couldn't find transcript named [DQ516785] in transcript <-> gene map; returning transcript as it's own gene
[2021-04-27 22:09:29.835] [jointLog] [warning] couldn't find transcript named [DQ516731] in transcript <-> gene map; returning transcript as it's own gene
[2021-04-27 22:09:29.835] [jointLog] [warning] couldn't find transcript named [DQ668366] in transcript <-> gene map; returning transcript as it's own gene
[2021-04-27 22:09:29.835] [jointLog] [warning] couldn't find transcript named [DQ459418] in transcript <-> gene map; returning transcript as it's own gene
[2021-04-27 22:09:29.835] [jointLog] [warning] couldn't find transcript named [DQ668356] in transcript <-> gene map; returning transcript as it's own gene
[2021-04-27 22:09:29.835] [jointLog] [warning] couldn't find transcript named [DQ516763] in transcript <-> gene map; returning transcript as it's own gene
[2021-04-27 22:09:29.835] [jointLog] [warning] couldn't find transcript named [DQ459426] in transcript <-> gene map; returning transcript as it's own gene
[2021-04-27 22:09:29.835] [jointLog] [warning] couldn't find transcript named [DQ516786] in transcript <-> gene map; returning transcript as it's own gene
[2021-04-27 22:09:29.835] [jointLog] [warning] couldn't find transcript named [DQ883653] in transcript <-> gene map; returning transcript as it's own gene
[2021-04-27 22:09:29.835] [jointLog] [warning] couldn't find transcript named [DQ459421] in transcript <-> gene map; returning transcript as it's own gene
[2021-04-27 22:09:29.835] [jointLog] [warning] couldn't find transcript named [DQ883654] in transcript <-> gene map; returning transcript as it's own gene
[2021-04-27 22:09:29.835] [jointLog] [warning] couldn't find transcript named [DQ668358] in transcript <-> gene map; returning transcript as it's own gene
[2021-04-27 22:09:29.835] [jointLog] [warning] couldn't find transcript named [DQ516754] in transcript <-> gene map; returning transcript as it's own gene
[2021-04-27 22:09:29.835] [jointLog] [warning] couldn't find transcript named [DQ516778] in transcript <-> gene map; returning transcript as it's own gene
[2021-04-27 22:09:29.835] [jointLog] [warning] couldn't find transcript named [DQ883650] in transcript <-> gene map; returning transcript as it's own gene
[2021-04-27 22:09:29.835] [jointLog] [warning] couldn't find transcript named [DQ516742] in transcript <-> gene map; returning transcript as it's own gene
[2021-04-27 22:09:29.835] [jointLog] [warning] couldn't find transcript named [DQ883673] in transcript <-> gene map; returning transcript as it's own gene
[2021-04-27 22:09:29.835] [jointLog] [warning] couldn't find transcript named [DQ883652] in transcript <-> gene map; returning transcript as it's own gene
[2021-04-27 22:09:29.835] [jointLog] [warning] couldn't find transcript named [DQ854991] in transcript <-> gene map; returning transcript as it's own gene
[2021-04-27 22:09:29.835] [jointLog] [warning] couldn't find transcript named [DQ516780] in transcript <-> gene map; returning transcript as it's own gene
[2021-04-27 22:09:29.835] [jointLog] [warning] couldn't find transcript named [DQ883682] in transcript <-> gene map; returning transcript as it's own gene
[2021-04-27 22:09:29.835] [jointLog] [warning] couldn't find transcript named [DQ883669] in transcript <-> gene map; returning transcript as it's own gene
[2021-04-27 22:09:29.835] [jointLog] [warning] couldn't find transcript named [DQ516791] in transcript <-> gene map; returning transcript as it's own gene
[2021-04-27 22:09:29.835] [jointLog] [warning] couldn't find transcript named [DQ459425] in transcript <-> gene map; returning transcript as it's own gene
[2021-04-27 22:09:29.835] [jointLog] [warning] couldn't find transcript named [DQ516759] in transcript <-> gene map; returning transcript as it's own gene
[2021-04-27 22:09:29.835] [jointLog] [warning] couldn't find transcript named [DQ459429] in transcript <-> gene map; returning transcript as it's own gene
[2021-04-27 22:09:29.835] [jointLog] [warning] couldn't find transcript named [DQ516758] in transcript <-> gene map; returning transcript as it's own gene
[2021-04-27 22:09:29.835] [jointLog] [warning] couldn't find transcript named [DQ459415] in transcript <-> gene map; returning transcript as it's own gene
[2021-04-27 22:09:29.835] [jointLog] [warning] couldn't find transcript named [DQ875387] in transcript <-> gene map; returning transcript as it's own gene
[2021-04-27 22:09:29.835] [jointLog] [warning] couldn't find transcript named [DQ516815] in transcript <-> gene map; returning transcript as it's own gene
[2021-04-27 22:09:29.835] [jointLog] [warning] couldn't find transcript named [DQ668365] in transcript <-> gene map; returning transcript as it's own gene
[2021-04-27 22:09:29.835] [jointLog] [warning] couldn't find transcript named [DQ854998] in transcript <-> gene map; returning transcript as it's own gene
[2021-04-27 22:09:29.835] [jointLog] [warning] couldn't find transcript named [DQ883685] in transcript <-> gene map; returning transcript as it's own gene
[2021-04-27 22:09:29.835] [jointLog] [warning] couldn't find transcript named [DQ459422] in transcript <-> gene map; returning transcript as it's own gene
[2021-04-27 22:09:29.835] [jointLog] [warning] couldn't find transcript named [DQ883663] in transcript <-> gene map; returning transcript as it's own gene
[2021-04-27 22:09:29.835] [jointLog] [warning] couldn't find transcript named [DQ668367] in transcript <-> gene map; returning transcript as it's own gene
[2021-04-27 22:09:29.835] [jointLog] [warning] couldn't find transcript named [DQ459412] in transcript <-> gene map; returning transcript as it's own gene
[2021-04-27 22:09:29.835] [jointLog] [warning] couldn't find transcript named [DQ854992] in transcript <-> gene map; returning transcript as it's own gene
[2021-04-27 22:09:29.835] [jointLog] [warning] couldn't find transcript named [DQ516782] in transcript <-> gene map; returning transcript as it's own gene
[2021-04-27 22:09:29.835] [jointLog] [warning] couldn't find transcript named [DQ459427] in transcript <-> gene map; returning transcript as it's own gene
[2021-04-27 22:09:29.835] [jointLog] [warning] couldn't find transcript named [EF011072] in transcript <-> gene map; returning transcript as it's own gene
[2021-04-27 22:09:29.835] [jointLog] [warning] couldn't find transcript named [DQ855003] in transcript <-> gene map; returning transcript as it's own gene
[2021-04-27 22:09:29.835] [jointLog] [warning] couldn't find transcript named [DQ516739] in transcript <-> gene map; returning transcript as it's own gene
[2021-04-27 22:09:29.835] [jointLog] [warning] couldn't find transcript named [EF011063] in transcript <-> gene map; returning transcript as it's own gene
[2021-04-27 22:09:29.835] [jointLog] [warning] couldn't find transcript named [DQ855000] in transcript <-> gene map; returning transcript as it's own gene
[2021-04-27 22:09:29.835] [jointLog] [warning] couldn't find transcript named [DQ516777] in transcript <-> gene map; returning transcript as it's own gene
[2021-04-27 22:09:29.835] [jointLog] [warning] couldn't find transcript named [DQ883646] in transcript <-> gene map; returning transcript as it's own gene
[2021-04-27 22:09:29.835] [jointLog] [warning] couldn't find transcript named [DQ668362] in transcript <-> gene map; returning transcript as it's own gene
[2021-04-27 22:09:29.835] [jointLog] [warning] couldn't find transcript named [DQ854995] in transcript <-> gene map; returning transcript as it's own gene
[2021-04-27 22:09:29.835] [jointLog] [warning] couldn't find transcript named [DQ875386] in transcript <-> gene map; returning transcript as it's own gene
[2021-04-27 22:09:29.835] [jointLog] [warning] couldn't find transcript named [DQ516790] in transcript <-> gene map; returning transcript as it's own gene
[2021-04-27 22:09:29.835] [jointLog] [warning] couldn't find transcript named [DQ883642] in transcript <-> gene map; returning transcript as it's own gene
[2021-04-27 22:09:29.835] [jointLog] [warning] couldn't find transcript named [DQ883659] in transcript <-> gene map; returning transcript as it's own gene
[2021-04-27 22:09:29.835] [jointLog] [warning] couldn't find transcript named [DQ854997] in transcript <-> gene map; returning transcript as it's own gene
[2021-04-27 22:09:29.835] [jointLog] [warning] couldn't find transcript named [DQ883643] in transcript <-> gene map; returning transcript as it's own gene
[2021-04-27 22:09:29.835] [jointLog] [warning] couldn't find transcript named [DQ839618] in transcript <-> gene map; returning transcript as it's own gene
[2021-04-27 22:09:29.835] [jointLog] [warning] couldn't find transcript named [DQ516795] in transcript <-> gene map; returning transcript as it's own gene
[2021-04-27 22:09:29.835] [jointLog] [warning] couldn't find transcript named [DQ883658] in transcript <-> gene map; returning transcript as it's own gene
[2021-04-27 22:09:29.835] [jointLog] [warning] couldn't find transcript named [DQ516750] in transcript <-> gene map; returning transcript as it's own gene
[2021-04-27 22:09:29.835] [jointLog] [warning] couldn't find transcript named [DQ668359] in transcript <-> gene map; returning transcript as it's own gene
[2021-04-27 22:09:29.835] [jointLog] [warning] couldn't find transcript named [DQ516779] in transcript <-> gene map; returning transcript as it's own gene
[2021-04-27 22:09:29.835] [jointLog] [warning] couldn't find transcript named [DQ668363] in transcript <-> gene map; returning transcript as it's own gene
[2021-04-27 22:09:29.835] [jointLog] [warning] couldn't find transcript named [DQ516776] in transcript <-> gene map; returning transcript as it's own gene
[2021-04-27 22:09:29.835] [jointLog] [warning] couldn't find transcript named [DQ516773] in transcript <-> gene map; returning transcript as it's own gene
[2021-04-27 22:09:29.835] [jointLog] [warning] couldn't find transcript named [DQ854994] in transcript <-> gene map; returning transcript as it's own gene
[2021-04-27 22:09:29.835] [jointLog] [info] Aggregating expressions to gene level
[2021-04-27 22:09:30.004] [jointLog] [info] done
