[2021-05-23 10:18:07.203] [jointLog] [info] setting maxHashResizeThreads to 6
[2021-05-23 10:18:07.203] [jointLog] [info] Fragment incompatibility prior below threshold.  Incompatible fragments will be ignored.
[2021-05-23 10:18:07.208] [jointLog] [info] numQuantThreads = 3
[2021-05-23 10:18:12.145] [jointLog] [info] replaced 4 non-ACGT nucleotides with random nucleotides
[2021-05-23 10:18:12.451] [fileLog] [info] quantification processed 0 fragments so far

[2021-05-23 10:18:16.426] [fileLog] [info] quantification processed 1000000 fragments so far

[2021-05-23 10:18:19.908] [fileLog] [info] quantification processed 2000000 fragments so far

[2021-05-23 10:18:22.584] [jointLog] [info] 

The alignment group queue pool has been exhausted.  3227853 extra fragments were allocated on the heap to saturate the pool.  No new fragments will be allocated


[2021-05-23 10:18:33.760] [fileLog] [info] quantification processed 3000000 fragments so far

[2021-05-23 10:18:55.857] [fileLog] [info] quantification processed 4000000 fragments so far

[2021-05-23 10:19:18.679] [fileLog] [info] quantification processed 5000000 fragments so far

[2021-05-23 10:19:40.984] [fileLog] [info] quantification processed 6000000 fragments so far

[2021-05-23 10:20:03.030] [fileLog] [info] quantification processed 7000000 fragments so far

[2021-05-23 10:20:07.390] [fileLog] [info] quantification processed 8000000 fragments so far

[2021-05-23 10:20:11.932] [fileLog] [info] quantification processed 9000000 fragments so far

[2021-05-23 10:20:16.438] [fileLog] [info] quantification processed 10000000 fragments so far

[2021-05-23 10:20:20.863] [fileLog] [info] quantification processed 11000000 fragments so far

[2021-05-23 10:20:25.223] [fileLog] [info] quantification processed 12000000 fragments so far

[2021-05-23 10:20:29.622] [fileLog] [info] quantification processed 13000000 fragments so far

[2021-05-23 10:20:34.082] [fileLog] [info] quantification processed 14000000 fragments so far

[2021-05-23 10:20:38.743] [fileLog] [info] quantification processed 15000000 fragments so far

[2021-05-23 10:20:42.844] [fileLog] [info] quantification processed 16000000 fragments so far

[2021-05-23 10:20:47.339] [fileLog] [info] quantification processed 17000000 fragments so far

[2021-05-23 10:20:51.614] [fileLog] [info] quantification processed 18000000 fragments so far

[2021-05-23 10:20:56.100] [fileLog] [info] quantification processed 19000000 fragments so far

[2021-05-23 10:21:00.534] [fileLog] [info] quantification processed 20000000 fragments so far

[2021-05-23 10:21:05.145] [fileLog] [info] quantification processed 21000000 fragments so far

[2021-05-23 10:21:09.608] [fileLog] [info] quantification processed 22000000 fragments so far

[2021-05-23 10:21:14.235] [fileLog] [info] quantification processed 23000000 fragments so far

[2021-05-23 10:21:18.468] [fileLog] [info] quantification processed 24000000 fragments so far

[2021-05-23 10:21:23.056] [fileLog] [info] quantification processed 25000000 fragments so far

[2021-05-23 10:21:27.627] [fileLog] [info] quantification processed 26000000 fragments so far

[2021-05-23 10:21:32.052] [fileLog] [info] quantification processed 27000000 fragments so far

[2021-05-23 10:21:36.458] [fileLog] [info] quantification processed 28000000 fragments so far

[2021-05-23 10:21:41.284] [fileLog] [info] quantification processed 29000000 fragments so far

[2021-05-23 10:21:43.697] [fileLog] [info] quantification processed 29686514 fragments so far

[2021-05-23 10:21:52.179] [jointLog] [info] Thread saw mini-batch with a maximum of 4.10% zero probability fragments
[2021-05-23 10:21:52.182] [jointLog] [info] Thread saw mini-batch with a maximum of 5.50% zero probability fragments
[2021-05-23 10:21:52.184] [jointLog] [info] Thread saw mini-batch with a maximum of 5.90% zero probability fragments
[2021-05-23 10:21:52.188] [jointLog] [info] 


Completed first pass through the alignment file.
Total # of mapped reads : 29686514
# of uniquely mapped reads : 11110798
# ambiguously mapped reads : 18575716



[2021-05-23 10:21:52.394] [jointLog] [info] Computed 238922 rich equivalence classes for further processing
[2021-05-23 10:21:52.394] [jointLog] [info] Counted 29589247 total reads in the equivalence classes 
[2021-05-23 10:21:52.397] [jointLog] [info] starting optimizer
[2021-05-23 10:21:52.527] [jointLog] [info] Marked 0 weighted equivalence classes as degenerate
[2021-05-23 10:21:52.548] [jointLog] [info] iteration = 0 | max rel diff. = 8330.51
[2021-05-23 10:21:54.511] [jointLog] [info] iteration = 100 | max rel diff. = 13.7007
[2021-05-23 10:21:56.302] [jointLog] [info] iteration = 200 | max rel diff. = 4.85943
[2021-05-23 10:21:58.127] [jointLog] [info] iteration = 300 | max rel diff. = 0.592924
[2021-05-23 10:21:59.901] [jointLog] [info] iteration = 400 | max rel diff. = 1.60498
[2021-05-23 10:22:01.659] [jointLog] [info] iteration = 500 | max rel diff. = 2.36553
[2021-05-23 10:22:03.451] [jointLog] [info] iteration = 600 | max rel diff. = 0.294768
[2021-05-23 10:22:05.229] [jointLog] [info] iteration = 700 | max rel diff. = 0.456822
[2021-05-23 10:22:07.080] [jointLog] [info] iteration = 800 | max rel diff. = 0.0617913
[2021-05-23 10:22:08.854] [jointLog] [info] iteration = 900 | max rel diff. = 2.2734
[2021-05-23 10:22:10.594] [jointLog] [info] iteration = 1000 | max rel diff. = 0.107332
[2021-05-23 10:22:12.349] [jointLog] [info] iteration = 1100 | max rel diff. = 0.0965184
[2021-05-23 10:22:14.218] [jointLog] [info] iteration = 1200 | max rel diff. = 0.0511475
[2021-05-23 10:22:15.942] [jointLog] [info] iteration = 1300 | max rel diff. = 0.107784
[2021-05-23 10:22:17.804] [jointLog] [info] iteration = 1400 | max rel diff. = 0.0716662
[2021-05-23 10:22:19.676] [jointLog] [info] iteration = 1500 | max rel diff. = 0.492257
[2021-05-23 10:22:21.471] [jointLog] [info] iteration = 1600 | max rel diff. = 0.0660908
[2021-05-23 10:22:23.308] [jointLog] [info] iteration = 1700 | max rel diff. = 1.93975
[2021-05-23 10:22:25.142] [jointLog] [info] iteration = 1800 | max rel diff. = 0.0854966
[2021-05-23 10:22:26.866] [jointLog] [info] iteration = 1900 | max rel diff. = 0.142406
[2021-05-23 10:22:27.328] [jointLog] [info] iteration = 1928 | max rel diff. = 0.0088567
[2021-05-23 10:22:27.363] [jointLog] [info] finished optimizer
[2021-05-23 10:22:27.363] [jointLog] [info] writing output
[2021-05-23 10:22:29.596] [jointLog] [info] Computing gene-level abundance estimates
[2021-05-23 10:23:01.927] [jointLog] [warning] Feature has no GFF ID
[2021-05-23 10:23:01.927] [jointLog] [warning] Feature has no GFF ID
[2021-05-23 10:23:01.927] [jointLog] [warning] Feature has no GFF ID
[2021-05-23 10:23:01.927] [jointLog] [warning] Feature has no GFF ID
[2021-05-23 10:23:01.927] [jointLog] [warning] Feature has no GFF ID
[2021-05-23 10:23:01.927] [jointLog] [warning] Feature has no GFF ID
[2021-05-23 10:23:01.927] [jointLog] [warning] Feature has no GFF ID
[2021-05-23 10:23:01.927] [jointLog] [warning] Feature has no GFF ID
[2021-05-23 10:23:01.927] [jointLog] [warning] Feature has no GFF ID
[2021-05-23 10:23:01.927] [jointLog] [warning] Feature has no GFF ID
[2021-05-23 10:23:01.927] [jointLog] [warning] Feature has no GFF ID
[2021-05-23 10:23:01.927] [jointLog] [warning] Feature has no GFF ID
[2021-05-23 10:23:01.927] [jointLog] [warning] Feature has no GFF ID
[2021-05-23 10:23:01.927] [jointLog] [warning] Feature has no GFF ID
[2021-05-23 10:23:01.927] [jointLog] [warning] Feature has no GFF ID
[2021-05-23 10:23:01.927] [jointLog] [warning] Feature has no GFF ID
[2021-05-23 10:23:01.927] [jointLog] [warning] Feature has no GFF ID
[2021-05-23 10:23:01.927] [jointLog] [warning] Feature has no GFF ID
[2021-05-23 10:23:01.927] [jointLog] [warning] Feature has no GFF ID
[2021-05-23 10:23:01.927] [jointLog] [warning] Feature has no GFF ID
[2021-05-23 10:23:01.927] [jointLog] [warning] Feature has no GFF ID
[2021-05-23 10:23:01.927] [jointLog] [warning] Feature has no GFF ID
[2021-05-23 10:23:01.927] [jointLog] [warning] Feature has no GFF ID
[2021-05-23 10:23:01.927] [jointLog] [warning] Feature has no GFF ID
[2021-05-23 10:23:01.927] [jointLog] [warning] Feature has no GFF ID
[2021-05-23 10:23:01.927] [jointLog] [warning] Feature has no GFF ID
[2021-05-23 10:23:01.927] [jointLog] [warning] Feature has no GFF ID
[2021-05-23 10:23:01.927] [jointLog] [warning] Feature has no GFF ID
[2021-05-23 10:23:01.927] [jointLog] [warning] Feature has no GFF ID
[2021-05-23 10:23:01.927] [jointLog] [warning] Feature has no GFF ID
[2021-05-23 10:23:01.927] [jointLog] [warning] Feature has no GFF ID
[2021-05-23 10:23:01.927] [jointLog] [warning] Feature has no GFF ID
[2021-05-23 10:23:01.927] [jointLog] [warning] Feature has no GFF ID
[2021-05-23 10:23:01.927] [jointLog] [warning] Feature has no GFF ID
[2021-05-23 10:23:01.927] [jointLog] [warning] Feature has no GFF ID
[2021-05-23 10:23:01.927] [jointLog] [warning] Feature has no GFF ID
[2021-05-23 10:23:01.927] [jointLog] [warning] Feature has no GFF ID
[2021-05-23 10:23:01.927] [jointLog] [warning] Feature has no GFF ID
[2021-05-23 10:23:01.927] [jointLog] [warning] Feature has no GFF ID
[2021-05-23 10:23:01.927] [jointLog] [warning] Feature has no GFF ID
[2021-05-23 10:23:01.927] [jointLog] [warning] Feature has no GFF ID
[2021-05-23 10:23:01.927] [jointLog] [warning] Feature has no GFF ID
[2021-05-23 10:23:01.927] [jointLog] [warning] Feature has no GFF ID
[2021-05-23 10:23:01.927] [jointLog] [warning] Feature has no GFF ID
[2021-05-23 10:23:01.927] [jointLog] [warning] Feature has no GFF ID
[2021-05-23 10:23:01.927] [jointLog] [warning] Feature has no GFF ID
[2021-05-23 10:23:01.927] [jointLog] [warning] Feature has no GFF ID
[2021-05-23 10:23:01.927] [jointLog] [warning] Feature has no GFF ID
[2021-05-23 10:23:01.927] [jointLog] [warning] Feature has no GFF ID
[2021-05-23 10:23:01.927] [jointLog] [warning] Feature has no GFF ID
[2021-05-23 10:23:01.927] [jointLog] [warning] Feature has no GFF ID
[2021-05-23 10:23:01.927] [jointLog] [warning] Feature has no GFF ID
[2021-05-23 10:23:01.927] [jointLog] [warning] Feature has no GFF ID
[2021-05-23 10:23:01.927] [jointLog] [warning] Feature has no GFF ID
[2021-05-23 10:23:01.927] [jointLog] [warning] Feature has no GFF ID
[2021-05-23 10:23:01.927] [jointLog] [warning] Feature has no GFF ID
[2021-05-23 10:23:01.927] [jointLog] [warning] Feature has no GFF ID
[2021-05-23 10:23:01.927] [jointLog] [warning] Feature has no GFF ID
[2021-05-23 10:23:01.927] [jointLog] [warning] Feature has no GFF ID
[2021-05-23 10:23:01.927] [jointLog] [warning] Feature has no GFF ID
[2021-05-23 10:23:01.927] [jointLog] [warning] Feature has no GFF ID
[2021-05-23 10:23:01.927] [jointLog] [warning] Feature has no GFF ID
[2021-05-23 10:23:01.927] [jointLog] [warning] Feature has no GFF ID
[2021-05-23 10:23:01.927] [jointLog] [warning] Feature has no GFF ID
[2021-05-23 10:23:01.927] [jointLog] [warning] Feature has no GFF ID
[2021-05-23 10:23:01.927] [jointLog] [warning] Feature has no GFF ID
[2021-05-23 10:23:01.927] [jointLog] [warning] Feature has no GFF ID
[2021-05-23 10:23:01.927] [jointLog] [warning] Feature has no GFF ID
[2021-05-23 10:23:01.927] [jointLog] [warning] Feature has no GFF ID
[2021-05-23 10:23:01.927] [jointLog] [warning] Feature has no GFF ID
[2021-05-23 10:23:01.927] [jointLog] [warning] Feature has no GFF ID
[2021-05-23 10:23:01.927] [jointLog] [warning] Feature has no GFF ID
[2021-05-23 10:23:01.927] [jointLog] [warning] Feature has no GFF ID
[2021-05-23 10:23:01.927] [jointLog] [warning] Feature has no GFF ID
[2021-05-23 10:23:01.927] [jointLog] [warning] Feature has no GFF ID
[2021-05-23 10:23:01.927] [jointLog] [warning] Feature has no GFF ID
[2021-05-23 10:23:01.927] [jointLog] [warning] Feature has no GFF ID
[2021-05-23 10:23:01.927] [jointLog] [warning] Feature has no GFF ID
[2021-05-23 10:23:01.927] [jointLog] [warning] Feature has no GFF ID
[2021-05-23 10:23:01.927] [jointLog] [warning] Feature has no GFF ID
[2021-05-23 10:23:01.927] [jointLog] [warning] Feature has no GFF ID
[2021-05-23 10:23:01.927] [jointLog] [warning] Feature has no GFF ID
[2021-05-23 10:23:01.927] [jointLog] [warning] Feature has no GFF ID
[2021-05-23 10:23:01.927] [jointLog] [warning] Feature has no GFF ID
[2021-05-23 10:23:01.927] [jointLog] [warning] Feature has no GFF ID
[2021-05-23 10:23:01.927] [jointLog] [warning] Feature has no GFF ID
[2021-05-23 10:23:01.927] [jointLog] [warning] Feature has no GFF ID
[2021-05-23 10:23:01.927] [jointLog] [warning] Feature has no GFF ID
[2021-05-23 10:23:01.927] [jointLog] [warning] Feature has no GFF ID
[2021-05-23 10:23:01.927] [jointLog] [warning] Feature has no GFF ID
[2021-05-23 10:23:01.927] [jointLog] [warning] Feature has no GFF ID
[2021-05-23 10:23:01.927] [jointLog] [warning] Feature has no GFF ID
[2021-05-23 10:23:02.323] [jointLog] [info] There were 142604 transcripts mapping to 55401 genes
[2021-05-23 10:23:02.323] [jointLog] [info] NOTE: We recommend using tximport (https://bioconductor.org/packages/release/bioc/html/tximport.html) for aggregating transcript-level salmon abundance estimates to the gene level.  It is more versatile, exposes more features, and allows considering multi-sample information during aggregation.
[2021-05-23 10:23:02.681] [jointLog] [warning] couldn't find transcript named [DQ459430] in transcript <-> gene map; returning transcript as it's own gene
[2021-05-23 10:23:02.681] [jointLog] [warning] couldn't find transcript named [DQ516784] in transcript <-> gene map; returning transcript as it's own gene
[2021-05-23 10:23:02.681] [jointLog] [warning] couldn't find transcript named [DQ516752] in transcript <-> gene map; returning transcript as it's own gene
[2021-05-23 10:23:02.681] [jointLog] [warning] couldn't find transcript named [DQ668364] in transcript <-> gene map; returning transcript as it's own gene
[2021-05-23 10:23:02.681] [jointLog] [warning] couldn't find transcript named [DQ883670] in transcript <-> gene map; returning transcript as it's own gene
[2021-05-23 10:23:02.681] [jointLog] [warning] couldn't find transcript named [EF011062] in transcript <-> gene map; returning transcript as it's own gene
[2021-05-23 10:23:02.681] [jointLog] [warning] couldn't find transcript named [DQ875385] in transcript <-> gene map; returning transcript as it's own gene
[2021-05-23 10:23:02.681] [jointLog] [warning] couldn't find transcript named [DQ883664] in transcript <-> gene map; returning transcript as it's own gene
[2021-05-23 10:23:02.681] [jointLog] [warning] couldn't find transcript named [DQ459420] in transcript <-> gene map; returning transcript as it's own gene
[2021-05-23 10:23:02.681] [jointLog] [warning] couldn't find transcript named [DQ883651] in transcript <-> gene map; returning transcript as it's own gene
[2021-05-23 10:23:02.681] [jointLog] [warning] couldn't find transcript named [DQ855004] in transcript <-> gene map; returning transcript as it's own gene
[2021-05-23 10:23:02.681] [jointLog] [warning] couldn't find transcript named [DQ854993] in transcript <-> gene map; returning transcript as it's own gene
[2021-05-23 10:23:02.681] [jointLog] [warning] couldn't find transcript named [DQ883689] in transcript <-> gene map; returning transcript as it's own gene
[2021-05-23 10:23:02.681] [jointLog] [warning] couldn't find transcript named [DQ459419] in transcript <-> gene map; returning transcript as it's own gene
[2021-05-23 10:23:02.681] [jointLog] [warning] couldn't find transcript named [DQ459431] in transcript <-> gene map; returning transcript as it's own gene
[2021-05-23 10:23:02.681] [jointLog] [warning] couldn't find transcript named [DQ516796] in transcript <-> gene map; returning transcript as it's own gene
[2021-05-23 10:23:02.681] [jointLog] [warning] couldn't find transcript named [DQ855001] in transcript <-> gene map; returning transcript as it's own gene
[2021-05-23 10:23:02.681] [jointLog] [warning] couldn't find transcript named [DQ459413] in transcript <-> gene map; returning transcript as it's own gene
[2021-05-23 10:23:02.681] [jointLog] [warning] couldn't find transcript named [DQ883656] in transcript <-> gene map; returning transcript as it's own gene
[2021-05-23 10:23:02.681] [jointLog] [warning] couldn't find transcript named [DQ883661] in transcript <-> gene map; returning transcript as it's own gene
[2021-05-23 10:23:02.681] [jointLog] [warning] couldn't find transcript named [EF011069] in transcript <-> gene map; returning transcript as it's own gene
[2021-05-23 10:23:02.681] [jointLog] [warning] couldn't find transcript named [DQ516783] in transcript <-> gene map; returning transcript as it's own gene
[2021-05-23 10:23:02.681] [jointLog] [warning] couldn't find transcript named [DQ516787] in transcript <-> gene map; returning transcript as it's own gene
[2021-05-23 10:23:02.681] [jointLog] [warning] couldn't find transcript named [DQ459424] in transcript <-> gene map; returning transcript as it's own gene
[2021-05-23 10:23:02.681] [jointLog] [warning] couldn't find transcript named [DQ516748] in transcript <-> gene map; returning transcript as it's own gene
[2021-05-23 10:23:02.681] [jointLog] [warning] couldn't find transcript named [DQ883671] in transcript <-> gene map; returning transcript as it's own gene
[2021-05-23 10:23:02.681] [jointLog] [warning] couldn't find transcript named [DQ516740] in transcript <-> gene map; returning transcript as it's own gene
[2021-05-23 10:23:02.681] [jointLog] [warning] couldn't find transcript named [DQ516785] in transcript <-> gene map; returning transcript as it's own gene
[2021-05-23 10:23:02.681] [jointLog] [warning] couldn't find transcript named [DQ516731] in transcript <-> gene map; returning transcript as it's own gene
[2021-05-23 10:23:02.681] [jointLog] [warning] couldn't find transcript named [DQ668366] in transcript <-> gene map; returning transcript as it's own gene
[2021-05-23 10:23:02.681] [jointLog] [warning] couldn't find transcript named [DQ459418] in transcript <-> gene map; returning transcript as it's own gene
[2021-05-23 10:23:02.681] [jointLog] [warning] couldn't find transcript named [DQ668356] in transcript <-> gene map; returning transcript as it's own gene
[2021-05-23 10:23:02.681] [jointLog] [warning] couldn't find transcript named [DQ516763] in transcript <-> gene map; returning transcript as it's own gene
[2021-05-23 10:23:02.681] [jointLog] [warning] couldn't find transcript named [DQ459426] in transcript <-> gene map; returning transcript as it's own gene
[2021-05-23 10:23:02.681] [jointLog] [warning] couldn't find transcript named [DQ516786] in transcript <-> gene map; returning transcript as it's own gene
[2021-05-23 10:23:02.681] [jointLog] [warning] couldn't find transcript named [DQ883653] in transcript <-> gene map; returning transcript as it's own gene
[2021-05-23 10:23:02.681] [jointLog] [warning] couldn't find transcript named [DQ459421] in transcript <-> gene map; returning transcript as it's own gene
[2021-05-23 10:23:02.681] [jointLog] [warning] couldn't find transcript named [DQ883654] in transcript <-> gene map; returning transcript as it's own gene
[2021-05-23 10:23:02.681] [jointLog] [warning] couldn't find transcript named [DQ668358] in transcript <-> gene map; returning transcript as it's own gene
[2021-05-23 10:23:02.681] [jointLog] [warning] couldn't find transcript named [DQ516754] in transcript <-> gene map; returning transcript as it's own gene
[2021-05-23 10:23:02.681] [jointLog] [warning] couldn't find transcript named [DQ516778] in transcript <-> gene map; returning transcript as it's own gene
[2021-05-23 10:23:02.681] [jointLog] [warning] couldn't find transcript named [DQ883650] in transcript <-> gene map; returning transcript as it's own gene
[2021-05-23 10:23:02.681] [jointLog] [warning] couldn't find transcript named [DQ516742] in transcript <-> gene map; returning transcript as it's own gene
[2021-05-23 10:23:02.681] [jointLog] [warning] couldn't find transcript named [DQ883673] in transcript <-> gene map; returning transcript as it's own gene
[2021-05-23 10:23:02.681] [jointLog] [warning] couldn't find transcript named [DQ883652] in transcript <-> gene map; returning transcript as it's own gene
[2021-05-23 10:23:02.681] [jointLog] [warning] couldn't find transcript named [DQ854991] in transcript <-> gene map; returning transcript as it's own gene
[2021-05-23 10:23:02.681] [jointLog] [warning] couldn't find transcript named [DQ516780] in transcript <-> gene map; returning transcript as it's own gene
[2021-05-23 10:23:02.681] [jointLog] [warning] couldn't find transcript named [DQ883682] in transcript <-> gene map; returning transcript as it's own gene
[2021-05-23 10:23:02.681] [jointLog] [warning] couldn't find transcript named [DQ883669] in transcript <-> gene map; returning transcript as it's own gene
[2021-05-23 10:23:02.681] [jointLog] [warning] couldn't find transcript named [DQ516791] in transcript <-> gene map; returning transcript as it's own gene
[2021-05-23 10:23:02.681] [jointLog] [warning] couldn't find transcript named [DQ459425] in transcript <-> gene map; returning transcript as it's own gene
[2021-05-23 10:23:02.681] [jointLog] [warning] couldn't find transcript named [DQ516759] in transcript <-> gene map; returning transcript as it's own gene
[2021-05-23 10:23:02.681] [jointLog] [warning] couldn't find transcript named [DQ459429] in transcript <-> gene map; returning transcript as it's own gene
[2021-05-23 10:23:02.681] [jointLog] [warning] couldn't find transcript named [DQ516758] in transcript <-> gene map; returning transcript as it's own gene
[2021-05-23 10:23:02.681] [jointLog] [warning] couldn't find transcript named [DQ459415] in transcript <-> gene map; returning transcript as it's own gene
[2021-05-23 10:23:02.681] [jointLog] [warning] couldn't find transcript named [DQ875387] in transcript <-> gene map; returning transcript as it's own gene
[2021-05-23 10:23:02.681] [jointLog] [warning] couldn't find transcript named [DQ516815] in transcript <-> gene map; returning transcript as it's own gene
[2021-05-23 10:23:02.681] [jointLog] [warning] couldn't find transcript named [DQ668365] in transcript <-> gene map; returning transcript as it's own gene
[2021-05-23 10:23:02.681] [jointLog] [warning] couldn't find transcript named [DQ854998] in transcript <-> gene map; returning transcript as it's own gene
[2021-05-23 10:23:02.681] [jointLog] [warning] couldn't find transcript named [DQ883685] in transcript <-> gene map; returning transcript as it's own gene
[2021-05-23 10:23:02.681] [jointLog] [warning] couldn't find transcript named [DQ459422] in transcript <-> gene map; returning transcript as it's own gene
[2021-05-23 10:23:02.681] [jointLog] [warning] couldn't find transcript named [DQ883663] in transcript <-> gene map; returning transcript as it's own gene
[2021-05-23 10:23:02.681] [jointLog] [warning] couldn't find transcript named [DQ668367] in transcript <-> gene map; returning transcript as it's own gene
[2021-05-23 10:23:02.681] [jointLog] [warning] couldn't find transcript named [DQ459412] in transcript <-> gene map; returning transcript as it's own gene
[2021-05-23 10:23:02.681] [jointLog] [warning] couldn't find transcript named [DQ854992] in transcript <-> gene map; returning transcript as it's own gene
[2021-05-23 10:23:02.681] [jointLog] [warning] couldn't find transcript named [DQ516782] in transcript <-> gene map; returning transcript as it's own gene
[2021-05-23 10:23:02.681] [jointLog] [warning] couldn't find transcript named [DQ459427] in transcript <-> gene map; returning transcript as it's own gene
[2021-05-23 10:23:02.681] [jointLog] [warning] couldn't find transcript named [EF011072] in transcript <-> gene map; returning transcript as it's own gene
[2021-05-23 10:23:02.681] [jointLog] [warning] couldn't find transcript named [DQ855003] in transcript <-> gene map; returning transcript as it's own gene
[2021-05-23 10:23:02.681] [jointLog] [warning] couldn't find transcript named [DQ516739] in transcript <-> gene map; returning transcript as it's own gene
[2021-05-23 10:23:02.681] [jointLog] [warning] couldn't find transcript named [EF011063] in transcript <-> gene map; returning transcript as it's own gene
[2021-05-23 10:23:02.681] [jointLog] [warning] couldn't find transcript named [DQ855000] in transcript <-> gene map; returning transcript as it's own gene
[2021-05-23 10:23:02.681] [jointLog] [warning] couldn't find transcript named [DQ516777] in transcript <-> gene map; returning transcript as it's own gene
[2021-05-23 10:23:02.681] [jointLog] [warning] couldn't find transcript named [DQ883646] in transcript <-> gene map; returning transcript as it's own gene
[2021-05-23 10:23:02.681] [jointLog] [warning] couldn't find transcript named [DQ668362] in transcript <-> gene map; returning transcript as it's own gene
[2021-05-23 10:23:02.681] [jointLog] [warning] couldn't find transcript named [DQ854995] in transcript <-> gene map; returning transcript as it's own gene
[2021-05-23 10:23:02.681] [jointLog] [warning] couldn't find transcript named [DQ875386] in transcript <-> gene map; returning transcript as it's own gene
[2021-05-23 10:23:02.681] [jointLog] [warning] couldn't find transcript named [DQ516790] in transcript <-> gene map; returning transcript as it's own gene
[2021-05-23 10:23:02.681] [jointLog] [warning] couldn't find transcript named [DQ883642] in transcript <-> gene map; returning transcript as it's own gene
[2021-05-23 10:23:02.681] [jointLog] [warning] couldn't find transcript named [DQ883659] in transcript <-> gene map; returning transcript as it's own gene
[2021-05-23 10:23:02.681] [jointLog] [warning] couldn't find transcript named [DQ854997] in transcript <-> gene map; returning transcript as it's own gene
[2021-05-23 10:23:02.681] [jointLog] [warning] couldn't find transcript named [DQ883643] in transcript <-> gene map; returning transcript as it's own gene
[2021-05-23 10:23:02.681] [jointLog] [warning] couldn't find transcript named [DQ839618] in transcript <-> gene map; returning transcript as it's own gene
[2021-05-23 10:23:02.681] [jointLog] [warning] couldn't find transcript named [DQ516795] in transcript <-> gene map; returning transcript as it's own gene
[2021-05-23 10:23:02.681] [jointLog] [warning] couldn't find transcript named [DQ883658] in transcript <-> gene map; returning transcript as it's own gene
[2021-05-23 10:23:02.681] [jointLog] [warning] couldn't find transcript named [DQ516750] in transcript <-> gene map; returning transcript as it's own gene
[2021-05-23 10:23:02.681] [jointLog] [warning] couldn't find transcript named [DQ668359] in transcript <-> gene map; returning transcript as it's own gene
[2021-05-23 10:23:02.681] [jointLog] [warning] couldn't find transcript named [DQ516779] in transcript <-> gene map; returning transcript as it's own gene
[2021-05-23 10:23:02.681] [jointLog] [warning] couldn't find transcript named [DQ668363] in transcript <-> gene map; returning transcript as it's own gene
[2021-05-23 10:23:02.681] [jointLog] [warning] couldn't find transcript named [DQ516776] in transcript <-> gene map; returning transcript as it's own gene
[2021-05-23 10:23:02.681] [jointLog] [warning] couldn't find transcript named [DQ516773] in transcript <-> gene map; returning transcript as it's own gene
[2021-05-23 10:23:02.681] [jointLog] [warning] couldn't find transcript named [DQ854994] in transcript <-> gene map; returning transcript as it's own gene
[2021-05-23 10:23:02.682] [jointLog] [info] Aggregating expressions to gene level
[2021-05-23 10:23:02.891] [jointLog] [info] done
