[2021-05-26 11:47:36.603] [jointLog] [info] setting maxHashResizeThreads to 6
[2021-05-26 11:47:36.603] [jointLog] [info] Fragment incompatibility prior below threshold.  Incompatible fragments will be ignored.
[2021-05-26 11:47:36.604] [jointLog] [info] numQuantThreads = 3
[2021-05-26 11:47:39.212] [jointLog] [info] replaced 4 non-ACGT nucleotides with random nucleotides
[2021-05-26 11:47:39.468] [fileLog] [info] quantification processed 0 fragments so far

[2021-05-26 11:47:42.443] [fileLog] [info] quantification processed 1000000 fragments so far

[2021-05-26 11:47:45.330] [fileLog] [info] quantification processed 2000000 fragments so far

[2021-05-26 11:47:46.871] [jointLog] [info] 

The alignment group queue pool has been exhausted.  3142643 extra fragments were allocated on the heap to saturate the pool.  No new fragments will be allocated


[2021-05-26 11:47:53.153] [fileLog] [info] quantification processed 3000000 fragments so far

[2021-05-26 11:48:06.363] [fileLog] [info] quantification processed 4000000 fragments so far

[2021-05-26 11:48:19.534] [fileLog] [info] quantification processed 5000000 fragments so far

[2021-05-26 11:48:32.620] [fileLog] [info] quantification processed 6000000 fragments so far

[2021-05-26 11:48:45.676] [fileLog] [info] quantification processed 7000000 fragments so far

[2021-05-26 11:48:48.576] [fileLog] [info] quantification processed 8000000 fragments so far

[2021-05-26 11:48:51.448] [fileLog] [info] quantification processed 9000000 fragments so far

[2021-05-26 11:48:54.265] [fileLog] [info] quantification processed 10000000 fragments so far

[2021-05-26 11:48:57.114] [fileLog] [info] quantification processed 11000000 fragments so far

[2021-05-26 11:48:59.939] [fileLog] [info] quantification processed 12000000 fragments so far

[2021-05-26 11:49:02.748] [fileLog] [info] quantification processed 13000000 fragments so far

[2021-05-26 11:49:05.581] [fileLog] [info] quantification processed 14000000 fragments so far

[2021-05-26 11:49:08.383] [fileLog] [info] quantification processed 15000000 fragments so far

[2021-05-26 11:49:11.250] [fileLog] [info] quantification processed 16000000 fragments so far

[2021-05-26 11:49:14.069] [fileLog] [info] quantification processed 17000000 fragments so far

[2021-05-26 11:49:16.899] [fileLog] [info] quantification processed 18000000 fragments so far

[2021-05-26 11:49:19.744] [fileLog] [info] quantification processed 19000000 fragments so far

[2021-05-26 11:49:22.585] [fileLog] [info] quantification processed 20000000 fragments so far

[2021-05-26 11:49:25.419] [fileLog] [info] quantification processed 21000000 fragments so far

[2021-05-26 11:49:28.306] [fileLog] [info] quantification processed 22000000 fragments so far

[2021-05-26 11:49:31.169] [fileLog] [info] quantification processed 23000000 fragments so far

[2021-05-26 11:49:33.985] [fileLog] [info] quantification processed 24000000 fragments so far

[2021-05-26 11:49:36.851] [fileLog] [info] quantification processed 25000000 fragments so far

[2021-05-26 11:49:39.701] [fileLog] [info] quantification processed 26000000 fragments so far

[2021-05-26 11:49:42.519] [fileLog] [info] quantification processed 27000000 fragments so far

[2021-05-26 11:49:44.932] [fileLog] [info] quantification processed 27858452 fragments so far

[2021-05-26 11:49:50.044] [jointLog] [info] Thread saw mini-batch with a maximum of 2.00% zero probability fragments
[2021-05-26 11:49:50.048] [jointLog] [info] Thread saw mini-batch with a maximum of 3.00% zero probability fragments
[2021-05-26 11:49:50.048] [jointLog] [info] Thread saw mini-batch with a maximum of 2.30% zero probability fragments
[2021-05-26 11:49:50.049] [jointLog] [info] 


Completed first pass through the alignment file.
Total # of mapped reads : 27858452
# of uniquely mapped reads : 10543321
# ambiguously mapped reads : 17315131



[2021-05-26 11:49:50.177] [jointLog] [info] Computed 235862 rich equivalence classes for further processing
[2021-05-26 11:49:50.177] [jointLog] [info] Counted 27714330 total reads in the equivalence classes 
[2021-05-26 11:49:50.179] [jointLog] [info] starting optimizer
[2021-05-26 11:49:50.270] [jointLog] [info] Marked 0 weighted equivalence classes as degenerate
[2021-05-26 11:49:50.288] [jointLog] [info] iteration = 0 | max rel diff. = 8136.01
[2021-05-26 11:49:51.705] [jointLog] [info] iteration = 100 | max rel diff. = 11.2663
[2021-05-26 11:49:53.090] [jointLog] [info] iteration = 200 | max rel diff. = 18.7425
[2021-05-26 11:49:54.473] [jointLog] [info] iteration = 300 | max rel diff. = 19.453
[2021-05-26 11:49:55.851] [jointLog] [info] iteration = 400 | max rel diff. = 0.507637
[2021-05-26 11:49:57.241] [jointLog] [info] iteration = 500 | max rel diff. = 0.51773
[2021-05-26 11:49:58.619] [jointLog] [info] iteration = 600 | max rel diff. = 2.07041
[2021-05-26 11:49:59.999] [jointLog] [info] iteration = 700 | max rel diff. = 11.1131
[2021-05-26 11:50:01.384] [jointLog] [info] iteration = 800 | max rel diff. = 0.199029
[2021-05-26 11:50:02.788] [jointLog] [info] iteration = 900 | max rel diff. = 0.197233
[2021-05-26 11:50:04.175] [jointLog] [info] iteration = 1000 | max rel diff. = 0.0913763
[2021-05-26 11:50:05.558] [jointLog] [info] iteration = 1100 | max rel diff. = 0.385994
[2021-05-26 11:50:06.956] [jointLog] [info] iteration = 1200 | max rel diff. = 2.32856
[2021-05-26 11:50:07.729] [jointLog] [info] iteration = 1257 | max rel diff. = 0.00900196
[2021-05-26 11:50:07.756] [jointLog] [info] finished optimizer
[2021-05-26 11:50:07.756] [jointLog] [info] writing output
[2021-05-26 11:50:09.191] [jointLog] [info] Computing gene-level abundance estimates
[2021-05-26 11:50:34.498] [jointLog] [warning] Feature has no GFF ID
[2021-05-26 11:50:34.498] [jointLog] [warning] Feature has no GFF ID
[2021-05-26 11:50:34.498] [jointLog] [warning] Feature has no GFF ID
[2021-05-26 11:50:34.498] [jointLog] [warning] Feature has no GFF ID
[2021-05-26 11:50:34.498] [jointLog] [warning] Feature has no GFF ID
[2021-05-26 11:50:34.498] [jointLog] [warning] Feature has no GFF ID
[2021-05-26 11:50:34.498] [jointLog] [warning] Feature has no GFF ID
[2021-05-26 11:50:34.498] [jointLog] [warning] Feature has no GFF ID
[2021-05-26 11:50:34.498] [jointLog] [warning] Feature has no GFF ID
[2021-05-26 11:50:34.498] [jointLog] [warning] Feature has no GFF ID
[2021-05-26 11:50:34.498] [jointLog] [warning] Feature has no GFF ID
[2021-05-26 11:50:34.498] [jointLog] [warning] Feature has no GFF ID
[2021-05-26 11:50:34.498] [jointLog] [warning] Feature has no GFF ID
[2021-05-26 11:50:34.498] [jointLog] [warning] Feature has no GFF ID
[2021-05-26 11:50:34.498] [jointLog] [warning] Feature has no GFF ID
[2021-05-26 11:50:34.498] [jointLog] [warning] Feature has no GFF ID
[2021-05-26 11:50:34.498] [jointLog] [warning] Feature has no GFF ID
[2021-05-26 11:50:34.498] [jointLog] [warning] Feature has no GFF ID
[2021-05-26 11:50:34.498] [jointLog] [warning] Feature has no GFF ID
[2021-05-26 11:50:34.498] [jointLog] [warning] Feature has no GFF ID
[2021-05-26 11:50:34.498] [jointLog] [warning] Feature has no GFF ID
[2021-05-26 11:50:34.498] [jointLog] [warning] Feature has no GFF ID
[2021-05-26 11:50:34.498] [jointLog] [warning] Feature has no GFF ID
[2021-05-26 11:50:34.498] [jointLog] [warning] Feature has no GFF ID
[2021-05-26 11:50:34.498] [jointLog] [warning] Feature has no GFF ID
[2021-05-26 11:50:34.498] [jointLog] [warning] Feature has no GFF ID
[2021-05-26 11:50:34.498] [jointLog] [warning] Feature has no GFF ID
[2021-05-26 11:50:34.498] [jointLog] [warning] Feature has no GFF ID
[2021-05-26 11:50:34.498] [jointLog] [warning] Feature has no GFF ID
[2021-05-26 11:50:34.498] [jointLog] [warning] Feature has no GFF ID
[2021-05-26 11:50:34.498] [jointLog] [warning] Feature has no GFF ID
[2021-05-26 11:50:34.498] [jointLog] [warning] Feature has no GFF ID
[2021-05-26 11:50:34.498] [jointLog] [warning] Feature has no GFF ID
[2021-05-26 11:50:34.498] [jointLog] [warning] Feature has no GFF ID
[2021-05-26 11:50:34.498] [jointLog] [warning] Feature has no GFF ID
[2021-05-26 11:50:34.498] [jointLog] [warning] Feature has no GFF ID
[2021-05-26 11:50:34.498] [jointLog] [warning] Feature has no GFF ID
[2021-05-26 11:50:34.498] [jointLog] [warning] Feature has no GFF ID
[2021-05-26 11:50:34.498] [jointLog] [warning] Feature has no GFF ID
[2021-05-26 11:50:34.498] [jointLog] [warning] Feature has no GFF ID
[2021-05-26 11:50:34.498] [jointLog] [warning] Feature has no GFF ID
[2021-05-26 11:50:34.498] [jointLog] [warning] Feature has no GFF ID
[2021-05-26 11:50:34.498] [jointLog] [warning] Feature has no GFF ID
[2021-05-26 11:50:34.498] [jointLog] [warning] Feature has no GFF ID
[2021-05-26 11:50:34.498] [jointLog] [warning] Feature has no GFF ID
[2021-05-26 11:50:34.498] [jointLog] [warning] Feature has no GFF ID
[2021-05-26 11:50:34.498] [jointLog] [warning] Feature has no GFF ID
[2021-05-26 11:50:34.498] [jointLog] [warning] Feature has no GFF ID
[2021-05-26 11:50:34.498] [jointLog] [warning] Feature has no GFF ID
[2021-05-26 11:50:34.498] [jointLog] [warning] Feature has no GFF ID
[2021-05-26 11:50:34.498] [jointLog] [warning] Feature has no GFF ID
[2021-05-26 11:50:34.498] [jointLog] [warning] Feature has no GFF ID
[2021-05-26 11:50:34.498] [jointLog] [warning] Feature has no GFF ID
[2021-05-26 11:50:34.498] [jointLog] [warning] Feature has no GFF ID
[2021-05-26 11:50:34.498] [jointLog] [warning] Feature has no GFF ID
[2021-05-26 11:50:34.498] [jointLog] [warning] Feature has no GFF ID
[2021-05-26 11:50:34.498] [jointLog] [warning] Feature has no GFF ID
[2021-05-26 11:50:34.498] [jointLog] [warning] Feature has no GFF ID
[2021-05-26 11:50:34.498] [jointLog] [warning] Feature has no GFF ID
[2021-05-26 11:50:34.498] [jointLog] [warning] Feature has no GFF ID
[2021-05-26 11:50:34.498] [jointLog] [warning] Feature has no GFF ID
[2021-05-26 11:50:34.498] [jointLog] [warning] Feature has no GFF ID
[2021-05-26 11:50:34.498] [jointLog] [warning] Feature has no GFF ID
[2021-05-26 11:50:34.498] [jointLog] [warning] Feature has no GFF ID
[2021-05-26 11:50:34.498] [jointLog] [warning] Feature has no GFF ID
[2021-05-26 11:50:34.498] [jointLog] [warning] Feature has no GFF ID
[2021-05-26 11:50:34.498] [jointLog] [warning] Feature has no GFF ID
[2021-05-26 11:50:34.498] [jointLog] [warning] Feature has no GFF ID
[2021-05-26 11:50:34.498] [jointLog] [warning] Feature has no GFF ID
[2021-05-26 11:50:34.498] [jointLog] [warning] Feature has no GFF ID
[2021-05-26 11:50:34.498] [jointLog] [warning] Feature has no GFF ID
[2021-05-26 11:50:34.498] [jointLog] [warning] Feature has no GFF ID
[2021-05-26 11:50:34.498] [jointLog] [warning] Feature has no GFF ID
[2021-05-26 11:50:34.498] [jointLog] [warning] Feature has no GFF ID
[2021-05-26 11:50:34.498] [jointLog] [warning] Feature has no GFF ID
[2021-05-26 11:50:34.498] [jointLog] [warning] Feature has no GFF ID
[2021-05-26 11:50:34.498] [jointLog] [warning] Feature has no GFF ID
[2021-05-26 11:50:34.498] [jointLog] [warning] Feature has no GFF ID
[2021-05-26 11:50:34.498] [jointLog] [warning] Feature has no GFF ID
[2021-05-26 11:50:34.498] [jointLog] [warning] Feature has no GFF ID
[2021-05-26 11:50:34.498] [jointLog] [warning] Feature has no GFF ID
[2021-05-26 11:50:34.498] [jointLog] [warning] Feature has no GFF ID
[2021-05-26 11:50:34.498] [jointLog] [warning] Feature has no GFF ID
[2021-05-26 11:50:34.498] [jointLog] [warning] Feature has no GFF ID
[2021-05-26 11:50:34.498] [jointLog] [warning] Feature has no GFF ID
[2021-05-26 11:50:34.498] [jointLog] [warning] Feature has no GFF ID
[2021-05-26 11:50:34.498] [jointLog] [warning] Feature has no GFF ID
[2021-05-26 11:50:34.498] [jointLog] [warning] Feature has no GFF ID
[2021-05-26 11:50:34.498] [jointLog] [warning] Feature has no GFF ID
[2021-05-26 11:50:34.498] [jointLog] [warning] Feature has no GFF ID
[2021-05-26 11:50:34.498] [jointLog] [warning] Feature has no GFF ID
[2021-05-26 11:50:34.498] [jointLog] [warning] Feature has no GFF ID
[2021-05-26 11:50:34.802] [jointLog] [info] There were 142604 transcripts mapping to 55401 genes
[2021-05-26 11:50:34.802] [jointLog] [info] NOTE: We recommend using tximport (https://bioconductor.org/packages/release/bioc/html/tximport.html) for aggregating transcript-level salmon abundance estimates to the gene level.  It is more versatile, exposes more features, and allows considering multi-sample information during aggregation.
[2021-05-26 11:50:35.065] [jointLog] [warning] couldn't find transcript named [DQ459430] in transcript <-> gene map; returning transcript as it's own gene
[2021-05-26 11:50:35.065] [jointLog] [warning] couldn't find transcript named [DQ516784] in transcript <-> gene map; returning transcript as it's own gene
[2021-05-26 11:50:35.065] [jointLog] [warning] couldn't find transcript named [DQ516752] in transcript <-> gene map; returning transcript as it's own gene
[2021-05-26 11:50:35.065] [jointLog] [warning] couldn't find transcript named [DQ668364] in transcript <-> gene map; returning transcript as it's own gene
[2021-05-26 11:50:35.065] [jointLog] [warning] couldn't find transcript named [DQ883670] in transcript <-> gene map; returning transcript as it's own gene
[2021-05-26 11:50:35.065] [jointLog] [warning] couldn't find transcript named [EF011062] in transcript <-> gene map; returning transcript as it's own gene
[2021-05-26 11:50:35.065] [jointLog] [warning] couldn't find transcript named [DQ875385] in transcript <-> gene map; returning transcript as it's own gene
[2021-05-26 11:50:35.065] [jointLog] [warning] couldn't find transcript named [DQ883664] in transcript <-> gene map; returning transcript as it's own gene
[2021-05-26 11:50:35.065] [jointLog] [warning] couldn't find transcript named [DQ459420] in transcript <-> gene map; returning transcript as it's own gene
[2021-05-26 11:50:35.065] [jointLog] [warning] couldn't find transcript named [DQ883651] in transcript <-> gene map; returning transcript as it's own gene
[2021-05-26 11:50:35.065] [jointLog] [warning] couldn't find transcript named [DQ855004] in transcript <-> gene map; returning transcript as it's own gene
[2021-05-26 11:50:35.065] [jointLog] [warning] couldn't find transcript named [DQ854993] in transcript <-> gene map; returning transcript as it's own gene
[2021-05-26 11:50:35.065] [jointLog] [warning] couldn't find transcript named [DQ883689] in transcript <-> gene map; returning transcript as it's own gene
[2021-05-26 11:50:35.065] [jointLog] [warning] couldn't find transcript named [DQ459419] in transcript <-> gene map; returning transcript as it's own gene
[2021-05-26 11:50:35.065] [jointLog] [warning] couldn't find transcript named [DQ459431] in transcript <-> gene map; returning transcript as it's own gene
[2021-05-26 11:50:35.065] [jointLog] [warning] couldn't find transcript named [DQ516796] in transcript <-> gene map; returning transcript as it's own gene
[2021-05-26 11:50:35.065] [jointLog] [warning] couldn't find transcript named [DQ855001] in transcript <-> gene map; returning transcript as it's own gene
[2021-05-26 11:50:35.065] [jointLog] [warning] couldn't find transcript named [DQ459413] in transcript <-> gene map; returning transcript as it's own gene
[2021-05-26 11:50:35.065] [jointLog] [warning] couldn't find transcript named [DQ883656] in transcript <-> gene map; returning transcript as it's own gene
[2021-05-26 11:50:35.065] [jointLog] [warning] couldn't find transcript named [DQ883661] in transcript <-> gene map; returning transcript as it's own gene
[2021-05-26 11:50:35.065] [jointLog] [warning] couldn't find transcript named [EF011069] in transcript <-> gene map; returning transcript as it's own gene
[2021-05-26 11:50:35.065] [jointLog] [warning] couldn't find transcript named [DQ516783] in transcript <-> gene map; returning transcript as it's own gene
[2021-05-26 11:50:35.065] [jointLog] [warning] couldn't find transcript named [DQ516787] in transcript <-> gene map; returning transcript as it's own gene
[2021-05-26 11:50:35.065] [jointLog] [warning] couldn't find transcript named [DQ459424] in transcript <-> gene map; returning transcript as it's own gene
[2021-05-26 11:50:35.065] [jointLog] [warning] couldn't find transcript named [DQ516748] in transcript <-> gene map; returning transcript as it's own gene
[2021-05-26 11:50:35.065] [jointLog] [warning] couldn't find transcript named [DQ883671] in transcript <-> gene map; returning transcript as it's own gene
[2021-05-26 11:50:35.065] [jointLog] [warning] couldn't find transcript named [DQ516740] in transcript <-> gene map; returning transcript as it's own gene
[2021-05-26 11:50:35.065] [jointLog] [warning] couldn't find transcript named [DQ516785] in transcript <-> gene map; returning transcript as it's own gene
[2021-05-26 11:50:35.065] [jointLog] [warning] couldn't find transcript named [DQ516731] in transcript <-> gene map; returning transcript as it's own gene
[2021-05-26 11:50:35.065] [jointLog] [warning] couldn't find transcript named [DQ668366] in transcript <-> gene map; returning transcript as it's own gene
[2021-05-26 11:50:35.065] [jointLog] [warning] couldn't find transcript named [DQ459418] in transcript <-> gene map; returning transcript as it's own gene
[2021-05-26 11:50:35.065] [jointLog] [warning] couldn't find transcript named [DQ668356] in transcript <-> gene map; returning transcript as it's own gene
[2021-05-26 11:50:35.065] [jointLog] [warning] couldn't find transcript named [DQ516763] in transcript <-> gene map; returning transcript as it's own gene
[2021-05-26 11:50:35.065] [jointLog] [warning] couldn't find transcript named [DQ459426] in transcript <-> gene map; returning transcript as it's own gene
[2021-05-26 11:50:35.065] [jointLog] [warning] couldn't find transcript named [DQ516786] in transcript <-> gene map; returning transcript as it's own gene
[2021-05-26 11:50:35.065] [jointLog] [warning] couldn't find transcript named [DQ883653] in transcript <-> gene map; returning transcript as it's own gene
[2021-05-26 11:50:35.065] [jointLog] [warning] couldn't find transcript named [DQ459421] in transcript <-> gene map; returning transcript as it's own gene
[2021-05-26 11:50:35.065] [jointLog] [warning] couldn't find transcript named [DQ883654] in transcript <-> gene map; returning transcript as it's own gene
[2021-05-26 11:50:35.065] [jointLog] [warning] couldn't find transcript named [DQ668358] in transcript <-> gene map; returning transcript as it's own gene
[2021-05-26 11:50:35.065] [jointLog] [warning] couldn't find transcript named [DQ516754] in transcript <-> gene map; returning transcript as it's own gene
[2021-05-26 11:50:35.065] [jointLog] [warning] couldn't find transcript named [DQ516778] in transcript <-> gene map; returning transcript as it's own gene
[2021-05-26 11:50:35.065] [jointLog] [warning] couldn't find transcript named [DQ883650] in transcript <-> gene map; returning transcript as it's own gene
[2021-05-26 11:50:35.065] [jointLog] [warning] couldn't find transcript named [DQ516742] in transcript <-> gene map; returning transcript as it's own gene
[2021-05-26 11:50:35.065] [jointLog] [warning] couldn't find transcript named [DQ883673] in transcript <-> gene map; returning transcript as it's own gene
[2021-05-26 11:50:35.065] [jointLog] [warning] couldn't find transcript named [DQ883652] in transcript <-> gene map; returning transcript as it's own gene
[2021-05-26 11:50:35.065] [jointLog] [warning] couldn't find transcript named [DQ854991] in transcript <-> gene map; returning transcript as it's own gene
[2021-05-26 11:50:35.065] [jointLog] [warning] couldn't find transcript named [DQ516780] in transcript <-> gene map; returning transcript as it's own gene
[2021-05-26 11:50:35.065] [jointLog] [warning] couldn't find transcript named [DQ883682] in transcript <-> gene map; returning transcript as it's own gene
[2021-05-26 11:50:35.065] [jointLog] [warning] couldn't find transcript named [DQ883669] in transcript <-> gene map; returning transcript as it's own gene
[2021-05-26 11:50:35.065] [jointLog] [warning] couldn't find transcript named [DQ516791] in transcript <-> gene map; returning transcript as it's own gene
[2021-05-26 11:50:35.065] [jointLog] [warning] couldn't find transcript named [DQ459425] in transcript <-> gene map; returning transcript as it's own gene
[2021-05-26 11:50:35.065] [jointLog] [warning] couldn't find transcript named [DQ516759] in transcript <-> gene map; returning transcript as it's own gene
[2021-05-26 11:50:35.065] [jointLog] [warning] couldn't find transcript named [DQ459429] in transcript <-> gene map; returning transcript as it's own gene
[2021-05-26 11:50:35.065] [jointLog] [warning] couldn't find transcript named [DQ516758] in transcript <-> gene map; returning transcript as it's own gene
[2021-05-26 11:50:35.065] [jointLog] [warning] couldn't find transcript named [DQ459415] in transcript <-> gene map; returning transcript as it's own gene
[2021-05-26 11:50:35.065] [jointLog] [warning] couldn't find transcript named [DQ875387] in transcript <-> gene map; returning transcript as it's own gene
[2021-05-26 11:50:35.065] [jointLog] [warning] couldn't find transcript named [DQ516815] in transcript <-> gene map; returning transcript as it's own gene
[2021-05-26 11:50:35.065] [jointLog] [warning] couldn't find transcript named [DQ668365] in transcript <-> gene map; returning transcript as it's own gene
[2021-05-26 11:50:35.065] [jointLog] [warning] couldn't find transcript named [DQ854998] in transcript <-> gene map; returning transcript as it's own gene
[2021-05-26 11:50:35.065] [jointLog] [warning] couldn't find transcript named [DQ883685] in transcript <-> gene map; returning transcript as it's own gene
[2021-05-26 11:50:35.065] [jointLog] [warning] couldn't find transcript named [DQ459422] in transcript <-> gene map; returning transcript as it's own gene
[2021-05-26 11:50:35.065] [jointLog] [warning] couldn't find transcript named [DQ883663] in transcript <-> gene map; returning transcript as it's own gene
[2021-05-26 11:50:35.065] [jointLog] [warning] couldn't find transcript named [DQ668367] in transcript <-> gene map; returning transcript as it's own gene
[2021-05-26 11:50:35.065] [jointLog] [warning] couldn't find transcript named [DQ459412] in transcript <-> gene map; returning transcript as it's own gene
[2021-05-26 11:50:35.065] [jointLog] [warning] couldn't find transcript named [DQ854992] in transcript <-> gene map; returning transcript as it's own gene
[2021-05-26 11:50:35.065] [jointLog] [warning] couldn't find transcript named [DQ516782] in transcript <-> gene map; returning transcript as it's own gene
[2021-05-26 11:50:35.065] [jointLog] [warning] couldn't find transcript named [DQ459427] in transcript <-> gene map; returning transcript as it's own gene
[2021-05-26 11:50:35.065] [jointLog] [warning] couldn't find transcript named [EF011072] in transcript <-> gene map; returning transcript as it's own gene
[2021-05-26 11:50:35.065] [jointLog] [warning] couldn't find transcript named [DQ855003] in transcript <-> gene map; returning transcript as it's own gene
[2021-05-26 11:50:35.065] [jointLog] [warning] couldn't find transcript named [DQ516739] in transcript <-> gene map; returning transcript as it's own gene
[2021-05-26 11:50:35.065] [jointLog] [warning] couldn't find transcript named [EF011063] in transcript <-> gene map; returning transcript as it's own gene
[2021-05-26 11:50:35.065] [jointLog] [warning] couldn't find transcript named [DQ855000] in transcript <-> gene map; returning transcript as it's own gene
[2021-05-26 11:50:35.065] [jointLog] [warning] couldn't find transcript named [DQ516777] in transcript <-> gene map; returning transcript as it's own gene
[2021-05-26 11:50:35.065] [jointLog] [warning] couldn't find transcript named [DQ883646] in transcript <-> gene map; returning transcript as it's own gene
[2021-05-26 11:50:35.065] [jointLog] [warning] couldn't find transcript named [DQ668362] in transcript <-> gene map; returning transcript as it's own gene
[2021-05-26 11:50:35.065] [jointLog] [warning] couldn't find transcript named [DQ854995] in transcript <-> gene map; returning transcript as it's own gene
[2021-05-26 11:50:35.065] [jointLog] [warning] couldn't find transcript named [DQ875386] in transcript <-> gene map; returning transcript as it's own gene
[2021-05-26 11:50:35.065] [jointLog] [warning] couldn't find transcript named [DQ516790] in transcript <-> gene map; returning transcript as it's own gene
[2021-05-26 11:50:35.065] [jointLog] [warning] couldn't find transcript named [DQ883642] in transcript <-> gene map; returning transcript as it's own gene
[2021-05-26 11:50:35.065] [jointLog] [warning] couldn't find transcript named [DQ883659] in transcript <-> gene map; returning transcript as it's own gene
[2021-05-26 11:50:35.065] [jointLog] [warning] couldn't find transcript named [DQ854997] in transcript <-> gene map; returning transcript as it's own gene
[2021-05-26 11:50:35.065] [jointLog] [warning] couldn't find transcript named [DQ883643] in transcript <-> gene map; returning transcript as it's own gene
[2021-05-26 11:50:35.065] [jointLog] [warning] couldn't find transcript named [DQ839618] in transcript <-> gene map; returning transcript as it's own gene
[2021-05-26 11:50:35.065] [jointLog] [warning] couldn't find transcript named [DQ516795] in transcript <-> gene map; returning transcript as it's own gene
[2021-05-26 11:50:35.065] [jointLog] [warning] couldn't find transcript named [DQ883658] in transcript <-> gene map; returning transcript as it's own gene
[2021-05-26 11:50:35.065] [jointLog] [warning] couldn't find transcript named [DQ516750] in transcript <-> gene map; returning transcript as it's own gene
[2021-05-26 11:50:35.065] [jointLog] [warning] couldn't find transcript named [DQ668359] in transcript <-> gene map; returning transcript as it's own gene
[2021-05-26 11:50:35.065] [jointLog] [warning] couldn't find transcript named [DQ516779] in transcript <-> gene map; returning transcript as it's own gene
[2021-05-26 11:50:35.065] [jointLog] [warning] couldn't find transcript named [DQ668363] in transcript <-> gene map; returning transcript as it's own gene
[2021-05-26 11:50:35.065] [jointLog] [warning] couldn't find transcript named [DQ516776] in transcript <-> gene map; returning transcript as it's own gene
[2021-05-26 11:50:35.065] [jointLog] [warning] couldn't find transcript named [DQ516773] in transcript <-> gene map; returning transcript as it's own gene
[2021-05-26 11:50:35.065] [jointLog] [warning] couldn't find transcript named [DQ854994] in transcript <-> gene map; returning transcript as it's own gene
[2021-05-26 11:50:35.066] [jointLog] [info] Aggregating expressions to gene level
[2021-05-26 11:50:35.209] [jointLog] [info] done
