[2021-05-23 10:34:10.020] [jointLog] [info] setting maxHashResizeThreads to 6
[2021-05-23 10:34:10.020] [jointLog] [info] Fragment incompatibility prior below threshold.  Incompatible fragments will be ignored.
[2021-05-23 10:34:10.023] [jointLog] [info] numQuantThreads = 3
[2021-05-23 10:34:14.238] [jointLog] [info] replaced 4 non-ACGT nucleotides with random nucleotides
[2021-05-23 10:34:14.546] [fileLog] [info] quantification processed 0 fragments so far

[2021-05-23 10:34:18.649] [fileLog] [info] quantification processed 1000000 fragments so far

[2021-05-23 10:34:22.462] [fileLog] [info] quantification processed 2000000 fragments so far

[2021-05-23 10:34:24.130] [jointLog] [info] 

The alignment group queue pool has been exhausted.  2852279 extra fragments were allocated on the heap to saturate the pool.  No new fragments will be allocated


[2021-05-23 10:34:32.761] [fileLog] [info] quantification processed 3000000 fragments so far

[2021-05-23 10:34:49.895] [fileLog] [info] quantification processed 4000000 fragments so far

[2021-05-23 10:35:06.300] [fileLog] [info] quantification processed 5000000 fragments so far

[2021-05-23 10:35:22.740] [fileLog] [info] quantification processed 6000000 fragments so far

[2021-05-23 10:35:39.000] [fileLog] [info] quantification processed 7000000 fragments so far

[2021-05-23 10:35:43.337] [fileLog] [info] quantification processed 8000000 fragments so far

[2021-05-23 10:35:47.589] [fileLog] [info] quantification processed 9000000 fragments so far

[2021-05-23 10:35:51.188] [fileLog] [info] quantification processed 10000000 fragments so far

[2021-05-23 10:35:54.555] [fileLog] [info] quantification processed 11000000 fragments so far

[2021-05-23 10:35:58.203] [fileLog] [info] quantification processed 12000000 fragments so far

[2021-05-23 10:36:02.102] [fileLog] [info] quantification processed 13000000 fragments so far

[2021-05-23 10:36:05.724] [fileLog] [info] quantification processed 14000000 fragments so far

[2021-05-23 10:36:10.053] [fileLog] [info] quantification processed 15000000 fragments so far

[2021-05-23 10:36:15.388] [fileLog] [info] quantification processed 16000000 fragments so far

[2021-05-23 10:36:19.705] [fileLog] [info] quantification processed 17000000 fragments so far

[2021-05-23 10:36:23.036] [fileLog] [info] quantification processed 18000000 fragments so far

[2021-05-23 10:36:26.327] [fileLog] [info] quantification processed 19000000 fragments so far

[2021-05-23 10:36:30.396] [fileLog] [info] quantification processed 20000000 fragments so far

[2021-05-23 10:36:34.723] [fileLog] [info] quantification processed 21000000 fragments so far

[2021-05-23 10:36:39.360] [fileLog] [info] quantification processed 22000000 fragments so far

[2021-05-23 10:36:43.966] [fileLog] [info] quantification processed 23000000 fragments so far

[2021-05-23 10:36:48.133] [fileLog] [info] quantification processed 24000000 fragments so far

[2021-05-23 10:36:52.020] [fileLog] [info] quantification processed 25000000 fragments so far

[2021-05-23 10:36:54.282] [fileLog] [info] quantification processed 25632015 fragments so far

[2021-05-23 10:36:57.937] [jointLog] [info] Thread saw mini-batch with a maximum of 6.40% zero probability fragments
[2021-05-23 10:36:57.942] [jointLog] [info] Thread saw mini-batch with a maximum of 5.30% zero probability fragments
[2021-05-23 10:36:57.944] [jointLog] [info] Thread saw mini-batch with a maximum of 5.70% zero probability fragments
[2021-05-23 10:36:57.946] [jointLog] [info] 


Completed first pass through the alignment file.
Total # of mapped reads : 25632015
# of uniquely mapped reads : 10336780
# ambiguously mapped reads : 15295235



[2021-05-23 10:36:58.143] [jointLog] [info] Computed 237221 rich equivalence classes for further processing
[2021-05-23 10:36:58.143] [jointLog] [info] Counted 25505531 total reads in the equivalence classes 
[2021-05-23 10:36:58.146] [jointLog] [info] starting optimizer
[2021-05-23 10:36:58.274] [jointLog] [info] Marked 0 weighted equivalence classes as degenerate
[2021-05-23 10:36:58.298] [jointLog] [info] iteration = 0 | max rel diff. = 8186.85
[2021-05-23 10:37:00.085] [jointLog] [info] iteration = 100 | max rel diff. = 16.4831
[2021-05-23 10:37:01.866] [jointLog] [info] iteration = 200 | max rel diff. = 8.30926
[2021-05-23 10:37:03.735] [jointLog] [info] iteration = 300 | max rel diff. = 1.44404
[2021-05-23 10:37:05.650] [jointLog] [info] iteration = 400 | max rel diff. = 0.906175
[2021-05-23 10:37:07.484] [jointLog] [info] iteration = 500 | max rel diff. = 1.30493
[2021-05-23 10:37:09.154] [jointLog] [info] iteration = 600 | max rel diff. = 6.71273
[2021-05-23 10:37:10.829] [jointLog] [info] iteration = 700 | max rel diff. = 0.642341
[2021-05-23 10:37:12.503] [jointLog] [info] iteration = 800 | max rel diff. = 0.132701
[2021-05-23 10:37:14.143] [jointLog] [info] iteration = 900 | max rel diff. = 0.0472336
[2021-05-23 10:37:15.778] [jointLog] [info] iteration = 1000 | max rel diff. = 0.126772
[2021-05-23 10:37:17.446] [jointLog] [info] iteration = 1100 | max rel diff. = 0.229489
[2021-05-23 10:37:19.082] [jointLog] [info] iteration = 1200 | max rel diff. = 0.0415473
[2021-05-23 10:37:20.734] [jointLog] [info] iteration = 1300 | max rel diff. = 0.658757
[2021-05-23 10:37:22.379] [jointLog] [info] iteration = 1400 | max rel diff. = 0.0469156
[2021-05-23 10:37:24.010] [jointLog] [info] iteration = 1500 | max rel diff. = 1.10294
[2021-05-23 10:37:24.237] [jointLog] [info] iteration = 1515 | max rel diff. = 0.00810962
[2021-05-23 10:37:24.278] [jointLog] [info] finished optimizer
[2021-05-23 10:37:24.278] [jointLog] [info] writing output
[2021-05-23 10:37:26.375] [jointLog] [info] Computing gene-level abundance estimates
[2021-05-23 10:37:57.226] [jointLog] [warning] Feature has no GFF ID
[2021-05-23 10:37:57.226] [jointLog] [warning] Feature has no GFF ID
[2021-05-23 10:37:57.226] [jointLog] [warning] Feature has no GFF ID
[2021-05-23 10:37:57.226] [jointLog] [warning] Feature has no GFF ID
[2021-05-23 10:37:57.226] [jointLog] [warning] Feature has no GFF ID
[2021-05-23 10:37:57.226] [jointLog] [warning] Feature has no GFF ID
[2021-05-23 10:37:57.226] [jointLog] [warning] Feature has no GFF ID
[2021-05-23 10:37:57.226] [jointLog] [warning] Feature has no GFF ID
[2021-05-23 10:37:57.226] [jointLog] [warning] Feature has no GFF ID
[2021-05-23 10:37:57.226] [jointLog] [warning] Feature has no GFF ID
[2021-05-23 10:37:57.226] [jointLog] [warning] Feature has no GFF ID
[2021-05-23 10:37:57.226] [jointLog] [warning] Feature has no GFF ID
[2021-05-23 10:37:57.226] [jointLog] [warning] Feature has no GFF ID
[2021-05-23 10:37:57.226] [jointLog] [warning] Feature has no GFF ID
[2021-05-23 10:37:57.226] [jointLog] [warning] Feature has no GFF ID
[2021-05-23 10:37:57.226] [jointLog] [warning] Feature has no GFF ID
[2021-05-23 10:37:57.226] [jointLog] [warning] Feature has no GFF ID
[2021-05-23 10:37:57.226] [jointLog] [warning] Feature has no GFF ID
[2021-05-23 10:37:57.226] [jointLog] [warning] Feature has no GFF ID
[2021-05-23 10:37:57.226] [jointLog] [warning] Feature has no GFF ID
[2021-05-23 10:37:57.226] [jointLog] [warning] Feature has no GFF ID
[2021-05-23 10:37:57.226] [jointLog] [warning] Feature has no GFF ID
[2021-05-23 10:37:57.226] [jointLog] [warning] Feature has no GFF ID
[2021-05-23 10:37:57.226] [jointLog] [warning] Feature has no GFF ID
[2021-05-23 10:37:57.226] [jointLog] [warning] Feature has no GFF ID
[2021-05-23 10:37:57.226] [jointLog] [warning] Feature has no GFF ID
[2021-05-23 10:37:57.226] [jointLog] [warning] Feature has no GFF ID
[2021-05-23 10:37:57.226] [jointLog] [warning] Feature has no GFF ID
[2021-05-23 10:37:57.226] [jointLog] [warning] Feature has no GFF ID
[2021-05-23 10:37:57.226] [jointLog] [warning] Feature has no GFF ID
[2021-05-23 10:37:57.226] [jointLog] [warning] Feature has no GFF ID
[2021-05-23 10:37:57.226] [jointLog] [warning] Feature has no GFF ID
[2021-05-23 10:37:57.226] [jointLog] [warning] Feature has no GFF ID
[2021-05-23 10:37:57.226] [jointLog] [warning] Feature has no GFF ID
[2021-05-23 10:37:57.226] [jointLog] [warning] Feature has no GFF ID
[2021-05-23 10:37:57.226] [jointLog] [warning] Feature has no GFF ID
[2021-05-23 10:37:57.226] [jointLog] [warning] Feature has no GFF ID
[2021-05-23 10:37:57.226] [jointLog] [warning] Feature has no GFF ID
[2021-05-23 10:37:57.226] [jointLog] [warning] Feature has no GFF ID
[2021-05-23 10:37:57.226] [jointLog] [warning] Feature has no GFF ID
[2021-05-23 10:37:57.226] [jointLog] [warning] Feature has no GFF ID
[2021-05-23 10:37:57.226] [jointLog] [warning] Feature has no GFF ID
[2021-05-23 10:37:57.226] [jointLog] [warning] Feature has no GFF ID
[2021-05-23 10:37:57.226] [jointLog] [warning] Feature has no GFF ID
[2021-05-23 10:37:57.226] [jointLog] [warning] Feature has no GFF ID
[2021-05-23 10:37:57.226] [jointLog] [warning] Feature has no GFF ID
[2021-05-23 10:37:57.226] [jointLog] [warning] Feature has no GFF ID
[2021-05-23 10:37:57.226] [jointLog] [warning] Feature has no GFF ID
[2021-05-23 10:37:57.226] [jointLog] [warning] Feature has no GFF ID
[2021-05-23 10:37:57.226] [jointLog] [warning] Feature has no GFF ID
[2021-05-23 10:37:57.226] [jointLog] [warning] Feature has no GFF ID
[2021-05-23 10:37:57.226] [jointLog] [warning] Feature has no GFF ID
[2021-05-23 10:37:57.226] [jointLog] [warning] Feature has no GFF ID
[2021-05-23 10:37:57.226] [jointLog] [warning] Feature has no GFF ID
[2021-05-23 10:37:57.226] [jointLog] [warning] Feature has no GFF ID
[2021-05-23 10:37:57.226] [jointLog] [warning] Feature has no GFF ID
[2021-05-23 10:37:57.226] [jointLog] [warning] Feature has no GFF ID
[2021-05-23 10:37:57.226] [jointLog] [warning] Feature has no GFF ID
[2021-05-23 10:37:57.226] [jointLog] [warning] Feature has no GFF ID
[2021-05-23 10:37:57.226] [jointLog] [warning] Feature has no GFF ID
[2021-05-23 10:37:57.226] [jointLog] [warning] Feature has no GFF ID
[2021-05-23 10:37:57.226] [jointLog] [warning] Feature has no GFF ID
[2021-05-23 10:37:57.226] [jointLog] [warning] Feature has no GFF ID
[2021-05-23 10:37:57.226] [jointLog] [warning] Feature has no GFF ID
[2021-05-23 10:37:57.226] [jointLog] [warning] Feature has no GFF ID
[2021-05-23 10:37:57.226] [jointLog] [warning] Feature has no GFF ID
[2021-05-23 10:37:57.226] [jointLog] [warning] Feature has no GFF ID
[2021-05-23 10:37:57.226] [jointLog] [warning] Feature has no GFF ID
[2021-05-23 10:37:57.226] [jointLog] [warning] Feature has no GFF ID
[2021-05-23 10:37:57.226] [jointLog] [warning] Feature has no GFF ID
[2021-05-23 10:37:57.226] [jointLog] [warning] Feature has no GFF ID
[2021-05-23 10:37:57.226] [jointLog] [warning] Feature has no GFF ID
[2021-05-23 10:37:57.226] [jointLog] [warning] Feature has no GFF ID
[2021-05-23 10:37:57.226] [jointLog] [warning] Feature has no GFF ID
[2021-05-23 10:37:57.226] [jointLog] [warning] Feature has no GFF ID
[2021-05-23 10:37:57.226] [jointLog] [warning] Feature has no GFF ID
[2021-05-23 10:37:57.226] [jointLog] [warning] Feature has no GFF ID
[2021-05-23 10:37:57.226] [jointLog] [warning] Feature has no GFF ID
[2021-05-23 10:37:57.226] [jointLog] [warning] Feature has no GFF ID
[2021-05-23 10:37:57.226] [jointLog] [warning] Feature has no GFF ID
[2021-05-23 10:37:57.226] [jointLog] [warning] Feature has no GFF ID
[2021-05-23 10:37:57.226] [jointLog] [warning] Feature has no GFF ID
[2021-05-23 10:37:57.226] [jointLog] [warning] Feature has no GFF ID
[2021-05-23 10:37:57.226] [jointLog] [warning] Feature has no GFF ID
[2021-05-23 10:37:57.226] [jointLog] [warning] Feature has no GFF ID
[2021-05-23 10:37:57.226] [jointLog] [warning] Feature has no GFF ID
[2021-05-23 10:37:57.226] [jointLog] [warning] Feature has no GFF ID
[2021-05-23 10:37:57.226] [jointLog] [warning] Feature has no GFF ID
[2021-05-23 10:37:57.226] [jointLog] [warning] Feature has no GFF ID
[2021-05-23 10:37:57.226] [jointLog] [warning] Feature has no GFF ID
[2021-05-23 10:37:57.226] [jointLog] [warning] Feature has no GFF ID
[2021-05-23 10:37:57.226] [jointLog] [warning] Feature has no GFF ID
[2021-05-23 10:37:57.569] [jointLog] [info] There were 142604 transcripts mapping to 55401 genes
[2021-05-23 10:37:57.569] [jointLog] [info] NOTE: We recommend using tximport (https://bioconductor.org/packages/release/bioc/html/tximport.html) for aggregating transcript-level salmon abundance estimates to the gene level.  It is more versatile, exposes more features, and allows considering multi-sample information during aggregation.
[2021-05-23 10:37:57.880] [jointLog] [warning] couldn't find transcript named [DQ459430] in transcript <-> gene map; returning transcript as it's own gene
[2021-05-23 10:37:57.880] [jointLog] [warning] couldn't find transcript named [DQ516784] in transcript <-> gene map; returning transcript as it's own gene
[2021-05-23 10:37:57.880] [jointLog] [warning] couldn't find transcript named [DQ516752] in transcript <-> gene map; returning transcript as it's own gene
[2021-05-23 10:37:57.880] [jointLog] [warning] couldn't find transcript named [DQ668364] in transcript <-> gene map; returning transcript as it's own gene
[2021-05-23 10:37:57.880] [jointLog] [warning] couldn't find transcript named [DQ883670] in transcript <-> gene map; returning transcript as it's own gene
[2021-05-23 10:37:57.880] [jointLog] [warning] couldn't find transcript named [EF011062] in transcript <-> gene map; returning transcript as it's own gene
[2021-05-23 10:37:57.880] [jointLog] [warning] couldn't find transcript named [DQ875385] in transcript <-> gene map; returning transcript as it's own gene
[2021-05-23 10:37:57.880] [jointLog] [warning] couldn't find transcript named [DQ883664] in transcript <-> gene map; returning transcript as it's own gene
[2021-05-23 10:37:57.880] [jointLog] [warning] couldn't find transcript named [DQ459420] in transcript <-> gene map; returning transcript as it's own gene
[2021-05-23 10:37:57.880] [jointLog] [warning] couldn't find transcript named [DQ883651] in transcript <-> gene map; returning transcript as it's own gene
[2021-05-23 10:37:57.880] [jointLog] [warning] couldn't find transcript named [DQ855004] in transcript <-> gene map; returning transcript as it's own gene
[2021-05-23 10:37:57.880] [jointLog] [warning] couldn't find transcript named [DQ854993] in transcript <-> gene map; returning transcript as it's own gene
[2021-05-23 10:37:57.880] [jointLog] [warning] couldn't find transcript named [DQ883689] in transcript <-> gene map; returning transcript as it's own gene
[2021-05-23 10:37:57.880] [jointLog] [warning] couldn't find transcript named [DQ459419] in transcript <-> gene map; returning transcript as it's own gene
[2021-05-23 10:37:57.880] [jointLog] [warning] couldn't find transcript named [DQ459431] in transcript <-> gene map; returning transcript as it's own gene
[2021-05-23 10:37:57.880] [jointLog] [warning] couldn't find transcript named [DQ516796] in transcript <-> gene map; returning transcript as it's own gene
[2021-05-23 10:37:57.880] [jointLog] [warning] couldn't find transcript named [DQ855001] in transcript <-> gene map; returning transcript as it's own gene
[2021-05-23 10:37:57.880] [jointLog] [warning] couldn't find transcript named [DQ459413] in transcript <-> gene map; returning transcript as it's own gene
[2021-05-23 10:37:57.880] [jointLog] [warning] couldn't find transcript named [DQ883656] in transcript <-> gene map; returning transcript as it's own gene
[2021-05-23 10:37:57.880] [jointLog] [warning] couldn't find transcript named [DQ883661] in transcript <-> gene map; returning transcript as it's own gene
[2021-05-23 10:37:57.880] [jointLog] [warning] couldn't find transcript named [EF011069] in transcript <-> gene map; returning transcript as it's own gene
[2021-05-23 10:37:57.880] [jointLog] [warning] couldn't find transcript named [DQ516783] in transcript <-> gene map; returning transcript as it's own gene
[2021-05-23 10:37:57.880] [jointLog] [warning] couldn't find transcript named [DQ516787] in transcript <-> gene map; returning transcript as it's own gene
[2021-05-23 10:37:57.880] [jointLog] [warning] couldn't find transcript named [DQ459424] in transcript <-> gene map; returning transcript as it's own gene
[2021-05-23 10:37:57.880] [jointLog] [warning] couldn't find transcript named [DQ516748] in transcript <-> gene map; returning transcript as it's own gene
[2021-05-23 10:37:57.880] [jointLog] [warning] couldn't find transcript named [DQ883671] in transcript <-> gene map; returning transcript as it's own gene
[2021-05-23 10:37:57.880] [jointLog] [warning] couldn't find transcript named [DQ516740] in transcript <-> gene map; returning transcript as it's own gene
[2021-05-23 10:37:57.880] [jointLog] [warning] couldn't find transcript named [DQ516785] in transcript <-> gene map; returning transcript as it's own gene
[2021-05-23 10:37:57.880] [jointLog] [warning] couldn't find transcript named [DQ516731] in transcript <-> gene map; returning transcript as it's own gene
[2021-05-23 10:37:57.880] [jointLog] [warning] couldn't find transcript named [DQ668366] in transcript <-> gene map; returning transcript as it's own gene
[2021-05-23 10:37:57.880] [jointLog] [warning] couldn't find transcript named [DQ459418] in transcript <-> gene map; returning transcript as it's own gene
[2021-05-23 10:37:57.880] [jointLog] [warning] couldn't find transcript named [DQ668356] in transcript <-> gene map; returning transcript as it's own gene
[2021-05-23 10:37:57.880] [jointLog] [warning] couldn't find transcript named [DQ516763] in transcript <-> gene map; returning transcript as it's own gene
[2021-05-23 10:37:57.880] [jointLog] [warning] couldn't find transcript named [DQ459426] in transcript <-> gene map; returning transcript as it's own gene
[2021-05-23 10:37:57.880] [jointLog] [warning] couldn't find transcript named [DQ516786] in transcript <-> gene map; returning transcript as it's own gene
[2021-05-23 10:37:57.880] [jointLog] [warning] couldn't find transcript named [DQ883653] in transcript <-> gene map; returning transcript as it's own gene
[2021-05-23 10:37:57.880] [jointLog] [warning] couldn't find transcript named [DQ459421] in transcript <-> gene map; returning transcript as it's own gene
[2021-05-23 10:37:57.880] [jointLog] [warning] couldn't find transcript named [DQ883654] in transcript <-> gene map; returning transcript as it's own gene
[2021-05-23 10:37:57.880] [jointLog] [warning] couldn't find transcript named [DQ668358] in transcript <-> gene map; returning transcript as it's own gene
[2021-05-23 10:37:57.880] [jointLog] [warning] couldn't find transcript named [DQ516754] in transcript <-> gene map; returning transcript as it's own gene
[2021-05-23 10:37:57.880] [jointLog] [warning] couldn't find transcript named [DQ516778] in transcript <-> gene map; returning transcript as it's own gene
[2021-05-23 10:37:57.880] [jointLog] [warning] couldn't find transcript named [DQ883650] in transcript <-> gene map; returning transcript as it's own gene
[2021-05-23 10:37:57.880] [jointLog] [warning] couldn't find transcript named [DQ516742] in transcript <-> gene map; returning transcript as it's own gene
[2021-05-23 10:37:57.880] [jointLog] [warning] couldn't find transcript named [DQ883673] in transcript <-> gene map; returning transcript as it's own gene
[2021-05-23 10:37:57.880] [jointLog] [warning] couldn't find transcript named [DQ883652] in transcript <-> gene map; returning transcript as it's own gene
[2021-05-23 10:37:57.880] [jointLog] [warning] couldn't find transcript named [DQ854991] in transcript <-> gene map; returning transcript as it's own gene
[2021-05-23 10:37:57.880] [jointLog] [warning] couldn't find transcript named [DQ516780] in transcript <-> gene map; returning transcript as it's own gene
[2021-05-23 10:37:57.880] [jointLog] [warning] couldn't find transcript named [DQ883682] in transcript <-> gene map; returning transcript as it's own gene
[2021-05-23 10:37:57.880] [jointLog] [warning] couldn't find transcript named [DQ883669] in transcript <-> gene map; returning transcript as it's own gene
[2021-05-23 10:37:57.880] [jointLog] [warning] couldn't find transcript named [DQ516791] in transcript <-> gene map; returning transcript as it's own gene
[2021-05-23 10:37:57.880] [jointLog] [warning] couldn't find transcript named [DQ459425] in transcript <-> gene map; returning transcript as it's own gene
[2021-05-23 10:37:57.880] [jointLog] [warning] couldn't find transcript named [DQ516759] in transcript <-> gene map; returning transcript as it's own gene
[2021-05-23 10:37:57.880] [jointLog] [warning] couldn't find transcript named [DQ459429] in transcript <-> gene map; returning transcript as it's own gene
[2021-05-23 10:37:57.880] [jointLog] [warning] couldn't find transcript named [DQ516758] in transcript <-> gene map; returning transcript as it's own gene
[2021-05-23 10:37:57.880] [jointLog] [warning] couldn't find transcript named [DQ459415] in transcript <-> gene map; returning transcript as it's own gene
[2021-05-23 10:37:57.880] [jointLog] [warning] couldn't find transcript named [DQ875387] in transcript <-> gene map; returning transcript as it's own gene
[2021-05-23 10:37:57.880] [jointLog] [warning] couldn't find transcript named [DQ516815] in transcript <-> gene map; returning transcript as it's own gene
[2021-05-23 10:37:57.880] [jointLog] [warning] couldn't find transcript named [DQ668365] in transcript <-> gene map; returning transcript as it's own gene
[2021-05-23 10:37:57.880] [jointLog] [warning] couldn't find transcript named [DQ854998] in transcript <-> gene map; returning transcript as it's own gene
[2021-05-23 10:37:57.880] [jointLog] [warning] couldn't find transcript named [DQ883685] in transcript <-> gene map; returning transcript as it's own gene
[2021-05-23 10:37:57.880] [jointLog] [warning] couldn't find transcript named [DQ459422] in transcript <-> gene map; returning transcript as it's own gene
[2021-05-23 10:37:57.880] [jointLog] [warning] couldn't find transcript named [DQ883663] in transcript <-> gene map; returning transcript as it's own gene
[2021-05-23 10:37:57.880] [jointLog] [warning] couldn't find transcript named [DQ668367] in transcript <-> gene map; returning transcript as it's own gene
[2021-05-23 10:37:57.880] [jointLog] [warning] couldn't find transcript named [DQ459412] in transcript <-> gene map; returning transcript as it's own gene
[2021-05-23 10:37:57.880] [jointLog] [warning] couldn't find transcript named [DQ854992] in transcript <-> gene map; returning transcript as it's own gene
[2021-05-23 10:37:57.880] [jointLog] [warning] couldn't find transcript named [DQ516782] in transcript <-> gene map; returning transcript as it's own gene
[2021-05-23 10:37:57.880] [jointLog] [warning] couldn't find transcript named [DQ459427] in transcript <-> gene map; returning transcript as it's own gene
[2021-05-23 10:37:57.880] [jointLog] [warning] couldn't find transcript named [EF011072] in transcript <-> gene map; returning transcript as it's own gene
[2021-05-23 10:37:57.880] [jointLog] [warning] couldn't find transcript named [DQ855003] in transcript <-> gene map; returning transcript as it's own gene
[2021-05-23 10:37:57.880] [jointLog] [warning] couldn't find transcript named [DQ516739] in transcript <-> gene map; returning transcript as it's own gene
[2021-05-23 10:37:57.880] [jointLog] [warning] couldn't find transcript named [EF011063] in transcript <-> gene map; returning transcript as it's own gene
[2021-05-23 10:37:57.880] [jointLog] [warning] couldn't find transcript named [DQ855000] in transcript <-> gene map; returning transcript as it's own gene
[2021-05-23 10:37:57.880] [jointLog] [warning] couldn't find transcript named [DQ516777] in transcript <-> gene map; returning transcript as it's own gene
[2021-05-23 10:37:57.880] [jointLog] [warning] couldn't find transcript named [DQ883646] in transcript <-> gene map; returning transcript as it's own gene
[2021-05-23 10:37:57.880] [jointLog] [warning] couldn't find transcript named [DQ668362] in transcript <-> gene map; returning transcript as it's own gene
[2021-05-23 10:37:57.880] [jointLog] [warning] couldn't find transcript named [DQ854995] in transcript <-> gene map; returning transcript as it's own gene
[2021-05-23 10:37:57.880] [jointLog] [warning] couldn't find transcript named [DQ875386] in transcript <-> gene map; returning transcript as it's own gene
[2021-05-23 10:37:57.880] [jointLog] [warning] couldn't find transcript named [DQ516790] in transcript <-> gene map; returning transcript as it's own gene
[2021-05-23 10:37:57.880] [jointLog] [warning] couldn't find transcript named [DQ883642] in transcript <-> gene map; returning transcript as it's own gene
[2021-05-23 10:37:57.880] [jointLog] [warning] couldn't find transcript named [DQ883659] in transcript <-> gene map; returning transcript as it's own gene
[2021-05-23 10:37:57.880] [jointLog] [warning] couldn't find transcript named [DQ854997] in transcript <-> gene map; returning transcript as it's own gene
[2021-05-23 10:37:57.880] [jointLog] [warning] couldn't find transcript named [DQ883643] in transcript <-> gene map; returning transcript as it's own gene
[2021-05-23 10:37:57.880] [jointLog] [warning] couldn't find transcript named [DQ839618] in transcript <-> gene map; returning transcript as it's own gene
[2021-05-23 10:37:57.880] [jointLog] [warning] couldn't find transcript named [DQ516795] in transcript <-> gene map; returning transcript as it's own gene
[2021-05-23 10:37:57.880] [jointLog] [warning] couldn't find transcript named [DQ883658] in transcript <-> gene map; returning transcript as it's own gene
[2021-05-23 10:37:57.880] [jointLog] [warning] couldn't find transcript named [DQ516750] in transcript <-> gene map; returning transcript as it's own gene
[2021-05-23 10:37:57.880] [jointLog] [warning] couldn't find transcript named [DQ668359] in transcript <-> gene map; returning transcript as it's own gene
[2021-05-23 10:37:57.880] [jointLog] [warning] couldn't find transcript named [DQ516779] in transcript <-> gene map; returning transcript as it's own gene
[2021-05-23 10:37:57.880] [jointLog] [warning] couldn't find transcript named [DQ668363] in transcript <-> gene map; returning transcript as it's own gene
[2021-05-23 10:37:57.880] [jointLog] [warning] couldn't find transcript named [DQ516776] in transcript <-> gene map; returning transcript as it's own gene
[2021-05-23 10:37:57.880] [jointLog] [warning] couldn't find transcript named [DQ516773] in transcript <-> gene map; returning transcript as it's own gene
[2021-05-23 10:37:57.880] [jointLog] [warning] couldn't find transcript named [DQ854994] in transcript <-> gene map; returning transcript as it's own gene
[2021-05-23 10:37:57.881] [jointLog] [info] Aggregating expressions to gene level
[2021-05-23 10:37:58.065] [jointLog] [info] done
