[2021-05-21 18:35:25.513] [jointLog] [info] setting maxHashResizeThreads to 6
[2021-05-21 18:35:25.513] [jointLog] [info] Fragment incompatibility prior below threshold.  Incompatible fragments will be ignored.
[2021-05-21 18:35:25.514] [jointLog] [info] numQuantThreads = 3
[2021-05-21 18:35:29.163] [fileLog] [info] quantification processed 0 fragments so far

[2021-05-21 18:35:28.923] [jointLog] [info] replaced 4 non-ACGT nucleotides with random nucleotides
[2021-05-21 18:35:31.876] [fileLog] [info] quantification processed 1000000 fragments so far

[2021-05-21 18:35:34.971] [fileLog] [info] quantification processed 2000000 fragments so far

[2021-05-21 18:35:36.080] [jointLog] [info] 

The alignment group queue pool has been exhausted.  2910421 extra fragments were allocated on the heap to saturate the pool.  No new fragments will be allocated


[2021-05-21 18:35:46.443] [fileLog] [info] quantification processed 3000000 fragments so far

[2021-05-21 18:36:04.765] [fileLog] [info] quantification processed 4000000 fragments so far

[2021-05-21 18:36:23.011] [fileLog] [info] quantification processed 5000000 fragments so far

[2021-05-21 18:36:39.640] [fileLog] [info] quantification processed 6000000 fragments so far

[2021-05-21 18:36:55.920] [fileLog] [info] quantification processed 7000000 fragments so far

[2021-05-21 18:36:58.944] [fileLog] [info] quantification processed 8000000 fragments so far

[2021-05-21 18:37:02.007] [fileLog] [info] quantification processed 9000000 fragments so far

[2021-05-21 18:37:05.422] [fileLog] [info] quantification processed 10000000 fragments so far

[2021-05-21 18:37:08.629] [fileLog] [info] quantification processed 11000000 fragments so far

[2021-05-21 18:37:11.962] [fileLog] [info] quantification processed 12000000 fragments so far

[2021-05-21 18:37:15.129] [fileLog] [info] quantification processed 13000000 fragments so far

[2021-05-21 18:37:17.741] [fileLog] [info] quantification processed 14000000 fragments so far

[2021-05-21 18:37:20.967] [fileLog] [info] quantification processed 15000000 fragments so far

[2021-05-21 18:37:23.870] [fileLog] [info] quantification processed 16000000 fragments so far

[2021-05-21 18:37:26.362] [fileLog] [info] quantification processed 17000000 fragments so far

[2021-05-21 18:37:28.976] [fileLog] [info] quantification processed 18000000 fragments so far

[2021-05-21 18:37:31.789] [fileLog] [info] quantification processed 19000000 fragments so far

[2021-05-21 18:37:34.691] [fileLog] [info] quantification processed 20000000 fragments so far

[2021-05-21 18:37:37.263] [fileLog] [info] quantification processed 21000000 fragments so far

[2021-05-21 18:37:39.962] [fileLog] [info] quantification processed 22000000 fragments so far

[2021-05-21 18:37:42.706] [fileLog] [info] quantification processed 23000000 fragments so far

[2021-05-21 18:37:45.476] [fileLog] [info] quantification processed 24000000 fragments so far

[2021-05-21 18:37:48.160] [fileLog] [info] quantification processed 25000000 fragments so far

[2021-05-21 18:37:50.827] [fileLog] [info] quantification processed 26000000 fragments so far

[2021-05-21 18:37:52.652] [fileLog] [info] quantification processed 26677682 fragments so far

[2021-05-21 18:37:57.781] [jointLog] [info] Thread saw mini-batch with a maximum of 5.60% zero probability fragments
[2021-05-21 18:37:57.782] [jointLog] [info] Thread saw mini-batch with a maximum of 5.60% zero probability fragments
[2021-05-21 18:37:57.783] [jointLog] [info] Thread saw mini-batch with a maximum of 4.10% zero probability fragments
[2021-05-21 18:37:57.784] [jointLog] [info] 


Completed first pass through the alignment file.
Total # of mapped reads : 26677682
# of uniquely mapped reads : 11538125
# ambiguously mapped reads : 15139557



[2021-05-21 18:37:57.941] [jointLog] [info] Computed 145042 rich equivalence classes for further processing
[2021-05-21 18:37:57.941] [jointLog] [info] Counted 26548766 total reads in the equivalence classes 
[2021-05-21 18:37:57.944] [jointLog] [info] starting optimizer
[2021-05-21 18:37:58.044] [jointLog] [info] Marked 0 weighted equivalence classes as degenerate
[2021-05-21 18:37:58.064] [jointLog] [info] iteration = 0 | max rel diff. = 8241.05
[2021-05-21 18:37:59.434] [jointLog] [info] iteration = 100 | max rel diff. = 13.5539
[2021-05-21 18:38:00.694] [jointLog] [info] iteration = 200 | max rel diff. = 9.8827
[2021-05-21 18:38:01.948] [jointLog] [info] iteration = 300 | max rel diff. = 3.93059
[2021-05-21 18:38:03.195] [jointLog] [info] iteration = 400 | max rel diff. = 1.75732
[2021-05-21 18:38:04.441] [jointLog] [info] iteration = 500 | max rel diff. = 9.14597
[2021-05-21 18:38:05.725] [jointLog] [info] iteration = 600 | max rel diff. = 2.93078
[2021-05-21 18:38:07.015] [jointLog] [info] iteration = 700 | max rel diff. = 8.95191
[2021-05-21 18:38:08.274] [jointLog] [info] iteration = 800 | max rel diff. = 0.179354
[2021-05-21 18:38:09.569] [jointLog] [info] iteration = 900 | max rel diff. = 0.0288283
[2021-05-21 18:38:10.871] [jointLog] [info] iteration = 1000 | max rel diff. = 0.618316
[2021-05-21 18:38:12.127] [jointLog] [info] iteration = 1100 | max rel diff. = 0.959821
[2021-05-21 18:38:13.398] [jointLog] [info] iteration = 1200 | max rel diff. = 0.293548
[2021-05-21 18:38:14.668] [jointLog] [info] iteration = 1300 | max rel diff. = 0.424762
[2021-05-21 18:38:15.355] [jointLog] [info] iteration = 1355 | max rel diff. = 0.00830946
[2021-05-21 18:38:15.386] [jointLog] [info] finished optimizer
[2021-05-21 18:38:15.386] [jointLog] [info] writing output
[2021-05-21 18:38:16.884] [jointLog] [info] Computing gene-level abundance estimates
[2021-05-21 18:38:43.342] [jointLog] [warning] Feature has no GFF ID
[2021-05-21 18:38:43.342] [jointLog] [warning] Feature has no GFF ID
[2021-05-21 18:38:43.342] [jointLog] [warning] Feature has no GFF ID
[2021-05-21 18:38:43.342] [jointLog] [warning] Feature has no GFF ID
[2021-05-21 18:38:43.342] [jointLog] [warning] Feature has no GFF ID
[2021-05-21 18:38:43.342] [jointLog] [warning] Feature has no GFF ID
[2021-05-21 18:38:43.342] [jointLog] [warning] Feature has no GFF ID
[2021-05-21 18:38:43.342] [jointLog] [warning] Feature has no GFF ID
[2021-05-21 18:38:43.342] [jointLog] [warning] Feature has no GFF ID
[2021-05-21 18:38:43.342] [jointLog] [warning] Feature has no GFF ID
[2021-05-21 18:38:43.342] [jointLog] [warning] Feature has no GFF ID
[2021-05-21 18:38:43.342] [jointLog] [warning] Feature has no GFF ID
[2021-05-21 18:38:43.342] [jointLog] [warning] Feature has no GFF ID
[2021-05-21 18:38:43.342] [jointLog] [warning] Feature has no GFF ID
[2021-05-21 18:38:43.342] [jointLog] [warning] Feature has no GFF ID
[2021-05-21 18:38:43.342] [jointLog] [warning] Feature has no GFF ID
[2021-05-21 18:38:43.342] [jointLog] [warning] Feature has no GFF ID
[2021-05-21 18:38:43.342] [jointLog] [warning] Feature has no GFF ID
[2021-05-21 18:38:43.342] [jointLog] [warning] Feature has no GFF ID
[2021-05-21 18:38:43.342] [jointLog] [warning] Feature has no GFF ID
[2021-05-21 18:38:43.342] [jointLog] [warning] Feature has no GFF ID
[2021-05-21 18:38:43.342] [jointLog] [warning] Feature has no GFF ID
[2021-05-21 18:38:43.342] [jointLog] [warning] Feature has no GFF ID
[2021-05-21 18:38:43.342] [jointLog] [warning] Feature has no GFF ID
[2021-05-21 18:38:43.342] [jointLog] [warning] Feature has no GFF ID
[2021-05-21 18:38:43.342] [jointLog] [warning] Feature has no GFF ID
[2021-05-21 18:38:43.342] [jointLog] [warning] Feature has no GFF ID
[2021-05-21 18:38:43.342] [jointLog] [warning] Feature has no GFF ID
[2021-05-21 18:38:43.342] [jointLog] [warning] Feature has no GFF ID
[2021-05-21 18:38:43.342] [jointLog] [warning] Feature has no GFF ID
[2021-05-21 18:38:43.342] [jointLog] [warning] Feature has no GFF ID
[2021-05-21 18:38:43.342] [jointLog] [warning] Feature has no GFF ID
[2021-05-21 18:38:43.342] [jointLog] [warning] Feature has no GFF ID
[2021-05-21 18:38:43.342] [jointLog] [warning] Feature has no GFF ID
[2021-05-21 18:38:43.342] [jointLog] [warning] Feature has no GFF ID
[2021-05-21 18:38:43.342] [jointLog] [warning] Feature has no GFF ID
[2021-05-21 18:38:43.342] [jointLog] [warning] Feature has no GFF ID
[2021-05-21 18:38:43.342] [jointLog] [warning] Feature has no GFF ID
[2021-05-21 18:38:43.342] [jointLog] [warning] Feature has no GFF ID
[2021-05-21 18:38:43.342] [jointLog] [warning] Feature has no GFF ID
[2021-05-21 18:38:43.342] [jointLog] [warning] Feature has no GFF ID
[2021-05-21 18:38:43.342] [jointLog] [warning] Feature has no GFF ID
[2021-05-21 18:38:43.342] [jointLog] [warning] Feature has no GFF ID
[2021-05-21 18:38:43.342] [jointLog] [warning] Feature has no GFF ID
[2021-05-21 18:38:43.342] [jointLog] [warning] Feature has no GFF ID
[2021-05-21 18:38:43.342] [jointLog] [warning] Feature has no GFF ID
[2021-05-21 18:38:43.342] [jointLog] [warning] Feature has no GFF ID
[2021-05-21 18:38:43.342] [jointLog] [warning] Feature has no GFF ID
[2021-05-21 18:38:43.342] [jointLog] [warning] Feature has no GFF ID
[2021-05-21 18:38:43.342] [jointLog] [warning] Feature has no GFF ID
[2021-05-21 18:38:43.342] [jointLog] [warning] Feature has no GFF ID
[2021-05-21 18:38:43.342] [jointLog] [warning] Feature has no GFF ID
[2021-05-21 18:38:43.342] [jointLog] [warning] Feature has no GFF ID
[2021-05-21 18:38:43.342] [jointLog] [warning] Feature has no GFF ID
[2021-05-21 18:38:43.342] [jointLog] [warning] Feature has no GFF ID
[2021-05-21 18:38:43.342] [jointLog] [warning] Feature has no GFF ID
[2021-05-21 18:38:43.342] [jointLog] [warning] Feature has no GFF ID
[2021-05-21 18:38:43.342] [jointLog] [warning] Feature has no GFF ID
[2021-05-21 18:38:43.342] [jointLog] [warning] Feature has no GFF ID
[2021-05-21 18:38:43.342] [jointLog] [warning] Feature has no GFF ID
[2021-05-21 18:38:43.342] [jointLog] [warning] Feature has no GFF ID
[2021-05-21 18:38:43.342] [jointLog] [warning] Feature has no GFF ID
[2021-05-21 18:38:43.342] [jointLog] [warning] Feature has no GFF ID
[2021-05-21 18:38:43.342] [jointLog] [warning] Feature has no GFF ID
[2021-05-21 18:38:43.342] [jointLog] [warning] Feature has no GFF ID
[2021-05-21 18:38:43.342] [jointLog] [warning] Feature has no GFF ID
[2021-05-21 18:38:43.342] [jointLog] [warning] Feature has no GFF ID
[2021-05-21 18:38:43.342] [jointLog] [warning] Feature has no GFF ID
[2021-05-21 18:38:43.342] [jointLog] [warning] Feature has no GFF ID
[2021-05-21 18:38:43.342] [jointLog] [warning] Feature has no GFF ID
[2021-05-21 18:38:43.342] [jointLog] [warning] Feature has no GFF ID
[2021-05-21 18:38:43.342] [jointLog] [warning] Feature has no GFF ID
[2021-05-21 18:38:43.342] [jointLog] [warning] Feature has no GFF ID
[2021-05-21 18:38:43.342] [jointLog] [warning] Feature has no GFF ID
[2021-05-21 18:38:43.342] [jointLog] [warning] Feature has no GFF ID
[2021-05-21 18:38:43.342] [jointLog] [warning] Feature has no GFF ID
[2021-05-21 18:38:43.342] [jointLog] [warning] Feature has no GFF ID
[2021-05-21 18:38:43.342] [jointLog] [warning] Feature has no GFF ID
[2021-05-21 18:38:43.342] [jointLog] [warning] Feature has no GFF ID
[2021-05-21 18:38:43.342] [jointLog] [warning] Feature has no GFF ID
[2021-05-21 18:38:43.342] [jointLog] [warning] Feature has no GFF ID
[2021-05-21 18:38:43.342] [jointLog] [warning] Feature has no GFF ID
[2021-05-21 18:38:43.342] [jointLog] [warning] Feature has no GFF ID
[2021-05-21 18:38:43.342] [jointLog] [warning] Feature has no GFF ID
[2021-05-21 18:38:43.342] [jointLog] [warning] Feature has no GFF ID
[2021-05-21 18:38:43.342] [jointLog] [warning] Feature has no GFF ID
[2021-05-21 18:38:43.342] [jointLog] [warning] Feature has no GFF ID
[2021-05-21 18:38:43.342] [jointLog] [warning] Feature has no GFF ID
[2021-05-21 18:38:43.342] [jointLog] [warning] Feature has no GFF ID
[2021-05-21 18:38:43.342] [jointLog] [warning] Feature has no GFF ID
[2021-05-21 18:38:43.342] [jointLog] [warning] Feature has no GFF ID
[2021-05-21 18:38:43.342] [jointLog] [warning] Feature has no GFF ID
[2021-05-21 18:38:43.616] [jointLog] [info] There were 142604 transcripts mapping to 55401 genes
[2021-05-21 18:38:43.616] [jointLog] [info] NOTE: We recommend using tximport (https://bioconductor.org/packages/release/bioc/html/tximport.html) for aggregating transcript-level salmon abundance estimates to the gene level.  It is more versatile, exposes more features, and allows considering multi-sample information during aggregation.
[2021-05-21 18:38:43.849] [jointLog] [warning] couldn't find transcript named [DQ459430] in transcript <-> gene map; returning transcript as it's own gene
[2021-05-21 18:38:43.849] [jointLog] [warning] couldn't find transcript named [DQ516784] in transcript <-> gene map; returning transcript as it's own gene
[2021-05-21 18:38:43.849] [jointLog] [warning] couldn't find transcript named [DQ516752] in transcript <-> gene map; returning transcript as it's own gene
[2021-05-21 18:38:43.849] [jointLog] [warning] couldn't find transcript named [DQ668364] in transcript <-> gene map; returning transcript as it's own gene
[2021-05-21 18:38:43.849] [jointLog] [warning] couldn't find transcript named [DQ883670] in transcript <-> gene map; returning transcript as it's own gene
[2021-05-21 18:38:43.849] [jointLog] [warning] couldn't find transcript named [EF011062] in transcript <-> gene map; returning transcript as it's own gene
[2021-05-21 18:38:43.849] [jointLog] [warning] couldn't find transcript named [DQ875385] in transcript <-> gene map; returning transcript as it's own gene
[2021-05-21 18:38:43.849] [jointLog] [warning] couldn't find transcript named [DQ883664] in transcript <-> gene map; returning transcript as it's own gene
[2021-05-21 18:38:43.849] [jointLog] [warning] couldn't find transcript named [DQ459420] in transcript <-> gene map; returning transcript as it's own gene
[2021-05-21 18:38:43.849] [jointLog] [warning] couldn't find transcript named [DQ883651] in transcript <-> gene map; returning transcript as it's own gene
[2021-05-21 18:38:43.849] [jointLog] [warning] couldn't find transcript named [DQ855004] in transcript <-> gene map; returning transcript as it's own gene
[2021-05-21 18:38:43.849] [jointLog] [warning] couldn't find transcript named [DQ854993] in transcript <-> gene map; returning transcript as it's own gene
[2021-05-21 18:38:43.849] [jointLog] [warning] couldn't find transcript named [DQ883689] in transcript <-> gene map; returning transcript as it's own gene
[2021-05-21 18:38:43.849] [jointLog] [warning] couldn't find transcript named [DQ459419] in transcript <-> gene map; returning transcript as it's own gene
[2021-05-21 18:38:43.849] [jointLog] [warning] couldn't find transcript named [DQ459431] in transcript <-> gene map; returning transcript as it's own gene
[2021-05-21 18:38:43.849] [jointLog] [warning] couldn't find transcript named [DQ516796] in transcript <-> gene map; returning transcript as it's own gene
[2021-05-21 18:38:43.849] [jointLog] [warning] couldn't find transcript named [DQ855001] in transcript <-> gene map; returning transcript as it's own gene
[2021-05-21 18:38:43.849] [jointLog] [warning] couldn't find transcript named [DQ459413] in transcript <-> gene map; returning transcript as it's own gene
[2021-05-21 18:38:43.849] [jointLog] [warning] couldn't find transcript named [DQ883656] in transcript <-> gene map; returning transcript as it's own gene
[2021-05-21 18:38:43.849] [jointLog] [warning] couldn't find transcript named [DQ883661] in transcript <-> gene map; returning transcript as it's own gene
[2021-05-21 18:38:43.849] [jointLog] [warning] couldn't find transcript named [EF011069] in transcript <-> gene map; returning transcript as it's own gene
[2021-05-21 18:38:43.849] [jointLog] [warning] couldn't find transcript named [DQ516783] in transcript <-> gene map; returning transcript as it's own gene
[2021-05-21 18:38:43.849] [jointLog] [warning] couldn't find transcript named [DQ516787] in transcript <-> gene map; returning transcript as it's own gene
[2021-05-21 18:38:43.849] [jointLog] [warning] couldn't find transcript named [DQ459424] in transcript <-> gene map; returning transcript as it's own gene
[2021-05-21 18:38:43.849] [jointLog] [warning] couldn't find transcript named [DQ516748] in transcript <-> gene map; returning transcript as it's own gene
[2021-05-21 18:38:43.849] [jointLog] [warning] couldn't find transcript named [DQ883671] in transcript <-> gene map; returning transcript as it's own gene
[2021-05-21 18:38:43.849] [jointLog] [warning] couldn't find transcript named [DQ516740] in transcript <-> gene map; returning transcript as it's own gene
[2021-05-21 18:38:43.849] [jointLog] [warning] couldn't find transcript named [DQ516785] in transcript <-> gene map; returning transcript as it's own gene
[2021-05-21 18:38:43.849] [jointLog] [warning] couldn't find transcript named [DQ516731] in transcript <-> gene map; returning transcript as it's own gene
[2021-05-21 18:38:43.849] [jointLog] [warning] couldn't find transcript named [DQ668366] in transcript <-> gene map; returning transcript as it's own gene
[2021-05-21 18:38:43.849] [jointLog] [warning] couldn't find transcript named [DQ459418] in transcript <-> gene map; returning transcript as it's own gene
[2021-05-21 18:38:43.849] [jointLog] [warning] couldn't find transcript named [DQ668356] in transcript <-> gene map; returning transcript as it's own gene
[2021-05-21 18:38:43.849] [jointLog] [warning] couldn't find transcript named [DQ516763] in transcript <-> gene map; returning transcript as it's own gene
[2021-05-21 18:38:43.849] [jointLog] [warning] couldn't find transcript named [DQ459426] in transcript <-> gene map; returning transcript as it's own gene
[2021-05-21 18:38:43.849] [jointLog] [warning] couldn't find transcript named [DQ516786] in transcript <-> gene map; returning transcript as it's own gene
[2021-05-21 18:38:43.849] [jointLog] [warning] couldn't find transcript named [DQ883653] in transcript <-> gene map; returning transcript as it's own gene
[2021-05-21 18:38:43.849] [jointLog] [warning] couldn't find transcript named [DQ459421] in transcript <-> gene map; returning transcript as it's own gene
[2021-05-21 18:38:43.849] [jointLog] [warning] couldn't find transcript named [DQ883654] in transcript <-> gene map; returning transcript as it's own gene
[2021-05-21 18:38:43.849] [jointLog] [warning] couldn't find transcript named [DQ668358] in transcript <-> gene map; returning transcript as it's own gene
[2021-05-21 18:38:43.849] [jointLog] [warning] couldn't find transcript named [DQ516754] in transcript <-> gene map; returning transcript as it's own gene
[2021-05-21 18:38:43.849] [jointLog] [warning] couldn't find transcript named [DQ516778] in transcript <-> gene map; returning transcript as it's own gene
[2021-05-21 18:38:43.849] [jointLog] [warning] couldn't find transcript named [DQ883650] in transcript <-> gene map; returning transcript as it's own gene
[2021-05-21 18:38:43.849] [jointLog] [warning] couldn't find transcript named [DQ516742] in transcript <-> gene map; returning transcript as it's own gene
[2021-05-21 18:38:43.849] [jointLog] [warning] couldn't find transcript named [DQ883673] in transcript <-> gene map; returning transcript as it's own gene
[2021-05-21 18:38:43.849] [jointLog] [warning] couldn't find transcript named [DQ883652] in transcript <-> gene map; returning transcript as it's own gene
[2021-05-21 18:38:43.849] [jointLog] [warning] couldn't find transcript named [DQ854991] in transcript <-> gene map; returning transcript as it's own gene
[2021-05-21 18:38:43.849] [jointLog] [warning] couldn't find transcript named [DQ516780] in transcript <-> gene map; returning transcript as it's own gene
[2021-05-21 18:38:43.849] [jointLog] [warning] couldn't find transcript named [DQ883682] in transcript <-> gene map; returning transcript as it's own gene
[2021-05-21 18:38:43.849] [jointLog] [warning] couldn't find transcript named [DQ883669] in transcript <-> gene map; returning transcript as it's own gene
[2021-05-21 18:38:43.849] [jointLog] [warning] couldn't find transcript named [DQ516791] in transcript <-> gene map; returning transcript as it's own gene
[2021-05-21 18:38:43.849] [jointLog] [warning] couldn't find transcript named [DQ459425] in transcript <-> gene map; returning transcript as it's own gene
[2021-05-21 18:38:43.849] [jointLog] [warning] couldn't find transcript named [DQ516759] in transcript <-> gene map; returning transcript as it's own gene
[2021-05-21 18:38:43.849] [jointLog] [warning] couldn't find transcript named [DQ459429] in transcript <-> gene map; returning transcript as it's own gene
[2021-05-21 18:38:43.849] [jointLog] [warning] couldn't find transcript named [DQ516758] in transcript <-> gene map; returning transcript as it's own gene
[2021-05-21 18:38:43.849] [jointLog] [warning] couldn't find transcript named [DQ459415] in transcript <-> gene map; returning transcript as it's own gene
[2021-05-21 18:38:43.849] [jointLog] [warning] couldn't find transcript named [DQ875387] in transcript <-> gene map; returning transcript as it's own gene
[2021-05-21 18:38:43.849] [jointLog] [warning] couldn't find transcript named [DQ516815] in transcript <-> gene map; returning transcript as it's own gene
[2021-05-21 18:38:43.849] [jointLog] [warning] couldn't find transcript named [DQ668365] in transcript <-> gene map; returning transcript as it's own gene
[2021-05-21 18:38:43.849] [jointLog] [warning] couldn't find transcript named [DQ854998] in transcript <-> gene map; returning transcript as it's own gene
[2021-05-21 18:38:43.849] [jointLog] [warning] couldn't find transcript named [DQ883685] in transcript <-> gene map; returning transcript as it's own gene
[2021-05-21 18:38:43.849] [jointLog] [warning] couldn't find transcript named [DQ459422] in transcript <-> gene map; returning transcript as it's own gene
[2021-05-21 18:38:43.849] [jointLog] [warning] couldn't find transcript named [DQ883663] in transcript <-> gene map; returning transcript as it's own gene
[2021-05-21 18:38:43.849] [jointLog] [warning] couldn't find transcript named [DQ668367] in transcript <-> gene map; returning transcript as it's own gene
[2021-05-21 18:38:43.849] [jointLog] [warning] couldn't find transcript named [DQ459412] in transcript <-> gene map; returning transcript as it's own gene
[2021-05-21 18:38:43.849] [jointLog] [warning] couldn't find transcript named [DQ854992] in transcript <-> gene map; returning transcript as it's own gene
[2021-05-21 18:38:43.849] [jointLog] [warning] couldn't find transcript named [DQ516782] in transcript <-> gene map; returning transcript as it's own gene
[2021-05-21 18:38:43.849] [jointLog] [warning] couldn't find transcript named [DQ459427] in transcript <-> gene map; returning transcript as it's own gene
[2021-05-21 18:38:43.849] [jointLog] [warning] couldn't find transcript named [EF011072] in transcript <-> gene map; returning transcript as it's own gene
[2021-05-21 18:38:43.849] [jointLog] [warning] couldn't find transcript named [DQ855003] in transcript <-> gene map; returning transcript as it's own gene
[2021-05-21 18:38:43.849] [jointLog] [warning] couldn't find transcript named [DQ516739] in transcript <-> gene map; returning transcript as it's own gene
[2021-05-21 18:38:43.849] [jointLog] [warning] couldn't find transcript named [EF011063] in transcript <-> gene map; returning transcript as it's own gene
[2021-05-21 18:38:43.849] [jointLog] [warning] couldn't find transcript named [DQ855000] in transcript <-> gene map; returning transcript as it's own gene
[2021-05-21 18:38:43.849] [jointLog] [warning] couldn't find transcript named [DQ516777] in transcript <-> gene map; returning transcript as it's own gene
[2021-05-21 18:38:43.849] [jointLog] [warning] couldn't find transcript named [DQ883646] in transcript <-> gene map; returning transcript as it's own gene
[2021-05-21 18:38:43.849] [jointLog] [warning] couldn't find transcript named [DQ668362] in transcript <-> gene map; returning transcript as it's own gene
[2021-05-21 18:38:43.849] [jointLog] [warning] couldn't find transcript named [DQ854995] in transcript <-> gene map; returning transcript as it's own gene
[2021-05-21 18:38:43.849] [jointLog] [warning] couldn't find transcript named [DQ875386] in transcript <-> gene map; returning transcript as it's own gene
[2021-05-21 18:38:43.849] [jointLog] [warning] couldn't find transcript named [DQ516790] in transcript <-> gene map; returning transcript as it's own gene
[2021-05-21 18:38:43.849] [jointLog] [warning] couldn't find transcript named [DQ883642] in transcript <-> gene map; returning transcript as it's own gene
[2021-05-21 18:38:43.849] [jointLog] [warning] couldn't find transcript named [DQ883659] in transcript <-> gene map; returning transcript as it's own gene
[2021-05-21 18:38:43.849] [jointLog] [warning] couldn't find transcript named [DQ854997] in transcript <-> gene map; returning transcript as it's own gene
[2021-05-21 18:38:43.849] [jointLog] [warning] couldn't find transcript named [DQ883643] in transcript <-> gene map; returning transcript as it's own gene
[2021-05-21 18:38:43.849] [jointLog] [warning] couldn't find transcript named [DQ839618] in transcript <-> gene map; returning transcript as it's own gene
[2021-05-21 18:38:43.849] [jointLog] [warning] couldn't find transcript named [DQ516795] in transcript <-> gene map; returning transcript as it's own gene
[2021-05-21 18:38:43.849] [jointLog] [warning] couldn't find transcript named [DQ883658] in transcript <-> gene map; returning transcript as it's own gene
[2021-05-21 18:38:43.849] [jointLog] [warning] couldn't find transcript named [DQ516750] in transcript <-> gene map; returning transcript as it's own gene
[2021-05-21 18:38:43.849] [jointLog] [warning] couldn't find transcript named [DQ668359] in transcript <-> gene map; returning transcript as it's own gene
[2021-05-21 18:38:43.849] [jointLog] [warning] couldn't find transcript named [DQ516779] in transcript <-> gene map; returning transcript as it's own gene
[2021-05-21 18:38:43.849] [jointLog] [warning] couldn't find transcript named [DQ668363] in transcript <-> gene map; returning transcript as it's own gene
[2021-05-21 18:38:43.849] [jointLog] [warning] couldn't find transcript named [DQ516776] in transcript <-> gene map; returning transcript as it's own gene
[2021-05-21 18:38:43.849] [jointLog] [warning] couldn't find transcript named [DQ516773] in transcript <-> gene map; returning transcript as it's own gene
[2021-05-21 18:38:43.849] [jointLog] [warning] couldn't find transcript named [DQ854994] in transcript <-> gene map; returning transcript as it's own gene
[2021-05-21 18:38:43.849] [jointLog] [info] Aggregating expressions to gene level
[2021-05-21 18:38:43.985] [jointLog] [info] done
