[2021-04-27 20:41:03.912] [jointLog] [info] setting maxHashResizeThreads to 6
[2021-04-27 20:41:03.912] [jointLog] [info] Fragment incompatibility prior below threshold.  Incompatible fragments will be ignored.
[2021-04-27 20:41:03.913] [jointLog] [info] numQuantThreads = 3
[2021-04-27 20:41:07.615] [jointLog] [info] replaced 4 non-ACGT nucleotides with random nucleotides
[2021-04-27 20:41:07.879] [fileLog] [info] quantification processed 0 fragments so far

[2021-04-27 20:41:11.695] [fileLog] [info] quantification processed 1000000 fragments so far

[2021-04-27 20:41:15.126] [fileLog] [info] quantification processed 2000000 fragments so far

[2021-04-27 20:41:16.756] [jointLog] [info] 

The alignment group queue pool has been exhausted.  3546154 extra fragments were allocated on the heap to saturate the pool.  No new fragments will be allocated


[2021-04-27 20:41:26.273] [fileLog] [info] quantification processed 3000000 fragments so far

[2021-04-27 20:41:41.992] [fileLog] [info] quantification processed 4000000 fragments so far

[2021-04-27 20:41:56.095] [fileLog] [info] quantification processed 5000000 fragments so far

[2021-04-27 20:42:10.162] [fileLog] [info] quantification processed 6000000 fragments so far

[2021-04-27 20:42:25.158] [fileLog] [info] quantification processed 7000000 fragments so far

[2021-04-27 20:42:28.532] [fileLog] [info] quantification processed 8000000 fragments so far

[2021-04-27 20:42:32.023] [fileLog] [info] quantification processed 9000000 fragments so far

[2021-04-27 20:42:35.455] [fileLog] [info] quantification processed 10000000 fragments so far

[2021-04-27 20:42:39.096] [fileLog] [info] quantification processed 11000000 fragments so far

[2021-04-27 20:42:42.586] [fileLog] [info] quantification processed 12000000 fragments so far

[2021-04-27 20:42:46.081] [fileLog] [info] quantification processed 13000000 fragments so far

[2021-04-27 20:42:49.556] [fileLog] [info] quantification processed 14000000 fragments so far

[2021-04-27 20:42:53.014] [fileLog] [info] quantification processed 15000000 fragments so far

[2021-04-27 20:42:56.557] [fileLog] [info] quantification processed 16000000 fragments so far

[2021-04-27 20:42:59.901] [fileLog] [info] quantification processed 17000000 fragments so far

[2021-04-27 20:43:03.260] [fileLog] [info] quantification processed 18000000 fragments so far

[2021-04-27 20:43:06.792] [fileLog] [info] quantification processed 19000000 fragments so far

[2021-04-27 20:43:10.157] [fileLog] [info] quantification processed 20000000 fragments so far

[2021-04-27 20:43:13.681] [fileLog] [info] quantification processed 21000000 fragments so far

[2021-04-27 20:43:17.297] [fileLog] [info] quantification processed 22000000 fragments so far

[2021-04-27 20:43:20.519] [fileLog] [info] quantification processed 23000000 fragments so far

[2021-04-27 20:43:23.894] [fileLog] [info] quantification processed 24000000 fragments so far

[2021-04-27 20:43:27.314] [fileLog] [info] quantification processed 25000000 fragments so far

[2021-04-27 20:43:30.759] [fileLog] [info] quantification processed 26000000 fragments so far

[2021-04-27 20:43:34.314] [fileLog] [info] quantification processed 27000000 fragments so far

[2021-04-27 20:43:37.608] [fileLog] [info] quantification processed 28000000 fragments so far

[2021-04-27 20:43:41.136] [fileLog] [info] quantification processed 29000000 fragments so far

[2021-04-27 20:43:44.573] [fileLog] [info] quantification processed 30000000 fragments so far

[2021-04-27 20:43:47.918] [fileLog] [info] quantification processed 31000000 fragments so far

[2021-04-27 20:43:51.505] [fileLog] [info] quantification processed 32000000 fragments so far

[2021-04-27 20:43:55.507] [fileLog] [info] quantification processed 33000000 fragments so far

[2021-04-27 20:43:59.303] [fileLog] [info] quantification processed 34000000 fragments so far

[2021-04-27 20:44:02.668] [fileLog] [info] quantification processed 35000000 fragments so far

[2021-04-27 20:44:06.369] [fileLog] [info] quantification processed 36000000 fragments so far

[2021-04-27 20:44:09.736] [fileLog] [info] quantification processed 37000000 fragments so far

[2021-04-27 20:44:10.722] [fileLog] [info] quantification processed 37265985 fragments so far

[2021-04-27 20:44:14.636] [jointLog] [info] Thread saw mini-batch with a maximum of 17.10% zero probability fragments
[2021-04-27 20:44:14.642] [jointLog] [info] Thread saw mini-batch with a maximum of 16.20% zero probability fragments
[2021-04-27 20:44:14.643] [jointLog] [info] Thread saw mini-batch with a maximum of 17.00% zero probability fragments
[2021-04-27 20:44:14.644] [jointLog] [info] 


Completed first pass through the alignment file.
Total # of mapped reads : 37265985
# of uniquely mapped reads : 12812499
# ambiguously mapped reads : 24453486



[2021-04-27 20:44:14.795] [jointLog] [info] Computed 237320 rich equivalence classes for further processing
[2021-04-27 20:44:14.795] [jointLog] [info] Counted 37075303 total reads in the equivalence classes 
[2021-04-27 20:44:14.796] [jointLog] [info] starting optimizer
[2021-04-27 20:44:14.908] [jointLog] [info] Marked 0 weighted equivalence classes as degenerate
[2021-04-27 20:44:14.929] [jointLog] [info] iteration = 0 | max rel diff. = 6499.39
[2021-04-27 20:44:16.562] [jointLog] [info] iteration = 100 | max rel diff. = 16.3522
[2021-04-27 20:44:18.202] [jointLog] [info] iteration = 200 | max rel diff. = 11.7208
[2021-04-27 20:44:19.848] [jointLog] [info] iteration = 300 | max rel diff. = 5.86615
[2021-04-27 20:44:21.473] [jointLog] [info] iteration = 400 | max rel diff. = 2.14458
[2021-04-27 20:44:23.115] [jointLog] [info] iteration = 500 | max rel diff. = 0.815365
[2021-04-27 20:44:24.769] [jointLog] [info] iteration = 600 | max rel diff. = 12.8664
[2021-04-27 20:44:26.372] [jointLog] [info] iteration = 700 | max rel diff. = 1.62022
[2021-04-27 20:44:28.004] [jointLog] [info] iteration = 800 | max rel diff. = 0.161537
[2021-04-27 20:44:29.644] [jointLog] [info] iteration = 900 | max rel diff. = 0.129512
[2021-04-27 20:44:31.297] [jointLog] [info] iteration = 1000 | max rel diff. = 0.0366617
[2021-04-27 20:44:32.941] [jointLog] [info] iteration = 1100 | max rel diff. = 0.557145
[2021-04-27 20:44:34.603] [jointLog] [info] iteration = 1200 | max rel diff. = 0.034465
[2021-04-27 20:44:36.252] [jointLog] [info] iteration = 1300 | max rel diff. = 0.0796439
[2021-04-27 20:44:37.954] [jointLog] [info] iteration = 1400 | max rel diff. = 0.0946754
[2021-04-27 20:44:38.154] [jointLog] [info] iteration = 1413 | max rel diff. = 0.00933658
[2021-04-27 20:44:38.185] [jointLog] [info] finished optimizer
[2021-04-27 20:44:38.185] [jointLog] [info] writing output
[2021-04-27 20:44:40.077] [jointLog] [info] Computing gene-level abundance estimates
[2021-04-27 20:45:11.842] [jointLog] [warning] Feature has no GFF ID
[2021-04-27 20:45:11.842] [jointLog] [warning] Feature has no GFF ID
[2021-04-27 20:45:11.842] [jointLog] [warning] Feature has no GFF ID
[2021-04-27 20:45:11.842] [jointLog] [warning] Feature has no GFF ID
[2021-04-27 20:45:11.842] [jointLog] [warning] Feature has no GFF ID
[2021-04-27 20:45:11.842] [jointLog] [warning] Feature has no GFF ID
[2021-04-27 20:45:11.842] [jointLog] [warning] Feature has no GFF ID
[2021-04-27 20:45:11.842] [jointLog] [warning] Feature has no GFF ID
[2021-04-27 20:45:11.842] [jointLog] [warning] Feature has no GFF ID
[2021-04-27 20:45:11.842] [jointLog] [warning] Feature has no GFF ID
[2021-04-27 20:45:11.842] [jointLog] [warning] Feature has no GFF ID
[2021-04-27 20:45:11.842] [jointLog] [warning] Feature has no GFF ID
[2021-04-27 20:45:11.842] [jointLog] [warning] Feature has no GFF ID
[2021-04-27 20:45:11.842] [jointLog] [warning] Feature has no GFF ID
[2021-04-27 20:45:11.842] [jointLog] [warning] Feature has no GFF ID
[2021-04-27 20:45:11.842] [jointLog] [warning] Feature has no GFF ID
[2021-04-27 20:45:11.842] [jointLog] [warning] Feature has no GFF ID
[2021-04-27 20:45:11.842] [jointLog] [warning] Feature has no GFF ID
[2021-04-27 20:45:11.842] [jointLog] [warning] Feature has no GFF ID
[2021-04-27 20:45:11.842] [jointLog] [warning] Feature has no GFF ID
[2021-04-27 20:45:11.842] [jointLog] [warning] Feature has no GFF ID
[2021-04-27 20:45:11.842] [jointLog] [warning] Feature has no GFF ID
[2021-04-27 20:45:11.842] [jointLog] [warning] Feature has no GFF ID
[2021-04-27 20:45:11.842] [jointLog] [warning] Feature has no GFF ID
[2021-04-27 20:45:11.842] [jointLog] [warning] Feature has no GFF ID
[2021-04-27 20:45:11.842] [jointLog] [warning] Feature has no GFF ID
[2021-04-27 20:45:11.842] [jointLog] [warning] Feature has no GFF ID
[2021-04-27 20:45:11.842] [jointLog] [warning] Feature has no GFF ID
[2021-04-27 20:45:11.842] [jointLog] [warning] Feature has no GFF ID
[2021-04-27 20:45:11.842] [jointLog] [warning] Feature has no GFF ID
[2021-04-27 20:45:11.842] [jointLog] [warning] Feature has no GFF ID
[2021-04-27 20:45:11.842] [jointLog] [warning] Feature has no GFF ID
[2021-04-27 20:45:11.842] [jointLog] [warning] Feature has no GFF ID
[2021-04-27 20:45:11.842] [jointLog] [warning] Feature has no GFF ID
[2021-04-27 20:45:11.842] [jointLog] [warning] Feature has no GFF ID
[2021-04-27 20:45:11.842] [jointLog] [warning] Feature has no GFF ID
[2021-04-27 20:45:11.842] [jointLog] [warning] Feature has no GFF ID
[2021-04-27 20:45:11.842] [jointLog] [warning] Feature has no GFF ID
[2021-04-27 20:45:11.842] [jointLog] [warning] Feature has no GFF ID
[2021-04-27 20:45:11.842] [jointLog] [warning] Feature has no GFF ID
[2021-04-27 20:45:11.842] [jointLog] [warning] Feature has no GFF ID
[2021-04-27 20:45:11.842] [jointLog] [warning] Feature has no GFF ID
[2021-04-27 20:45:11.842] [jointLog] [warning] Feature has no GFF ID
[2021-04-27 20:45:11.842] [jointLog] [warning] Feature has no GFF ID
[2021-04-27 20:45:11.842] [jointLog] [warning] Feature has no GFF ID
[2021-04-27 20:45:11.842] [jointLog] [warning] Feature has no GFF ID
[2021-04-27 20:45:11.842] [jointLog] [warning] Feature has no GFF ID
[2021-04-27 20:45:11.842] [jointLog] [warning] Feature has no GFF ID
[2021-04-27 20:45:11.842] [jointLog] [warning] Feature has no GFF ID
[2021-04-27 20:45:11.842] [jointLog] [warning] Feature has no GFF ID
[2021-04-27 20:45:11.842] [jointLog] [warning] Feature has no GFF ID
[2021-04-27 20:45:11.842] [jointLog] [warning] Feature has no GFF ID
[2021-04-27 20:45:11.842] [jointLog] [warning] Feature has no GFF ID
[2021-04-27 20:45:11.842] [jointLog] [warning] Feature has no GFF ID
[2021-04-27 20:45:11.842] [jointLog] [warning] Feature has no GFF ID
[2021-04-27 20:45:11.842] [jointLog] [warning] Feature has no GFF ID
[2021-04-27 20:45:11.842] [jointLog] [warning] Feature has no GFF ID
[2021-04-27 20:45:11.842] [jointLog] [warning] Feature has no GFF ID
[2021-04-27 20:45:11.842] [jointLog] [warning] Feature has no GFF ID
[2021-04-27 20:45:11.842] [jointLog] [warning] Feature has no GFF ID
[2021-04-27 20:45:11.842] [jointLog] [warning] Feature has no GFF ID
[2021-04-27 20:45:11.842] [jointLog] [warning] Feature has no GFF ID
[2021-04-27 20:45:11.842] [jointLog] [warning] Feature has no GFF ID
[2021-04-27 20:45:11.842] [jointLog] [warning] Feature has no GFF ID
[2021-04-27 20:45:11.842] [jointLog] [warning] Feature has no GFF ID
[2021-04-27 20:45:11.842] [jointLog] [warning] Feature has no GFF ID
[2021-04-27 20:45:11.842] [jointLog] [warning] Feature has no GFF ID
[2021-04-27 20:45:11.842] [jointLog] [warning] Feature has no GFF ID
[2021-04-27 20:45:11.842] [jointLog] [warning] Feature has no GFF ID
[2021-04-27 20:45:11.842] [jointLog] [warning] Feature has no GFF ID
[2021-04-27 20:45:11.842] [jointLog] [warning] Feature has no GFF ID
[2021-04-27 20:45:11.842] [jointLog] [warning] Feature has no GFF ID
[2021-04-27 20:45:11.842] [jointLog] [warning] Feature has no GFF ID
[2021-04-27 20:45:11.842] [jointLog] [warning] Feature has no GFF ID
[2021-04-27 20:45:11.842] [jointLog] [warning] Feature has no GFF ID
[2021-04-27 20:45:11.842] [jointLog] [warning] Feature has no GFF ID
[2021-04-27 20:45:11.842] [jointLog] [warning] Feature has no GFF ID
[2021-04-27 20:45:11.842] [jointLog] [warning] Feature has no GFF ID
[2021-04-27 20:45:11.842] [jointLog] [warning] Feature has no GFF ID
[2021-04-27 20:45:11.842] [jointLog] [warning] Feature has no GFF ID
[2021-04-27 20:45:11.842] [jointLog] [warning] Feature has no GFF ID
[2021-04-27 20:45:11.842] [jointLog] [warning] Feature has no GFF ID
[2021-04-27 20:45:11.842] [jointLog] [warning] Feature has no GFF ID
[2021-04-27 20:45:11.842] [jointLog] [warning] Feature has no GFF ID
[2021-04-27 20:45:11.842] [jointLog] [warning] Feature has no GFF ID
[2021-04-27 20:45:11.842] [jointLog] [warning] Feature has no GFF ID
[2021-04-27 20:45:11.842] [jointLog] [warning] Feature has no GFF ID
[2021-04-27 20:45:11.842] [jointLog] [warning] Feature has no GFF ID
[2021-04-27 20:45:11.842] [jointLog] [warning] Feature has no GFF ID
[2021-04-27 20:45:11.842] [jointLog] [warning] Feature has no GFF ID
[2021-04-27 20:45:11.842] [jointLog] [warning] Feature has no GFF ID
[2021-04-27 20:45:11.842] [jointLog] [warning] Feature has no GFF ID
[2021-04-27 20:45:12.164] [jointLog] [info] There were 142604 transcripts mapping to 55401 genes
[2021-04-27 20:45:12.164] [jointLog] [info] NOTE: We recommend using tximport (https://bioconductor.org/packages/release/bioc/html/tximport.html) for aggregating transcript-level salmon abundance estimates to the gene level.  It is more versatile, exposes more features, and allows considering multi-sample information during aggregation.
[2021-04-27 20:45:12.632] [jointLog] [warning] couldn't find transcript named [DQ459430] in transcript <-> gene map; returning transcript as it's own gene
[2021-04-27 20:45:12.632] [jointLog] [warning] couldn't find transcript named [DQ516784] in transcript <-> gene map; returning transcript as it's own gene
[2021-04-27 20:45:12.632] [jointLog] [warning] couldn't find transcript named [DQ516752] in transcript <-> gene map; returning transcript as it's own gene
[2021-04-27 20:45:12.632] [jointLog] [warning] couldn't find transcript named [DQ668364] in transcript <-> gene map; returning transcript as it's own gene
[2021-04-27 20:45:12.632] [jointLog] [warning] couldn't find transcript named [DQ883670] in transcript <-> gene map; returning transcript as it's own gene
[2021-04-27 20:45:12.632] [jointLog] [warning] couldn't find transcript named [EF011062] in transcript <-> gene map; returning transcript as it's own gene
[2021-04-27 20:45:12.632] [jointLog] [warning] couldn't find transcript named [DQ875385] in transcript <-> gene map; returning transcript as it's own gene
[2021-04-27 20:45:12.632] [jointLog] [warning] couldn't find transcript named [DQ883664] in transcript <-> gene map; returning transcript as it's own gene
[2021-04-27 20:45:12.632] [jointLog] [warning] couldn't find transcript named [DQ459420] in transcript <-> gene map; returning transcript as it's own gene
[2021-04-27 20:45:12.632] [jointLog] [warning] couldn't find transcript named [DQ883651] in transcript <-> gene map; returning transcript as it's own gene
[2021-04-27 20:45:12.632] [jointLog] [warning] couldn't find transcript named [DQ855004] in transcript <-> gene map; returning transcript as it's own gene
[2021-04-27 20:45:12.632] [jointLog] [warning] couldn't find transcript named [DQ854993] in transcript <-> gene map; returning transcript as it's own gene
[2021-04-27 20:45:12.632] [jointLog] [warning] couldn't find transcript named [DQ883689] in transcript <-> gene map; returning transcript as it's own gene
[2021-04-27 20:45:12.632] [jointLog] [warning] couldn't find transcript named [DQ459419] in transcript <-> gene map; returning transcript as it's own gene
[2021-04-27 20:45:12.632] [jointLog] [warning] couldn't find transcript named [DQ459431] in transcript <-> gene map; returning transcript as it's own gene
[2021-04-27 20:45:12.632] [jointLog] [warning] couldn't find transcript named [DQ516796] in transcript <-> gene map; returning transcript as it's own gene
[2021-04-27 20:45:12.632] [jointLog] [warning] couldn't find transcript named [DQ855001] in transcript <-> gene map; returning transcript as it's own gene
[2021-04-27 20:45:12.632] [jointLog] [warning] couldn't find transcript named [DQ459413] in transcript <-> gene map; returning transcript as it's own gene
[2021-04-27 20:45:12.632] [jointLog] [warning] couldn't find transcript named [DQ883656] in transcript <-> gene map; returning transcript as it's own gene
[2021-04-27 20:45:12.632] [jointLog] [warning] couldn't find transcript named [DQ883661] in transcript <-> gene map; returning transcript as it's own gene
[2021-04-27 20:45:12.632] [jointLog] [warning] couldn't find transcript named [EF011069] in transcript <-> gene map; returning transcript as it's own gene
[2021-04-27 20:45:12.632] [jointLog] [warning] couldn't find transcript named [DQ516783] in transcript <-> gene map; returning transcript as it's own gene
[2021-04-27 20:45:12.632] [jointLog] [warning] couldn't find transcript named [DQ516787] in transcript <-> gene map; returning transcript as it's own gene
[2021-04-27 20:45:12.632] [jointLog] [warning] couldn't find transcript named [DQ459424] in transcript <-> gene map; returning transcript as it's own gene
[2021-04-27 20:45:12.632] [jointLog] [warning] couldn't find transcript named [DQ516748] in transcript <-> gene map; returning transcript as it's own gene
[2021-04-27 20:45:12.632] [jointLog] [warning] couldn't find transcript named [DQ883671] in transcript <-> gene map; returning transcript as it's own gene
[2021-04-27 20:45:12.632] [jointLog] [warning] couldn't find transcript named [DQ516740] in transcript <-> gene map; returning transcript as it's own gene
[2021-04-27 20:45:12.632] [jointLog] [warning] couldn't find transcript named [DQ516785] in transcript <-> gene map; returning transcript as it's own gene
[2021-04-27 20:45:12.632] [jointLog] [warning] couldn't find transcript named [DQ516731] in transcript <-> gene map; returning transcript as it's own gene
[2021-04-27 20:45:12.632] [jointLog] [warning] couldn't find transcript named [DQ668366] in transcript <-> gene map; returning transcript as it's own gene
[2021-04-27 20:45:12.632] [jointLog] [warning] couldn't find transcript named [DQ459418] in transcript <-> gene map; returning transcript as it's own gene
[2021-04-27 20:45:12.632] [jointLog] [warning] couldn't find transcript named [DQ668356] in transcript <-> gene map; returning transcript as it's own gene
[2021-04-27 20:45:12.632] [jointLog] [warning] couldn't find transcript named [DQ516763] in transcript <-> gene map; returning transcript as it's own gene
[2021-04-27 20:45:12.632] [jointLog] [warning] couldn't find transcript named [DQ459426] in transcript <-> gene map; returning transcript as it's own gene
[2021-04-27 20:45:12.632] [jointLog] [warning] couldn't find transcript named [DQ516786] in transcript <-> gene map; returning transcript as it's own gene
[2021-04-27 20:45:12.632] [jointLog] [warning] couldn't find transcript named [DQ883653] in transcript <-> gene map; returning transcript as it's own gene
[2021-04-27 20:45:12.632] [jointLog] [warning] couldn't find transcript named [DQ459421] in transcript <-> gene map; returning transcript as it's own gene
[2021-04-27 20:45:12.632] [jointLog] [warning] couldn't find transcript named [DQ883654] in transcript <-> gene map; returning transcript as it's own gene
[2021-04-27 20:45:12.632] [jointLog] [warning] couldn't find transcript named [DQ668358] in transcript <-> gene map; returning transcript as it's own gene
[2021-04-27 20:45:12.632] [jointLog] [warning] couldn't find transcript named [DQ516754] in transcript <-> gene map; returning transcript as it's own gene
[2021-04-27 20:45:12.632] [jointLog] [warning] couldn't find transcript named [DQ516778] in transcript <-> gene map; returning transcript as it's own gene
[2021-04-27 20:45:12.632] [jointLog] [warning] couldn't find transcript named [DQ883650] in transcript <-> gene map; returning transcript as it's own gene
[2021-04-27 20:45:12.632] [jointLog] [warning] couldn't find transcript named [DQ516742] in transcript <-> gene map; returning transcript as it's own gene
[2021-04-27 20:45:12.632] [jointLog] [warning] couldn't find transcript named [DQ883673] in transcript <-> gene map; returning transcript as it's own gene
[2021-04-27 20:45:12.632] [jointLog] [warning] couldn't find transcript named [DQ883652] in transcript <-> gene map; returning transcript as it's own gene
[2021-04-27 20:45:12.632] [jointLog] [warning] couldn't find transcript named [DQ854991] in transcript <-> gene map; returning transcript as it's own gene
[2021-04-27 20:45:12.632] [jointLog] [warning] couldn't find transcript named [DQ516780] in transcript <-> gene map; returning transcript as it's own gene
[2021-04-27 20:45:12.632] [jointLog] [warning] couldn't find transcript named [DQ883682] in transcript <-> gene map; returning transcript as it's own gene
[2021-04-27 20:45:12.632] [jointLog] [warning] couldn't find transcript named [DQ883669] in transcript <-> gene map; returning transcript as it's own gene
[2021-04-27 20:45:12.632] [jointLog] [warning] couldn't find transcript named [DQ516791] in transcript <-> gene map; returning transcript as it's own gene
[2021-04-27 20:45:12.632] [jointLog] [warning] couldn't find transcript named [DQ459425] in transcript <-> gene map; returning transcript as it's own gene
[2021-04-27 20:45:12.632] [jointLog] [warning] couldn't find transcript named [DQ516759] in transcript <-> gene map; returning transcript as it's own gene
[2021-04-27 20:45:12.632] [jointLog] [warning] couldn't find transcript named [DQ459429] in transcript <-> gene map; returning transcript as it's own gene
[2021-04-27 20:45:12.632] [jointLog] [warning] couldn't find transcript named [DQ516758] in transcript <-> gene map; returning transcript as it's own gene
[2021-04-27 20:45:12.632] [jointLog] [warning] couldn't find transcript named [DQ459415] in transcript <-> gene map; returning transcript as it's own gene
[2021-04-27 20:45:12.632] [jointLog] [warning] couldn't find transcript named [DQ875387] in transcript <-> gene map; returning transcript as it's own gene
[2021-04-27 20:45:12.632] [jointLog] [warning] couldn't find transcript named [DQ516815] in transcript <-> gene map; returning transcript as it's own gene
[2021-04-27 20:45:12.632] [jointLog] [warning] couldn't find transcript named [DQ668365] in transcript <-> gene map; returning transcript as it's own gene
[2021-04-27 20:45:12.632] [jointLog] [warning] couldn't find transcript named [DQ854998] in transcript <-> gene map; returning transcript as it's own gene
[2021-04-27 20:45:12.632] [jointLog] [warning] couldn't find transcript named [DQ883685] in transcript <-> gene map; returning transcript as it's own gene
[2021-04-27 20:45:12.632] [jointLog] [warning] couldn't find transcript named [DQ459422] in transcript <-> gene map; returning transcript as it's own gene
[2021-04-27 20:45:12.632] [jointLog] [warning] couldn't find transcript named [DQ883663] in transcript <-> gene map; returning transcript as it's own gene
[2021-04-27 20:45:12.632] [jointLog] [warning] couldn't find transcript named [DQ668367] in transcript <-> gene map; returning transcript as it's own gene
[2021-04-27 20:45:12.633] [jointLog] [warning] couldn't find transcript named [DQ459412] in transcript <-> gene map; returning transcript as it's own gene
[2021-04-27 20:45:12.633] [jointLog] [warning] couldn't find transcript named [DQ854992] in transcript <-> gene map; returning transcript as it's own gene
[2021-04-27 20:45:12.633] [jointLog] [warning] couldn't find transcript named [DQ516782] in transcript <-> gene map; returning transcript as it's own gene
[2021-04-27 20:45:12.633] [jointLog] [warning] couldn't find transcript named [DQ459427] in transcript <-> gene map; returning transcript as it's own gene
[2021-04-27 20:45:12.633] [jointLog] [warning] couldn't find transcript named [EF011072] in transcript <-> gene map; returning transcript as it's own gene
[2021-04-27 20:45:12.633] [jointLog] [warning] couldn't find transcript named [DQ855003] in transcript <-> gene map; returning transcript as it's own gene
[2021-04-27 20:45:12.633] [jointLog] [warning] couldn't find transcript named [DQ516739] in transcript <-> gene map; returning transcript as it's own gene
[2021-04-27 20:45:12.633] [jointLog] [warning] couldn't find transcript named [EF011063] in transcript <-> gene map; returning transcript as it's own gene
[2021-04-27 20:45:12.633] [jointLog] [warning] couldn't find transcript named [DQ855000] in transcript <-> gene map; returning transcript as it's own gene
[2021-04-27 20:45:12.633] [jointLog] [warning] couldn't find transcript named [DQ516777] in transcript <-> gene map; returning transcript as it's own gene
[2021-04-27 20:45:12.633] [jointLog] [warning] couldn't find transcript named [DQ883646] in transcript <-> gene map; returning transcript as it's own gene
[2021-04-27 20:45:12.633] [jointLog] [warning] couldn't find transcript named [DQ668362] in transcript <-> gene map; returning transcript as it's own gene
[2021-04-27 20:45:12.633] [jointLog] [warning] couldn't find transcript named [DQ854995] in transcript <-> gene map; returning transcript as it's own gene
[2021-04-27 20:45:12.633] [jointLog] [warning] couldn't find transcript named [DQ875386] in transcript <-> gene map; returning transcript as it's own gene
[2021-04-27 20:45:12.633] [jointLog] [warning] couldn't find transcript named [DQ516790] in transcript <-> gene map; returning transcript as it's own gene
[2021-04-27 20:45:12.633] [jointLog] [warning] couldn't find transcript named [DQ883642] in transcript <-> gene map; returning transcript as it's own gene
[2021-04-27 20:45:12.633] [jointLog] [warning] couldn't find transcript named [DQ883659] in transcript <-> gene map; returning transcript as it's own gene
[2021-04-27 20:45:12.633] [jointLog] [warning] couldn't find transcript named [DQ854997] in transcript <-> gene map; returning transcript as it's own gene
[2021-04-27 20:45:12.633] [jointLog] [warning] couldn't find transcript named [DQ883643] in transcript <-> gene map; returning transcript as it's own gene
[2021-04-27 20:45:12.633] [jointLog] [warning] couldn't find transcript named [DQ839618] in transcript <-> gene map; returning transcript as it's own gene
[2021-04-27 20:45:12.633] [jointLog] [warning] couldn't find transcript named [DQ516795] in transcript <-> gene map; returning transcript as it's own gene
[2021-04-27 20:45:12.633] [jointLog] [warning] couldn't find transcript named [DQ883658] in transcript <-> gene map; returning transcript as it's own gene
[2021-04-27 20:45:12.633] [jointLog] [warning] couldn't find transcript named [DQ516750] in transcript <-> gene map; returning transcript as it's own gene
[2021-04-27 20:45:12.633] [jointLog] [warning] couldn't find transcript named [DQ668359] in transcript <-> gene map; returning transcript as it's own gene
[2021-04-27 20:45:12.633] [jointLog] [warning] couldn't find transcript named [DQ516779] in transcript <-> gene map; returning transcript as it's own gene
[2021-04-27 20:45:12.633] [jointLog] [warning] couldn't find transcript named [DQ668363] in transcript <-> gene map; returning transcript as it's own gene
[2021-04-27 20:45:12.633] [jointLog] [warning] couldn't find transcript named [DQ516776] in transcript <-> gene map; returning transcript as it's own gene
[2021-04-27 20:45:12.633] [jointLog] [warning] couldn't find transcript named [DQ516773] in transcript <-> gene map; returning transcript as it's own gene
[2021-04-27 20:45:12.633] [jointLog] [warning] couldn't find transcript named [DQ854994] in transcript <-> gene map; returning transcript as it's own gene
[2021-04-27 20:45:12.633] [jointLog] [info] Aggregating expressions to gene level
[2021-04-27 20:45:13.216] [jointLog] [info] done
