[2021-05-23 11:18:12.641] [jointLog] [info] setting maxHashResizeThreads to 6
[2021-05-23 11:18:12.641] [jointLog] [info] Fragment incompatibility prior below threshold.  Incompatible fragments will be ignored.
[2021-05-23 11:18:12.644] [jointLog] [info] numQuantThreads = 3
[2021-05-23 11:18:15.550] [jointLog] [info] replaced 4 non-ACGT nucleotides with random nucleotides
[2021-05-23 11:18:15.864] [fileLog] [info] quantification processed 0 fragments so far

[2021-05-23 11:18:19.636] [fileLog] [info] quantification processed 1000000 fragments so far

[2021-05-23 11:18:22.903] [fileLog] [info] quantification processed 2000000 fragments so far

[2021-05-23 11:18:24.050] [jointLog] [info] 

The alignment group queue pool has been exhausted.  3075537 extra fragments were allocated on the heap to saturate the pool.  No new fragments will be allocated


[2021-05-23 11:18:38.390] [fileLog] [info] quantification processed 3000000 fragments so far

[2021-05-23 11:19:01.530] [fileLog] [info] quantification processed 4000000 fragments so far

[2021-05-23 11:19:24.279] [fileLog] [info] quantification processed 5000000 fragments so far

[2021-05-23 11:19:46.696] [fileLog] [info] quantification processed 6000000 fragments so far

[2021-05-23 11:20:09.255] [fileLog] [info] quantification processed 7000000 fragments so far

[2021-05-23 11:20:13.605] [fileLog] [info] quantification processed 8000000 fragments so far

[2021-05-23 11:20:17.996] [fileLog] [info] quantification processed 9000000 fragments so far

[2021-05-23 11:20:22.528] [fileLog] [info] quantification processed 10000000 fragments so far

[2021-05-23 11:20:27.035] [fileLog] [info] quantification processed 11000000 fragments so far

[2021-05-23 11:20:31.328] [fileLog] [info] quantification processed 12000000 fragments so far

[2021-05-23 11:20:35.724] [fileLog] [info] quantification processed 13000000 fragments so far

[2021-05-23 11:20:40.114] [fileLog] [info] quantification processed 14000000 fragments so far

[2021-05-23 11:20:44.555] [fileLog] [info] quantification processed 15000000 fragments so far

[2021-05-23 11:20:48.835] [fileLog] [info] quantification processed 16000000 fragments so far

[2021-05-23 11:20:52.969] [fileLog] [info] quantification processed 17000000 fragments so far

[2021-05-23 11:20:57.363] [fileLog] [info] quantification processed 18000000 fragments so far

[2021-05-23 11:21:01.795] [fileLog] [info] quantification processed 19000000 fragments so far

[2021-05-23 11:21:06.186] [fileLog] [info] quantification processed 20000000 fragments so far

[2021-05-23 11:21:10.454] [fileLog] [info] quantification processed 21000000 fragments so far

[2021-05-23 11:21:14.878] [fileLog] [info] quantification processed 22000000 fragments so far

[2021-05-23 11:21:19.424] [fileLog] [info] quantification processed 23000000 fragments so far

[2021-05-23 11:21:23.684] [fileLog] [info] quantification processed 24000000 fragments so far

[2021-05-23 11:21:28.086] [fileLog] [info] quantification processed 25000000 fragments so far

[2021-05-23 11:21:32.301] [fileLog] [info] quantification processed 26000000 fragments so far

[2021-05-23 11:21:36.809] [fileLog] [info] quantification processed 27000000 fragments so far

[2021-05-23 11:21:41.199] [fileLog] [info] quantification processed 28000000 fragments so far

[2021-05-23 11:21:45.641] [fileLog] [info] quantification processed 29000000 fragments so far

[2021-05-23 11:21:50.019] [fileLog] [info] quantification processed 30000000 fragments so far

[2021-05-23 11:21:54.511] [fileLog] [info] quantification processed 31000000 fragments so far

[2021-05-23 11:21:58.941] [fileLog] [info] quantification processed 32000000 fragments so far

[2021-05-23 11:22:03.393] [fileLog] [info] quantification processed 33000000 fragments so far

[2021-05-23 11:22:07.684] [fileLog] [info] quantification processed 34000000 fragments so far

[2021-05-23 11:22:12.122] [fileLog] [info] quantification processed 35000000 fragments so far

[2021-05-23 11:22:16.543] [fileLog] [info] quantification processed 36000000 fragments so far

[2021-05-23 11:22:20.822] [fileLog] [info] quantification processed 37000000 fragments so far

[2021-05-23 11:22:25.137] [fileLog] [info] quantification processed 38000000 fragments so far

[2021-05-23 11:22:29.654] [fileLog] [info] quantification processed 39000000 fragments so far

[2021-05-23 11:22:33.995] [fileLog] [info] quantification processed 40000000 fragments so far

[2021-05-23 11:22:38.483] [fileLog] [info] quantification processed 41000000 fragments so far

[2021-05-23 11:22:42.856] [fileLog] [info] quantification processed 42000000 fragments so far

[2021-05-23 11:22:47.200] [fileLog] [info] quantification processed 43000000 fragments so far

[2021-05-23 11:22:51.592] [fileLog] [info] quantification processed 44000000 fragments so far

[2021-05-23 11:22:56.107] [fileLog] [info] quantification processed 45000000 fragments so far

[2021-05-23 11:23:00.433] [fileLog] [info] quantification processed 46000000 fragments so far

[2021-05-23 11:23:04.667] [fileLog] [info] quantification processed 47000000 fragments so far

[2021-05-23 11:23:08.843] [fileLog] [info] quantification processed 48000000 fragments so far

[2021-05-23 11:23:13.158] [fileLog] [info] quantification processed 49000000 fragments so far

[2021-05-23 11:23:17.493] [fileLog] [info] quantification processed 50000000 fragments so far

[2021-05-23 11:23:21.896] [fileLog] [info] quantification processed 51000000 fragments so far

[2021-05-23 11:23:26.204] [fileLog] [info] quantification processed 52000000 fragments so far

[2021-05-23 11:23:30.495] [fileLog] [info] quantification processed 53000000 fragments so far

[2021-05-23 11:23:34.698] [fileLog] [info] quantification processed 54000000 fragments so far

[2021-05-23 11:23:39.142] [fileLog] [info] quantification processed 55000000 fragments so far

[2021-05-23 11:23:43.519] [fileLog] [info] quantification processed 56000000 fragments so far

[2021-05-23 11:23:47.825] [fileLog] [info] quantification processed 57000000 fragments so far

[2021-05-23 11:23:52.188] [fileLog] [info] quantification processed 58000000 fragments so far

[2021-05-23 11:23:56.612] [fileLog] [info] quantification processed 59000000 fragments so far

[2021-05-23 11:24:00.911] [fileLog] [info] quantification processed 60000000 fragments so far

[2021-05-23 11:24:05.246] [fileLog] [info] quantification processed 61000000 fragments so far

[2021-05-23 11:24:09.576] [fileLog] [info] quantification processed 62000000 fragments so far

[2021-05-23 11:24:13.951] [fileLog] [info] quantification processed 63000000 fragments so far

[2021-05-23 11:24:18.292] [fileLog] [info] quantification processed 64000000 fragments so far

[2021-05-23 11:24:22.494] [fileLog] [info] quantification processed 65000000 fragments so far

[2021-05-23 11:24:26.600] [fileLog] [info] quantification processed 66000000 fragments so far

[2021-05-23 11:24:30.766] [fileLog] [info] quantification processed 67000000 fragments so far

[2021-05-23 11:24:34.774] [fileLog] [info] quantification processed 68000000 fragments so far

[2021-05-23 11:24:39.010] [fileLog] [info] quantification processed 69000000 fragments so far

[2021-05-23 11:24:43.286] [fileLog] [info] quantification processed 70000000 fragments so far

[2021-05-23 11:24:47.698] [fileLog] [info] quantification processed 71000000 fragments so far

[2021-05-23 11:24:51.851] [fileLog] [info] quantification processed 72000000 fragments so far

[2021-05-23 11:24:54.320] [fileLog] [info] quantification processed 72578186 fragments so far

[2021-05-23 11:25:02.467] [jointLog] [info] Thread saw mini-batch with a maximum of 10.70% zero probability fragments
[2021-05-23 11:25:02.471] [jointLog] [info] Thread saw mini-batch with a maximum of 11.60% zero probability fragments
[2021-05-23 11:25:02.477] [jointLog] [info] Thread saw mini-batch with a maximum of 10.90% zero probability fragments
[2021-05-23 11:25:02.479] [jointLog] [info] 


Completed first pass through the alignment file.
Total # of mapped reads : 72578186
# of uniquely mapped reads : 28564214
# ambiguously mapped reads : 44013972



[2021-05-23 11:25:02.704] [jointLog] [info] Computed 259610 rich equivalence classes for further processing
[2021-05-23 11:25:02.704] [jointLog] [info] Counted 71856432 total reads in the equivalence classes 
[2021-05-23 11:25:02.707] [jointLog] [info] starting optimizer
[2021-05-23 11:25:02.829] [jointLog] [info] Marked 0 weighted equivalence classes as degenerate
[2021-05-23 11:25:02.848] [jointLog] [info] iteration = 0 | max rel diff. = 120.763
[2021-05-23 11:25:04.594] [jointLog] [info] iteration = 100 | max rel diff. = 14.5899
[2021-05-23 11:25:06.342] [jointLog] [info] iteration = 200 | max rel diff. = 12.4495
[2021-05-23 11:25:08.075] [jointLog] [info] iteration = 300 | max rel diff. = 0.240707
[2021-05-23 11:25:09.829] [jointLog] [info] iteration = 400 | max rel diff. = 0.702907
[2021-05-23 11:25:11.615] [jointLog] [info] iteration = 500 | max rel diff. = 0.588304
[2021-05-23 11:25:13.424] [jointLog] [info] iteration = 600 | max rel diff. = 0.0926283
[2021-05-23 11:25:15.197] [jointLog] [info] iteration = 700 | max rel diff. = 0.887923
[2021-05-23 11:25:16.975] [jointLog] [info] iteration = 800 | max rel diff. = 0.224665
[2021-05-23 11:25:18.743] [jointLog] [info] iteration = 900 | max rel diff. = 0.711317
[2021-05-23 11:25:20.492] [jointLog] [info] iteration = 1000 | max rel diff. = 0.246457
[2021-05-23 11:25:22.273] [jointLog] [info] iteration = 1100 | max rel diff. = 0.0621868
[2021-05-23 11:25:24.003] [jointLog] [info] iteration = 1200 | max rel diff. = 1.27067
[2021-05-23 11:25:25.733] [jointLog] [info] iteration = 1300 | max rel diff. = 0.0667899
[2021-05-23 11:25:27.495] [jointLog] [info] iteration = 1400 | max rel diff. = 0.0148495
[2021-05-23 11:25:29.265] [jointLog] [info] iteration = 1500 | max rel diff. = 0.520874
[2021-05-23 11:25:31.050] [jointLog] [info] iteration = 1600 | max rel diff. = 0.0569408
[2021-05-23 11:25:32.834] [jointLog] [info] iteration = 1700 | max rel diff. = 0.0282693
[2021-05-23 11:25:33.447] [jointLog] [info] iteration = 1736 | max rel diff. = 0.00848497
[2021-05-23 11:25:33.490] [jointLog] [info] finished optimizer
[2021-05-23 11:25:33.490] [jointLog] [info] writing output
[2021-05-23 11:25:35.808] [jointLog] [info] Computing gene-level abundance estimates
[2021-05-23 11:26:07.657] [jointLog] [warning] Feature has no GFF ID
[2021-05-23 11:26:07.657] [jointLog] [warning] Feature has no GFF ID
[2021-05-23 11:26:07.657] [jointLog] [warning] Feature has no GFF ID
[2021-05-23 11:26:07.657] [jointLog] [warning] Feature has no GFF ID
[2021-05-23 11:26:07.657] [jointLog] [warning] Feature has no GFF ID
[2021-05-23 11:26:07.657] [jointLog] [warning] Feature has no GFF ID
[2021-05-23 11:26:07.657] [jointLog] [warning] Feature has no GFF ID
[2021-05-23 11:26:07.657] [jointLog] [warning] Feature has no GFF ID
[2021-05-23 11:26:07.657] [jointLog] [warning] Feature has no GFF ID
[2021-05-23 11:26:07.657] [jointLog] [warning] Feature has no GFF ID
[2021-05-23 11:26:07.657] [jointLog] [warning] Feature has no GFF ID
[2021-05-23 11:26:07.657] [jointLog] [warning] Feature has no GFF ID
[2021-05-23 11:26:07.657] [jointLog] [warning] Feature has no GFF ID
[2021-05-23 11:26:07.657] [jointLog] [warning] Feature has no GFF ID
[2021-05-23 11:26:07.657] [jointLog] [warning] Feature has no GFF ID
[2021-05-23 11:26:07.657] [jointLog] [warning] Feature has no GFF ID
[2021-05-23 11:26:07.657] [jointLog] [warning] Feature has no GFF ID
[2021-05-23 11:26:07.657] [jointLog] [warning] Feature has no GFF ID
[2021-05-23 11:26:07.657] [jointLog] [warning] Feature has no GFF ID
[2021-05-23 11:26:07.657] [jointLog] [warning] Feature has no GFF ID
[2021-05-23 11:26:07.657] [jointLog] [warning] Feature has no GFF ID
[2021-05-23 11:26:07.657] [jointLog] [warning] Feature has no GFF ID
[2021-05-23 11:26:07.657] [jointLog] [warning] Feature has no GFF ID
[2021-05-23 11:26:07.658] [jointLog] [warning] Feature has no GFF ID
[2021-05-23 11:26:07.658] [jointLog] [warning] Feature has no GFF ID
[2021-05-23 11:26:07.658] [jointLog] [warning] Feature has no GFF ID
[2021-05-23 11:26:07.658] [jointLog] [warning] Feature has no GFF ID
[2021-05-23 11:26:07.658] [jointLog] [warning] Feature has no GFF ID
[2021-05-23 11:26:07.658] [jointLog] [warning] Feature has no GFF ID
[2021-05-23 11:26:07.658] [jointLog] [warning] Feature has no GFF ID
[2021-05-23 11:26:07.658] [jointLog] [warning] Feature has no GFF ID
[2021-05-23 11:26:07.658] [jointLog] [warning] Feature has no GFF ID
[2021-05-23 11:26:07.658] [jointLog] [warning] Feature has no GFF ID
[2021-05-23 11:26:07.658] [jointLog] [warning] Feature has no GFF ID
[2021-05-23 11:26:07.658] [jointLog] [warning] Feature has no GFF ID
[2021-05-23 11:26:07.658] [jointLog] [warning] Feature has no GFF ID
[2021-05-23 11:26:07.658] [jointLog] [warning] Feature has no GFF ID
[2021-05-23 11:26:07.658] [jointLog] [warning] Feature has no GFF ID
[2021-05-23 11:26:07.658] [jointLog] [warning] Feature has no GFF ID
[2021-05-23 11:26:07.658] [jointLog] [warning] Feature has no GFF ID
[2021-05-23 11:26:07.658] [jointLog] [warning] Feature has no GFF ID
[2021-05-23 11:26:07.658] [jointLog] [warning] Feature has no GFF ID
[2021-05-23 11:26:07.658] [jointLog] [warning] Feature has no GFF ID
[2021-05-23 11:26:07.658] [jointLog] [warning] Feature has no GFF ID
[2021-05-23 11:26:07.658] [jointLog] [warning] Feature has no GFF ID
[2021-05-23 11:26:07.658] [jointLog] [warning] Feature has no GFF ID
[2021-05-23 11:26:07.658] [jointLog] [warning] Feature has no GFF ID
[2021-05-23 11:26:07.658] [jointLog] [warning] Feature has no GFF ID
[2021-05-23 11:26:07.658] [jointLog] [warning] Feature has no GFF ID
[2021-05-23 11:26:07.658] [jointLog] [warning] Feature has no GFF ID
[2021-05-23 11:26:07.658] [jointLog] [warning] Feature has no GFF ID
[2021-05-23 11:26:07.658] [jointLog] [warning] Feature has no GFF ID
[2021-05-23 11:26:07.658] [jointLog] [warning] Feature has no GFF ID
[2021-05-23 11:26:07.658] [jointLog] [warning] Feature has no GFF ID
[2021-05-23 11:26:07.658] [jointLog] [warning] Feature has no GFF ID
[2021-05-23 11:26:07.658] [jointLog] [warning] Feature has no GFF ID
[2021-05-23 11:26:07.658] [jointLog] [warning] Feature has no GFF ID
[2021-05-23 11:26:07.658] [jointLog] [warning] Feature has no GFF ID
[2021-05-23 11:26:07.658] [jointLog] [warning] Feature has no GFF ID
[2021-05-23 11:26:07.658] [jointLog] [warning] Feature has no GFF ID
[2021-05-23 11:26:07.658] [jointLog] [warning] Feature has no GFF ID
[2021-05-23 11:26:07.658] [jointLog] [warning] Feature has no GFF ID
[2021-05-23 11:26:07.658] [jointLog] [warning] Feature has no GFF ID
[2021-05-23 11:26:07.658] [jointLog] [warning] Feature has no GFF ID
[2021-05-23 11:26:07.658] [jointLog] [warning] Feature has no GFF ID
[2021-05-23 11:26:07.658] [jointLog] [warning] Feature has no GFF ID
[2021-05-23 11:26:07.658] [jointLog] [warning] Feature has no GFF ID
[2021-05-23 11:26:07.658] [jointLog] [warning] Feature has no GFF ID
[2021-05-23 11:26:07.658] [jointLog] [warning] Feature has no GFF ID
[2021-05-23 11:26:07.658] [jointLog] [warning] Feature has no GFF ID
[2021-05-23 11:26:07.658] [jointLog] [warning] Feature has no GFF ID
[2021-05-23 11:26:07.658] [jointLog] [warning] Feature has no GFF ID
[2021-05-23 11:26:07.658] [jointLog] [warning] Feature has no GFF ID
[2021-05-23 11:26:07.658] [jointLog] [warning] Feature has no GFF ID
[2021-05-23 11:26:07.658] [jointLog] [warning] Feature has no GFF ID
[2021-05-23 11:26:07.658] [jointLog] [warning] Feature has no GFF ID
[2021-05-23 11:26:07.658] [jointLog] [warning] Feature has no GFF ID
[2021-05-23 11:26:07.658] [jointLog] [warning] Feature has no GFF ID
[2021-05-23 11:26:07.658] [jointLog] [warning] Feature has no GFF ID
[2021-05-23 11:26:07.658] [jointLog] [warning] Feature has no GFF ID
[2021-05-23 11:26:07.658] [jointLog] [warning] Feature has no GFF ID
[2021-05-23 11:26:07.658] [jointLog] [warning] Feature has no GFF ID
[2021-05-23 11:26:07.658] [jointLog] [warning] Feature has no GFF ID
[2021-05-23 11:26:07.658] [jointLog] [warning] Feature has no GFF ID
[2021-05-23 11:26:07.658] [jointLog] [warning] Feature has no GFF ID
[2021-05-23 11:26:07.658] [jointLog] [warning] Feature has no GFF ID
[2021-05-23 11:26:07.658] [jointLog] [warning] Feature has no GFF ID
[2021-05-23 11:26:07.658] [jointLog] [warning] Feature has no GFF ID
[2021-05-23 11:26:07.658] [jointLog] [warning] Feature has no GFF ID
[2021-05-23 11:26:07.658] [jointLog] [warning] Feature has no GFF ID
[2021-05-23 11:26:07.658] [jointLog] [warning] Feature has no GFF ID
[2021-05-23 11:26:07.658] [jointLog] [warning] Feature has no GFF ID
[2021-05-23 11:26:08.015] [jointLog] [info] There were 142604 transcripts mapping to 55401 genes
[2021-05-23 11:26:08.015] [jointLog] [info] NOTE: We recommend using tximport (https://bioconductor.org/packages/release/bioc/html/tximport.html) for aggregating transcript-level salmon abundance estimates to the gene level.  It is more versatile, exposes more features, and allows considering multi-sample information during aggregation.
[2021-05-23 11:26:08.354] [jointLog] [warning] couldn't find transcript named [DQ459430] in transcript <-> gene map; returning transcript as it's own gene
[2021-05-23 11:26:08.354] [jointLog] [warning] couldn't find transcript named [DQ516784] in transcript <-> gene map; returning transcript as it's own gene
[2021-05-23 11:26:08.354] [jointLog] [warning] couldn't find transcript named [DQ516752] in transcript <-> gene map; returning transcript as it's own gene
[2021-05-23 11:26:08.354] [jointLog] [warning] couldn't find transcript named [DQ668364] in transcript <-> gene map; returning transcript as it's own gene
[2021-05-23 11:26:08.354] [jointLog] [warning] couldn't find transcript named [DQ883670] in transcript <-> gene map; returning transcript as it's own gene
[2021-05-23 11:26:08.354] [jointLog] [warning] couldn't find transcript named [EF011062] in transcript <-> gene map; returning transcript as it's own gene
[2021-05-23 11:26:08.354] [jointLog] [warning] couldn't find transcript named [DQ875385] in transcript <-> gene map; returning transcript as it's own gene
[2021-05-23 11:26:08.354] [jointLog] [warning] couldn't find transcript named [DQ883664] in transcript <-> gene map; returning transcript as it's own gene
[2021-05-23 11:26:08.354] [jointLog] [warning] couldn't find transcript named [DQ459420] in transcript <-> gene map; returning transcript as it's own gene
[2021-05-23 11:26:08.354] [jointLog] [warning] couldn't find transcript named [DQ883651] in transcript <-> gene map; returning transcript as it's own gene
[2021-05-23 11:26:08.354] [jointLog] [warning] couldn't find transcript named [DQ855004] in transcript <-> gene map; returning transcript as it's own gene
[2021-05-23 11:26:08.354] [jointLog] [warning] couldn't find transcript named [DQ854993] in transcript <-> gene map; returning transcript as it's own gene
[2021-05-23 11:26:08.354] [jointLog] [warning] couldn't find transcript named [DQ883689] in transcript <-> gene map; returning transcript as it's own gene
[2021-05-23 11:26:08.354] [jointLog] [warning] couldn't find transcript named [DQ459419] in transcript <-> gene map; returning transcript as it's own gene
[2021-05-23 11:26:08.354] [jointLog] [warning] couldn't find transcript named [DQ459431] in transcript <-> gene map; returning transcript as it's own gene
[2021-05-23 11:26:08.354] [jointLog] [warning] couldn't find transcript named [DQ516796] in transcript <-> gene map; returning transcript as it's own gene
[2021-05-23 11:26:08.354] [jointLog] [warning] couldn't find transcript named [DQ855001] in transcript <-> gene map; returning transcript as it's own gene
[2021-05-23 11:26:08.354] [jointLog] [warning] couldn't find transcript named [DQ459413] in transcript <-> gene map; returning transcript as it's own gene
[2021-05-23 11:26:08.354] [jointLog] [warning] couldn't find transcript named [DQ883656] in transcript <-> gene map; returning transcript as it's own gene
[2021-05-23 11:26:08.354] [jointLog] [warning] couldn't find transcript named [DQ883661] in transcript <-> gene map; returning transcript as it's own gene
[2021-05-23 11:26:08.354] [jointLog] [warning] couldn't find transcript named [EF011069] in transcript <-> gene map; returning transcript as it's own gene
[2021-05-23 11:26:08.354] [jointLog] [warning] couldn't find transcript named [DQ516783] in transcript <-> gene map; returning transcript as it's own gene
[2021-05-23 11:26:08.354] [jointLog] [warning] couldn't find transcript named [DQ516787] in transcript <-> gene map; returning transcript as it's own gene
[2021-05-23 11:26:08.354] [jointLog] [warning] couldn't find transcript named [DQ459424] in transcript <-> gene map; returning transcript as it's own gene
[2021-05-23 11:26:08.354] [jointLog] [warning] couldn't find transcript named [DQ516748] in transcript <-> gene map; returning transcript as it's own gene
[2021-05-23 11:26:08.354] [jointLog] [warning] couldn't find transcript named [DQ883671] in transcript <-> gene map; returning transcript as it's own gene
[2021-05-23 11:26:08.354] [jointLog] [warning] couldn't find transcript named [DQ516740] in transcript <-> gene map; returning transcript as it's own gene
[2021-05-23 11:26:08.354] [jointLog] [warning] couldn't find transcript named [DQ516785] in transcript <-> gene map; returning transcript as it's own gene
[2021-05-23 11:26:08.354] [jointLog] [warning] couldn't find transcript named [DQ516731] in transcript <-> gene map; returning transcript as it's own gene
[2021-05-23 11:26:08.354] [jointLog] [warning] couldn't find transcript named [DQ668366] in transcript <-> gene map; returning transcript as it's own gene
[2021-05-23 11:26:08.354] [jointLog] [warning] couldn't find transcript named [DQ459418] in transcript <-> gene map; returning transcript as it's own gene
[2021-05-23 11:26:08.354] [jointLog] [warning] couldn't find transcript named [DQ668356] in transcript <-> gene map; returning transcript as it's own gene
[2021-05-23 11:26:08.354] [jointLog] [warning] couldn't find transcript named [DQ516763] in transcript <-> gene map; returning transcript as it's own gene
[2021-05-23 11:26:08.354] [jointLog] [warning] couldn't find transcript named [DQ459426] in transcript <-> gene map; returning transcript as it's own gene
[2021-05-23 11:26:08.354] [jointLog] [warning] couldn't find transcript named [DQ516786] in transcript <-> gene map; returning transcript as it's own gene
[2021-05-23 11:26:08.354] [jointLog] [warning] couldn't find transcript named [DQ883653] in transcript <-> gene map; returning transcript as it's own gene
[2021-05-23 11:26:08.354] [jointLog] [warning] couldn't find transcript named [DQ459421] in transcript <-> gene map; returning transcript as it's own gene
[2021-05-23 11:26:08.354] [jointLog] [warning] couldn't find transcript named [DQ883654] in transcript <-> gene map; returning transcript as it's own gene
[2021-05-23 11:26:08.354] [jointLog] [warning] couldn't find transcript named [DQ668358] in transcript <-> gene map; returning transcript as it's own gene
[2021-05-23 11:26:08.354] [jointLog] [warning] couldn't find transcript named [DQ516754] in transcript <-> gene map; returning transcript as it's own gene
[2021-05-23 11:26:08.354] [jointLog] [warning] couldn't find transcript named [DQ516778] in transcript <-> gene map; returning transcript as it's own gene
[2021-05-23 11:26:08.354] [jointLog] [warning] couldn't find transcript named [DQ883650] in transcript <-> gene map; returning transcript as it's own gene
[2021-05-23 11:26:08.354] [jointLog] [warning] couldn't find transcript named [DQ516742] in transcript <-> gene map; returning transcript as it's own gene
[2021-05-23 11:26:08.354] [jointLog] [warning] couldn't find transcript named [DQ883673] in transcript <-> gene map; returning transcript as it's own gene
[2021-05-23 11:26:08.354] [jointLog] [warning] couldn't find transcript named [DQ883652] in transcript <-> gene map; returning transcript as it's own gene
[2021-05-23 11:26:08.354] [jointLog] [warning] couldn't find transcript named [DQ854991] in transcript <-> gene map; returning transcript as it's own gene
[2021-05-23 11:26:08.354] [jointLog] [warning] couldn't find transcript named [DQ516780] in transcript <-> gene map; returning transcript as it's own gene
[2021-05-23 11:26:08.354] [jointLog] [warning] couldn't find transcript named [DQ883682] in transcript <-> gene map; returning transcript as it's own gene
[2021-05-23 11:26:08.354] [jointLog] [warning] couldn't find transcript named [DQ883669] in transcript <-> gene map; returning transcript as it's own gene
[2021-05-23 11:26:08.354] [jointLog] [warning] couldn't find transcript named [DQ516791] in transcript <-> gene map; returning transcript as it's own gene
[2021-05-23 11:26:08.354] [jointLog] [warning] couldn't find transcript named [DQ459425] in transcript <-> gene map; returning transcript as it's own gene
[2021-05-23 11:26:08.354] [jointLog] [warning] couldn't find transcript named [DQ516759] in transcript <-> gene map; returning transcript as it's own gene
[2021-05-23 11:26:08.354] [jointLog] [warning] couldn't find transcript named [DQ459429] in transcript <-> gene map; returning transcript as it's own gene
[2021-05-23 11:26:08.354] [jointLog] [warning] couldn't find transcript named [DQ516758] in transcript <-> gene map; returning transcript as it's own gene
[2021-05-23 11:26:08.354] [jointLog] [warning] couldn't find transcript named [DQ459415] in transcript <-> gene map; returning transcript as it's own gene
[2021-05-23 11:26:08.354] [jointLog] [warning] couldn't find transcript named [DQ875387] in transcript <-> gene map; returning transcript as it's own gene
[2021-05-23 11:26:08.354] [jointLog] [warning] couldn't find transcript named [DQ516815] in transcript <-> gene map; returning transcript as it's own gene
[2021-05-23 11:26:08.354] [jointLog] [warning] couldn't find transcript named [DQ668365] in transcript <-> gene map; returning transcript as it's own gene
[2021-05-23 11:26:08.354] [jointLog] [warning] couldn't find transcript named [DQ854998] in transcript <-> gene map; returning transcript as it's own gene
[2021-05-23 11:26:08.354] [jointLog] [warning] couldn't find transcript named [DQ883685] in transcript <-> gene map; returning transcript as it's own gene
[2021-05-23 11:26:08.354] [jointLog] [warning] couldn't find transcript named [DQ459422] in transcript <-> gene map; returning transcript as it's own gene
[2021-05-23 11:26:08.354] [jointLog] [warning] couldn't find transcript named [DQ883663] in transcript <-> gene map; returning transcript as it's own gene
[2021-05-23 11:26:08.354] [jointLog] [warning] couldn't find transcript named [DQ668367] in transcript <-> gene map; returning transcript as it's own gene
[2021-05-23 11:26:08.354] [jointLog] [warning] couldn't find transcript named [DQ459412] in transcript <-> gene map; returning transcript as it's own gene
[2021-05-23 11:26:08.354] [jointLog] [warning] couldn't find transcript named [DQ854992] in transcript <-> gene map; returning transcript as it's own gene
[2021-05-23 11:26:08.354] [jointLog] [warning] couldn't find transcript named [DQ516782] in transcript <-> gene map; returning transcript as it's own gene
[2021-05-23 11:26:08.354] [jointLog] [warning] couldn't find transcript named [DQ459427] in transcript <-> gene map; returning transcript as it's own gene
[2021-05-23 11:26:08.354] [jointLog] [warning] couldn't find transcript named [EF011072] in transcript <-> gene map; returning transcript as it's own gene
[2021-05-23 11:26:08.354] [jointLog] [warning] couldn't find transcript named [DQ855003] in transcript <-> gene map; returning transcript as it's own gene
[2021-05-23 11:26:08.354] [jointLog] [warning] couldn't find transcript named [DQ516739] in transcript <-> gene map; returning transcript as it's own gene
[2021-05-23 11:26:08.354] [jointLog] [warning] couldn't find transcript named [EF011063] in transcript <-> gene map; returning transcript as it's own gene
[2021-05-23 11:26:08.354] [jointLog] [warning] couldn't find transcript named [DQ855000] in transcript <-> gene map; returning transcript as it's own gene
[2021-05-23 11:26:08.354] [jointLog] [warning] couldn't find transcript named [DQ516777] in transcript <-> gene map; returning transcript as it's own gene
[2021-05-23 11:26:08.354] [jointLog] [warning] couldn't find transcript named [DQ883646] in transcript <-> gene map; returning transcript as it's own gene
[2021-05-23 11:26:08.354] [jointLog] [warning] couldn't find transcript named [DQ668362] in transcript <-> gene map; returning transcript as it's own gene
[2021-05-23 11:26:08.354] [jointLog] [warning] couldn't find transcript named [DQ854995] in transcript <-> gene map; returning transcript as it's own gene
[2021-05-23 11:26:08.354] [jointLog] [warning] couldn't find transcript named [DQ875386] in transcript <-> gene map; returning transcript as it's own gene
[2021-05-23 11:26:08.354] [jointLog] [warning] couldn't find transcript named [DQ516790] in transcript <-> gene map; returning transcript as it's own gene
[2021-05-23 11:26:08.354] [jointLog] [warning] couldn't find transcript named [DQ883642] in transcript <-> gene map; returning transcript as it's own gene
[2021-05-23 11:26:08.354] [jointLog] [warning] couldn't find transcript named [DQ883659] in transcript <-> gene map; returning transcript as it's own gene
[2021-05-23 11:26:08.354] [jointLog] [warning] couldn't find transcript named [DQ854997] in transcript <-> gene map; returning transcript as it's own gene
[2021-05-23 11:26:08.354] [jointLog] [warning] couldn't find transcript named [DQ883643] in transcript <-> gene map; returning transcript as it's own gene
[2021-05-23 11:26:08.354] [jointLog] [warning] couldn't find transcript named [DQ839618] in transcript <-> gene map; returning transcript as it's own gene
[2021-05-23 11:26:08.354] [jointLog] [warning] couldn't find transcript named [DQ516795] in transcript <-> gene map; returning transcript as it's own gene
[2021-05-23 11:26:08.354] [jointLog] [warning] couldn't find transcript named [DQ883658] in transcript <-> gene map; returning transcript as it's own gene
[2021-05-23 11:26:08.354] [jointLog] [warning] couldn't find transcript named [DQ516750] in transcript <-> gene map; returning transcript as it's own gene
[2021-05-23 11:26:08.354] [jointLog] [warning] couldn't find transcript named [DQ668359] in transcript <-> gene map; returning transcript as it's own gene
[2021-05-23 11:26:08.354] [jointLog] [warning] couldn't find transcript named [DQ516779] in transcript <-> gene map; returning transcript as it's own gene
[2021-05-23 11:26:08.354] [jointLog] [warning] couldn't find transcript named [DQ668363] in transcript <-> gene map; returning transcript as it's own gene
[2021-05-23 11:26:08.354] [jointLog] [warning] couldn't find transcript named [DQ516776] in transcript <-> gene map; returning transcript as it's own gene
[2021-05-23 11:26:08.354] [jointLog] [warning] couldn't find transcript named [DQ516773] in transcript <-> gene map; returning transcript as it's own gene
[2021-05-23 11:26:08.354] [jointLog] [warning] couldn't find transcript named [DQ854994] in transcript <-> gene map; returning transcript as it's own gene
[2021-05-23 11:26:08.354] [jointLog] [info] Aggregating expressions to gene level
[2021-05-23 11:26:08.531] [jointLog] [info] done
