[2021-04-27 20:32:51.045] [jointLog] [info] setting maxHashResizeThreads to 6
[2021-04-27 20:32:51.045] [jointLog] [info] Fragment incompatibility prior below threshold.  Incompatible fragments will be ignored.
[2021-04-27 20:32:51.046] [jointLog] [info] numQuantThreads = 3
[2021-04-27 20:32:56.139] [fileLog] [info] quantification processed 0 fragments so far

[2021-04-27 20:32:55.880] [jointLog] [info] replaced 4 non-ACGT nucleotides with random nucleotides
[2021-04-27 20:32:59.050] [fileLog] [info] quantification processed 1000000 fragments so far

[2021-04-27 20:33:01.972] [fileLog] [info] quantification processed 2000000 fragments so far

[2021-04-27 20:33:03.478] [jointLog] [info] 

The alignment group queue pool has been exhausted.  3058073 extra fragments were allocated on the heap to saturate the pool.  No new fragments will be allocated


[2021-04-27 20:33:10.105] [fileLog] [info] quantification processed 3000000 fragments so far

[2021-04-27 20:33:23.762] [fileLog] [info] quantification processed 4000000 fragments so far

[2021-04-27 20:33:37.356] [fileLog] [info] quantification processed 5000000 fragments so far

[2021-04-27 20:33:50.919] [fileLog] [info] quantification processed 6000000 fragments so far

[2021-04-27 20:34:04.450] [fileLog] [info] quantification processed 7000000 fragments so far

[2021-04-27 20:34:07.420] [fileLog] [info] quantification processed 8000000 fragments so far

[2021-04-27 20:34:10.341] [fileLog] [info] quantification processed 9000000 fragments so far

[2021-04-27 20:34:13.216] [fileLog] [info] quantification processed 10000000 fragments so far

[2021-04-27 20:34:16.090] [fileLog] [info] quantification processed 11000000 fragments so far

[2021-04-27 20:34:18.987] [fileLog] [info] quantification processed 12000000 fragments so far

[2021-04-27 20:34:21.964] [fileLog] [info] quantification processed 13000000 fragments so far

[2021-04-27 20:34:24.898] [fileLog] [info] quantification processed 14000000 fragments so far

[2021-04-27 20:34:27.808] [fileLog] [info] quantification processed 15000000 fragments so far

[2021-04-27 20:34:30.689] [fileLog] [info] quantification processed 16000000 fragments so far

[2021-04-27 20:34:33.635] [fileLog] [info] quantification processed 17000000 fragments so far

[2021-04-27 20:34:36.543] [fileLog] [info] quantification processed 18000000 fragments so far

[2021-04-27 20:34:39.442] [fileLog] [info] quantification processed 19000000 fragments so far

[2021-04-27 20:34:42.332] [fileLog] [info] quantification processed 20000000 fragments so far

[2021-04-27 20:34:45.194] [fileLog] [info] quantification processed 21000000 fragments so far

[2021-04-27 20:34:48.132] [fileLog] [info] quantification processed 22000000 fragments so far

[2021-04-27 20:34:51.122] [fileLog] [info] quantification processed 23000000 fragments so far

[2021-04-27 20:34:54.073] [fileLog] [info] quantification processed 24000000 fragments so far

[2021-04-27 20:34:57.060] [fileLog] [info] quantification processed 25000000 fragments so far

[2021-04-27 20:34:59.953] [fileLog] [info] quantification processed 26000000 fragments so far

[2021-04-27 20:35:02.898] [fileLog] [info] quantification processed 27000000 fragments so far

[2021-04-27 20:35:05.816] [fileLog] [info] quantification processed 28000000 fragments so far

[2021-04-27 20:35:08.730] [fileLog] [info] quantification processed 29000000 fragments so far

[2021-04-27 20:35:11.612] [fileLog] [info] quantification processed 30000000 fragments so far

[2021-04-27 20:35:14.558] [fileLog] [info] quantification processed 31000000 fragments so far

[2021-04-27 20:35:17.467] [fileLog] [info] quantification processed 32000000 fragments so far

[2021-04-27 20:35:20.402] [fileLog] [info] quantification processed 33000000 fragments so far

[2021-04-27 20:35:23.333] [fileLog] [info] quantification processed 34000000 fragments so far

[2021-04-27 20:35:26.186] [fileLog] [info] quantification processed 35000000 fragments so far

[2021-04-27 20:35:28.193] [fileLog] [info] quantification processed 35639622 fragments so far

[2021-04-27 20:35:33.433] [jointLog] [info] Thread saw mini-batch with a maximum of 2.30% zero probability fragments
[2021-04-27 20:35:33.437] [jointLog] [info] Thread saw mini-batch with a maximum of 2.80% zero probability fragments
[2021-04-27 20:35:33.439] [jointLog] [info] Thread saw mini-batch with a maximum of 2.90% zero probability fragments
[2021-04-27 20:35:33.440] [jointLog] [info] 


Completed first pass through the alignment file.
Total # of mapped reads : 35639622
# of uniquely mapped reads : 13694856
# ambiguously mapped reads : 21944766



[2021-04-27 20:35:33.573] [jointLog] [info] Computed 229149 rich equivalence classes for further processing
[2021-04-27 20:35:33.573] [jointLog] [info] Counted 35482005 total reads in the equivalence classes 
[2021-04-27 20:35:33.575] [jointLog] [info] starting optimizer
[2021-04-27 20:35:33.669] [jointLog] [info] Marked 0 weighted equivalence classes as degenerate
[2021-04-27 20:35:33.687] [jointLog] [info] iteration = 0 | max rel diff. = 6809.75
[2021-04-27 20:35:35.094] [jointLog] [info] iteration = 100 | max rel diff. = 17.1852
[2021-04-27 20:35:36.457] [jointLog] [info] iteration = 200 | max rel diff. = 6.93594
[2021-04-27 20:35:37.833] [jointLog] [info] iteration = 300 | max rel diff. = 12.482
[2021-04-27 20:35:39.199] [jointLog] [info] iteration = 400 | max rel diff. = 0.255235
[2021-04-27 20:35:40.612] [jointLog] [info] iteration = 500 | max rel diff. = 1.80853
[2021-04-27 20:35:41.984] [jointLog] [info] iteration = 600 | max rel diff. = 1.82339
[2021-04-27 20:35:43.359] [jointLog] [info] iteration = 700 | max rel diff. = 0.0513561
[2021-04-27 20:35:44.727] [jointLog] [info] iteration = 800 | max rel diff. = 2.80662
[2021-04-27 20:35:46.092] [jointLog] [info] iteration = 900 | max rel diff. = 0.113319
[2021-04-27 20:35:47.460] [jointLog] [info] iteration = 1000 | max rel diff. = 0.043265
[2021-04-27 20:35:48.837] [jointLog] [info] iteration = 1100 | max rel diff. = 0.174653
[2021-04-27 20:35:49.151] [jointLog] [info] iteration = 1124 | max rel diff. = 0.00666369
[2021-04-27 20:35:49.177] [jointLog] [info] finished optimizer
[2021-04-27 20:35:49.177] [jointLog] [info] writing output
[2021-04-27 20:35:50.977] [jointLog] [info] Computing gene-level abundance estimates
[2021-04-27 20:36:18.439] [jointLog] [warning] Feature has no GFF ID
[2021-04-27 20:36:18.439] [jointLog] [warning] Feature has no GFF ID
[2021-04-27 20:36:18.439] [jointLog] [warning] Feature has no GFF ID
[2021-04-27 20:36:18.439] [jointLog] [warning] Feature has no GFF ID
[2021-04-27 20:36:18.439] [jointLog] [warning] Feature has no GFF ID
[2021-04-27 20:36:18.439] [jointLog] [warning] Feature has no GFF ID
[2021-04-27 20:36:18.439] [jointLog] [warning] Feature has no GFF ID
[2021-04-27 20:36:18.439] [jointLog] [warning] Feature has no GFF ID
[2021-04-27 20:36:18.439] [jointLog] [warning] Feature has no GFF ID
[2021-04-27 20:36:18.439] [jointLog] [warning] Feature has no GFF ID
[2021-04-27 20:36:18.439] [jointLog] [warning] Feature has no GFF ID
[2021-04-27 20:36:18.439] [jointLog] [warning] Feature has no GFF ID
[2021-04-27 20:36:18.439] [jointLog] [warning] Feature has no GFF ID
[2021-04-27 20:36:18.439] [jointLog] [warning] Feature has no GFF ID
[2021-04-27 20:36:18.439] [jointLog] [warning] Feature has no GFF ID
[2021-04-27 20:36:18.439] [jointLog] [warning] Feature has no GFF ID
[2021-04-27 20:36:18.439] [jointLog] [warning] Feature has no GFF ID
[2021-04-27 20:36:18.439] [jointLog] [warning] Feature has no GFF ID
[2021-04-27 20:36:18.439] [jointLog] [warning] Feature has no GFF ID
[2021-04-27 20:36:18.439] [jointLog] [warning] Feature has no GFF ID
[2021-04-27 20:36:18.439] [jointLog] [warning] Feature has no GFF ID
[2021-04-27 20:36:18.439] [jointLog] [warning] Feature has no GFF ID
[2021-04-27 20:36:18.439] [jointLog] [warning] Feature has no GFF ID
[2021-04-27 20:36:18.439] [jointLog] [warning] Feature has no GFF ID
[2021-04-27 20:36:18.439] [jointLog] [warning] Feature has no GFF ID
[2021-04-27 20:36:18.439] [jointLog] [warning] Feature has no GFF ID
[2021-04-27 20:36:18.439] [jointLog] [warning] Feature has no GFF ID
[2021-04-27 20:36:18.439] [jointLog] [warning] Feature has no GFF ID
[2021-04-27 20:36:18.439] [jointLog] [warning] Feature has no GFF ID
[2021-04-27 20:36:18.439] [jointLog] [warning] Feature has no GFF ID
[2021-04-27 20:36:18.439] [jointLog] [warning] Feature has no GFF ID
[2021-04-27 20:36:18.439] [jointLog] [warning] Feature has no GFF ID
[2021-04-27 20:36:18.439] [jointLog] [warning] Feature has no GFF ID
[2021-04-27 20:36:18.439] [jointLog] [warning] Feature has no GFF ID
[2021-04-27 20:36:18.439] [jointLog] [warning] Feature has no GFF ID
[2021-04-27 20:36:18.439] [jointLog] [warning] Feature has no GFF ID
[2021-04-27 20:36:18.439] [jointLog] [warning] Feature has no GFF ID
[2021-04-27 20:36:18.439] [jointLog] [warning] Feature has no GFF ID
[2021-04-27 20:36:18.439] [jointLog] [warning] Feature has no GFF ID
[2021-04-27 20:36:18.439] [jointLog] [warning] Feature has no GFF ID
[2021-04-27 20:36:18.439] [jointLog] [warning] Feature has no GFF ID
[2021-04-27 20:36:18.439] [jointLog] [warning] Feature has no GFF ID
[2021-04-27 20:36:18.439] [jointLog] [warning] Feature has no GFF ID
[2021-04-27 20:36:18.439] [jointLog] [warning] Feature has no GFF ID
[2021-04-27 20:36:18.439] [jointLog] [warning] Feature has no GFF ID
[2021-04-27 20:36:18.439] [jointLog] [warning] Feature has no GFF ID
[2021-04-27 20:36:18.439] [jointLog] [warning] Feature has no GFF ID
[2021-04-27 20:36:18.439] [jointLog] [warning] Feature has no GFF ID
[2021-04-27 20:36:18.439] [jointLog] [warning] Feature has no GFF ID
[2021-04-27 20:36:18.439] [jointLog] [warning] Feature has no GFF ID
[2021-04-27 20:36:18.439] [jointLog] [warning] Feature has no GFF ID
[2021-04-27 20:36:18.439] [jointLog] [warning] Feature has no GFF ID
[2021-04-27 20:36:18.439] [jointLog] [warning] Feature has no GFF ID
[2021-04-27 20:36:18.439] [jointLog] [warning] Feature has no GFF ID
[2021-04-27 20:36:18.439] [jointLog] [warning] Feature has no GFF ID
[2021-04-27 20:36:18.439] [jointLog] [warning] Feature has no GFF ID
[2021-04-27 20:36:18.439] [jointLog] [warning] Feature has no GFF ID
[2021-04-27 20:36:18.439] [jointLog] [warning] Feature has no GFF ID
[2021-04-27 20:36:18.439] [jointLog] [warning] Feature has no GFF ID
[2021-04-27 20:36:18.439] [jointLog] [warning] Feature has no GFF ID
[2021-04-27 20:36:18.439] [jointLog] [warning] Feature has no GFF ID
[2021-04-27 20:36:18.439] [jointLog] [warning] Feature has no GFF ID
[2021-04-27 20:36:18.439] [jointLog] [warning] Feature has no GFF ID
[2021-04-27 20:36:18.439] [jointLog] [warning] Feature has no GFF ID
[2021-04-27 20:36:18.439] [jointLog] [warning] Feature has no GFF ID
[2021-04-27 20:36:18.439] [jointLog] [warning] Feature has no GFF ID
[2021-04-27 20:36:18.439] [jointLog] [warning] Feature has no GFF ID
[2021-04-27 20:36:18.439] [jointLog] [warning] Feature has no GFF ID
[2021-04-27 20:36:18.439] [jointLog] [warning] Feature has no GFF ID
[2021-04-27 20:36:18.439] [jointLog] [warning] Feature has no GFF ID
[2021-04-27 20:36:18.439] [jointLog] [warning] Feature has no GFF ID
[2021-04-27 20:36:18.439] [jointLog] [warning] Feature has no GFF ID
[2021-04-27 20:36:18.439] [jointLog] [warning] Feature has no GFF ID
[2021-04-27 20:36:18.439] [jointLog] [warning] Feature has no GFF ID
[2021-04-27 20:36:18.439] [jointLog] [warning] Feature has no GFF ID
[2021-04-27 20:36:18.439] [jointLog] [warning] Feature has no GFF ID
[2021-04-27 20:36:18.439] [jointLog] [warning] Feature has no GFF ID
[2021-04-27 20:36:18.439] [jointLog] [warning] Feature has no GFF ID
[2021-04-27 20:36:18.439] [jointLog] [warning] Feature has no GFF ID
[2021-04-27 20:36:18.439] [jointLog] [warning] Feature has no GFF ID
[2021-04-27 20:36:18.439] [jointLog] [warning] Feature has no GFF ID
[2021-04-27 20:36:18.439] [jointLog] [warning] Feature has no GFF ID
[2021-04-27 20:36:18.439] [jointLog] [warning] Feature has no GFF ID
[2021-04-27 20:36:18.439] [jointLog] [warning] Feature has no GFF ID
[2021-04-27 20:36:18.439] [jointLog] [warning] Feature has no GFF ID
[2021-04-27 20:36:18.439] [jointLog] [warning] Feature has no GFF ID
[2021-04-27 20:36:18.439] [jointLog] [warning] Feature has no GFF ID
[2021-04-27 20:36:18.439] [jointLog] [warning] Feature has no GFF ID
[2021-04-27 20:36:18.439] [jointLog] [warning] Feature has no GFF ID
[2021-04-27 20:36:18.439] [jointLog] [warning] Feature has no GFF ID
[2021-04-27 20:36:18.439] [jointLog] [warning] Feature has no GFF ID
[2021-04-27 20:36:18.439] [jointLog] [warning] Feature has no GFF ID
[2021-04-27 20:36:18.737] [jointLog] [info] There were 142604 transcripts mapping to 55401 genes
[2021-04-27 20:36:18.737] [jointLog] [info] NOTE: We recommend using tximport (https://bioconductor.org/packages/release/bioc/html/tximport.html) for aggregating transcript-level salmon abundance estimates to the gene level.  It is more versatile, exposes more features, and allows considering multi-sample information during aggregation.
[2021-04-27 20:36:19.016] [jointLog] [warning] couldn't find transcript named [DQ459430] in transcript <-> gene map; returning transcript as it's own gene
[2021-04-27 20:36:19.016] [jointLog] [warning] couldn't find transcript named [DQ516784] in transcript <-> gene map; returning transcript as it's own gene
[2021-04-27 20:36:19.016] [jointLog] [warning] couldn't find transcript named [DQ516752] in transcript <-> gene map; returning transcript as it's own gene
[2021-04-27 20:36:19.016] [jointLog] [warning] couldn't find transcript named [DQ668364] in transcript <-> gene map; returning transcript as it's own gene
[2021-04-27 20:36:19.016] [jointLog] [warning] couldn't find transcript named [DQ883670] in transcript <-> gene map; returning transcript as it's own gene
[2021-04-27 20:36:19.016] [jointLog] [warning] couldn't find transcript named [EF011062] in transcript <-> gene map; returning transcript as it's own gene
[2021-04-27 20:36:19.016] [jointLog] [warning] couldn't find transcript named [DQ875385] in transcript <-> gene map; returning transcript as it's own gene
[2021-04-27 20:36:19.016] [jointLog] [warning] couldn't find transcript named [DQ883664] in transcript <-> gene map; returning transcript as it's own gene
[2021-04-27 20:36:19.016] [jointLog] [warning] couldn't find transcript named [DQ459420] in transcript <-> gene map; returning transcript as it's own gene
[2021-04-27 20:36:19.016] [jointLog] [warning] couldn't find transcript named [DQ883651] in transcript <-> gene map; returning transcript as it's own gene
[2021-04-27 20:36:19.016] [jointLog] [warning] couldn't find transcript named [DQ855004] in transcript <-> gene map; returning transcript as it's own gene
[2021-04-27 20:36:19.016] [jointLog] [warning] couldn't find transcript named [DQ854993] in transcript <-> gene map; returning transcript as it's own gene
[2021-04-27 20:36:19.016] [jointLog] [warning] couldn't find transcript named [DQ883689] in transcript <-> gene map; returning transcript as it's own gene
[2021-04-27 20:36:19.016] [jointLog] [warning] couldn't find transcript named [DQ459419] in transcript <-> gene map; returning transcript as it's own gene
[2021-04-27 20:36:19.016] [jointLog] [warning] couldn't find transcript named [DQ459431] in transcript <-> gene map; returning transcript as it's own gene
[2021-04-27 20:36:19.016] [jointLog] [warning] couldn't find transcript named [DQ516796] in transcript <-> gene map; returning transcript as it's own gene
[2021-04-27 20:36:19.016] [jointLog] [warning] couldn't find transcript named [DQ855001] in transcript <-> gene map; returning transcript as it's own gene
[2021-04-27 20:36:19.016] [jointLog] [warning] couldn't find transcript named [DQ459413] in transcript <-> gene map; returning transcript as it's own gene
[2021-04-27 20:36:19.016] [jointLog] [warning] couldn't find transcript named [DQ883656] in transcript <-> gene map; returning transcript as it's own gene
[2021-04-27 20:36:19.016] [jointLog] [warning] couldn't find transcript named [DQ883661] in transcript <-> gene map; returning transcript as it's own gene
[2021-04-27 20:36:19.016] [jointLog] [warning] couldn't find transcript named [EF011069] in transcript <-> gene map; returning transcript as it's own gene
[2021-04-27 20:36:19.016] [jointLog] [warning] couldn't find transcript named [DQ516783] in transcript <-> gene map; returning transcript as it's own gene
[2021-04-27 20:36:19.016] [jointLog] [warning] couldn't find transcript named [DQ516787] in transcript <-> gene map; returning transcript as it's own gene
[2021-04-27 20:36:19.016] [jointLog] [warning] couldn't find transcript named [DQ459424] in transcript <-> gene map; returning transcript as it's own gene
[2021-04-27 20:36:19.016] [jointLog] [warning] couldn't find transcript named [DQ516748] in transcript <-> gene map; returning transcript as it's own gene
[2021-04-27 20:36:19.016] [jointLog] [warning] couldn't find transcript named [DQ883671] in transcript <-> gene map; returning transcript as it's own gene
[2021-04-27 20:36:19.016] [jointLog] [warning] couldn't find transcript named [DQ516740] in transcript <-> gene map; returning transcript as it's own gene
[2021-04-27 20:36:19.016] [jointLog] [warning] couldn't find transcript named [DQ516785] in transcript <-> gene map; returning transcript as it's own gene
[2021-04-27 20:36:19.016] [jointLog] [warning] couldn't find transcript named [DQ516731] in transcript <-> gene map; returning transcript as it's own gene
[2021-04-27 20:36:19.016] [jointLog] [warning] couldn't find transcript named [DQ668366] in transcript <-> gene map; returning transcript as it's own gene
[2021-04-27 20:36:19.016] [jointLog] [warning] couldn't find transcript named [DQ459418] in transcript <-> gene map; returning transcript as it's own gene
[2021-04-27 20:36:19.016] [jointLog] [warning] couldn't find transcript named [DQ668356] in transcript <-> gene map; returning transcript as it's own gene
[2021-04-27 20:36:19.016] [jointLog] [warning] couldn't find transcript named [DQ516763] in transcript <-> gene map; returning transcript as it's own gene
[2021-04-27 20:36:19.016] [jointLog] [warning] couldn't find transcript named [DQ459426] in transcript <-> gene map; returning transcript as it's own gene
[2021-04-27 20:36:19.017] [jointLog] [warning] couldn't find transcript named [DQ516786] in transcript <-> gene map; returning transcript as it's own gene
[2021-04-27 20:36:19.017] [jointLog] [warning] couldn't find transcript named [DQ883653] in transcript <-> gene map; returning transcript as it's own gene
[2021-04-27 20:36:19.017] [jointLog] [warning] couldn't find transcript named [DQ459421] in transcript <-> gene map; returning transcript as it's own gene
[2021-04-27 20:36:19.017] [jointLog] [warning] couldn't find transcript named [DQ883654] in transcript <-> gene map; returning transcript as it's own gene
[2021-04-27 20:36:19.017] [jointLog] [warning] couldn't find transcript named [DQ668358] in transcript <-> gene map; returning transcript as it's own gene
[2021-04-27 20:36:19.017] [jointLog] [warning] couldn't find transcript named [DQ516754] in transcript <-> gene map; returning transcript as it's own gene
[2021-04-27 20:36:19.017] [jointLog] [warning] couldn't find transcript named [DQ516778] in transcript <-> gene map; returning transcript as it's own gene
[2021-04-27 20:36:19.017] [jointLog] [warning] couldn't find transcript named [DQ883650] in transcript <-> gene map; returning transcript as it's own gene
[2021-04-27 20:36:19.017] [jointLog] [warning] couldn't find transcript named [DQ516742] in transcript <-> gene map; returning transcript as it's own gene
[2021-04-27 20:36:19.017] [jointLog] [warning] couldn't find transcript named [DQ883673] in transcript <-> gene map; returning transcript as it's own gene
[2021-04-27 20:36:19.017] [jointLog] [warning] couldn't find transcript named [DQ883652] in transcript <-> gene map; returning transcript as it's own gene
[2021-04-27 20:36:19.017] [jointLog] [warning] couldn't find transcript named [DQ854991] in transcript <-> gene map; returning transcript as it's own gene
[2021-04-27 20:36:19.017] [jointLog] [warning] couldn't find transcript named [DQ516780] in transcript <-> gene map; returning transcript as it's own gene
[2021-04-27 20:36:19.017] [jointLog] [warning] couldn't find transcript named [DQ883682] in transcript <-> gene map; returning transcript as it's own gene
[2021-04-27 20:36:19.017] [jointLog] [warning] couldn't find transcript named [DQ883669] in transcript <-> gene map; returning transcript as it's own gene
[2021-04-27 20:36:19.017] [jointLog] [warning] couldn't find transcript named [DQ516791] in transcript <-> gene map; returning transcript as it's own gene
[2021-04-27 20:36:19.017] [jointLog] [warning] couldn't find transcript named [DQ459425] in transcript <-> gene map; returning transcript as it's own gene
[2021-04-27 20:36:19.017] [jointLog] [warning] couldn't find transcript named [DQ516759] in transcript <-> gene map; returning transcript as it's own gene
[2021-04-27 20:36:19.017] [jointLog] [warning] couldn't find transcript named [DQ459429] in transcript <-> gene map; returning transcript as it's own gene
[2021-04-27 20:36:19.017] [jointLog] [warning] couldn't find transcript named [DQ516758] in transcript <-> gene map; returning transcript as it's own gene
[2021-04-27 20:36:19.017] [jointLog] [warning] couldn't find transcript named [DQ459415] in transcript <-> gene map; returning transcript as it's own gene
[2021-04-27 20:36:19.017] [jointLog] [warning] couldn't find transcript named [DQ875387] in transcript <-> gene map; returning transcript as it's own gene
[2021-04-27 20:36:19.017] [jointLog] [warning] couldn't find transcript named [DQ516815] in transcript <-> gene map; returning transcript as it's own gene
[2021-04-27 20:36:19.017] [jointLog] [warning] couldn't find transcript named [DQ668365] in transcript <-> gene map; returning transcript as it's own gene
[2021-04-27 20:36:19.017] [jointLog] [warning] couldn't find transcript named [DQ854998] in transcript <-> gene map; returning transcript as it's own gene
[2021-04-27 20:36:19.017] [jointLog] [warning] couldn't find transcript named [DQ883685] in transcript <-> gene map; returning transcript as it's own gene
[2021-04-27 20:36:19.017] [jointLog] [warning] couldn't find transcript named [DQ459422] in transcript <-> gene map; returning transcript as it's own gene
[2021-04-27 20:36:19.017] [jointLog] [warning] couldn't find transcript named [DQ883663] in transcript <-> gene map; returning transcript as it's own gene
[2021-04-27 20:36:19.017] [jointLog] [warning] couldn't find transcript named [DQ668367] in transcript <-> gene map; returning transcript as it's own gene
[2021-04-27 20:36:19.017] [jointLog] [warning] couldn't find transcript named [DQ459412] in transcript <-> gene map; returning transcript as it's own gene
[2021-04-27 20:36:19.017] [jointLog] [warning] couldn't find transcript named [DQ854992] in transcript <-> gene map; returning transcript as it's own gene
[2021-04-27 20:36:19.017] [jointLog] [warning] couldn't find transcript named [DQ516782] in transcript <-> gene map; returning transcript as it's own gene
[2021-04-27 20:36:19.017] [jointLog] [warning] couldn't find transcript named [DQ459427] in transcript <-> gene map; returning transcript as it's own gene
[2021-04-27 20:36:19.017] [jointLog] [warning] couldn't find transcript named [EF011072] in transcript <-> gene map; returning transcript as it's own gene
[2021-04-27 20:36:19.017] [jointLog] [warning] couldn't find transcript named [DQ855003] in transcript <-> gene map; returning transcript as it's own gene
[2021-04-27 20:36:19.017] [jointLog] [warning] couldn't find transcript named [DQ516739] in transcript <-> gene map; returning transcript as it's own gene
[2021-04-27 20:36:19.017] [jointLog] [warning] couldn't find transcript named [EF011063] in transcript <-> gene map; returning transcript as it's own gene
[2021-04-27 20:36:19.017] [jointLog] [warning] couldn't find transcript named [DQ855000] in transcript <-> gene map; returning transcript as it's own gene
[2021-04-27 20:36:19.017] [jointLog] [warning] couldn't find transcript named [DQ516777] in transcript <-> gene map; returning transcript as it's own gene
[2021-04-27 20:36:19.017] [jointLog] [warning] couldn't find transcript named [DQ883646] in transcript <-> gene map; returning transcript as it's own gene
[2021-04-27 20:36:19.017] [jointLog] [warning] couldn't find transcript named [DQ668362] in transcript <-> gene map; returning transcript as it's own gene
[2021-04-27 20:36:19.017] [jointLog] [warning] couldn't find transcript named [DQ854995] in transcript <-> gene map; returning transcript as it's own gene
[2021-04-27 20:36:19.017] [jointLog] [warning] couldn't find transcript named [DQ875386] in transcript <-> gene map; returning transcript as it's own gene
[2021-04-27 20:36:19.017] [jointLog] [warning] couldn't find transcript named [DQ516790] in transcript <-> gene map; returning transcript as it's own gene
[2021-04-27 20:36:19.017] [jointLog] [warning] couldn't find transcript named [DQ883642] in transcript <-> gene map; returning transcript as it's own gene
[2021-04-27 20:36:19.017] [jointLog] [warning] couldn't find transcript named [DQ883659] in transcript <-> gene map; returning transcript as it's own gene
[2021-04-27 20:36:19.017] [jointLog] [warning] couldn't find transcript named [DQ854997] in transcript <-> gene map; returning transcript as it's own gene
[2021-04-27 20:36:19.017] [jointLog] [warning] couldn't find transcript named [DQ883643] in transcript <-> gene map; returning transcript as it's own gene
[2021-04-27 20:36:19.017] [jointLog] [warning] couldn't find transcript named [DQ839618] in transcript <-> gene map; returning transcript as it's own gene
[2021-04-27 20:36:19.017] [jointLog] [warning] couldn't find transcript named [DQ516795] in transcript <-> gene map; returning transcript as it's own gene
[2021-04-27 20:36:19.017] [jointLog] [warning] couldn't find transcript named [DQ883658] in transcript <-> gene map; returning transcript as it's own gene
[2021-04-27 20:36:19.017] [jointLog] [warning] couldn't find transcript named [DQ516750] in transcript <-> gene map; returning transcript as it's own gene
[2021-04-27 20:36:19.017] [jointLog] [warning] couldn't find transcript named [DQ668359] in transcript <-> gene map; returning transcript as it's own gene
[2021-04-27 20:36:19.017] [jointLog] [warning] couldn't find transcript named [DQ516779] in transcript <-> gene map; returning transcript as it's own gene
[2021-04-27 20:36:19.017] [jointLog] [warning] couldn't find transcript named [DQ668363] in transcript <-> gene map; returning transcript as it's own gene
[2021-04-27 20:36:19.017] [jointLog] [warning] couldn't find transcript named [DQ516776] in transcript <-> gene map; returning transcript as it's own gene
[2021-04-27 20:36:19.017] [jointLog] [warning] couldn't find transcript named [DQ516773] in transcript <-> gene map; returning transcript as it's own gene
[2021-04-27 20:36:19.017] [jointLog] [warning] couldn't find transcript named [DQ854994] in transcript <-> gene map; returning transcript as it's own gene
[2021-04-27 20:36:19.017] [jointLog] [info] Aggregating expressions to gene level
[2021-04-27 20:36:19.172] [jointLog] [info] done
