[2021-05-21 18:24:33.777] [jointLog] [info] setting maxHashResizeThreads to 6
[2021-05-21 18:24:33.777] [jointLog] [info] Fragment incompatibility prior below threshold.  Incompatible fragments will be ignored.
[2021-05-21 18:24:33.779] [jointLog] [info] numQuantThreads = 3
[2021-05-21 18:24:37.997] [jointLog] [info] replaced 4 non-ACGT nucleotides with random nucleotides
[2021-05-21 18:24:38.254] [fileLog] [info] quantification processed 0 fragments so far

[2021-05-21 18:24:41.447] [fileLog] [info] quantification processed 1000000 fragments so far

[2021-05-21 18:24:44.318] [fileLog] [info] quantification processed 2000000 fragments so far

[2021-05-21 18:24:45.366] [jointLog] [info] 

The alignment group queue pool has been exhausted.  3013927 extra fragments were allocated on the heap to saturate the pool.  No new fragments will be allocated


[2021-05-21 18:24:58.486] [fileLog] [info] quantification processed 3000000 fragments so far

[2021-05-21 18:25:18.515] [fileLog] [info] quantification processed 4000000 fragments so far

[2021-05-21 18:25:38.113] [fileLog] [info] quantification processed 5000000 fragments so far

[2021-05-21 18:25:57.684] [fileLog] [info] quantification processed 6000000 fragments so far

[2021-05-21 18:26:17.547] [fileLog] [info] quantification processed 7000000 fragments so far

[2021-05-21 18:26:21.115] [fileLog] [info] quantification processed 8000000 fragments so far

[2021-05-21 18:26:24.552] [fileLog] [info] quantification processed 9000000 fragments so far

[2021-05-21 18:26:27.845] [fileLog] [info] quantification processed 10000000 fragments so far

[2021-05-21 18:26:31.188] [fileLog] [info] quantification processed 11000000 fragments so far

[2021-05-21 18:26:34.485] [fileLog] [info] quantification processed 12000000 fragments so far

[2021-05-21 18:26:38.187] [fileLog] [info] quantification processed 13000000 fragments so far

[2021-05-21 18:26:42.347] [fileLog] [info] quantification processed 14000000 fragments so far

[2021-05-21 18:26:46.213] [fileLog] [info] quantification processed 15000000 fragments so far

[2021-05-21 18:26:49.807] [fileLog] [info] quantification processed 16000000 fragments so far

[2021-05-21 18:26:53.690] [fileLog] [info] quantification processed 17000000 fragments so far

[2021-05-21 18:26:56.843] [fileLog] [info] quantification processed 18000000 fragments so far

[2021-05-21 18:27:00.172] [fileLog] [info] quantification processed 19000000 fragments so far

[2021-05-21 18:27:03.505] [fileLog] [info] quantification processed 20000000 fragments so far

[2021-05-21 18:27:06.823] [fileLog] [info] quantification processed 21000000 fragments so far

[2021-05-21 18:27:10.942] [fileLog] [info] quantification processed 22000000 fragments so far

[2021-05-21 18:27:15.640] [fileLog] [info] quantification processed 23000000 fragments so far

[2021-05-21 18:27:20.240] [fileLog] [info] quantification processed 24000000 fragments so far

[2021-05-21 18:27:23.656] [fileLog] [info] quantification processed 25000000 fragments so far

[2021-05-21 18:27:27.006] [fileLog] [info] quantification processed 26000000 fragments so far

[2021-05-21 18:27:30.317] [fileLog] [info] quantification processed 27000000 fragments so far

[2021-05-21 18:27:33.570] [fileLog] [info] quantification processed 28000000 fragments so far

[2021-05-21 18:27:36.894] [fileLog] [info] quantification processed 29000000 fragments so far

[2021-05-21 18:27:41.566] [fileLog] [info] quantification processed 30000000 fragments so far

[2021-05-21 18:27:46.576] [fileLog] [info] quantification processed 31000000 fragments so far

[2021-05-21 18:27:50.519] [fileLog] [info] quantification processed 32000000 fragments so far

[2021-05-21 18:27:54.010] [fileLog] [info] quantification processed 33000000 fragments so far

[2021-05-21 18:27:56.946] [fileLog] [info] quantification processed 33921261 fragments so far

[2021-05-21 18:28:02.771] [jointLog] [info] Thread saw mini-batch with a maximum of 2.90% zero probability fragments
[2021-05-21 18:28:02.771] [jointLog] [info] Thread saw mini-batch with a maximum of 3.10% zero probability fragments
[2021-05-21 18:28:02.772] [jointLog] [info] Thread saw mini-batch with a maximum of 2.10% zero probability fragments
[2021-05-21 18:28:02.774] [jointLog] [info] 


Completed first pass through the alignment file.
Total # of mapped reads : 33921261
# of uniquely mapped reads : 13188241
# ambiguously mapped reads : 20733020



[2021-05-21 18:28:02.941] [jointLog] [info] Computed 228072 rich equivalence classes for further processing
[2021-05-21 18:28:02.941] [jointLog] [info] Counted 33687931 total reads in the equivalence classes 
[2021-05-21 18:28:02.943] [jointLog] [info] starting optimizer
[2021-05-21 18:28:03.048] [jointLog] [info] Marked 0 weighted equivalence classes as degenerate
[2021-05-21 18:28:03.069] [jointLog] [info] iteration = 0 | max rel diff. = 7440.19
[2021-05-21 18:28:04.644] [jointLog] [info] iteration = 100 | max rel diff. = 7.79146
[2021-05-21 18:28:06.176] [jointLog] [info] iteration = 200 | max rel diff. = 6.6544
[2021-05-21 18:28:07.775] [jointLog] [info] iteration = 300 | max rel diff. = 0.74741
[2021-05-21 18:28:09.596] [jointLog] [info] iteration = 400 | max rel diff. = 17.9041
[2021-05-21 18:28:11.472] [jointLog] [info] iteration = 500 | max rel diff. = 4.20397
[2021-05-21 18:28:13.389] [jointLog] [info] iteration = 600 | max rel diff. = 0.350332
[2021-05-21 18:28:15.233] [jointLog] [info] iteration = 700 | max rel diff. = 0.136779
[2021-05-21 18:28:16.887] [jointLog] [info] iteration = 800 | max rel diff. = 2.82691
[2021-05-21 18:28:18.530] [jointLog] [info] iteration = 900 | max rel diff. = 0.205932
[2021-05-21 18:28:20.231] [jointLog] [info] iteration = 1000 | max rel diff. = 0.0303779
[2021-05-21 18:28:21.870] [jointLog] [info] iteration = 1100 | max rel diff. = 0.12916
[2021-05-21 18:28:23.502] [jointLog] [info] iteration = 1200 | max rel diff. = 2.72799
[2021-05-21 18:28:25.113] [jointLog] [info] iteration = 1300 | max rel diff. = 0.114729
[2021-05-21 18:28:26.702] [jointLog] [info] iteration = 1400 | max rel diff. = 0.0961773
[2021-05-21 18:28:28.238] [jointLog] [info] iteration = 1500 | max rel diff. = 0.135759
[2021-05-21 18:28:29.800] [jointLog] [info] iteration = 1600 | max rel diff. = 0.268356
[2021-05-21 18:28:31.350] [jointLog] [info] iteration = 1700 | max rel diff. = 0.374734
[2021-05-21 18:28:32.905] [jointLog] [info] iteration = 1800 | max rel diff. = 0.106553
[2021-05-21 18:28:33.258] [jointLog] [info] iteration = 1824 | max rel diff. = 0.00865282
[2021-05-21 18:28:33.289] [jointLog] [info] finished optimizer
[2021-05-21 18:28:33.289] [jointLog] [info] writing output
[2021-05-21 18:28:34.985] [jointLog] [info] Computing gene-level abundance estimates
[2021-05-21 18:29:02.569] [jointLog] [warning] Feature has no GFF ID
[2021-05-21 18:29:02.569] [jointLog] [warning] Feature has no GFF ID
[2021-05-21 18:29:02.569] [jointLog] [warning] Feature has no GFF ID
[2021-05-21 18:29:02.569] [jointLog] [warning] Feature has no GFF ID
[2021-05-21 18:29:02.569] [jointLog] [warning] Feature has no GFF ID
[2021-05-21 18:29:02.569] [jointLog] [warning] Feature has no GFF ID
[2021-05-21 18:29:02.569] [jointLog] [warning] Feature has no GFF ID
[2021-05-21 18:29:02.569] [jointLog] [warning] Feature has no GFF ID
[2021-05-21 18:29:02.569] [jointLog] [warning] Feature has no GFF ID
[2021-05-21 18:29:02.569] [jointLog] [warning] Feature has no GFF ID
[2021-05-21 18:29:02.569] [jointLog] [warning] Feature has no GFF ID
[2021-05-21 18:29:02.569] [jointLog] [warning] Feature has no GFF ID
[2021-05-21 18:29:02.569] [jointLog] [warning] Feature has no GFF ID
[2021-05-21 18:29:02.569] [jointLog] [warning] Feature has no GFF ID
[2021-05-21 18:29:02.569] [jointLog] [warning] Feature has no GFF ID
[2021-05-21 18:29:02.569] [jointLog] [warning] Feature has no GFF ID
[2021-05-21 18:29:02.569] [jointLog] [warning] Feature has no GFF ID
[2021-05-21 18:29:02.569] [jointLog] [warning] Feature has no GFF ID
[2021-05-21 18:29:02.569] [jointLog] [warning] Feature has no GFF ID
[2021-05-21 18:29:02.569] [jointLog] [warning] Feature has no GFF ID
[2021-05-21 18:29:02.569] [jointLog] [warning] Feature has no GFF ID
[2021-05-21 18:29:02.569] [jointLog] [warning] Feature has no GFF ID
[2021-05-21 18:29:02.569] [jointLog] [warning] Feature has no GFF ID
[2021-05-21 18:29:02.569] [jointLog] [warning] Feature has no GFF ID
[2021-05-21 18:29:02.569] [jointLog] [warning] Feature has no GFF ID
[2021-05-21 18:29:02.569] [jointLog] [warning] Feature has no GFF ID
[2021-05-21 18:29:02.569] [jointLog] [warning] Feature has no GFF ID
[2021-05-21 18:29:02.569] [jointLog] [warning] Feature has no GFF ID
[2021-05-21 18:29:02.569] [jointLog] [warning] Feature has no GFF ID
[2021-05-21 18:29:02.569] [jointLog] [warning] Feature has no GFF ID
[2021-05-21 18:29:02.569] [jointLog] [warning] Feature has no GFF ID
[2021-05-21 18:29:02.569] [jointLog] [warning] Feature has no GFF ID
[2021-05-21 18:29:02.569] [jointLog] [warning] Feature has no GFF ID
[2021-05-21 18:29:02.569] [jointLog] [warning] Feature has no GFF ID
[2021-05-21 18:29:02.569] [jointLog] [warning] Feature has no GFF ID
[2021-05-21 18:29:02.569] [jointLog] [warning] Feature has no GFF ID
[2021-05-21 18:29:02.569] [jointLog] [warning] Feature has no GFF ID
[2021-05-21 18:29:02.569] [jointLog] [warning] Feature has no GFF ID
[2021-05-21 18:29:02.569] [jointLog] [warning] Feature has no GFF ID
[2021-05-21 18:29:02.569] [jointLog] [warning] Feature has no GFF ID
[2021-05-21 18:29:02.569] [jointLog] [warning] Feature has no GFF ID
[2021-05-21 18:29:02.569] [jointLog] [warning] Feature has no GFF ID
[2021-05-21 18:29:02.569] [jointLog] [warning] Feature has no GFF ID
[2021-05-21 18:29:02.569] [jointLog] [warning] Feature has no GFF ID
[2021-05-21 18:29:02.569] [jointLog] [warning] Feature has no GFF ID
[2021-05-21 18:29:02.569] [jointLog] [warning] Feature has no GFF ID
[2021-05-21 18:29:02.569] [jointLog] [warning] Feature has no GFF ID
[2021-05-21 18:29:02.569] [jointLog] [warning] Feature has no GFF ID
[2021-05-21 18:29:02.569] [jointLog] [warning] Feature has no GFF ID
[2021-05-21 18:29:02.569] [jointLog] [warning] Feature has no GFF ID
[2021-05-21 18:29:02.569] [jointLog] [warning] Feature has no GFF ID
[2021-05-21 18:29:02.569] [jointLog] [warning] Feature has no GFF ID
[2021-05-21 18:29:02.569] [jointLog] [warning] Feature has no GFF ID
[2021-05-21 18:29:02.569] [jointLog] [warning] Feature has no GFF ID
[2021-05-21 18:29:02.569] [jointLog] [warning] Feature has no GFF ID
[2021-05-21 18:29:02.569] [jointLog] [warning] Feature has no GFF ID
[2021-05-21 18:29:02.569] [jointLog] [warning] Feature has no GFF ID
[2021-05-21 18:29:02.569] [jointLog] [warning] Feature has no GFF ID
[2021-05-21 18:29:02.569] [jointLog] [warning] Feature has no GFF ID
[2021-05-21 18:29:02.569] [jointLog] [warning] Feature has no GFF ID
[2021-05-21 18:29:02.569] [jointLog] [warning] Feature has no GFF ID
[2021-05-21 18:29:02.569] [jointLog] [warning] Feature has no GFF ID
[2021-05-21 18:29:02.569] [jointLog] [warning] Feature has no GFF ID
[2021-05-21 18:29:02.569] [jointLog] [warning] Feature has no GFF ID
[2021-05-21 18:29:02.569] [jointLog] [warning] Feature has no GFF ID
[2021-05-21 18:29:02.569] [jointLog] [warning] Feature has no GFF ID
[2021-05-21 18:29:02.569] [jointLog] [warning] Feature has no GFF ID
[2021-05-21 18:29:02.569] [jointLog] [warning] Feature has no GFF ID
[2021-05-21 18:29:02.569] [jointLog] [warning] Feature has no GFF ID
[2021-05-21 18:29:02.569] [jointLog] [warning] Feature has no GFF ID
[2021-05-21 18:29:02.569] [jointLog] [warning] Feature has no GFF ID
[2021-05-21 18:29:02.569] [jointLog] [warning] Feature has no GFF ID
[2021-05-21 18:29:02.569] [jointLog] [warning] Feature has no GFF ID
[2021-05-21 18:29:02.569] [jointLog] [warning] Feature has no GFF ID
[2021-05-21 18:29:02.569] [jointLog] [warning] Feature has no GFF ID
[2021-05-21 18:29:02.569] [jointLog] [warning] Feature has no GFF ID
[2021-05-21 18:29:02.569] [jointLog] [warning] Feature has no GFF ID
[2021-05-21 18:29:02.569] [jointLog] [warning] Feature has no GFF ID
[2021-05-21 18:29:02.569] [jointLog] [warning] Feature has no GFF ID
[2021-05-21 18:29:02.569] [jointLog] [warning] Feature has no GFF ID
[2021-05-21 18:29:02.569] [jointLog] [warning] Feature has no GFF ID
[2021-05-21 18:29:02.569] [jointLog] [warning] Feature has no GFF ID
[2021-05-21 18:29:02.569] [jointLog] [warning] Feature has no GFF ID
[2021-05-21 18:29:02.569] [jointLog] [warning] Feature has no GFF ID
[2021-05-21 18:29:02.569] [jointLog] [warning] Feature has no GFF ID
[2021-05-21 18:29:02.569] [jointLog] [warning] Feature has no GFF ID
[2021-05-21 18:29:02.569] [jointLog] [warning] Feature has no GFF ID
[2021-05-21 18:29:02.569] [jointLog] [warning] Feature has no GFF ID
[2021-05-21 18:29:02.569] [jointLog] [warning] Feature has no GFF ID
[2021-05-21 18:29:02.569] [jointLog] [warning] Feature has no GFF ID
[2021-05-21 18:29:02.569] [jointLog] [warning] Feature has no GFF ID
[2021-05-21 18:29:02.569] [jointLog] [warning] Feature has no GFF ID
[2021-05-21 18:29:02.854] [jointLog] [info] There were 142604 transcripts mapping to 55401 genes
[2021-05-21 18:29:02.854] [jointLog] [info] NOTE: We recommend using tximport (https://bioconductor.org/packages/release/bioc/html/tximport.html) for aggregating transcript-level salmon abundance estimates to the gene level.  It is more versatile, exposes more features, and allows considering multi-sample information during aggregation.
[2021-05-21 18:29:03.111] [jointLog] [warning] couldn't find transcript named [DQ459430] in transcript <-> gene map; returning transcript as it's own gene
[2021-05-21 18:29:03.111] [jointLog] [warning] couldn't find transcript named [DQ516784] in transcript <-> gene map; returning transcript as it's own gene
[2021-05-21 18:29:03.111] [jointLog] [warning] couldn't find transcript named [DQ516752] in transcript <-> gene map; returning transcript as it's own gene
[2021-05-21 18:29:03.111] [jointLog] [warning] couldn't find transcript named [DQ668364] in transcript <-> gene map; returning transcript as it's own gene
[2021-05-21 18:29:03.111] [jointLog] [warning] couldn't find transcript named [DQ883670] in transcript <-> gene map; returning transcript as it's own gene
[2021-05-21 18:29:03.111] [jointLog] [warning] couldn't find transcript named [EF011062] in transcript <-> gene map; returning transcript as it's own gene
[2021-05-21 18:29:03.111] [jointLog] [warning] couldn't find transcript named [DQ875385] in transcript <-> gene map; returning transcript as it's own gene
[2021-05-21 18:29:03.111] [jointLog] [warning] couldn't find transcript named [DQ883664] in transcript <-> gene map; returning transcript as it's own gene
[2021-05-21 18:29:03.111] [jointLog] [warning] couldn't find transcript named [DQ459420] in transcript <-> gene map; returning transcript as it's own gene
[2021-05-21 18:29:03.111] [jointLog] [warning] couldn't find transcript named [DQ883651] in transcript <-> gene map; returning transcript as it's own gene
[2021-05-21 18:29:03.111] [jointLog] [warning] couldn't find transcript named [DQ855004] in transcript <-> gene map; returning transcript as it's own gene
[2021-05-21 18:29:03.111] [jointLog] [warning] couldn't find transcript named [DQ854993] in transcript <-> gene map; returning transcript as it's own gene
[2021-05-21 18:29:03.111] [jointLog] [warning] couldn't find transcript named [DQ883689] in transcript <-> gene map; returning transcript as it's own gene
[2021-05-21 18:29:03.111] [jointLog] [warning] couldn't find transcript named [DQ459419] in transcript <-> gene map; returning transcript as it's own gene
[2021-05-21 18:29:03.111] [jointLog] [warning] couldn't find transcript named [DQ459431] in transcript <-> gene map; returning transcript as it's own gene
[2021-05-21 18:29:03.111] [jointLog] [warning] couldn't find transcript named [DQ516796] in transcript <-> gene map; returning transcript as it's own gene
[2021-05-21 18:29:03.111] [jointLog] [warning] couldn't find transcript named [DQ855001] in transcript <-> gene map; returning transcript as it's own gene
[2021-05-21 18:29:03.111] [jointLog] [warning] couldn't find transcript named [DQ459413] in transcript <-> gene map; returning transcript as it's own gene
[2021-05-21 18:29:03.111] [jointLog] [warning] couldn't find transcript named [DQ883656] in transcript <-> gene map; returning transcript as it's own gene
[2021-05-21 18:29:03.111] [jointLog] [warning] couldn't find transcript named [DQ883661] in transcript <-> gene map; returning transcript as it's own gene
[2021-05-21 18:29:03.111] [jointLog] [warning] couldn't find transcript named [EF011069] in transcript <-> gene map; returning transcript as it's own gene
[2021-05-21 18:29:03.111] [jointLog] [warning] couldn't find transcript named [DQ516783] in transcript <-> gene map; returning transcript as it's own gene
[2021-05-21 18:29:03.111] [jointLog] [warning] couldn't find transcript named [DQ516787] in transcript <-> gene map; returning transcript as it's own gene
[2021-05-21 18:29:03.111] [jointLog] [warning] couldn't find transcript named [DQ459424] in transcript <-> gene map; returning transcript as it's own gene
[2021-05-21 18:29:03.111] [jointLog] [warning] couldn't find transcript named [DQ516748] in transcript <-> gene map; returning transcript as it's own gene
[2021-05-21 18:29:03.111] [jointLog] [warning] couldn't find transcript named [DQ883671] in transcript <-> gene map; returning transcript as it's own gene
[2021-05-21 18:29:03.111] [jointLog] [warning] couldn't find transcript named [DQ516740] in transcript <-> gene map; returning transcript as it's own gene
[2021-05-21 18:29:03.111] [jointLog] [warning] couldn't find transcript named [DQ516785] in transcript <-> gene map; returning transcript as it's own gene
[2021-05-21 18:29:03.111] [jointLog] [warning] couldn't find transcript named [DQ516731] in transcript <-> gene map; returning transcript as it's own gene
[2021-05-21 18:29:03.111] [jointLog] [warning] couldn't find transcript named [DQ668366] in transcript <-> gene map; returning transcript as it's own gene
[2021-05-21 18:29:03.111] [jointLog] [warning] couldn't find transcript named [DQ459418] in transcript <-> gene map; returning transcript as it's own gene
[2021-05-21 18:29:03.111] [jointLog] [warning] couldn't find transcript named [DQ668356] in transcript <-> gene map; returning transcript as it's own gene
[2021-05-21 18:29:03.111] [jointLog] [warning] couldn't find transcript named [DQ516763] in transcript <-> gene map; returning transcript as it's own gene
[2021-05-21 18:29:03.111] [jointLog] [warning] couldn't find transcript named [DQ459426] in transcript <-> gene map; returning transcript as it's own gene
[2021-05-21 18:29:03.111] [jointLog] [warning] couldn't find transcript named [DQ516786] in transcript <-> gene map; returning transcript as it's own gene
[2021-05-21 18:29:03.111] [jointLog] [warning] couldn't find transcript named [DQ883653] in transcript <-> gene map; returning transcript as it's own gene
[2021-05-21 18:29:03.111] [jointLog] [warning] couldn't find transcript named [DQ459421] in transcript <-> gene map; returning transcript as it's own gene
[2021-05-21 18:29:03.111] [jointLog] [warning] couldn't find transcript named [DQ883654] in transcript <-> gene map; returning transcript as it's own gene
[2021-05-21 18:29:03.111] [jointLog] [warning] couldn't find transcript named [DQ668358] in transcript <-> gene map; returning transcript as it's own gene
[2021-05-21 18:29:03.111] [jointLog] [warning] couldn't find transcript named [DQ516754] in transcript <-> gene map; returning transcript as it's own gene
[2021-05-21 18:29:03.111] [jointLog] [warning] couldn't find transcript named [DQ516778] in transcript <-> gene map; returning transcript as it's own gene
[2021-05-21 18:29:03.111] [jointLog] [warning] couldn't find transcript named [DQ883650] in transcript <-> gene map; returning transcript as it's own gene
[2021-05-21 18:29:03.111] [jointLog] [warning] couldn't find transcript named [DQ516742] in transcript <-> gene map; returning transcript as it's own gene
[2021-05-21 18:29:03.111] [jointLog] [warning] couldn't find transcript named [DQ883673] in transcript <-> gene map; returning transcript as it's own gene
[2021-05-21 18:29:03.111] [jointLog] [warning] couldn't find transcript named [DQ883652] in transcript <-> gene map; returning transcript as it's own gene
[2021-05-21 18:29:03.111] [jointLog] [warning] couldn't find transcript named [DQ854991] in transcript <-> gene map; returning transcript as it's own gene
[2021-05-21 18:29:03.111] [jointLog] [warning] couldn't find transcript named [DQ516780] in transcript <-> gene map; returning transcript as it's own gene
[2021-05-21 18:29:03.111] [jointLog] [warning] couldn't find transcript named [DQ883682] in transcript <-> gene map; returning transcript as it's own gene
[2021-05-21 18:29:03.111] [jointLog] [warning] couldn't find transcript named [DQ883669] in transcript <-> gene map; returning transcript as it's own gene
[2021-05-21 18:29:03.111] [jointLog] [warning] couldn't find transcript named [DQ516791] in transcript <-> gene map; returning transcript as it's own gene
[2021-05-21 18:29:03.111] [jointLog] [warning] couldn't find transcript named [DQ459425] in transcript <-> gene map; returning transcript as it's own gene
[2021-05-21 18:29:03.111] [jointLog] [warning] couldn't find transcript named [DQ516759] in transcript <-> gene map; returning transcript as it's own gene
[2021-05-21 18:29:03.111] [jointLog] [warning] couldn't find transcript named [DQ459429] in transcript <-> gene map; returning transcript as it's own gene
[2021-05-21 18:29:03.111] [jointLog] [warning] couldn't find transcript named [DQ516758] in transcript <-> gene map; returning transcript as it's own gene
[2021-05-21 18:29:03.111] [jointLog] [warning] couldn't find transcript named [DQ459415] in transcript <-> gene map; returning transcript as it's own gene
[2021-05-21 18:29:03.111] [jointLog] [warning] couldn't find transcript named [DQ875387] in transcript <-> gene map; returning transcript as it's own gene
[2021-05-21 18:29:03.111] [jointLog] [warning] couldn't find transcript named [DQ516815] in transcript <-> gene map; returning transcript as it's own gene
[2021-05-21 18:29:03.111] [jointLog] [warning] couldn't find transcript named [DQ668365] in transcript <-> gene map; returning transcript as it's own gene
[2021-05-21 18:29:03.111] [jointLog] [warning] couldn't find transcript named [DQ854998] in transcript <-> gene map; returning transcript as it's own gene
[2021-05-21 18:29:03.111] [jointLog] [warning] couldn't find transcript named [DQ883685] in transcript <-> gene map; returning transcript as it's own gene
[2021-05-21 18:29:03.111] [jointLog] [warning] couldn't find transcript named [DQ459422] in transcript <-> gene map; returning transcript as it's own gene
[2021-05-21 18:29:03.111] [jointLog] [warning] couldn't find transcript named [DQ883663] in transcript <-> gene map; returning transcript as it's own gene
[2021-05-21 18:29:03.111] [jointLog] [warning] couldn't find transcript named [DQ668367] in transcript <-> gene map; returning transcript as it's own gene
[2021-05-21 18:29:03.111] [jointLog] [warning] couldn't find transcript named [DQ459412] in transcript <-> gene map; returning transcript as it's own gene
[2021-05-21 18:29:03.111] [jointLog] [warning] couldn't find transcript named [DQ854992] in transcript <-> gene map; returning transcript as it's own gene
[2021-05-21 18:29:03.111] [jointLog] [warning] couldn't find transcript named [DQ516782] in transcript <-> gene map; returning transcript as it's own gene
[2021-05-21 18:29:03.111] [jointLog] [warning] couldn't find transcript named [DQ459427] in transcript <-> gene map; returning transcript as it's own gene
[2021-05-21 18:29:03.111] [jointLog] [warning] couldn't find transcript named [EF011072] in transcript <-> gene map; returning transcript as it's own gene
[2021-05-21 18:29:03.111] [jointLog] [warning] couldn't find transcript named [DQ855003] in transcript <-> gene map; returning transcript as it's own gene
[2021-05-21 18:29:03.111] [jointLog] [warning] couldn't find transcript named [DQ516739] in transcript <-> gene map; returning transcript as it's own gene
[2021-05-21 18:29:03.111] [jointLog] [warning] couldn't find transcript named [EF011063] in transcript <-> gene map; returning transcript as it's own gene
[2021-05-21 18:29:03.111] [jointLog] [warning] couldn't find transcript named [DQ855000] in transcript <-> gene map; returning transcript as it's own gene
[2021-05-21 18:29:03.111] [jointLog] [warning] couldn't find transcript named [DQ516777] in transcript <-> gene map; returning transcript as it's own gene
[2021-05-21 18:29:03.111] [jointLog] [warning] couldn't find transcript named [DQ883646] in transcript <-> gene map; returning transcript as it's own gene
[2021-05-21 18:29:03.111] [jointLog] [warning] couldn't find transcript named [DQ668362] in transcript <-> gene map; returning transcript as it's own gene
[2021-05-21 18:29:03.111] [jointLog] [warning] couldn't find transcript named [DQ854995] in transcript <-> gene map; returning transcript as it's own gene
[2021-05-21 18:29:03.111] [jointLog] [warning] couldn't find transcript named [DQ875386] in transcript <-> gene map; returning transcript as it's own gene
[2021-05-21 18:29:03.111] [jointLog] [warning] couldn't find transcript named [DQ516790] in transcript <-> gene map; returning transcript as it's own gene
[2021-05-21 18:29:03.111] [jointLog] [warning] couldn't find transcript named [DQ883642] in transcript <-> gene map; returning transcript as it's own gene
[2021-05-21 18:29:03.111] [jointLog] [warning] couldn't find transcript named [DQ883659] in transcript <-> gene map; returning transcript as it's own gene
[2021-05-21 18:29:03.111] [jointLog] [warning] couldn't find transcript named [DQ854997] in transcript <-> gene map; returning transcript as it's own gene
[2021-05-21 18:29:03.111] [jointLog] [warning] couldn't find transcript named [DQ883643] in transcript <-> gene map; returning transcript as it's own gene
[2021-05-21 18:29:03.111] [jointLog] [warning] couldn't find transcript named [DQ839618] in transcript <-> gene map; returning transcript as it's own gene
[2021-05-21 18:29:03.111] [jointLog] [warning] couldn't find transcript named [DQ516795] in transcript <-> gene map; returning transcript as it's own gene
[2021-05-21 18:29:03.111] [jointLog] [warning] couldn't find transcript named [DQ883658] in transcript <-> gene map; returning transcript as it's own gene
[2021-05-21 18:29:03.111] [jointLog] [warning] couldn't find transcript named [DQ516750] in transcript <-> gene map; returning transcript as it's own gene
[2021-05-21 18:29:03.111] [jointLog] [warning] couldn't find transcript named [DQ668359] in transcript <-> gene map; returning transcript as it's own gene
[2021-05-21 18:29:03.111] [jointLog] [warning] couldn't find transcript named [DQ516779] in transcript <-> gene map; returning transcript as it's own gene
[2021-05-21 18:29:03.111] [jointLog] [warning] couldn't find transcript named [DQ668363] in transcript <-> gene map; returning transcript as it's own gene
[2021-05-21 18:29:03.111] [jointLog] [warning] couldn't find transcript named [DQ516776] in transcript <-> gene map; returning transcript as it's own gene
[2021-05-21 18:29:03.111] [jointLog] [warning] couldn't find transcript named [DQ516773] in transcript <-> gene map; returning transcript as it's own gene
[2021-05-21 18:29:03.111] [jointLog] [warning] couldn't find transcript named [DQ854994] in transcript <-> gene map; returning transcript as it's own gene
[2021-05-21 18:29:03.111] [jointLog] [info] Aggregating expressions to gene level
[2021-05-21 18:29:03.256] [jointLog] [info] done
