[2021-04-27 20:41:00.523] [jointLog] [info] setting maxHashResizeThreads to 6
[2021-04-27 20:41:00.523] [jointLog] [info] Fragment incompatibility prior below threshold.  Incompatible fragments will be ignored.
[2021-04-27 20:41:00.525] [jointLog] [info] numQuantThreads = 3
[2021-04-27 20:41:03.667] [fileLog] [info] quantification processed 0 fragments so far

[2021-04-27 20:41:03.396] [jointLog] [info] replaced 4 non-ACGT nucleotides with random nucleotides
[2021-04-27 20:41:06.744] [fileLog] [info] quantification processed 1000000 fragments so far

[2021-04-27 20:41:09.845] [fileLog] [info] quantification processed 2000000 fragments so far

[2021-04-27 20:41:11.551] [jointLog] [info] 

The alignment group queue pool has been exhausted.  3162669 extra fragments were allocated on the heap to saturate the pool.  No new fragments will be allocated


[2021-04-27 20:41:18.221] [fileLog] [info] quantification processed 3000000 fragments so far

[2021-04-27 20:41:32.410] [fileLog] [info] quantification processed 4000000 fragments so far

[2021-04-27 20:41:46.736] [fileLog] [info] quantification processed 5000000 fragments so far

[2021-04-27 20:42:01.011] [fileLog] [info] quantification processed 6000000 fragments so far

[2021-04-27 20:42:15.315] [fileLog] [info] quantification processed 7000000 fragments so far

[2021-04-27 20:42:18.474] [fileLog] [info] quantification processed 8000000 fragments so far

[2021-04-27 20:42:21.610] [fileLog] [info] quantification processed 9000000 fragments so far

[2021-04-27 20:42:24.716] [fileLog] [info] quantification processed 10000000 fragments so far

[2021-04-27 20:42:27.849] [fileLog] [info] quantification processed 11000000 fragments so far

[2021-04-27 20:42:31.042] [fileLog] [info] quantification processed 12000000 fragments so far

[2021-04-27 20:42:34.190] [fileLog] [info] quantification processed 13000000 fragments so far

[2021-04-27 20:42:37.305] [fileLog] [info] quantification processed 14000000 fragments so far

[2021-04-27 20:42:40.428] [fileLog] [info] quantification processed 15000000 fragments so far

[2021-04-27 20:42:43.520] [fileLog] [info] quantification processed 16000000 fragments so far

[2021-04-27 20:42:46.636] [fileLog] [info] quantification processed 17000000 fragments so far

[2021-04-27 20:42:49.745] [fileLog] [info] quantification processed 18000000 fragments so far

[2021-04-27 20:42:52.771] [fileLog] [info] quantification processed 19000000 fragments so far

[2021-04-27 20:42:55.892] [fileLog] [info] quantification processed 20000000 fragments so far

[2021-04-27 20:42:58.963] [fileLog] [info] quantification processed 21000000 fragments so far

[2021-04-27 20:43:02.066] [fileLog] [info] quantification processed 22000000 fragments so far

[2021-04-27 20:43:05.118] [fileLog] [info] quantification processed 23000000 fragments so far

[2021-04-27 20:43:08.203] [fileLog] [info] quantification processed 24000000 fragments so far

[2021-04-27 20:43:11.298] [fileLog] [info] quantification processed 25000000 fragments so far

[2021-04-27 20:43:14.366] [fileLog] [info] quantification processed 26000000 fragments so far

[2021-04-27 20:43:17.533] [fileLog] [info] quantification processed 27000000 fragments so far

[2021-04-27 20:43:20.665] [fileLog] [info] quantification processed 28000000 fragments so far

[2021-04-27 20:43:23.862] [fileLog] [info] quantification processed 29000000 fragments so far

[2021-04-27 20:43:27.113] [fileLog] [info] quantification processed 30000000 fragments so far

[2021-04-27 20:43:30.257] [fileLog] [info] quantification processed 31000000 fragments so far

[2021-04-27 20:43:33.364] [fileLog] [info] quantification processed 32000000 fragments so far

[2021-04-27 20:43:36.478] [fileLog] [info] quantification processed 33000000 fragments so far

[2021-04-27 20:43:39.570] [fileLog] [info] quantification processed 34000000 fragments so far

[2021-04-27 20:43:42.504] [fileLog] [info] quantification processed 34922898 fragments so far

[2021-04-27 20:43:48.584] [jointLog] [info] Thread saw mini-batch with a maximum of 6.70% zero probability fragments
[2021-04-27 20:43:48.584] [jointLog] [info] Thread saw mini-batch with a maximum of 4.70% zero probability fragments
[2021-04-27 20:43:48.589] [jointLog] [info] Thread saw mini-batch with a maximum of 5.00% zero probability fragments
[2021-04-27 20:43:48.590] [jointLog] [info] 


Completed first pass through the alignment file.
Total # of mapped reads : 34922898
# of uniquely mapped reads : 13189251
# ambiguously mapped reads : 21733647



[2021-04-27 20:43:48.732] [jointLog] [info] Computed 229784 rich equivalence classes for further processing
[2021-04-27 20:43:48.732] [jointLog] [info] Counted 34796259 total reads in the equivalence classes 
[2021-04-27 20:43:48.734] [jointLog] [info] starting optimizer
[2021-04-27 20:43:48.826] [jointLog] [info] Marked 0 weighted equivalence classes as degenerate
[2021-04-27 20:43:48.845] [jointLog] [info] iteration = 0 | max rel diff. = 7128.47
[2021-04-27 20:43:50.346] [jointLog] [info] iteration = 100 | max rel diff. = 19.8247
[2021-04-27 20:43:51.831] [jointLog] [info] iteration = 200 | max rel diff. = 12.6991
[2021-04-27 20:43:53.307] [jointLog] [info] iteration = 300 | max rel diff. = 2.26039
[2021-04-27 20:43:54.791] [jointLog] [info] iteration = 400 | max rel diff. = 0.41521
[2021-04-27 20:43:56.273] [jointLog] [info] iteration = 500 | max rel diff. = 3.38873
[2021-04-27 20:43:57.766] [jointLog] [info] iteration = 600 | max rel diff. = 0.474442
[2021-04-27 20:43:59.260] [jointLog] [info] iteration = 700 | max rel diff. = 1.25993
[2021-04-27 20:44:00.752] [jointLog] [info] iteration = 800 | max rel diff. = 0.185864
[2021-04-27 20:44:02.247] [jointLog] [info] iteration = 900 | max rel diff. = 0.808856
[2021-04-27 20:44:03.741] [jointLog] [info] iteration = 1000 | max rel diff. = 0.0816182
[2021-04-27 20:44:05.222] [jointLog] [info] iteration = 1100 | max rel diff. = 0.361095
[2021-04-27 20:44:06.698] [jointLog] [info] iteration = 1200 | max rel diff. = 0.494789
[2021-04-27 20:44:08.178] [jointLog] [info] iteration = 1300 | max rel diff. = 0.0446519
[2021-04-27 20:44:09.653] [jointLog] [info] iteration = 1400 | max rel diff. = 0.140679
[2021-04-27 20:44:11.131] [jointLog] [info] iteration = 1500 | max rel diff. = 0.113651
[2021-04-27 20:44:12.628] [jointLog] [info] iteration = 1600 | max rel diff. = 0.534627
[2021-04-27 20:44:14.103] [jointLog] [info] iteration = 1700 | max rel diff. = 0.0149336
[2021-04-27 20:44:15.551] [jointLog] [info] iteration = 1799 | max rel diff. = 0.00380215
[2021-04-27 20:44:15.580] [jointLog] [info] finished optimizer
[2021-04-27 20:44:15.580] [jointLog] [info] writing output
[2021-04-27 20:44:17.367] [jointLog] [info] Computing gene-level abundance estimates
[2021-04-27 20:44:46.245] [jointLog] [warning] Feature has no GFF ID
[2021-04-27 20:44:46.245] [jointLog] [warning] Feature has no GFF ID
[2021-04-27 20:44:46.245] [jointLog] [warning] Feature has no GFF ID
[2021-04-27 20:44:46.245] [jointLog] [warning] Feature has no GFF ID
[2021-04-27 20:44:46.245] [jointLog] [warning] Feature has no GFF ID
[2021-04-27 20:44:46.245] [jointLog] [warning] Feature has no GFF ID
[2021-04-27 20:44:46.245] [jointLog] [warning] Feature has no GFF ID
[2021-04-27 20:44:46.245] [jointLog] [warning] Feature has no GFF ID
[2021-04-27 20:44:46.245] [jointLog] [warning] Feature has no GFF ID
[2021-04-27 20:44:46.245] [jointLog] [warning] Feature has no GFF ID
[2021-04-27 20:44:46.245] [jointLog] [warning] Feature has no GFF ID
[2021-04-27 20:44:46.245] [jointLog] [warning] Feature has no GFF ID
[2021-04-27 20:44:46.245] [jointLog] [warning] Feature has no GFF ID
[2021-04-27 20:44:46.245] [jointLog] [warning] Feature has no GFF ID
[2021-04-27 20:44:46.245] [jointLog] [warning] Feature has no GFF ID
[2021-04-27 20:44:46.245] [jointLog] [warning] Feature has no GFF ID
[2021-04-27 20:44:46.245] [jointLog] [warning] Feature has no GFF ID
[2021-04-27 20:44:46.245] [jointLog] [warning] Feature has no GFF ID
[2021-04-27 20:44:46.245] [jointLog] [warning] Feature has no GFF ID
[2021-04-27 20:44:46.245] [jointLog] [warning] Feature has no GFF ID
[2021-04-27 20:44:46.245] [jointLog] [warning] Feature has no GFF ID
[2021-04-27 20:44:46.245] [jointLog] [warning] Feature has no GFF ID
[2021-04-27 20:44:46.245] [jointLog] [warning] Feature has no GFF ID
[2021-04-27 20:44:46.245] [jointLog] [warning] Feature has no GFF ID
[2021-04-27 20:44:46.245] [jointLog] [warning] Feature has no GFF ID
[2021-04-27 20:44:46.245] [jointLog] [warning] Feature has no GFF ID
[2021-04-27 20:44:46.245] [jointLog] [warning] Feature has no GFF ID
[2021-04-27 20:44:46.245] [jointLog] [warning] Feature has no GFF ID
[2021-04-27 20:44:46.245] [jointLog] [warning] Feature has no GFF ID
[2021-04-27 20:44:46.245] [jointLog] [warning] Feature has no GFF ID
[2021-04-27 20:44:46.245] [jointLog] [warning] Feature has no GFF ID
[2021-04-27 20:44:46.245] [jointLog] [warning] Feature has no GFF ID
[2021-04-27 20:44:46.245] [jointLog] [warning] Feature has no GFF ID
[2021-04-27 20:44:46.245] [jointLog] [warning] Feature has no GFF ID
[2021-04-27 20:44:46.245] [jointLog] [warning] Feature has no GFF ID
[2021-04-27 20:44:46.245] [jointLog] [warning] Feature has no GFF ID
[2021-04-27 20:44:46.245] [jointLog] [warning] Feature has no GFF ID
[2021-04-27 20:44:46.245] [jointLog] [warning] Feature has no GFF ID
[2021-04-27 20:44:46.245] [jointLog] [warning] Feature has no GFF ID
[2021-04-27 20:44:46.245] [jointLog] [warning] Feature has no GFF ID
[2021-04-27 20:44:46.245] [jointLog] [warning] Feature has no GFF ID
[2021-04-27 20:44:46.245] [jointLog] [warning] Feature has no GFF ID
[2021-04-27 20:44:46.245] [jointLog] [warning] Feature has no GFF ID
[2021-04-27 20:44:46.245] [jointLog] [warning] Feature has no GFF ID
[2021-04-27 20:44:46.245] [jointLog] [warning] Feature has no GFF ID
[2021-04-27 20:44:46.245] [jointLog] [warning] Feature has no GFF ID
[2021-04-27 20:44:46.245] [jointLog] [warning] Feature has no GFF ID
[2021-04-27 20:44:46.245] [jointLog] [warning] Feature has no GFF ID
[2021-04-27 20:44:46.245] [jointLog] [warning] Feature has no GFF ID
[2021-04-27 20:44:46.245] [jointLog] [warning] Feature has no GFF ID
[2021-04-27 20:44:46.245] [jointLog] [warning] Feature has no GFF ID
[2021-04-27 20:44:46.245] [jointLog] [warning] Feature has no GFF ID
[2021-04-27 20:44:46.245] [jointLog] [warning] Feature has no GFF ID
[2021-04-27 20:44:46.245] [jointLog] [warning] Feature has no GFF ID
[2021-04-27 20:44:46.245] [jointLog] [warning] Feature has no GFF ID
[2021-04-27 20:44:46.245] [jointLog] [warning] Feature has no GFF ID
[2021-04-27 20:44:46.245] [jointLog] [warning] Feature has no GFF ID
[2021-04-27 20:44:46.245] [jointLog] [warning] Feature has no GFF ID
[2021-04-27 20:44:46.245] [jointLog] [warning] Feature has no GFF ID
[2021-04-27 20:44:46.245] [jointLog] [warning] Feature has no GFF ID
[2021-04-27 20:44:46.245] [jointLog] [warning] Feature has no GFF ID
[2021-04-27 20:44:46.245] [jointLog] [warning] Feature has no GFF ID
[2021-04-27 20:44:46.245] [jointLog] [warning] Feature has no GFF ID
[2021-04-27 20:44:46.245] [jointLog] [warning] Feature has no GFF ID
[2021-04-27 20:44:46.245] [jointLog] [warning] Feature has no GFF ID
[2021-04-27 20:44:46.245] [jointLog] [warning] Feature has no GFF ID
[2021-04-27 20:44:46.245] [jointLog] [warning] Feature has no GFF ID
[2021-04-27 20:44:46.245] [jointLog] [warning] Feature has no GFF ID
[2021-04-27 20:44:46.245] [jointLog] [warning] Feature has no GFF ID
[2021-04-27 20:44:46.245] [jointLog] [warning] Feature has no GFF ID
[2021-04-27 20:44:46.245] [jointLog] [warning] Feature has no GFF ID
[2021-04-27 20:44:46.245] [jointLog] [warning] Feature has no GFF ID
[2021-04-27 20:44:46.245] [jointLog] [warning] Feature has no GFF ID
[2021-04-27 20:44:46.245] [jointLog] [warning] Feature has no GFF ID
[2021-04-27 20:44:46.245] [jointLog] [warning] Feature has no GFF ID
[2021-04-27 20:44:46.245] [jointLog] [warning] Feature has no GFF ID
[2021-04-27 20:44:46.245] [jointLog] [warning] Feature has no GFF ID
[2021-04-27 20:44:46.245] [jointLog] [warning] Feature has no GFF ID
[2021-04-27 20:44:46.245] [jointLog] [warning] Feature has no GFF ID
[2021-04-27 20:44:46.245] [jointLog] [warning] Feature has no GFF ID
[2021-04-27 20:44:46.245] [jointLog] [warning] Feature has no GFF ID
[2021-04-27 20:44:46.245] [jointLog] [warning] Feature has no GFF ID
[2021-04-27 20:44:46.245] [jointLog] [warning] Feature has no GFF ID
[2021-04-27 20:44:46.245] [jointLog] [warning] Feature has no GFF ID
[2021-04-27 20:44:46.245] [jointLog] [warning] Feature has no GFF ID
[2021-04-27 20:44:46.245] [jointLog] [warning] Feature has no GFF ID
[2021-04-27 20:44:46.245] [jointLog] [warning] Feature has no GFF ID
[2021-04-27 20:44:46.245] [jointLog] [warning] Feature has no GFF ID
[2021-04-27 20:44:46.245] [jointLog] [warning] Feature has no GFF ID
[2021-04-27 20:44:46.245] [jointLog] [warning] Feature has no GFF ID
[2021-04-27 20:44:46.245] [jointLog] [warning] Feature has no GFF ID
[2021-04-27 20:44:46.245] [jointLog] [warning] Feature has no GFF ID
[2021-04-27 20:44:46.562] [jointLog] [info] There were 142604 transcripts mapping to 55401 genes
[2021-04-27 20:44:46.562] [jointLog] [info] NOTE: We recommend using tximport (https://bioconductor.org/packages/release/bioc/html/tximport.html) for aggregating transcript-level salmon abundance estimates to the gene level.  It is more versatile, exposes more features, and allows considering multi-sample information during aggregation.
[2021-04-27 20:44:46.856] [jointLog] [warning] couldn't find transcript named [DQ459430] in transcript <-> gene map; returning transcript as it's own gene
[2021-04-27 20:44:46.856] [jointLog] [warning] couldn't find transcript named [DQ516784] in transcript <-> gene map; returning transcript as it's own gene
[2021-04-27 20:44:46.856] [jointLog] [warning] couldn't find transcript named [DQ516752] in transcript <-> gene map; returning transcript as it's own gene
[2021-04-27 20:44:46.856] [jointLog] [warning] couldn't find transcript named [DQ668364] in transcript <-> gene map; returning transcript as it's own gene
[2021-04-27 20:44:46.856] [jointLog] [warning] couldn't find transcript named [DQ883670] in transcript <-> gene map; returning transcript as it's own gene
[2021-04-27 20:44:46.856] [jointLog] [warning] couldn't find transcript named [EF011062] in transcript <-> gene map; returning transcript as it's own gene
[2021-04-27 20:44:46.856] [jointLog] [warning] couldn't find transcript named [DQ875385] in transcript <-> gene map; returning transcript as it's own gene
[2021-04-27 20:44:46.856] [jointLog] [warning] couldn't find transcript named [DQ883664] in transcript <-> gene map; returning transcript as it's own gene
[2021-04-27 20:44:46.856] [jointLog] [warning] couldn't find transcript named [DQ459420] in transcript <-> gene map; returning transcript as it's own gene
[2021-04-27 20:44:46.856] [jointLog] [warning] couldn't find transcript named [DQ883651] in transcript <-> gene map; returning transcript as it's own gene
[2021-04-27 20:44:46.856] [jointLog] [warning] couldn't find transcript named [DQ855004] in transcript <-> gene map; returning transcript as it's own gene
[2021-04-27 20:44:46.856] [jointLog] [warning] couldn't find transcript named [DQ854993] in transcript <-> gene map; returning transcript as it's own gene
[2021-04-27 20:44:46.856] [jointLog] [warning] couldn't find transcript named [DQ883689] in transcript <-> gene map; returning transcript as it's own gene
[2021-04-27 20:44:46.856] [jointLog] [warning] couldn't find transcript named [DQ459419] in transcript <-> gene map; returning transcript as it's own gene
[2021-04-27 20:44:46.856] [jointLog] [warning] couldn't find transcript named [DQ459431] in transcript <-> gene map; returning transcript as it's own gene
[2021-04-27 20:44:46.856] [jointLog] [warning] couldn't find transcript named [DQ516796] in transcript <-> gene map; returning transcript as it's own gene
[2021-04-27 20:44:46.856] [jointLog] [warning] couldn't find transcript named [DQ855001] in transcript <-> gene map; returning transcript as it's own gene
[2021-04-27 20:44:46.856] [jointLog] [warning] couldn't find transcript named [DQ459413] in transcript <-> gene map; returning transcript as it's own gene
[2021-04-27 20:44:46.856] [jointLog] [warning] couldn't find transcript named [DQ883656] in transcript <-> gene map; returning transcript as it's own gene
[2021-04-27 20:44:46.856] [jointLog] [warning] couldn't find transcript named [DQ883661] in transcript <-> gene map; returning transcript as it's own gene
[2021-04-27 20:44:46.856] [jointLog] [warning] couldn't find transcript named [EF011069] in transcript <-> gene map; returning transcript as it's own gene
[2021-04-27 20:44:46.856] [jointLog] [warning] couldn't find transcript named [DQ516783] in transcript <-> gene map; returning transcript as it's own gene
[2021-04-27 20:44:46.856] [jointLog] [warning] couldn't find transcript named [DQ516787] in transcript <-> gene map; returning transcript as it's own gene
[2021-04-27 20:44:46.856] [jointLog] [warning] couldn't find transcript named [DQ459424] in transcript <-> gene map; returning transcript as it's own gene
[2021-04-27 20:44:46.856] [jointLog] [warning] couldn't find transcript named [DQ516748] in transcript <-> gene map; returning transcript as it's own gene
[2021-04-27 20:44:46.856] [jointLog] [warning] couldn't find transcript named [DQ883671] in transcript <-> gene map; returning transcript as it's own gene
[2021-04-27 20:44:46.856] [jointLog] [warning] couldn't find transcript named [DQ516740] in transcript <-> gene map; returning transcript as it's own gene
[2021-04-27 20:44:46.856] [jointLog] [warning] couldn't find transcript named [DQ516785] in transcript <-> gene map; returning transcript as it's own gene
[2021-04-27 20:44:46.856] [jointLog] [warning] couldn't find transcript named [DQ516731] in transcript <-> gene map; returning transcript as it's own gene
[2021-04-27 20:44:46.856] [jointLog] [warning] couldn't find transcript named [DQ668366] in transcript <-> gene map; returning transcript as it's own gene
[2021-04-27 20:44:46.856] [jointLog] [warning] couldn't find transcript named [DQ459418] in transcript <-> gene map; returning transcript as it's own gene
[2021-04-27 20:44:46.856] [jointLog] [warning] couldn't find transcript named [DQ668356] in transcript <-> gene map; returning transcript as it's own gene
[2021-04-27 20:44:46.856] [jointLog] [warning] couldn't find transcript named [DQ516763] in transcript <-> gene map; returning transcript as it's own gene
[2021-04-27 20:44:46.856] [jointLog] [warning] couldn't find transcript named [DQ459426] in transcript <-> gene map; returning transcript as it's own gene
[2021-04-27 20:44:46.856] [jointLog] [warning] couldn't find transcript named [DQ516786] in transcript <-> gene map; returning transcript as it's own gene
[2021-04-27 20:44:46.856] [jointLog] [warning] couldn't find transcript named [DQ883653] in transcript <-> gene map; returning transcript as it's own gene
[2021-04-27 20:44:46.856] [jointLog] [warning] couldn't find transcript named [DQ459421] in transcript <-> gene map; returning transcript as it's own gene
[2021-04-27 20:44:46.856] [jointLog] [warning] couldn't find transcript named [DQ883654] in transcript <-> gene map; returning transcript as it's own gene
[2021-04-27 20:44:46.856] [jointLog] [warning] couldn't find transcript named [DQ668358] in transcript <-> gene map; returning transcript as it's own gene
[2021-04-27 20:44:46.856] [jointLog] [warning] couldn't find transcript named [DQ516754] in transcript <-> gene map; returning transcript as it's own gene
[2021-04-27 20:44:46.856] [jointLog] [warning] couldn't find transcript named [DQ516778] in transcript <-> gene map; returning transcript as it's own gene
[2021-04-27 20:44:46.856] [jointLog] [warning] couldn't find transcript named [DQ883650] in transcript <-> gene map; returning transcript as it's own gene
[2021-04-27 20:44:46.856] [jointLog] [warning] couldn't find transcript named [DQ516742] in transcript <-> gene map; returning transcript as it's own gene
[2021-04-27 20:44:46.856] [jointLog] [warning] couldn't find transcript named [DQ883673] in transcript <-> gene map; returning transcript as it's own gene
[2021-04-27 20:44:46.856] [jointLog] [warning] couldn't find transcript named [DQ883652] in transcript <-> gene map; returning transcript as it's own gene
[2021-04-27 20:44:46.856] [jointLog] [warning] couldn't find transcript named [DQ854991] in transcript <-> gene map; returning transcript as it's own gene
[2021-04-27 20:44:46.856] [jointLog] [warning] couldn't find transcript named [DQ516780] in transcript <-> gene map; returning transcript as it's own gene
[2021-04-27 20:44:46.856] [jointLog] [warning] couldn't find transcript named [DQ883682] in transcript <-> gene map; returning transcript as it's own gene
[2021-04-27 20:44:46.856] [jointLog] [warning] couldn't find transcript named [DQ883669] in transcript <-> gene map; returning transcript as it's own gene
[2021-04-27 20:44:46.856] [jointLog] [warning] couldn't find transcript named [DQ516791] in transcript <-> gene map; returning transcript as it's own gene
[2021-04-27 20:44:46.856] [jointLog] [warning] couldn't find transcript named [DQ459425] in transcript <-> gene map; returning transcript as it's own gene
[2021-04-27 20:44:46.856] [jointLog] [warning] couldn't find transcript named [DQ516759] in transcript <-> gene map; returning transcript as it's own gene
[2021-04-27 20:44:46.856] [jointLog] [warning] couldn't find transcript named [DQ459429] in transcript <-> gene map; returning transcript as it's own gene
[2021-04-27 20:44:46.856] [jointLog] [warning] couldn't find transcript named [DQ516758] in transcript <-> gene map; returning transcript as it's own gene
[2021-04-27 20:44:46.856] [jointLog] [warning] couldn't find transcript named [DQ459415] in transcript <-> gene map; returning transcript as it's own gene
[2021-04-27 20:44:46.856] [jointLog] [warning] couldn't find transcript named [DQ875387] in transcript <-> gene map; returning transcript as it's own gene
[2021-04-27 20:44:46.856] [jointLog] [warning] couldn't find transcript named [DQ516815] in transcript <-> gene map; returning transcript as it's own gene
[2021-04-27 20:44:46.856] [jointLog] [warning] couldn't find transcript named [DQ668365] in transcript <-> gene map; returning transcript as it's own gene
[2021-04-27 20:44:46.856] [jointLog] [warning] couldn't find transcript named [DQ854998] in transcript <-> gene map; returning transcript as it's own gene
[2021-04-27 20:44:46.856] [jointLog] [warning] couldn't find transcript named [DQ883685] in transcript <-> gene map; returning transcript as it's own gene
[2021-04-27 20:44:46.856] [jointLog] [warning] couldn't find transcript named [DQ459422] in transcript <-> gene map; returning transcript as it's own gene
[2021-04-27 20:44:46.856] [jointLog] [warning] couldn't find transcript named [DQ883663] in transcript <-> gene map; returning transcript as it's own gene
[2021-04-27 20:44:46.856] [jointLog] [warning] couldn't find transcript named [DQ668367] in transcript <-> gene map; returning transcript as it's own gene
[2021-04-27 20:44:46.856] [jointLog] [warning] couldn't find transcript named [DQ459412] in transcript <-> gene map; returning transcript as it's own gene
[2021-04-27 20:44:46.856] [jointLog] [warning] couldn't find transcript named [DQ854992] in transcript <-> gene map; returning transcript as it's own gene
[2021-04-27 20:44:46.856] [jointLog] [warning] couldn't find transcript named [DQ516782] in transcript <-> gene map; returning transcript as it's own gene
[2021-04-27 20:44:46.856] [jointLog] [warning] couldn't find transcript named [DQ459427] in transcript <-> gene map; returning transcript as it's own gene
[2021-04-27 20:44:46.856] [jointLog] [warning] couldn't find transcript named [EF011072] in transcript <-> gene map; returning transcript as it's own gene
[2021-04-27 20:44:46.856] [jointLog] [warning] couldn't find transcript named [DQ855003] in transcript <-> gene map; returning transcript as it's own gene
[2021-04-27 20:44:46.856] [jointLog] [warning] couldn't find transcript named [DQ516739] in transcript <-> gene map; returning transcript as it's own gene
[2021-04-27 20:44:46.856] [jointLog] [warning] couldn't find transcript named [EF011063] in transcript <-> gene map; returning transcript as it's own gene
[2021-04-27 20:44:46.856] [jointLog] [warning] couldn't find transcript named [DQ855000] in transcript <-> gene map; returning transcript as it's own gene
[2021-04-27 20:44:46.856] [jointLog] [warning] couldn't find transcript named [DQ516777] in transcript <-> gene map; returning transcript as it's own gene
[2021-04-27 20:44:46.856] [jointLog] [warning] couldn't find transcript named [DQ883646] in transcript <-> gene map; returning transcript as it's own gene
[2021-04-27 20:44:46.856] [jointLog] [warning] couldn't find transcript named [DQ668362] in transcript <-> gene map; returning transcript as it's own gene
[2021-04-27 20:44:46.856] [jointLog] [warning] couldn't find transcript named [DQ854995] in transcript <-> gene map; returning transcript as it's own gene
[2021-04-27 20:44:46.856] [jointLog] [warning] couldn't find transcript named [DQ875386] in transcript <-> gene map; returning transcript as it's own gene
[2021-04-27 20:44:46.856] [jointLog] [warning] couldn't find transcript named [DQ516790] in transcript <-> gene map; returning transcript as it's own gene
[2021-04-27 20:44:46.856] [jointLog] [warning] couldn't find transcript named [DQ883642] in transcript <-> gene map; returning transcript as it's own gene
[2021-04-27 20:44:46.856] [jointLog] [warning] couldn't find transcript named [DQ883659] in transcript <-> gene map; returning transcript as it's own gene
[2021-04-27 20:44:46.856] [jointLog] [warning] couldn't find transcript named [DQ854997] in transcript <-> gene map; returning transcript as it's own gene
[2021-04-27 20:44:46.856] [jointLog] [warning] couldn't find transcript named [DQ883643] in transcript <-> gene map; returning transcript as it's own gene
[2021-04-27 20:44:46.856] [jointLog] [warning] couldn't find transcript named [DQ839618] in transcript <-> gene map; returning transcript as it's own gene
[2021-04-27 20:44:46.856] [jointLog] [warning] couldn't find transcript named [DQ516795] in transcript <-> gene map; returning transcript as it's own gene
[2021-04-27 20:44:46.856] [jointLog] [warning] couldn't find transcript named [DQ883658] in transcript <-> gene map; returning transcript as it's own gene
[2021-04-27 20:44:46.856] [jointLog] [warning] couldn't find transcript named [DQ516750] in transcript <-> gene map; returning transcript as it's own gene
[2021-04-27 20:44:46.856] [jointLog] [warning] couldn't find transcript named [DQ668359] in transcript <-> gene map; returning transcript as it's own gene
[2021-04-27 20:44:46.856] [jointLog] [warning] couldn't find transcript named [DQ516779] in transcript <-> gene map; returning transcript as it's own gene
[2021-04-27 20:44:46.856] [jointLog] [warning] couldn't find transcript named [DQ668363] in transcript <-> gene map; returning transcript as it's own gene
[2021-04-27 20:44:46.856] [jointLog] [warning] couldn't find transcript named [DQ516776] in transcript <-> gene map; returning transcript as it's own gene
[2021-04-27 20:44:46.856] [jointLog] [warning] couldn't find transcript named [DQ516773] in transcript <-> gene map; returning transcript as it's own gene
[2021-04-27 20:44:46.856] [jointLog] [warning] couldn't find transcript named [DQ854994] in transcript <-> gene map; returning transcript as it's own gene
[2021-04-27 20:44:46.857] [jointLog] [info] Aggregating expressions to gene level
[2021-04-27 20:44:47.030] [jointLog] [info] done
