[2021-04-27 21:53:07.396] [jointLog] [info] setting maxHashResizeThreads to 6
[2021-04-27 21:53:07.396] [jointLog] [info] Fragment incompatibility prior below threshold.  Incompatible fragments will be ignored.
[2021-04-27 21:53:07.406] [jointLog] [info] numQuantThreads = 3
[2021-04-27 21:53:12.430] [fileLog] [info] quantification processed 0 fragments so far

[2021-04-27 21:53:12.179] [jointLog] [info] replaced 4 non-ACGT nucleotides with random nucleotides
[2021-04-27 21:53:15.642] [fileLog] [info] quantification processed 1000000 fragments so far

[2021-04-27 21:53:18.545] [fileLog] [info] quantification processed 2000000 fragments so far

[2021-04-27 21:53:19.396] [jointLog] [info] 

The alignment group queue pool has been exhausted.  3056911 extra fragments were allocated on the heap to saturate the pool.  No new fragments will be allocated


[2021-04-27 21:53:33.396] [fileLog] [info] quantification processed 3000000 fragments so far

[2021-04-27 21:53:48.515] [fileLog] [info] quantification processed 4000000 fragments so far

[2021-04-27 21:54:03.288] [fileLog] [info] quantification processed 5000000 fragments so far

[2021-04-27 21:54:22.671] [fileLog] [info] quantification processed 6000000 fragments so far

[2021-04-27 21:54:40.885] [fileLog] [info] quantification processed 7000000 fragments so far

[2021-04-27 21:54:43.966] [fileLog] [info] quantification processed 8000000 fragments so far

[2021-04-27 21:54:47.046] [fileLog] [info] quantification processed 9000000 fragments so far

[2021-04-27 21:54:49.942] [fileLog] [info] quantification processed 10000000 fragments so far

[2021-04-27 21:54:53.091] [fileLog] [info] quantification processed 11000000 fragments so far

[2021-04-27 21:54:56.035] [fileLog] [info] quantification processed 12000000 fragments so far

[2021-04-27 21:54:58.912] [fileLog] [info] quantification processed 13000000 fragments so far

[2021-04-27 21:55:01.934] [fileLog] [info] quantification processed 14000000 fragments so far

[2021-04-27 21:55:04.984] [fileLog] [info] quantification processed 15000000 fragments so far

[2021-04-27 21:55:08.251] [fileLog] [info] quantification processed 16000000 fragments so far

[2021-04-27 21:55:11.455] [fileLog] [info] quantification processed 17000000 fragments so far

[2021-04-27 21:55:14.502] [fileLog] [info] quantification processed 18000000 fragments so far

[2021-04-27 21:55:17.335] [fileLog] [info] quantification processed 19000000 fragments so far

[2021-04-27 21:55:20.246] [fileLog] [info] quantification processed 20000000 fragments so far

[2021-04-27 21:55:23.422] [fileLog] [info] quantification processed 21000000 fragments so far

[2021-04-27 21:55:26.545] [fileLog] [info] quantification processed 22000000 fragments so far

[2021-04-27 21:55:29.741] [fileLog] [info] quantification processed 23000000 fragments so far

[2021-04-27 21:55:32.891] [fileLog] [info] quantification processed 24000000 fragments so far

[2021-04-27 21:55:35.878] [fileLog] [info] quantification processed 25000000 fragments so far

[2021-04-27 21:55:38.734] [fileLog] [info] quantification processed 26000000 fragments so far

[2021-04-27 21:55:41.705] [fileLog] [info] quantification processed 27000000 fragments so far

[2021-04-27 21:55:44.724] [fileLog] [info] quantification processed 28000000 fragments so far

[2021-04-27 21:55:47.849] [fileLog] [info] quantification processed 29000000 fragments so far

[2021-04-27 21:55:51.039] [fileLog] [info] quantification processed 30000000 fragments so far

[2021-04-27 21:55:54.013] [fileLog] [info] quantification processed 31000000 fragments so far

[2021-04-27 21:55:56.892] [fileLog] [info] quantification processed 32000000 fragments so far

[2021-04-27 21:55:59.897] [fileLog] [info] quantification processed 33000000 fragments so far

[2021-04-27 21:56:03.067] [fileLog] [info] quantification processed 34000000 fragments so far

[2021-04-27 21:56:06.152] [fileLog] [info] quantification processed 35000000 fragments so far

[2021-04-27 21:56:09.116] [fileLog] [info] quantification processed 36000000 fragments so far

[2021-04-27 21:56:12.168] [fileLog] [info] quantification processed 37000000 fragments so far

[2021-04-27 21:56:15.190] [fileLog] [info] quantification processed 38000000 fragments so far

[2021-04-27 21:56:18.167] [fileLog] [info] quantification processed 39000000 fragments so far

[2021-04-27 21:56:20.830] [fileLog] [info] quantification processed 39906879 fragments so far

[2021-04-27 21:56:26.974] [jointLog] [info] Thread saw mini-batch with a maximum of 2.50% zero probability fragments
[2021-04-27 21:56:26.975] [jointLog] [info] Thread saw mini-batch with a maximum of 2.90% zero probability fragments
[2021-04-27 21:56:26.981] [jointLog] [info] Thread saw mini-batch with a maximum of 2.70% zero probability fragments
[2021-04-27 21:56:26.981] [jointLog] [info] 


Completed first pass through the alignment file.
Total # of mapped reads : 39906879
# of uniquely mapped reads : 15328316
# ambiguously mapped reads : 24578563



[2021-04-27 21:56:27.198] [jointLog] [info] Computed 240600 rich equivalence classes for further processing
[2021-04-27 21:56:27.198] [jointLog] [info] Counted 39607055 total reads in the equivalence classes 
[2021-04-27 21:56:27.200] [jointLog] [info] starting optimizer
[2021-04-27 21:56:27.341] [jointLog] [info] Marked 0 weighted equivalence classes as degenerate
[2021-04-27 21:56:27.366] [jointLog] [info] iteration = 0 | max rel diff. = 5759.54
[2021-04-27 21:56:29.086] [jointLog] [info] iteration = 100 | max rel diff. = 12.1352
[2021-04-27 21:56:30.740] [jointLog] [info] iteration = 200 | max rel diff. = 16.4762
[2021-04-27 21:56:32.414] [jointLog] [info] iteration = 300 | max rel diff. = 0.741846
[2021-04-27 21:56:34.059] [jointLog] [info] iteration = 400 | max rel diff. = 2.17653
[2021-04-27 21:56:35.673] [jointLog] [info] iteration = 500 | max rel diff. = 2.19135
[2021-04-27 21:56:37.317] [jointLog] [info] iteration = 600 | max rel diff. = 6.38331
[2021-04-27 21:56:39.119] [jointLog] [info] iteration = 700 | max rel diff. = 0.172453
[2021-04-27 21:56:41.046] [jointLog] [info] iteration = 800 | max rel diff. = 0.265441
[2021-04-27 21:56:42.892] [jointLog] [info] iteration = 900 | max rel diff. = 0.736659
[2021-04-27 21:56:44.570] [jointLog] [info] iteration = 1000 | max rel diff. = 0.180479
[2021-04-27 21:56:46.264] [jointLog] [info] iteration = 1100 | max rel diff. = 0.151718
[2021-04-27 21:56:47.923] [jointLog] [info] iteration = 1200 | max rel diff. = 0.285446
[2021-04-27 21:56:49.552] [jointLog] [info] iteration = 1300 | max rel diff. = 0.361356
[2021-04-27 21:56:51.178] [jointLog] [info] iteration = 1400 | max rel diff. = 0.263423
[2021-04-27 21:56:52.813] [jointLog] [info] iteration = 1500 | max rel diff. = 8.01207
[2021-04-27 21:56:54.474] [jointLog] [info] iteration = 1600 | max rel diff. = 0.379075
[2021-04-27 21:56:56.147] [jointLog] [info] iteration = 1700 | max rel diff. = 0.0491925
[2021-04-27 21:56:57.883] [jointLog] [info] iteration = 1800 | max rel diff. = 0.0991332
[2021-04-27 21:56:59.715] [jointLog] [info] iteration = 1900 | max rel diff. = 0.0133213
[2021-04-27 21:57:01.404] [jointLog] [info] iteration = 2000 | max rel diff. = 0.0124358
[2021-04-27 21:57:03.252] [jointLog] [info] iteration = 2100 | max rel diff. = 0.0809774
[2021-04-27 21:57:04.997] [jointLog] [info] iteration = 2200 | max rel diff. = 0.0352149
[2021-04-27 21:57:05.478] [jointLog] [info] iteration = 2230 | max rel diff. = 0.0064323
[2021-04-27 21:57:05.517] [jointLog] [info] finished optimizer
[2021-04-27 21:57:05.517] [jointLog] [info] writing output
[2021-04-27 21:57:07.376] [jointLog] [info] Computing gene-level abundance estimates
[2021-04-27 21:57:35.616] [jointLog] [warning] Feature has no GFF ID
[2021-04-27 21:57:35.616] [jointLog] [warning] Feature has no GFF ID
[2021-04-27 21:57:35.616] [jointLog] [warning] Feature has no GFF ID
[2021-04-27 21:57:35.616] [jointLog] [warning] Feature has no GFF ID
[2021-04-27 21:57:35.616] [jointLog] [warning] Feature has no GFF ID
[2021-04-27 21:57:35.616] [jointLog] [warning] Feature has no GFF ID
[2021-04-27 21:57:35.616] [jointLog] [warning] Feature has no GFF ID
[2021-04-27 21:57:35.616] [jointLog] [warning] Feature has no GFF ID
[2021-04-27 21:57:35.616] [jointLog] [warning] Feature has no GFF ID
[2021-04-27 21:57:35.616] [jointLog] [warning] Feature has no GFF ID
[2021-04-27 21:57:35.616] [jointLog] [warning] Feature has no GFF ID
[2021-04-27 21:57:35.616] [jointLog] [warning] Feature has no GFF ID
[2021-04-27 21:57:35.617] [jointLog] [warning] Feature has no GFF ID
[2021-04-27 21:57:35.617] [jointLog] [warning] Feature has no GFF ID
[2021-04-27 21:57:35.617] [jointLog] [warning] Feature has no GFF ID
[2021-04-27 21:57:35.617] [jointLog] [warning] Feature has no GFF ID
[2021-04-27 21:57:35.617] [jointLog] [warning] Feature has no GFF ID
[2021-04-27 21:57:35.617] [jointLog] [warning] Feature has no GFF ID
[2021-04-27 21:57:35.617] [jointLog] [warning] Feature has no GFF ID
[2021-04-27 21:57:35.617] [jointLog] [warning] Feature has no GFF ID
[2021-04-27 21:57:35.617] [jointLog] [warning] Feature has no GFF ID
[2021-04-27 21:57:35.617] [jointLog] [warning] Feature has no GFF ID
[2021-04-27 21:57:35.617] [jointLog] [warning] Feature has no GFF ID
[2021-04-27 21:57:35.617] [jointLog] [warning] Feature has no GFF ID
[2021-04-27 21:57:35.617] [jointLog] [warning] Feature has no GFF ID
[2021-04-27 21:57:35.617] [jointLog] [warning] Feature has no GFF ID
[2021-04-27 21:57:35.617] [jointLog] [warning] Feature has no GFF ID
[2021-04-27 21:57:35.617] [jointLog] [warning] Feature has no GFF ID
[2021-04-27 21:57:35.617] [jointLog] [warning] Feature has no GFF ID
[2021-04-27 21:57:35.617] [jointLog] [warning] Feature has no GFF ID
[2021-04-27 21:57:35.617] [jointLog] [warning] Feature has no GFF ID
[2021-04-27 21:57:35.617] [jointLog] [warning] Feature has no GFF ID
[2021-04-27 21:57:35.617] [jointLog] [warning] Feature has no GFF ID
[2021-04-27 21:57:35.617] [jointLog] [warning] Feature has no GFF ID
[2021-04-27 21:57:35.617] [jointLog] [warning] Feature has no GFF ID
[2021-04-27 21:57:35.617] [jointLog] [warning] Feature has no GFF ID
[2021-04-27 21:57:35.617] [jointLog] [warning] Feature has no GFF ID
[2021-04-27 21:57:35.617] [jointLog] [warning] Feature has no GFF ID
[2021-04-27 21:57:35.617] [jointLog] [warning] Feature has no GFF ID
[2021-04-27 21:57:35.617] [jointLog] [warning] Feature has no GFF ID
[2021-04-27 21:57:35.617] [jointLog] [warning] Feature has no GFF ID
[2021-04-27 21:57:35.617] [jointLog] [warning] Feature has no GFF ID
[2021-04-27 21:57:35.617] [jointLog] [warning] Feature has no GFF ID
[2021-04-27 21:57:35.617] [jointLog] [warning] Feature has no GFF ID
[2021-04-27 21:57:35.617] [jointLog] [warning] Feature has no GFF ID
[2021-04-27 21:57:35.617] [jointLog] [warning] Feature has no GFF ID
[2021-04-27 21:57:35.617] [jointLog] [warning] Feature has no GFF ID
[2021-04-27 21:57:35.617] [jointLog] [warning] Feature has no GFF ID
[2021-04-27 21:57:35.617] [jointLog] [warning] Feature has no GFF ID
[2021-04-27 21:57:35.617] [jointLog] [warning] Feature has no GFF ID
[2021-04-27 21:57:35.617] [jointLog] [warning] Feature has no GFF ID
[2021-04-27 21:57:35.617] [jointLog] [warning] Feature has no GFF ID
[2021-04-27 21:57:35.617] [jointLog] [warning] Feature has no GFF ID
[2021-04-27 21:57:35.617] [jointLog] [warning] Feature has no GFF ID
[2021-04-27 21:57:35.617] [jointLog] [warning] Feature has no GFF ID
[2021-04-27 21:57:35.617] [jointLog] [warning] Feature has no GFF ID
[2021-04-27 21:57:35.617] [jointLog] [warning] Feature has no GFF ID
[2021-04-27 21:57:35.617] [jointLog] [warning] Feature has no GFF ID
[2021-04-27 21:57:35.617] [jointLog] [warning] Feature has no GFF ID
[2021-04-27 21:57:35.617] [jointLog] [warning] Feature has no GFF ID
[2021-04-27 21:57:35.617] [jointLog] [warning] Feature has no GFF ID
[2021-04-27 21:57:35.617] [jointLog] [warning] Feature has no GFF ID
[2021-04-27 21:57:35.617] [jointLog] [warning] Feature has no GFF ID
[2021-04-27 21:57:35.617] [jointLog] [warning] Feature has no GFF ID
[2021-04-27 21:57:35.617] [jointLog] [warning] Feature has no GFF ID
[2021-04-27 21:57:35.617] [jointLog] [warning] Feature has no GFF ID
[2021-04-27 21:57:35.617] [jointLog] [warning] Feature has no GFF ID
[2021-04-27 21:57:35.617] [jointLog] [warning] Feature has no GFF ID
[2021-04-27 21:57:35.617] [jointLog] [warning] Feature has no GFF ID
[2021-04-27 21:57:35.617] [jointLog] [warning] Feature has no GFF ID
[2021-04-27 21:57:35.617] [jointLog] [warning] Feature has no GFF ID
[2021-04-27 21:57:35.617] [jointLog] [warning] Feature has no GFF ID
[2021-04-27 21:57:35.617] [jointLog] [warning] Feature has no GFF ID
[2021-04-27 21:57:35.617] [jointLog] [warning] Feature has no GFF ID
[2021-04-27 21:57:35.617] [jointLog] [warning] Feature has no GFF ID
[2021-04-27 21:57:35.617] [jointLog] [warning] Feature has no GFF ID
[2021-04-27 21:57:35.617] [jointLog] [warning] Feature has no GFF ID
[2021-04-27 21:57:35.617] [jointLog] [warning] Feature has no GFF ID
[2021-04-27 21:57:35.617] [jointLog] [warning] Feature has no GFF ID
[2021-04-27 21:57:35.617] [jointLog] [warning] Feature has no GFF ID
[2021-04-27 21:57:35.617] [jointLog] [warning] Feature has no GFF ID
[2021-04-27 21:57:35.617] [jointLog] [warning] Feature has no GFF ID
[2021-04-27 21:57:35.617] [jointLog] [warning] Feature has no GFF ID
[2021-04-27 21:57:35.617] [jointLog] [warning] Feature has no GFF ID
[2021-04-27 21:57:35.617] [jointLog] [warning] Feature has no GFF ID
[2021-04-27 21:57:35.617] [jointLog] [warning] Feature has no GFF ID
[2021-04-27 21:57:35.617] [jointLog] [warning] Feature has no GFF ID
[2021-04-27 21:57:35.617] [jointLog] [warning] Feature has no GFF ID
[2021-04-27 21:57:35.617] [jointLog] [warning] Feature has no GFF ID
[2021-04-27 21:57:35.617] [jointLog] [warning] Feature has no GFF ID
[2021-04-27 21:57:35.617] [jointLog] [warning] Feature has no GFF ID
[2021-04-27 21:57:35.617] [jointLog] [warning] Feature has no GFF ID
[2021-04-27 21:57:35.930] [jointLog] [info] There were 142604 transcripts mapping to 55401 genes
[2021-04-27 21:57:35.930] [jointLog] [info] NOTE: We recommend using tximport (https://bioconductor.org/packages/release/bioc/html/tximport.html) for aggregating transcript-level salmon abundance estimates to the gene level.  It is more versatile, exposes more features, and allows considering multi-sample information during aggregation.
[2021-04-27 21:57:36.230] [jointLog] [warning] couldn't find transcript named [DQ459430] in transcript <-> gene map; returning transcript as it's own gene
[2021-04-27 21:57:36.230] [jointLog] [warning] couldn't find transcript named [DQ516784] in transcript <-> gene map; returning transcript as it's own gene
[2021-04-27 21:57:36.230] [jointLog] [warning] couldn't find transcript named [DQ516752] in transcript <-> gene map; returning transcript as it's own gene
[2021-04-27 21:57:36.230] [jointLog] [warning] couldn't find transcript named [DQ668364] in transcript <-> gene map; returning transcript as it's own gene
[2021-04-27 21:57:36.230] [jointLog] [warning] couldn't find transcript named [DQ883670] in transcript <-> gene map; returning transcript as it's own gene
[2021-04-27 21:57:36.230] [jointLog] [warning] couldn't find transcript named [EF011062] in transcript <-> gene map; returning transcript as it's own gene
[2021-04-27 21:57:36.230] [jointLog] [warning] couldn't find transcript named [DQ875385] in transcript <-> gene map; returning transcript as it's own gene
[2021-04-27 21:57:36.230] [jointLog] [warning] couldn't find transcript named [DQ883664] in transcript <-> gene map; returning transcript as it's own gene
[2021-04-27 21:57:36.230] [jointLog] [warning] couldn't find transcript named [DQ459420] in transcript <-> gene map; returning transcript as it's own gene
[2021-04-27 21:57:36.230] [jointLog] [warning] couldn't find transcript named [DQ883651] in transcript <-> gene map; returning transcript as it's own gene
[2021-04-27 21:57:36.230] [jointLog] [warning] couldn't find transcript named [DQ855004] in transcript <-> gene map; returning transcript as it's own gene
[2021-04-27 21:57:36.230] [jointLog] [warning] couldn't find transcript named [DQ854993] in transcript <-> gene map; returning transcript as it's own gene
[2021-04-27 21:57:36.230] [jointLog] [warning] couldn't find transcript named [DQ883689] in transcript <-> gene map; returning transcript as it's own gene
[2021-04-27 21:57:36.230] [jointLog] [warning] couldn't find transcript named [DQ459419] in transcript <-> gene map; returning transcript as it's own gene
[2021-04-27 21:57:36.230] [jointLog] [warning] couldn't find transcript named [DQ459431] in transcript <-> gene map; returning transcript as it's own gene
[2021-04-27 21:57:36.230] [jointLog] [warning] couldn't find transcript named [DQ516796] in transcript <-> gene map; returning transcript as it's own gene
[2021-04-27 21:57:36.230] [jointLog] [warning] couldn't find transcript named [DQ855001] in transcript <-> gene map; returning transcript as it's own gene
[2021-04-27 21:57:36.230] [jointLog] [warning] couldn't find transcript named [DQ459413] in transcript <-> gene map; returning transcript as it's own gene
[2021-04-27 21:57:36.230] [jointLog] [warning] couldn't find transcript named [DQ883656] in transcript <-> gene map; returning transcript as it's own gene
[2021-04-27 21:57:36.230] [jointLog] [warning] couldn't find transcript named [DQ883661] in transcript <-> gene map; returning transcript as it's own gene
[2021-04-27 21:57:36.230] [jointLog] [warning] couldn't find transcript named [EF011069] in transcript <-> gene map; returning transcript as it's own gene
[2021-04-27 21:57:36.230] [jointLog] [warning] couldn't find transcript named [DQ516783] in transcript <-> gene map; returning transcript as it's own gene
[2021-04-27 21:57:36.230] [jointLog] [warning] couldn't find transcript named [DQ516787] in transcript <-> gene map; returning transcript as it's own gene
[2021-04-27 21:57:36.230] [jointLog] [warning] couldn't find transcript named [DQ459424] in transcript <-> gene map; returning transcript as it's own gene
[2021-04-27 21:57:36.230] [jointLog] [warning] couldn't find transcript named [DQ516748] in transcript <-> gene map; returning transcript as it's own gene
[2021-04-27 21:57:36.230] [jointLog] [warning] couldn't find transcript named [DQ883671] in transcript <-> gene map; returning transcript as it's own gene
[2021-04-27 21:57:36.230] [jointLog] [warning] couldn't find transcript named [DQ516740] in transcript <-> gene map; returning transcript as it's own gene
[2021-04-27 21:57:36.230] [jointLog] [warning] couldn't find transcript named [DQ516785] in transcript <-> gene map; returning transcript as it's own gene
[2021-04-27 21:57:36.230] [jointLog] [warning] couldn't find transcript named [DQ516731] in transcript <-> gene map; returning transcript as it's own gene
[2021-04-27 21:57:36.230] [jointLog] [warning] couldn't find transcript named [DQ668366] in transcript <-> gene map; returning transcript as it's own gene
[2021-04-27 21:57:36.230] [jointLog] [warning] couldn't find transcript named [DQ459418] in transcript <-> gene map; returning transcript as it's own gene
[2021-04-27 21:57:36.230] [jointLog] [warning] couldn't find transcript named [DQ668356] in transcript <-> gene map; returning transcript as it's own gene
[2021-04-27 21:57:36.230] [jointLog] [warning] couldn't find transcript named [DQ516763] in transcript <-> gene map; returning transcript as it's own gene
[2021-04-27 21:57:36.230] [jointLog] [warning] couldn't find transcript named [DQ459426] in transcript <-> gene map; returning transcript as it's own gene
[2021-04-27 21:57:36.230] [jointLog] [warning] couldn't find transcript named [DQ516786] in transcript <-> gene map; returning transcript as it's own gene
[2021-04-27 21:57:36.230] [jointLog] [warning] couldn't find transcript named [DQ883653] in transcript <-> gene map; returning transcript as it's own gene
[2021-04-27 21:57:36.230] [jointLog] [warning] couldn't find transcript named [DQ459421] in transcript <-> gene map; returning transcript as it's own gene
[2021-04-27 21:57:36.230] [jointLog] [warning] couldn't find transcript named [DQ883654] in transcript <-> gene map; returning transcript as it's own gene
[2021-04-27 21:57:36.230] [jointLog] [warning] couldn't find transcript named [DQ668358] in transcript <-> gene map; returning transcript as it's own gene
[2021-04-27 21:57:36.230] [jointLog] [warning] couldn't find transcript named [DQ516754] in transcript <-> gene map; returning transcript as it's own gene
[2021-04-27 21:57:36.230] [jointLog] [warning] couldn't find transcript named [DQ516778] in transcript <-> gene map; returning transcript as it's own gene
[2021-04-27 21:57:36.230] [jointLog] [warning] couldn't find transcript named [DQ883650] in transcript <-> gene map; returning transcript as it's own gene
[2021-04-27 21:57:36.230] [jointLog] [warning] couldn't find transcript named [DQ516742] in transcript <-> gene map; returning transcript as it's own gene
[2021-04-27 21:57:36.230] [jointLog] [warning] couldn't find transcript named [DQ883673] in transcript <-> gene map; returning transcript as it's own gene
[2021-04-27 21:57:36.230] [jointLog] [warning] couldn't find transcript named [DQ883652] in transcript <-> gene map; returning transcript as it's own gene
[2021-04-27 21:57:36.230] [jointLog] [warning] couldn't find transcript named [DQ854991] in transcript <-> gene map; returning transcript as it's own gene
[2021-04-27 21:57:36.230] [jointLog] [warning] couldn't find transcript named [DQ516780] in transcript <-> gene map; returning transcript as it's own gene
[2021-04-27 21:57:36.230] [jointLog] [warning] couldn't find transcript named [DQ883682] in transcript <-> gene map; returning transcript as it's own gene
[2021-04-27 21:57:36.230] [jointLog] [warning] couldn't find transcript named [DQ883669] in transcript <-> gene map; returning transcript as it's own gene
[2021-04-27 21:57:36.230] [jointLog] [warning] couldn't find transcript named [DQ516791] in transcript <-> gene map; returning transcript as it's own gene
[2021-04-27 21:57:36.230] [jointLog] [warning] couldn't find transcript named [DQ459425] in transcript <-> gene map; returning transcript as it's own gene
[2021-04-27 21:57:36.230] [jointLog] [warning] couldn't find transcript named [DQ516759] in transcript <-> gene map; returning transcript as it's own gene
[2021-04-27 21:57:36.230] [jointLog] [warning] couldn't find transcript named [DQ459429] in transcript <-> gene map; returning transcript as it's own gene
[2021-04-27 21:57:36.230] [jointLog] [warning] couldn't find transcript named [DQ516758] in transcript <-> gene map; returning transcript as it's own gene
[2021-04-27 21:57:36.230] [jointLog] [warning] couldn't find transcript named [DQ459415] in transcript <-> gene map; returning transcript as it's own gene
[2021-04-27 21:57:36.230] [jointLog] [warning] couldn't find transcript named [DQ875387] in transcript <-> gene map; returning transcript as it's own gene
[2021-04-27 21:57:36.230] [jointLog] [warning] couldn't find transcript named [DQ516815] in transcript <-> gene map; returning transcript as it's own gene
[2021-04-27 21:57:36.230] [jointLog] [warning] couldn't find transcript named [DQ668365] in transcript <-> gene map; returning transcript as it's own gene
[2021-04-27 21:57:36.230] [jointLog] [warning] couldn't find transcript named [DQ854998] in transcript <-> gene map; returning transcript as it's own gene
[2021-04-27 21:57:36.230] [jointLog] [warning] couldn't find transcript named [DQ883685] in transcript <-> gene map; returning transcript as it's own gene
[2021-04-27 21:57:36.230] [jointLog] [warning] couldn't find transcript named [DQ459422] in transcript <-> gene map; returning transcript as it's own gene
[2021-04-27 21:57:36.230] [jointLog] [warning] couldn't find transcript named [DQ883663] in transcript <-> gene map; returning transcript as it's own gene
[2021-04-27 21:57:36.230] [jointLog] [warning] couldn't find transcript named [DQ668367] in transcript <-> gene map; returning transcript as it's own gene
[2021-04-27 21:57:36.230] [jointLog] [warning] couldn't find transcript named [DQ459412] in transcript <-> gene map; returning transcript as it's own gene
[2021-04-27 21:57:36.230] [jointLog] [warning] couldn't find transcript named [DQ854992] in transcript <-> gene map; returning transcript as it's own gene
[2021-04-27 21:57:36.230] [jointLog] [warning] couldn't find transcript named [DQ516782] in transcript <-> gene map; returning transcript as it's own gene
[2021-04-27 21:57:36.230] [jointLog] [warning] couldn't find transcript named [DQ459427] in transcript <-> gene map; returning transcript as it's own gene
[2021-04-27 21:57:36.230] [jointLog] [warning] couldn't find transcript named [EF011072] in transcript <-> gene map; returning transcript as it's own gene
[2021-04-27 21:57:36.230] [jointLog] [warning] couldn't find transcript named [DQ855003] in transcript <-> gene map; returning transcript as it's own gene
[2021-04-27 21:57:36.230] [jointLog] [warning] couldn't find transcript named [DQ516739] in transcript <-> gene map; returning transcript as it's own gene
[2021-04-27 21:57:36.230] [jointLog] [warning] couldn't find transcript named [EF011063] in transcript <-> gene map; returning transcript as it's own gene
[2021-04-27 21:57:36.230] [jointLog] [warning] couldn't find transcript named [DQ855000] in transcript <-> gene map; returning transcript as it's own gene
[2021-04-27 21:57:36.230] [jointLog] [warning] couldn't find transcript named [DQ516777] in transcript <-> gene map; returning transcript as it's own gene
[2021-04-27 21:57:36.230] [jointLog] [warning] couldn't find transcript named [DQ883646] in transcript <-> gene map; returning transcript as it's own gene
[2021-04-27 21:57:36.230] [jointLog] [warning] couldn't find transcript named [DQ668362] in transcript <-> gene map; returning transcript as it's own gene
[2021-04-27 21:57:36.230] [jointLog] [warning] couldn't find transcript named [DQ854995] in transcript <-> gene map; returning transcript as it's own gene
[2021-04-27 21:57:36.230] [jointLog] [warning] couldn't find transcript named [DQ875386] in transcript <-> gene map; returning transcript as it's own gene
[2021-04-27 21:57:36.230] [jointLog] [warning] couldn't find transcript named [DQ516790] in transcript <-> gene map; returning transcript as it's own gene
[2021-04-27 21:57:36.230] [jointLog] [warning] couldn't find transcript named [DQ883642] in transcript <-> gene map; returning transcript as it's own gene
[2021-04-27 21:57:36.230] [jointLog] [warning] couldn't find transcript named [DQ883659] in transcript <-> gene map; returning transcript as it's own gene
[2021-04-27 21:57:36.230] [jointLog] [warning] couldn't find transcript named [DQ854997] in transcript <-> gene map; returning transcript as it's own gene
[2021-04-27 21:57:36.230] [jointLog] [warning] couldn't find transcript named [DQ883643] in transcript <-> gene map; returning transcript as it's own gene
[2021-04-27 21:57:36.230] [jointLog] [warning] couldn't find transcript named [DQ839618] in transcript <-> gene map; returning transcript as it's own gene
[2021-04-27 21:57:36.230] [jointLog] [warning] couldn't find transcript named [DQ516795] in transcript <-> gene map; returning transcript as it's own gene
[2021-04-27 21:57:36.230] [jointLog] [warning] couldn't find transcript named [DQ883658] in transcript <-> gene map; returning transcript as it's own gene
[2021-04-27 21:57:36.230] [jointLog] [warning] couldn't find transcript named [DQ516750] in transcript <-> gene map; returning transcript as it's own gene
[2021-04-27 21:57:36.230] [jointLog] [warning] couldn't find transcript named [DQ668359] in transcript <-> gene map; returning transcript as it's own gene
[2021-04-27 21:57:36.230] [jointLog] [warning] couldn't find transcript named [DQ516779] in transcript <-> gene map; returning transcript as it's own gene
[2021-04-27 21:57:36.230] [jointLog] [warning] couldn't find transcript named [DQ668363] in transcript <-> gene map; returning transcript as it's own gene
[2021-04-27 21:57:36.230] [jointLog] [warning] couldn't find transcript named [DQ516776] in transcript <-> gene map; returning transcript as it's own gene
[2021-04-27 21:57:36.230] [jointLog] [warning] couldn't find transcript named [DQ516773] in transcript <-> gene map; returning transcript as it's own gene
[2021-04-27 21:57:36.230] [jointLog] [warning] couldn't find transcript named [DQ854994] in transcript <-> gene map; returning transcript as it's own gene
[2021-04-27 21:57:36.231] [jointLog] [info] Aggregating expressions to gene level
[2021-04-27 21:57:36.407] [jointLog] [info] done
