[2021-04-27 20:28:41.990] [jointLog] [info] setting maxHashResizeThreads to 6
[2021-04-27 20:28:41.990] [jointLog] [info] Fragment incompatibility prior below threshold.  Incompatible fragments will be ignored.
[2021-04-27 20:28:41.991] [jointLog] [info] numQuantThreads = 3
[2021-04-27 20:28:44.818] [jointLog] [info] replaced 4 non-ACGT nucleotides with random nucleotides
[2021-04-27 20:28:45.190] [fileLog] [info] quantification processed 0 fragments so far

[2021-04-27 20:28:48.054] [fileLog] [info] quantification processed 1000000 fragments so far

[2021-04-27 20:28:50.861] [fileLog] [info] quantification processed 2000000 fragments so far

[2021-04-27 20:28:52.433] [jointLog] [info] 

The alignment group queue pool has been exhausted.  2901546 extra fragments were allocated on the heap to saturate the pool.  No new fragments will be allocated


[2021-04-27 20:29:01.306] [fileLog] [info] quantification processed 3000000 fragments so far

[2021-04-27 20:29:15.113] [fileLog] [info] quantification processed 4000000 fragments so far

[2021-04-27 20:29:28.979] [fileLog] [info] quantification processed 5000000 fragments so far

[2021-04-27 20:29:42.505] [fileLog] [info] quantification processed 6000000 fragments so far

[2021-04-27 20:29:55.984] [fileLog] [info] quantification processed 7000000 fragments so far

[2021-04-27 20:29:58.929] [fileLog] [info] quantification processed 8000000 fragments so far

[2021-04-27 20:30:02.202] [fileLog] [info] quantification processed 9000000 fragments so far

[2021-04-27 20:30:04.655] [fileLog] [info] quantification processed 10000000 fragments so far

[2021-04-27 20:30:08.315] [fileLog] [info] quantification processed 11000000 fragments so far

[2021-04-27 20:30:11.674] [fileLog] [info] quantification processed 12000000 fragments so far

[2021-04-27 20:30:14.225] [fileLog] [info] quantification processed 13000000 fragments so far

[2021-04-27 20:30:17.430] [fileLog] [info] quantification processed 14000000 fragments so far

[2021-04-27 20:30:21.307] [fileLog] [info] quantification processed 15000000 fragments so far

[2021-04-27 20:30:25.735] [fileLog] [info] quantification processed 16000000 fragments so far

[2021-04-27 20:30:28.749] [fileLog] [info] quantification processed 17000000 fragments so far

[2021-04-27 20:30:32.169] [fileLog] [info] quantification processed 18000000 fragments so far

[2021-04-27 20:30:34.864] [fileLog] [info] quantification processed 19000000 fragments so far

[2021-04-27 20:30:37.657] [fileLog] [info] quantification processed 20000000 fragments so far

[2021-04-27 20:30:40.272] [fileLog] [info] quantification processed 21000000 fragments so far

[2021-04-27 20:30:43.608] [fileLog] [info] quantification processed 22000000 fragments so far

[2021-04-27 20:30:45.723] [fileLog] [info] quantification processed 23000000 fragments so far

[2021-04-27 20:30:48.242] [fileLog] [info] quantification processed 24000000 fragments so far

[2021-04-27 20:30:52.748] [fileLog] [info] quantification processed 25000000 fragments so far

[2021-04-27 20:30:53.436] [fileLog] [info] quantification processed 25228696 fragments so far

[2021-04-27 20:30:53.529] [jointLog] [info] Thread saw mini-batch with a maximum of 3.60% zero probability fragments
[2021-04-27 20:30:53.531] [jointLog] [info] Thread saw mini-batch with a maximum of 4.60% zero probability fragments
[2021-04-27 20:30:53.533] [jointLog] [info] Thread saw mini-batch with a maximum of 5.00% zero probability fragments
[2021-04-27 20:30:53.534] [jointLog] [info] 


Completed first pass through the alignment file.
Total # of mapped reads : 25228696
# of uniquely mapped reads : 9928755
# ambiguously mapped reads : 15299941



[2021-04-27 20:30:53.679] [jointLog] [info] Computed 222924 rich equivalence classes for further processing
[2021-04-27 20:30:53.679] [jointLog] [info] Counted 25121204 total reads in the equivalence classes 
[2021-04-27 20:30:53.682] [jointLog] [info] starting optimizer
[2021-04-27 20:30:53.791] [jointLog] [info] Marked 0 weighted equivalence classes as degenerate
[2021-04-27 20:30:53.810] [jointLog] [info] iteration = 0 | max rel diff. = 8709.17
[2021-04-27 20:30:55.354] [jointLog] [info] iteration = 100 | max rel diff. = 11.9323
[2021-04-27 20:30:56.881] [jointLog] [info] iteration = 200 | max rel diff. = 19.4632
[2021-04-27 20:30:58.415] [jointLog] [info] iteration = 300 | max rel diff. = 3.31529
[2021-04-27 20:30:59.931] [jointLog] [info] iteration = 400 | max rel diff. = 0.734962
[2021-04-27 20:31:01.474] [jointLog] [info] iteration = 500 | max rel diff. = 1.59494
[2021-04-27 20:31:03.014] [jointLog] [info] iteration = 600 | max rel diff. = 0.856459
[2021-04-27 20:31:04.533] [jointLog] [info] iteration = 700 | max rel diff. = 0.0334071
[2021-04-27 20:31:06.058] [jointLog] [info] iteration = 800 | max rel diff. = 0.273918
[2021-04-27 20:31:07.586] [jointLog] [info] iteration = 900 | max rel diff. = 0.145217
[2021-04-27 20:31:09.089] [jointLog] [info] iteration = 1000 | max rel diff. = 0.0538048
[2021-04-27 20:31:10.599] [jointLog] [info] iteration = 1100 | max rel diff. = 3.42181
[2021-04-27 20:31:12.151] [jointLog] [info] iteration = 1200 | max rel diff. = 0.0807524
[2021-04-27 20:31:13.668] [jointLog] [info] iteration = 1300 | max rel diff. = 0.0865231
[2021-04-27 20:31:15.200] [jointLog] [info] iteration = 1400 | max rel diff. = 0.328726
[2021-04-27 20:31:16.706] [jointLog] [info] iteration = 1500 | max rel diff. = 0.124767
[2021-04-27 20:31:18.223] [jointLog] [info] iteration = 1600 | max rel diff. = 0.042263
[2021-04-27 20:31:19.737] [jointLog] [info] iteration = 1700 | max rel diff. = 0.0254921
[2021-04-27 20:31:21.254] [jointLog] [info] iteration = 1800 | max rel diff. = 0.0297728
[2021-04-27 20:31:22.411] [jointLog] [info] iteration = 1877 | max rel diff. = 0.00530438
[2021-04-27 20:31:22.440] [jointLog] [info] finished optimizer
[2021-04-27 20:31:22.440] [jointLog] [info] writing output
[2021-04-27 20:31:24.195] [jointLog] [info] Computing gene-level abundance estimates
[2021-04-27 20:31:52.048] [jointLog] [warning] Feature has no GFF ID
[2021-04-27 20:31:52.048] [jointLog] [warning] Feature has no GFF ID
[2021-04-27 20:31:52.048] [jointLog] [warning] Feature has no GFF ID
[2021-04-27 20:31:52.048] [jointLog] [warning] Feature has no GFF ID
[2021-04-27 20:31:52.048] [jointLog] [warning] Feature has no GFF ID
[2021-04-27 20:31:52.048] [jointLog] [warning] Feature has no GFF ID
[2021-04-27 20:31:52.048] [jointLog] [warning] Feature has no GFF ID
[2021-04-27 20:31:52.048] [jointLog] [warning] Feature has no GFF ID
[2021-04-27 20:31:52.048] [jointLog] [warning] Feature has no GFF ID
[2021-04-27 20:31:52.048] [jointLog] [warning] Feature has no GFF ID
[2021-04-27 20:31:52.048] [jointLog] [warning] Feature has no GFF ID
[2021-04-27 20:31:52.048] [jointLog] [warning] Feature has no GFF ID
[2021-04-27 20:31:52.048] [jointLog] [warning] Feature has no GFF ID
[2021-04-27 20:31:52.048] [jointLog] [warning] Feature has no GFF ID
[2021-04-27 20:31:52.048] [jointLog] [warning] Feature has no GFF ID
[2021-04-27 20:31:52.048] [jointLog] [warning] Feature has no GFF ID
[2021-04-27 20:31:52.048] [jointLog] [warning] Feature has no GFF ID
[2021-04-27 20:31:52.048] [jointLog] [warning] Feature has no GFF ID
[2021-04-27 20:31:52.048] [jointLog] [warning] Feature has no GFF ID
[2021-04-27 20:31:52.048] [jointLog] [warning] Feature has no GFF ID
[2021-04-27 20:31:52.048] [jointLog] [warning] Feature has no GFF ID
[2021-04-27 20:31:52.048] [jointLog] [warning] Feature has no GFF ID
[2021-04-27 20:31:52.048] [jointLog] [warning] Feature has no GFF ID
[2021-04-27 20:31:52.048] [jointLog] [warning] Feature has no GFF ID
[2021-04-27 20:31:52.048] [jointLog] [warning] Feature has no GFF ID
[2021-04-27 20:31:52.048] [jointLog] [warning] Feature has no GFF ID
[2021-04-27 20:31:52.048] [jointLog] [warning] Feature has no GFF ID
[2021-04-27 20:31:52.048] [jointLog] [warning] Feature has no GFF ID
[2021-04-27 20:31:52.048] [jointLog] [warning] Feature has no GFF ID
[2021-04-27 20:31:52.048] [jointLog] [warning] Feature has no GFF ID
[2021-04-27 20:31:52.048] [jointLog] [warning] Feature has no GFF ID
[2021-04-27 20:31:52.048] [jointLog] [warning] Feature has no GFF ID
[2021-04-27 20:31:52.048] [jointLog] [warning] Feature has no GFF ID
[2021-04-27 20:31:52.048] [jointLog] [warning] Feature has no GFF ID
[2021-04-27 20:31:52.048] [jointLog] [warning] Feature has no GFF ID
[2021-04-27 20:31:52.048] [jointLog] [warning] Feature has no GFF ID
[2021-04-27 20:31:52.048] [jointLog] [warning] Feature has no GFF ID
[2021-04-27 20:31:52.048] [jointLog] [warning] Feature has no GFF ID
[2021-04-27 20:31:52.048] [jointLog] [warning] Feature has no GFF ID
[2021-04-27 20:31:52.048] [jointLog] [warning] Feature has no GFF ID
[2021-04-27 20:31:52.048] [jointLog] [warning] Feature has no GFF ID
[2021-04-27 20:31:52.048] [jointLog] [warning] Feature has no GFF ID
[2021-04-27 20:31:52.048] [jointLog] [warning] Feature has no GFF ID
[2021-04-27 20:31:52.048] [jointLog] [warning] Feature has no GFF ID
[2021-04-27 20:31:52.048] [jointLog] [warning] Feature has no GFF ID
[2021-04-27 20:31:52.048] [jointLog] [warning] Feature has no GFF ID
[2021-04-27 20:31:52.048] [jointLog] [warning] Feature has no GFF ID
[2021-04-27 20:31:52.048] [jointLog] [warning] Feature has no GFF ID
[2021-04-27 20:31:52.048] [jointLog] [warning] Feature has no GFF ID
[2021-04-27 20:31:52.048] [jointLog] [warning] Feature has no GFF ID
[2021-04-27 20:31:52.048] [jointLog] [warning] Feature has no GFF ID
[2021-04-27 20:31:52.048] [jointLog] [warning] Feature has no GFF ID
[2021-04-27 20:31:52.048] [jointLog] [warning] Feature has no GFF ID
[2021-04-27 20:31:52.048] [jointLog] [warning] Feature has no GFF ID
[2021-04-27 20:31:52.048] [jointLog] [warning] Feature has no GFF ID
[2021-04-27 20:31:52.048] [jointLog] [warning] Feature has no GFF ID
[2021-04-27 20:31:52.048] [jointLog] [warning] Feature has no GFF ID
[2021-04-27 20:31:52.048] [jointLog] [warning] Feature has no GFF ID
[2021-04-27 20:31:52.048] [jointLog] [warning] Feature has no GFF ID
[2021-04-27 20:31:52.048] [jointLog] [warning] Feature has no GFF ID
[2021-04-27 20:31:52.048] [jointLog] [warning] Feature has no GFF ID
[2021-04-27 20:31:52.048] [jointLog] [warning] Feature has no GFF ID
[2021-04-27 20:31:52.048] [jointLog] [warning] Feature has no GFF ID
[2021-04-27 20:31:52.048] [jointLog] [warning] Feature has no GFF ID
[2021-04-27 20:31:52.048] [jointLog] [warning] Feature has no GFF ID
[2021-04-27 20:31:52.048] [jointLog] [warning] Feature has no GFF ID
[2021-04-27 20:31:52.048] [jointLog] [warning] Feature has no GFF ID
[2021-04-27 20:31:52.048] [jointLog] [warning] Feature has no GFF ID
[2021-04-27 20:31:52.048] [jointLog] [warning] Feature has no GFF ID
[2021-04-27 20:31:52.048] [jointLog] [warning] Feature has no GFF ID
[2021-04-27 20:31:52.048] [jointLog] [warning] Feature has no GFF ID
[2021-04-27 20:31:52.048] [jointLog] [warning] Feature has no GFF ID
[2021-04-27 20:31:52.048] [jointLog] [warning] Feature has no GFF ID
[2021-04-27 20:31:52.048] [jointLog] [warning] Feature has no GFF ID
[2021-04-27 20:31:52.048] [jointLog] [warning] Feature has no GFF ID
[2021-04-27 20:31:52.048] [jointLog] [warning] Feature has no GFF ID
[2021-04-27 20:31:52.048] [jointLog] [warning] Feature has no GFF ID
[2021-04-27 20:31:52.048] [jointLog] [warning] Feature has no GFF ID
[2021-04-27 20:31:52.048] [jointLog] [warning] Feature has no GFF ID
[2021-04-27 20:31:52.048] [jointLog] [warning] Feature has no GFF ID
[2021-04-27 20:31:52.048] [jointLog] [warning] Feature has no GFF ID
[2021-04-27 20:31:52.048] [jointLog] [warning] Feature has no GFF ID
[2021-04-27 20:31:52.048] [jointLog] [warning] Feature has no GFF ID
[2021-04-27 20:31:52.048] [jointLog] [warning] Feature has no GFF ID
[2021-04-27 20:31:52.048] [jointLog] [warning] Feature has no GFF ID
[2021-04-27 20:31:52.048] [jointLog] [warning] Feature has no GFF ID
[2021-04-27 20:31:52.048] [jointLog] [warning] Feature has no GFF ID
[2021-04-27 20:31:52.048] [jointLog] [warning] Feature has no GFF ID
[2021-04-27 20:31:52.048] [jointLog] [warning] Feature has no GFF ID
[2021-04-27 20:31:52.048] [jointLog] [warning] Feature has no GFF ID
[2021-04-27 20:31:52.048] [jointLog] [warning] Feature has no GFF ID
[2021-04-27 20:31:52.048] [jointLog] [warning] Feature has no GFF ID
[2021-04-27 20:31:52.371] [jointLog] [info] There were 142604 transcripts mapping to 55401 genes
[2021-04-27 20:31:52.371] [jointLog] [info] NOTE: We recommend using tximport (https://bioconductor.org/packages/release/bioc/html/tximport.html) for aggregating transcript-level salmon abundance estimates to the gene level.  It is more versatile, exposes more features, and allows considering multi-sample information during aggregation.
[2021-04-27 20:31:52.652] [jointLog] [warning] couldn't find transcript named [DQ459430] in transcript <-> gene map; returning transcript as it's own gene
[2021-04-27 20:31:52.652] [jointLog] [warning] couldn't find transcript named [DQ516784] in transcript <-> gene map; returning transcript as it's own gene
[2021-04-27 20:31:52.652] [jointLog] [warning] couldn't find transcript named [DQ516752] in transcript <-> gene map; returning transcript as it's own gene
[2021-04-27 20:31:52.652] [jointLog] [warning] couldn't find transcript named [DQ668364] in transcript <-> gene map; returning transcript as it's own gene
[2021-04-27 20:31:52.652] [jointLog] [warning] couldn't find transcript named [DQ883670] in transcript <-> gene map; returning transcript as it's own gene
[2021-04-27 20:31:52.652] [jointLog] [warning] couldn't find transcript named [EF011062] in transcript <-> gene map; returning transcript as it's own gene
[2021-04-27 20:31:52.652] [jointLog] [warning] couldn't find transcript named [DQ875385] in transcript <-> gene map; returning transcript as it's own gene
[2021-04-27 20:31:52.652] [jointLog] [warning] couldn't find transcript named [DQ883664] in transcript <-> gene map; returning transcript as it's own gene
[2021-04-27 20:31:52.652] [jointLog] [warning] couldn't find transcript named [DQ459420] in transcript <-> gene map; returning transcript as it's own gene
[2021-04-27 20:31:52.652] [jointLog] [warning] couldn't find transcript named [DQ883651] in transcript <-> gene map; returning transcript as it's own gene
[2021-04-27 20:31:52.652] [jointLog] [warning] couldn't find transcript named [DQ855004] in transcript <-> gene map; returning transcript as it's own gene
[2021-04-27 20:31:52.652] [jointLog] [warning] couldn't find transcript named [DQ854993] in transcript <-> gene map; returning transcript as it's own gene
[2021-04-27 20:31:52.652] [jointLog] [warning] couldn't find transcript named [DQ883689] in transcript <-> gene map; returning transcript as it's own gene
[2021-04-27 20:31:52.652] [jointLog] [warning] couldn't find transcript named [DQ459419] in transcript <-> gene map; returning transcript as it's own gene
[2021-04-27 20:31:52.652] [jointLog] [warning] couldn't find transcript named [DQ459431] in transcript <-> gene map; returning transcript as it's own gene
[2021-04-27 20:31:52.652] [jointLog] [warning] couldn't find transcript named [DQ516796] in transcript <-> gene map; returning transcript as it's own gene
[2021-04-27 20:31:52.652] [jointLog] [warning] couldn't find transcript named [DQ855001] in transcript <-> gene map; returning transcript as it's own gene
[2021-04-27 20:31:52.652] [jointLog] [warning] couldn't find transcript named [DQ459413] in transcript <-> gene map; returning transcript as it's own gene
[2021-04-27 20:31:52.652] [jointLog] [warning] couldn't find transcript named [DQ883656] in transcript <-> gene map; returning transcript as it's own gene
[2021-04-27 20:31:52.652] [jointLog] [warning] couldn't find transcript named [DQ883661] in transcript <-> gene map; returning transcript as it's own gene
[2021-04-27 20:31:52.652] [jointLog] [warning] couldn't find transcript named [EF011069] in transcript <-> gene map; returning transcript as it's own gene
[2021-04-27 20:31:52.652] [jointLog] [warning] couldn't find transcript named [DQ516783] in transcript <-> gene map; returning transcript as it's own gene
[2021-04-27 20:31:52.652] [jointLog] [warning] couldn't find transcript named [DQ516787] in transcript <-> gene map; returning transcript as it's own gene
[2021-04-27 20:31:52.652] [jointLog] [warning] couldn't find transcript named [DQ459424] in transcript <-> gene map; returning transcript as it's own gene
[2021-04-27 20:31:52.652] [jointLog] [warning] couldn't find transcript named [DQ516748] in transcript <-> gene map; returning transcript as it's own gene
[2021-04-27 20:31:52.652] [jointLog] [warning] couldn't find transcript named [DQ883671] in transcript <-> gene map; returning transcript as it's own gene
[2021-04-27 20:31:52.652] [jointLog] [warning] couldn't find transcript named [DQ516740] in transcript <-> gene map; returning transcript as it's own gene
[2021-04-27 20:31:52.652] [jointLog] [warning] couldn't find transcript named [DQ516785] in transcript <-> gene map; returning transcript as it's own gene
[2021-04-27 20:31:52.652] [jointLog] [warning] couldn't find transcript named [DQ516731] in transcript <-> gene map; returning transcript as it's own gene
[2021-04-27 20:31:52.652] [jointLog] [warning] couldn't find transcript named [DQ668366] in transcript <-> gene map; returning transcript as it's own gene
[2021-04-27 20:31:52.652] [jointLog] [warning] couldn't find transcript named [DQ459418] in transcript <-> gene map; returning transcript as it's own gene
[2021-04-27 20:31:52.652] [jointLog] [warning] couldn't find transcript named [DQ668356] in transcript <-> gene map; returning transcript as it's own gene
[2021-04-27 20:31:52.652] [jointLog] [warning] couldn't find transcript named [DQ516763] in transcript <-> gene map; returning transcript as it's own gene
[2021-04-27 20:31:52.652] [jointLog] [warning] couldn't find transcript named [DQ459426] in transcript <-> gene map; returning transcript as it's own gene
[2021-04-27 20:31:52.652] [jointLog] [warning] couldn't find transcript named [DQ516786] in transcript <-> gene map; returning transcript as it's own gene
[2021-04-27 20:31:52.652] [jointLog] [warning] couldn't find transcript named [DQ883653] in transcript <-> gene map; returning transcript as it's own gene
[2021-04-27 20:31:52.652] [jointLog] [warning] couldn't find transcript named [DQ459421] in transcript <-> gene map; returning transcript as it's own gene
[2021-04-27 20:31:52.652] [jointLog] [warning] couldn't find transcript named [DQ883654] in transcript <-> gene map; returning transcript as it's own gene
[2021-04-27 20:31:52.652] [jointLog] [warning] couldn't find transcript named [DQ668358] in transcript <-> gene map; returning transcript as it's own gene
[2021-04-27 20:31:52.652] [jointLog] [warning] couldn't find transcript named [DQ516754] in transcript <-> gene map; returning transcript as it's own gene
[2021-04-27 20:31:52.652] [jointLog] [warning] couldn't find transcript named [DQ516778] in transcript <-> gene map; returning transcript as it's own gene
[2021-04-27 20:31:52.652] [jointLog] [warning] couldn't find transcript named [DQ883650] in transcript <-> gene map; returning transcript as it's own gene
[2021-04-27 20:31:52.652] [jointLog] [warning] couldn't find transcript named [DQ516742] in transcript <-> gene map; returning transcript as it's own gene
[2021-04-27 20:31:52.652] [jointLog] [warning] couldn't find transcript named [DQ883673] in transcript <-> gene map; returning transcript as it's own gene
[2021-04-27 20:31:52.652] [jointLog] [warning] couldn't find transcript named [DQ883652] in transcript <-> gene map; returning transcript as it's own gene
[2021-04-27 20:31:52.652] [jointLog] [warning] couldn't find transcript named [DQ854991] in transcript <-> gene map; returning transcript as it's own gene
[2021-04-27 20:31:52.652] [jointLog] [warning] couldn't find transcript named [DQ516780] in transcript <-> gene map; returning transcript as it's own gene
[2021-04-27 20:31:52.652] [jointLog] [warning] couldn't find transcript named [DQ883682] in transcript <-> gene map; returning transcript as it's own gene
[2021-04-27 20:31:52.652] [jointLog] [warning] couldn't find transcript named [DQ883669] in transcript <-> gene map; returning transcript as it's own gene
[2021-04-27 20:31:52.652] [jointLog] [warning] couldn't find transcript named [DQ516791] in transcript <-> gene map; returning transcript as it's own gene
[2021-04-27 20:31:52.652] [jointLog] [warning] couldn't find transcript named [DQ459425] in transcript <-> gene map; returning transcript as it's own gene
[2021-04-27 20:31:52.652] [jointLog] [warning] couldn't find transcript named [DQ516759] in transcript <-> gene map; returning transcript as it's own gene
[2021-04-27 20:31:52.652] [jointLog] [warning] couldn't find transcript named [DQ459429] in transcript <-> gene map; returning transcript as it's own gene
[2021-04-27 20:31:52.652] [jointLog] [warning] couldn't find transcript named [DQ516758] in transcript <-> gene map; returning transcript as it's own gene
[2021-04-27 20:31:52.652] [jointLog] [warning] couldn't find transcript named [DQ459415] in transcript <-> gene map; returning transcript as it's own gene
[2021-04-27 20:31:52.652] [jointLog] [warning] couldn't find transcript named [DQ875387] in transcript <-> gene map; returning transcript as it's own gene
[2021-04-27 20:31:52.652] [jointLog] [warning] couldn't find transcript named [DQ516815] in transcript <-> gene map; returning transcript as it's own gene
[2021-04-27 20:31:52.652] [jointLog] [warning] couldn't find transcript named [DQ668365] in transcript <-> gene map; returning transcript as it's own gene
[2021-04-27 20:31:52.652] [jointLog] [warning] couldn't find transcript named [DQ854998] in transcript <-> gene map; returning transcript as it's own gene
[2021-04-27 20:31:52.652] [jointLog] [warning] couldn't find transcript named [DQ883685] in transcript <-> gene map; returning transcript as it's own gene
[2021-04-27 20:31:52.652] [jointLog] [warning] couldn't find transcript named [DQ459422] in transcript <-> gene map; returning transcript as it's own gene
[2021-04-27 20:31:52.652] [jointLog] [warning] couldn't find transcript named [DQ883663] in transcript <-> gene map; returning transcript as it's own gene
[2021-04-27 20:31:52.652] [jointLog] [warning] couldn't find transcript named [DQ668367] in transcript <-> gene map; returning transcript as it's own gene
[2021-04-27 20:31:52.652] [jointLog] [warning] couldn't find transcript named [DQ459412] in transcript <-> gene map; returning transcript as it's own gene
[2021-04-27 20:31:52.652] [jointLog] [warning] couldn't find transcript named [DQ854992] in transcript <-> gene map; returning transcript as it's own gene
[2021-04-27 20:31:52.652] [jointLog] [warning] couldn't find transcript named [DQ516782] in transcript <-> gene map; returning transcript as it's own gene
[2021-04-27 20:31:52.652] [jointLog] [warning] couldn't find transcript named [DQ459427] in transcript <-> gene map; returning transcript as it's own gene
[2021-04-27 20:31:52.652] [jointLog] [warning] couldn't find transcript named [EF011072] in transcript <-> gene map; returning transcript as it's own gene
[2021-04-27 20:31:52.652] [jointLog] [warning] couldn't find transcript named [DQ855003] in transcript <-> gene map; returning transcript as it's own gene
[2021-04-27 20:31:52.652] [jointLog] [warning] couldn't find transcript named [DQ516739] in transcript <-> gene map; returning transcript as it's own gene
[2021-04-27 20:31:52.652] [jointLog] [warning] couldn't find transcript named [EF011063] in transcript <-> gene map; returning transcript as it's own gene
[2021-04-27 20:31:52.652] [jointLog] [warning] couldn't find transcript named [DQ855000] in transcript <-> gene map; returning transcript as it's own gene
[2021-04-27 20:31:52.652] [jointLog] [warning] couldn't find transcript named [DQ516777] in transcript <-> gene map; returning transcript as it's own gene
[2021-04-27 20:31:52.652] [jointLog] [warning] couldn't find transcript named [DQ883646] in transcript <-> gene map; returning transcript as it's own gene
[2021-04-27 20:31:52.652] [jointLog] [warning] couldn't find transcript named [DQ668362] in transcript <-> gene map; returning transcript as it's own gene
[2021-04-27 20:31:52.652] [jointLog] [warning] couldn't find transcript named [DQ854995] in transcript <-> gene map; returning transcript as it's own gene
[2021-04-27 20:31:52.652] [jointLog] [warning] couldn't find transcript named [DQ875386] in transcript <-> gene map; returning transcript as it's own gene
[2021-04-27 20:31:52.652] [jointLog] [warning] couldn't find transcript named [DQ516790] in transcript <-> gene map; returning transcript as it's own gene
[2021-04-27 20:31:52.652] [jointLog] [warning] couldn't find transcript named [DQ883642] in transcript <-> gene map; returning transcript as it's own gene
[2021-04-27 20:31:52.652] [jointLog] [warning] couldn't find transcript named [DQ883659] in transcript <-> gene map; returning transcript as it's own gene
[2021-04-27 20:31:52.652] [jointLog] [warning] couldn't find transcript named [DQ854997] in transcript <-> gene map; returning transcript as it's own gene
[2021-04-27 20:31:52.652] [jointLog] [warning] couldn't find transcript named [DQ883643] in transcript <-> gene map; returning transcript as it's own gene
[2021-04-27 20:31:52.652] [jointLog] [warning] couldn't find transcript named [DQ839618] in transcript <-> gene map; returning transcript as it's own gene
[2021-04-27 20:31:52.652] [jointLog] [warning] couldn't find transcript named [DQ516795] in transcript <-> gene map; returning transcript as it's own gene
[2021-04-27 20:31:52.652] [jointLog] [warning] couldn't find transcript named [DQ883658] in transcript <-> gene map; returning transcript as it's own gene
[2021-04-27 20:31:52.652] [jointLog] [warning] couldn't find transcript named [DQ516750] in transcript <-> gene map; returning transcript as it's own gene
[2021-04-27 20:31:52.652] [jointLog] [warning] couldn't find transcript named [DQ668359] in transcript <-> gene map; returning transcript as it's own gene
[2021-04-27 20:31:52.652] [jointLog] [warning] couldn't find transcript named [DQ516779] in transcript <-> gene map; returning transcript as it's own gene
[2021-04-27 20:31:52.652] [jointLog] [warning] couldn't find transcript named [DQ668363] in transcript <-> gene map; returning transcript as it's own gene
[2021-04-27 20:31:52.652] [jointLog] [warning] couldn't find transcript named [DQ516776] in transcript <-> gene map; returning transcript as it's own gene
[2021-04-27 20:31:52.652] [jointLog] [warning] couldn't find transcript named [DQ516773] in transcript <-> gene map; returning transcript as it's own gene
[2021-04-27 20:31:52.652] [jointLog] [warning] couldn't find transcript named [DQ854994] in transcript <-> gene map; returning transcript as it's own gene
[2021-04-27 20:31:52.652] [jointLog] [info] Aggregating expressions to gene level
[2021-04-27 20:31:52.838] [jointLog] [info] done
