[2021-05-21 18:46:08.686] [jointLog] [info] setting maxHashResizeThreads to 6
[2021-05-21 18:46:08.686] [jointLog] [info] Fragment incompatibility prior below threshold.  Incompatible fragments will be ignored.
[2021-05-21 18:46:08.686] [jointLog] [info] numQuantThreads = 3
[2021-05-21 18:46:11.873] [jointLog] [info] replaced 4 non-ACGT nucleotides with random nucleotides
[2021-05-21 18:46:12.145] [fileLog] [info] quantification processed 0 fragments so far

[2021-05-21 18:46:15.263] [fileLog] [info] quantification processed 1000000 fragments so far

[2021-05-21 18:46:18.330] [fileLog] [info] quantification processed 2000000 fragments so far

[2021-05-21 18:46:20.016] [jointLog] [info] 

The alignment group queue pool has been exhausted.  3035090 extra fragments were allocated on the heap to saturate the pool.  No new fragments will be allocated


[2021-05-21 18:46:26.619] [fileLog] [info] quantification processed 3000000 fragments so far

[2021-05-21 18:46:40.780] [fileLog] [info] quantification processed 4000000 fragments so far

[2021-05-21 18:46:54.945] [fileLog] [info] quantification processed 5000000 fragments so far

[2021-05-21 18:47:09.055] [fileLog] [info] quantification processed 6000000 fragments so far

[2021-05-21 18:47:23.234] [fileLog] [info] quantification processed 7000000 fragments so far

[2021-05-21 18:47:26.328] [fileLog] [info] quantification processed 8000000 fragments so far

[2021-05-21 18:47:29.364] [fileLog] [info] quantification processed 9000000 fragments so far

[2021-05-21 18:47:32.401] [fileLog] [info] quantification processed 10000000 fragments so far

[2021-05-21 18:47:35.383] [fileLog] [info] quantification processed 11000000 fragments so far

[2021-05-21 18:47:38.352] [fileLog] [info] quantification processed 12000000 fragments so far

[2021-05-21 18:47:41.332] [fileLog] [info] quantification processed 13000000 fragments so far

[2021-05-21 18:47:44.409] [fileLog] [info] quantification processed 14000000 fragments so far

[2021-05-21 18:47:47.375] [fileLog] [info] quantification processed 15000000 fragments so far

[2021-05-21 18:47:50.415] [fileLog] [info] quantification processed 16000000 fragments so far

[2021-05-21 18:47:53.532] [fileLog] [info] quantification processed 17000000 fragments so far

[2021-05-21 18:47:56.505] [fileLog] [info] quantification processed 18000000 fragments so far

[2021-05-21 18:47:59.444] [fileLog] [info] quantification processed 19000000 fragments so far

[2021-05-21 18:48:02.392] [fileLog] [info] quantification processed 20000000 fragments so far

[2021-05-21 18:48:05.367] [fileLog] [info] quantification processed 21000000 fragments so far

[2021-05-21 18:48:08.350] [fileLog] [info] quantification processed 22000000 fragments so far

[2021-05-21 18:48:11.340] [fileLog] [info] quantification processed 23000000 fragments so far

[2021-05-21 18:48:14.331] [fileLog] [info] quantification processed 24000000 fragments so far

[2021-05-21 18:48:17.309] [fileLog] [info] quantification processed 25000000 fragments so far

[2021-05-21 18:48:20.282] [fileLog] [info] quantification processed 26000000 fragments so far

[2021-05-21 18:48:23.238] [fileLog] [info] quantification processed 27000000 fragments so far

[2021-05-21 18:48:26.186] [fileLog] [info] quantification processed 28000000 fragments so far

[2021-05-21 18:48:29.174] [fileLog] [info] quantification processed 29000000 fragments so far

[2021-05-21 18:48:32.201] [fileLog] [info] quantification processed 30000000 fragments so far

[2021-05-21 18:48:35.158] [fileLog] [info] quantification processed 31000000 fragments so far

[2021-05-21 18:48:38.191] [fileLog] [info] quantification processed 32000000 fragments so far

[2021-05-21 18:48:41.190] [fileLog] [info] quantification processed 33000000 fragments so far

[2021-05-21 18:48:44.192] [fileLog] [info] quantification processed 34000000 fragments so far

[2021-05-21 18:48:47.231] [fileLog] [info] quantification processed 35000000 fragments so far

[2021-05-21 18:48:50.196] [fileLog] [info] quantification processed 36000000 fragments so far

[2021-05-21 18:48:53.173] [fileLog] [info] quantification processed 37000000 fragments so far

[2021-05-21 18:48:56.203] [fileLog] [info] quantification processed 38000000 fragments so far

[2021-05-21 18:48:59.222] [fileLog] [info] quantification processed 39000000 fragments so far

[2021-05-21 18:49:02.207] [fileLog] [info] quantification processed 40000000 fragments so far

[2021-05-21 18:49:04.792] [fileLog] [info] quantification processed 40877014 fragments so far

[2021-05-21 18:49:10.462] [jointLog] [info] Thread saw mini-batch with a maximum of 7.14% zero probability fragments
[2021-05-21 18:49:10.467] [jointLog] [info] Thread saw mini-batch with a maximum of 2.60% zero probability fragments
[2021-05-21 18:49:10.468] [jointLog] [info] Thread saw mini-batch with a maximum of 2.50% zero probability fragments
[2021-05-21 18:49:10.469] [jointLog] [info] 


Completed first pass through the alignment file.
Total # of mapped reads : 40877014
# of uniquely mapped reads : 15834709
# ambiguously mapped reads : 25042305



[2021-05-21 18:49:10.612] [jointLog] [info] Computed 255473 rich equivalence classes for further processing
[2021-05-21 18:49:10.612] [jointLog] [info] Counted 40590897 total reads in the equivalence classes 
[2021-05-21 18:49:10.614] [jointLog] [info] starting optimizer
[2021-05-21 18:49:10.714] [jointLog] [info] Marked 0 weighted equivalence classes as degenerate
[2021-05-21 18:49:10.733] [jointLog] [info] iteration = 0 | max rel diff. = 5162.29
[2021-05-21 18:49:12.270] [jointLog] [info] iteration = 100 | max rel diff. = 16.435
[2021-05-21 18:49:13.784] [jointLog] [info] iteration = 200 | max rel diff. = 3.92843
[2021-05-21 18:49:15.289] [jointLog] [info] iteration = 300 | max rel diff. = 8.86213
[2021-05-21 18:49:16.814] [jointLog] [info] iteration = 400 | max rel diff. = 0.228671
[2021-05-21 18:49:18.327] [jointLog] [info] iteration = 500 | max rel diff. = 0.168586
[2021-05-21 18:49:19.833] [jointLog] [info] iteration = 600 | max rel diff. = 0.69113
[2021-05-21 18:49:21.358] [jointLog] [info] iteration = 700 | max rel diff. = 0.757622
[2021-05-21 18:49:22.867] [jointLog] [info] iteration = 800 | max rel diff. = 0.0506348
[2021-05-21 18:49:24.368] [jointLog] [info] iteration = 900 | max rel diff. = 1.40636
[2021-05-21 18:49:25.868] [jointLog] [info] iteration = 1000 | max rel diff. = 0.296082
[2021-05-21 18:49:27.387] [jointLog] [info] iteration = 1100 | max rel diff. = 1.12622
[2021-05-21 18:49:28.893] [jointLog] [info] iteration = 1200 | max rel diff. = 0.0645565
[2021-05-21 18:49:30.395] [jointLog] [info] iteration = 1300 | max rel diff. = 0.0169351
[2021-05-21 18:49:31.915] [jointLog] [info] iteration = 1400 | max rel diff. = 0.0332756
[2021-05-21 18:49:33.421] [jointLog] [info] iteration = 1500 | max rel diff. = 1.15794
[2021-05-21 18:49:34.922] [jointLog] [info] iteration = 1600 | max rel diff. = 0.195842
[2021-05-21 18:49:36.431] [jointLog] [info] iteration = 1700 | max rel diff. = 0.032332
[2021-05-21 18:49:37.605] [jointLog] [info] iteration = 1779 | max rel diff. = 0.00799117
[2021-05-21 18:49:37.635] [jointLog] [info] finished optimizer
[2021-05-21 18:49:37.635] [jointLog] [info] writing output
[2021-05-21 18:49:39.252] [jointLog] [info] Computing gene-level abundance estimates
[2021-05-21 18:50:07.320] [jointLog] [warning] Feature has no GFF ID
[2021-05-21 18:50:07.320] [jointLog] [warning] Feature has no GFF ID
[2021-05-21 18:50:07.320] [jointLog] [warning] Feature has no GFF ID
[2021-05-21 18:50:07.320] [jointLog] [warning] Feature has no GFF ID
[2021-05-21 18:50:07.320] [jointLog] [warning] Feature has no GFF ID
[2021-05-21 18:50:07.320] [jointLog] [warning] Feature has no GFF ID
[2021-05-21 18:50:07.320] [jointLog] [warning] Feature has no GFF ID
[2021-05-21 18:50:07.320] [jointLog] [warning] Feature has no GFF ID
[2021-05-21 18:50:07.320] [jointLog] [warning] Feature has no GFF ID
[2021-05-21 18:50:07.320] [jointLog] [warning] Feature has no GFF ID
[2021-05-21 18:50:07.320] [jointLog] [warning] Feature has no GFF ID
[2021-05-21 18:50:07.320] [jointLog] [warning] Feature has no GFF ID
[2021-05-21 18:50:07.320] [jointLog] [warning] Feature has no GFF ID
[2021-05-21 18:50:07.320] [jointLog] [warning] Feature has no GFF ID
[2021-05-21 18:50:07.320] [jointLog] [warning] Feature has no GFF ID
[2021-05-21 18:50:07.320] [jointLog] [warning] Feature has no GFF ID
[2021-05-21 18:50:07.320] [jointLog] [warning] Feature has no GFF ID
[2021-05-21 18:50:07.320] [jointLog] [warning] Feature has no GFF ID
[2021-05-21 18:50:07.320] [jointLog] [warning] Feature has no GFF ID
[2021-05-21 18:50:07.320] [jointLog] [warning] Feature has no GFF ID
[2021-05-21 18:50:07.320] [jointLog] [warning] Feature has no GFF ID
[2021-05-21 18:50:07.320] [jointLog] [warning] Feature has no GFF ID
[2021-05-21 18:50:07.320] [jointLog] [warning] Feature has no GFF ID
[2021-05-21 18:50:07.320] [jointLog] [warning] Feature has no GFF ID
[2021-05-21 18:50:07.320] [jointLog] [warning] Feature has no GFF ID
[2021-05-21 18:50:07.320] [jointLog] [warning] Feature has no GFF ID
[2021-05-21 18:50:07.320] [jointLog] [warning] Feature has no GFF ID
[2021-05-21 18:50:07.320] [jointLog] [warning] Feature has no GFF ID
[2021-05-21 18:50:07.320] [jointLog] [warning] Feature has no GFF ID
[2021-05-21 18:50:07.320] [jointLog] [warning] Feature has no GFF ID
[2021-05-21 18:50:07.320] [jointLog] [warning] Feature has no GFF ID
[2021-05-21 18:50:07.320] [jointLog] [warning] Feature has no GFF ID
[2021-05-21 18:50:07.320] [jointLog] [warning] Feature has no GFF ID
[2021-05-21 18:50:07.320] [jointLog] [warning] Feature has no GFF ID
[2021-05-21 18:50:07.320] [jointLog] [warning] Feature has no GFF ID
[2021-05-21 18:50:07.320] [jointLog] [warning] Feature has no GFF ID
[2021-05-21 18:50:07.320] [jointLog] [warning] Feature has no GFF ID
[2021-05-21 18:50:07.320] [jointLog] [warning] Feature has no GFF ID
[2021-05-21 18:50:07.320] [jointLog] [warning] Feature has no GFF ID
[2021-05-21 18:50:07.320] [jointLog] [warning] Feature has no GFF ID
[2021-05-21 18:50:07.320] [jointLog] [warning] Feature has no GFF ID
[2021-05-21 18:50:07.320] [jointLog] [warning] Feature has no GFF ID
[2021-05-21 18:50:07.320] [jointLog] [warning] Feature has no GFF ID
[2021-05-21 18:50:07.320] [jointLog] [warning] Feature has no GFF ID
[2021-05-21 18:50:07.320] [jointLog] [warning] Feature has no GFF ID
[2021-05-21 18:50:07.320] [jointLog] [warning] Feature has no GFF ID
[2021-05-21 18:50:07.320] [jointLog] [warning] Feature has no GFF ID
[2021-05-21 18:50:07.320] [jointLog] [warning] Feature has no GFF ID
[2021-05-21 18:50:07.320] [jointLog] [warning] Feature has no GFF ID
[2021-05-21 18:50:07.320] [jointLog] [warning] Feature has no GFF ID
[2021-05-21 18:50:07.320] [jointLog] [warning] Feature has no GFF ID
[2021-05-21 18:50:07.320] [jointLog] [warning] Feature has no GFF ID
[2021-05-21 18:50:07.320] [jointLog] [warning] Feature has no GFF ID
[2021-05-21 18:50:07.320] [jointLog] [warning] Feature has no GFF ID
[2021-05-21 18:50:07.320] [jointLog] [warning] Feature has no GFF ID
[2021-05-21 18:50:07.320] [jointLog] [warning] Feature has no GFF ID
[2021-05-21 18:50:07.320] [jointLog] [warning] Feature has no GFF ID
[2021-05-21 18:50:07.320] [jointLog] [warning] Feature has no GFF ID
[2021-05-21 18:50:07.320] [jointLog] [warning] Feature has no GFF ID
[2021-05-21 18:50:07.320] [jointLog] [warning] Feature has no GFF ID
[2021-05-21 18:50:07.320] [jointLog] [warning] Feature has no GFF ID
[2021-05-21 18:50:07.320] [jointLog] [warning] Feature has no GFF ID
[2021-05-21 18:50:07.320] [jointLog] [warning] Feature has no GFF ID
[2021-05-21 18:50:07.320] [jointLog] [warning] Feature has no GFF ID
[2021-05-21 18:50:07.320] [jointLog] [warning] Feature has no GFF ID
[2021-05-21 18:50:07.320] [jointLog] [warning] Feature has no GFF ID
[2021-05-21 18:50:07.320] [jointLog] [warning] Feature has no GFF ID
[2021-05-21 18:50:07.320] [jointLog] [warning] Feature has no GFF ID
[2021-05-21 18:50:07.320] [jointLog] [warning] Feature has no GFF ID
[2021-05-21 18:50:07.320] [jointLog] [warning] Feature has no GFF ID
[2021-05-21 18:50:07.320] [jointLog] [warning] Feature has no GFF ID
[2021-05-21 18:50:07.320] [jointLog] [warning] Feature has no GFF ID
[2021-05-21 18:50:07.320] [jointLog] [warning] Feature has no GFF ID
[2021-05-21 18:50:07.320] [jointLog] [warning] Feature has no GFF ID
[2021-05-21 18:50:07.320] [jointLog] [warning] Feature has no GFF ID
[2021-05-21 18:50:07.320] [jointLog] [warning] Feature has no GFF ID
[2021-05-21 18:50:07.320] [jointLog] [warning] Feature has no GFF ID
[2021-05-21 18:50:07.320] [jointLog] [warning] Feature has no GFF ID
[2021-05-21 18:50:07.320] [jointLog] [warning] Feature has no GFF ID
[2021-05-21 18:50:07.320] [jointLog] [warning] Feature has no GFF ID
[2021-05-21 18:50:07.320] [jointLog] [warning] Feature has no GFF ID
[2021-05-21 18:50:07.320] [jointLog] [warning] Feature has no GFF ID
[2021-05-21 18:50:07.320] [jointLog] [warning] Feature has no GFF ID
[2021-05-21 18:50:07.320] [jointLog] [warning] Feature has no GFF ID
[2021-05-21 18:50:07.320] [jointLog] [warning] Feature has no GFF ID
[2021-05-21 18:50:07.320] [jointLog] [warning] Feature has no GFF ID
[2021-05-21 18:50:07.320] [jointLog] [warning] Feature has no GFF ID
[2021-05-21 18:50:07.320] [jointLog] [warning] Feature has no GFF ID
[2021-05-21 18:50:07.320] [jointLog] [warning] Feature has no GFF ID
[2021-05-21 18:50:07.320] [jointLog] [warning] Feature has no GFF ID
[2021-05-21 18:50:07.320] [jointLog] [warning] Feature has no GFF ID
[2021-05-21 18:50:07.320] [jointLog] [warning] Feature has no GFF ID
[2021-05-21 18:50:07.616] [jointLog] [info] There were 142604 transcripts mapping to 55401 genes
[2021-05-21 18:50:07.616] [jointLog] [info] NOTE: We recommend using tximport (https://bioconductor.org/packages/release/bioc/html/tximport.html) for aggregating transcript-level salmon abundance estimates to the gene level.  It is more versatile, exposes more features, and allows considering multi-sample information during aggregation.
[2021-05-21 18:50:07.869] [jointLog] [warning] couldn't find transcript named [DQ459430] in transcript <-> gene map; returning transcript as it's own gene
[2021-05-21 18:50:07.869] [jointLog] [warning] couldn't find transcript named [DQ516784] in transcript <-> gene map; returning transcript as it's own gene
[2021-05-21 18:50:07.869] [jointLog] [warning] couldn't find transcript named [DQ516752] in transcript <-> gene map; returning transcript as it's own gene
[2021-05-21 18:50:07.869] [jointLog] [warning] couldn't find transcript named [DQ668364] in transcript <-> gene map; returning transcript as it's own gene
[2021-05-21 18:50:07.869] [jointLog] [warning] couldn't find transcript named [DQ883670] in transcript <-> gene map; returning transcript as it's own gene
[2021-05-21 18:50:07.869] [jointLog] [warning] couldn't find transcript named [EF011062] in transcript <-> gene map; returning transcript as it's own gene
[2021-05-21 18:50:07.869] [jointLog] [warning] couldn't find transcript named [DQ875385] in transcript <-> gene map; returning transcript as it's own gene
[2021-05-21 18:50:07.869] [jointLog] [warning] couldn't find transcript named [DQ883664] in transcript <-> gene map; returning transcript as it's own gene
[2021-05-21 18:50:07.869] [jointLog] [warning] couldn't find transcript named [DQ459420] in transcript <-> gene map; returning transcript as it's own gene
[2021-05-21 18:50:07.869] [jointLog] [warning] couldn't find transcript named [DQ883651] in transcript <-> gene map; returning transcript as it's own gene
[2021-05-21 18:50:07.869] [jointLog] [warning] couldn't find transcript named [DQ855004] in transcript <-> gene map; returning transcript as it's own gene
[2021-05-21 18:50:07.869] [jointLog] [warning] couldn't find transcript named [DQ854993] in transcript <-> gene map; returning transcript as it's own gene
[2021-05-21 18:50:07.869] [jointLog] [warning] couldn't find transcript named [DQ883689] in transcript <-> gene map; returning transcript as it's own gene
[2021-05-21 18:50:07.869] [jointLog] [warning] couldn't find transcript named [DQ459419] in transcript <-> gene map; returning transcript as it's own gene
[2021-05-21 18:50:07.869] [jointLog] [warning] couldn't find transcript named [DQ459431] in transcript <-> gene map; returning transcript as it's own gene
[2021-05-21 18:50:07.869] [jointLog] [warning] couldn't find transcript named [DQ516796] in transcript <-> gene map; returning transcript as it's own gene
[2021-05-21 18:50:07.869] [jointLog] [warning] couldn't find transcript named [DQ855001] in transcript <-> gene map; returning transcript as it's own gene
[2021-05-21 18:50:07.869] [jointLog] [warning] couldn't find transcript named [DQ459413] in transcript <-> gene map; returning transcript as it's own gene
[2021-05-21 18:50:07.869] [jointLog] [warning] couldn't find transcript named [DQ883656] in transcript <-> gene map; returning transcript as it's own gene
[2021-05-21 18:50:07.869] [jointLog] [warning] couldn't find transcript named [DQ883661] in transcript <-> gene map; returning transcript as it's own gene
[2021-05-21 18:50:07.869] [jointLog] [warning] couldn't find transcript named [EF011069] in transcript <-> gene map; returning transcript as it's own gene
[2021-05-21 18:50:07.869] [jointLog] [warning] couldn't find transcript named [DQ516783] in transcript <-> gene map; returning transcript as it's own gene
[2021-05-21 18:50:07.869] [jointLog] [warning] couldn't find transcript named [DQ516787] in transcript <-> gene map; returning transcript as it's own gene
[2021-05-21 18:50:07.869] [jointLog] [warning] couldn't find transcript named [DQ459424] in transcript <-> gene map; returning transcript as it's own gene
[2021-05-21 18:50:07.869] [jointLog] [warning] couldn't find transcript named [DQ516748] in transcript <-> gene map; returning transcript as it's own gene
[2021-05-21 18:50:07.869] [jointLog] [warning] couldn't find transcript named [DQ883671] in transcript <-> gene map; returning transcript as it's own gene
[2021-05-21 18:50:07.869] [jointLog] [warning] couldn't find transcript named [DQ516740] in transcript <-> gene map; returning transcript as it's own gene
[2021-05-21 18:50:07.869] [jointLog] [warning] couldn't find transcript named [DQ516785] in transcript <-> gene map; returning transcript as it's own gene
[2021-05-21 18:50:07.869] [jointLog] [warning] couldn't find transcript named [DQ516731] in transcript <-> gene map; returning transcript as it's own gene
[2021-05-21 18:50:07.869] [jointLog] [warning] couldn't find transcript named [DQ668366] in transcript <-> gene map; returning transcript as it's own gene
[2021-05-21 18:50:07.869] [jointLog] [warning] couldn't find transcript named [DQ459418] in transcript <-> gene map; returning transcript as it's own gene
[2021-05-21 18:50:07.869] [jointLog] [warning] couldn't find transcript named [DQ668356] in transcript <-> gene map; returning transcript as it's own gene
[2021-05-21 18:50:07.869] [jointLog] [warning] couldn't find transcript named [DQ516763] in transcript <-> gene map; returning transcript as it's own gene
[2021-05-21 18:50:07.869] [jointLog] [warning] couldn't find transcript named [DQ459426] in transcript <-> gene map; returning transcript as it's own gene
[2021-05-21 18:50:07.869] [jointLog] [warning] couldn't find transcript named [DQ516786] in transcript <-> gene map; returning transcript as it's own gene
[2021-05-21 18:50:07.869] [jointLog] [warning] couldn't find transcript named [DQ883653] in transcript <-> gene map; returning transcript as it's own gene
[2021-05-21 18:50:07.869] [jointLog] [warning] couldn't find transcript named [DQ459421] in transcript <-> gene map; returning transcript as it's own gene
[2021-05-21 18:50:07.869] [jointLog] [warning] couldn't find transcript named [DQ883654] in transcript <-> gene map; returning transcript as it's own gene
[2021-05-21 18:50:07.869] [jointLog] [warning] couldn't find transcript named [DQ668358] in transcript <-> gene map; returning transcript as it's own gene
[2021-05-21 18:50:07.869] [jointLog] [warning] couldn't find transcript named [DQ516754] in transcript <-> gene map; returning transcript as it's own gene
[2021-05-21 18:50:07.869] [jointLog] [warning] couldn't find transcript named [DQ516778] in transcript <-> gene map; returning transcript as it's own gene
[2021-05-21 18:50:07.869] [jointLog] [warning] couldn't find transcript named [DQ883650] in transcript <-> gene map; returning transcript as it's own gene
[2021-05-21 18:50:07.869] [jointLog] [warning] couldn't find transcript named [DQ516742] in transcript <-> gene map; returning transcript as it's own gene
[2021-05-21 18:50:07.869] [jointLog] [warning] couldn't find transcript named [DQ883673] in transcript <-> gene map; returning transcript as it's own gene
[2021-05-21 18:50:07.869] [jointLog] [warning] couldn't find transcript named [DQ883652] in transcript <-> gene map; returning transcript as it's own gene
[2021-05-21 18:50:07.869] [jointLog] [warning] couldn't find transcript named [DQ854991] in transcript <-> gene map; returning transcript as it's own gene
[2021-05-21 18:50:07.869] [jointLog] [warning] couldn't find transcript named [DQ516780] in transcript <-> gene map; returning transcript as it's own gene
[2021-05-21 18:50:07.869] [jointLog] [warning] couldn't find transcript named [DQ883682] in transcript <-> gene map; returning transcript as it's own gene
[2021-05-21 18:50:07.869] [jointLog] [warning] couldn't find transcript named [DQ883669] in transcript <-> gene map; returning transcript as it's own gene
[2021-05-21 18:50:07.869] [jointLog] [warning] couldn't find transcript named [DQ516791] in transcript <-> gene map; returning transcript as it's own gene
[2021-05-21 18:50:07.869] [jointLog] [warning] couldn't find transcript named [DQ459425] in transcript <-> gene map; returning transcript as it's own gene
[2021-05-21 18:50:07.869] [jointLog] [warning] couldn't find transcript named [DQ516759] in transcript <-> gene map; returning transcript as it's own gene
[2021-05-21 18:50:07.869] [jointLog] [warning] couldn't find transcript named [DQ459429] in transcript <-> gene map; returning transcript as it's own gene
[2021-05-21 18:50:07.869] [jointLog] [warning] couldn't find transcript named [DQ516758] in transcript <-> gene map; returning transcript as it's own gene
[2021-05-21 18:50:07.869] [jointLog] [warning] couldn't find transcript named [DQ459415] in transcript <-> gene map; returning transcript as it's own gene
[2021-05-21 18:50:07.869] [jointLog] [warning] couldn't find transcript named [DQ875387] in transcript <-> gene map; returning transcript as it's own gene
[2021-05-21 18:50:07.869] [jointLog] [warning] couldn't find transcript named [DQ516815] in transcript <-> gene map; returning transcript as it's own gene
[2021-05-21 18:50:07.869] [jointLog] [warning] couldn't find transcript named [DQ668365] in transcript <-> gene map; returning transcript as it's own gene
[2021-05-21 18:50:07.869] [jointLog] [warning] couldn't find transcript named [DQ854998] in transcript <-> gene map; returning transcript as it's own gene
[2021-05-21 18:50:07.869] [jointLog] [warning] couldn't find transcript named [DQ883685] in transcript <-> gene map; returning transcript as it's own gene
[2021-05-21 18:50:07.869] [jointLog] [warning] couldn't find transcript named [DQ459422] in transcript <-> gene map; returning transcript as it's own gene
[2021-05-21 18:50:07.869] [jointLog] [warning] couldn't find transcript named [DQ883663] in transcript <-> gene map; returning transcript as it's own gene
[2021-05-21 18:50:07.869] [jointLog] [warning] couldn't find transcript named [DQ668367] in transcript <-> gene map; returning transcript as it's own gene
[2021-05-21 18:50:07.869] [jointLog] [warning] couldn't find transcript named [DQ459412] in transcript <-> gene map; returning transcript as it's own gene
[2021-05-21 18:50:07.869] [jointLog] [warning] couldn't find transcript named [DQ854992] in transcript <-> gene map; returning transcript as it's own gene
[2021-05-21 18:50:07.869] [jointLog] [warning] couldn't find transcript named [DQ516782] in transcript <-> gene map; returning transcript as it's own gene
[2021-05-21 18:50:07.869] [jointLog] [warning] couldn't find transcript named [DQ459427] in transcript <-> gene map; returning transcript as it's own gene
[2021-05-21 18:50:07.869] [jointLog] [warning] couldn't find transcript named [EF011072] in transcript <-> gene map; returning transcript as it's own gene
[2021-05-21 18:50:07.869] [jointLog] [warning] couldn't find transcript named [DQ855003] in transcript <-> gene map; returning transcript as it's own gene
[2021-05-21 18:50:07.869] [jointLog] [warning] couldn't find transcript named [DQ516739] in transcript <-> gene map; returning transcript as it's own gene
[2021-05-21 18:50:07.869] [jointLog] [warning] couldn't find transcript named [EF011063] in transcript <-> gene map; returning transcript as it's own gene
[2021-05-21 18:50:07.869] [jointLog] [warning] couldn't find transcript named [DQ855000] in transcript <-> gene map; returning transcript as it's own gene
[2021-05-21 18:50:07.869] [jointLog] [warning] couldn't find transcript named [DQ516777] in transcript <-> gene map; returning transcript as it's own gene
[2021-05-21 18:50:07.869] [jointLog] [warning] couldn't find transcript named [DQ883646] in transcript <-> gene map; returning transcript as it's own gene
[2021-05-21 18:50:07.869] [jointLog] [warning] couldn't find transcript named [DQ668362] in transcript <-> gene map; returning transcript as it's own gene
[2021-05-21 18:50:07.869] [jointLog] [warning] couldn't find transcript named [DQ854995] in transcript <-> gene map; returning transcript as it's own gene
[2021-05-21 18:50:07.869] [jointLog] [warning] couldn't find transcript named [DQ875386] in transcript <-> gene map; returning transcript as it's own gene
[2021-05-21 18:50:07.869] [jointLog] [warning] couldn't find transcript named [DQ516790] in transcript <-> gene map; returning transcript as it's own gene
[2021-05-21 18:50:07.869] [jointLog] [warning] couldn't find transcript named [DQ883642] in transcript <-> gene map; returning transcript as it's own gene
[2021-05-21 18:50:07.869] [jointLog] [warning] couldn't find transcript named [DQ883659] in transcript <-> gene map; returning transcript as it's own gene
[2021-05-21 18:50:07.869] [jointLog] [warning] couldn't find transcript named [DQ854997] in transcript <-> gene map; returning transcript as it's own gene
[2021-05-21 18:50:07.869] [jointLog] [warning] couldn't find transcript named [DQ883643] in transcript <-> gene map; returning transcript as it's own gene
[2021-05-21 18:50:07.869] [jointLog] [warning] couldn't find transcript named [DQ839618] in transcript <-> gene map; returning transcript as it's own gene
[2021-05-21 18:50:07.869] [jointLog] [warning] couldn't find transcript named [DQ516795] in transcript <-> gene map; returning transcript as it's own gene
[2021-05-21 18:50:07.869] [jointLog] [warning] couldn't find transcript named [DQ883658] in transcript <-> gene map; returning transcript as it's own gene
[2021-05-21 18:50:07.869] [jointLog] [warning] couldn't find transcript named [DQ516750] in transcript <-> gene map; returning transcript as it's own gene
[2021-05-21 18:50:07.869] [jointLog] [warning] couldn't find transcript named [DQ668359] in transcript <-> gene map; returning transcript as it's own gene
[2021-05-21 18:50:07.869] [jointLog] [warning] couldn't find transcript named [DQ516779] in transcript <-> gene map; returning transcript as it's own gene
[2021-05-21 18:50:07.869] [jointLog] [warning] couldn't find transcript named [DQ668363] in transcript <-> gene map; returning transcript as it's own gene
[2021-05-21 18:50:07.869] [jointLog] [warning] couldn't find transcript named [DQ516776] in transcript <-> gene map; returning transcript as it's own gene
[2021-05-21 18:50:07.869] [jointLog] [warning] couldn't find transcript named [DQ516773] in transcript <-> gene map; returning transcript as it's own gene
[2021-05-21 18:50:07.869] [jointLog] [warning] couldn't find transcript named [DQ854994] in transcript <-> gene map; returning transcript as it's own gene
[2021-05-21 18:50:07.869] [jointLog] [info] Aggregating expressions to gene level
[2021-05-21 18:50:08.020] [jointLog] [info] done
