[2021-04-27 20:41:08.668] [jointLog] [info] setting maxHashResizeThreads to 6
[2021-04-27 20:41:08.668] [jointLog] [info] Fragment incompatibility prior below threshold.  Incompatible fragments will be ignored.
[2021-04-27 20:41:08.670] [jointLog] [info] numQuantThreads = 3
[2021-04-27 20:41:13.749] [jointLog] [info] replaced 4 non-ACGT nucleotides with random nucleotides
[2021-04-27 20:41:14.007] [fileLog] [info] quantification processed 0 fragments so far

[2021-04-27 20:41:17.145] [fileLog] [info] quantification processed 1000000 fragments so far

[2021-04-27 20:41:20.127] [fileLog] [info] quantification processed 2000000 fragments so far

[2021-04-27 20:41:21.634] [jointLog] [info] 

The alignment group queue pool has been exhausted.  3048243 extra fragments were allocated on the heap to saturate the pool.  No new fragments will be allocated


[2021-04-27 20:41:28.381] [fileLog] [info] quantification processed 3000000 fragments so far

[2021-04-27 20:41:42.056] [fileLog] [info] quantification processed 4000000 fragments so far

[2021-04-27 20:41:55.886] [fileLog] [info] quantification processed 5000000 fragments so far

[2021-04-27 20:42:09.571] [fileLog] [info] quantification processed 6000000 fragments so far

[2021-04-27 20:42:23.464] [fileLog] [info] quantification processed 7000000 fragments so far

[2021-04-27 20:42:26.561] [fileLog] [info] quantification processed 8000000 fragments so far

[2021-04-27 20:42:29.430] [fileLog] [info] quantification processed 9000000 fragments so far

[2021-04-27 20:42:32.239] [fileLog] [info] quantification processed 10000000 fragments so far

[2021-04-27 20:42:35.151] [fileLog] [info] quantification processed 11000000 fragments so far

[2021-04-27 20:42:37.981] [fileLog] [info] quantification processed 12000000 fragments so far

[2021-04-27 20:42:40.891] [fileLog] [info] quantification processed 13000000 fragments so far

[2021-04-27 20:42:43.787] [fileLog] [info] quantification processed 14000000 fragments so far

[2021-04-27 20:42:46.667] [fileLog] [info] quantification processed 15000000 fragments so far

[2021-04-27 20:42:49.625] [fileLog] [info] quantification processed 16000000 fragments so far

[2021-04-27 20:42:52.546] [fileLog] [info] quantification processed 17000000 fragments so far

[2021-04-27 20:42:55.485] [fileLog] [info] quantification processed 18000000 fragments so far

[2021-04-27 20:42:58.381] [fileLog] [info] quantification processed 19000000 fragments so far

[2021-04-27 20:43:01.279] [fileLog] [info] quantification processed 20000000 fragments so far

[2021-04-27 20:43:04.158] [fileLog] [info] quantification processed 21000000 fragments so far

[2021-04-27 20:43:07.076] [fileLog] [info] quantification processed 22000000 fragments so far

[2021-04-27 20:43:10.013] [fileLog] [info] quantification processed 23000000 fragments so far

[2021-04-27 20:43:12.861] [fileLog] [info] quantification processed 24000000 fragments so far

[2021-04-27 20:43:15.750] [fileLog] [info] quantification processed 25000000 fragments so far

[2021-04-27 20:43:18.695] [fileLog] [info] quantification processed 26000000 fragments so far

[2021-04-27 20:43:21.594] [fileLog] [info] quantification processed 27000000 fragments so far

[2021-04-27 20:43:24.533] [fileLog] [info] quantification processed 28000000 fragments so far

[2021-04-27 20:43:27.463] [fileLog] [info] quantification processed 29000000 fragments so far

[2021-04-27 20:43:30.338] [fileLog] [info] quantification processed 30000000 fragments so far

[2021-04-27 20:43:33.289] [fileLog] [info] quantification processed 31000000 fragments so far

[2021-04-27 20:43:36.203] [fileLog] [info] quantification processed 32000000 fragments so far

[2021-04-27 20:43:39.192] [fileLog] [info] quantification processed 33000000 fragments so far

[2021-04-27 20:43:42.118] [fileLog] [info] quantification processed 34000000 fragments so far

[2021-04-27 20:43:45.041] [fileLog] [info] quantification processed 35000000 fragments so far

[2021-04-27 20:43:46.278] [fileLog] [info] quantification processed 35393137 fragments so far

[2021-04-27 20:43:51.710] [jointLog] [info] Thread saw mini-batch with a maximum of 1.90% zero probability fragments
[2021-04-27 20:43:51.713] [jointLog] [info] Thread saw mini-batch with a maximum of 2.90% zero probability fragments
[2021-04-27 20:43:51.715] [jointLog] [info] Thread saw mini-batch with a maximum of 2.20% zero probability fragments
[2021-04-27 20:43:51.716] [jointLog] [info] 


Completed first pass through the alignment file.
Total # of mapped reads : 35393137
# of uniquely mapped reads : 13693472
# ambiguously mapped reads : 21699665



[2021-04-27 20:43:51.850] [jointLog] [info] Computed 217413 rich equivalence classes for further processing
[2021-04-27 20:43:51.850] [jointLog] [info] Counted 35152723 total reads in the equivalence classes 
[2021-04-27 20:43:51.852] [jointLog] [info] starting optimizer
[2021-04-27 20:43:51.944] [jointLog] [info] Marked 0 weighted equivalence classes as degenerate
[2021-04-27 20:43:51.961] [jointLog] [info] iteration = 0 | max rel diff. = 7306.98
[2021-04-27 20:43:53.377] [jointLog] [info] iteration = 100 | max rel diff. = 20.5731
[2021-04-27 20:43:54.767] [jointLog] [info] iteration = 200 | max rel diff. = 7.46877
[2021-04-27 20:43:56.148] [jointLog] [info] iteration = 300 | max rel diff. = 2.35457
[2021-04-27 20:43:57.542] [jointLog] [info] iteration = 400 | max rel diff. = 14.8848
[2021-04-27 20:43:58.899] [jointLog] [info] iteration = 500 | max rel diff. = 0.979623
[2021-04-27 20:44:00.314] [jointLog] [info] iteration = 600 | max rel diff. = 0.685625
[2021-04-27 20:44:01.712] [jointLog] [info] iteration = 700 | max rel diff. = 1.094
[2021-04-27 20:44:03.115] [jointLog] [info] iteration = 800 | max rel diff. = 0.269809
[2021-04-27 20:44:04.507] [jointLog] [info] iteration = 900 | max rel diff. = 0.136073
[2021-04-27 20:44:05.899] [jointLog] [info] iteration = 1000 | max rel diff. = 0.456576
[2021-04-27 20:44:07.283] [jointLog] [info] iteration = 1100 | max rel diff. = 19.0385
[2021-04-27 20:44:08.675] [jointLog] [info] iteration = 1200 | max rel diff. = 0.244074
[2021-04-27 20:44:10.086] [jointLog] [info] iteration = 1300 | max rel diff. = 0.0229378
[2021-04-27 20:44:11.471] [jointLog] [info] iteration = 1400 | max rel diff. = 0.665516
[2021-04-27 20:44:12.800] [jointLog] [info] iteration = 1500 | max rel diff. = 0.141285
[2021-04-27 20:44:14.185] [jointLog] [info] iteration = 1600 | max rel diff. = 0.180867
[2021-04-27 20:44:15.580] [jointLog] [info] iteration = 1700 | max rel diff. = 0.0306665
[2021-04-27 20:44:16.925] [jointLog] [info] iteration = 1800 | max rel diff. = 0.0757392
[2021-04-27 20:44:18.279] [jointLog] [info] iteration = 1900 | max rel diff. = 0.0459532
[2021-04-27 20:44:19.655] [jointLog] [info] iteration = 2000 | max rel diff. = 0.00548586
[2021-04-27 20:44:19.685] [jointLog] [info] finished optimizer
[2021-04-27 20:44:19.685] [jointLog] [info] writing output
[2021-04-27 20:44:21.266] [jointLog] [info] Computing gene-level abundance estimates
[2021-04-27 20:44:47.903] [jointLog] [warning] Feature has no GFF ID
[2021-04-27 20:44:47.903] [jointLog] [warning] Feature has no GFF ID
[2021-04-27 20:44:47.903] [jointLog] [warning] Feature has no GFF ID
[2021-04-27 20:44:47.903] [jointLog] [warning] Feature has no GFF ID
[2021-04-27 20:44:47.903] [jointLog] [warning] Feature has no GFF ID
[2021-04-27 20:44:47.903] [jointLog] [warning] Feature has no GFF ID
[2021-04-27 20:44:47.903] [jointLog] [warning] Feature has no GFF ID
[2021-04-27 20:44:47.903] [jointLog] [warning] Feature has no GFF ID
[2021-04-27 20:44:47.903] [jointLog] [warning] Feature has no GFF ID
[2021-04-27 20:44:47.903] [jointLog] [warning] Feature has no GFF ID
[2021-04-27 20:44:47.903] [jointLog] [warning] Feature has no GFF ID
[2021-04-27 20:44:47.903] [jointLog] [warning] Feature has no GFF ID
[2021-04-27 20:44:47.903] [jointLog] [warning] Feature has no GFF ID
[2021-04-27 20:44:47.903] [jointLog] [warning] Feature has no GFF ID
[2021-04-27 20:44:47.903] [jointLog] [warning] Feature has no GFF ID
[2021-04-27 20:44:47.903] [jointLog] [warning] Feature has no GFF ID
[2021-04-27 20:44:47.903] [jointLog] [warning] Feature has no GFF ID
[2021-04-27 20:44:47.903] [jointLog] [warning] Feature has no GFF ID
[2021-04-27 20:44:47.903] [jointLog] [warning] Feature has no GFF ID
[2021-04-27 20:44:47.903] [jointLog] [warning] Feature has no GFF ID
[2021-04-27 20:44:47.903] [jointLog] [warning] Feature has no GFF ID
[2021-04-27 20:44:47.903] [jointLog] [warning] Feature has no GFF ID
[2021-04-27 20:44:47.903] [jointLog] [warning] Feature has no GFF ID
[2021-04-27 20:44:47.903] [jointLog] [warning] Feature has no GFF ID
[2021-04-27 20:44:47.903] [jointLog] [warning] Feature has no GFF ID
[2021-04-27 20:44:47.903] [jointLog] [warning] Feature has no GFF ID
[2021-04-27 20:44:47.903] [jointLog] [warning] Feature has no GFF ID
[2021-04-27 20:44:47.903] [jointLog] [warning] Feature has no GFF ID
[2021-04-27 20:44:47.903] [jointLog] [warning] Feature has no GFF ID
[2021-04-27 20:44:47.903] [jointLog] [warning] Feature has no GFF ID
[2021-04-27 20:44:47.903] [jointLog] [warning] Feature has no GFF ID
[2021-04-27 20:44:47.903] [jointLog] [warning] Feature has no GFF ID
[2021-04-27 20:44:47.903] [jointLog] [warning] Feature has no GFF ID
[2021-04-27 20:44:47.903] [jointLog] [warning] Feature has no GFF ID
[2021-04-27 20:44:47.903] [jointLog] [warning] Feature has no GFF ID
[2021-04-27 20:44:47.903] [jointLog] [warning] Feature has no GFF ID
[2021-04-27 20:44:47.903] [jointLog] [warning] Feature has no GFF ID
[2021-04-27 20:44:47.903] [jointLog] [warning] Feature has no GFF ID
[2021-04-27 20:44:47.903] [jointLog] [warning] Feature has no GFF ID
[2021-04-27 20:44:47.903] [jointLog] [warning] Feature has no GFF ID
[2021-04-27 20:44:47.903] [jointLog] [warning] Feature has no GFF ID
[2021-04-27 20:44:47.903] [jointLog] [warning] Feature has no GFF ID
[2021-04-27 20:44:47.903] [jointLog] [warning] Feature has no GFF ID
[2021-04-27 20:44:47.903] [jointLog] [warning] Feature has no GFF ID
[2021-04-27 20:44:47.903] [jointLog] [warning] Feature has no GFF ID
[2021-04-27 20:44:47.903] [jointLog] [warning] Feature has no GFF ID
[2021-04-27 20:44:47.903] [jointLog] [warning] Feature has no GFF ID
[2021-04-27 20:44:47.903] [jointLog] [warning] Feature has no GFF ID
[2021-04-27 20:44:47.903] [jointLog] [warning] Feature has no GFF ID
[2021-04-27 20:44:47.903] [jointLog] [warning] Feature has no GFF ID
[2021-04-27 20:44:47.903] [jointLog] [warning] Feature has no GFF ID
[2021-04-27 20:44:47.903] [jointLog] [warning] Feature has no GFF ID
[2021-04-27 20:44:47.903] [jointLog] [warning] Feature has no GFF ID
[2021-04-27 20:44:47.903] [jointLog] [warning] Feature has no GFF ID
[2021-04-27 20:44:47.903] [jointLog] [warning] Feature has no GFF ID
[2021-04-27 20:44:47.903] [jointLog] [warning] Feature has no GFF ID
[2021-04-27 20:44:47.903] [jointLog] [warning] Feature has no GFF ID
[2021-04-27 20:44:47.903] [jointLog] [warning] Feature has no GFF ID
[2021-04-27 20:44:47.903] [jointLog] [warning] Feature has no GFF ID
[2021-04-27 20:44:47.903] [jointLog] [warning] Feature has no GFF ID
[2021-04-27 20:44:47.903] [jointLog] [warning] Feature has no GFF ID
[2021-04-27 20:44:47.903] [jointLog] [warning] Feature has no GFF ID
[2021-04-27 20:44:47.903] [jointLog] [warning] Feature has no GFF ID
[2021-04-27 20:44:47.903] [jointLog] [warning] Feature has no GFF ID
[2021-04-27 20:44:47.903] [jointLog] [warning] Feature has no GFF ID
[2021-04-27 20:44:47.903] [jointLog] [warning] Feature has no GFF ID
[2021-04-27 20:44:47.903] [jointLog] [warning] Feature has no GFF ID
[2021-04-27 20:44:47.903] [jointLog] [warning] Feature has no GFF ID
[2021-04-27 20:44:47.903] [jointLog] [warning] Feature has no GFF ID
[2021-04-27 20:44:47.903] [jointLog] [warning] Feature has no GFF ID
[2021-04-27 20:44:47.903] [jointLog] [warning] Feature has no GFF ID
[2021-04-27 20:44:47.903] [jointLog] [warning] Feature has no GFF ID
[2021-04-27 20:44:47.903] [jointLog] [warning] Feature has no GFF ID
[2021-04-27 20:44:47.903] [jointLog] [warning] Feature has no GFF ID
[2021-04-27 20:44:47.903] [jointLog] [warning] Feature has no GFF ID
[2021-04-27 20:44:47.903] [jointLog] [warning] Feature has no GFF ID
[2021-04-27 20:44:47.903] [jointLog] [warning] Feature has no GFF ID
[2021-04-27 20:44:47.903] [jointLog] [warning] Feature has no GFF ID
[2021-04-27 20:44:47.903] [jointLog] [warning] Feature has no GFF ID
[2021-04-27 20:44:47.903] [jointLog] [warning] Feature has no GFF ID
[2021-04-27 20:44:47.903] [jointLog] [warning] Feature has no GFF ID
[2021-04-27 20:44:47.903] [jointLog] [warning] Feature has no GFF ID
[2021-04-27 20:44:47.903] [jointLog] [warning] Feature has no GFF ID
[2021-04-27 20:44:47.903] [jointLog] [warning] Feature has no GFF ID
[2021-04-27 20:44:47.903] [jointLog] [warning] Feature has no GFF ID
[2021-04-27 20:44:47.903] [jointLog] [warning] Feature has no GFF ID
[2021-04-27 20:44:47.903] [jointLog] [warning] Feature has no GFF ID
[2021-04-27 20:44:47.903] [jointLog] [warning] Feature has no GFF ID
[2021-04-27 20:44:47.903] [jointLog] [warning] Feature has no GFF ID
[2021-04-27 20:44:47.903] [jointLog] [warning] Feature has no GFF ID
[2021-04-27 20:44:47.903] [jointLog] [warning] Feature has no GFF ID
[2021-04-27 20:44:47.903] [jointLog] [warning] Feature has no GFF ID
[2021-04-27 20:44:48.187] [jointLog] [info] There were 142604 transcripts mapping to 55401 genes
[2021-04-27 20:44:48.187] [jointLog] [info] NOTE: We recommend using tximport (https://bioconductor.org/packages/release/bioc/html/tximport.html) for aggregating transcript-level salmon abundance estimates to the gene level.  It is more versatile, exposes more features, and allows considering multi-sample information during aggregation.
[2021-04-27 20:44:48.431] [jointLog] [warning] couldn't find transcript named [DQ459430] in transcript <-> gene map; returning transcript as it's own gene
[2021-04-27 20:44:48.431] [jointLog] [warning] couldn't find transcript named [DQ516784] in transcript <-> gene map; returning transcript as it's own gene
[2021-04-27 20:44:48.431] [jointLog] [warning] couldn't find transcript named [DQ516752] in transcript <-> gene map; returning transcript as it's own gene
[2021-04-27 20:44:48.431] [jointLog] [warning] couldn't find transcript named [DQ668364] in transcript <-> gene map; returning transcript as it's own gene
[2021-04-27 20:44:48.431] [jointLog] [warning] couldn't find transcript named [DQ883670] in transcript <-> gene map; returning transcript as it's own gene
[2021-04-27 20:44:48.431] [jointLog] [warning] couldn't find transcript named [EF011062] in transcript <-> gene map; returning transcript as it's own gene
[2021-04-27 20:44:48.431] [jointLog] [warning] couldn't find transcript named [DQ875385] in transcript <-> gene map; returning transcript as it's own gene
[2021-04-27 20:44:48.431] [jointLog] [warning] couldn't find transcript named [DQ883664] in transcript <-> gene map; returning transcript as it's own gene
[2021-04-27 20:44:48.431] [jointLog] [warning] couldn't find transcript named [DQ459420] in transcript <-> gene map; returning transcript as it's own gene
[2021-04-27 20:44:48.431] [jointLog] [warning] couldn't find transcript named [DQ883651] in transcript <-> gene map; returning transcript as it's own gene
[2021-04-27 20:44:48.431] [jointLog] [warning] couldn't find transcript named [DQ855004] in transcript <-> gene map; returning transcript as it's own gene
[2021-04-27 20:44:48.431] [jointLog] [warning] couldn't find transcript named [DQ854993] in transcript <-> gene map; returning transcript as it's own gene
[2021-04-27 20:44:48.431] [jointLog] [warning] couldn't find transcript named [DQ883689] in transcript <-> gene map; returning transcript as it's own gene
[2021-04-27 20:44:48.431] [jointLog] [warning] couldn't find transcript named [DQ459419] in transcript <-> gene map; returning transcript as it's own gene
[2021-04-27 20:44:48.431] [jointLog] [warning] couldn't find transcript named [DQ459431] in transcript <-> gene map; returning transcript as it's own gene
[2021-04-27 20:44:48.431] [jointLog] [warning] couldn't find transcript named [DQ516796] in transcript <-> gene map; returning transcript as it's own gene
[2021-04-27 20:44:48.431] [jointLog] [warning] couldn't find transcript named [DQ855001] in transcript <-> gene map; returning transcript as it's own gene
[2021-04-27 20:44:48.431] [jointLog] [warning] couldn't find transcript named [DQ459413] in transcript <-> gene map; returning transcript as it's own gene
[2021-04-27 20:44:48.431] [jointLog] [warning] couldn't find transcript named [DQ883656] in transcript <-> gene map; returning transcript as it's own gene
[2021-04-27 20:44:48.431] [jointLog] [warning] couldn't find transcript named [DQ883661] in transcript <-> gene map; returning transcript as it's own gene
[2021-04-27 20:44:48.431] [jointLog] [warning] couldn't find transcript named [EF011069] in transcript <-> gene map; returning transcript as it's own gene
[2021-04-27 20:44:48.431] [jointLog] [warning] couldn't find transcript named [DQ516783] in transcript <-> gene map; returning transcript as it's own gene
[2021-04-27 20:44:48.431] [jointLog] [warning] couldn't find transcript named [DQ516787] in transcript <-> gene map; returning transcript as it's own gene
[2021-04-27 20:44:48.431] [jointLog] [warning] couldn't find transcript named [DQ459424] in transcript <-> gene map; returning transcript as it's own gene
[2021-04-27 20:44:48.431] [jointLog] [warning] couldn't find transcript named [DQ516748] in transcript <-> gene map; returning transcript as it's own gene
[2021-04-27 20:44:48.431] [jointLog] [warning] couldn't find transcript named [DQ883671] in transcript <-> gene map; returning transcript as it's own gene
[2021-04-27 20:44:48.431] [jointLog] [warning] couldn't find transcript named [DQ516740] in transcript <-> gene map; returning transcript as it's own gene
[2021-04-27 20:44:48.431] [jointLog] [warning] couldn't find transcript named [DQ516785] in transcript <-> gene map; returning transcript as it's own gene
[2021-04-27 20:44:48.431] [jointLog] [warning] couldn't find transcript named [DQ516731] in transcript <-> gene map; returning transcript as it's own gene
[2021-04-27 20:44:48.431] [jointLog] [warning] couldn't find transcript named [DQ668366] in transcript <-> gene map; returning transcript as it's own gene
[2021-04-27 20:44:48.431] [jointLog] [warning] couldn't find transcript named [DQ459418] in transcript <-> gene map; returning transcript as it's own gene
[2021-04-27 20:44:48.431] [jointLog] [warning] couldn't find transcript named [DQ668356] in transcript <-> gene map; returning transcript as it's own gene
[2021-04-27 20:44:48.432] [jointLog] [warning] couldn't find transcript named [DQ516763] in transcript <-> gene map; returning transcript as it's own gene
[2021-04-27 20:44:48.432] [jointLog] [warning] couldn't find transcript named [DQ459426] in transcript <-> gene map; returning transcript as it's own gene
[2021-04-27 20:44:48.432] [jointLog] [warning] couldn't find transcript named [DQ516786] in transcript <-> gene map; returning transcript as it's own gene
[2021-04-27 20:44:48.432] [jointLog] [warning] couldn't find transcript named [DQ883653] in transcript <-> gene map; returning transcript as it's own gene
[2021-04-27 20:44:48.432] [jointLog] [warning] couldn't find transcript named [DQ459421] in transcript <-> gene map; returning transcript as it's own gene
[2021-04-27 20:44:48.432] [jointLog] [warning] couldn't find transcript named [DQ883654] in transcript <-> gene map; returning transcript as it's own gene
[2021-04-27 20:44:48.432] [jointLog] [warning] couldn't find transcript named [DQ668358] in transcript <-> gene map; returning transcript as it's own gene
[2021-04-27 20:44:48.432] [jointLog] [warning] couldn't find transcript named [DQ516754] in transcript <-> gene map; returning transcript as it's own gene
[2021-04-27 20:44:48.432] [jointLog] [warning] couldn't find transcript named [DQ516778] in transcript <-> gene map; returning transcript as it's own gene
[2021-04-27 20:44:48.432] [jointLog] [warning] couldn't find transcript named [DQ883650] in transcript <-> gene map; returning transcript as it's own gene
[2021-04-27 20:44:48.432] [jointLog] [warning] couldn't find transcript named [DQ516742] in transcript <-> gene map; returning transcript as it's own gene
[2021-04-27 20:44:48.432] [jointLog] [warning] couldn't find transcript named [DQ883673] in transcript <-> gene map; returning transcript as it's own gene
[2021-04-27 20:44:48.432] [jointLog] [warning] couldn't find transcript named [DQ883652] in transcript <-> gene map; returning transcript as it's own gene
[2021-04-27 20:44:48.432] [jointLog] [warning] couldn't find transcript named [DQ854991] in transcript <-> gene map; returning transcript as it's own gene
[2021-04-27 20:44:48.432] [jointLog] [warning] couldn't find transcript named [DQ516780] in transcript <-> gene map; returning transcript as it's own gene
[2021-04-27 20:44:48.432] [jointLog] [warning] couldn't find transcript named [DQ883682] in transcript <-> gene map; returning transcript as it's own gene
[2021-04-27 20:44:48.432] [jointLog] [warning] couldn't find transcript named [DQ883669] in transcript <-> gene map; returning transcript as it's own gene
[2021-04-27 20:44:48.432] [jointLog] [warning] couldn't find transcript named [DQ516791] in transcript <-> gene map; returning transcript as it's own gene
[2021-04-27 20:44:48.432] [jointLog] [warning] couldn't find transcript named [DQ459425] in transcript <-> gene map; returning transcript as it's own gene
[2021-04-27 20:44:48.432] [jointLog] [warning] couldn't find transcript named [DQ516759] in transcript <-> gene map; returning transcript as it's own gene
[2021-04-27 20:44:48.432] [jointLog] [warning] couldn't find transcript named [DQ459429] in transcript <-> gene map; returning transcript as it's own gene
[2021-04-27 20:44:48.432] [jointLog] [warning] couldn't find transcript named [DQ516758] in transcript <-> gene map; returning transcript as it's own gene
[2021-04-27 20:44:48.432] [jointLog] [warning] couldn't find transcript named [DQ459415] in transcript <-> gene map; returning transcript as it's own gene
[2021-04-27 20:44:48.432] [jointLog] [warning] couldn't find transcript named [DQ875387] in transcript <-> gene map; returning transcript as it's own gene
[2021-04-27 20:44:48.432] [jointLog] [warning] couldn't find transcript named [DQ516815] in transcript <-> gene map; returning transcript as it's own gene
[2021-04-27 20:44:48.432] [jointLog] [warning] couldn't find transcript named [DQ668365] in transcript <-> gene map; returning transcript as it's own gene
[2021-04-27 20:44:48.432] [jointLog] [warning] couldn't find transcript named [DQ854998] in transcript <-> gene map; returning transcript as it's own gene
[2021-04-27 20:44:48.432] [jointLog] [warning] couldn't find transcript named [DQ883685] in transcript <-> gene map; returning transcript as it's own gene
[2021-04-27 20:44:48.432] [jointLog] [warning] couldn't find transcript named [DQ459422] in transcript <-> gene map; returning transcript as it's own gene
[2021-04-27 20:44:48.432] [jointLog] [warning] couldn't find transcript named [DQ883663] in transcript <-> gene map; returning transcript as it's own gene
[2021-04-27 20:44:48.432] [jointLog] [warning] couldn't find transcript named [DQ668367] in transcript <-> gene map; returning transcript as it's own gene
[2021-04-27 20:44:48.432] [jointLog] [warning] couldn't find transcript named [DQ459412] in transcript <-> gene map; returning transcript as it's own gene
[2021-04-27 20:44:48.432] [jointLog] [warning] couldn't find transcript named [DQ854992] in transcript <-> gene map; returning transcript as it's own gene
[2021-04-27 20:44:48.432] [jointLog] [warning] couldn't find transcript named [DQ516782] in transcript <-> gene map; returning transcript as it's own gene
[2021-04-27 20:44:48.432] [jointLog] [warning] couldn't find transcript named [DQ459427] in transcript <-> gene map; returning transcript as it's own gene
[2021-04-27 20:44:48.432] [jointLog] [warning] couldn't find transcript named [EF011072] in transcript <-> gene map; returning transcript as it's own gene
[2021-04-27 20:44:48.432] [jointLog] [warning] couldn't find transcript named [DQ855003] in transcript <-> gene map; returning transcript as it's own gene
[2021-04-27 20:44:48.432] [jointLog] [warning] couldn't find transcript named [DQ516739] in transcript <-> gene map; returning transcript as it's own gene
[2021-04-27 20:44:48.432] [jointLog] [warning] couldn't find transcript named [EF011063] in transcript <-> gene map; returning transcript as it's own gene
[2021-04-27 20:44:48.432] [jointLog] [warning] couldn't find transcript named [DQ855000] in transcript <-> gene map; returning transcript as it's own gene
[2021-04-27 20:44:48.432] [jointLog] [warning] couldn't find transcript named [DQ516777] in transcript <-> gene map; returning transcript as it's own gene
[2021-04-27 20:44:48.432] [jointLog] [warning] couldn't find transcript named [DQ883646] in transcript <-> gene map; returning transcript as it's own gene
[2021-04-27 20:44:48.432] [jointLog] [warning] couldn't find transcript named [DQ668362] in transcript <-> gene map; returning transcript as it's own gene
[2021-04-27 20:44:48.432] [jointLog] [warning] couldn't find transcript named [DQ854995] in transcript <-> gene map; returning transcript as it's own gene
[2021-04-27 20:44:48.432] [jointLog] [warning] couldn't find transcript named [DQ875386] in transcript <-> gene map; returning transcript as it's own gene
[2021-04-27 20:44:48.432] [jointLog] [warning] couldn't find transcript named [DQ516790] in transcript <-> gene map; returning transcript as it's own gene
[2021-04-27 20:44:48.432] [jointLog] [warning] couldn't find transcript named [DQ883642] in transcript <-> gene map; returning transcript as it's own gene
[2021-04-27 20:44:48.432] [jointLog] [warning] couldn't find transcript named [DQ883659] in transcript <-> gene map; returning transcript as it's own gene
[2021-04-27 20:44:48.432] [jointLog] [warning] couldn't find transcript named [DQ854997] in transcript <-> gene map; returning transcript as it's own gene
[2021-04-27 20:44:48.432] [jointLog] [warning] couldn't find transcript named [DQ883643] in transcript <-> gene map; returning transcript as it's own gene
[2021-04-27 20:44:48.432] [jointLog] [warning] couldn't find transcript named [DQ839618] in transcript <-> gene map; returning transcript as it's own gene
[2021-04-27 20:44:48.432] [jointLog] [warning] couldn't find transcript named [DQ516795] in transcript <-> gene map; returning transcript as it's own gene
[2021-04-27 20:44:48.432] [jointLog] [warning] couldn't find transcript named [DQ883658] in transcript <-> gene map; returning transcript as it's own gene
[2021-04-27 20:44:48.432] [jointLog] [warning] couldn't find transcript named [DQ516750] in transcript <-> gene map; returning transcript as it's own gene
[2021-04-27 20:44:48.432] [jointLog] [warning] couldn't find transcript named [DQ668359] in transcript <-> gene map; returning transcript as it's own gene
[2021-04-27 20:44:48.432] [jointLog] [warning] couldn't find transcript named [DQ516779] in transcript <-> gene map; returning transcript as it's own gene
[2021-04-27 20:44:48.432] [jointLog] [warning] couldn't find transcript named [DQ668363] in transcript <-> gene map; returning transcript as it's own gene
[2021-04-27 20:44:48.432] [jointLog] [warning] couldn't find transcript named [DQ516776] in transcript <-> gene map; returning transcript as it's own gene
[2021-04-27 20:44:48.432] [jointLog] [warning] couldn't find transcript named [DQ516773] in transcript <-> gene map; returning transcript as it's own gene
[2021-04-27 20:44:48.432] [jointLog] [warning] couldn't find transcript named [DQ854994] in transcript <-> gene map; returning transcript as it's own gene
[2021-04-27 20:44:48.432] [jointLog] [info] Aggregating expressions to gene level
[2021-04-27 20:44:48.588] [jointLog] [info] done
