[2021-05-20 19:13:52.438] [jointLog] [info] setting maxHashResizeThreads to 6
[2021-05-20 19:13:52.438] [jointLog] [info] Fragment incompatibility prior below threshold.  Incompatible fragments will be ignored.
[2021-05-20 19:13:52.443] [jointLog] [info] numQuantThreads = 3
[2021-05-20 19:13:55.488] [jointLog] [info] replaced 4 non-ACGT nucleotides with random nucleotides
[2021-05-20 19:13:55.809] [fileLog] [info] quantification processed 0 fragments so far

[2021-05-20 19:13:59.144] [fileLog] [info] quantification processed 1000000 fragments so far

[2021-05-20 19:14:02.434] [fileLog] [info] quantification processed 2000000 fragments so far

[2021-05-20 19:14:04.032] [jointLog] [info] 

The alignment group queue pool has been exhausted.  3476577 extra fragments were allocated on the heap to saturate the pool.  No new fragments will be allocated


[2021-05-20 19:14:12.585] [fileLog] [info] quantification processed 3000000 fragments so far

[2021-05-20 19:14:28.916] [fileLog] [info] quantification processed 4000000 fragments so far

[2021-05-20 19:14:45.278] [fileLog] [info] quantification processed 5000000 fragments so far

[2021-05-20 19:15:01.635] [fileLog] [info] quantification processed 6000000 fragments so far

[2021-05-20 19:15:17.883] [fileLog] [info] quantification processed 7000000 fragments so far

[2021-05-20 19:15:21.915] [fileLog] [info] quantification processed 8000000 fragments so far

[2021-05-20 19:15:25.827] [fileLog] [info] quantification processed 9000000 fragments so far

[2021-05-20 19:15:29.814] [fileLog] [info] quantification processed 10000000 fragments so far

[2021-05-20 19:15:33.808] [fileLog] [info] quantification processed 11000000 fragments so far

[2021-05-20 19:15:37.679] [fileLog] [info] quantification processed 12000000 fragments so far

[2021-05-20 19:15:41.588] [fileLog] [info] quantification processed 13000000 fragments so far

[2021-05-20 19:15:45.424] [fileLog] [info] quantification processed 14000000 fragments so far

[2021-05-20 19:15:49.330] [fileLog] [info] quantification processed 15000000 fragments so far

[2021-05-20 19:15:53.256] [fileLog] [info] quantification processed 16000000 fragments so far

[2021-05-20 19:15:57.122] [fileLog] [info] quantification processed 17000000 fragments so far

[2021-05-20 19:16:00.974] [fileLog] [info] quantification processed 18000000 fragments so far

[2021-05-20 19:16:04.859] [fileLog] [info] quantification processed 19000000 fragments so far

[2021-05-20 19:16:08.758] [fileLog] [info] quantification processed 20000000 fragments so far

[2021-05-20 19:16:12.693] [fileLog] [info] quantification processed 21000000 fragments so far

[2021-05-20 19:16:16.605] [fileLog] [info] quantification processed 22000000 fragments so far

[2021-05-20 19:16:20.491] [fileLog] [info] quantification processed 23000000 fragments so far

[2021-05-20 19:16:24.472] [fileLog] [info] quantification processed 24000000 fragments so far

[2021-05-20 19:16:28.308] [fileLog] [info] quantification processed 25000000 fragments so far

[2021-05-20 19:16:32.261] [fileLog] [info] quantification processed 26000000 fragments so far

[2021-05-20 19:16:36.135] [fileLog] [info] quantification processed 27000000 fragments so far

[2021-05-20 19:16:39.977] [fileLog] [info] quantification processed 28000000 fragments so far

[2021-05-20 19:16:43.918] [fileLog] [info] quantification processed 29000000 fragments so far

[2021-05-20 19:16:47.871] [fileLog] [info] quantification processed 30000000 fragments so far

[2021-05-20 19:16:51.749] [fileLog] [info] quantification processed 31000000 fragments so far

[2021-05-20 19:16:55.645] [fileLog] [info] quantification processed 32000000 fragments so far

[2021-05-20 19:16:59.578] [fileLog] [info] quantification processed 33000000 fragments so far

[2021-05-20 19:17:03.462] [fileLog] [info] quantification processed 34000000 fragments so far

[2021-05-20 19:17:07.368] [fileLog] [info] quantification processed 35000000 fragments so far

[2021-05-20 19:17:11.258] [fileLog] [info] quantification processed 36000000 fragments so far

[2021-05-20 19:17:15.195] [fileLog] [info] quantification processed 37000000 fragments so far

[2021-05-20 19:17:19.100] [fileLog] [info] quantification processed 38000000 fragments so far

[2021-05-20 19:17:23.095] [fileLog] [info] quantification processed 39000000 fragments so far

[2021-05-20 19:17:26.972] [fileLog] [info] quantification processed 40000000 fragments so far

[2021-05-20 19:17:30.826] [fileLog] [info] quantification processed 41000000 fragments so far

[2021-05-20 19:17:33.493] [fileLog] [info] quantification processed 41666502 fragments so far

[2021-05-20 19:17:40.884] [jointLog] [info] Thread saw mini-batch with a maximum of 12.40% zero probability fragments
[2021-05-20 19:17:40.887] [jointLog] [info] Thread saw mini-batch with a maximum of 14.90% zero probability fragments
[2021-05-20 19:17:40.888] [jointLog] [info] Thread saw mini-batch with a maximum of 13.60% zero probability fragments
[2021-05-20 19:17:40.889] [jointLog] [info] 


Completed first pass through the alignment file.
Total # of mapped reads : 41666502
# of uniquely mapped reads : 14632698
# ambiguously mapped reads : 27033804



[2021-05-20 19:17:41.057] [jointLog] [info] Computed 225798 rich equivalence classes for further processing
[2021-05-20 19:17:41.057] [jointLog] [info] Counted 41472120 total reads in the equivalence classes 
[2021-05-20 19:17:41.060] [jointLog] [info] starting optimizer
[2021-05-20 19:17:41.160] [jointLog] [info] Marked 0 weighted equivalence classes as degenerate
[2021-05-20 19:17:41.175] [jointLog] [info] iteration = 0 | max rel diff. = 4718.64
[2021-05-20 19:17:42.648] [jointLog] [info] iteration = 100 | max rel diff. = 20.7607
[2021-05-20 19:17:44.107] [jointLog] [info] iteration = 200 | max rel diff. = 13.2555
[2021-05-20 19:17:45.555] [jointLog] [info] iteration = 300 | max rel diff. = 3.45304
[2021-05-20 19:17:47.009] [jointLog] [info] iteration = 400 | max rel diff. = 4.87742
[2021-05-20 19:17:48.456] [jointLog] [info] iteration = 500 | max rel diff. = 1.44571
[2021-05-20 19:17:49.899] [jointLog] [info] iteration = 600 | max rel diff. = 2.84334
[2021-05-20 19:17:51.345] [jointLog] [info] iteration = 700 | max rel diff. = 0.408496
[2021-05-20 19:17:52.890] [jointLog] [info] iteration = 800 | max rel diff. = 0.119552
[2021-05-20 19:17:54.424] [jointLog] [info] iteration = 900 | max rel diff. = 1.58964
[2021-05-20 19:17:55.911] [jointLog] [info] iteration = 1000 | max rel diff. = 10.9082
[2021-05-20 19:17:57.410] [jointLog] [info] iteration = 1100 | max rel diff. = 17.6612
[2021-05-20 19:17:58.899] [jointLog] [info] iteration = 1200 | max rel diff. = 1.19195
[2021-05-20 19:18:00.367] [jointLog] [info] iteration = 1300 | max rel diff. = 0.0196029
[2021-05-20 19:18:01.843] [jointLog] [info] iteration = 1400 | max rel diff. = 0.564524
[2021-05-20 19:18:03.293] [jointLog] [info] iteration = 1500 | max rel diff. = 0.0832064
[2021-05-20 19:18:03.484] [jointLog] [info] iteration = 1514 | max rel diff. = 0.00996154
[2021-05-20 19:18:03.516] [jointLog] [info] finished optimizer
[2021-05-20 19:18:03.516] [jointLog] [info] writing output
[2021-05-20 19:18:05.446] [jointLog] [info] Computing gene-level abundance estimates
[2021-05-20 19:18:35.984] [jointLog] [warning] Feature has no GFF ID
[2021-05-20 19:18:35.984] [jointLog] [warning] Feature has no GFF ID
[2021-05-20 19:18:35.984] [jointLog] [warning] Feature has no GFF ID
[2021-05-20 19:18:35.984] [jointLog] [warning] Feature has no GFF ID
[2021-05-20 19:18:35.984] [jointLog] [warning] Feature has no GFF ID
[2021-05-20 19:18:35.984] [jointLog] [warning] Feature has no GFF ID
[2021-05-20 19:18:35.984] [jointLog] [warning] Feature has no GFF ID
[2021-05-20 19:18:35.984] [jointLog] [warning] Feature has no GFF ID
[2021-05-20 19:18:35.984] [jointLog] [warning] Feature has no GFF ID
[2021-05-20 19:18:35.984] [jointLog] [warning] Feature has no GFF ID
[2021-05-20 19:18:35.984] [jointLog] [warning] Feature has no GFF ID
[2021-05-20 19:18:35.984] [jointLog] [warning] Feature has no GFF ID
[2021-05-20 19:18:35.984] [jointLog] [warning] Feature has no GFF ID
[2021-05-20 19:18:35.984] [jointLog] [warning] Feature has no GFF ID
[2021-05-20 19:18:35.984] [jointLog] [warning] Feature has no GFF ID
[2021-05-20 19:18:35.984] [jointLog] [warning] Feature has no GFF ID
[2021-05-20 19:18:35.984] [jointLog] [warning] Feature has no GFF ID
[2021-05-20 19:18:35.984] [jointLog] [warning] Feature has no GFF ID
[2021-05-20 19:18:35.984] [jointLog] [warning] Feature has no GFF ID
[2021-05-20 19:18:35.984] [jointLog] [warning] Feature has no GFF ID
[2021-05-20 19:18:35.984] [jointLog] [warning] Feature has no GFF ID
[2021-05-20 19:18:35.984] [jointLog] [warning] Feature has no GFF ID
[2021-05-20 19:18:35.984] [jointLog] [warning] Feature has no GFF ID
[2021-05-20 19:18:35.984] [jointLog] [warning] Feature has no GFF ID
[2021-05-20 19:18:35.984] [jointLog] [warning] Feature has no GFF ID
[2021-05-20 19:18:35.984] [jointLog] [warning] Feature has no GFF ID
[2021-05-20 19:18:35.984] [jointLog] [warning] Feature has no GFF ID
[2021-05-20 19:18:35.984] [jointLog] [warning] Feature has no GFF ID
[2021-05-20 19:18:35.984] [jointLog] [warning] Feature has no GFF ID
[2021-05-20 19:18:35.984] [jointLog] [warning] Feature has no GFF ID
[2021-05-20 19:18:35.984] [jointLog] [warning] Feature has no GFF ID
[2021-05-20 19:18:35.984] [jointLog] [warning] Feature has no GFF ID
[2021-05-20 19:18:35.984] [jointLog] [warning] Feature has no GFF ID
[2021-05-20 19:18:35.984] [jointLog] [warning] Feature has no GFF ID
[2021-05-20 19:18:35.984] [jointLog] [warning] Feature has no GFF ID
[2021-05-20 19:18:35.984] [jointLog] [warning] Feature has no GFF ID
[2021-05-20 19:18:35.984] [jointLog] [warning] Feature has no GFF ID
[2021-05-20 19:18:35.984] [jointLog] [warning] Feature has no GFF ID
[2021-05-20 19:18:35.984] [jointLog] [warning] Feature has no GFF ID
[2021-05-20 19:18:35.984] [jointLog] [warning] Feature has no GFF ID
[2021-05-20 19:18:35.984] [jointLog] [warning] Feature has no GFF ID
[2021-05-20 19:18:35.984] [jointLog] [warning] Feature has no GFF ID
[2021-05-20 19:18:35.984] [jointLog] [warning] Feature has no GFF ID
[2021-05-20 19:18:35.984] [jointLog] [warning] Feature has no GFF ID
[2021-05-20 19:18:35.984] [jointLog] [warning] Feature has no GFF ID
[2021-05-20 19:18:35.984] [jointLog] [warning] Feature has no GFF ID
[2021-05-20 19:18:35.984] [jointLog] [warning] Feature has no GFF ID
[2021-05-20 19:18:35.984] [jointLog] [warning] Feature has no GFF ID
[2021-05-20 19:18:35.984] [jointLog] [warning] Feature has no GFF ID
[2021-05-20 19:18:35.984] [jointLog] [warning] Feature has no GFF ID
[2021-05-20 19:18:35.984] [jointLog] [warning] Feature has no GFF ID
[2021-05-20 19:18:35.984] [jointLog] [warning] Feature has no GFF ID
[2021-05-20 19:18:35.984] [jointLog] [warning] Feature has no GFF ID
[2021-05-20 19:18:35.984] [jointLog] [warning] Feature has no GFF ID
[2021-05-20 19:18:35.984] [jointLog] [warning] Feature has no GFF ID
[2021-05-20 19:18:35.984] [jointLog] [warning] Feature has no GFF ID
[2021-05-20 19:18:35.984] [jointLog] [warning] Feature has no GFF ID
[2021-05-20 19:18:35.984] [jointLog] [warning] Feature has no GFF ID
[2021-05-20 19:18:35.984] [jointLog] [warning] Feature has no GFF ID
[2021-05-20 19:18:35.984] [jointLog] [warning] Feature has no GFF ID
[2021-05-20 19:18:35.984] [jointLog] [warning] Feature has no GFF ID
[2021-05-20 19:18:35.984] [jointLog] [warning] Feature has no GFF ID
[2021-05-20 19:18:35.984] [jointLog] [warning] Feature has no GFF ID
[2021-05-20 19:18:35.984] [jointLog] [warning] Feature has no GFF ID
[2021-05-20 19:18:35.984] [jointLog] [warning] Feature has no GFF ID
[2021-05-20 19:18:35.984] [jointLog] [warning] Feature has no GFF ID
[2021-05-20 19:18:35.984] [jointLog] [warning] Feature has no GFF ID
[2021-05-20 19:18:35.984] [jointLog] [warning] Feature has no GFF ID
[2021-05-20 19:18:35.984] [jointLog] [warning] Feature has no GFF ID
[2021-05-20 19:18:35.984] [jointLog] [warning] Feature has no GFF ID
[2021-05-20 19:18:35.984] [jointLog] [warning] Feature has no GFF ID
[2021-05-20 19:18:35.984] [jointLog] [warning] Feature has no GFF ID
[2021-05-20 19:18:35.984] [jointLog] [warning] Feature has no GFF ID
[2021-05-20 19:18:35.984] [jointLog] [warning] Feature has no GFF ID
[2021-05-20 19:18:35.984] [jointLog] [warning] Feature has no GFF ID
[2021-05-20 19:18:35.984] [jointLog] [warning] Feature has no GFF ID
[2021-05-20 19:18:35.984] [jointLog] [warning] Feature has no GFF ID
[2021-05-20 19:18:35.984] [jointLog] [warning] Feature has no GFF ID
[2021-05-20 19:18:35.984] [jointLog] [warning] Feature has no GFF ID
[2021-05-20 19:18:35.984] [jointLog] [warning] Feature has no GFF ID
[2021-05-20 19:18:35.984] [jointLog] [warning] Feature has no GFF ID
[2021-05-20 19:18:35.984] [jointLog] [warning] Feature has no GFF ID
[2021-05-20 19:18:35.984] [jointLog] [warning] Feature has no GFF ID
[2021-05-20 19:18:35.984] [jointLog] [warning] Feature has no GFF ID
[2021-05-20 19:18:35.984] [jointLog] [warning] Feature has no GFF ID
[2021-05-20 19:18:35.984] [jointLog] [warning] Feature has no GFF ID
[2021-05-20 19:18:35.984] [jointLog] [warning] Feature has no GFF ID
[2021-05-20 19:18:35.984] [jointLog] [warning] Feature has no GFF ID
[2021-05-20 19:18:35.984] [jointLog] [warning] Feature has no GFF ID
[2021-05-20 19:18:35.984] [jointLog] [warning] Feature has no GFF ID
[2021-05-20 19:18:35.984] [jointLog] [warning] Feature has no GFF ID
[2021-05-20 19:18:35.984] [jointLog] [warning] Feature has no GFF ID
[2021-05-20 19:18:36.328] [jointLog] [info] There were 142604 transcripts mapping to 55401 genes
[2021-05-20 19:18:36.328] [jointLog] [info] NOTE: We recommend using tximport (https://bioconductor.org/packages/release/bioc/html/tximport.html) for aggregating transcript-level salmon abundance estimates to the gene level.  It is more versatile, exposes more features, and allows considering multi-sample information during aggregation.
[2021-05-20 19:18:36.633] [jointLog] [warning] couldn't find transcript named [DQ459430] in transcript <-> gene map; returning transcript as it's own gene
[2021-05-20 19:18:36.633] [jointLog] [warning] couldn't find transcript named [DQ516784] in transcript <-> gene map; returning transcript as it's own gene
[2021-05-20 19:18:36.633] [jointLog] [warning] couldn't find transcript named [DQ516752] in transcript <-> gene map; returning transcript as it's own gene
[2021-05-20 19:18:36.633] [jointLog] [warning] couldn't find transcript named [DQ668364] in transcript <-> gene map; returning transcript as it's own gene
[2021-05-20 19:18:36.633] [jointLog] [warning] couldn't find transcript named [DQ883670] in transcript <-> gene map; returning transcript as it's own gene
[2021-05-20 19:18:36.633] [jointLog] [warning] couldn't find transcript named [EF011062] in transcript <-> gene map; returning transcript as it's own gene
[2021-05-20 19:18:36.633] [jointLog] [warning] couldn't find transcript named [DQ875385] in transcript <-> gene map; returning transcript as it's own gene
[2021-05-20 19:18:36.633] [jointLog] [warning] couldn't find transcript named [DQ883664] in transcript <-> gene map; returning transcript as it's own gene
[2021-05-20 19:18:36.633] [jointLog] [warning] couldn't find transcript named [DQ459420] in transcript <-> gene map; returning transcript as it's own gene
[2021-05-20 19:18:36.633] [jointLog] [warning] couldn't find transcript named [DQ883651] in transcript <-> gene map; returning transcript as it's own gene
[2021-05-20 19:18:36.633] [jointLog] [warning] couldn't find transcript named [DQ855004] in transcript <-> gene map; returning transcript as it's own gene
[2021-05-20 19:18:36.633] [jointLog] [warning] couldn't find transcript named [DQ854993] in transcript <-> gene map; returning transcript as it's own gene
[2021-05-20 19:18:36.633] [jointLog] [warning] couldn't find transcript named [DQ883689] in transcript <-> gene map; returning transcript as it's own gene
[2021-05-20 19:18:36.633] [jointLog] [warning] couldn't find transcript named [DQ459419] in transcript <-> gene map; returning transcript as it's own gene
[2021-05-20 19:18:36.633] [jointLog] [warning] couldn't find transcript named [DQ459431] in transcript <-> gene map; returning transcript as it's own gene
[2021-05-20 19:18:36.633] [jointLog] [warning] couldn't find transcript named [DQ516796] in transcript <-> gene map; returning transcript as it's own gene
[2021-05-20 19:18:36.633] [jointLog] [warning] couldn't find transcript named [DQ855001] in transcript <-> gene map; returning transcript as it's own gene
[2021-05-20 19:18:36.633] [jointLog] [warning] couldn't find transcript named [DQ459413] in transcript <-> gene map; returning transcript as it's own gene
[2021-05-20 19:18:36.633] [jointLog] [warning] couldn't find transcript named [DQ883656] in transcript <-> gene map; returning transcript as it's own gene
[2021-05-20 19:18:36.633] [jointLog] [warning] couldn't find transcript named [DQ883661] in transcript <-> gene map; returning transcript as it's own gene
[2021-05-20 19:18:36.633] [jointLog] [warning] couldn't find transcript named [EF011069] in transcript <-> gene map; returning transcript as it's own gene
[2021-05-20 19:18:36.633] [jointLog] [warning] couldn't find transcript named [DQ516783] in transcript <-> gene map; returning transcript as it's own gene
[2021-05-20 19:18:36.633] [jointLog] [warning] couldn't find transcript named [DQ516787] in transcript <-> gene map; returning transcript as it's own gene
[2021-05-20 19:18:36.633] [jointLog] [warning] couldn't find transcript named [DQ459424] in transcript <-> gene map; returning transcript as it's own gene
[2021-05-20 19:18:36.633] [jointLog] [warning] couldn't find transcript named [DQ516748] in transcript <-> gene map; returning transcript as it's own gene
[2021-05-20 19:18:36.633] [jointLog] [warning] couldn't find transcript named [DQ883671] in transcript <-> gene map; returning transcript as it's own gene
[2021-05-20 19:18:36.633] [jointLog] [warning] couldn't find transcript named [DQ516740] in transcript <-> gene map; returning transcript as it's own gene
[2021-05-20 19:18:36.633] [jointLog] [warning] couldn't find transcript named [DQ516785] in transcript <-> gene map; returning transcript as it's own gene
[2021-05-20 19:18:36.633] [jointLog] [warning] couldn't find transcript named [DQ516731] in transcript <-> gene map; returning transcript as it's own gene
[2021-05-20 19:18:36.633] [jointLog] [warning] couldn't find transcript named [DQ668366] in transcript <-> gene map; returning transcript as it's own gene
[2021-05-20 19:18:36.633] [jointLog] [warning] couldn't find transcript named [DQ459418] in transcript <-> gene map; returning transcript as it's own gene
[2021-05-20 19:18:36.633] [jointLog] [warning] couldn't find transcript named [DQ668356] in transcript <-> gene map; returning transcript as it's own gene
[2021-05-20 19:18:36.633] [jointLog] [warning] couldn't find transcript named [DQ516763] in transcript <-> gene map; returning transcript as it's own gene
[2021-05-20 19:18:36.633] [jointLog] [warning] couldn't find transcript named [DQ459426] in transcript <-> gene map; returning transcript as it's own gene
[2021-05-20 19:18:36.633] [jointLog] [warning] couldn't find transcript named [DQ516786] in transcript <-> gene map; returning transcript as it's own gene
[2021-05-20 19:18:36.633] [jointLog] [warning] couldn't find transcript named [DQ883653] in transcript <-> gene map; returning transcript as it's own gene
[2021-05-20 19:18:36.633] [jointLog] [warning] couldn't find transcript named [DQ459421] in transcript <-> gene map; returning transcript as it's own gene
[2021-05-20 19:18:36.633] [jointLog] [warning] couldn't find transcript named [DQ883654] in transcript <-> gene map; returning transcript as it's own gene
[2021-05-20 19:18:36.633] [jointLog] [warning] couldn't find transcript named [DQ668358] in transcript <-> gene map; returning transcript as it's own gene
[2021-05-20 19:18:36.633] [jointLog] [warning] couldn't find transcript named [DQ516754] in transcript <-> gene map; returning transcript as it's own gene
[2021-05-20 19:18:36.633] [jointLog] [warning] couldn't find transcript named [DQ516778] in transcript <-> gene map; returning transcript as it's own gene
[2021-05-20 19:18:36.633] [jointLog] [warning] couldn't find transcript named [DQ883650] in transcript <-> gene map; returning transcript as it's own gene
[2021-05-20 19:18:36.633] [jointLog] [warning] couldn't find transcript named [DQ516742] in transcript <-> gene map; returning transcript as it's own gene
[2021-05-20 19:18:36.633] [jointLog] [warning] couldn't find transcript named [DQ883673] in transcript <-> gene map; returning transcript as it's own gene
[2021-05-20 19:18:36.633] [jointLog] [warning] couldn't find transcript named [DQ883652] in transcript <-> gene map; returning transcript as it's own gene
[2021-05-20 19:18:36.633] [jointLog] [warning] couldn't find transcript named [DQ854991] in transcript <-> gene map; returning transcript as it's own gene
[2021-05-20 19:18:36.633] [jointLog] [warning] couldn't find transcript named [DQ516780] in transcript <-> gene map; returning transcript as it's own gene
[2021-05-20 19:18:36.633] [jointLog] [warning] couldn't find transcript named [DQ883682] in transcript <-> gene map; returning transcript as it's own gene
[2021-05-20 19:18:36.633] [jointLog] [warning] couldn't find transcript named [DQ883669] in transcript <-> gene map; returning transcript as it's own gene
[2021-05-20 19:18:36.633] [jointLog] [warning] couldn't find transcript named [DQ516791] in transcript <-> gene map; returning transcript as it's own gene
[2021-05-20 19:18:36.633] [jointLog] [warning] couldn't find transcript named [DQ459425] in transcript <-> gene map; returning transcript as it's own gene
[2021-05-20 19:18:36.633] [jointLog] [warning] couldn't find transcript named [DQ516759] in transcript <-> gene map; returning transcript as it's own gene
[2021-05-20 19:18:36.633] [jointLog] [warning] couldn't find transcript named [DQ459429] in transcript <-> gene map; returning transcript as it's own gene
[2021-05-20 19:18:36.633] [jointLog] [warning] couldn't find transcript named [DQ516758] in transcript <-> gene map; returning transcript as it's own gene
[2021-05-20 19:18:36.633] [jointLog] [warning] couldn't find transcript named [DQ459415] in transcript <-> gene map; returning transcript as it's own gene
[2021-05-20 19:18:36.633] [jointLog] [warning] couldn't find transcript named [DQ875387] in transcript <-> gene map; returning transcript as it's own gene
[2021-05-20 19:18:36.633] [jointLog] [warning] couldn't find transcript named [DQ516815] in transcript <-> gene map; returning transcript as it's own gene
[2021-05-20 19:18:36.633] [jointLog] [warning] couldn't find transcript named [DQ668365] in transcript <-> gene map; returning transcript as it's own gene
[2021-05-20 19:18:36.633] [jointLog] [warning] couldn't find transcript named [DQ854998] in transcript <-> gene map; returning transcript as it's own gene
[2021-05-20 19:18:36.633] [jointLog] [warning] couldn't find transcript named [DQ883685] in transcript <-> gene map; returning transcript as it's own gene
[2021-05-20 19:18:36.633] [jointLog] [warning] couldn't find transcript named [DQ459422] in transcript <-> gene map; returning transcript as it's own gene
[2021-05-20 19:18:36.633] [jointLog] [warning] couldn't find transcript named [DQ883663] in transcript <-> gene map; returning transcript as it's own gene
[2021-05-20 19:18:36.633] [jointLog] [warning] couldn't find transcript named [DQ668367] in transcript <-> gene map; returning transcript as it's own gene
[2021-05-20 19:18:36.633] [jointLog] [warning] couldn't find transcript named [DQ459412] in transcript <-> gene map; returning transcript as it's own gene
[2021-05-20 19:18:36.633] [jointLog] [warning] couldn't find transcript named [DQ854992] in transcript <-> gene map; returning transcript as it's own gene
[2021-05-20 19:18:36.633] [jointLog] [warning] couldn't find transcript named [DQ516782] in transcript <-> gene map; returning transcript as it's own gene
[2021-05-20 19:18:36.633] [jointLog] [warning] couldn't find transcript named [DQ459427] in transcript <-> gene map; returning transcript as it's own gene
[2021-05-20 19:18:36.633] [jointLog] [warning] couldn't find transcript named [EF011072] in transcript <-> gene map; returning transcript as it's own gene
[2021-05-20 19:18:36.633] [jointLog] [warning] couldn't find transcript named [DQ855003] in transcript <-> gene map; returning transcript as it's own gene
[2021-05-20 19:18:36.633] [jointLog] [warning] couldn't find transcript named [DQ516739] in transcript <-> gene map; returning transcript as it's own gene
[2021-05-20 19:18:36.633] [jointLog] [warning] couldn't find transcript named [EF011063] in transcript <-> gene map; returning transcript as it's own gene
[2021-05-20 19:18:36.633] [jointLog] [warning] couldn't find transcript named [DQ855000] in transcript <-> gene map; returning transcript as it's own gene
[2021-05-20 19:18:36.633] [jointLog] [warning] couldn't find transcript named [DQ516777] in transcript <-> gene map; returning transcript as it's own gene
[2021-05-20 19:18:36.633] [jointLog] [warning] couldn't find transcript named [DQ883646] in transcript <-> gene map; returning transcript as it's own gene
[2021-05-20 19:18:36.633] [jointLog] [warning] couldn't find transcript named [DQ668362] in transcript <-> gene map; returning transcript as it's own gene
[2021-05-20 19:18:36.633] [jointLog] [warning] couldn't find transcript named [DQ854995] in transcript <-> gene map; returning transcript as it's own gene
[2021-05-20 19:18:36.633] [jointLog] [warning] couldn't find transcript named [DQ875386] in transcript <-> gene map; returning transcript as it's own gene
[2021-05-20 19:18:36.633] [jointLog] [warning] couldn't find transcript named [DQ516790] in transcript <-> gene map; returning transcript as it's own gene
[2021-05-20 19:18:36.633] [jointLog] [warning] couldn't find transcript named [DQ883642] in transcript <-> gene map; returning transcript as it's own gene
[2021-05-20 19:18:36.633] [jointLog] [warning] couldn't find transcript named [DQ883659] in transcript <-> gene map; returning transcript as it's own gene
[2021-05-20 19:18:36.633] [jointLog] [warning] couldn't find transcript named [DQ854997] in transcript <-> gene map; returning transcript as it's own gene
[2021-05-20 19:18:36.633] [jointLog] [warning] couldn't find transcript named [DQ883643] in transcript <-> gene map; returning transcript as it's own gene
[2021-05-20 19:18:36.633] [jointLog] [warning] couldn't find transcript named [DQ839618] in transcript <-> gene map; returning transcript as it's own gene
[2021-05-20 19:18:36.633] [jointLog] [warning] couldn't find transcript named [DQ516795] in transcript <-> gene map; returning transcript as it's own gene
[2021-05-20 19:18:36.633] [jointLog] [warning] couldn't find transcript named [DQ883658] in transcript <-> gene map; returning transcript as it's own gene
[2021-05-20 19:18:36.633] [jointLog] [warning] couldn't find transcript named [DQ516750] in transcript <-> gene map; returning transcript as it's own gene
[2021-05-20 19:18:36.633] [jointLog] [warning] couldn't find transcript named [DQ668359] in transcript <-> gene map; returning transcript as it's own gene
[2021-05-20 19:18:36.633] [jointLog] [warning] couldn't find transcript named [DQ516779] in transcript <-> gene map; returning transcript as it's own gene
[2021-05-20 19:18:36.633] [jointLog] [warning] couldn't find transcript named [DQ668363] in transcript <-> gene map; returning transcript as it's own gene
[2021-05-20 19:18:36.633] [jointLog] [warning] couldn't find transcript named [DQ516776] in transcript <-> gene map; returning transcript as it's own gene
[2021-05-20 19:18:36.633] [jointLog] [warning] couldn't find transcript named [DQ516773] in transcript <-> gene map; returning transcript as it's own gene
[2021-05-20 19:18:36.633] [jointLog] [warning] couldn't find transcript named [DQ854994] in transcript <-> gene map; returning transcript as it's own gene
[2021-05-20 19:18:36.634] [jointLog] [info] Aggregating expressions to gene level
[2021-05-20 19:18:36.806] [jointLog] [info] done
