[2021-05-23 10:34:09.765] [jointLog] [info] setting maxHashResizeThreads to 6
[2021-05-23 10:34:09.765] [jointLog] [info] Fragment incompatibility prior below threshold.  Incompatible fragments will be ignored.
[2021-05-23 10:34:09.767] [jointLog] [info] numQuantThreads = 3
[2021-05-23 10:34:12.720] [jointLog] [info] replaced 4 non-ACGT nucleotides with random nucleotides
[2021-05-23 10:34:13.067] [fileLog] [info] quantification processed 0 fragments so far

[2021-05-23 10:34:16.886] [fileLog] [info] quantification processed 1000000 fragments so far

[2021-05-23 10:34:20.539] [fileLog] [info] quantification processed 2000000 fragments so far

[2021-05-23 10:34:23.063] [jointLog] [info] 

The alignment group queue pool has been exhausted.  3654105 extra fragments were allocated on the heap to saturate the pool.  No new fragments will be allocated


[2021-05-23 10:34:30.011] [fileLog] [info] quantification processed 3000000 fragments so far

[2021-05-23 10:34:46.757] [fileLog] [info] quantification processed 4000000 fragments so far

[2021-05-23 10:35:03.200] [fileLog] [info] quantification processed 5000000 fragments so far

[2021-05-23 10:35:19.614] [fileLog] [info] quantification processed 6000000 fragments so far

[2021-05-23 10:35:36.381] [fileLog] [info] quantification processed 7000000 fragments so far

[2021-05-23 10:35:40.942] [fileLog] [info] quantification processed 8000000 fragments so far

[2021-05-23 10:35:45.439] [fileLog] [info] quantification processed 9000000 fragments so far

[2021-05-23 10:35:49.620] [fileLog] [info] quantification processed 10000000 fragments so far

[2021-05-23 10:35:54.311] [fileLog] [info] quantification processed 11000000 fragments so far

[2021-05-23 10:35:59.020] [fileLog] [info] quantification processed 12000000 fragments so far

[2021-05-23 10:36:02.435] [fileLog] [info] quantification processed 13000000 fragments so far

[2021-05-23 10:36:06.514] [fileLog] [info] quantification processed 14000000 fragments so far

[2021-05-23 10:36:10.994] [fileLog] [info] quantification processed 15000000 fragments so far

[2021-05-23 10:36:15.399] [fileLog] [info] quantification processed 16000000 fragments so far

[2021-05-23 10:36:19.497] [fileLog] [info] quantification processed 17000000 fragments so far

[2021-05-23 10:36:24.015] [fileLog] [info] quantification processed 18000000 fragments so far

[2021-05-23 10:36:27.993] [fileLog] [info] quantification processed 19000000 fragments so far

[2021-05-23 10:36:32.572] [fileLog] [info] quantification processed 20000000 fragments so far

[2021-05-23 10:36:36.531] [fileLog] [info] quantification processed 21000000 fragments so far

[2021-05-23 10:36:40.543] [fileLog] [info] quantification processed 22000000 fragments so far

[2021-05-23 10:36:44.834] [fileLog] [info] quantification processed 23000000 fragments so far

[2021-05-23 10:36:49.265] [fileLog] [info] quantification processed 24000000 fragments so far

[2021-05-23 10:36:53.585] [fileLog] [info] quantification processed 25000000 fragments so far

[2021-05-23 10:36:57.654] [fileLog] [info] quantification processed 26000000 fragments so far

[2021-05-23 10:37:02.325] [fileLog] [info] quantification processed 27000000 fragments so far

[2021-05-23 10:37:06.495] [fileLog] [info] quantification processed 28000000 fragments so far

[2021-05-23 10:37:10.920] [fileLog] [info] quantification processed 29000000 fragments so far

[2021-05-23 10:37:15.403] [fileLog] [info] quantification processed 30000000 fragments so far

[2021-05-23 10:37:19.548] [fileLog] [info] quantification processed 31000000 fragments so far

[2021-05-23 10:37:23.934] [fileLog] [info] quantification processed 32000000 fragments so far

[2021-05-23 10:37:28.278] [fileLog] [info] quantification processed 33000000 fragments so far

[2021-05-23 10:37:32.323] [fileLog] [info] quantification processed 34000000 fragments so far

[2021-05-23 10:37:36.904] [fileLog] [info] quantification processed 35000000 fragments so far

[2021-05-23 10:37:41.090] [fileLog] [info] quantification processed 36000000 fragments so far

[2021-05-23 10:37:45.204] [fileLog] [info] quantification processed 37000000 fragments so far

[2021-05-23 10:37:46.830] [fileLog] [info] quantification processed 37375573 fragments so far

[2021-05-23 10:37:55.141] [jointLog] [info] Thread saw mini-batch with a maximum of 24.20% zero probability fragments
[2021-05-23 10:37:55.147] [jointLog] [info] Thread saw mini-batch with a maximum of 23.70% zero probability fragments
[2021-05-23 10:37:55.149] [jointLog] [info] Thread saw mini-batch with a maximum of 22.80% zero probability fragments
[2021-05-23 10:37:55.151] [jointLog] [info] 


Completed first pass through the alignment file.
Total # of mapped reads : 37375573
# of uniquely mapped reads : 12512425
# ambiguously mapped reads : 24863148



[2021-05-23 10:37:55.336] [jointLog] [info] Computed 210095 rich equivalence classes for further processing
[2021-05-23 10:37:55.336] [jointLog] [info] Counted 37138651 total reads in the equivalence classes 
[2021-05-23 10:37:55.338] [jointLog] [info] starting optimizer
[2021-05-23 10:37:55.464] [jointLog] [info] Marked 0 weighted equivalence classes as degenerate
[2021-05-23 10:37:55.488] [jointLog] [info] iteration = 0 | max rel diff. = 6655
[2021-05-23 10:37:57.338] [jointLog] [info] iteration = 100 | max rel diff. = 21.0249
[2021-05-23 10:37:59.052] [jointLog] [info] iteration = 200 | max rel diff. = 14.7992
[2021-05-23 10:38:00.682] [jointLog] [info] iteration = 300 | max rel diff. = 17.098
[2021-05-23 10:38:02.348] [jointLog] [info] iteration = 400 | max rel diff. = 4.95606
[2021-05-23 10:38:03.991] [jointLog] [info] iteration = 500 | max rel diff. = 6.3505
[2021-05-23 10:38:05.616] [jointLog] [info] iteration = 600 | max rel diff. = 8.85162
[2021-05-23 10:38:07.247] [jointLog] [info] iteration = 700 | max rel diff. = 4.0043
[2021-05-23 10:38:08.957] [jointLog] [info] iteration = 800 | max rel diff. = 0.198948
[2021-05-23 10:38:10.810] [jointLog] [info] iteration = 900 | max rel diff. = 0.322403
[2021-05-23 10:38:12.552] [jointLog] [info] iteration = 1000 | max rel diff. = 0.175704
[2021-05-23 10:38:14.200] [jointLog] [info] iteration = 1100 | max rel diff. = 0.0406136
[2021-05-23 10:38:15.826] [jointLog] [info] iteration = 1200 | max rel diff. = 2.52724
[2021-05-23 10:38:17.449] [jointLog] [info] iteration = 1300 | max rel diff. = 0.0439892
[2021-05-23 10:38:19.083] [jointLog] [info] iteration = 1400 | max rel diff. = 0.0755097
[2021-05-23 10:38:20.704] [jointLog] [info] iteration = 1500 | max rel diff. = 0.0490716
[2021-05-23 10:38:22.349] [jointLog] [info] iteration = 1600 | max rel diff. = 0.214955
[2021-05-23 10:38:22.705] [jointLog] [info] iteration = 1623 | max rel diff. = 0.00971887
[2021-05-23 10:38:22.742] [jointLog] [info] finished optimizer
[2021-05-23 10:38:22.742] [jointLog] [info] writing output
[2021-05-23 10:38:24.868] [jointLog] [info] Computing gene-level abundance estimates
[2021-05-23 10:38:57.672] [jointLog] [warning] Feature has no GFF ID
[2021-05-23 10:38:57.672] [jointLog] [warning] Feature has no GFF ID
[2021-05-23 10:38:57.672] [jointLog] [warning] Feature has no GFF ID
[2021-05-23 10:38:57.672] [jointLog] [warning] Feature has no GFF ID
[2021-05-23 10:38:57.672] [jointLog] [warning] Feature has no GFF ID
[2021-05-23 10:38:57.672] [jointLog] [warning] Feature has no GFF ID
[2021-05-23 10:38:57.672] [jointLog] [warning] Feature has no GFF ID
[2021-05-23 10:38:57.672] [jointLog] [warning] Feature has no GFF ID
[2021-05-23 10:38:57.672] [jointLog] [warning] Feature has no GFF ID
[2021-05-23 10:38:57.672] [jointLog] [warning] Feature has no GFF ID
[2021-05-23 10:38:57.672] [jointLog] [warning] Feature has no GFF ID
[2021-05-23 10:38:57.672] [jointLog] [warning] Feature has no GFF ID
[2021-05-23 10:38:57.672] [jointLog] [warning] Feature has no GFF ID
[2021-05-23 10:38:57.672] [jointLog] [warning] Feature has no GFF ID
[2021-05-23 10:38:57.672] [jointLog] [warning] Feature has no GFF ID
[2021-05-23 10:38:57.672] [jointLog] [warning] Feature has no GFF ID
[2021-05-23 10:38:57.672] [jointLog] [warning] Feature has no GFF ID
[2021-05-23 10:38:57.672] [jointLog] [warning] Feature has no GFF ID
[2021-05-23 10:38:57.672] [jointLog] [warning] Feature has no GFF ID
[2021-05-23 10:38:57.672] [jointLog] [warning] Feature has no GFF ID
[2021-05-23 10:38:57.672] [jointLog] [warning] Feature has no GFF ID
[2021-05-23 10:38:57.672] [jointLog] [warning] Feature has no GFF ID
[2021-05-23 10:38:57.672] [jointLog] [warning] Feature has no GFF ID
[2021-05-23 10:38:57.672] [jointLog] [warning] Feature has no GFF ID
[2021-05-23 10:38:57.672] [jointLog] [warning] Feature has no GFF ID
[2021-05-23 10:38:57.672] [jointLog] [warning] Feature has no GFF ID
[2021-05-23 10:38:57.672] [jointLog] [warning] Feature has no GFF ID
[2021-05-23 10:38:57.672] [jointLog] [warning] Feature has no GFF ID
[2021-05-23 10:38:57.672] [jointLog] [warning] Feature has no GFF ID
[2021-05-23 10:38:57.672] [jointLog] [warning] Feature has no GFF ID
[2021-05-23 10:38:57.672] [jointLog] [warning] Feature has no GFF ID
[2021-05-23 10:38:57.672] [jointLog] [warning] Feature has no GFF ID
[2021-05-23 10:38:57.672] [jointLog] [warning] Feature has no GFF ID
[2021-05-23 10:38:57.672] [jointLog] [warning] Feature has no GFF ID
[2021-05-23 10:38:57.672] [jointLog] [warning] Feature has no GFF ID
[2021-05-23 10:38:57.672] [jointLog] [warning] Feature has no GFF ID
[2021-05-23 10:38:57.672] [jointLog] [warning] Feature has no GFF ID
[2021-05-23 10:38:57.672] [jointLog] [warning] Feature has no GFF ID
[2021-05-23 10:38:57.672] [jointLog] [warning] Feature has no GFF ID
[2021-05-23 10:38:57.672] [jointLog] [warning] Feature has no GFF ID
[2021-05-23 10:38:57.672] [jointLog] [warning] Feature has no GFF ID
[2021-05-23 10:38:57.672] [jointLog] [warning] Feature has no GFF ID
[2021-05-23 10:38:57.672] [jointLog] [warning] Feature has no GFF ID
[2021-05-23 10:38:57.672] [jointLog] [warning] Feature has no GFF ID
[2021-05-23 10:38:57.672] [jointLog] [warning] Feature has no GFF ID
[2021-05-23 10:38:57.672] [jointLog] [warning] Feature has no GFF ID
[2021-05-23 10:38:57.672] [jointLog] [warning] Feature has no GFF ID
[2021-05-23 10:38:57.672] [jointLog] [warning] Feature has no GFF ID
[2021-05-23 10:38:57.672] [jointLog] [warning] Feature has no GFF ID
[2021-05-23 10:38:57.672] [jointLog] [warning] Feature has no GFF ID
[2021-05-23 10:38:57.672] [jointLog] [warning] Feature has no GFF ID
[2021-05-23 10:38:57.672] [jointLog] [warning] Feature has no GFF ID
[2021-05-23 10:38:57.672] [jointLog] [warning] Feature has no GFF ID
[2021-05-23 10:38:57.672] [jointLog] [warning] Feature has no GFF ID
[2021-05-23 10:38:57.672] [jointLog] [warning] Feature has no GFF ID
[2021-05-23 10:38:57.672] [jointLog] [warning] Feature has no GFF ID
[2021-05-23 10:38:57.672] [jointLog] [warning] Feature has no GFF ID
[2021-05-23 10:38:57.672] [jointLog] [warning] Feature has no GFF ID
[2021-05-23 10:38:57.672] [jointLog] [warning] Feature has no GFF ID
[2021-05-23 10:38:57.672] [jointLog] [warning] Feature has no GFF ID
[2021-05-23 10:38:57.672] [jointLog] [warning] Feature has no GFF ID
[2021-05-23 10:38:57.672] [jointLog] [warning] Feature has no GFF ID
[2021-05-23 10:38:57.672] [jointLog] [warning] Feature has no GFF ID
[2021-05-23 10:38:57.672] [jointLog] [warning] Feature has no GFF ID
[2021-05-23 10:38:57.672] [jointLog] [warning] Feature has no GFF ID
[2021-05-23 10:38:57.672] [jointLog] [warning] Feature has no GFF ID
[2021-05-23 10:38:57.672] [jointLog] [warning] Feature has no GFF ID
[2021-05-23 10:38:57.672] [jointLog] [warning] Feature has no GFF ID
[2021-05-23 10:38:57.672] [jointLog] [warning] Feature has no GFF ID
[2021-05-23 10:38:57.672] [jointLog] [warning] Feature has no GFF ID
[2021-05-23 10:38:57.672] [jointLog] [warning] Feature has no GFF ID
[2021-05-23 10:38:57.672] [jointLog] [warning] Feature has no GFF ID
[2021-05-23 10:38:57.672] [jointLog] [warning] Feature has no GFF ID
[2021-05-23 10:38:57.672] [jointLog] [warning] Feature has no GFF ID
[2021-05-23 10:38:57.672] [jointLog] [warning] Feature has no GFF ID
[2021-05-23 10:38:57.672] [jointLog] [warning] Feature has no GFF ID
[2021-05-23 10:38:57.672] [jointLog] [warning] Feature has no GFF ID
[2021-05-23 10:38:57.672] [jointLog] [warning] Feature has no GFF ID
[2021-05-23 10:38:57.672] [jointLog] [warning] Feature has no GFF ID
[2021-05-23 10:38:57.672] [jointLog] [warning] Feature has no GFF ID
[2021-05-23 10:38:57.672] [jointLog] [warning] Feature has no GFF ID
[2021-05-23 10:38:57.672] [jointLog] [warning] Feature has no GFF ID
[2021-05-23 10:38:57.672] [jointLog] [warning] Feature has no GFF ID
[2021-05-23 10:38:57.672] [jointLog] [warning] Feature has no GFF ID
[2021-05-23 10:38:57.672] [jointLog] [warning] Feature has no GFF ID
[2021-05-23 10:38:57.672] [jointLog] [warning] Feature has no GFF ID
[2021-05-23 10:38:57.672] [jointLog] [warning] Feature has no GFF ID
[2021-05-23 10:38:57.672] [jointLog] [warning] Feature has no GFF ID
[2021-05-23 10:38:57.672] [jointLog] [warning] Feature has no GFF ID
[2021-05-23 10:38:57.672] [jointLog] [warning] Feature has no GFF ID
[2021-05-23 10:38:57.672] [jointLog] [warning] Feature has no GFF ID
[2021-05-23 10:38:57.672] [jointLog] [warning] Feature has no GFF ID
[2021-05-23 10:38:58.041] [jointLog] [info] There were 142604 transcripts mapping to 55401 genes
[2021-05-23 10:38:58.041] [jointLog] [info] NOTE: We recommend using tximport (https://bioconductor.org/packages/release/bioc/html/tximport.html) for aggregating transcript-level salmon abundance estimates to the gene level.  It is more versatile, exposes more features, and allows considering multi-sample information during aggregation.
[2021-05-23 10:38:58.377] [jointLog] [warning] couldn't find transcript named [DQ459430] in transcript <-> gene map; returning transcript as it's own gene
[2021-05-23 10:38:58.377] [jointLog] [warning] couldn't find transcript named [DQ516784] in transcript <-> gene map; returning transcript as it's own gene
[2021-05-23 10:38:58.377] [jointLog] [warning] couldn't find transcript named [DQ516752] in transcript <-> gene map; returning transcript as it's own gene
[2021-05-23 10:38:58.377] [jointLog] [warning] couldn't find transcript named [DQ668364] in transcript <-> gene map; returning transcript as it's own gene
[2021-05-23 10:38:58.377] [jointLog] [warning] couldn't find transcript named [DQ883670] in transcript <-> gene map; returning transcript as it's own gene
[2021-05-23 10:38:58.377] [jointLog] [warning] couldn't find transcript named [EF011062] in transcript <-> gene map; returning transcript as it's own gene
[2021-05-23 10:38:58.377] [jointLog] [warning] couldn't find transcript named [DQ875385] in transcript <-> gene map; returning transcript as it's own gene
[2021-05-23 10:38:58.377] [jointLog] [warning] couldn't find transcript named [DQ883664] in transcript <-> gene map; returning transcript as it's own gene
[2021-05-23 10:38:58.377] [jointLog] [warning] couldn't find transcript named [DQ459420] in transcript <-> gene map; returning transcript as it's own gene
[2021-05-23 10:38:58.377] [jointLog] [warning] couldn't find transcript named [DQ883651] in transcript <-> gene map; returning transcript as it's own gene
[2021-05-23 10:38:58.377] [jointLog] [warning] couldn't find transcript named [DQ855004] in transcript <-> gene map; returning transcript as it's own gene
[2021-05-23 10:38:58.377] [jointLog] [warning] couldn't find transcript named [DQ854993] in transcript <-> gene map; returning transcript as it's own gene
[2021-05-23 10:38:58.377] [jointLog] [warning] couldn't find transcript named [DQ883689] in transcript <-> gene map; returning transcript as it's own gene
[2021-05-23 10:38:58.377] [jointLog] [warning] couldn't find transcript named [DQ459419] in transcript <-> gene map; returning transcript as it's own gene
[2021-05-23 10:38:58.377] [jointLog] [warning] couldn't find transcript named [DQ459431] in transcript <-> gene map; returning transcript as it's own gene
[2021-05-23 10:38:58.377] [jointLog] [warning] couldn't find transcript named [DQ516796] in transcript <-> gene map; returning transcript as it's own gene
[2021-05-23 10:38:58.377] [jointLog] [warning] couldn't find transcript named [DQ855001] in transcript <-> gene map; returning transcript as it's own gene
[2021-05-23 10:38:58.377] [jointLog] [warning] couldn't find transcript named [DQ459413] in transcript <-> gene map; returning transcript as it's own gene
[2021-05-23 10:38:58.377] [jointLog] [warning] couldn't find transcript named [DQ883656] in transcript <-> gene map; returning transcript as it's own gene
[2021-05-23 10:38:58.377] [jointLog] [warning] couldn't find transcript named [DQ883661] in transcript <-> gene map; returning transcript as it's own gene
[2021-05-23 10:38:58.377] [jointLog] [warning] couldn't find transcript named [EF011069] in transcript <-> gene map; returning transcript as it's own gene
[2021-05-23 10:38:58.377] [jointLog] [warning] couldn't find transcript named [DQ516783] in transcript <-> gene map; returning transcript as it's own gene
[2021-05-23 10:38:58.377] [jointLog] [warning] couldn't find transcript named [DQ516787] in transcript <-> gene map; returning transcript as it's own gene
[2021-05-23 10:38:58.377] [jointLog] [warning] couldn't find transcript named [DQ459424] in transcript <-> gene map; returning transcript as it's own gene
[2021-05-23 10:38:58.377] [jointLog] [warning] couldn't find transcript named [DQ516748] in transcript <-> gene map; returning transcript as it's own gene
[2021-05-23 10:38:58.377] [jointLog] [warning] couldn't find transcript named [DQ883671] in transcript <-> gene map; returning transcript as it's own gene
[2021-05-23 10:38:58.377] [jointLog] [warning] couldn't find transcript named [DQ516740] in transcript <-> gene map; returning transcript as it's own gene
[2021-05-23 10:38:58.377] [jointLog] [warning] couldn't find transcript named [DQ516785] in transcript <-> gene map; returning transcript as it's own gene
[2021-05-23 10:38:58.377] [jointLog] [warning] couldn't find transcript named [DQ516731] in transcript <-> gene map; returning transcript as it's own gene
[2021-05-23 10:38:58.377] [jointLog] [warning] couldn't find transcript named [DQ668366] in transcript <-> gene map; returning transcript as it's own gene
[2021-05-23 10:38:58.377] [jointLog] [warning] couldn't find transcript named [DQ459418] in transcript <-> gene map; returning transcript as it's own gene
[2021-05-23 10:38:58.377] [jointLog] [warning] couldn't find transcript named [DQ668356] in transcript <-> gene map; returning transcript as it's own gene
[2021-05-23 10:38:58.377] [jointLog] [warning] couldn't find transcript named [DQ516763] in transcript <-> gene map; returning transcript as it's own gene
[2021-05-23 10:38:58.377] [jointLog] [warning] couldn't find transcript named [DQ459426] in transcript <-> gene map; returning transcript as it's own gene
[2021-05-23 10:38:58.377] [jointLog] [warning] couldn't find transcript named [DQ516786] in transcript <-> gene map; returning transcript as it's own gene
[2021-05-23 10:38:58.377] [jointLog] [warning] couldn't find transcript named [DQ883653] in transcript <-> gene map; returning transcript as it's own gene
[2021-05-23 10:38:58.377] [jointLog] [warning] couldn't find transcript named [DQ459421] in transcript <-> gene map; returning transcript as it's own gene
[2021-05-23 10:38:58.377] [jointLog] [warning] couldn't find transcript named [DQ883654] in transcript <-> gene map; returning transcript as it's own gene
[2021-05-23 10:38:58.377] [jointLog] [warning] couldn't find transcript named [DQ668358] in transcript <-> gene map; returning transcript as it's own gene
[2021-05-23 10:38:58.377] [jointLog] [warning] couldn't find transcript named [DQ516754] in transcript <-> gene map; returning transcript as it's own gene
[2021-05-23 10:38:58.377] [jointLog] [warning] couldn't find transcript named [DQ516778] in transcript <-> gene map; returning transcript as it's own gene
[2021-05-23 10:38:58.377] [jointLog] [warning] couldn't find transcript named [DQ883650] in transcript <-> gene map; returning transcript as it's own gene
[2021-05-23 10:38:58.377] [jointLog] [warning] couldn't find transcript named [DQ516742] in transcript <-> gene map; returning transcript as it's own gene
[2021-05-23 10:38:58.377] [jointLog] [warning] couldn't find transcript named [DQ883673] in transcript <-> gene map; returning transcript as it's own gene
[2021-05-23 10:38:58.377] [jointLog] [warning] couldn't find transcript named [DQ883652] in transcript <-> gene map; returning transcript as it's own gene
[2021-05-23 10:38:58.377] [jointLog] [warning] couldn't find transcript named [DQ854991] in transcript <-> gene map; returning transcript as it's own gene
[2021-05-23 10:38:58.377] [jointLog] [warning] couldn't find transcript named [DQ516780] in transcript <-> gene map; returning transcript as it's own gene
[2021-05-23 10:38:58.377] [jointLog] [warning] couldn't find transcript named [DQ883682] in transcript <-> gene map; returning transcript as it's own gene
[2021-05-23 10:38:58.377] [jointLog] [warning] couldn't find transcript named [DQ883669] in transcript <-> gene map; returning transcript as it's own gene
[2021-05-23 10:38:58.377] [jointLog] [warning] couldn't find transcript named [DQ516791] in transcript <-> gene map; returning transcript as it's own gene
[2021-05-23 10:38:58.377] [jointLog] [warning] couldn't find transcript named [DQ459425] in transcript <-> gene map; returning transcript as it's own gene
[2021-05-23 10:38:58.377] [jointLog] [warning] couldn't find transcript named [DQ516759] in transcript <-> gene map; returning transcript as it's own gene
[2021-05-23 10:38:58.377] [jointLog] [warning] couldn't find transcript named [DQ459429] in transcript <-> gene map; returning transcript as it's own gene
[2021-05-23 10:38:58.377] [jointLog] [warning] couldn't find transcript named [DQ516758] in transcript <-> gene map; returning transcript as it's own gene
[2021-05-23 10:38:58.377] [jointLog] [warning] couldn't find transcript named [DQ459415] in transcript <-> gene map; returning transcript as it's own gene
[2021-05-23 10:38:58.377] [jointLog] [warning] couldn't find transcript named [DQ875387] in transcript <-> gene map; returning transcript as it's own gene
[2021-05-23 10:38:58.377] [jointLog] [warning] couldn't find transcript named [DQ516815] in transcript <-> gene map; returning transcript as it's own gene
[2021-05-23 10:38:58.377] [jointLog] [warning] couldn't find transcript named [DQ668365] in transcript <-> gene map; returning transcript as it's own gene
[2021-05-23 10:38:58.377] [jointLog] [warning] couldn't find transcript named [DQ854998] in transcript <-> gene map; returning transcript as it's own gene
[2021-05-23 10:38:58.377] [jointLog] [warning] couldn't find transcript named [DQ883685] in transcript <-> gene map; returning transcript as it's own gene
[2021-05-23 10:38:58.377] [jointLog] [warning] couldn't find transcript named [DQ459422] in transcript <-> gene map; returning transcript as it's own gene
[2021-05-23 10:38:58.377] [jointLog] [warning] couldn't find transcript named [DQ883663] in transcript <-> gene map; returning transcript as it's own gene
[2021-05-23 10:38:58.377] [jointLog] [warning] couldn't find transcript named [DQ668367] in transcript <-> gene map; returning transcript as it's own gene
[2021-05-23 10:38:58.377] [jointLog] [warning] couldn't find transcript named [DQ459412] in transcript <-> gene map; returning transcript as it's own gene
[2021-05-23 10:38:58.377] [jointLog] [warning] couldn't find transcript named [DQ854992] in transcript <-> gene map; returning transcript as it's own gene
[2021-05-23 10:38:58.377] [jointLog] [warning] couldn't find transcript named [DQ516782] in transcript <-> gene map; returning transcript as it's own gene
[2021-05-23 10:38:58.377] [jointLog] [warning] couldn't find transcript named [DQ459427] in transcript <-> gene map; returning transcript as it's own gene
[2021-05-23 10:38:58.377] [jointLog] [warning] couldn't find transcript named [EF011072] in transcript <-> gene map; returning transcript as it's own gene
[2021-05-23 10:38:58.377] [jointLog] [warning] couldn't find transcript named [DQ855003] in transcript <-> gene map; returning transcript as it's own gene
[2021-05-23 10:38:58.377] [jointLog] [warning] couldn't find transcript named [DQ516739] in transcript <-> gene map; returning transcript as it's own gene
[2021-05-23 10:38:58.377] [jointLog] [warning] couldn't find transcript named [EF011063] in transcript <-> gene map; returning transcript as it's own gene
[2021-05-23 10:38:58.377] [jointLog] [warning] couldn't find transcript named [DQ855000] in transcript <-> gene map; returning transcript as it's own gene
[2021-05-23 10:38:58.377] [jointLog] [warning] couldn't find transcript named [DQ516777] in transcript <-> gene map; returning transcript as it's own gene
[2021-05-23 10:38:58.377] [jointLog] [warning] couldn't find transcript named [DQ883646] in transcript <-> gene map; returning transcript as it's own gene
[2021-05-23 10:38:58.377] [jointLog] [warning] couldn't find transcript named [DQ668362] in transcript <-> gene map; returning transcript as it's own gene
[2021-05-23 10:38:58.377] [jointLog] [warning] couldn't find transcript named [DQ854995] in transcript <-> gene map; returning transcript as it's own gene
[2021-05-23 10:38:58.377] [jointLog] [warning] couldn't find transcript named [DQ875386] in transcript <-> gene map; returning transcript as it's own gene
[2021-05-23 10:38:58.377] [jointLog] [warning] couldn't find transcript named [DQ516790] in transcript <-> gene map; returning transcript as it's own gene
[2021-05-23 10:38:58.377] [jointLog] [warning] couldn't find transcript named [DQ883642] in transcript <-> gene map; returning transcript as it's own gene
[2021-05-23 10:38:58.377] [jointLog] [warning] couldn't find transcript named [DQ883659] in transcript <-> gene map; returning transcript as it's own gene
[2021-05-23 10:38:58.377] [jointLog] [warning] couldn't find transcript named [DQ854997] in transcript <-> gene map; returning transcript as it's own gene
[2021-05-23 10:38:58.377] [jointLog] [warning] couldn't find transcript named [DQ883643] in transcript <-> gene map; returning transcript as it's own gene
[2021-05-23 10:38:58.377] [jointLog] [warning] couldn't find transcript named [DQ839618] in transcript <-> gene map; returning transcript as it's own gene
[2021-05-23 10:38:58.377] [jointLog] [warning] couldn't find transcript named [DQ516795] in transcript <-> gene map; returning transcript as it's own gene
[2021-05-23 10:38:58.377] [jointLog] [warning] couldn't find transcript named [DQ883658] in transcript <-> gene map; returning transcript as it's own gene
[2021-05-23 10:38:58.377] [jointLog] [warning] couldn't find transcript named [DQ516750] in transcript <-> gene map; returning transcript as it's own gene
[2021-05-23 10:38:58.377] [jointLog] [warning] couldn't find transcript named [DQ668359] in transcript <-> gene map; returning transcript as it's own gene
[2021-05-23 10:38:58.377] [jointLog] [warning] couldn't find transcript named [DQ516779] in transcript <-> gene map; returning transcript as it's own gene
[2021-05-23 10:38:58.377] [jointLog] [warning] couldn't find transcript named [DQ668363] in transcript <-> gene map; returning transcript as it's own gene
[2021-05-23 10:38:58.377] [jointLog] [warning] couldn't find transcript named [DQ516776] in transcript <-> gene map; returning transcript as it's own gene
[2021-05-23 10:38:58.377] [jointLog] [warning] couldn't find transcript named [DQ516773] in transcript <-> gene map; returning transcript as it's own gene
[2021-05-23 10:38:58.377] [jointLog] [warning] couldn't find transcript named [DQ854994] in transcript <-> gene map; returning transcript as it's own gene
[2021-05-23 10:38:58.378] [jointLog] [info] Aggregating expressions to gene level
[2021-05-23 10:38:58.566] [jointLog] [info] done
