[2021-05-21 18:24:33.871] [jointLog] [info] setting maxHashResizeThreads to 6
[2021-05-21 18:24:33.871] [jointLog] [info] Fragment incompatibility prior below threshold.  Incompatible fragments will be ignored.
[2021-05-21 18:24:33.872] [jointLog] [info] numQuantThreads = 3
[2021-05-21 18:24:38.088] [jointLog] [info] replaced 4 non-ACGT nucleotides with random nucleotides
[2021-05-21 18:24:38.365] [fileLog] [info] quantification processed 0 fragments so far

[2021-05-21 18:24:41.346] [fileLog] [info] quantification processed 1000000 fragments so far

[2021-05-21 18:24:45.049] [fileLog] [info] quantification processed 2000000 fragments so far

[2021-05-21 18:24:46.333] [jointLog] [info] 

The alignment group queue pool has been exhausted.  2789682 extra fragments were allocated on the heap to saturate the pool.  No new fragments will be allocated


[2021-05-21 18:24:59.187] [fileLog] [info] quantification processed 3000000 fragments so far

[2021-05-21 18:25:18.009] [fileLog] [info] quantification processed 4000000 fragments so far

[2021-05-21 18:25:36.172] [fileLog] [info] quantification processed 5000000 fragments so far

[2021-05-21 18:25:53.453] [fileLog] [info] quantification processed 6000000 fragments so far

[2021-05-21 18:26:07.780] [fileLog] [info] quantification processed 7000000 fragments so far

[2021-05-21 18:26:11.105] [fileLog] [info] quantification processed 8000000 fragments so far

[2021-05-21 18:26:14.370] [fileLog] [info] quantification processed 9000000 fragments so far

[2021-05-21 18:26:17.310] [fileLog] [info] quantification processed 10000000 fragments so far

[2021-05-21 18:26:20.358] [fileLog] [info] quantification processed 11000000 fragments so far

[2021-05-21 18:26:23.463] [fileLog] [info] quantification processed 12000000 fragments so far

[2021-05-21 18:26:26.565] [fileLog] [info] quantification processed 13000000 fragments so far

[2021-05-21 18:26:29.761] [fileLog] [info] quantification processed 14000000 fragments so far

[2021-05-21 18:26:33.676] [fileLog] [info] quantification processed 15000000 fragments so far

[2021-05-21 18:26:36.981] [fileLog] [info] quantification processed 16000000 fragments so far

[2021-05-21 18:26:39.852] [fileLog] [info] quantification processed 17000000 fragments so far

[2021-05-21 18:26:42.693] [fileLog] [info] quantification processed 18000000 fragments so far

[2021-05-21 18:26:45.480] [fileLog] [info] quantification processed 19000000 fragments so far

[2021-05-21 18:26:48.358] [fileLog] [info] quantification processed 20000000 fragments so far

[2021-05-21 18:26:51.206] [fileLog] [info] quantification processed 21000000 fragments so far

[2021-05-21 18:26:54.386] [fileLog] [info] quantification processed 22000000 fragments so far

[2021-05-21 18:26:58.101] [fileLog] [info] quantification processed 23000000 fragments so far

[2021-05-21 18:27:01.924] [fileLog] [info] quantification processed 24000000 fragments so far

[2021-05-21 18:27:05.891] [fileLog] [info] quantification processed 25000000 fragments so far

[2021-05-21 18:27:09.852] [fileLog] [info] quantification processed 26000000 fragments so far

[2021-05-21 18:27:11.099] [fileLog] [info] quantification processed 26341899 fragments so far

[2021-05-21 18:27:18.067] [jointLog] [info] Thread saw mini-batch with a maximum of 10.20% zero probability fragments
[2021-05-21 18:27:18.070] [jointLog] [info] Thread saw mini-batch with a maximum of 9.90% zero probability fragments
[2021-05-21 18:27:18.075] [jointLog] [info] Thread saw mini-batch with a maximum of 9.90% zero probability fragments
[2021-05-21 18:27:18.077] [jointLog] [info] 


Completed first pass through the alignment file.
Total # of mapped reads : 26341899
# of uniquely mapped reads : 11180291
# ambiguously mapped reads : 15161608



[2021-05-21 18:27:18.273] [jointLog] [info] Computed 199417 rich equivalence classes for further processing
[2021-05-21 18:27:18.273] [jointLog] [info] Counted 26177438 total reads in the equivalence classes 
[2021-05-21 18:27:18.276] [jointLog] [info] starting optimizer
[2021-05-21 18:27:18.393] [jointLog] [info] Marked 0 weighted equivalence classes as degenerate
[2021-05-21 18:27:18.415] [jointLog] [info] iteration = 0 | max rel diff. = 8533.49
[2021-05-21 18:27:20.141] [jointLog] [info] iteration = 100 | max rel diff. = 19.3073
[2021-05-21 18:27:21.819] [jointLog] [info] iteration = 200 | max rel diff. = 6.1495
[2021-05-21 18:27:23.500] [jointLog] [info] iteration = 300 | max rel diff. = 5.6298
[2021-05-21 18:27:25.218] [jointLog] [info] iteration = 400 | max rel diff. = 2.23342
[2021-05-21 18:27:27.012] [jointLog] [info] iteration = 500 | max rel diff. = 0.523822
[2021-05-21 18:27:28.744] [jointLog] [info] iteration = 600 | max rel diff. = 0.354724
[2021-05-21 18:27:30.465] [jointLog] [info] iteration = 700 | max rel diff. = 0.426231
[2021-05-21 18:27:32.171] [jointLog] [info] iteration = 800 | max rel diff. = 0.0710935
[2021-05-21 18:27:33.887] [jointLog] [info] iteration = 900 | max rel diff. = 0.640541
[2021-05-21 18:27:35.568] [jointLog] [info] iteration = 1000 | max rel diff. = 0.0728309
[2021-05-21 18:27:37.261] [jointLog] [info] iteration = 1100 | max rel diff. = 5.29059
[2021-05-21 18:27:38.981] [jointLog] [info] iteration = 1200 | max rel diff. = 0.0718146
[2021-05-21 18:27:40.565] [jointLog] [info] iteration = 1300 | max rel diff. = 0.444253
[2021-05-21 18:27:42.136] [jointLog] [info] iteration = 1400 | max rel diff. = 0.0951491
[2021-05-21 18:27:43.722] [jointLog] [info] iteration = 1500 | max rel diff. = 2.22762
[2021-05-21 18:27:45.295] [jointLog] [info] iteration = 1600 | max rel diff. = 0.0863202
[2021-05-21 18:27:46.923] [jointLog] [info] iteration = 1700 | max rel diff. = 0.0390059
[2021-05-21 18:27:48.535] [jointLog] [info] iteration = 1800 | max rel diff. = 0.242848
[2021-05-21 18:27:49.268] [jointLog] [info] iteration = 1848 | max rel diff. = 0.00947932
[2021-05-21 18:27:49.302] [jointLog] [info] finished optimizer
[2021-05-21 18:27:49.302] [jointLog] [info] writing output
[2021-05-21 18:27:51.049] [jointLog] [info] Computing gene-level abundance estimates
[2021-05-21 18:28:20.489] [jointLog] [warning] Feature has no GFF ID
[2021-05-21 18:28:20.489] [jointLog] [warning] Feature has no GFF ID
[2021-05-21 18:28:20.489] [jointLog] [warning] Feature has no GFF ID
[2021-05-21 18:28:20.489] [jointLog] [warning] Feature has no GFF ID
[2021-05-21 18:28:20.489] [jointLog] [warning] Feature has no GFF ID
[2021-05-21 18:28:20.489] [jointLog] [warning] Feature has no GFF ID
[2021-05-21 18:28:20.489] [jointLog] [warning] Feature has no GFF ID
[2021-05-21 18:28:20.489] [jointLog] [warning] Feature has no GFF ID
[2021-05-21 18:28:20.489] [jointLog] [warning] Feature has no GFF ID
[2021-05-21 18:28:20.489] [jointLog] [warning] Feature has no GFF ID
[2021-05-21 18:28:20.489] [jointLog] [warning] Feature has no GFF ID
[2021-05-21 18:28:20.489] [jointLog] [warning] Feature has no GFF ID
[2021-05-21 18:28:20.489] [jointLog] [warning] Feature has no GFF ID
[2021-05-21 18:28:20.489] [jointLog] [warning] Feature has no GFF ID
[2021-05-21 18:28:20.489] [jointLog] [warning] Feature has no GFF ID
[2021-05-21 18:28:20.489] [jointLog] [warning] Feature has no GFF ID
[2021-05-21 18:28:20.489] [jointLog] [warning] Feature has no GFF ID
[2021-05-21 18:28:20.489] [jointLog] [warning] Feature has no GFF ID
[2021-05-21 18:28:20.489] [jointLog] [warning] Feature has no GFF ID
[2021-05-21 18:28:20.489] [jointLog] [warning] Feature has no GFF ID
[2021-05-21 18:28:20.489] [jointLog] [warning] Feature has no GFF ID
[2021-05-21 18:28:20.489] [jointLog] [warning] Feature has no GFF ID
[2021-05-21 18:28:20.489] [jointLog] [warning] Feature has no GFF ID
[2021-05-21 18:28:20.489] [jointLog] [warning] Feature has no GFF ID
[2021-05-21 18:28:20.489] [jointLog] [warning] Feature has no GFF ID
[2021-05-21 18:28:20.489] [jointLog] [warning] Feature has no GFF ID
[2021-05-21 18:28:20.489] [jointLog] [warning] Feature has no GFF ID
[2021-05-21 18:28:20.489] [jointLog] [warning] Feature has no GFF ID
[2021-05-21 18:28:20.489] [jointLog] [warning] Feature has no GFF ID
[2021-05-21 18:28:20.489] [jointLog] [warning] Feature has no GFF ID
[2021-05-21 18:28:20.489] [jointLog] [warning] Feature has no GFF ID
[2021-05-21 18:28:20.489] [jointLog] [warning] Feature has no GFF ID
[2021-05-21 18:28:20.489] [jointLog] [warning] Feature has no GFF ID
[2021-05-21 18:28:20.489] [jointLog] [warning] Feature has no GFF ID
[2021-05-21 18:28:20.489] [jointLog] [warning] Feature has no GFF ID
[2021-05-21 18:28:20.489] [jointLog] [warning] Feature has no GFF ID
[2021-05-21 18:28:20.489] [jointLog] [warning] Feature has no GFF ID
[2021-05-21 18:28:20.489] [jointLog] [warning] Feature has no GFF ID
[2021-05-21 18:28:20.489] [jointLog] [warning] Feature has no GFF ID
[2021-05-21 18:28:20.489] [jointLog] [warning] Feature has no GFF ID
[2021-05-21 18:28:20.489] [jointLog] [warning] Feature has no GFF ID
[2021-05-21 18:28:20.489] [jointLog] [warning] Feature has no GFF ID
[2021-05-21 18:28:20.489] [jointLog] [warning] Feature has no GFF ID
[2021-05-21 18:28:20.489] [jointLog] [warning] Feature has no GFF ID
[2021-05-21 18:28:20.489] [jointLog] [warning] Feature has no GFF ID
[2021-05-21 18:28:20.489] [jointLog] [warning] Feature has no GFF ID
[2021-05-21 18:28:20.489] [jointLog] [warning] Feature has no GFF ID
[2021-05-21 18:28:20.489] [jointLog] [warning] Feature has no GFF ID
[2021-05-21 18:28:20.489] [jointLog] [warning] Feature has no GFF ID
[2021-05-21 18:28:20.489] [jointLog] [warning] Feature has no GFF ID
[2021-05-21 18:28:20.489] [jointLog] [warning] Feature has no GFF ID
[2021-05-21 18:28:20.489] [jointLog] [warning] Feature has no GFF ID
[2021-05-21 18:28:20.489] [jointLog] [warning] Feature has no GFF ID
[2021-05-21 18:28:20.489] [jointLog] [warning] Feature has no GFF ID
[2021-05-21 18:28:20.489] [jointLog] [warning] Feature has no GFF ID
[2021-05-21 18:28:20.489] [jointLog] [warning] Feature has no GFF ID
[2021-05-21 18:28:20.489] [jointLog] [warning] Feature has no GFF ID
[2021-05-21 18:28:20.489] [jointLog] [warning] Feature has no GFF ID
[2021-05-21 18:28:20.489] [jointLog] [warning] Feature has no GFF ID
[2021-05-21 18:28:20.489] [jointLog] [warning] Feature has no GFF ID
[2021-05-21 18:28:20.489] [jointLog] [warning] Feature has no GFF ID
[2021-05-21 18:28:20.489] [jointLog] [warning] Feature has no GFF ID
[2021-05-21 18:28:20.489] [jointLog] [warning] Feature has no GFF ID
[2021-05-21 18:28:20.489] [jointLog] [warning] Feature has no GFF ID
[2021-05-21 18:28:20.489] [jointLog] [warning] Feature has no GFF ID
[2021-05-21 18:28:20.489] [jointLog] [warning] Feature has no GFF ID
[2021-05-21 18:28:20.489] [jointLog] [warning] Feature has no GFF ID
[2021-05-21 18:28:20.489] [jointLog] [warning] Feature has no GFF ID
[2021-05-21 18:28:20.489] [jointLog] [warning] Feature has no GFF ID
[2021-05-21 18:28:20.489] [jointLog] [warning] Feature has no GFF ID
[2021-05-21 18:28:20.489] [jointLog] [warning] Feature has no GFF ID
[2021-05-21 18:28:20.489] [jointLog] [warning] Feature has no GFF ID
[2021-05-21 18:28:20.489] [jointLog] [warning] Feature has no GFF ID
[2021-05-21 18:28:20.489] [jointLog] [warning] Feature has no GFF ID
[2021-05-21 18:28:20.489] [jointLog] [warning] Feature has no GFF ID
[2021-05-21 18:28:20.489] [jointLog] [warning] Feature has no GFF ID
[2021-05-21 18:28:20.489] [jointLog] [warning] Feature has no GFF ID
[2021-05-21 18:28:20.489] [jointLog] [warning] Feature has no GFF ID
[2021-05-21 18:28:20.489] [jointLog] [warning] Feature has no GFF ID
[2021-05-21 18:28:20.489] [jointLog] [warning] Feature has no GFF ID
[2021-05-21 18:28:20.489] [jointLog] [warning] Feature has no GFF ID
[2021-05-21 18:28:20.489] [jointLog] [warning] Feature has no GFF ID
[2021-05-21 18:28:20.489] [jointLog] [warning] Feature has no GFF ID
[2021-05-21 18:28:20.489] [jointLog] [warning] Feature has no GFF ID
[2021-05-21 18:28:20.489] [jointLog] [warning] Feature has no GFF ID
[2021-05-21 18:28:20.489] [jointLog] [warning] Feature has no GFF ID
[2021-05-21 18:28:20.489] [jointLog] [warning] Feature has no GFF ID
[2021-05-21 18:28:20.489] [jointLog] [warning] Feature has no GFF ID
[2021-05-21 18:28:20.489] [jointLog] [warning] Feature has no GFF ID
[2021-05-21 18:28:20.489] [jointLog] [warning] Feature has no GFF ID
[2021-05-21 18:28:20.489] [jointLog] [warning] Feature has no GFF ID
[2021-05-21 18:28:20.489] [jointLog] [warning] Feature has no GFF ID
[2021-05-21 18:28:20.804] [jointLog] [info] There were 142604 transcripts mapping to 55401 genes
[2021-05-21 18:28:20.804] [jointLog] [info] NOTE: We recommend using tximport (https://bioconductor.org/packages/release/bioc/html/tximport.html) for aggregating transcript-level salmon abundance estimates to the gene level.  It is more versatile, exposes more features, and allows considering multi-sample information during aggregation.
[2021-05-21 18:28:21.083] [jointLog] [warning] couldn't find transcript named [DQ459430] in transcript <-> gene map; returning transcript as it's own gene
[2021-05-21 18:28:21.083] [jointLog] [warning] couldn't find transcript named [DQ516784] in transcript <-> gene map; returning transcript as it's own gene
[2021-05-21 18:28:21.083] [jointLog] [warning] couldn't find transcript named [DQ516752] in transcript <-> gene map; returning transcript as it's own gene
[2021-05-21 18:28:21.083] [jointLog] [warning] couldn't find transcript named [DQ668364] in transcript <-> gene map; returning transcript as it's own gene
[2021-05-21 18:28:21.083] [jointLog] [warning] couldn't find transcript named [DQ883670] in transcript <-> gene map; returning transcript as it's own gene
[2021-05-21 18:28:21.083] [jointLog] [warning] couldn't find transcript named [EF011062] in transcript <-> gene map; returning transcript as it's own gene
[2021-05-21 18:28:21.083] [jointLog] [warning] couldn't find transcript named [DQ875385] in transcript <-> gene map; returning transcript as it's own gene
[2021-05-21 18:28:21.083] [jointLog] [warning] couldn't find transcript named [DQ883664] in transcript <-> gene map; returning transcript as it's own gene
[2021-05-21 18:28:21.083] [jointLog] [warning] couldn't find transcript named [DQ459420] in transcript <-> gene map; returning transcript as it's own gene
[2021-05-21 18:28:21.083] [jointLog] [warning] couldn't find transcript named [DQ883651] in transcript <-> gene map; returning transcript as it's own gene
[2021-05-21 18:28:21.083] [jointLog] [warning] couldn't find transcript named [DQ855004] in transcript <-> gene map; returning transcript as it's own gene
[2021-05-21 18:28:21.083] [jointLog] [warning] couldn't find transcript named [DQ854993] in transcript <-> gene map; returning transcript as it's own gene
[2021-05-21 18:28:21.083] [jointLog] [warning] couldn't find transcript named [DQ883689] in transcript <-> gene map; returning transcript as it's own gene
[2021-05-21 18:28:21.083] [jointLog] [warning] couldn't find transcript named [DQ459419] in transcript <-> gene map; returning transcript as it's own gene
[2021-05-21 18:28:21.083] [jointLog] [warning] couldn't find transcript named [DQ459431] in transcript <-> gene map; returning transcript as it's own gene
[2021-05-21 18:28:21.083] [jointLog] [warning] couldn't find transcript named [DQ516796] in transcript <-> gene map; returning transcript as it's own gene
[2021-05-21 18:28:21.083] [jointLog] [warning] couldn't find transcript named [DQ855001] in transcript <-> gene map; returning transcript as it's own gene
[2021-05-21 18:28:21.083] [jointLog] [warning] couldn't find transcript named [DQ459413] in transcript <-> gene map; returning transcript as it's own gene
[2021-05-21 18:28:21.083] [jointLog] [warning] couldn't find transcript named [DQ883656] in transcript <-> gene map; returning transcript as it's own gene
[2021-05-21 18:28:21.083] [jointLog] [warning] couldn't find transcript named [DQ883661] in transcript <-> gene map; returning transcript as it's own gene
[2021-05-21 18:28:21.083] [jointLog] [warning] couldn't find transcript named [EF011069] in transcript <-> gene map; returning transcript as it's own gene
[2021-05-21 18:28:21.083] [jointLog] [warning] couldn't find transcript named [DQ516783] in transcript <-> gene map; returning transcript as it's own gene
[2021-05-21 18:28:21.083] [jointLog] [warning] couldn't find transcript named [DQ516787] in transcript <-> gene map; returning transcript as it's own gene
[2021-05-21 18:28:21.083] [jointLog] [warning] couldn't find transcript named [DQ459424] in transcript <-> gene map; returning transcript as it's own gene
[2021-05-21 18:28:21.083] [jointLog] [warning] couldn't find transcript named [DQ516748] in transcript <-> gene map; returning transcript as it's own gene
[2021-05-21 18:28:21.083] [jointLog] [warning] couldn't find transcript named [DQ883671] in transcript <-> gene map; returning transcript as it's own gene
[2021-05-21 18:28:21.083] [jointLog] [warning] couldn't find transcript named [DQ516740] in transcript <-> gene map; returning transcript as it's own gene
[2021-05-21 18:28:21.083] [jointLog] [warning] couldn't find transcript named [DQ516785] in transcript <-> gene map; returning transcript as it's own gene
[2021-05-21 18:28:21.083] [jointLog] [warning] couldn't find transcript named [DQ516731] in transcript <-> gene map; returning transcript as it's own gene
[2021-05-21 18:28:21.083] [jointLog] [warning] couldn't find transcript named [DQ668366] in transcript <-> gene map; returning transcript as it's own gene
[2021-05-21 18:28:21.083] [jointLog] [warning] couldn't find transcript named [DQ459418] in transcript <-> gene map; returning transcript as it's own gene
[2021-05-21 18:28:21.083] [jointLog] [warning] couldn't find transcript named [DQ668356] in transcript <-> gene map; returning transcript as it's own gene
[2021-05-21 18:28:21.083] [jointLog] [warning] couldn't find transcript named [DQ516763] in transcript <-> gene map; returning transcript as it's own gene
[2021-05-21 18:28:21.083] [jointLog] [warning] couldn't find transcript named [DQ459426] in transcript <-> gene map; returning transcript as it's own gene
[2021-05-21 18:28:21.083] [jointLog] [warning] couldn't find transcript named [DQ516786] in transcript <-> gene map; returning transcript as it's own gene
[2021-05-21 18:28:21.083] [jointLog] [warning] couldn't find transcript named [DQ883653] in transcript <-> gene map; returning transcript as it's own gene
[2021-05-21 18:28:21.083] [jointLog] [warning] couldn't find transcript named [DQ459421] in transcript <-> gene map; returning transcript as it's own gene
[2021-05-21 18:28:21.083] [jointLog] [warning] couldn't find transcript named [DQ883654] in transcript <-> gene map; returning transcript as it's own gene
[2021-05-21 18:28:21.083] [jointLog] [warning] couldn't find transcript named [DQ668358] in transcript <-> gene map; returning transcript as it's own gene
[2021-05-21 18:28:21.083] [jointLog] [warning] couldn't find transcript named [DQ516754] in transcript <-> gene map; returning transcript as it's own gene
[2021-05-21 18:28:21.083] [jointLog] [warning] couldn't find transcript named [DQ516778] in transcript <-> gene map; returning transcript as it's own gene
[2021-05-21 18:28:21.083] [jointLog] [warning] couldn't find transcript named [DQ883650] in transcript <-> gene map; returning transcript as it's own gene
[2021-05-21 18:28:21.083] [jointLog] [warning] couldn't find transcript named [DQ516742] in transcript <-> gene map; returning transcript as it's own gene
[2021-05-21 18:28:21.083] [jointLog] [warning] couldn't find transcript named [DQ883673] in transcript <-> gene map; returning transcript as it's own gene
[2021-05-21 18:28:21.083] [jointLog] [warning] couldn't find transcript named [DQ883652] in transcript <-> gene map; returning transcript as it's own gene
[2021-05-21 18:28:21.083] [jointLog] [warning] couldn't find transcript named [DQ854991] in transcript <-> gene map; returning transcript as it's own gene
[2021-05-21 18:28:21.083] [jointLog] [warning] couldn't find transcript named [DQ516780] in transcript <-> gene map; returning transcript as it's own gene
[2021-05-21 18:28:21.083] [jointLog] [warning] couldn't find transcript named [DQ883682] in transcript <-> gene map; returning transcript as it's own gene
[2021-05-21 18:28:21.083] [jointLog] [warning] couldn't find transcript named [DQ883669] in transcript <-> gene map; returning transcript as it's own gene
[2021-05-21 18:28:21.083] [jointLog] [warning] couldn't find transcript named [DQ516791] in transcript <-> gene map; returning transcript as it's own gene
[2021-05-21 18:28:21.083] [jointLog] [warning] couldn't find transcript named [DQ459425] in transcript <-> gene map; returning transcript as it's own gene
[2021-05-21 18:28:21.083] [jointLog] [warning] couldn't find transcript named [DQ516759] in transcript <-> gene map; returning transcript as it's own gene
[2021-05-21 18:28:21.083] [jointLog] [warning] couldn't find transcript named [DQ459429] in transcript <-> gene map; returning transcript as it's own gene
[2021-05-21 18:28:21.083] [jointLog] [warning] couldn't find transcript named [DQ516758] in transcript <-> gene map; returning transcript as it's own gene
[2021-05-21 18:28:21.083] [jointLog] [warning] couldn't find transcript named [DQ459415] in transcript <-> gene map; returning transcript as it's own gene
[2021-05-21 18:28:21.083] [jointLog] [warning] couldn't find transcript named [DQ875387] in transcript <-> gene map; returning transcript as it's own gene
[2021-05-21 18:28:21.083] [jointLog] [warning] couldn't find transcript named [DQ516815] in transcript <-> gene map; returning transcript as it's own gene
[2021-05-21 18:28:21.083] [jointLog] [warning] couldn't find transcript named [DQ668365] in transcript <-> gene map; returning transcript as it's own gene
[2021-05-21 18:28:21.083] [jointLog] [warning] couldn't find transcript named [DQ854998] in transcript <-> gene map; returning transcript as it's own gene
[2021-05-21 18:28:21.083] [jointLog] [warning] couldn't find transcript named [DQ883685] in transcript <-> gene map; returning transcript as it's own gene
[2021-05-21 18:28:21.083] [jointLog] [warning] couldn't find transcript named [DQ459422] in transcript <-> gene map; returning transcript as it's own gene
[2021-05-21 18:28:21.083] [jointLog] [warning] couldn't find transcript named [DQ883663] in transcript <-> gene map; returning transcript as it's own gene
[2021-05-21 18:28:21.083] [jointLog] [warning] couldn't find transcript named [DQ668367] in transcript <-> gene map; returning transcript as it's own gene
[2021-05-21 18:28:21.083] [jointLog] [warning] couldn't find transcript named [DQ459412] in transcript <-> gene map; returning transcript as it's own gene
[2021-05-21 18:28:21.083] [jointLog] [warning] couldn't find transcript named [DQ854992] in transcript <-> gene map; returning transcript as it's own gene
[2021-05-21 18:28:21.083] [jointLog] [warning] couldn't find transcript named [DQ516782] in transcript <-> gene map; returning transcript as it's own gene
[2021-05-21 18:28:21.083] [jointLog] [warning] couldn't find transcript named [DQ459427] in transcript <-> gene map; returning transcript as it's own gene
[2021-05-21 18:28:21.083] [jointLog] [warning] couldn't find transcript named [EF011072] in transcript <-> gene map; returning transcript as it's own gene
[2021-05-21 18:28:21.083] [jointLog] [warning] couldn't find transcript named [DQ855003] in transcript <-> gene map; returning transcript as it's own gene
[2021-05-21 18:28:21.083] [jointLog] [warning] couldn't find transcript named [DQ516739] in transcript <-> gene map; returning transcript as it's own gene
[2021-05-21 18:28:21.083] [jointLog] [warning] couldn't find transcript named [EF011063] in transcript <-> gene map; returning transcript as it's own gene
[2021-05-21 18:28:21.083] [jointLog] [warning] couldn't find transcript named [DQ855000] in transcript <-> gene map; returning transcript as it's own gene
[2021-05-21 18:28:21.083] [jointLog] [warning] couldn't find transcript named [DQ516777] in transcript <-> gene map; returning transcript as it's own gene
[2021-05-21 18:28:21.083] [jointLog] [warning] couldn't find transcript named [DQ883646] in transcript <-> gene map; returning transcript as it's own gene
[2021-05-21 18:28:21.083] [jointLog] [warning] couldn't find transcript named [DQ668362] in transcript <-> gene map; returning transcript as it's own gene
[2021-05-21 18:28:21.083] [jointLog] [warning] couldn't find transcript named [DQ854995] in transcript <-> gene map; returning transcript as it's own gene
[2021-05-21 18:28:21.083] [jointLog] [warning] couldn't find transcript named [DQ875386] in transcript <-> gene map; returning transcript as it's own gene
[2021-05-21 18:28:21.083] [jointLog] [warning] couldn't find transcript named [DQ516790] in transcript <-> gene map; returning transcript as it's own gene
[2021-05-21 18:28:21.083] [jointLog] [warning] couldn't find transcript named [DQ883642] in transcript <-> gene map; returning transcript as it's own gene
[2021-05-21 18:28:21.083] [jointLog] [warning] couldn't find transcript named [DQ883659] in transcript <-> gene map; returning transcript as it's own gene
[2021-05-21 18:28:21.083] [jointLog] [warning] couldn't find transcript named [DQ854997] in transcript <-> gene map; returning transcript as it's own gene
[2021-05-21 18:28:21.083] [jointLog] [warning] couldn't find transcript named [DQ883643] in transcript <-> gene map; returning transcript as it's own gene
[2021-05-21 18:28:21.083] [jointLog] [warning] couldn't find transcript named [DQ839618] in transcript <-> gene map; returning transcript as it's own gene
[2021-05-21 18:28:21.083] [jointLog] [warning] couldn't find transcript named [DQ516795] in transcript <-> gene map; returning transcript as it's own gene
[2021-05-21 18:28:21.083] [jointLog] [warning] couldn't find transcript named [DQ883658] in transcript <-> gene map; returning transcript as it's own gene
[2021-05-21 18:28:21.083] [jointLog] [warning] couldn't find transcript named [DQ516750] in transcript <-> gene map; returning transcript as it's own gene
[2021-05-21 18:28:21.083] [jointLog] [warning] couldn't find transcript named [DQ668359] in transcript <-> gene map; returning transcript as it's own gene
[2021-05-21 18:28:21.083] [jointLog] [warning] couldn't find transcript named [DQ516779] in transcript <-> gene map; returning transcript as it's own gene
[2021-05-21 18:28:21.083] [jointLog] [warning] couldn't find transcript named [DQ668363] in transcript <-> gene map; returning transcript as it's own gene
[2021-05-21 18:28:21.083] [jointLog] [warning] couldn't find transcript named [DQ516776] in transcript <-> gene map; returning transcript as it's own gene
[2021-05-21 18:28:21.083] [jointLog] [warning] couldn't find transcript named [DQ516773] in transcript <-> gene map; returning transcript as it's own gene
[2021-05-21 18:28:21.083] [jointLog] [warning] couldn't find transcript named [DQ854994] in transcript <-> gene map; returning transcript as it's own gene
[2021-05-21 18:28:21.084] [jointLog] [info] Aggregating expressions to gene level
[2021-05-21 18:28:21.241] [jointLog] [info] done
