[2021-05-20 19:13:52.396] [jointLog] [info] setting maxHashResizeThreads to 6
[2021-05-20 19:13:52.396] [jointLog] [info] Fragment incompatibility prior below threshold.  Incompatible fragments will be ignored.
[2021-05-20 19:13:52.398] [jointLog] [info] numQuantThreads = 3
[2021-05-20 19:13:56.395] [jointLog] [info] replaced 4 non-ACGT nucleotides with random nucleotides
[2021-05-20 19:13:56.700] [fileLog] [info] quantification processed 0 fragments so far

[2021-05-20 19:13:59.521] [fileLog] [info] quantification processed 1000000 fragments so far

[2021-05-20 19:14:02.328] [fileLog] [info] quantification processed 2000000 fragments so far

[2021-05-20 19:14:03.576] [jointLog] [info] 

The alignment group queue pool has been exhausted.  2434376 extra fragments were allocated on the heap to saturate the pool.  No new fragments will be allocated


[2021-05-20 19:14:12.509] [fileLog] [info] quantification processed 3000000 fragments so far

[2021-05-20 19:14:27.992] [fileLog] [info] quantification processed 4000000 fragments so far

[2021-05-20 19:14:43.444] [fileLog] [info] quantification processed 5000000 fragments so far

[2021-05-20 19:14:58.799] [fileLog] [info] quantification processed 6000000 fragments so far

[2021-05-20 19:15:14.148] [fileLog] [info] quantification processed 7000000 fragments so far

[2021-05-20 19:15:17.377] [fileLog] [info] quantification processed 8000000 fragments so far

[2021-05-20 19:15:20.521] [fileLog] [info] quantification processed 9000000 fragments so far

[2021-05-20 19:15:23.653] [fileLog] [info] quantification processed 10000000 fragments so far

[2021-05-20 19:15:26.823] [fileLog] [info] quantification processed 11000000 fragments so far

[2021-05-20 19:15:29.905] [fileLog] [info] quantification processed 12000000 fragments so far

[2021-05-20 19:15:33.014] [fileLog] [info] quantification processed 13000000 fragments so far

[2021-05-20 19:15:36.218] [fileLog] [info] quantification processed 14000000 fragments so far

[2021-05-20 19:15:39.329] [fileLog] [info] quantification processed 15000000 fragments so far

[2021-05-20 19:15:42.469] [fileLog] [info] quantification processed 16000000 fragments so far

[2021-05-20 19:15:45.607] [fileLog] [info] quantification processed 17000000 fragments so far

[2021-05-20 19:15:48.721] [fileLog] [info] quantification processed 18000000 fragments so far

[2021-05-20 19:15:51.852] [fileLog] [info] quantification processed 19000000 fragments so far

[2021-05-20 19:15:54.974] [fileLog] [info] quantification processed 20000000 fragments so far

[2021-05-20 19:15:58.133] [fileLog] [info] quantification processed 21000000 fragments so far

[2021-05-20 19:16:01.244] [fileLog] [info] quantification processed 22000000 fragments so far

[2021-05-20 19:16:04.408] [fileLog] [info] quantification processed 23000000 fragments so far

[2021-05-20 19:16:07.522] [fileLog] [info] quantification processed 24000000 fragments so far

[2021-05-20 19:16:10.644] [fileLog] [info] quantification processed 25000000 fragments so far

[2021-05-20 19:16:13.761] [fileLog] [info] quantification processed 26000000 fragments so far

[2021-05-20 19:16:16.874] [fileLog] [info] quantification processed 27000000 fragments so far

[2021-05-20 19:16:20.023] [fileLog] [info] quantification processed 28000000 fragments so far

[2021-05-20 19:16:23.236] [fileLog] [info] quantification processed 29000000 fragments so far

[2021-05-20 19:16:26.339] [fileLog] [info] quantification processed 30000000 fragments so far

[2021-05-20 19:16:29.493] [fileLog] [info] quantification processed 31000000 fragments so far

[2021-05-20 19:16:32.643] [fileLog] [info] quantification processed 32000000 fragments so far

[2021-05-20 19:16:35.804] [fileLog] [info] quantification processed 33000000 fragments so far

[2021-05-20 19:16:38.994] [fileLog] [info] quantification processed 34000000 fragments so far

[2021-05-20 19:16:42.150] [fileLog] [info] quantification processed 35000000 fragments so far

[2021-05-20 19:16:45.283] [fileLog] [info] quantification processed 36000000 fragments so far

[2021-05-20 19:16:46.245] [fileLog] [info] quantification processed 36297637 fragments so far

[2021-05-20 19:16:52.214] [jointLog] [info] Thread saw mini-batch with a maximum of 1.90% zero probability fragments
[2021-05-20 19:16:52.217] [jointLog] [info] Thread saw mini-batch with a maximum of 1.90% zero probability fragments
[2021-05-20 19:16:52.219] [jointLog] [info] Thread saw mini-batch with a maximum of 2.40% zero probability fragments
[2021-05-20 19:16:52.220] [jointLog] [info] 


Completed first pass through the alignment file.
Total # of mapped reads : 36297637
# of uniquely mapped reads : 16654098
# ambiguously mapped reads : 19643539



[2021-05-20 19:16:52.364] [jointLog] [info] Computed 207458 rich equivalence classes for further processing
[2021-05-20 19:16:52.364] [jointLog] [info] Counted 36101108 total reads in the equivalence classes 
[2021-05-20 19:16:52.366] [jointLog] [info] starting optimizer
[2021-05-20 19:16:52.461] [jointLog] [info] Marked 0 weighted equivalence classes as degenerate
[2021-05-20 19:16:52.475] [jointLog] [info] iteration = 0 | max rel diff. = 6951.79
[2021-05-20 19:16:53.837] [jointLog] [info] iteration = 100 | max rel diff. = 16.9461
[2021-05-20 19:16:55.198] [jointLog] [info] iteration = 200 | max rel diff. = 2.60549
[2021-05-20 19:16:56.544] [jointLog] [info] iteration = 300 | max rel diff. = 2.39089
[2021-05-20 19:16:57.889] [jointLog] [info] iteration = 400 | max rel diff. = 4.52304
[2021-05-20 19:16:59.245] [jointLog] [info] iteration = 500 | max rel diff. = 5.6204
[2021-05-20 19:17:00.593] [jointLog] [info] iteration = 600 | max rel diff. = 0.285899
[2021-05-20 19:17:01.944] [jointLog] [info] iteration = 700 | max rel diff. = 5.93703
[2021-05-20 19:17:03.297] [jointLog] [info] iteration = 800 | max rel diff. = 0.162339
[2021-05-20 19:17:04.662] [jointLog] [info] iteration = 900 | max rel diff. = 0.0653432
[2021-05-20 19:17:06.012] [jointLog] [info] iteration = 1000 | max rel diff. = 1.15867
[2021-05-20 19:17:07.378] [jointLog] [info] iteration = 1100 | max rel diff. = 0.121262
[2021-05-20 19:17:08.725] [jointLog] [info] iteration = 1200 | max rel diff. = 1.8831
[2021-05-20 19:17:10.083] [jointLog] [info] iteration = 1300 | max rel diff. = 0.114073
[2021-05-20 19:17:11.425] [jointLog] [info] iteration = 1400 | max rel diff. = 0.0226139
[2021-05-20 19:17:12.786] [jointLog] [info] iteration = 1500 | max rel diff. = 0.217049
[2021-05-20 19:17:14.131] [jointLog] [info] iteration = 1600 | max rel diff. = 0.0868784
[2021-05-20 19:17:15.483] [jointLog] [info] iteration = 1700 | max rel diff. = 0.013527
[2021-05-20 19:17:16.826] [jointLog] [info] iteration = 1800 | max rel diff. = 0.0271788
[2021-05-20 19:17:18.168] [jointLog] [info] iteration = 1900 | max rel diff. = 0.0855096
[2021-05-20 19:17:18.345] [jointLog] [info] iteration = 1914 | max rel diff. = 0.00469952
[2021-05-20 19:17:18.376] [jointLog] [info] finished optimizer
[2021-05-20 19:17:18.376] [jointLog] [info] writing output
[2021-05-20 19:17:20.048] [jointLog] [info] Computing gene-level abundance estimates
[2021-05-20 19:17:50.179] [jointLog] [warning] Feature has no GFF ID
[2021-05-20 19:17:50.179] [jointLog] [warning] Feature has no GFF ID
[2021-05-20 19:17:50.179] [jointLog] [warning] Feature has no GFF ID
[2021-05-20 19:17:50.179] [jointLog] [warning] Feature has no GFF ID
[2021-05-20 19:17:50.179] [jointLog] [warning] Feature has no GFF ID
[2021-05-20 19:17:50.179] [jointLog] [warning] Feature has no GFF ID
[2021-05-20 19:17:50.179] [jointLog] [warning] Feature has no GFF ID
[2021-05-20 19:17:50.179] [jointLog] [warning] Feature has no GFF ID
[2021-05-20 19:17:50.179] [jointLog] [warning] Feature has no GFF ID
[2021-05-20 19:17:50.179] [jointLog] [warning] Feature has no GFF ID
[2021-05-20 19:17:50.179] [jointLog] [warning] Feature has no GFF ID
[2021-05-20 19:17:50.179] [jointLog] [warning] Feature has no GFF ID
[2021-05-20 19:17:50.179] [jointLog] [warning] Feature has no GFF ID
[2021-05-20 19:17:50.179] [jointLog] [warning] Feature has no GFF ID
[2021-05-20 19:17:50.179] [jointLog] [warning] Feature has no GFF ID
[2021-05-20 19:17:50.179] [jointLog] [warning] Feature has no GFF ID
[2021-05-20 19:17:50.179] [jointLog] [warning] Feature has no GFF ID
[2021-05-20 19:17:50.179] [jointLog] [warning] Feature has no GFF ID
[2021-05-20 19:17:50.179] [jointLog] [warning] Feature has no GFF ID
[2021-05-20 19:17:50.179] [jointLog] [warning] Feature has no GFF ID
[2021-05-20 19:17:50.179] [jointLog] [warning] Feature has no GFF ID
[2021-05-20 19:17:50.179] [jointLog] [warning] Feature has no GFF ID
[2021-05-20 19:17:50.179] [jointLog] [warning] Feature has no GFF ID
[2021-05-20 19:17:50.179] [jointLog] [warning] Feature has no GFF ID
[2021-05-20 19:17:50.179] [jointLog] [warning] Feature has no GFF ID
[2021-05-20 19:17:50.179] [jointLog] [warning] Feature has no GFF ID
[2021-05-20 19:17:50.179] [jointLog] [warning] Feature has no GFF ID
[2021-05-20 19:17:50.179] [jointLog] [warning] Feature has no GFF ID
[2021-05-20 19:17:50.179] [jointLog] [warning] Feature has no GFF ID
[2021-05-20 19:17:50.179] [jointLog] [warning] Feature has no GFF ID
[2021-05-20 19:17:50.179] [jointLog] [warning] Feature has no GFF ID
[2021-05-20 19:17:50.179] [jointLog] [warning] Feature has no GFF ID
[2021-05-20 19:17:50.179] [jointLog] [warning] Feature has no GFF ID
[2021-05-20 19:17:50.179] [jointLog] [warning] Feature has no GFF ID
[2021-05-20 19:17:50.179] [jointLog] [warning] Feature has no GFF ID
[2021-05-20 19:17:50.179] [jointLog] [warning] Feature has no GFF ID
[2021-05-20 19:17:50.179] [jointLog] [warning] Feature has no GFF ID
[2021-05-20 19:17:50.179] [jointLog] [warning] Feature has no GFF ID
[2021-05-20 19:17:50.179] [jointLog] [warning] Feature has no GFF ID
[2021-05-20 19:17:50.179] [jointLog] [warning] Feature has no GFF ID
[2021-05-20 19:17:50.179] [jointLog] [warning] Feature has no GFF ID
[2021-05-20 19:17:50.179] [jointLog] [warning] Feature has no GFF ID
[2021-05-20 19:17:50.179] [jointLog] [warning] Feature has no GFF ID
[2021-05-20 19:17:50.179] [jointLog] [warning] Feature has no GFF ID
[2021-05-20 19:17:50.179] [jointLog] [warning] Feature has no GFF ID
[2021-05-20 19:17:50.179] [jointLog] [warning] Feature has no GFF ID
[2021-05-20 19:17:50.179] [jointLog] [warning] Feature has no GFF ID
[2021-05-20 19:17:50.179] [jointLog] [warning] Feature has no GFF ID
[2021-05-20 19:17:50.179] [jointLog] [warning] Feature has no GFF ID
[2021-05-20 19:17:50.179] [jointLog] [warning] Feature has no GFF ID
[2021-05-20 19:17:50.179] [jointLog] [warning] Feature has no GFF ID
[2021-05-20 19:17:50.179] [jointLog] [warning] Feature has no GFF ID
[2021-05-20 19:17:50.179] [jointLog] [warning] Feature has no GFF ID
[2021-05-20 19:17:50.179] [jointLog] [warning] Feature has no GFF ID
[2021-05-20 19:17:50.179] [jointLog] [warning] Feature has no GFF ID
[2021-05-20 19:17:50.179] [jointLog] [warning] Feature has no GFF ID
[2021-05-20 19:17:50.179] [jointLog] [warning] Feature has no GFF ID
[2021-05-20 19:17:50.179] [jointLog] [warning] Feature has no GFF ID
[2021-05-20 19:17:50.179] [jointLog] [warning] Feature has no GFF ID
[2021-05-20 19:17:50.179] [jointLog] [warning] Feature has no GFF ID
[2021-05-20 19:17:50.179] [jointLog] [warning] Feature has no GFF ID
[2021-05-20 19:17:50.179] [jointLog] [warning] Feature has no GFF ID
[2021-05-20 19:17:50.179] [jointLog] [warning] Feature has no GFF ID
[2021-05-20 19:17:50.179] [jointLog] [warning] Feature has no GFF ID
[2021-05-20 19:17:50.179] [jointLog] [warning] Feature has no GFF ID
[2021-05-20 19:17:50.179] [jointLog] [warning] Feature has no GFF ID
[2021-05-20 19:17:50.179] [jointLog] [warning] Feature has no GFF ID
[2021-05-20 19:17:50.179] [jointLog] [warning] Feature has no GFF ID
[2021-05-20 19:17:50.179] [jointLog] [warning] Feature has no GFF ID
[2021-05-20 19:17:50.179] [jointLog] [warning] Feature has no GFF ID
[2021-05-20 19:17:50.179] [jointLog] [warning] Feature has no GFF ID
[2021-05-20 19:17:50.179] [jointLog] [warning] Feature has no GFF ID
[2021-05-20 19:17:50.179] [jointLog] [warning] Feature has no GFF ID
[2021-05-20 19:17:50.179] [jointLog] [warning] Feature has no GFF ID
[2021-05-20 19:17:50.179] [jointLog] [warning] Feature has no GFF ID
[2021-05-20 19:17:50.179] [jointLog] [warning] Feature has no GFF ID
[2021-05-20 19:17:50.179] [jointLog] [warning] Feature has no GFF ID
[2021-05-20 19:17:50.179] [jointLog] [warning] Feature has no GFF ID
[2021-05-20 19:17:50.179] [jointLog] [warning] Feature has no GFF ID
[2021-05-20 19:17:50.179] [jointLog] [warning] Feature has no GFF ID
[2021-05-20 19:17:50.179] [jointLog] [warning] Feature has no GFF ID
[2021-05-20 19:17:50.179] [jointLog] [warning] Feature has no GFF ID
[2021-05-20 19:17:50.179] [jointLog] [warning] Feature has no GFF ID
[2021-05-20 19:17:50.179] [jointLog] [warning] Feature has no GFF ID
[2021-05-20 19:17:50.179] [jointLog] [warning] Feature has no GFF ID
[2021-05-20 19:17:50.179] [jointLog] [warning] Feature has no GFF ID
[2021-05-20 19:17:50.179] [jointLog] [warning] Feature has no GFF ID
[2021-05-20 19:17:50.179] [jointLog] [warning] Feature has no GFF ID
[2021-05-20 19:17:50.179] [jointLog] [warning] Feature has no GFF ID
[2021-05-20 19:17:50.179] [jointLog] [warning] Feature has no GFF ID
[2021-05-20 19:17:50.179] [jointLog] [warning] Feature has no GFF ID
[2021-05-20 19:17:50.179] [jointLog] [warning] Feature has no GFF ID
[2021-05-20 19:17:50.513] [jointLog] [info] There were 142604 transcripts mapping to 55401 genes
[2021-05-20 19:17:50.513] [jointLog] [info] NOTE: We recommend using tximport (https://bioconductor.org/packages/release/bioc/html/tximport.html) for aggregating transcript-level salmon abundance estimates to the gene level.  It is more versatile, exposes more features, and allows considering multi-sample information during aggregation.
[2021-05-20 19:17:50.828] [jointLog] [warning] couldn't find transcript named [DQ459430] in transcript <-> gene map; returning transcript as it's own gene
[2021-05-20 19:17:50.828] [jointLog] [warning] couldn't find transcript named [DQ516784] in transcript <-> gene map; returning transcript as it's own gene
[2021-05-20 19:17:50.828] [jointLog] [warning] couldn't find transcript named [DQ516752] in transcript <-> gene map; returning transcript as it's own gene
[2021-05-20 19:17:50.828] [jointLog] [warning] couldn't find transcript named [DQ668364] in transcript <-> gene map; returning transcript as it's own gene
[2021-05-20 19:17:50.828] [jointLog] [warning] couldn't find transcript named [DQ883670] in transcript <-> gene map; returning transcript as it's own gene
[2021-05-20 19:17:50.828] [jointLog] [warning] couldn't find transcript named [EF011062] in transcript <-> gene map; returning transcript as it's own gene
[2021-05-20 19:17:50.828] [jointLog] [warning] couldn't find transcript named [DQ875385] in transcript <-> gene map; returning transcript as it's own gene
[2021-05-20 19:17:50.828] [jointLog] [warning] couldn't find transcript named [DQ883664] in transcript <-> gene map; returning transcript as it's own gene
[2021-05-20 19:17:50.828] [jointLog] [warning] couldn't find transcript named [DQ459420] in transcript <-> gene map; returning transcript as it's own gene
[2021-05-20 19:17:50.828] [jointLog] [warning] couldn't find transcript named [DQ883651] in transcript <-> gene map; returning transcript as it's own gene
[2021-05-20 19:17:50.828] [jointLog] [warning] couldn't find transcript named [DQ855004] in transcript <-> gene map; returning transcript as it's own gene
[2021-05-20 19:17:50.828] [jointLog] [warning] couldn't find transcript named [DQ854993] in transcript <-> gene map; returning transcript as it's own gene
[2021-05-20 19:17:50.828] [jointLog] [warning] couldn't find transcript named [DQ883689] in transcript <-> gene map; returning transcript as it's own gene
[2021-05-20 19:17:50.828] [jointLog] [warning] couldn't find transcript named [DQ459419] in transcript <-> gene map; returning transcript as it's own gene
[2021-05-20 19:17:50.828] [jointLog] [warning] couldn't find transcript named [DQ459431] in transcript <-> gene map; returning transcript as it's own gene
[2021-05-20 19:17:50.828] [jointLog] [warning] couldn't find transcript named [DQ516796] in transcript <-> gene map; returning transcript as it's own gene
[2021-05-20 19:17:50.828] [jointLog] [warning] couldn't find transcript named [DQ855001] in transcript <-> gene map; returning transcript as it's own gene
[2021-05-20 19:17:50.828] [jointLog] [warning] couldn't find transcript named [DQ459413] in transcript <-> gene map; returning transcript as it's own gene
[2021-05-20 19:17:50.828] [jointLog] [warning] couldn't find transcript named [DQ883656] in transcript <-> gene map; returning transcript as it's own gene
[2021-05-20 19:17:50.828] [jointLog] [warning] couldn't find transcript named [DQ883661] in transcript <-> gene map; returning transcript as it's own gene
[2021-05-20 19:17:50.828] [jointLog] [warning] couldn't find transcript named [EF011069] in transcript <-> gene map; returning transcript as it's own gene
[2021-05-20 19:17:50.828] [jointLog] [warning] couldn't find transcript named [DQ516783] in transcript <-> gene map; returning transcript as it's own gene
[2021-05-20 19:17:50.828] [jointLog] [warning] couldn't find transcript named [DQ516787] in transcript <-> gene map; returning transcript as it's own gene
[2021-05-20 19:17:50.828] [jointLog] [warning] couldn't find transcript named [DQ459424] in transcript <-> gene map; returning transcript as it's own gene
[2021-05-20 19:17:50.828] [jointLog] [warning] couldn't find transcript named [DQ516748] in transcript <-> gene map; returning transcript as it's own gene
[2021-05-20 19:17:50.828] [jointLog] [warning] couldn't find transcript named [DQ883671] in transcript <-> gene map; returning transcript as it's own gene
[2021-05-20 19:17:50.828] [jointLog] [warning] couldn't find transcript named [DQ516740] in transcript <-> gene map; returning transcript as it's own gene
[2021-05-20 19:17:50.828] [jointLog] [warning] couldn't find transcript named [DQ516785] in transcript <-> gene map; returning transcript as it's own gene
[2021-05-20 19:17:50.828] [jointLog] [warning] couldn't find transcript named [DQ516731] in transcript <-> gene map; returning transcript as it's own gene
[2021-05-20 19:17:50.828] [jointLog] [warning] couldn't find transcript named [DQ668366] in transcript <-> gene map; returning transcript as it's own gene
[2021-05-20 19:17:50.828] [jointLog] [warning] couldn't find transcript named [DQ459418] in transcript <-> gene map; returning transcript as it's own gene
[2021-05-20 19:17:50.828] [jointLog] [warning] couldn't find transcript named [DQ668356] in transcript <-> gene map; returning transcript as it's own gene
[2021-05-20 19:17:50.828] [jointLog] [warning] couldn't find transcript named [DQ516763] in transcript <-> gene map; returning transcript as it's own gene
[2021-05-20 19:17:50.828] [jointLog] [warning] couldn't find transcript named [DQ459426] in transcript <-> gene map; returning transcript as it's own gene
[2021-05-20 19:17:50.828] [jointLog] [warning] couldn't find transcript named [DQ516786] in transcript <-> gene map; returning transcript as it's own gene
[2021-05-20 19:17:50.828] [jointLog] [warning] couldn't find transcript named [DQ883653] in transcript <-> gene map; returning transcript as it's own gene
[2021-05-20 19:17:50.828] [jointLog] [warning] couldn't find transcript named [DQ459421] in transcript <-> gene map; returning transcript as it's own gene
[2021-05-20 19:17:50.828] [jointLog] [warning] couldn't find transcript named [DQ883654] in transcript <-> gene map; returning transcript as it's own gene
[2021-05-20 19:17:50.828] [jointLog] [warning] couldn't find transcript named [DQ668358] in transcript <-> gene map; returning transcript as it's own gene
[2021-05-20 19:17:50.828] [jointLog] [warning] couldn't find transcript named [DQ516754] in transcript <-> gene map; returning transcript as it's own gene
[2021-05-20 19:17:50.828] [jointLog] [warning] couldn't find transcript named [DQ516778] in transcript <-> gene map; returning transcript as it's own gene
[2021-05-20 19:17:50.828] [jointLog] [warning] couldn't find transcript named [DQ883650] in transcript <-> gene map; returning transcript as it's own gene
[2021-05-20 19:17:50.828] [jointLog] [warning] couldn't find transcript named [DQ516742] in transcript <-> gene map; returning transcript as it's own gene
[2021-05-20 19:17:50.828] [jointLog] [warning] couldn't find transcript named [DQ883673] in transcript <-> gene map; returning transcript as it's own gene
[2021-05-20 19:17:50.828] [jointLog] [warning] couldn't find transcript named [DQ883652] in transcript <-> gene map; returning transcript as it's own gene
[2021-05-20 19:17:50.828] [jointLog] [warning] couldn't find transcript named [DQ854991] in transcript <-> gene map; returning transcript as it's own gene
[2021-05-20 19:17:50.828] [jointLog] [warning] couldn't find transcript named [DQ516780] in transcript <-> gene map; returning transcript as it's own gene
[2021-05-20 19:17:50.828] [jointLog] [warning] couldn't find transcript named [DQ883682] in transcript <-> gene map; returning transcript as it's own gene
[2021-05-20 19:17:50.828] [jointLog] [warning] couldn't find transcript named [DQ883669] in transcript <-> gene map; returning transcript as it's own gene
[2021-05-20 19:17:50.828] [jointLog] [warning] couldn't find transcript named [DQ516791] in transcript <-> gene map; returning transcript as it's own gene
[2021-05-20 19:17:50.828] [jointLog] [warning] couldn't find transcript named [DQ459425] in transcript <-> gene map; returning transcript as it's own gene
[2021-05-20 19:17:50.828] [jointLog] [warning] couldn't find transcript named [DQ516759] in transcript <-> gene map; returning transcript as it's own gene
[2021-05-20 19:17:50.828] [jointLog] [warning] couldn't find transcript named [DQ459429] in transcript <-> gene map; returning transcript as it's own gene
[2021-05-20 19:17:50.828] [jointLog] [warning] couldn't find transcript named [DQ516758] in transcript <-> gene map; returning transcript as it's own gene
[2021-05-20 19:17:50.828] [jointLog] [warning] couldn't find transcript named [DQ459415] in transcript <-> gene map; returning transcript as it's own gene
[2021-05-20 19:17:50.828] [jointLog] [warning] couldn't find transcript named [DQ875387] in transcript <-> gene map; returning transcript as it's own gene
[2021-05-20 19:17:50.828] [jointLog] [warning] couldn't find transcript named [DQ516815] in transcript <-> gene map; returning transcript as it's own gene
[2021-05-20 19:17:50.828] [jointLog] [warning] couldn't find transcript named [DQ668365] in transcript <-> gene map; returning transcript as it's own gene
[2021-05-20 19:17:50.828] [jointLog] [warning] couldn't find transcript named [DQ854998] in transcript <-> gene map; returning transcript as it's own gene
[2021-05-20 19:17:50.828] [jointLog] [warning] couldn't find transcript named [DQ883685] in transcript <-> gene map; returning transcript as it's own gene
[2021-05-20 19:17:50.828] [jointLog] [warning] couldn't find transcript named [DQ459422] in transcript <-> gene map; returning transcript as it's own gene
[2021-05-20 19:17:50.828] [jointLog] [warning] couldn't find transcript named [DQ883663] in transcript <-> gene map; returning transcript as it's own gene
[2021-05-20 19:17:50.828] [jointLog] [warning] couldn't find transcript named [DQ668367] in transcript <-> gene map; returning transcript as it's own gene
[2021-05-20 19:17:50.828] [jointLog] [warning] couldn't find transcript named [DQ459412] in transcript <-> gene map; returning transcript as it's own gene
[2021-05-20 19:17:50.828] [jointLog] [warning] couldn't find transcript named [DQ854992] in transcript <-> gene map; returning transcript as it's own gene
[2021-05-20 19:17:50.828] [jointLog] [warning] couldn't find transcript named [DQ516782] in transcript <-> gene map; returning transcript as it's own gene
[2021-05-20 19:17:50.828] [jointLog] [warning] couldn't find transcript named [DQ459427] in transcript <-> gene map; returning transcript as it's own gene
[2021-05-20 19:17:50.828] [jointLog] [warning] couldn't find transcript named [EF011072] in transcript <-> gene map; returning transcript as it's own gene
[2021-05-20 19:17:50.828] [jointLog] [warning] couldn't find transcript named [DQ855003] in transcript <-> gene map; returning transcript as it's own gene
[2021-05-20 19:17:50.828] [jointLog] [warning] couldn't find transcript named [DQ516739] in transcript <-> gene map; returning transcript as it's own gene
[2021-05-20 19:17:50.828] [jointLog] [warning] couldn't find transcript named [EF011063] in transcript <-> gene map; returning transcript as it's own gene
[2021-05-20 19:17:50.828] [jointLog] [warning] couldn't find transcript named [DQ855000] in transcript <-> gene map; returning transcript as it's own gene
[2021-05-20 19:17:50.828] [jointLog] [warning] couldn't find transcript named [DQ516777] in transcript <-> gene map; returning transcript as it's own gene
[2021-05-20 19:17:50.828] [jointLog] [warning] couldn't find transcript named [DQ883646] in transcript <-> gene map; returning transcript as it's own gene
[2021-05-20 19:17:50.828] [jointLog] [warning] couldn't find transcript named [DQ668362] in transcript <-> gene map; returning transcript as it's own gene
[2021-05-20 19:17:50.828] [jointLog] [warning] couldn't find transcript named [DQ854995] in transcript <-> gene map; returning transcript as it's own gene
[2021-05-20 19:17:50.828] [jointLog] [warning] couldn't find transcript named [DQ875386] in transcript <-> gene map; returning transcript as it's own gene
[2021-05-20 19:17:50.828] [jointLog] [warning] couldn't find transcript named [DQ516790] in transcript <-> gene map; returning transcript as it's own gene
[2021-05-20 19:17:50.828] [jointLog] [warning] couldn't find transcript named [DQ883642] in transcript <-> gene map; returning transcript as it's own gene
[2021-05-20 19:17:50.828] [jointLog] [warning] couldn't find transcript named [DQ883659] in transcript <-> gene map; returning transcript as it's own gene
[2021-05-20 19:17:50.828] [jointLog] [warning] couldn't find transcript named [DQ854997] in transcript <-> gene map; returning transcript as it's own gene
[2021-05-20 19:17:50.828] [jointLog] [warning] couldn't find transcript named [DQ883643] in transcript <-> gene map; returning transcript as it's own gene
[2021-05-20 19:17:50.828] [jointLog] [warning] couldn't find transcript named [DQ839618] in transcript <-> gene map; returning transcript as it's own gene
[2021-05-20 19:17:50.828] [jointLog] [warning] couldn't find transcript named [DQ516795] in transcript <-> gene map; returning transcript as it's own gene
[2021-05-20 19:17:50.828] [jointLog] [warning] couldn't find transcript named [DQ883658] in transcript <-> gene map; returning transcript as it's own gene
[2021-05-20 19:17:50.828] [jointLog] [warning] couldn't find transcript named [DQ516750] in transcript <-> gene map; returning transcript as it's own gene
[2021-05-20 19:17:50.828] [jointLog] [warning] couldn't find transcript named [DQ668359] in transcript <-> gene map; returning transcript as it's own gene
[2021-05-20 19:17:50.828] [jointLog] [warning] couldn't find transcript named [DQ516779] in transcript <-> gene map; returning transcript as it's own gene
[2021-05-20 19:17:50.828] [jointLog] [warning] couldn't find transcript named [DQ668363] in transcript <-> gene map; returning transcript as it's own gene
[2021-05-20 19:17:50.828] [jointLog] [warning] couldn't find transcript named [DQ516776] in transcript <-> gene map; returning transcript as it's own gene
[2021-05-20 19:17:50.828] [jointLog] [warning] couldn't find transcript named [DQ516773] in transcript <-> gene map; returning transcript as it's own gene
[2021-05-20 19:17:50.828] [jointLog] [warning] couldn't find transcript named [DQ854994] in transcript <-> gene map; returning transcript as it's own gene
[2021-05-20 19:17:50.829] [jointLog] [info] Aggregating expressions to gene level
[2021-05-20 19:17:50.996] [jointLog] [info] done
