[2021-05-20 19:09:51.822] [jointLog] [info] setting maxHashResizeThreads to 6
[2021-05-20 19:09:51.822] [jointLog] [info] Fragment incompatibility prior below threshold.  Incompatible fragments will be ignored.
[2021-05-20 19:09:51.825] [jointLog] [info] numQuantThreads = 3
[2021-05-20 19:09:56.007] [fileLog] [info] quantification processed 0 fragments so far

[2021-05-20 19:09:55.655] [jointLog] [info] replaced 4 non-ACGT nucleotides with random nucleotides
[2021-05-20 19:09:59.701] [fileLog] [info] quantification processed 1000000 fragments so far

[2021-05-20 19:10:03.140] [fileLog] [info] quantification processed 2000000 fragments so far

[2021-05-20 19:10:04.193] [jointLog] [info] 

The alignment group queue pool has been exhausted.  3367100 extra fragments were allocated on the heap to saturate the pool.  No new fragments will be allocated


[2021-05-20 19:10:19.653] [fileLog] [info] quantification processed 3000000 fragments so far

[2021-05-20 19:10:38.850] [fileLog] [info] quantification processed 4000000 fragments so far

[2021-05-20 19:10:58.193] [fileLog] [info] quantification processed 5000000 fragments so far

[2021-05-20 19:11:15.235] [fileLog] [info] quantification processed 6000000 fragments so far

[2021-05-20 19:11:32.474] [fileLog] [info] quantification processed 7000000 fragments so far

[2021-05-20 19:11:36.935] [fileLog] [info] quantification processed 8000000 fragments so far

[2021-05-20 19:11:41.429] [fileLog] [info] quantification processed 9000000 fragments so far

[2021-05-20 19:11:45.707] [fileLog] [info] quantification processed 10000000 fragments so far

[2021-05-20 19:11:49.962] [fileLog] [info] quantification processed 11000000 fragments so far

[2021-05-20 19:11:54.411] [fileLog] [info] quantification processed 12000000 fragments so far

[2021-05-20 19:11:58.809] [fileLog] [info] quantification processed 13000000 fragments so far

[2021-05-20 19:12:03.086] [fileLog] [info] quantification processed 14000000 fragments so far

[2021-05-20 19:12:07.333] [fileLog] [info] quantification processed 15000000 fragments so far

[2021-05-20 19:12:11.844] [fileLog] [info] quantification processed 16000000 fragments so far

[2021-05-20 19:12:16.089] [fileLog] [info] quantification processed 17000000 fragments so far

[2021-05-20 19:12:20.398] [fileLog] [info] quantification processed 18000000 fragments so far

[2021-05-20 19:12:24.766] [fileLog] [info] quantification processed 19000000 fragments so far

[2021-05-20 19:12:29.070] [fileLog] [info] quantification processed 20000000 fragments so far

[2021-05-20 19:12:33.288] [fileLog] [info] quantification processed 21000000 fragments so far

[2021-05-20 19:12:37.368] [fileLog] [info] quantification processed 22000000 fragments so far

[2021-05-20 19:12:41.567] [fileLog] [info] quantification processed 23000000 fragments so far

[2021-05-20 19:12:45.692] [fileLog] [info] quantification processed 24000000 fragments so far

[2021-05-20 19:12:49.679] [fileLog] [info] quantification processed 25000000 fragments so far

[2021-05-20 19:12:53.824] [fileLog] [info] quantification processed 26000000 fragments so far

[2021-05-20 19:12:58.087] [fileLog] [info] quantification processed 27000000 fragments so far

[2021-05-20 19:13:02.360] [fileLog] [info] quantification processed 28000000 fragments so far

[2021-05-20 19:13:06.592] [fileLog] [info] quantification processed 29000000 fragments so far

[2021-05-20 19:13:10.689] [fileLog] [info] quantification processed 30000000 fragments so far

[2021-05-20 19:13:14.893] [fileLog] [info] quantification processed 31000000 fragments so far

[2021-05-20 19:13:18.966] [fileLog] [info] quantification processed 32000000 fragments so far

[2021-05-20 19:13:23.215] [fileLog] [info] quantification processed 33000000 fragments so far

[2021-05-20 19:13:27.569] [fileLog] [info] quantification processed 34000000 fragments so far

[2021-05-20 19:13:31.668] [fileLog] [info] quantification processed 35000000 fragments so far

[2021-05-20 19:13:35.779] [fileLog] [info] quantification processed 36000000 fragments so far

[2021-05-20 19:13:39.352] [fileLog] [info] quantification processed 36878370 fragments so far

[2021-05-20 19:13:47.677] [jointLog] [info] Thread saw mini-batch with a maximum of 15.30% zero probability fragments
[2021-05-20 19:13:47.679] [jointLog] [info] Thread saw mini-batch with a maximum of 14.60% zero probability fragments
[2021-05-20 19:13:47.685] [jointLog] [info] Thread saw mini-batch with a maximum of 15.30% zero probability fragments
[2021-05-20 19:13:47.686] [jointLog] [info] 


Completed first pass through the alignment file.
Total # of mapped reads : 36878370
# of uniquely mapped reads : 13271582
# ambiguously mapped reads : 23606788



[2021-05-20 19:13:47.858] [jointLog] [info] Computed 221246 rich equivalence classes for further processing
[2021-05-20 19:13:47.858] [jointLog] [info] Counted 36699252 total reads in the equivalence classes 
[2021-05-20 19:13:47.861] [jointLog] [info] starting optimizer
[2021-05-20 19:13:47.980] [jointLog] [info] Marked 0 weighted equivalence classes as degenerate
[2021-05-20 19:13:47.999] [jointLog] [info] iteration = 0 | max rel diff. = 6591.83
[2021-05-20 19:13:49.726] [jointLog] [info] iteration = 100 | max rel diff. = 20.598
[2021-05-20 19:13:51.473] [jointLog] [info] iteration = 200 | max rel diff. = 13.8421
[2021-05-20 19:13:53.223] [jointLog] [info] iteration = 300 | max rel diff. = 1.41424
[2021-05-20 19:13:54.971] [jointLog] [info] iteration = 400 | max rel diff. = 16.3804
[2021-05-20 19:13:56.744] [jointLog] [info] iteration = 500 | max rel diff. = 0.360592
[2021-05-20 19:13:58.498] [jointLog] [info] iteration = 600 | max rel diff. = 0.52357
[2021-05-20 19:14:00.248] [jointLog] [info] iteration = 700 | max rel diff. = 0.696726
[2021-05-20 19:14:02.001] [jointLog] [info] iteration = 800 | max rel diff. = 0.454879
[2021-05-20 19:14:03.724] [jointLog] [info] iteration = 900 | max rel diff. = 1.71742
[2021-05-20 19:14:05.478] [jointLog] [info] iteration = 1000 | max rel diff. = 0.331633
[2021-05-20 19:14:07.215] [jointLog] [info] iteration = 1100 | max rel diff. = 0.128504
[2021-05-20 19:14:08.947] [jointLog] [info] iteration = 1200 | max rel diff. = 0.0503154
[2021-05-20 19:14:10.656] [jointLog] [info] iteration = 1300 | max rel diff. = 0.0358994
[2021-05-20 19:14:12.420] [jointLog] [info] iteration = 1400 | max rel diff. = 1.23422
[2021-05-20 19:14:14.172] [jointLog] [info] iteration = 1500 | max rel diff. = 1.28555
[2021-05-20 19:14:15.920] [jointLog] [info] iteration = 1600 | max rel diff. = 0.0346695
[2021-05-20 19:14:17.631] [jointLog] [info] iteration = 1700 | max rel diff. = 0.380674
[2021-05-20 19:14:17.716] [jointLog] [info] iteration = 1705 | max rel diff. = 0.00733301
[2021-05-20 19:14:17.758] [jointLog] [info] finished optimizer
[2021-05-20 19:14:17.758] [jointLog] [info] writing output
[2021-05-20 19:14:20.011] [jointLog] [info] Computing gene-level abundance estimates
[2021-05-20 19:14:53.313] [jointLog] [warning] Feature has no GFF ID
[2021-05-20 19:14:53.313] [jointLog] [warning] Feature has no GFF ID
[2021-05-20 19:14:53.313] [jointLog] [warning] Feature has no GFF ID
[2021-05-20 19:14:53.313] [jointLog] [warning] Feature has no GFF ID
[2021-05-20 19:14:53.313] [jointLog] [warning] Feature has no GFF ID
[2021-05-20 19:14:53.313] [jointLog] [warning] Feature has no GFF ID
[2021-05-20 19:14:53.313] [jointLog] [warning] Feature has no GFF ID
[2021-05-20 19:14:53.313] [jointLog] [warning] Feature has no GFF ID
[2021-05-20 19:14:53.313] [jointLog] [warning] Feature has no GFF ID
[2021-05-20 19:14:53.313] [jointLog] [warning] Feature has no GFF ID
[2021-05-20 19:14:53.313] [jointLog] [warning] Feature has no GFF ID
[2021-05-20 19:14:53.313] [jointLog] [warning] Feature has no GFF ID
[2021-05-20 19:14:53.313] [jointLog] [warning] Feature has no GFF ID
[2021-05-20 19:14:53.313] [jointLog] [warning] Feature has no GFF ID
[2021-05-20 19:14:53.313] [jointLog] [warning] Feature has no GFF ID
[2021-05-20 19:14:53.313] [jointLog] [warning] Feature has no GFF ID
[2021-05-20 19:14:53.313] [jointLog] [warning] Feature has no GFF ID
[2021-05-20 19:14:53.313] [jointLog] [warning] Feature has no GFF ID
[2021-05-20 19:14:53.313] [jointLog] [warning] Feature has no GFF ID
[2021-05-20 19:14:53.313] [jointLog] [warning] Feature has no GFF ID
[2021-05-20 19:14:53.313] [jointLog] [warning] Feature has no GFF ID
[2021-05-20 19:14:53.313] [jointLog] [warning] Feature has no GFF ID
[2021-05-20 19:14:53.313] [jointLog] [warning] Feature has no GFF ID
[2021-05-20 19:14:53.313] [jointLog] [warning] Feature has no GFF ID
[2021-05-20 19:14:53.313] [jointLog] [warning] Feature has no GFF ID
[2021-05-20 19:14:53.313] [jointLog] [warning] Feature has no GFF ID
[2021-05-20 19:14:53.313] [jointLog] [warning] Feature has no GFF ID
[2021-05-20 19:14:53.313] [jointLog] [warning] Feature has no GFF ID
[2021-05-20 19:14:53.314] [jointLog] [warning] Feature has no GFF ID
[2021-05-20 19:14:53.314] [jointLog] [warning] Feature has no GFF ID
[2021-05-20 19:14:53.314] [jointLog] [warning] Feature has no GFF ID
[2021-05-20 19:14:53.314] [jointLog] [warning] Feature has no GFF ID
[2021-05-20 19:14:53.314] [jointLog] [warning] Feature has no GFF ID
[2021-05-20 19:14:53.314] [jointLog] [warning] Feature has no GFF ID
[2021-05-20 19:14:53.314] [jointLog] [warning] Feature has no GFF ID
[2021-05-20 19:14:53.314] [jointLog] [warning] Feature has no GFF ID
[2021-05-20 19:14:53.314] [jointLog] [warning] Feature has no GFF ID
[2021-05-20 19:14:53.314] [jointLog] [warning] Feature has no GFF ID
[2021-05-20 19:14:53.314] [jointLog] [warning] Feature has no GFF ID
[2021-05-20 19:14:53.314] [jointLog] [warning] Feature has no GFF ID
[2021-05-20 19:14:53.314] [jointLog] [warning] Feature has no GFF ID
[2021-05-20 19:14:53.314] [jointLog] [warning] Feature has no GFF ID
[2021-05-20 19:14:53.314] [jointLog] [warning] Feature has no GFF ID
[2021-05-20 19:14:53.314] [jointLog] [warning] Feature has no GFF ID
[2021-05-20 19:14:53.314] [jointLog] [warning] Feature has no GFF ID
[2021-05-20 19:14:53.314] [jointLog] [warning] Feature has no GFF ID
[2021-05-20 19:14:53.314] [jointLog] [warning] Feature has no GFF ID
[2021-05-20 19:14:53.314] [jointLog] [warning] Feature has no GFF ID
[2021-05-20 19:14:53.314] [jointLog] [warning] Feature has no GFF ID
[2021-05-20 19:14:53.314] [jointLog] [warning] Feature has no GFF ID
[2021-05-20 19:14:53.314] [jointLog] [warning] Feature has no GFF ID
[2021-05-20 19:14:53.314] [jointLog] [warning] Feature has no GFF ID
[2021-05-20 19:14:53.314] [jointLog] [warning] Feature has no GFF ID
[2021-05-20 19:14:53.314] [jointLog] [warning] Feature has no GFF ID
[2021-05-20 19:14:53.314] [jointLog] [warning] Feature has no GFF ID
[2021-05-20 19:14:53.314] [jointLog] [warning] Feature has no GFF ID
[2021-05-20 19:14:53.314] [jointLog] [warning] Feature has no GFF ID
[2021-05-20 19:14:53.314] [jointLog] [warning] Feature has no GFF ID
[2021-05-20 19:14:53.314] [jointLog] [warning] Feature has no GFF ID
[2021-05-20 19:14:53.314] [jointLog] [warning] Feature has no GFF ID
[2021-05-20 19:14:53.314] [jointLog] [warning] Feature has no GFF ID
[2021-05-20 19:14:53.314] [jointLog] [warning] Feature has no GFF ID
[2021-05-20 19:14:53.314] [jointLog] [warning] Feature has no GFF ID
[2021-05-20 19:14:53.314] [jointLog] [warning] Feature has no GFF ID
[2021-05-20 19:14:53.314] [jointLog] [warning] Feature has no GFF ID
[2021-05-20 19:14:53.314] [jointLog] [warning] Feature has no GFF ID
[2021-05-20 19:14:53.314] [jointLog] [warning] Feature has no GFF ID
[2021-05-20 19:14:53.314] [jointLog] [warning] Feature has no GFF ID
[2021-05-20 19:14:53.314] [jointLog] [warning] Feature has no GFF ID
[2021-05-20 19:14:53.314] [jointLog] [warning] Feature has no GFF ID
[2021-05-20 19:14:53.314] [jointLog] [warning] Feature has no GFF ID
[2021-05-20 19:14:53.314] [jointLog] [warning] Feature has no GFF ID
[2021-05-20 19:14:53.314] [jointLog] [warning] Feature has no GFF ID
[2021-05-20 19:14:53.314] [jointLog] [warning] Feature has no GFF ID
[2021-05-20 19:14:53.314] [jointLog] [warning] Feature has no GFF ID
[2021-05-20 19:14:53.314] [jointLog] [warning] Feature has no GFF ID
[2021-05-20 19:14:53.314] [jointLog] [warning] Feature has no GFF ID
[2021-05-20 19:14:53.314] [jointLog] [warning] Feature has no GFF ID
[2021-05-20 19:14:53.314] [jointLog] [warning] Feature has no GFF ID
[2021-05-20 19:14:53.314] [jointLog] [warning] Feature has no GFF ID
[2021-05-20 19:14:53.314] [jointLog] [warning] Feature has no GFF ID
[2021-05-20 19:14:53.314] [jointLog] [warning] Feature has no GFF ID
[2021-05-20 19:14:53.314] [jointLog] [warning] Feature has no GFF ID
[2021-05-20 19:14:53.314] [jointLog] [warning] Feature has no GFF ID
[2021-05-20 19:14:53.314] [jointLog] [warning] Feature has no GFF ID
[2021-05-20 19:14:53.314] [jointLog] [warning] Feature has no GFF ID
[2021-05-20 19:14:53.314] [jointLog] [warning] Feature has no GFF ID
[2021-05-20 19:14:53.314] [jointLog] [warning] Feature has no GFF ID
[2021-05-20 19:14:53.314] [jointLog] [warning] Feature has no GFF ID
[2021-05-20 19:14:53.314] [jointLog] [warning] Feature has no GFF ID
[2021-05-20 19:14:53.314] [jointLog] [warning] Feature has no GFF ID
[2021-05-20 19:14:53.314] [jointLog] [warning] Feature has no GFF ID
[2021-05-20 19:14:53.729] [jointLog] [info] There were 142604 transcripts mapping to 55401 genes
[2021-05-20 19:14:53.729] [jointLog] [info] NOTE: We recommend using tximport (https://bioconductor.org/packages/release/bioc/html/tximport.html) for aggregating transcript-level salmon abundance estimates to the gene level.  It is more versatile, exposes more features, and allows considering multi-sample information during aggregation.
[2021-05-20 19:14:54.114] [jointLog] [warning] couldn't find transcript named [DQ459430] in transcript <-> gene map; returning transcript as it's own gene
[2021-05-20 19:14:54.114] [jointLog] [warning] couldn't find transcript named [DQ516784] in transcript <-> gene map; returning transcript as it's own gene
[2021-05-20 19:14:54.114] [jointLog] [warning] couldn't find transcript named [DQ516752] in transcript <-> gene map; returning transcript as it's own gene
[2021-05-20 19:14:54.114] [jointLog] [warning] couldn't find transcript named [DQ668364] in transcript <-> gene map; returning transcript as it's own gene
[2021-05-20 19:14:54.114] [jointLog] [warning] couldn't find transcript named [DQ883670] in transcript <-> gene map; returning transcript as it's own gene
[2021-05-20 19:14:54.114] [jointLog] [warning] couldn't find transcript named [EF011062] in transcript <-> gene map; returning transcript as it's own gene
[2021-05-20 19:14:54.114] [jointLog] [warning] couldn't find transcript named [DQ875385] in transcript <-> gene map; returning transcript as it's own gene
[2021-05-20 19:14:54.114] [jointLog] [warning] couldn't find transcript named [DQ883664] in transcript <-> gene map; returning transcript as it's own gene
[2021-05-20 19:14:54.114] [jointLog] [warning] couldn't find transcript named [DQ459420] in transcript <-> gene map; returning transcript as it's own gene
[2021-05-20 19:14:54.114] [jointLog] [warning] couldn't find transcript named [DQ883651] in transcript <-> gene map; returning transcript as it's own gene
[2021-05-20 19:14:54.114] [jointLog] [warning] couldn't find transcript named [DQ855004] in transcript <-> gene map; returning transcript as it's own gene
[2021-05-20 19:14:54.114] [jointLog] [warning] couldn't find transcript named [DQ854993] in transcript <-> gene map; returning transcript as it's own gene
[2021-05-20 19:14:54.114] [jointLog] [warning] couldn't find transcript named [DQ883689] in transcript <-> gene map; returning transcript as it's own gene
[2021-05-20 19:14:54.114] [jointLog] [warning] couldn't find transcript named [DQ459419] in transcript <-> gene map; returning transcript as it's own gene
[2021-05-20 19:14:54.114] [jointLog] [warning] couldn't find transcript named [DQ459431] in transcript <-> gene map; returning transcript as it's own gene
[2021-05-20 19:14:54.114] [jointLog] [warning] couldn't find transcript named [DQ516796] in transcript <-> gene map; returning transcript as it's own gene
[2021-05-20 19:14:54.114] [jointLog] [warning] couldn't find transcript named [DQ855001] in transcript <-> gene map; returning transcript as it's own gene
[2021-05-20 19:14:54.114] [jointLog] [warning] couldn't find transcript named [DQ459413] in transcript <-> gene map; returning transcript as it's own gene
[2021-05-20 19:14:54.114] [jointLog] [warning] couldn't find transcript named [DQ883656] in transcript <-> gene map; returning transcript as it's own gene
[2021-05-20 19:14:54.114] [jointLog] [warning] couldn't find transcript named [DQ883661] in transcript <-> gene map; returning transcript as it's own gene
[2021-05-20 19:14:54.114] [jointLog] [warning] couldn't find transcript named [EF011069] in transcript <-> gene map; returning transcript as it's own gene
[2021-05-20 19:14:54.114] [jointLog] [warning] couldn't find transcript named [DQ516783] in transcript <-> gene map; returning transcript as it's own gene
[2021-05-20 19:14:54.114] [jointLog] [warning] couldn't find transcript named [DQ516787] in transcript <-> gene map; returning transcript as it's own gene
[2021-05-20 19:14:54.114] [jointLog] [warning] couldn't find transcript named [DQ459424] in transcript <-> gene map; returning transcript as it's own gene
[2021-05-20 19:14:54.114] [jointLog] [warning] couldn't find transcript named [DQ516748] in transcript <-> gene map; returning transcript as it's own gene
[2021-05-20 19:14:54.114] [jointLog] [warning] couldn't find transcript named [DQ883671] in transcript <-> gene map; returning transcript as it's own gene
[2021-05-20 19:14:54.114] [jointLog] [warning] couldn't find transcript named [DQ516740] in transcript <-> gene map; returning transcript as it's own gene
[2021-05-20 19:14:54.114] [jointLog] [warning] couldn't find transcript named [DQ516785] in transcript <-> gene map; returning transcript as it's own gene
[2021-05-20 19:14:54.114] [jointLog] [warning] couldn't find transcript named [DQ516731] in transcript <-> gene map; returning transcript as it's own gene
[2021-05-20 19:14:54.114] [jointLog] [warning] couldn't find transcript named [DQ668366] in transcript <-> gene map; returning transcript as it's own gene
[2021-05-20 19:14:54.114] [jointLog] [warning] couldn't find transcript named [DQ459418] in transcript <-> gene map; returning transcript as it's own gene
[2021-05-20 19:14:54.114] [jointLog] [warning] couldn't find transcript named [DQ668356] in transcript <-> gene map; returning transcript as it's own gene
[2021-05-20 19:14:54.114] [jointLog] [warning] couldn't find transcript named [DQ516763] in transcript <-> gene map; returning transcript as it's own gene
[2021-05-20 19:14:54.114] [jointLog] [warning] couldn't find transcript named [DQ459426] in transcript <-> gene map; returning transcript as it's own gene
[2021-05-20 19:14:54.114] [jointLog] [warning] couldn't find transcript named [DQ516786] in transcript <-> gene map; returning transcript as it's own gene
[2021-05-20 19:14:54.114] [jointLog] [warning] couldn't find transcript named [DQ883653] in transcript <-> gene map; returning transcript as it's own gene
[2021-05-20 19:14:54.114] [jointLog] [warning] couldn't find transcript named [DQ459421] in transcript <-> gene map; returning transcript as it's own gene
[2021-05-20 19:14:54.114] [jointLog] [warning] couldn't find transcript named [DQ883654] in transcript <-> gene map; returning transcript as it's own gene
[2021-05-20 19:14:54.114] [jointLog] [warning] couldn't find transcript named [DQ668358] in transcript <-> gene map; returning transcript as it's own gene
[2021-05-20 19:14:54.114] [jointLog] [warning] couldn't find transcript named [DQ516754] in transcript <-> gene map; returning transcript as it's own gene
[2021-05-20 19:14:54.114] [jointLog] [warning] couldn't find transcript named [DQ516778] in transcript <-> gene map; returning transcript as it's own gene
[2021-05-20 19:14:54.114] [jointLog] [warning] couldn't find transcript named [DQ883650] in transcript <-> gene map; returning transcript as it's own gene
[2021-05-20 19:14:54.114] [jointLog] [warning] couldn't find transcript named [DQ516742] in transcript <-> gene map; returning transcript as it's own gene
[2021-05-20 19:14:54.114] [jointLog] [warning] couldn't find transcript named [DQ883673] in transcript <-> gene map; returning transcript as it's own gene
[2021-05-20 19:14:54.114] [jointLog] [warning] couldn't find transcript named [DQ883652] in transcript <-> gene map; returning transcript as it's own gene
[2021-05-20 19:14:54.114] [jointLog] [warning] couldn't find transcript named [DQ854991] in transcript <-> gene map; returning transcript as it's own gene
[2021-05-20 19:14:54.114] [jointLog] [warning] couldn't find transcript named [DQ516780] in transcript <-> gene map; returning transcript as it's own gene
[2021-05-20 19:14:54.114] [jointLog] [warning] couldn't find transcript named [DQ883682] in transcript <-> gene map; returning transcript as it's own gene
[2021-05-20 19:14:54.114] [jointLog] [warning] couldn't find transcript named [DQ883669] in transcript <-> gene map; returning transcript as it's own gene
[2021-05-20 19:14:54.114] [jointLog] [warning] couldn't find transcript named [DQ516791] in transcript <-> gene map; returning transcript as it's own gene
[2021-05-20 19:14:54.114] [jointLog] [warning] couldn't find transcript named [DQ459425] in transcript <-> gene map; returning transcript as it's own gene
[2021-05-20 19:14:54.114] [jointLog] [warning] couldn't find transcript named [DQ516759] in transcript <-> gene map; returning transcript as it's own gene
[2021-05-20 19:14:54.114] [jointLog] [warning] couldn't find transcript named [DQ459429] in transcript <-> gene map; returning transcript as it's own gene
[2021-05-20 19:14:54.114] [jointLog] [warning] couldn't find transcript named [DQ516758] in transcript <-> gene map; returning transcript as it's own gene
[2021-05-20 19:14:54.114] [jointLog] [warning] couldn't find transcript named [DQ459415] in transcript <-> gene map; returning transcript as it's own gene
[2021-05-20 19:14:54.114] [jointLog] [warning] couldn't find transcript named [DQ875387] in transcript <-> gene map; returning transcript as it's own gene
[2021-05-20 19:14:54.114] [jointLog] [warning] couldn't find transcript named [DQ516815] in transcript <-> gene map; returning transcript as it's own gene
[2021-05-20 19:14:54.114] [jointLog] [warning] couldn't find transcript named [DQ668365] in transcript <-> gene map; returning transcript as it's own gene
[2021-05-20 19:14:54.114] [jointLog] [warning] couldn't find transcript named [DQ854998] in transcript <-> gene map; returning transcript as it's own gene
[2021-05-20 19:14:54.114] [jointLog] [warning] couldn't find transcript named [DQ883685] in transcript <-> gene map; returning transcript as it's own gene
[2021-05-20 19:14:54.114] [jointLog] [warning] couldn't find transcript named [DQ459422] in transcript <-> gene map; returning transcript as it's own gene
[2021-05-20 19:14:54.114] [jointLog] [warning] couldn't find transcript named [DQ883663] in transcript <-> gene map; returning transcript as it's own gene
[2021-05-20 19:14:54.114] [jointLog] [warning] couldn't find transcript named [DQ668367] in transcript <-> gene map; returning transcript as it's own gene
[2021-05-20 19:14:54.114] [jointLog] [warning] couldn't find transcript named [DQ459412] in transcript <-> gene map; returning transcript as it's own gene
[2021-05-20 19:14:54.114] [jointLog] [warning] couldn't find transcript named [DQ854992] in transcript <-> gene map; returning transcript as it's own gene
[2021-05-20 19:14:54.114] [jointLog] [warning] couldn't find transcript named [DQ516782] in transcript <-> gene map; returning transcript as it's own gene
[2021-05-20 19:14:54.114] [jointLog] [warning] couldn't find transcript named [DQ459427] in transcript <-> gene map; returning transcript as it's own gene
[2021-05-20 19:14:54.114] [jointLog] [warning] couldn't find transcript named [EF011072] in transcript <-> gene map; returning transcript as it's own gene
[2021-05-20 19:14:54.114] [jointLog] [warning] couldn't find transcript named [DQ855003] in transcript <-> gene map; returning transcript as it's own gene
[2021-05-20 19:14:54.114] [jointLog] [warning] couldn't find transcript named [DQ516739] in transcript <-> gene map; returning transcript as it's own gene
[2021-05-20 19:14:54.114] [jointLog] [warning] couldn't find transcript named [EF011063] in transcript <-> gene map; returning transcript as it's own gene
[2021-05-20 19:14:54.114] [jointLog] [warning] couldn't find transcript named [DQ855000] in transcript <-> gene map; returning transcript as it's own gene
[2021-05-20 19:14:54.114] [jointLog] [warning] couldn't find transcript named [DQ516777] in transcript <-> gene map; returning transcript as it's own gene
[2021-05-20 19:14:54.114] [jointLog] [warning] couldn't find transcript named [DQ883646] in transcript <-> gene map; returning transcript as it's own gene
[2021-05-20 19:14:54.114] [jointLog] [warning] couldn't find transcript named [DQ668362] in transcript <-> gene map; returning transcript as it's own gene
[2021-05-20 19:14:54.114] [jointLog] [warning] couldn't find transcript named [DQ854995] in transcript <-> gene map; returning transcript as it's own gene
[2021-05-20 19:14:54.114] [jointLog] [warning] couldn't find transcript named [DQ875386] in transcript <-> gene map; returning transcript as it's own gene
[2021-05-20 19:14:54.114] [jointLog] [warning] couldn't find transcript named [DQ516790] in transcript <-> gene map; returning transcript as it's own gene
[2021-05-20 19:14:54.114] [jointLog] [warning] couldn't find transcript named [DQ883642] in transcript <-> gene map; returning transcript as it's own gene
[2021-05-20 19:14:54.114] [jointLog] [warning] couldn't find transcript named [DQ883659] in transcript <-> gene map; returning transcript as it's own gene
[2021-05-20 19:14:54.114] [jointLog] [warning] couldn't find transcript named [DQ854997] in transcript <-> gene map; returning transcript as it's own gene
[2021-05-20 19:14:54.114] [jointLog] [warning] couldn't find transcript named [DQ883643] in transcript <-> gene map; returning transcript as it's own gene
[2021-05-20 19:14:54.114] [jointLog] [warning] couldn't find transcript named [DQ839618] in transcript <-> gene map; returning transcript as it's own gene
[2021-05-20 19:14:54.114] [jointLog] [warning] couldn't find transcript named [DQ516795] in transcript <-> gene map; returning transcript as it's own gene
[2021-05-20 19:14:54.114] [jointLog] [warning] couldn't find transcript named [DQ883658] in transcript <-> gene map; returning transcript as it's own gene
[2021-05-20 19:14:54.114] [jointLog] [warning] couldn't find transcript named [DQ516750] in transcript <-> gene map; returning transcript as it's own gene
[2021-05-20 19:14:54.114] [jointLog] [warning] couldn't find transcript named [DQ668359] in transcript <-> gene map; returning transcript as it's own gene
[2021-05-20 19:14:54.114] [jointLog] [warning] couldn't find transcript named [DQ516779] in transcript <-> gene map; returning transcript as it's own gene
[2021-05-20 19:14:54.114] [jointLog] [warning] couldn't find transcript named [DQ668363] in transcript <-> gene map; returning transcript as it's own gene
[2021-05-20 19:14:54.114] [jointLog] [warning] couldn't find transcript named [DQ516776] in transcript <-> gene map; returning transcript as it's own gene
[2021-05-20 19:14:54.114] [jointLog] [warning] couldn't find transcript named [DQ516773] in transcript <-> gene map; returning transcript as it's own gene
[2021-05-20 19:14:54.114] [jointLog] [warning] couldn't find transcript named [DQ854994] in transcript <-> gene map; returning transcript as it's own gene
[2021-05-20 19:14:54.114] [jointLog] [info] Aggregating expressions to gene level
[2021-05-20 19:14:54.302] [jointLog] [info] done
