[2021-05-20 19:17:52.374] [jointLog] [info] setting maxHashResizeThreads to 6
[2021-05-20 19:17:52.374] [jointLog] [info] Fragment incompatibility prior below threshold.  Incompatible fragments will be ignored.
[2021-05-20 19:17:52.376] [jointLog] [info] numQuantThreads = 3
[2021-05-20 19:17:57.026] [fileLog] [info] quantification processed 0 fragments so far

[2021-05-20 19:17:56.712] [jointLog] [info] replaced 4 non-ACGT nucleotides with random nucleotides
[2021-05-20 19:18:00.023] [fileLog] [info] quantification processed 1000000 fragments so far

[2021-05-20 19:18:03.268] [fileLog] [info] quantification processed 2000000 fragments so far

[2021-05-20 19:18:04.610] [jointLog] [info] 

The alignment group queue pool has been exhausted.  2992051 extra fragments were allocated on the heap to saturate the pool.  No new fragments will be allocated


[2021-05-20 19:18:13.925] [fileLog] [info] quantification processed 3000000 fragments so far

[2021-05-20 19:18:30.464] [fileLog] [info] quantification processed 4000000 fragments so far

[2021-05-20 19:18:46.885] [fileLog] [info] quantification processed 5000000 fragments so far

[2021-05-20 19:19:03.340] [fileLog] [info] quantification processed 6000000 fragments so far

[2021-05-20 19:19:19.744] [fileLog] [info] quantification processed 7000000 fragments so far

[2021-05-20 19:19:23.517] [fileLog] [info] quantification processed 8000000 fragments so far

[2021-05-20 19:19:27.208] [fileLog] [info] quantification processed 9000000 fragments so far

[2021-05-20 19:19:30.771] [fileLog] [info] quantification processed 10000000 fragments so far

[2021-05-20 19:19:34.392] [fileLog] [info] quantification processed 11000000 fragments so far

[2021-05-20 19:19:38.009] [fileLog] [info] quantification processed 12000000 fragments so far

[2021-05-20 19:19:41.643] [fileLog] [info] quantification processed 13000000 fragments so far

[2021-05-20 19:19:45.252] [fileLog] [info] quantification processed 14000000 fragments so far

[2021-05-20 19:19:48.894] [fileLog] [info] quantification processed 15000000 fragments so far

[2021-05-20 19:19:52.541] [fileLog] [info] quantification processed 16000000 fragments so far

[2021-05-20 19:19:56.182] [fileLog] [info] quantification processed 17000000 fragments so far

[2021-05-20 19:19:59.780] [fileLog] [info] quantification processed 18000000 fragments so far

[2021-05-20 19:20:03.384] [fileLog] [info] quantification processed 19000000 fragments so far

[2021-05-20 19:20:07.145] [fileLog] [info] quantification processed 20000000 fragments so far

[2021-05-20 19:20:10.707] [fileLog] [info] quantification processed 21000000 fragments so far

[2021-05-20 19:20:14.345] [fileLog] [info] quantification processed 22000000 fragments so far

[2021-05-20 19:20:17.987] [fileLog] [info] quantification processed 23000000 fragments so far

[2021-05-20 19:20:21.562] [fileLog] [info] quantification processed 24000000 fragments so far

[2021-05-20 19:20:25.238] [fileLog] [info] quantification processed 25000000 fragments so far

[2021-05-20 19:20:28.892] [fileLog] [info] quantification processed 26000000 fragments so far

[2021-05-20 19:20:32.551] [fileLog] [info] quantification processed 27000000 fragments so far

[2021-05-20 19:20:36.205] [fileLog] [info] quantification processed 28000000 fragments so far

[2021-05-20 19:20:39.881] [fileLog] [info] quantification processed 29000000 fragments so far

[2021-05-20 19:20:43.508] [fileLog] [info] quantification processed 30000000 fragments so far

[2021-05-20 19:20:47.148] [fileLog] [info] quantification processed 31000000 fragments so far

[2021-05-20 19:20:50.844] [fileLog] [info] quantification processed 32000000 fragments so far

[2021-05-20 19:20:54.554] [fileLog] [info] quantification processed 33000000 fragments so far

[2021-05-20 19:20:58.166] [fileLog] [info] quantification processed 34000000 fragments so far

[2021-05-20 19:21:01.822] [fileLog] [info] quantification processed 35000000 fragments so far

[2021-05-20 19:21:05.467] [fileLog] [info] quantification processed 36000000 fragments so far

[2021-05-20 19:21:09.163] [fileLog] [info] quantification processed 37000000 fragments so far

[2021-05-20 19:21:12.825] [fileLog] [info] quantification processed 38000000 fragments so far

[2021-05-20 19:21:16.459] [fileLog] [info] quantification processed 39000000 fragments so far

[2021-05-20 19:21:20.012] [fileLog] [info] quantification processed 40000000 fragments so far

[2021-05-20 19:21:21.608] [fileLog] [info] quantification processed 40411353 fragments so far

[2021-05-20 19:21:28.446] [jointLog] [info] Thread saw mini-batch with a maximum of 2.40% zero probability fragments
[2021-05-20 19:21:28.446] [jointLog] [info] Thread saw mini-batch with a maximum of 2.20% zero probability fragments
[2021-05-20 19:21:28.448] [jointLog] [info] Thread saw mini-batch with a maximum of 2.20% zero probability fragments
[2021-05-20 19:21:28.448] [jointLog] [info] 


Completed first pass through the alignment file.
Total # of mapped reads : 40411353
# of uniquely mapped reads : 15853307
# ambiguously mapped reads : 24558046



[2021-05-20 19:21:28.689] [jointLog] [info] Computed 263207 rich equivalence classes for further processing
[2021-05-20 19:21:28.689] [jointLog] [info] Counted 40117437 total reads in the equivalence classes 
[2021-05-20 19:21:28.691] [jointLog] [info] starting optimizer
[2021-05-20 19:21:28.795] [jointLog] [info] Marked 0 weighted equivalence classes as degenerate
[2021-05-20 19:21:28.811] [jointLog] [info] iteration = 0 | max rel diff. = 5406.2
[2021-05-20 19:21:30.337] [jointLog] [info] iteration = 100 | max rel diff. = 12.3375
[2021-05-20 19:21:31.862] [jointLog] [info] iteration = 200 | max rel diff. = 6.46194
[2021-05-20 19:21:33.362] [jointLog] [info] iteration = 300 | max rel diff. = 0.895759
[2021-05-20 19:21:34.857] [jointLog] [info] iteration = 400 | max rel diff. = 0.251691
[2021-05-20 19:21:36.368] [jointLog] [info] iteration = 500 | max rel diff. = 2.06626
[2021-05-20 19:21:37.859] [jointLog] [info] iteration = 600 | max rel diff. = 8.68075
[2021-05-20 19:21:39.346] [jointLog] [info] iteration = 700 | max rel diff. = 10.1073
[2021-05-20 19:21:40.853] [jointLog] [info] iteration = 800 | max rel diff. = 0.961542
[2021-05-20 19:21:42.340] [jointLog] [info] iteration = 900 | max rel diff. = 0.123026
[2021-05-20 19:21:43.827] [jointLog] [info] iteration = 1000 | max rel diff. = 2.16019
[2021-05-20 19:21:45.319] [jointLog] [info] iteration = 1100 | max rel diff. = 0.170259
[2021-05-20 19:21:46.847] [jointLog] [info] iteration = 1200 | max rel diff. = 5.49881
[2021-05-20 19:21:48.377] [jointLog] [info] iteration = 1300 | max rel diff. = 0.339273
[2021-05-20 19:21:49.908] [jointLog] [info] iteration = 1400 | max rel diff. = 0.31343
[2021-05-20 19:21:51.443] [jointLog] [info] iteration = 1500 | max rel diff. = 0.0740828
[2021-05-20 19:21:52.979] [jointLog] [info] iteration = 1600 | max rel diff. = 0.0486541
[2021-05-20 19:21:54.509] [jointLog] [info] iteration = 1700 | max rel diff. = 0.233189
[2021-05-20 19:21:55.288] [jointLog] [info] iteration = 1752 | max rel diff. = 0.00882763
[2021-05-20 19:21:55.320] [jointLog] [info] finished optimizer
[2021-05-20 19:21:55.320] [jointLog] [info] writing output
[2021-05-20 19:21:57.182] [jointLog] [info] Computing gene-level abundance estimates
[2021-05-20 19:22:28.481] [jointLog] [warning] Feature has no GFF ID
[2021-05-20 19:22:28.481] [jointLog] [warning] Feature has no GFF ID
[2021-05-20 19:22:28.481] [jointLog] [warning] Feature has no GFF ID
[2021-05-20 19:22:28.481] [jointLog] [warning] Feature has no GFF ID
[2021-05-20 19:22:28.481] [jointLog] [warning] Feature has no GFF ID
[2021-05-20 19:22:28.481] [jointLog] [warning] Feature has no GFF ID
[2021-05-20 19:22:28.481] [jointLog] [warning] Feature has no GFF ID
[2021-05-20 19:22:28.481] [jointLog] [warning] Feature has no GFF ID
[2021-05-20 19:22:28.481] [jointLog] [warning] Feature has no GFF ID
[2021-05-20 19:22:28.481] [jointLog] [warning] Feature has no GFF ID
[2021-05-20 19:22:28.481] [jointLog] [warning] Feature has no GFF ID
[2021-05-20 19:22:28.481] [jointLog] [warning] Feature has no GFF ID
[2021-05-20 19:22:28.481] [jointLog] [warning] Feature has no GFF ID
[2021-05-20 19:22:28.481] [jointLog] [warning] Feature has no GFF ID
[2021-05-20 19:22:28.481] [jointLog] [warning] Feature has no GFF ID
[2021-05-20 19:22:28.481] [jointLog] [warning] Feature has no GFF ID
[2021-05-20 19:22:28.481] [jointLog] [warning] Feature has no GFF ID
[2021-05-20 19:22:28.481] [jointLog] [warning] Feature has no GFF ID
[2021-05-20 19:22:28.481] [jointLog] [warning] Feature has no GFF ID
[2021-05-20 19:22:28.481] [jointLog] [warning] Feature has no GFF ID
[2021-05-20 19:22:28.481] [jointLog] [warning] Feature has no GFF ID
[2021-05-20 19:22:28.481] [jointLog] [warning] Feature has no GFF ID
[2021-05-20 19:22:28.481] [jointLog] [warning] Feature has no GFF ID
[2021-05-20 19:22:28.481] [jointLog] [warning] Feature has no GFF ID
[2021-05-20 19:22:28.481] [jointLog] [warning] Feature has no GFF ID
[2021-05-20 19:22:28.481] [jointLog] [warning] Feature has no GFF ID
[2021-05-20 19:22:28.481] [jointLog] [warning] Feature has no GFF ID
[2021-05-20 19:22:28.481] [jointLog] [warning] Feature has no GFF ID
[2021-05-20 19:22:28.481] [jointLog] [warning] Feature has no GFF ID
[2021-05-20 19:22:28.481] [jointLog] [warning] Feature has no GFF ID
[2021-05-20 19:22:28.481] [jointLog] [warning] Feature has no GFF ID
[2021-05-20 19:22:28.481] [jointLog] [warning] Feature has no GFF ID
[2021-05-20 19:22:28.481] [jointLog] [warning] Feature has no GFF ID
[2021-05-20 19:22:28.481] [jointLog] [warning] Feature has no GFF ID
[2021-05-20 19:22:28.481] [jointLog] [warning] Feature has no GFF ID
[2021-05-20 19:22:28.481] [jointLog] [warning] Feature has no GFF ID
[2021-05-20 19:22:28.481] [jointLog] [warning] Feature has no GFF ID
[2021-05-20 19:22:28.481] [jointLog] [warning] Feature has no GFF ID
[2021-05-20 19:22:28.481] [jointLog] [warning] Feature has no GFF ID
[2021-05-20 19:22:28.481] [jointLog] [warning] Feature has no GFF ID
[2021-05-20 19:22:28.481] [jointLog] [warning] Feature has no GFF ID
[2021-05-20 19:22:28.481] [jointLog] [warning] Feature has no GFF ID
[2021-05-20 19:22:28.481] [jointLog] [warning] Feature has no GFF ID
[2021-05-20 19:22:28.481] [jointLog] [warning] Feature has no GFF ID
[2021-05-20 19:22:28.481] [jointLog] [warning] Feature has no GFF ID
[2021-05-20 19:22:28.481] [jointLog] [warning] Feature has no GFF ID
[2021-05-20 19:22:28.481] [jointLog] [warning] Feature has no GFF ID
[2021-05-20 19:22:28.481] [jointLog] [warning] Feature has no GFF ID
[2021-05-20 19:22:28.481] [jointLog] [warning] Feature has no GFF ID
[2021-05-20 19:22:28.481] [jointLog] [warning] Feature has no GFF ID
[2021-05-20 19:22:28.481] [jointLog] [warning] Feature has no GFF ID
[2021-05-20 19:22:28.481] [jointLog] [warning] Feature has no GFF ID
[2021-05-20 19:22:28.481] [jointLog] [warning] Feature has no GFF ID
[2021-05-20 19:22:28.481] [jointLog] [warning] Feature has no GFF ID
[2021-05-20 19:22:28.481] [jointLog] [warning] Feature has no GFF ID
[2021-05-20 19:22:28.481] [jointLog] [warning] Feature has no GFF ID
[2021-05-20 19:22:28.481] [jointLog] [warning] Feature has no GFF ID
[2021-05-20 19:22:28.481] [jointLog] [warning] Feature has no GFF ID
[2021-05-20 19:22:28.481] [jointLog] [warning] Feature has no GFF ID
[2021-05-20 19:22:28.481] [jointLog] [warning] Feature has no GFF ID
[2021-05-20 19:22:28.481] [jointLog] [warning] Feature has no GFF ID
[2021-05-20 19:22:28.481] [jointLog] [warning] Feature has no GFF ID
[2021-05-20 19:22:28.481] [jointLog] [warning] Feature has no GFF ID
[2021-05-20 19:22:28.481] [jointLog] [warning] Feature has no GFF ID
[2021-05-20 19:22:28.481] [jointLog] [warning] Feature has no GFF ID
[2021-05-20 19:22:28.481] [jointLog] [warning] Feature has no GFF ID
[2021-05-20 19:22:28.481] [jointLog] [warning] Feature has no GFF ID
[2021-05-20 19:22:28.481] [jointLog] [warning] Feature has no GFF ID
[2021-05-20 19:22:28.481] [jointLog] [warning] Feature has no GFF ID
[2021-05-20 19:22:28.481] [jointLog] [warning] Feature has no GFF ID
[2021-05-20 19:22:28.481] [jointLog] [warning] Feature has no GFF ID
[2021-05-20 19:22:28.481] [jointLog] [warning] Feature has no GFF ID
[2021-05-20 19:22:28.481] [jointLog] [warning] Feature has no GFF ID
[2021-05-20 19:22:28.481] [jointLog] [warning] Feature has no GFF ID
[2021-05-20 19:22:28.481] [jointLog] [warning] Feature has no GFF ID
[2021-05-20 19:22:28.481] [jointLog] [warning] Feature has no GFF ID
[2021-05-20 19:22:28.481] [jointLog] [warning] Feature has no GFF ID
[2021-05-20 19:22:28.481] [jointLog] [warning] Feature has no GFF ID
[2021-05-20 19:22:28.481] [jointLog] [warning] Feature has no GFF ID
[2021-05-20 19:22:28.481] [jointLog] [warning] Feature has no GFF ID
[2021-05-20 19:22:28.481] [jointLog] [warning] Feature has no GFF ID
[2021-05-20 19:22:28.481] [jointLog] [warning] Feature has no GFF ID
[2021-05-20 19:22:28.481] [jointLog] [warning] Feature has no GFF ID
[2021-05-20 19:22:28.481] [jointLog] [warning] Feature has no GFF ID
[2021-05-20 19:22:28.481] [jointLog] [warning] Feature has no GFF ID
[2021-05-20 19:22:28.481] [jointLog] [warning] Feature has no GFF ID
[2021-05-20 19:22:28.481] [jointLog] [warning] Feature has no GFF ID
[2021-05-20 19:22:28.481] [jointLog] [warning] Feature has no GFF ID
[2021-05-20 19:22:28.481] [jointLog] [warning] Feature has no GFF ID
[2021-05-20 19:22:28.481] [jointLog] [warning] Feature has no GFF ID
[2021-05-20 19:22:28.481] [jointLog] [warning] Feature has no GFF ID
[2021-05-20 19:22:28.481] [jointLog] [warning] Feature has no GFF ID
[2021-05-20 19:22:28.844] [jointLog] [info] There were 142604 transcripts mapping to 55401 genes
[2021-05-20 19:22:28.844] [jointLog] [info] NOTE: We recommend using tximport (https://bioconductor.org/packages/release/bioc/html/tximport.html) for aggregating transcript-level salmon abundance estimates to the gene level.  It is more versatile, exposes more features, and allows considering multi-sample information during aggregation.
[2021-05-20 19:22:29.182] [jointLog] [warning] couldn't find transcript named [DQ459430] in transcript <-> gene map; returning transcript as it's own gene
[2021-05-20 19:22:29.182] [jointLog] [warning] couldn't find transcript named [DQ516784] in transcript <-> gene map; returning transcript as it's own gene
[2021-05-20 19:22:29.182] [jointLog] [warning] couldn't find transcript named [DQ516752] in transcript <-> gene map; returning transcript as it's own gene
[2021-05-20 19:22:29.182] [jointLog] [warning] couldn't find transcript named [DQ668364] in transcript <-> gene map; returning transcript as it's own gene
[2021-05-20 19:22:29.182] [jointLog] [warning] couldn't find transcript named [DQ883670] in transcript <-> gene map; returning transcript as it's own gene
[2021-05-20 19:22:29.182] [jointLog] [warning] couldn't find transcript named [EF011062] in transcript <-> gene map; returning transcript as it's own gene
[2021-05-20 19:22:29.182] [jointLog] [warning] couldn't find transcript named [DQ875385] in transcript <-> gene map; returning transcript as it's own gene
[2021-05-20 19:22:29.182] [jointLog] [warning] couldn't find transcript named [DQ883664] in transcript <-> gene map; returning transcript as it's own gene
[2021-05-20 19:22:29.182] [jointLog] [warning] couldn't find transcript named [DQ459420] in transcript <-> gene map; returning transcript as it's own gene
[2021-05-20 19:22:29.182] [jointLog] [warning] couldn't find transcript named [DQ883651] in transcript <-> gene map; returning transcript as it's own gene
[2021-05-20 19:22:29.182] [jointLog] [warning] couldn't find transcript named [DQ855004] in transcript <-> gene map; returning transcript as it's own gene
[2021-05-20 19:22:29.182] [jointLog] [warning] couldn't find transcript named [DQ854993] in transcript <-> gene map; returning transcript as it's own gene
[2021-05-20 19:22:29.182] [jointLog] [warning] couldn't find transcript named [DQ883689] in transcript <-> gene map; returning transcript as it's own gene
[2021-05-20 19:22:29.182] [jointLog] [warning] couldn't find transcript named [DQ459419] in transcript <-> gene map; returning transcript as it's own gene
[2021-05-20 19:22:29.182] [jointLog] [warning] couldn't find transcript named [DQ459431] in transcript <-> gene map; returning transcript as it's own gene
[2021-05-20 19:22:29.182] [jointLog] [warning] couldn't find transcript named [DQ516796] in transcript <-> gene map; returning transcript as it's own gene
[2021-05-20 19:22:29.182] [jointLog] [warning] couldn't find transcript named [DQ855001] in transcript <-> gene map; returning transcript as it's own gene
[2021-05-20 19:22:29.182] [jointLog] [warning] couldn't find transcript named [DQ459413] in transcript <-> gene map; returning transcript as it's own gene
[2021-05-20 19:22:29.182] [jointLog] [warning] couldn't find transcript named [DQ883656] in transcript <-> gene map; returning transcript as it's own gene
[2021-05-20 19:22:29.182] [jointLog] [warning] couldn't find transcript named [DQ883661] in transcript <-> gene map; returning transcript as it's own gene
[2021-05-20 19:22:29.182] [jointLog] [warning] couldn't find transcript named [EF011069] in transcript <-> gene map; returning transcript as it's own gene
[2021-05-20 19:22:29.182] [jointLog] [warning] couldn't find transcript named [DQ516783] in transcript <-> gene map; returning transcript as it's own gene
[2021-05-20 19:22:29.182] [jointLog] [warning] couldn't find transcript named [DQ516787] in transcript <-> gene map; returning transcript as it's own gene
[2021-05-20 19:22:29.182] [jointLog] [warning] couldn't find transcript named [DQ459424] in transcript <-> gene map; returning transcript as it's own gene
[2021-05-20 19:22:29.182] [jointLog] [warning] couldn't find transcript named [DQ516748] in transcript <-> gene map; returning transcript as it's own gene
[2021-05-20 19:22:29.182] [jointLog] [warning] couldn't find transcript named [DQ883671] in transcript <-> gene map; returning transcript as it's own gene
[2021-05-20 19:22:29.182] [jointLog] [warning] couldn't find transcript named [DQ516740] in transcript <-> gene map; returning transcript as it's own gene
[2021-05-20 19:22:29.182] [jointLog] [warning] couldn't find transcript named [DQ516785] in transcript <-> gene map; returning transcript as it's own gene
[2021-05-20 19:22:29.182] [jointLog] [warning] couldn't find transcript named [DQ516731] in transcript <-> gene map; returning transcript as it's own gene
[2021-05-20 19:22:29.182] [jointLog] [warning] couldn't find transcript named [DQ668366] in transcript <-> gene map; returning transcript as it's own gene
[2021-05-20 19:22:29.182] [jointLog] [warning] couldn't find transcript named [DQ459418] in transcript <-> gene map; returning transcript as it's own gene
[2021-05-20 19:22:29.182] [jointLog] [warning] couldn't find transcript named [DQ668356] in transcript <-> gene map; returning transcript as it's own gene
[2021-05-20 19:22:29.182] [jointLog] [warning] couldn't find transcript named [DQ516763] in transcript <-> gene map; returning transcript as it's own gene
[2021-05-20 19:22:29.182] [jointLog] [warning] couldn't find transcript named [DQ459426] in transcript <-> gene map; returning transcript as it's own gene
[2021-05-20 19:22:29.182] [jointLog] [warning] couldn't find transcript named [DQ516786] in transcript <-> gene map; returning transcript as it's own gene
[2021-05-20 19:22:29.182] [jointLog] [warning] couldn't find transcript named [DQ883653] in transcript <-> gene map; returning transcript as it's own gene
[2021-05-20 19:22:29.182] [jointLog] [warning] couldn't find transcript named [DQ459421] in transcript <-> gene map; returning transcript as it's own gene
[2021-05-20 19:22:29.182] [jointLog] [warning] couldn't find transcript named [DQ883654] in transcript <-> gene map; returning transcript as it's own gene
[2021-05-20 19:22:29.182] [jointLog] [warning] couldn't find transcript named [DQ668358] in transcript <-> gene map; returning transcript as it's own gene
[2021-05-20 19:22:29.182] [jointLog] [warning] couldn't find transcript named [DQ516754] in transcript <-> gene map; returning transcript as it's own gene
[2021-05-20 19:22:29.182] [jointLog] [warning] couldn't find transcript named [DQ516778] in transcript <-> gene map; returning transcript as it's own gene
[2021-05-20 19:22:29.182] [jointLog] [warning] couldn't find transcript named [DQ883650] in transcript <-> gene map; returning transcript as it's own gene
[2021-05-20 19:22:29.182] [jointLog] [warning] couldn't find transcript named [DQ516742] in transcript <-> gene map; returning transcript as it's own gene
[2021-05-20 19:22:29.182] [jointLog] [warning] couldn't find transcript named [DQ883673] in transcript <-> gene map; returning transcript as it's own gene
[2021-05-20 19:22:29.182] [jointLog] [warning] couldn't find transcript named [DQ883652] in transcript <-> gene map; returning transcript as it's own gene
[2021-05-20 19:22:29.182] [jointLog] [warning] couldn't find transcript named [DQ854991] in transcript <-> gene map; returning transcript as it's own gene
[2021-05-20 19:22:29.182] [jointLog] [warning] couldn't find transcript named [DQ516780] in transcript <-> gene map; returning transcript as it's own gene
[2021-05-20 19:22:29.182] [jointLog] [warning] couldn't find transcript named [DQ883682] in transcript <-> gene map; returning transcript as it's own gene
[2021-05-20 19:22:29.182] [jointLog] [warning] couldn't find transcript named [DQ883669] in transcript <-> gene map; returning transcript as it's own gene
[2021-05-20 19:22:29.182] [jointLog] [warning] couldn't find transcript named [DQ516791] in transcript <-> gene map; returning transcript as it's own gene
[2021-05-20 19:22:29.182] [jointLog] [warning] couldn't find transcript named [DQ459425] in transcript <-> gene map; returning transcript as it's own gene
[2021-05-20 19:22:29.182] [jointLog] [warning] couldn't find transcript named [DQ516759] in transcript <-> gene map; returning transcript as it's own gene
[2021-05-20 19:22:29.182] [jointLog] [warning] couldn't find transcript named [DQ459429] in transcript <-> gene map; returning transcript as it's own gene
[2021-05-20 19:22:29.182] [jointLog] [warning] couldn't find transcript named [DQ516758] in transcript <-> gene map; returning transcript as it's own gene
[2021-05-20 19:22:29.182] [jointLog] [warning] couldn't find transcript named [DQ459415] in transcript <-> gene map; returning transcript as it's own gene
[2021-05-20 19:22:29.182] [jointLog] [warning] couldn't find transcript named [DQ875387] in transcript <-> gene map; returning transcript as it's own gene
[2021-05-20 19:22:29.182] [jointLog] [warning] couldn't find transcript named [DQ516815] in transcript <-> gene map; returning transcript as it's own gene
[2021-05-20 19:22:29.182] [jointLog] [warning] couldn't find transcript named [DQ668365] in transcript <-> gene map; returning transcript as it's own gene
[2021-05-20 19:22:29.182] [jointLog] [warning] couldn't find transcript named [DQ854998] in transcript <-> gene map; returning transcript as it's own gene
[2021-05-20 19:22:29.182] [jointLog] [warning] couldn't find transcript named [DQ883685] in transcript <-> gene map; returning transcript as it's own gene
[2021-05-20 19:22:29.182] [jointLog] [warning] couldn't find transcript named [DQ459422] in transcript <-> gene map; returning transcript as it's own gene
[2021-05-20 19:22:29.182] [jointLog] [warning] couldn't find transcript named [DQ883663] in transcript <-> gene map; returning transcript as it's own gene
[2021-05-20 19:22:29.182] [jointLog] [warning] couldn't find transcript named [DQ668367] in transcript <-> gene map; returning transcript as it's own gene
[2021-05-20 19:22:29.182] [jointLog] [warning] couldn't find transcript named [DQ459412] in transcript <-> gene map; returning transcript as it's own gene
[2021-05-20 19:22:29.182] [jointLog] [warning] couldn't find transcript named [DQ854992] in transcript <-> gene map; returning transcript as it's own gene
[2021-05-20 19:22:29.182] [jointLog] [warning] couldn't find transcript named [DQ516782] in transcript <-> gene map; returning transcript as it's own gene
[2021-05-20 19:22:29.182] [jointLog] [warning] couldn't find transcript named [DQ459427] in transcript <-> gene map; returning transcript as it's own gene
[2021-05-20 19:22:29.182] [jointLog] [warning] couldn't find transcript named [EF011072] in transcript <-> gene map; returning transcript as it's own gene
[2021-05-20 19:22:29.182] [jointLog] [warning] couldn't find transcript named [DQ855003] in transcript <-> gene map; returning transcript as it's own gene
[2021-05-20 19:22:29.182] [jointLog] [warning] couldn't find transcript named [DQ516739] in transcript <-> gene map; returning transcript as it's own gene
[2021-05-20 19:22:29.182] [jointLog] [warning] couldn't find transcript named [EF011063] in transcript <-> gene map; returning transcript as it's own gene
[2021-05-20 19:22:29.182] [jointLog] [warning] couldn't find transcript named [DQ855000] in transcript <-> gene map; returning transcript as it's own gene
[2021-05-20 19:22:29.182] [jointLog] [warning] couldn't find transcript named [DQ516777] in transcript <-> gene map; returning transcript as it's own gene
[2021-05-20 19:22:29.182] [jointLog] [warning] couldn't find transcript named [DQ883646] in transcript <-> gene map; returning transcript as it's own gene
[2021-05-20 19:22:29.182] [jointLog] [warning] couldn't find transcript named [DQ668362] in transcript <-> gene map; returning transcript as it's own gene
[2021-05-20 19:22:29.182] [jointLog] [warning] couldn't find transcript named [DQ854995] in transcript <-> gene map; returning transcript as it's own gene
[2021-05-20 19:22:29.182] [jointLog] [warning] couldn't find transcript named [DQ875386] in transcript <-> gene map; returning transcript as it's own gene
[2021-05-20 19:22:29.182] [jointLog] [warning] couldn't find transcript named [DQ516790] in transcript <-> gene map; returning transcript as it's own gene
[2021-05-20 19:22:29.182] [jointLog] [warning] couldn't find transcript named [DQ883642] in transcript <-> gene map; returning transcript as it's own gene
[2021-05-20 19:22:29.182] [jointLog] [warning] couldn't find transcript named [DQ883659] in transcript <-> gene map; returning transcript as it's own gene
[2021-05-20 19:22:29.182] [jointLog] [warning] couldn't find transcript named [DQ854997] in transcript <-> gene map; returning transcript as it's own gene
[2021-05-20 19:22:29.182] [jointLog] [warning] couldn't find transcript named [DQ883643] in transcript <-> gene map; returning transcript as it's own gene
[2021-05-20 19:22:29.182] [jointLog] [warning] couldn't find transcript named [DQ839618] in transcript <-> gene map; returning transcript as it's own gene
[2021-05-20 19:22:29.182] [jointLog] [warning] couldn't find transcript named [DQ516795] in transcript <-> gene map; returning transcript as it's own gene
[2021-05-20 19:22:29.182] [jointLog] [warning] couldn't find transcript named [DQ883658] in transcript <-> gene map; returning transcript as it's own gene
[2021-05-20 19:22:29.182] [jointLog] [warning] couldn't find transcript named [DQ516750] in transcript <-> gene map; returning transcript as it's own gene
[2021-05-20 19:22:29.182] [jointLog] [warning] couldn't find transcript named [DQ668359] in transcript <-> gene map; returning transcript as it's own gene
[2021-05-20 19:22:29.182] [jointLog] [warning] couldn't find transcript named [DQ516779] in transcript <-> gene map; returning transcript as it's own gene
[2021-05-20 19:22:29.182] [jointLog] [warning] couldn't find transcript named [DQ668363] in transcript <-> gene map; returning transcript as it's own gene
[2021-05-20 19:22:29.182] [jointLog] [warning] couldn't find transcript named [DQ516776] in transcript <-> gene map; returning transcript as it's own gene
[2021-05-20 19:22:29.182] [jointLog] [warning] couldn't find transcript named [DQ516773] in transcript <-> gene map; returning transcript as it's own gene
[2021-05-20 19:22:29.182] [jointLog] [warning] couldn't find transcript named [DQ854994] in transcript <-> gene map; returning transcript as it's own gene
[2021-05-20 19:22:29.183] [jointLog] [info] Aggregating expressions to gene level
[2021-05-20 19:22:29.363] [jointLog] [info] done
