[2021-04-27 20:53:42.409] [jointLog] [info] setting maxHashResizeThreads to 6
[2021-04-27 20:53:42.409] [jointLog] [info] Fragment incompatibility prior below threshold.  Incompatible fragments will be ignored.
[2021-04-27 20:53:42.411] [jointLog] [info] numQuantThreads = 3
[2021-04-27 20:53:45.454] [jointLog] [info] replaced 4 non-ACGT nucleotides with random nucleotides
[2021-04-27 20:53:45.723] [fileLog] [info] quantification processed 0 fragments so far

[2021-04-27 20:53:48.654] [fileLog] [info] quantification processed 1000000 fragments so far

[2021-04-27 20:53:51.714] [fileLog] [info] quantification processed 2000000 fragments so far

[2021-04-27 20:53:53.222] [jointLog] [info] 

The alignment group queue pool has been exhausted.  2925160 extra fragments were allocated on the heap to saturate the pool.  No new fragments will be allocated


[2021-04-27 20:54:00.292] [fileLog] [info] quantification processed 3000000 fragments so far

[2021-04-27 20:54:14.647] [fileLog] [info] quantification processed 4000000 fragments so far

[2021-04-27 20:54:28.850] [fileLog] [info] quantification processed 5000000 fragments so far

[2021-04-27 20:54:42.964] [fileLog] [info] quantification processed 6000000 fragments so far

[2021-04-27 20:54:57.129] [fileLog] [info] quantification processed 7000000 fragments so far

[2021-04-27 20:55:00.140] [fileLog] [info] quantification processed 8000000 fragments so far

[2021-04-27 20:55:03.066] [fileLog] [info] quantification processed 9000000 fragments so far

[2021-04-27 20:55:06.001] [fileLog] [info] quantification processed 10000000 fragments so far

[2021-04-27 20:55:08.912] [fileLog] [info] quantification processed 11000000 fragments so far

[2021-04-27 20:55:11.865] [fileLog] [info] quantification processed 12000000 fragments so far

[2021-04-27 20:55:14.776] [fileLog] [info] quantification processed 13000000 fragments so far

[2021-04-27 20:55:17.694] [fileLog] [info] quantification processed 14000000 fragments so far

[2021-04-27 20:55:20.734] [fileLog] [info] quantification processed 15000000 fragments so far

[2021-04-27 20:55:23.665] [fileLog] [info] quantification processed 16000000 fragments so far

[2021-04-27 20:55:26.633] [fileLog] [info] quantification processed 17000000 fragments so far

[2021-04-27 20:55:29.579] [fileLog] [info] quantification processed 18000000 fragments so far

[2021-04-27 20:55:32.546] [fileLog] [info] quantification processed 19000000 fragments so far

[2021-04-27 20:55:35.432] [fileLog] [info] quantification processed 20000000 fragments so far

[2021-04-27 20:55:38.370] [fileLog] [info] quantification processed 21000000 fragments so far

[2021-04-27 20:55:41.348] [fileLog] [info] quantification processed 22000000 fragments so far

[2021-04-27 20:55:44.309] [fileLog] [info] quantification processed 23000000 fragments so far

[2021-04-27 20:55:47.277] [fileLog] [info] quantification processed 24000000 fragments so far

[2021-04-27 20:55:50.234] [fileLog] [info] quantification processed 25000000 fragments so far

[2021-04-27 20:55:53.144] [fileLog] [info] quantification processed 26000000 fragments so far

[2021-04-27 20:55:56.095] [fileLog] [info] quantification processed 27000000 fragments so far

[2021-04-27 20:55:59.089] [fileLog] [info] quantification processed 28000000 fragments so far

[2021-04-27 20:56:02.036] [fileLog] [info] quantification processed 29000000 fragments so far

[2021-04-27 20:56:04.987] [fileLog] [info] quantification processed 30000000 fragments so far

[2021-04-27 20:56:07.970] [fileLog] [info] quantification processed 31000000 fragments so far

[2021-04-27 20:56:10.933] [fileLog] [info] quantification processed 32000000 fragments so far

[2021-04-27 20:56:13.926] [fileLog] [info] quantification processed 33000000 fragments so far

[2021-04-27 20:56:16.866] [fileLog] [info] quantification processed 34000000 fragments so far

[2021-04-27 20:56:19.846] [fileLog] [info] quantification processed 35000000 fragments so far

[2021-04-27 20:56:22.806] [fileLog] [info] quantification processed 36000000 fragments so far

[2021-04-27 20:56:25.774] [fileLog] [info] quantification processed 37000000 fragments so far

[2021-04-27 20:56:28.722] [fileLog] [info] quantification processed 38000000 fragments so far

[2021-04-27 20:56:31.647] [fileLog] [info] quantification processed 39000000 fragments so far

[2021-04-27 20:56:34.625] [fileLog] [info] quantification processed 40000000 fragments so far

[2021-04-27 20:56:37.567] [fileLog] [info] quantification processed 41000000 fragments so far

[2021-04-27 20:56:40.543] [fileLog] [info] quantification processed 42000000 fragments so far

[2021-04-27 20:56:43.531] [fileLog] [info] quantification processed 43000000 fragments so far

[2021-04-27 20:56:43.733] [fileLog] [info] quantification processed 43037459 fragments so far

[2021-04-27 20:56:49.381] [jointLog] [info] Thread saw mini-batch with a maximum of 2.50% zero probability fragments
[2021-04-27 20:56:49.382] [jointLog] [info] Thread saw mini-batch with a maximum of 2.50% zero probability fragments
[2021-04-27 20:56:49.385] [jointLog] [info] Thread saw mini-batch with a maximum of 3.00% zero probability fragments
[2021-04-27 20:56:49.386] [jointLog] [info] 


Completed first pass through the alignment file.
Total # of mapped reads : 43037459
# of uniquely mapped reads : 17072431
# ambiguously mapped reads : 25965028



[2021-04-27 20:56:49.525] [jointLog] [info] Computed 242022 rich equivalence classes for further processing
[2021-04-27 20:56:49.525] [jointLog] [info] Counted 42849384 total reads in the equivalence classes 
[2021-04-27 20:56:49.527] [jointLog] [info] starting optimizer
[2021-04-27 20:56:49.625] [jointLog] [info] Marked 0 weighted equivalence classes as degenerate
[2021-04-27 20:56:49.644] [jointLog] [info] iteration = 0 | max rel diff. = 4244.15
[2021-04-27 20:56:51.151] [jointLog] [info] iteration = 100 | max rel diff. = 10.0538
[2021-04-27 20:56:52.641] [jointLog] [info] iteration = 200 | max rel diff. = 2.3972
[2021-04-27 20:56:54.116] [jointLog] [info] iteration = 300 | max rel diff. = 0.336894
[2021-04-27 20:56:55.602] [jointLog] [info] iteration = 400 | max rel diff. = 1.41845
[2021-04-27 20:56:57.099] [jointLog] [info] iteration = 500 | max rel diff. = 0.183364
[2021-04-27 20:56:58.594] [jointLog] [info] iteration = 600 | max rel diff. = 0.927924
[2021-04-27 20:57:00.095] [jointLog] [info] iteration = 700 | max rel diff. = 0.105295
[2021-04-27 20:57:01.584] [jointLog] [info] iteration = 800 | max rel diff. = 0.591855
[2021-04-27 20:57:03.066] [jointLog] [info] iteration = 900 | max rel diff. = 0.317547
[2021-04-27 20:57:04.555] [jointLog] [info] iteration = 1000 | max rel diff. = 0.0993355
[2021-04-27 20:57:06.054] [jointLog] [info] iteration = 1100 | max rel diff. = 0.160138
[2021-04-27 20:57:07.542] [jointLog] [info] iteration = 1200 | max rel diff. = 0.0175881
[2021-04-27 20:57:09.021] [jointLog] [info] iteration = 1300 | max rel diff. = 0.0165131
[2021-04-27 20:57:10.515] [jointLog] [info] iteration = 1400 | max rel diff. = 0.112495
[2021-04-27 20:57:12.015] [jointLog] [info] iteration = 1500 | max rel diff. = 0.445068
[2021-04-27 20:57:13.488] [jointLog] [info] iteration = 1600 | max rel diff. = 5.61259
[2021-04-27 20:57:14.419] [jointLog] [info] iteration = 1663 | max rel diff. = 0.00713614
[2021-04-27 20:57:14.450] [jointLog] [info] finished optimizer
[2021-04-27 20:57:14.450] [jointLog] [info] writing output
[2021-04-27 20:57:16.151] [jointLog] [info] Computing gene-level abundance estimates
[2021-04-27 20:57:44.773] [jointLog] [warning] Feature has no GFF ID
[2021-04-27 20:57:44.773] [jointLog] [warning] Feature has no GFF ID
[2021-04-27 20:57:44.773] [jointLog] [warning] Feature has no GFF ID
[2021-04-27 20:57:44.773] [jointLog] [warning] Feature has no GFF ID
[2021-04-27 20:57:44.773] [jointLog] [warning] Feature has no GFF ID
[2021-04-27 20:57:44.773] [jointLog] [warning] Feature has no GFF ID
[2021-04-27 20:57:44.773] [jointLog] [warning] Feature has no GFF ID
[2021-04-27 20:57:44.773] [jointLog] [warning] Feature has no GFF ID
[2021-04-27 20:57:44.773] [jointLog] [warning] Feature has no GFF ID
[2021-04-27 20:57:44.773] [jointLog] [warning] Feature has no GFF ID
[2021-04-27 20:57:44.773] [jointLog] [warning] Feature has no GFF ID
[2021-04-27 20:57:44.773] [jointLog] [warning] Feature has no GFF ID
[2021-04-27 20:57:44.773] [jointLog] [warning] Feature has no GFF ID
[2021-04-27 20:57:44.773] [jointLog] [warning] Feature has no GFF ID
[2021-04-27 20:57:44.773] [jointLog] [warning] Feature has no GFF ID
[2021-04-27 20:57:44.773] [jointLog] [warning] Feature has no GFF ID
[2021-04-27 20:57:44.773] [jointLog] [warning] Feature has no GFF ID
[2021-04-27 20:57:44.773] [jointLog] [warning] Feature has no GFF ID
[2021-04-27 20:57:44.773] [jointLog] [warning] Feature has no GFF ID
[2021-04-27 20:57:44.773] [jointLog] [warning] Feature has no GFF ID
[2021-04-27 20:57:44.773] [jointLog] [warning] Feature has no GFF ID
[2021-04-27 20:57:44.773] [jointLog] [warning] Feature has no GFF ID
[2021-04-27 20:57:44.773] [jointLog] [warning] Feature has no GFF ID
[2021-04-27 20:57:44.773] [jointLog] [warning] Feature has no GFF ID
[2021-04-27 20:57:44.773] [jointLog] [warning] Feature has no GFF ID
[2021-04-27 20:57:44.773] [jointLog] [warning] Feature has no GFF ID
[2021-04-27 20:57:44.773] [jointLog] [warning] Feature has no GFF ID
[2021-04-27 20:57:44.773] [jointLog] [warning] Feature has no GFF ID
[2021-04-27 20:57:44.773] [jointLog] [warning] Feature has no GFF ID
[2021-04-27 20:57:44.773] [jointLog] [warning] Feature has no GFF ID
[2021-04-27 20:57:44.773] [jointLog] [warning] Feature has no GFF ID
[2021-04-27 20:57:44.773] [jointLog] [warning] Feature has no GFF ID
[2021-04-27 20:57:44.773] [jointLog] [warning] Feature has no GFF ID
[2021-04-27 20:57:44.773] [jointLog] [warning] Feature has no GFF ID
[2021-04-27 20:57:44.773] [jointLog] [warning] Feature has no GFF ID
[2021-04-27 20:57:44.773] [jointLog] [warning] Feature has no GFF ID
[2021-04-27 20:57:44.773] [jointLog] [warning] Feature has no GFF ID
[2021-04-27 20:57:44.773] [jointLog] [warning] Feature has no GFF ID
[2021-04-27 20:57:44.773] [jointLog] [warning] Feature has no GFF ID
[2021-04-27 20:57:44.773] [jointLog] [warning] Feature has no GFF ID
[2021-04-27 20:57:44.773] [jointLog] [warning] Feature has no GFF ID
[2021-04-27 20:57:44.773] [jointLog] [warning] Feature has no GFF ID
[2021-04-27 20:57:44.773] [jointLog] [warning] Feature has no GFF ID
[2021-04-27 20:57:44.773] [jointLog] [warning] Feature has no GFF ID
[2021-04-27 20:57:44.773] [jointLog] [warning] Feature has no GFF ID
[2021-04-27 20:57:44.773] [jointLog] [warning] Feature has no GFF ID
[2021-04-27 20:57:44.773] [jointLog] [warning] Feature has no GFF ID
[2021-04-27 20:57:44.773] [jointLog] [warning] Feature has no GFF ID
[2021-04-27 20:57:44.773] [jointLog] [warning] Feature has no GFF ID
[2021-04-27 20:57:44.773] [jointLog] [warning] Feature has no GFF ID
[2021-04-27 20:57:44.773] [jointLog] [warning] Feature has no GFF ID
[2021-04-27 20:57:44.773] [jointLog] [warning] Feature has no GFF ID
[2021-04-27 20:57:44.773] [jointLog] [warning] Feature has no GFF ID
[2021-04-27 20:57:44.773] [jointLog] [warning] Feature has no GFF ID
[2021-04-27 20:57:44.773] [jointLog] [warning] Feature has no GFF ID
[2021-04-27 20:57:44.773] [jointLog] [warning] Feature has no GFF ID
[2021-04-27 20:57:44.773] [jointLog] [warning] Feature has no GFF ID
[2021-04-27 20:57:44.773] [jointLog] [warning] Feature has no GFF ID
[2021-04-27 20:57:44.773] [jointLog] [warning] Feature has no GFF ID
[2021-04-27 20:57:44.773] [jointLog] [warning] Feature has no GFF ID
[2021-04-27 20:57:44.773] [jointLog] [warning] Feature has no GFF ID
[2021-04-27 20:57:44.773] [jointLog] [warning] Feature has no GFF ID
[2021-04-27 20:57:44.773] [jointLog] [warning] Feature has no GFF ID
[2021-04-27 20:57:44.773] [jointLog] [warning] Feature has no GFF ID
[2021-04-27 20:57:44.773] [jointLog] [warning] Feature has no GFF ID
[2021-04-27 20:57:44.773] [jointLog] [warning] Feature has no GFF ID
[2021-04-27 20:57:44.773] [jointLog] [warning] Feature has no GFF ID
[2021-04-27 20:57:44.773] [jointLog] [warning] Feature has no GFF ID
[2021-04-27 20:57:44.773] [jointLog] [warning] Feature has no GFF ID
[2021-04-27 20:57:44.773] [jointLog] [warning] Feature has no GFF ID
[2021-04-27 20:57:44.773] [jointLog] [warning] Feature has no GFF ID
[2021-04-27 20:57:44.773] [jointLog] [warning] Feature has no GFF ID
[2021-04-27 20:57:44.773] [jointLog] [warning] Feature has no GFF ID
[2021-04-27 20:57:44.773] [jointLog] [warning] Feature has no GFF ID
[2021-04-27 20:57:44.773] [jointLog] [warning] Feature has no GFF ID
[2021-04-27 20:57:44.773] [jointLog] [warning] Feature has no GFF ID
[2021-04-27 20:57:44.773] [jointLog] [warning] Feature has no GFF ID
[2021-04-27 20:57:44.773] [jointLog] [warning] Feature has no GFF ID
[2021-04-27 20:57:44.773] [jointLog] [warning] Feature has no GFF ID
[2021-04-27 20:57:44.773] [jointLog] [warning] Feature has no GFF ID
[2021-04-27 20:57:44.773] [jointLog] [warning] Feature has no GFF ID
[2021-04-27 20:57:44.773] [jointLog] [warning] Feature has no GFF ID
[2021-04-27 20:57:44.773] [jointLog] [warning] Feature has no GFF ID
[2021-04-27 20:57:44.773] [jointLog] [warning] Feature has no GFF ID
[2021-04-27 20:57:44.773] [jointLog] [warning] Feature has no GFF ID
[2021-04-27 20:57:44.773] [jointLog] [warning] Feature has no GFF ID
[2021-04-27 20:57:44.773] [jointLog] [warning] Feature has no GFF ID
[2021-04-27 20:57:44.773] [jointLog] [warning] Feature has no GFF ID
[2021-04-27 20:57:44.773] [jointLog] [warning] Feature has no GFF ID
[2021-04-27 20:57:44.773] [jointLog] [warning] Feature has no GFF ID
[2021-04-27 20:57:44.773] [jointLog] [warning] Feature has no GFF ID
[2021-04-27 20:57:44.773] [jointLog] [warning] Feature has no GFF ID
[2021-04-27 20:57:45.075] [jointLog] [info] There were 142604 transcripts mapping to 55401 genes
[2021-04-27 20:57:45.075] [jointLog] [info] NOTE: We recommend using tximport (https://bioconductor.org/packages/release/bioc/html/tximport.html) for aggregating transcript-level salmon abundance estimates to the gene level.  It is more versatile, exposes more features, and allows considering multi-sample information during aggregation.
[2021-04-27 20:57:45.344] [jointLog] [warning] couldn't find transcript named [DQ459430] in transcript <-> gene map; returning transcript as it's own gene
[2021-04-27 20:57:45.344] [jointLog] [warning] couldn't find transcript named [DQ516784] in transcript <-> gene map; returning transcript as it's own gene
[2021-04-27 20:57:45.344] [jointLog] [warning] couldn't find transcript named [DQ516752] in transcript <-> gene map; returning transcript as it's own gene
[2021-04-27 20:57:45.344] [jointLog] [warning] couldn't find transcript named [DQ668364] in transcript <-> gene map; returning transcript as it's own gene
[2021-04-27 20:57:45.344] [jointLog] [warning] couldn't find transcript named [DQ883670] in transcript <-> gene map; returning transcript as it's own gene
[2021-04-27 20:57:45.344] [jointLog] [warning] couldn't find transcript named [EF011062] in transcript <-> gene map; returning transcript as it's own gene
[2021-04-27 20:57:45.344] [jointLog] [warning] couldn't find transcript named [DQ875385] in transcript <-> gene map; returning transcript as it's own gene
[2021-04-27 20:57:45.344] [jointLog] [warning] couldn't find transcript named [DQ883664] in transcript <-> gene map; returning transcript as it's own gene
[2021-04-27 20:57:45.344] [jointLog] [warning] couldn't find transcript named [DQ459420] in transcript <-> gene map; returning transcript as it's own gene
[2021-04-27 20:57:45.344] [jointLog] [warning] couldn't find transcript named [DQ883651] in transcript <-> gene map; returning transcript as it's own gene
[2021-04-27 20:57:45.344] [jointLog] [warning] couldn't find transcript named [DQ855004] in transcript <-> gene map; returning transcript as it's own gene
[2021-04-27 20:57:45.344] [jointLog] [warning] couldn't find transcript named [DQ854993] in transcript <-> gene map; returning transcript as it's own gene
[2021-04-27 20:57:45.344] [jointLog] [warning] couldn't find transcript named [DQ883689] in transcript <-> gene map; returning transcript as it's own gene
[2021-04-27 20:57:45.344] [jointLog] [warning] couldn't find transcript named [DQ459419] in transcript <-> gene map; returning transcript as it's own gene
[2021-04-27 20:57:45.344] [jointLog] [warning] couldn't find transcript named [DQ459431] in transcript <-> gene map; returning transcript as it's own gene
[2021-04-27 20:57:45.344] [jointLog] [warning] couldn't find transcript named [DQ516796] in transcript <-> gene map; returning transcript as it's own gene
[2021-04-27 20:57:45.344] [jointLog] [warning] couldn't find transcript named [DQ855001] in transcript <-> gene map; returning transcript as it's own gene
[2021-04-27 20:57:45.344] [jointLog] [warning] couldn't find transcript named [DQ459413] in transcript <-> gene map; returning transcript as it's own gene
[2021-04-27 20:57:45.344] [jointLog] [warning] couldn't find transcript named [DQ883656] in transcript <-> gene map; returning transcript as it's own gene
[2021-04-27 20:57:45.344] [jointLog] [warning] couldn't find transcript named [DQ883661] in transcript <-> gene map; returning transcript as it's own gene
[2021-04-27 20:57:45.344] [jointLog] [warning] couldn't find transcript named [EF011069] in transcript <-> gene map; returning transcript as it's own gene
[2021-04-27 20:57:45.344] [jointLog] [warning] couldn't find transcript named [DQ516783] in transcript <-> gene map; returning transcript as it's own gene
[2021-04-27 20:57:45.344] [jointLog] [warning] couldn't find transcript named [DQ516787] in transcript <-> gene map; returning transcript as it's own gene
[2021-04-27 20:57:45.344] [jointLog] [warning] couldn't find transcript named [DQ459424] in transcript <-> gene map; returning transcript as it's own gene
[2021-04-27 20:57:45.344] [jointLog] [warning] couldn't find transcript named [DQ516748] in transcript <-> gene map; returning transcript as it's own gene
[2021-04-27 20:57:45.344] [jointLog] [warning] couldn't find transcript named [DQ883671] in transcript <-> gene map; returning transcript as it's own gene
[2021-04-27 20:57:45.344] [jointLog] [warning] couldn't find transcript named [DQ516740] in transcript <-> gene map; returning transcript as it's own gene
[2021-04-27 20:57:45.344] [jointLog] [warning] couldn't find transcript named [DQ516785] in transcript <-> gene map; returning transcript as it's own gene
[2021-04-27 20:57:45.344] [jointLog] [warning] couldn't find transcript named [DQ516731] in transcript <-> gene map; returning transcript as it's own gene
[2021-04-27 20:57:45.344] [jointLog] [warning] couldn't find transcript named [DQ668366] in transcript <-> gene map; returning transcript as it's own gene
[2021-04-27 20:57:45.344] [jointLog] [warning] couldn't find transcript named [DQ459418] in transcript <-> gene map; returning transcript as it's own gene
[2021-04-27 20:57:45.344] [jointLog] [warning] couldn't find transcript named [DQ668356] in transcript <-> gene map; returning transcript as it's own gene
[2021-04-27 20:57:45.344] [jointLog] [warning] couldn't find transcript named [DQ516763] in transcript <-> gene map; returning transcript as it's own gene
[2021-04-27 20:57:45.344] [jointLog] [warning] couldn't find transcript named [DQ459426] in transcript <-> gene map; returning transcript as it's own gene
[2021-04-27 20:57:45.344] [jointLog] [warning] couldn't find transcript named [DQ516786] in transcript <-> gene map; returning transcript as it's own gene
[2021-04-27 20:57:45.344] [jointLog] [warning] couldn't find transcript named [DQ883653] in transcript <-> gene map; returning transcript as it's own gene
[2021-04-27 20:57:45.344] [jointLog] [warning] couldn't find transcript named [DQ459421] in transcript <-> gene map; returning transcript as it's own gene
[2021-04-27 20:57:45.344] [jointLog] [warning] couldn't find transcript named [DQ883654] in transcript <-> gene map; returning transcript as it's own gene
[2021-04-27 20:57:45.344] [jointLog] [warning] couldn't find transcript named [DQ668358] in transcript <-> gene map; returning transcript as it's own gene
[2021-04-27 20:57:45.344] [jointLog] [warning] couldn't find transcript named [DQ516754] in transcript <-> gene map; returning transcript as it's own gene
[2021-04-27 20:57:45.344] [jointLog] [warning] couldn't find transcript named [DQ516778] in transcript <-> gene map; returning transcript as it's own gene
[2021-04-27 20:57:45.344] [jointLog] [warning] couldn't find transcript named [DQ883650] in transcript <-> gene map; returning transcript as it's own gene
[2021-04-27 20:57:45.344] [jointLog] [warning] couldn't find transcript named [DQ516742] in transcript <-> gene map; returning transcript as it's own gene
[2021-04-27 20:57:45.344] [jointLog] [warning] couldn't find transcript named [DQ883673] in transcript <-> gene map; returning transcript as it's own gene
[2021-04-27 20:57:45.344] [jointLog] [warning] couldn't find transcript named [DQ883652] in transcript <-> gene map; returning transcript as it's own gene
[2021-04-27 20:57:45.344] [jointLog] [warning] couldn't find transcript named [DQ854991] in transcript <-> gene map; returning transcript as it's own gene
[2021-04-27 20:57:45.344] [jointLog] [warning] couldn't find transcript named [DQ516780] in transcript <-> gene map; returning transcript as it's own gene
[2021-04-27 20:57:45.344] [jointLog] [warning] couldn't find transcript named [DQ883682] in transcript <-> gene map; returning transcript as it's own gene
[2021-04-27 20:57:45.344] [jointLog] [warning] couldn't find transcript named [DQ883669] in transcript <-> gene map; returning transcript as it's own gene
[2021-04-27 20:57:45.344] [jointLog] [warning] couldn't find transcript named [DQ516791] in transcript <-> gene map; returning transcript as it's own gene
[2021-04-27 20:57:45.344] [jointLog] [warning] couldn't find transcript named [DQ459425] in transcript <-> gene map; returning transcript as it's own gene
[2021-04-27 20:57:45.344] [jointLog] [warning] couldn't find transcript named [DQ516759] in transcript <-> gene map; returning transcript as it's own gene
[2021-04-27 20:57:45.344] [jointLog] [warning] couldn't find transcript named [DQ459429] in transcript <-> gene map; returning transcript as it's own gene
[2021-04-27 20:57:45.344] [jointLog] [warning] couldn't find transcript named [DQ516758] in transcript <-> gene map; returning transcript as it's own gene
[2021-04-27 20:57:45.344] [jointLog] [warning] couldn't find transcript named [DQ459415] in transcript <-> gene map; returning transcript as it's own gene
[2021-04-27 20:57:45.344] [jointLog] [warning] couldn't find transcript named [DQ875387] in transcript <-> gene map; returning transcript as it's own gene
[2021-04-27 20:57:45.344] [jointLog] [warning] couldn't find transcript named [DQ516815] in transcript <-> gene map; returning transcript as it's own gene
[2021-04-27 20:57:45.344] [jointLog] [warning] couldn't find transcript named [DQ668365] in transcript <-> gene map; returning transcript as it's own gene
[2021-04-27 20:57:45.344] [jointLog] [warning] couldn't find transcript named [DQ854998] in transcript <-> gene map; returning transcript as it's own gene
[2021-04-27 20:57:45.344] [jointLog] [warning] couldn't find transcript named [DQ883685] in transcript <-> gene map; returning transcript as it's own gene
[2021-04-27 20:57:45.344] [jointLog] [warning] couldn't find transcript named [DQ459422] in transcript <-> gene map; returning transcript as it's own gene
[2021-04-27 20:57:45.344] [jointLog] [warning] couldn't find transcript named [DQ883663] in transcript <-> gene map; returning transcript as it's own gene
[2021-04-27 20:57:45.344] [jointLog] [warning] couldn't find transcript named [DQ668367] in transcript <-> gene map; returning transcript as it's own gene
[2021-04-27 20:57:45.344] [jointLog] [warning] couldn't find transcript named [DQ459412] in transcript <-> gene map; returning transcript as it's own gene
[2021-04-27 20:57:45.344] [jointLog] [warning] couldn't find transcript named [DQ854992] in transcript <-> gene map; returning transcript as it's own gene
[2021-04-27 20:57:45.344] [jointLog] [warning] couldn't find transcript named [DQ516782] in transcript <-> gene map; returning transcript as it's own gene
[2021-04-27 20:57:45.344] [jointLog] [warning] couldn't find transcript named [DQ459427] in transcript <-> gene map; returning transcript as it's own gene
[2021-04-27 20:57:45.344] [jointLog] [warning] couldn't find transcript named [EF011072] in transcript <-> gene map; returning transcript as it's own gene
[2021-04-27 20:57:45.344] [jointLog] [warning] couldn't find transcript named [DQ855003] in transcript <-> gene map; returning transcript as it's own gene
[2021-04-27 20:57:45.344] [jointLog] [warning] couldn't find transcript named [DQ516739] in transcript <-> gene map; returning transcript as it's own gene
[2021-04-27 20:57:45.344] [jointLog] [warning] couldn't find transcript named [EF011063] in transcript <-> gene map; returning transcript as it's own gene
[2021-04-27 20:57:45.344] [jointLog] [warning] couldn't find transcript named [DQ855000] in transcript <-> gene map; returning transcript as it's own gene
[2021-04-27 20:57:45.344] [jointLog] [warning] couldn't find transcript named [DQ516777] in transcript <-> gene map; returning transcript as it's own gene
[2021-04-27 20:57:45.344] [jointLog] [warning] couldn't find transcript named [DQ883646] in transcript <-> gene map; returning transcript as it's own gene
[2021-04-27 20:57:45.344] [jointLog] [warning] couldn't find transcript named [DQ668362] in transcript <-> gene map; returning transcript as it's own gene
[2021-04-27 20:57:45.344] [jointLog] [warning] couldn't find transcript named [DQ854995] in transcript <-> gene map; returning transcript as it's own gene
[2021-04-27 20:57:45.344] [jointLog] [warning] couldn't find transcript named [DQ875386] in transcript <-> gene map; returning transcript as it's own gene
[2021-04-27 20:57:45.344] [jointLog] [warning] couldn't find transcript named [DQ516790] in transcript <-> gene map; returning transcript as it's own gene
[2021-04-27 20:57:45.344] [jointLog] [warning] couldn't find transcript named [DQ883642] in transcript <-> gene map; returning transcript as it's own gene
[2021-04-27 20:57:45.344] [jointLog] [warning] couldn't find transcript named [DQ883659] in transcript <-> gene map; returning transcript as it's own gene
[2021-04-27 20:57:45.344] [jointLog] [warning] couldn't find transcript named [DQ854997] in transcript <-> gene map; returning transcript as it's own gene
[2021-04-27 20:57:45.344] [jointLog] [warning] couldn't find transcript named [DQ883643] in transcript <-> gene map; returning transcript as it's own gene
[2021-04-27 20:57:45.344] [jointLog] [warning] couldn't find transcript named [DQ839618] in transcript <-> gene map; returning transcript as it's own gene
[2021-04-27 20:57:45.344] [jointLog] [warning] couldn't find transcript named [DQ516795] in transcript <-> gene map; returning transcript as it's own gene
[2021-04-27 20:57:45.344] [jointLog] [warning] couldn't find transcript named [DQ883658] in transcript <-> gene map; returning transcript as it's own gene
[2021-04-27 20:57:45.344] [jointLog] [warning] couldn't find transcript named [DQ516750] in transcript <-> gene map; returning transcript as it's own gene
[2021-04-27 20:57:45.344] [jointLog] [warning] couldn't find transcript named [DQ668359] in transcript <-> gene map; returning transcript as it's own gene
[2021-04-27 20:57:45.344] [jointLog] [warning] couldn't find transcript named [DQ516779] in transcript <-> gene map; returning transcript as it's own gene
[2021-04-27 20:57:45.344] [jointLog] [warning] couldn't find transcript named [DQ668363] in transcript <-> gene map; returning transcript as it's own gene
[2021-04-27 20:57:45.344] [jointLog] [warning] couldn't find transcript named [DQ516776] in transcript <-> gene map; returning transcript as it's own gene
[2021-04-27 20:57:45.344] [jointLog] [warning] couldn't find transcript named [DQ516773] in transcript <-> gene map; returning transcript as it's own gene
[2021-04-27 20:57:45.344] [jointLog] [warning] couldn't find transcript named [DQ854994] in transcript <-> gene map; returning transcript as it's own gene
[2021-04-27 20:57:45.345] [jointLog] [info] Aggregating expressions to gene level
[2021-04-27 20:57:45.560] [jointLog] [info] done
